Thu Oct 29 23:09:07 PDT 2020

==Playing with qlearning_player==
=====Round 1=====
Black:TA White:You
Thu Oct 29 23:09:07 PDT 2020
Clean up...
Start Playing...
Black 1,2
----------
          
    X     
          
          
          
----------

White 2,1
----------
          
    X     
  O       
          
          
----------

Black 2,2
----------
          
    X     
  O X     
          
          
----------

White 3,1
----------
          
    X     
  O X     
  O       
          
----------

Black 0,0
----------
X         
    X     
  O X     
  O       
          
----------

White 1,1
----------
X         
  O X     
  O X     
  O       
          
----------

Black 0,1
----------
X X       
  O X     
  O X     
  O       
          
----------

White 1,0
----------
X X       
O O X     
  O X     
  O       
          
----------

Black 2,3
----------
X X       
O O X     
  O X X   
  O       
          
----------

White 0,2
----------
    O     
O O X     
  O X X   
  O       
          
----------

Black 3,2
----------
    O     
O O X     
  O X X   
  O X     
          
----------

White 0,3
----------
    O O   
O O X     
  O X X   
  O X     
          
----------

Black 2,4
----------
    O O   
O O X     
  O X X X 
  O X     
          
----------

White 4,1
----------
    O O   
O O X     
  O X X X 
  O X     
  O       
----------

Black 3,3
----------
    O O   
O O X     
  O X X X 
  O X X   
  O       
----------

White 1,3
----------
    O O   
O O X O   
  O X X X 
  O X X   
  O       
----------

Black 4,2
----------
    O O   
O O X O   
  O X X X 
  O X X   
  O X     
----------

White 0,0
----------
O   O O   
O O X O   
  O X X X 
  O X X   
  O X     
----------

Black 2,0
----------
O   O O   
O O X O   
X O X X X 
  O X X   
  O X     
----------

White 3,0
----------
O   O O   
O O X O   
  O X X X 
O O X X   
  O X     
----------

Black 3,4
----------
O   O O   
O O X O   
  O X X X 
O O X X X 
  O X     
----------

White 0,1
----------
O O O O   
O O X O   
  O X X X 
O O X X X 
  O X     
----------

Black 1,4
----------
O O O O   
O O X O X 
  O X X X 
O O X X X 
  O X     
----------

White 0,4
----------
O O O O O 
O O X O X 
  O X X X 
O O X X X 
  O X     
----------

Game end.
The winner is O
ta time: 3.88
student time: 3.57
White(You) win!
=====Round 2=====
Black:You White:TA
Thu Oct 29 23:09:27 PDT 2020
Clean up...
Start Playing...
Black 2,2
----------
          
          
    X     
          
          
----------

White 2,1
----------
          
          
  O X     
          
          
----------

Black 1,2
----------
          
    X     
  O X     
          
          
----------

White 3,2
----------
          
    X     
  O X     
    O     
          
----------

Black 1,1
----------
          
  X X     
  O X     
    O     
          
----------

White 2,3
----------
          
  X X     
  O X O   
    O     
          
----------

Black 3,1
----------
          
  X X     
  O X O   
  X O     
          
----------

White 0,2
----------
    O     
  X X     
  O X O   
  X O     
          
----------

Black 2,0
----------
    O     
  X X     
X   X O   
  X O     
          
----------

White 4,2
----------
    O     
  X X     
X   X O   
  X O     
    O     
----------

Black 0,1
----------
  X O     
  X X     
X   X O   
  X O     
    O     
----------

White 2,4
----------
  X O     
  X X     
X   X O O 
  X O     
    O     
----------

Black 0,3
----------
  X   X   
  X X     
X   X O O 
  X O     
    O     
----------

White 1,3
----------
  X   X   
  X X O   
X   X O O 
  X O     
    O     
----------

Black 0,4
----------
  X   X X 
  X X O   
X   X O O 
  X O     
    O     
----------

White 3,3
----------
  X   X X 
  X X O   
X   X O O 
  X O O   
    O     
----------

Black 2,1
----------
  X   X X 
  X X O   
X X X O O 
  X O O   
    O     
----------

White 1,0
----------
  X   X X 
O X X O   
X X X O O 
  X O O   
    O     
----------

Black 0,0
----------
X X   X X 
  X X O   
X X X O O 
  X O O   
    O     
----------

White 4,1
----------
X X   X X 
  X X O   
X X X O O 
  X O O   
  O O     
----------

Black 3,0
----------
X X   X X 
  X X O   
X X X O O 
X X O O   
  O O     
----------

White 4,3
----------
X X   X X 
  X X O   
X X X O O 
X X O O   
  O O O   
----------

Black 0,2
----------
X X X X X 
  X X O   
X X X O O 
X X O O   
  O O O   
----------

White 3,4
----------
X X X X X 
  X X O   
X X X O O 
X X O O O 
  O O O   
----------

Game end.
The winner is X
ta time: 7.58
student time: 7.12
Black(You) win!
=====Round 3=====
Black:TA White:You
Thu Oct 29 23:09:45 PDT 2020
Clean up...
Start Playing...
Black 1,2
----------
          
    X     
          
          
          
----------

White 2,1
----------
          
    X     
  O       
          
          
----------

Black 2,2
----------
          
    X     
  O X     
          
          
----------

White 3,1
----------
          
    X     
  O X     
  O       
          
----------

Black 0,0
----------
X         
    X     
  O X     
  O       
          
----------

White 1,1
----------
X         
  O X     
  O X     
  O       
          
----------

Black 0,1
----------
X X       
  O X     
  O X     
  O       
          
----------

White 1,0
----------
X X       
O O X     
  O X     
  O       
          
----------

Black 2,3
----------
X X       
O O X     
  O X X   
  O       
          
----------

White 0,2
----------
    O     
O O X     
  O X X   
  O       
          
----------

Black 3,2
----------
    O     
O O X     
  O X X   
  O X     
          
----------

White 0,3
----------
    O O   
O O X     
  O X X   
  O X     
          
----------

Black 4,2
----------
    O O   
O O X     
  O X X   
  O X     
    X     
----------

White 1,3
----------
    O O   
O O X O   
  O X X   
  O X     
    X     
----------

Black 2,0
----------
    O O   
O O X O   
X O X X   
  O X     
    X     
----------

White 3,0
----------
    O O   
O O X O   
  O X X   
O O X     
    X     
----------

Black 3,3
----------
    O O   
O O X O   
  O X X   
O O X X   
    X     
----------

White 1,4
----------
    O O   
O O X O O 
  O X X   
O O X X   
    X     
----------

Black 2,4
----------
    O O   
O O X O O 
  O X X X 
O O X X   
    X     
----------

White 0,0
----------
O   O O   
O O X O O 
  O X X X 
O O X X   
    X     
----------

Black 4,1
----------
O   O O   
O O X O O 
  O X X X 
O O X X   
  X X     
----------

White 0,1
----------
O O O O   
O O X O O 
  O X X X 
O O X X   
  X X     
----------

Black 3,4
----------
O O O O   
O O X O O 
  O X X X 
O O X X X 
  X X     
----------

White 0,4
----------
O O O O O 
O O X O O 
  O X X X 
O O X X X 
  X X     
----------

Game end.
The winner is O
ta time: 11.61
student time: 10.67
White(You) win!
=====Round 4=====
Black:You White:TA
Thu Oct 29 23:10:01 PDT 2020
Clean up...
Start Playing...
Black 2,2
----------
          
          
    X     
          
          
----------

White 2,1
----------
          
          
  O X     
          
          
----------

Black 1,2
----------
          
    X     
  O X     
          
          
----------

White 3,2
----------
          
    X     
  O X     
    O     
          
----------

Black 1,1
----------
          
  X X     
  O X     
    O     
          
----------

White 2,3
----------
          
  X X     
  O X O   
    O     
          
----------

Black 3,1
----------
          
  X X     
  O X O   
  X O     
          
----------

White 2,4
----------
          
  X X     
  O X O O 
  X O     
          
----------

Black 2,0
----------
          
  X X     
X   X O O 
  X O     
          
----------

White 1,3
----------
          
  X X O   
X   X O O 
  X O     
          
----------

Black 3,3
----------
          
  X X O   
X   X O O 
  X O X   
          
----------

White 4,2
----------
          
  X X O   
X   X O O 
  X O X   
    O     
----------

Black 4,1
----------
          
  X X O   
X   X O O 
  X O X   
  X O     
----------

White 0,2
----------
    O     
  X X O   
X   X O O 
  X O X   
  X O     
----------

Black 4,3
----------
    O     
  X X O   
X   X O O 
  X   X   
  X   X   
----------

White 3,2
----------
    O     
  X X O   
X   X O O 
  X O X   
  X   X   
----------

Black 4,2
----------
    O     
  X X O   
X   X O O 
  X   X   
  X X X   
----------

White 0,3
----------
    O O   
  X X O   
X   X O O 
  X   X   
  X X X   
----------

Black 0,1
----------
  X O O   
  X X O   
X   X O O 
  X   X   
  X X X   
----------

White 1,4
----------
  X O O   
  X X O O 
X   X O O 
  X   X   
  X X X   
----------

Black 3,4
----------
  X O O   
  X X O O 
X   X O O 
  X   X X 
  X X X   
----------

White 1,0
----------
  X O O   
O X X O O 
X   X O O 
  X   X X 
  X X X   
----------

Black 0,4
----------
  X     X 
O X X     
X   X     
  X   X X 
  X X X   
----------

White 2,3
----------
  X     X 
O X X     
X   X O   
  X   X X 
  X X X   
----------

Game end.
The winner is X
ta time: 15.16
student time: 13.83
Black(You) win!
=====Round 5=====
Black:TA White:You
Thu Oct 29 23:10:20 PDT 2020
Clean up...
Start Playing...
Black 1,2
----------
          
    X     
          
          
          
----------

White 2,1
----------
          
    X     
  O       
          
          
----------

Black 2,2
----------
          
    X     
  O X     
          
          
----------

White 3,1
----------
          
    X     
  O X     
  O       
          
----------

Black 0,0
----------
X         
    X     
  O X     
  O       
          
----------

White 1,1
----------
X         
  O X     
  O X     
  O       
          
----------

Black 0,1
----------
X X       
  O X     
  O X     
  O       
          
----------

White 1,0
----------
X X       
O O X     
  O X     
  O       
          
----------

Black 3,2
----------
X X       
O O X     
  O X     
  O X     
          
----------

White 0,2
----------
    O     
O O X     
  O X     
  O X     
          
----------

Black 2,3
----------
    O     
O O X     
  O X X   
  O X     
          
----------

White 0,3
----------
    O O   
O O X     
  O X X   
  O X     
          
----------

Black 2,4
----------
    O O   
O O X     
  O X X X 
  O X     
          
----------

White 4,1
----------
    O O   
O O X     
  O X X X 
  O X     
  O       
----------

Black 3,3
----------
    O O   
O O X     
  O X X X 
  O X X   
  O       
----------

White 1,3
----------
    O O   
O O X O   
  O X X X 
  O X X   
  O       
----------

Black 4,2
----------
    O O   
O O X O   
  O X X X 
  O X X   
  O X     
----------

White 0,0
----------
O   O O   
O O X O   
  O X X X 
  O X X   
  O X     
----------

Black 2,0
----------
O   O O   
O O X O   
X O X X X 
  O X X   
  O X     
----------

White 3,0
----------
O   O O   
O O X O   
  O X X X 
O O X X   
  O X     
----------

Black 4,3
----------
O   O O   
O O X O   
  O X X X 
O O X X   
  O X X   
----------

White 0,1
----------
O O O O   
O O X O   
  O X X X 
O O X X   
  O X X   
----------

Black 3,4
----------
O O O O   
O O X O   
  O X X X 
O O X X X 
  O X X   
----------

White 1,4
----------
O O O O   
O O X O O 
  O X X X 
O O X X X 
  O X X   
----------

Game end.
The winner is O
ta time: 19.32
student time: 17.29
White(You) win!
=====Round 6=====
Black:You White:TA
Thu Oct 29 23:10:39 PDT 2020
Clean up...
Start Playing...
Black 2,2
----------
          
          
    X     
          
          
----------

White 2,1
----------
          
          
  O X     
          
          
----------

Black 1,2
----------
          
    X     
  O X     
          
          
----------

White 3,2
----------
          
    X     
  O X     
    O     
          
----------

Black 1,1
----------
          
  X X     
  O X     
    O     
          
----------

White 2,3
----------
          
  X X     
  O X O   
    O     
          
----------

Black 3,1
----------
          
  X X     
  O X O   
  X O     
          
----------

White 1,3
----------
          
  X X O   
  O X O   
  X O     
          
----------

Black 2,0
----------
          
  X X O   
X   X O   
  X O     
          
----------

White 0,2
----------
    O     
  X X O   
X   X O   
  X O     
          
----------

Black 0,1
----------
  X O     
  X X O   
X   X O   
  X O     
          
----------

White 2,4
----------
  X O     
  X X O   
X   X O O 
  X O     
          
----------

Black 4,1
----------
  X O     
  X X O   
X   X O O 
  X O     
  X       
----------

White 4,2
----------
  X O     
  X X O   
X   X O O 
  X O     
  X O     
----------

Black 3,3
----------
  X O     
  X X O   
X   X O O 
  X O X   
  X O     
----------

White 0,3
----------
  X O O   
  X X O   
X   X O O 
  X O X   
  X O     
----------

Black 4,3
----------
  X O O   
  X X O   
X   X O O 
  X   X   
  X   X   
----------

White 3,2
----------
  X O O   
  X X O   
X   X O O 
  X O X   
  X   X   
----------

Black 4,2
----------
  X O O   
  X X O   
X   X O O 
  X   X   
  X X X   
----------

White 1,4
----------
  X O O   
  X X O O 
X   X O O 
  X   X   
  X X X   
----------

Black 3,4
----------
  X O O   
  X X O O 
X   X O O 
  X   X X 
  X X X   
----------

White 3,0
----------
  X O O   
  X X O O 
X   X O O 
O X   X X 
  X X X   
----------

Black 0,4
----------
  X     X 
  X X     
X   X     
O X   X X 
  X X X   
----------

White 2,3
----------
  X     X 
  X X     
X   X O   
O X   X X 
  X X X   
----------

Game end.
The winner is X
ta time: 22.87
student time: 20.67
Black(You) win!
=====Round 7=====
Black:TA White:You
Thu Oct 29 23:10:56 PDT 2020
Clean up...
Start Playing...
Black 1,2
----------
          
    X     
          
          
          
----------

White 2,1
----------
          
    X     
  O       
          
          
----------

Black 2,2
----------
          
    X     
  O X     
          
          
----------

White 3,1
----------
          
    X     
  O X     
  O       
          
----------

Black 0,0
----------
X         
    X     
  O X     
  O       
          
----------

White 1,1
----------
X         
  O X     
  O X     
  O       
          
----------

Black 0,1
----------
X X       
  O X     
  O X     
  O       
          
----------

White 1,0
----------
X X       
O O X     
  O X     
  O       
          
----------

Black 3,2
----------
X X       
O O X     
  O X     
  O X     
          
----------

White 0,2
----------
    O     
O O X     
  O X     
  O X     
          
----------

Black 2,3
----------
    O     
O O X     
  O X X   
  O X     
          
----------

White 0,3
----------
    O O   
O O X     
  O X X   
  O X     
          
----------

Black 2,0
----------
    O O   
O O X     
X O X X   
  O X     
          
----------

White 3,0
----------
    O O   
O O X     
  O X X   
O O X     
          
----------

Black 4,2
----------
    O O   
O O X     
  O X X   
O O X     
    X     
----------

White 1,3
----------
    O O   
O O X O   
  O X X   
O O X     
    X     
----------

Black 2,4
----------
    O O   
O O X O   
  O X X X 
O O X     
    X     
----------

White 0,0
----------
O   O O   
O O X O   
  O X X X 
O O X     
    X     
----------

Black 3,3
----------
O   O O   
O O X O   
  O X X X 
O O X X   
    X     
----------

White 0,1
----------
O O O O   
O O X O   
  O X X X 
O O X X   
    X     
----------

Black 1,4
----------
O O O O   
O O X O X 
  O X X X 
O O X X   
    X     
----------

White 0,4
----------
O O O O O 
O O X O X 
  O X X X 
O O X X   
    X     
----------

Black 4,1
----------
O O O O O 
O O X O X 
  O X X X 
O O X X   
  X X     
----------

White 4,4
----------
O O O O O 
O O X O X 
  O X X X 
O O X X   
  X X   O 
----------

Game end.
The winner is O
ta time: 26.85
student time: 24.22
White(You) win!
=====Round 8=====
Black:You White:TA
Thu Oct 29 23:11:15 PDT 2020
Clean up...
Start Playing...
Black 2,2
----------
          
          
    X     
          
          
----------

White 2,1
----------
          
          
  O X     
          
          
----------

Black 1,2
----------
          
    X     
  O X     
          
          
----------

White 3,2
----------
          
    X     
  O X     
    O     
          
----------

Black 1,1
----------
          
  X X     
  O X     
    O     
          
----------

White 2,3
----------
          
  X X     
  O X O   
    O     
          
----------

Black 3,1
----------
          
  X X     
  O X O   
  X O     
          
----------

White 2,4
----------
          
  X X     
  O X O O 
  X O     
          
----------

Black 2,0
----------
          
  X X     
X   X O O 
  X O     
          
----------

White 0,2
----------
    O     
  X X     
X   X O O 
  X O     
          
----------

Black 0,1
----------
  X O     
  X X     
X   X O O 
  X O     
          
----------

White 4,2
----------
  X O     
  X X     
X   X O O 
  X O     
    O     
----------

Black 0,3
----------
  X   X   
  X X     
X   X O O 
  X O     
    O     
----------

White 3,3
----------
  X   X   
  X X     
X   X O O 
  X O O   
    O     
----------

Black 1,3
----------
  X   X   
  X X X   
X   X O O 
  X O O   
    O     
----------

White 3,4
----------
  X   X   
  X X X   
X   X O O 
  X O O O 
    O     
----------

Black 2,1
----------
  X   X   
  X X X   
X X X O O 
  X O O O 
    O     
----------

White 4,3
----------
  X   X   
  X X X   
X X X O O 
  X O O O 
    O O   
----------

Black 3,0
----------
  X   X   
  X X X   
X X X O O 
X X O O O 
    O O   
----------

White 4,1
----------
  X   X   
  X X X   
X X X O O 
X X O O O 
  O O O   
----------

Black 0,0
----------
X X   X   
  X X X   
X X X O O 
X X O O O 
  O O O   
----------

White 1,4
----------
X X   X   
  X X X O 
X X X O O 
X X O O O 
  O O O   
----------

Black 0,2
----------
X X X X   
  X X X O 
X X X O O 
X X O O O 
  O O O   
----------

White 4,0
----------
X X X X   
  X X X O 
X X X O O 
X X O O O 
O O O O   
----------

Game end.
The winner is O
ta time: 30.62
student time: 27.77
Black(You) lose.
=====Round 9=====
Black:TA White:You
Thu Oct 29 23:11:34 PDT 2020
Clean up...
Start Playing...
Black 1,2
----------
          
    X     
          
          
          
----------

White 2,1
----------
          
    X     
  O       
          
          
----------

Black 2,2
----------
          
    X     
  O X     
          
          
----------

White 3,1
----------
          
    X     
  O X     
  O       
          
----------

Black 0,0
----------
X         
    X     
  O X     
  O       
          
----------

White 1,1
----------
X         
  O X     
  O X     
  O       
          
----------

Black 0,1
----------
X X       
  O X     
  O X     
  O       
          
----------

White 1,0
----------
X X       
O O X     
  O X     
  O       
          
----------

Black 2,3
----------
X X       
O O X     
  O X X   
  O       
          
----------

White 0,2
----------
    O     
O O X     
  O X X   
  O       
          
----------

Black 3,2
----------
    O     
O O X     
  O X X   
  O X     
          
----------

White 0,3
----------
    O O   
O O X     
  O X X   
  O X     
          
----------

Black 1,3
----------
    O O   
O O X X   
  O X X   
  O X     
          
----------

White 4,1
----------
    O O   
O O X X   
  O X X   
  O X     
  O       
----------

Black 2,0
----------
    O O   
O O X X   
X O X X   
  O X     
  O       
----------

White 3,0
----------
    O O   
O O X X   
  O X X   
O O X     
  O       
----------

Black 3,3
----------
    O O   
O O X X   
  O X X   
O O X X   
  O       
----------

White 0,4
----------
    O O O 
O O X X   
  O X X   
O O X X   
  O       
----------

Black 2,4
----------
    O O O 
O O X X   
  O X X X 
O O X X   
  O       
----------

White 4,2
----------
    O O O 
O O X X   
  O X X X 
O O X X   
  O O     
----------

Black 0,1
----------
  X O O O 
O O X X   
  O X X X 
O O X X   
  O O     
----------

White 0,0
----------
O   O O O 
O O X X   
  O X X X 
O O X X   
  O O     
----------

Black 1,4
----------
O   O O O 
O O X X X 
  O X X X 
O O X X   
  O O     
----------

White 4,3
----------
O   O O O 
O O X X X 
  O X X X 
O O X X   
  O O O   
----------

Game end.
The winner is O
ta time: 34.68
student time: 31.37
White(You) win!
=====Round 10=====
Black:You White:TA
Thu Oct 29 23:11:52 PDT 2020
Clean up...
Start Playing...
Black 2,2
----------
          
          
    X     
          
          
----------

White 2,1
----------
          
          
  O X     
          
          
----------

Black 1,2
----------
          
    X     
  O X     
          
          
----------

White 3,2
----------
          
    X     
  O X     
    O     
          
----------

Black 1,1
----------
          
  X X     
  O X     
    O     
          
----------

White 2,3
----------
          
  X X     
  O X O   
    O     
          
----------

Black 3,1
----------
          
  X X     
  O X O   
  X O     
          
----------

White 2,4
----------
          
  X X     
  O X O O 
  X O     
          
----------

Black 2,0
----------
          
  X X     
X   X O O 
  X O     
          
----------

White 3,3
----------
          
  X X     
X   X O O 
  X O O   
          
----------

Black 1,3
----------
          
  X X X   
X   X O O 
  X O O   
          
----------

White 0,2
----------
    O     
  X X X   
X   X O O 
  X O O   
          
----------

Black 0,1
----------
  X O     
  X X X   
X   X O O 
  X O O   
          
----------

White 4,2
----------
  X O     
  X X X   
X   X O O 
  X O O   
    O     
----------

Black 0,3
----------
  X   X   
  X X X   
X   X O O 
  X O O   
    O     
----------

White 3,4
----------
  X   X   
  X X X   
X   X O O 
  X O O O 
    O     
----------

Black 2,1
----------
  X   X   
  X X X   
X X X O O 
  X O O O 
    O     
----------

White 4,1
----------
  X   X   
  X X X   
X X X O O 
  X O O O 
  O O     
----------

Black 3,0
----------
  X   X   
  X X X   
X X X O O 
X X O O O 
  O O     
----------

White 1,4
----------
  X   X   
  X X X O 
X X X O O 
X X O O O 
  O O     
----------

Black 0,0
----------
X X   X   
  X X X O 
X X X O O 
X X O O O 
  O O     
----------

White 4,3
----------
X X   X   
  X X X O 
X X X O O 
X X O O O 
  O O O   
----------

Black 0,2
----------
X X X X   
  X X X O 
X X X O O 
X X O O O 
  O O O   
----------

White 0,4
----------
X X X X O 
  X X X O 
X X X O O 
X X O O O 
  O O O   
----------

Game end.
The winner is O
ta time: 38.38
student time: 34.62
Black(You) lose.

==Playing with championship_player==
=====Round 1=====
Black:TA White:You
Thu Oct 29 23:12:10 PDT 2020
Clean up...
Start Playing...
Black 2,2
----------
          
          
    X     
          
          
----------

White 0,2
----------
    O     
          
    X     
          
          
----------

Black 1,1
----------
    O     
  X       
    X     
          
          
----------

White 0,3
----------
    O O   
  X       
    X     
          
          
----------

Black 1,3
----------
    O O   
  X   X   
    X     
          
          
----------

White 1,2
----------
    O O   
  X O X   
    X     
          
          
----------

Black 0,1
----------
  X O O   
  X O X   
    X     
          
          
----------

White 2,3
----------
  X O O   
  X O X   
    X O   
          
          
----------

Black 0,4
----------
  X     X 
  X   X   
    X O   
          
          
----------

White 3,3
----------
  X     X 
  X   X   
    X O   
      O   
          
----------

Black 3,2
----------
  X     X 
  X   X   
    X O   
    X O   
          
----------

White 4,3
----------
  X     X 
  X   X   
    X O   
    X O   
      O   
----------

Black 1,4
----------
  X     X 
  X   X X 
    X O   
    X O   
      O   
----------

White 4,2
----------
  X     X 
  X   X X 
    X O   
    X O   
    O O   
----------

Black 3,1
----------
  X     X 
  X   X X 
    X O   
  X X O   
    O O   
----------

White 4,1
----------
  X     X 
  X   X X 
    X O   
  X X O   
  O O O   
----------

Black 2,4
----------
  X     X 
  X   X X 
    X O X 
  X X O   
  O O O   
----------

White 4,0
----------
  X     X 
  X   X X 
    X O X 
  X X O   
O O O O   
----------

Black 3,0
----------
  X     X 
  X   X X 
    X O X 
X X X O   
O O O O   
----------

White 0,2
----------
  X O   X 
  X   X X 
    X O X 
X X X O   
O O O O   
----------

Black 1,2
----------
  X O   X 
  X X X X 
    X O X 
X X X O   
O O O O   
----------

White 1,0
----------
  X O   X 
O X X X X 
    X O X 
X X X O   
O O O O   
----------

Black 2,1
----------
  X O   X 
O X X X X 
  X X O X 
X X X O   
O O O O   
----------

White PASS
----------
  X O   X 
O X X X X 
  X X O X 
X X X O   
O O O O   
----------

Game end.
The winner is X
ta time: 67.52
student time: 37.88
White(You) lose.
=====Round 2=====
Black:You White:TA
Thu Oct 29 23:12:42 PDT 2020
Clean up...
Start Playing...
Black 2,2
----------
          
          
    X     
          
          
----------

White 3,2
----------
          
          
    X     
    O     
          
----------

Black 1,2
----------
          
    X     
    X     
    O     
          
----------

White 3,1
----------
          
    X     
    X     
  O O     
          
----------

Black 1,1
----------
          
  X X     
    X     
  O O     
          
----------

White 3,3
----------
          
  X X     
    X     
  O O O   
          
----------

Black 1,3
----------
          
  X X X   
    X     
  O O O   
          
----------

White 2,0
----------
          
  X X X   
O   X     
  O O O   
          
----------

Black 1,4
----------
          
  X X X X 
O   X     
  O O O   
          
----------

White 2,1
----------
          
  X X X X 
O O X     
  O O O   
          
----------

Black 2,3
----------
          
  X X X X 
O O X X   
  O O O   
          
----------

White 3,4
----------
          
  X X X X 
O O X X   
  O O O O 
          
----------

Black 0,1
----------
  X       
  X X X X 
O O X X   
  O O O O 
          
----------

White 4,2
----------
  X       
  X X X X 
O O X X   
  O O O O 
    O     
----------

Black 0,0
----------
X X       
  X X X X 
O O X X   
  O O O O 
    O     
----------

White 3,0
----------
X X       
  X X X X 
O O X X   
O O O O O 
    O     
----------

Black 0,2
----------
X X X     
  X X X X 
O O X X   
O O O O O 
    O     
----------

White 1,0
----------
X X X     
O X X X X 
O O X X   
O O O O O 
    O     
----------

Black 0,3
----------
X X X X   
O X X X X 
O O X X   
O O O O O 
    O     
----------

White 4,1
----------
X X X X   
O X X X X 
O O X X   
O O O O O 
  O O     
----------

Black PASS
----------
X X X X   
O X X X X 
O O X X   
O O O O O 
  O O     
----------

White 2,4
----------
X X X X   
O X X X X 
O O X X O 
O O O O O 
  O O     
----------

Black PASS
----------
X X X X   
O X X X X 
O O X X O 
O O O O O 
  O O     
----------

White 4,3
----------
X X X X   
O X X X X 
O O X X O 
O O O O O 
  O O O   
----------

Game end.
The winner is O
ta time: 101.55
student time: 41.59
Black(You) lose.
=====Round 3=====
Black:TA White:You
Thu Oct 29 23:13:21 PDT 2020
Clean up...
Start Playing...
Black 2,2
----------
          
          
    X     
          
          
----------

White 0,2
----------
    O     
          
    X     
          
          
----------

Black 1,1
----------
    O     
  X       
    X     
          
          
----------

White 0,3
----------
    O O   
  X       
    X     
          
          
----------

Black 1,3
----------
    O O   
  X   X   
    X     
          
          
----------

White 1,2
----------
    O O   
  X O X   
    X     
          
          
----------

Black 0,1
----------
  X O O   
  X O X   
    X     
          
          
----------

White 2,3
----------
  X O O   
  X O X   
    X O   
          
          
----------

Black 0,4
----------
  X     X 
  X   X   
    X O   
          
          
----------

White 3,3
----------
  X     X 
  X   X   
    X O   
      O   
          
----------

Black 3,2
----------
  X     X 
  X   X   
    X O   
    X O   
          
----------

White 4,3
----------
  X     X 
  X   X   
    X O   
    X O   
      O   
----------

Black 1,4
----------
  X     X 
  X   X X 
    X O   
    X O   
      O   
----------

White 4,2
----------
  X     X 
  X   X X 
    X O   
    X O   
    O O   
----------

Black 3,1
----------
  X     X 
  X   X X 
    X O   
  X X O   
    O O   
----------

White 4,1
----------
  X     X 
  X   X X 
    X O   
  X X O   
  O O O   
----------

Black 2,4
----------
  X     X 
  X   X X 
    X O X 
  X X O   
  O O O   
----------

White 4,0
----------
  X     X 
  X   X X 
    X O X 
  X X O   
O O O O   
----------

Black 3,0
----------
  X     X 
  X   X X 
    X O X 
X X X O   
O O O O   
----------

White 0,2
----------
  X O   X 
  X   X X 
    X O X 
X X X O   
O O O O   
----------

Black 1,2
----------
  X O   X 
  X X X X 
    X O X 
X X X O   
O O O O   
----------

White 1,0
----------
  X O   X 
O X X X X 
    X O X 
X X X O   
O O O O   
----------

Black 0,3
----------
  X   X X 
O X X X X 
    X O X 
X X X O   
O O O O   
----------

White 2,0
----------
  X   X X 
O X X X X 
O   X O X 
X X X O   
O O O O   
----------

Game end.
The winner is X
ta time: 130.44
student time: 44.78
White(You) lose.
=====Round 4=====
Black:You White:TA
Thu Oct 29 23:13:53 PDT 2020
Clean up...
Start Playing...
Black 2,2
----------
          
          
    X     
          
          
----------

White 2,3
----------
          
          
    X O   
          
          
----------

Black 1,2
----------
          
    X     
    X O   
          
          
----------

White 3,3
----------
          
    X     
    X O   
      O   
          
----------

Black 1,1
----------
          
  X X     
    X O   
      O   
          
----------

White 3,2
----------
          
  X X     
    X O   
    O O   
          
----------

Black 1,3
----------
          
  X X X   
    X O   
    O O   
          
----------

White 3,1
----------
          
  X X X   
    X O   
  O O O   
          
----------

Black 2,1
----------
          
  X X X   
  X X O   
  O O O   
          
----------

White 1,4
----------
          
  X X X O 
  X X O   
  O O O   
          
----------

Black 0,1
----------
  X       
  X X X O 
  X X O   
  O O O   
          
----------

White 2,4
----------
  X       
  X X X O 
  X X O O 
  O O O   
          
----------

Black 0,3
----------
  X   X   
  X X X O 
  X X O O 
  O O O   
          
----------

White 3,0
----------
  X   X   
  X X X O 
  X X O O 
O O O O   
          
----------

Black 0,0
----------
X X   X   
  X X X O 
  X X O O 
O O O O   
          
----------

White 2,0
----------
X X   X   
  X X X O 
O X X O O 
O O O O   
          
----------

Black 0,2
----------
X X X X   
  X X X O 
O X X O O 
O O O O   
          
----------

White 3,4
----------
X X X X   
  X X X O 
O X X O O 
O O O O O 
          
----------

Black 4,1
----------
X X X X   
  X X X O 
O X X O O 
O O O O O 
  X       
----------

White 4,2
----------
X X X X   
  X X X O 
O X X O O 
O O O O O 
  X O     
----------

Black PASS
----------
X X X X   
  X X X O 
O X X O O 
O O O O O 
  X O     
----------

White 0,4
----------
X X X X O 
  X X X O 
O X X O O 
O O O O O 
  X O     
----------

Black PASS
----------
X X X X O 
  X X X O 
O X X O O 
O O O O O 
  X O     
----------

White 1,0
----------
        O 
O       O 
O     O O 
O O O O O 
  X O     
----------

Game end.
The winner is O
ta time: 166.49
student time: 48.4
Black(You) lose.
=====Round 5=====
Black:TA White:You
Thu Oct 29 23:14:31 PDT 2020
Clean up...
Start Playing...
Black 2,2
----------
          
          
    X     
          
          
----------

White 0,2
----------
    O     
          
    X     
          
          
----------

Black 1,3
----------
    O     
      X   
    X     
          
          
----------

White 0,1
----------
  O O     
      X   
    X     
          
          
----------

Black 1,1
----------
  O O     
  X   X   
    X     
          
          
----------

White 1,2
----------
  O O     
  X O X   
    X     
          
          
----------

Black 0,3
----------
  O O X   
  X O X   
    X     
          
          
----------

White 2,1
----------
  O O X   
  X O X   
  O X     
          
          
----------

Black 0,0
----------
X     X   
  X   X   
  O X     
          
          
----------

White 3,1
----------
X     X   
  X   X   
  O X     
  O       
          
----------

Black 3,2
----------
X     X   
  X   X   
  O X     
  O X     
          
----------

White 4,1
----------
X     X   
  X   X   
  O X     
  O X     
  O       
----------

Black 1,0
----------
X     X   
X X   X   
  O X     
  O X     
  O       
----------

White 4,2
----------
X     X   
X X   X   
  O X     
  O X     
  O O     
----------

Black 3,3
----------
X     X   
X X   X   
  O X     
  O X X   
  O O     
----------

White 4,3
----------
X     X   
X X   X   
  O X     
  O X X   
  O O O   
----------

Black 2,0
----------
X     X   
X X   X   
X O X     
  O X X   
  O O O   
----------

White 4,4
----------
X     X   
X X   X   
X O X     
  O X X   
  O O O O 
----------

Black 3,4
----------
X     X   
X X   X   
X O X     
  O X X X 
  O O O O 
----------

White 0,2
----------
X   O X   
X X   X   
X O X     
  O X X X 
  O O O O 
----------

Black 1,2
----------
X   O X   
X X X X   
X O X     
  O X X X 
  O O O O 
----------

White 1,4
----------
X   O X   
X X X X O 
X O X     
  O X X X 
  O O O O 
----------

Black 2,4
----------
X   O X   
X X X X O 
X O X   X 
  O X X X 
  O O O O 
----------

White PASS
----------
X   O X   
X X X X O 
X O X   X 
  O X X X 
  O O O O 
----------

Game end.
The winner is X
ta time: 196.39
student time: 51.14
White(You) lose.
=====Round 6=====
Black:You White:TA
Thu Oct 29 23:15:06 PDT 2020
Clean up...
Start Playing...
Black 2,2
----------
          
          
    X     
          
          
----------

White 3,2
----------
          
          
    X     
    O     
          
----------

Black 1,2
----------
          
    X     
    X     
    O     
          
----------

White 3,3
----------
          
    X     
    X     
    O O   
          
----------

Black 1,1
----------
          
  X X     
    X     
    O O   
          
----------

White 3,1
----------
          
  X X     
    X     
  O O O   
          
----------

Black 1,3
----------
          
  X X X   
    X     
  O O O   
          
----------

White 2,4
----------
          
  X X X   
    X   O 
  O O O   
          
----------

Black 1,0
----------
          
X X X X   
    X   O 
  O O O   
          
----------

White 2,3
----------
          
X X X X   
    X O O 
  O O O   
          
----------

Black 2,1
----------
          
X X X X   
  X X O O 
  O O O   
          
----------

White 3,0
----------
          
X X X X   
  X X O O 
O O O O   
          
----------

Black 0,3
----------
      X   
X X X X   
  X X O O 
O O O O   
          
----------

White 4,3
----------
      X   
X X X X   
  X X O O 
O O O O   
      O   
----------

Black 0,0
----------
X     X   
X X X X   
  X X O O 
O O O O   
      O   
----------

White 4,1
----------
X     X   
X X X X   
  X X O O 
O O O O   
  O   O   
----------

Black 0,1
----------
X X   X   
X X X X   
  X X O O 
O O O O   
  O   O   
----------

White 1,4
----------
X X   X   
X X X X O 
  X X O O 
O O O O   
  O   O   
----------

Black 0,2
----------
X X X X   
X X X X O 
  X X O O 
O O O O   
  O   O   
----------

White 3,4
----------
X X X X   
X X X X O 
  X X O O 
O O O O O 
  O   O   
----------

Black PASS
----------
X X X X   
X X X X O 
  X X O O 
O O O O O 
  O   O   
----------

White 0,4
----------
X X X X O 
X X X X O 
  X X O O 
O O O O O 
  O   O   
----------

Black PASS
----------
X X X X O 
X X X X O 
  X X O O 
O O O O O 
  O   O   
----------

White 4,4
----------
X X X X O 
X X X X O 
  X X O O 
O O O O O 
  O   O O 
----------

Game end.
The winner is O
ta time: 230.17
student time: 54.63
Black(You) lose.
=====Round 7=====
Black:TA White:You
Thu Oct 29 23:15:45 PDT 2020
Clean up...
Start Playing...
Black 2,2
----------
          
          
    X     
          
          
----------

White 0,2
----------
    O     
          
    X     
          
          
----------

Black 1,3
----------
    O     
      X   
    X     
          
          
----------

White 0,1
----------
  O O     
      X   
    X     
          
          
----------

Black 1,1
----------
  O O     
  X   X   
    X     
          
          
----------

White 1,2
----------
  O O     
  X O X   
    X     
          
          
----------

Black 0,3
----------
  O O X   
  X O X   
    X     
          
          
----------

White 2,1
----------
  O O X   
  X O X   
  O X     
          
          
----------

Black 0,0
----------
X     X   
  X   X   
  O X     
          
          
----------

White 3,1
----------
X     X   
  X   X   
  O X     
  O       
          
----------

Black 1,0
----------
X     X   
X X   X   
  O X     
  O       
          
----------

White 3,2
----------
X     X   
X X   X   
  O X     
  O O     
          
----------

Black 3,3
----------
X     X   
X X   X   
  O X     
  O O X   
          
----------

White 3,0
----------
X     X   
X X   X   
  O X     
O O O X   
          
----------

Black 2,3
----------
X     X   
X X   X   
  O X X   
O O O X   
          
----------

White 4,2
----------
X     X   
X X   X   
  O X X   
O O O X   
    O     
----------

Black 2,0
----------
X     X   
X X   X   
X O X X   
O O O X   
    O     
----------

White 4,3
----------
X     X   
X X   X   
X O X X   
O O O X   
    O O   
----------

Black 1,2
----------
X     X   
X X X X   
X O X X   
O O O X   
    O O   
----------

White 4,4
----------
X     X   
X X X X   
X O X X   
O O O X   
    O O O 
----------

Black 0,2
----------
X   X X   
X X X X   
X O X X   
O O O X   
    O O O 
----------

White 3,4
----------
X   X X   
X X X X   
X O X X   
O O O X O 
    O O O 
----------

Black 0,4
----------
X   X X X 
X X X X   
X O X X   
O O O X O 
    O O O 
----------

White 2,4
----------
X   X X X 
X X X X   
X O X X O 
O O O X O 
    O O O 
----------

Game end.
The winner is X
ta time: 257.18
student time: 58.02
White(You) lose.
=====Round 8=====
Black:You White:TA
Thu Oct 29 23:16:21 PDT 2020
Clean up...
Start Playing...
Black 2,2
----------
          
          
    X     
          
          
----------

White 2,1
----------
          
          
  O X     
          
          
----------

Black 1,2
----------
          
    X     
  O X     
          
          
----------

White 3,1
----------
          
    X     
  O X     
  O       
          
----------

Black 1,1
----------
          
  X X     
  O X     
  O       
          
----------

White 3,2
----------
          
  X X     
  O X     
  O O     
          
----------

Black 1,3
----------
          
  X X X   
  O X     
  O O     
          
----------

White 3,3
----------
          
  X X X   
  O X     
  O O O   
          
----------

Black 2,3
----------
          
  X X X   
  O X X   
  O O O   
          
----------

White 1,0
----------
          
O X X X   
  O X X   
  O O O   
          
----------

Black 0,1
----------
  X       
O X X X   
  O X X   
  O O O   
          
----------

White 3,4
----------
  X       
O X X X   
  O X X   
  O O O O 
          
----------

Black 0,0
----------
X X       
O X X X   
  O X X   
  O O O O 
          
----------

White 2,0
----------
X X       
O X X X   
O O X X   
  O O O O 
          
----------

Black 0,3
----------
X X   X   
O X X X   
O O X X   
  O O O O 
          
----------

White 2,4
----------
X X   X   
O X X X   
O O X X O 
  O O O O 
          
----------

Black 0,2
----------
X X X X   
O X X X   
O O X X O 
  O O O O 
          
----------

White 4,0
----------
X X X X   
O X X X   
O O X X O 
  O O O O 
O         
----------

Black 4,2
----------
X X X X   
O X X X   
O O X X O 
  O O O O 
O   X     
----------

White 1,4
----------
X X X X   
O X X X O 
O O X X O 
  O O O O 
O   X     
----------

Black 4,3
----------
X X X X   
O X X X O 
O O X X O 
  O O O O 
O   X X   
----------

White 0,4
----------
        O 
O       O 
O O     O 
  O O O O 
O   X X   
----------

Black PASS
----------
        O 
O       O 
O O     O 
  O O O O 
O   X X   
----------

White 1,3
----------
        O 
O     O O 
O O     O 
  O O O O 
O   X X   
----------

Game end.
The winner is O
ta time: 288.82
student time: 61.48
Black(You) lose.
=====Round 9=====
Black:TA White:You
Thu Oct 29 23:16:58 PDT 2020
Clean up...
Start Playing...
Black 2,2
----------
          
          
    X     
          
          
----------

White 0,2
----------
    O     
          
    X     
          
          
----------

Black 1,1
----------
    O     
  X       
    X     
          
          
----------

White 0,3
----------
    O O   
  X       
    X     
          
          
----------

Black 1,3
----------
    O O   
  X   X   
    X     
          
          
----------

White 1,2
----------
    O O   
  X O X   
    X     
          
          
----------

Black 0,1
----------
  X O O   
  X O X   
    X     
          
          
----------

White 2,3
----------
  X O O   
  X O X   
    X O   
          
          
----------

Black 0,4
----------
  X     X 
  X   X   
    X O   
          
          
----------

White 3,3
----------
  X     X 
  X   X   
    X O   
      O   
          
----------

Black 1,4
----------
  X     X 
  X   X X 
    X O   
      O   
          
----------

White 3,2
----------
  X     X 
  X   X X 
    X O   
    O O   
          
----------

Black 3,1
----------
  X     X 
  X   X X 
    X O   
  X O O   
          
----------

White 3,4
----------
  X     X 
  X   X X 
    X O   
  X O O O 
          
----------

Black 2,1
----------
  X     X 
  X   X X 
  X X O   
  X O O O 
          
----------

White 4,2
----------
  X     X 
  X   X X 
  X X O   
  X O O O 
    O     
----------

Black 2,4
----------
  X     X 
  X   X X 
  X X O X 
  X O O O 
    O     
----------

White 4,1
----------
  X     X 
  X   X X 
  X X O X 
  X O O O 
  O O     
----------

Black 1,2
----------
  X     X 
  X X X X 
  X X O X 
  X O O O 
  O O     
----------

White 4,0
----------
  X     X 
  X X X X 
  X X O X 
  X O O O 
O O O     
----------

Black 0,0
----------
X X     X 
  X X X X 
  X X O X 
  X O O O 
O O O     
----------

White 3,0
----------
X X     X 
  X X X X 
  X X O X 
O X O O O 
O O O     
----------

Black 1,0
----------
X X     X 
X X X X X 
  X X O X 
O X O O O 
O O O     
----------

White 2,0
----------
X X     X 
X X X X X 
O X X O X 
O X O O O 
O O O     
----------

Game end.
The winner is X
ta time: 318.16
student time: 64.91
White(You) lose.
=====Round 10=====
Black:You White:TA
Thu Oct 29 23:17:38 PDT 2020
Clean up...
Start Playing...
Black 2,2
----------
          
          
    X     
          
          
----------

White 3,1
----------
          
          
    X     
  O       
          
----------

Black 2,1
----------
          
          
  X X     
  O       
          
----------

White 3,2
----------
          
          
  X X     
  O O     
          
----------

Black 2,3
----------
          
          
  X X X   
  O O     
          
----------

White 3,3
----------
          
          
  X X X   
  O O O   
          
----------

Black 1,1
----------
          
  X       
  X X X   
  O O O   
          
----------

White 2,4
----------
          
  X       
  X X X O 
  O O O   
          
----------

Black 1,3
----------
          
  X   X   
  X X X O 
  O O O   
          
----------

White 2,0
----------
          
  X   X   
O X X X O 
  O O O   
          
----------

Black 1,0
----------
          
X X   X   
O X X X O 
  O O O   
          
----------

White 3,0
----------
          
X X   X   
O X X X O 
O O O O   
          
----------

Black 1,4
----------
          
X X   X X 
O X X X O 
O O O O   
          
----------

White 3,4
----------
          
X X   X X 
O X X X O 
O O O O O 
          
----------

Black 1,2
----------
          
X X X X X 
O X X X O 
O O O O O 
          
----------

White 4,2
----------
          
X X X X X 
O X X X O 
O O O O O 
    O     
----------

Black 0,0
----------
X         
X X X X X 
O X X X O 
O O O O O 
    O     
----------

White 4,4
----------
X         
X X X X X 
O X X X O 
O O O O O 
    O   O 
----------

Black 0,1
----------
X X       
X X X X X 
O X X X O 
O O O O O 
    O   O 
----------

White 0,3
----------
X X   O   
X X X X X 
O X X X O 
O O O O O 
    O   O 
----------

Black PASS
----------
X X   O   
X X X X X 
O X X X O 
O O O O O 
    O   O 
----------

White 4,0
----------
X X   O   
X X X X X 
O X X X O 
O O O O O 
O   O   O 
----------

Black PASS
----------
X X   O   
X X X X X 
O X X X O 
O O O O O 
O   O   O 
----------

White 0,2
----------
X X O O   
X X X X X 
O X X X O 
O O O O O 
O   O   O 
----------

Game end.
The winner is O
ta time: 343.66
student time: 68.23
Black(You) lose.
