Wed Oct 28 00:38:25 PDT 2020

==Playing with qlearning_player==
=====Round 1=====
Black:TA White:You
Wed Oct 28 00:38:25 PDT 2020
Clean up...
Start Playing...
Black 1,2
----------
          
    X     
          
          
          
----------

White 2,1
----------
          
    X     
  O       
          
          
----------

Black 2,2
----------
          
    X     
  O X     
          
          
----------

White 3,1
----------
          
    X     
  O X     
  O       
          
----------

Black 0,0
----------
X         
    X     
  O X     
  O       
          
----------

White 0,1
----------
X O       
    X     
  O X     
  O       
          
----------

Black 2,3
----------
X O       
    X     
  O X X   
  O       
          
----------

White 1,0
----------
  O       
O   X     
  O X X   
  O       
          
----------

Black 0,2
----------
  O X     
O   X     
  O X X   
  O       
          
----------

White 3,2
----------
  O X     
O   X     
  O X X   
  O O     
          
----------

Black 0,3
----------
  O X X   
O   X     
  O X X   
  O O     
          
----------

White 3,3
----------
  O X X   
O   X     
  O X X   
  O O O   
          
----------

Black 0,4
----------
  O X X X 
O   X     
  O X X   
  O O O   
          
----------

White 3,4
----------
  O X X X 
O   X     
  O X X   
  O O O O 
          
----------

Black 1,1
----------
  O X X X 
O X X     
  O X X   
  O O O O 
          
----------

White 2,4
----------
  O X X X 
O X X     
  O X X O 
  O O O O 
          
----------

Black 0,0
----------
X   X X X 
O X X     
  O X X O 
  O O O O 
          
----------

White 1,4
----------
X   X X X 
O X X   O 
  O X X O 
  O O O O 
          
----------

Black 2,0
----------
X   X X X 
  X X   O 
X O X X O 
  O O O O 
          
----------

White 3,0
----------
X   X X X 
  X X   O 
X O X X O 
O O O O O 
          
----------

Black 4,2
----------
X   X X X 
  X X   O 
X O X X O 
O O O O O 
    X     
----------

White 1,0
----------
X   X X X 
O X X   O 
  O X X O 
O O O O O 
    X     
----------

Black 1,3
----------
X   X X X 
O X X X O 
  O X X O 
O O O O O 
    X     
----------

White 0,1
----------
  O       
O       O 
  O     O 
O O O O O 
    X     
----------

Game end.
The winner is O
ta time: 3.84
student time: 0.72
White(You) win!
=====Round 2=====
Black:You White:TA
Wed Oct 28 00:38:35 PDT 2020
Clean up...
Start Playing...
Black 2,2
----------
          
          
    X     
          
          
----------

White 2,1
----------
          
          
  O X     
          
          
----------

Black 1,2
----------
          
    X     
  O X     
          
          
----------

White 3,2
----------
          
    X     
  O X     
    O     
          
----------

Black 1,1
----------
          
  X X     
  O X     
    O     
          
----------

White 2,3
----------
          
  X X     
  O X O   
    O     
          
----------

Black 3,1
----------
          
  X X     
  O X O   
  X O     
          
----------

White 1,3
----------
          
  X X O   
  O X O   
  X O     
          
----------

Black 2,0
----------
          
  X X O   
X   X O   
  X O     
          
----------

White 3,3
----------
          
  X X O   
X   X O   
  X O O   
          
----------

Black 4,1
----------
          
  X X O   
X   X O   
  X O O   
  X       
----------

White 4,2
----------
          
  X X O   
X   X O   
  X O O   
  X O     
----------

Black 0,1
----------
  X       
  X X O   
X   X O   
  X O O   
  X O     
----------

White 0,2
----------
  X O     
  X X O   
X   X O   
  X O O   
  X O     
----------

Black 0,3
----------
  X   X   
  X X O   
X   X O   
  X O O   
  X O     
----------

White 2,4
----------
  X   X   
  X X O   
X   X O O 
  X O O   
  X O     
----------

Black 0,4
----------
  X   X X 
  X X O   
X   X O O 
  X O O   
  X O     
----------

White 3,4
----------
  X   X X 
  X X O   
X   X O O 
  X O O O 
  X O     
----------

Black 2,1
----------
  X   X X 
  X X O   
X X X O O 
  X O O O 
  X O     
----------

White 1,0
----------
  X   X X 
O X X O   
X X X O O 
  X O O O 
  X O     
----------

Black 0,0
----------
X X   X X 
  X X O   
X X X O O 
  X O O O 
  X O     
----------

White 4,3
----------
X X   X X 
  X X O   
X X X O O 
  X O O O 
  X O O   
----------

Black 1,4
----------
X X   X X 
  X X O X 
X X X O O 
  X O O O 
  X O O   
----------

White 0,2
----------
X X O     
  X X O   
X X X O O 
  X O O O 
  X O O   
----------

Game end.
The winner is O
ta time: 7.29
student time: 1.36
Black(You) lose.
=====Round 3=====
Black:TA White:You
Wed Oct 28 00:38:44 PDT 2020
Clean up...
Start Playing...
Black 1,2
----------
          
    X     
          
          
          
----------

White 2,1
----------
          
    X     
  O       
          
          
----------

Black 2,2
----------
          
    X     
  O X     
          
          
----------

White 3,1
----------
          
    X     
  O X     
  O       
          
----------

Black 0,0
----------
X         
    X     
  O X     
  O       
          
----------

White 0,1
----------
X O       
    X     
  O X     
  O       
          
----------

Black 2,3
----------
X O       
    X     
  O X X   
  O       
          
----------

White 1,0
----------
  O       
O   X     
  O X X   
  O       
          
----------

Black 0,2
----------
  O X     
O   X     
  O X X   
  O       
          
----------

White 3,2
----------
  O X     
O   X     
  O X X   
  O O     
          
----------

Black 0,3
----------
  O X X   
O   X     
  O X X   
  O O     
          
----------

White 3,3
----------
  O X X   
O   X     
  O X X   
  O O O   
          
----------

Black 0,4
----------
  O X X X 
O   X     
  O X X   
  O O O   
          
----------

White 3,4
----------
  O X X X 
O   X     
  O X X   
  O O O O 
          
----------

Black 2,4
----------
  O X X X 
O   X     
  O X X X 
  O O O O 
          
----------

White 1,1
----------
  O X X X 
O O X     
  O X X X 
  O O O O 
          
----------

Black 1,3
----------
  O X X X 
O O X X   
  O X X X 
  O O O O 
          
----------

White 1,4
----------
  O       
O O     O 
  O       
  O O O O 
          
----------

Black 2,2
----------
  O       
O O     O 
  O X     
  O O O O 
          
----------

White 1,2
----------
  O       
O O O   O 
  O X     
  O O O O 
          
----------

Black 2,3
----------
  O       
O O O   O 
  O X X   
  O O O O 
          
----------

White 1,3
----------
  O       
O O O O O 
  O X X   
  O O O O 
          
----------

Black 0,2
----------
  O X     
O O O O O 
  O X X   
  O O O O 
          
----------

White 2,4
----------
  O X     
O O O O O 
  O     O 
  O O O O 
          
----------

Game end.
The winner is O
ta time: 11.11
student time: 2.17
White(You) win!
=====Round 4=====
Black:You White:TA
Wed Oct 28 00:38:53 PDT 2020
Clean up...
Start Playing...
Black 2,2
----------
          
          
    X     
          
          
----------

White 2,1
----------
          
          
  O X     
          
          
----------

Black 1,2
----------
          
    X     
  O X     
          
          
----------

White 3,2
----------
          
    X     
  O X     
    O     
          
----------

Black 1,1
----------
          
  X X     
  O X     
    O     
          
----------

White 2,3
----------
          
  X X     
  O X O   
    O     
          
----------

Black 3,1
----------
          
  X X     
  O X O   
  X O     
          
----------

White 1,3
----------
          
  X X O   
  O X O   
  X O     
          
----------

Black 2,0
----------
          
  X X O   
X   X O   
  X O     
          
----------

White 2,4
----------
          
  X X O   
X   X O O 
  X O     
          
----------

Black 3,3
----------
          
  X X O   
X   X O O 
  X O X   
          
----------

White 0,2
----------
    O     
  X X O   
X   X O O 
  X O X   
          
----------

Black 4,2
----------
    O     
  X X O   
X   X O O 
  X   X   
    X     
----------

White 4,3
----------
    O     
  X X O   
X   X O O 
  X   X   
    X O   
----------

Black 4,4
----------
    O     
  X X O   
X   X O O 
  X   X   
    X   X 
----------

White 0,3
----------
    O O   
  X X O   
X   X O O 
  X   X   
    X   X 
----------

Black 0,1
----------
  X O O   
  X X O   
X   X O O 
  X   X   
    X   X 
----------

White 1,4
----------
  X O O   
  X X O O 
X   X O O 
  X   X   
    X   X 
----------

Black 3,4
----------
  X O O   
  X X O O 
X   X O O 
  X   X X 
    X   X 
----------

White 1,0
----------
  X O O   
O X X O O 
X   X O O 
  X   X X 
    X   X 
----------

Black 0,4
----------
  X     X 
O X X     
X   X     
  X   X X 
    X   X 
----------

White 2,3
----------
  X     X 
O X X     
X   X O   
  X   X X 
    X   X 
----------

Black 0,0
----------
X X     X 
  X X     
X   X O   
  X   X X 
    X   X 
----------

White 0,2
----------
X X O   X 
  X X     
X   X O   
  X   X X 
    X   X 
----------

Game end.
The winner is X
ta time: 14.53
student time: 2.76
Black(You) win!
=====Round 5=====
Black:TA White:You
Wed Oct 28 00:39:01 PDT 2020
Clean up...
Start Playing...
Black 1,2
----------
          
    X     
          
          
          
----------

White 2,1
----------
          
    X     
  O       
          
          
----------

Black 2,2
----------
          
    X     
  O X     
          
          
----------

White 3,1
----------
          
    X     
  O X     
  O       
          
----------

Black 0,0
----------
X         
    X     
  O X     
  O       
          
----------

White 0,1
----------
X O       
    X     
  O X     
  O       
          
----------

Black 2,3
----------
X O       
    X     
  O X X   
  O       
          
----------

White 1,0
----------
  O       
O   X     
  O X X   
  O       
          
----------

Black 0,2
----------
  O X     
O   X     
  O X X   
  O       
          
----------

White 3,2
----------
  O X     
O   X     
  O X X   
  O O     
          
----------

Black 0,3
----------
  O X X   
O   X     
  O X X   
  O O     
          
----------

White 3,3
----------
  O X X   
O   X     
  O X X   
  O O O   
          
----------

Black 0,4
----------
  O X X X 
O   X     
  O X X   
  O O O   
          
----------

White 3,4
----------
  O X X X 
O   X     
  O X X   
  O O O O 
          
----------

Black 1,1
----------
  O X X X 
O X X     
  O X X   
  O O O O 
          
----------

White 2,4
----------
  O X X X 
O X X     
  O X X O 
  O O O O 
          
----------

Black 0,0
----------
X   X X X 
O X X     
  O X X O 
  O O O O 
          
----------

White 1,4
----------
X   X X X 
O X X   O 
  O X X O 
  O O O O 
          
----------

Black 2,0
----------
X   X X X 
  X X   O 
X O X X O 
  O O O O 
          
----------

White 3,0
----------
X   X X X 
  X X   O 
X O X X O 
O O O O O 
          
----------

Black 4,2
----------
X   X X X 
  X X   O 
X O X X O 
O O O O O 
    X     
----------

White 1,0
----------
X   X X X 
O X X   O 
  O X X O 
O O O O O 
    X     
----------

Black 1,3
----------
X   X X X 
O X X X O 
  O X X O 
O O O O O 
    X     
----------

White 0,1
----------
  O       
O       O 
  O     O 
O O O O O 
    X     
----------

Game end.
The winner is O
ta time: 18.29
student time: 3.5
White(You) win!
=====Round 6=====
Black:You White:TA
Wed Oct 28 00:39:10 PDT 2020
Clean up...
Start Playing...
Black 2,2
----------
          
          
    X     
          
          
----------

White 2,1
----------
          
          
  O X     
          
          
----------

Black 1,2
----------
          
    X     
  O X     
          
          
----------

White 3,2
----------
          
    X     
  O X     
    O     
          
----------

Black 1,1
----------
          
  X X     
  O X     
    O     
          
----------

White 2,3
----------
          
  X X     
  O X O   
    O     
          
----------

Black 3,1
----------
          
  X X     
  O X O   
  X O     
          
----------

White 0,2
----------
    O     
  X X     
  O X O   
  X O     
          
----------

Black 2,0
----------
    O     
  X X     
X   X O   
  X O     
          
----------

White 4,2
----------
    O     
  X X     
X   X O   
  X O     
    O     
----------

Black 0,1
----------
  X O     
  X X     
X   X O   
  X O     
    O     
----------

White 1,3
----------
  X O     
  X X O   
X   X O   
  X O     
    O     
----------

Black 0,3
----------
  X   X   
  X X O   
X   X O   
  X O     
    O     
----------

White 2,4
----------
  X   X   
  X X O   
X   X O O 
  X O     
    O     
----------

Black 0,4
----------
  X   X X 
  X X O   
X   X O O 
  X O     
    O     
----------

White 3,3
----------
  X   X X 
  X X O   
X   X O O 
  X O O   
    O     
----------

Black 2,1
----------
  X   X X 
  X X O   
X X X O O 
  X O O   
    O     
----------

White 3,0
----------
  X   X X 
  X X O   
X X X O O 
O X O O   
    O     
----------

Black 4,0
----------
  X   X X 
  X X O   
X X X O O 
  X O O   
X   O     
----------

White 1,0
----------
  X   X X 
O X X O   
X X X O O 
  X O O   
X   O     
----------

Black 0,0
----------
X X   X X 
  X X O   
X X X O O 
  X O O   
X   O     
----------

White 1,4
----------
X X   X X 
  X X O O 
X X X O O 
  X O O   
X   O     
----------

Black 0,2
----------
X X X X X 
  X X O O 
X X X O O 
  X O O   
X   O     
----------

White 4,1
----------
X X X X X 
  X X O O 
X X X O O 
  X O O   
X O O     
----------

Game end.
The winner is X
ta time: 21.76
student time: 4.11
Black(You) win!
=====Round 7=====
Black:TA White:You
Wed Oct 28 00:39:19 PDT 2020
Clean up...
Start Playing...
Black 1,2
----------
          
    X     
          
          
          
----------

White 2,1
----------
          
    X     
  O       
          
          
----------

Black 2,2
----------
          
    X     
  O X     
          
          
----------

White 3,1
----------
          
    X     
  O X     
  O       
          
----------

Black 0,0
----------
X         
    X     
  O X     
  O       
          
----------

White 0,1
----------
X O       
    X     
  O X     
  O       
          
----------

Black 3,2
----------
X O       
    X     
  O X     
  O X     
          
----------

White 1,0
----------
  O       
O   X     
  O X     
  O X     
          
----------

Black 0,2
----------
  O X     
O   X     
  O X     
  O X     
          
----------

White 4,1
----------
  O X     
O   X     
  O X     
  O X     
  O       
----------

Black 2,3
----------
  O X     
O   X     
  O X X   
  O X     
  O       
----------

White 4,2
----------
  O X     
O   X     
  O X X   
  O X     
  O O     
----------

Black 1,3
----------
  O X     
O   X X   
  O X X   
  O X     
  O O     
----------

White 4,3
----------
  O X     
O   X X   
  O X X   
  O X     
  O O O   
----------

Black 3,3
----------
  O X     
O   X X   
  O X X   
  O X X   
  O O O   
----------

White 4,4
----------
  O X     
O   X X   
  O X X   
  O X X   
  O O O O 
----------

Black 2,0
----------
  O X     
O   X X   
X O X X   
  O X X   
  O O O O 
----------

White 3,0
----------
  O X     
O   X X   
  O X X   
O O X X   
  O O O O 
----------

Black 1,1
----------
  O X     
O X X X   
  O X X   
O O X X   
  O O O O 
----------

White 3,4
----------
  O X     
O X X X   
  O X X   
O O X X O 
  O O O O 
----------

Black 0,0
----------
X   X     
O X X X   
  O X X   
O O X X O 
  O O O O 
----------

White 2,4
----------
X   X     
O X X X   
  O X X O 
O O X X O 
  O O O O 
----------

Black 2,0
----------
X   X     
  X X X   
X O X X O 
O O X X O 
  O O O O 
----------

White 1,4
----------
X   X     
  X X X O 
X O X X O 
O O X X O 
  O O O O 
----------

Game end.
The winner is O
ta time: 25.58
student time: 4.81
White(You) win!
=====Round 8=====
Black:You White:TA
Wed Oct 28 00:39:28 PDT 2020
Clean up...
Start Playing...
Black 2,2
----------
          
          
    X     
          
          
----------

White 2,1
----------
          
          
  O X     
          
          
----------

Black 1,2
----------
          
    X     
  O X     
          
          
----------

White 3,2
----------
          
    X     
  O X     
    O     
          
----------

Black 1,1
----------
          
  X X     
  O X     
    O     
          
----------

White 2,3
----------
          
  X X     
  O X O   
    O     
          
----------

Black 3,1
----------
          
  X X     
  O X O   
  X O     
          
----------

White 1,3
----------
          
  X X O   
  O X O   
  X O     
          
----------

Black 2,0
----------
          
  X X O   
X   X O   
  X O     
          
----------

White 4,2
----------
          
  X X O   
X   X O   
  X O     
    O     
----------

Black 0,1
----------
  X       
  X X O   
X   X O   
  X O     
    O     
----------

White 3,3
----------
  X       
  X X O   
X   X O   
  X O O   
    O     
----------

Black 0,2
----------
  X X     
  X X O   
X   X O   
  X O O   
    O     
----------

White 2,4
----------
  X X     
  X X O   
X   X O O 
  X O O   
    O     
----------

Black 0,3
----------
  X X X   
  X X O   
X   X O O 
  X O O   
    O     
----------

White 4,3
----------
  X X X   
  X X O   
X   X O O 
  X O O   
    O O   
----------

Black 0,4
----------
  X X X X 
  X X O   
X   X O O 
  X O O   
    O O   
----------

White 3,0
----------
  X X X X 
  X X O   
X   X O O 
O X O O   
    O O   
----------

Black 4,0
----------
  X X X X 
  X X O   
X   X O O 
  X O O   
X   O O   
----------

White 3,4
----------
  X X X X 
  X X O   
X   X O O 
  X O O O 
X   O O   
----------

Black 2,1
----------
  X X X X 
  X X O   
X X X O O 
  X O O O 
X   O O   
----------

White 1,4
----------
  X X X X 
  X X O O 
X X X O O 
  X O O O 
X   O O   
----------

Black 4,1
----------
  X X X X 
  X X O O 
X X X O O 
  X O O O 
X X O O   
----------

White 1,0
----------
  X X X X 
O X X O O 
X X X O O 
  X O O O 
X X O O   
----------

Game end.
The winner is O
ta time: 29.05
student time: 5.44
Black(You) lose.
=====Round 9=====
Black:TA White:You
Wed Oct 28 00:39:36 PDT 2020
Clean up...
Start Playing...
Black 1,2
----------
          
    X     
          
          
          
----------

White 2,1
----------
          
    X     
  O       
          
          
----------

Black 2,2
----------
          
    X     
  O X     
          
          
----------

White 3,1
----------
          
    X     
  O X     
  O       
          
----------

Black 0,0
----------
X         
    X     
  O X     
  O       
          
----------

White 0,1
----------
X O       
    X     
  O X     
  O       
          
----------

Black 3,2
----------
X O       
    X     
  O X     
  O X     
          
----------

White 1,0
----------
  O       
O   X     
  O X     
  O X     
          
----------

Black 0,2
----------
  O X     
O   X     
  O X     
  O X     
          
----------

White 4,1
----------
  O X     
O   X     
  O X     
  O X     
  O       
----------

Black 2,3
----------
  O X     
O   X     
  O X X   
  O X     
  O       
----------

White 4,2
----------
  O X     
O   X     
  O X X   
  O X     
  O O     
----------

Black 2,4
----------
  O X     
O   X     
  O X X X 
  O X     
  O O     
----------

White 4,3
----------
  O X     
O   X     
  O X X X 
  O X     
  O O O   
----------

Black 2,0
----------
  O X     
O   X     
X O X X X 
  O X     
  O O O   
----------

White 3,0
----------
  O X     
O   X     
  O X X X 
O O X     
  O O O   
----------

Black 1,1
----------
  O X     
O X X     
  O X X X 
O O X     
  O O O   
----------

White 3,3
----------
  O X     
O X X     
  O X X X 
O O X O   
  O O O   
----------

Black 0,0
----------
X   X     
O X X     
  O X X X 
O O X O   
  O O O   
----------

White 2,0
----------
X   X     
O X X     
O O X X X 
O O X O   
  O O O   
----------

Black 1,3
----------
X   X     
O X X X   
O O X X X 
O O X O   
  O O O   
----------

White 0,1
----------
  O X     
O X X X   
O O X X X 
O O X O   
  O O O   
----------

Black 3,4
----------
  O X     
O X X X   
O O X X X 
O O X O X 
  O O O   
----------

White 0,0
----------
O O X     
O X X X   
O O X X X 
O O X O X 
  O O O   
----------

Game end.
The winner is O
ta time: 32.58
student time: 5.99
White(You) win!
=====Round 10=====
Black:You White:TA
Wed Oct 28 00:39:43 PDT 2020
Clean up...
Start Playing...
Black 2,2
----------
          
          
    X     
          
          
----------

White 2,1
----------
          
          
  O X     
          
          
----------

Black 1,2
----------
          
    X     
  O X     
          
          
----------

White 3,2
----------
          
    X     
  O X     
    O     
          
----------

Black 1,1
----------
          
  X X     
  O X     
    O     
          
----------

White 2,3
----------
          
  X X     
  O X O   
    O     
          
----------

Black 3,1
----------
          
  X X     
  O X O   
  X O     
          
----------

White 2,4
----------
          
  X X     
  O X O O 
  X O     
          
----------

Black 2,0
----------
          
  X X     
X   X O O 
  X O     
          
----------

White 1,3
----------
          
  X X O   
X   X O O 
  X O     
          
----------

Black 3,3
----------
          
  X X O   
X   X O O 
  X O X   
          
----------

White 0,2
----------
    O     
  X X O   
X   X O O 
  X O X   
          
----------

Black 4,2
----------
    O     
  X X O   
X   X O O 
  X   X   
    X     
----------

White 0,3
----------
    O O   
  X X O   
X   X O O 
  X   X   
    X     
----------

Black 0,1
----------
  X O O   
  X X O   
X   X O O 
  X   X   
    X     
----------

White 1,0
----------
  X O O   
O X X O   
X   X O O 
  X   X   
    X     
----------

Black 0,0
----------
X X O O   
  X X O   
X   X O O 
  X   X   
    X     
----------

White 4,1
----------
X X O O   
  X X O   
X   X O O 
  X   X   
  O X     
----------

Black 4,0
----------
X X O O   
  X X O   
X   X O O 
  X   X   
X   X     
----------

White 3,4
----------
X X O O   
  X X O   
X   X O O 
  X   X O 
X   X     
----------

Black 2,1
----------
X X O O   
  X X O   
X X X O O 
  X   X O 
X   X     
----------

White 4,3
----------
X X O O   
  X X O   
X X X O O 
  X   X O 
X   X O   
----------

Black 4,4
----------
X X O O   
  X X O   
X X X O O 
  X   X O 
X   X   X 
----------

White 1,4
----------
X X O O   
  X X O O 
X X X O O 
  X   X O 
X   X   X 
----------

Game end.
The winner is X
ta time: 36.04
student time: 6.45
Black(You) win!

==Playing with championship_player==
=====Round 1=====
Black:TA White:You
Wed Oct 28 00:39:51 PDT 2020
Clean up...
Start Playing...
Black 2,2
----------
          
          
    X     
          
          
----------

White 1,1
----------
          
  O       
    X     
          
          
----------

Black 1,2
----------
          
  O X     
    X     
          
          
----------

White 2,1
----------
          
  O X     
  O X     
          
          
----------

Black 3,1
----------
          
  O X     
  O X     
  X       
          
----------

White 0,1
----------
  O       
  O X     
  O X     
  X       
          
----------

Black 3,0
----------
  O       
  O X     
  O X     
X X       
          
----------

White 0,2
----------
  O O     
  O X     
  O X     
X X       
          
----------

Black 1,3
----------
  O O     
  O X X   
  O X     
X X       
          
----------

White 0,3
----------
  O O O   
  O X X   
  O X     
X X       
          
----------

Black 1,4
----------
  O O O   
  O X X X 
  O X     
X X       
          
----------

White 0,0
----------
O O O O   
  O X X X 
  O X     
X X       
          
----------

Black 2,0
----------
O O O O   
  O X X X 
X O X     
X X       
          
----------

White 0,4
----------
O O O O O 
  O X X X 
X O X     
X X       
          
----------

Black 1,0
----------
          
X   X X X 
X   X     
X X       
          
----------

White 3,3
----------
          
X   X X X 
X   X     
X X   O   
          
----------

Black 2,3
----------
          
X   X X X 
X   X X   
X X   O   
          
----------

White 3,2
----------
          
X   X X X 
X   X X   
X X O O   
          
----------

Black 4,1
----------
          
X   X X X 
X   X X   
X X O O   
  X       
----------

White 3,4
----------
          
X   X X X 
X   X X   
X X O O O 
  X       
----------

Black 2,1
----------
          
X   X X X 
X X X X   
X X O O O 
  X       
----------

White 2,4
----------
          
X   X X X 
X X X X O 
X X O O O 
  X       
----------

Black 0,3
----------
      X   
X   X X X 
X X X X O 
X X O O O 
  X       
----------

White 4,2
----------
      X   
X   X X X 
X X X X O 
X X O O O 
  X O     
----------

Game end.
The winner is X
ta time: 70.81
student time: 7.12
White(You) lose.
=====Round 2=====
Black:You White:TA
Wed Oct 28 00:40:23 PDT 2020
Clean up...
Start Playing...
Black 2,2
----------
          
          
    X     
          
          
----------

White 2,3
----------
          
          
    X O   
          
          
----------

Black 1,2
----------
          
    X     
    X O   
          
          
----------

White 3,3
----------
          
    X     
    X O   
      O   
          
----------

Black 1,1
----------
          
  X X     
    X O   
      O   
          
----------

White 3,2
----------
          
  X X     
    X O   
    O O   
          
----------

Black 1,3
----------
          
  X X X   
    X O   
    O O   
          
----------

White 3,1
----------
          
  X X X   
    X O   
  O O O   
          
----------

Black 1,0
----------
          
X X X X   
    X O   
  O O O   
          
----------

White 1,4
----------
          
X X X X O 
    X O   
  O O O   
          
----------

Black 2,4
----------
          
X X X X O 
    X O X 
  O O O   
          
----------

White 3,4
----------
          
X X X X O 
    X O   
  O O O O 
          
----------

Black 0,4
----------
        X 
X X X X O 
    X O   
  O O O O 
          
----------

White 2,4
----------
        X 
X X X X O 
    X O O 
  O O O O 
          
----------

Black 2,0
----------
        X 
X X X X O 
X   X O O 
  O O O O 
          
----------

White 0,3
----------
      O   
X X X X O 
X   X O O 
  O O O O 
          
----------

Black 0,2
----------
    X O   
X X X X O 
X   X O O 
  O O O O 
          
----------

White 0,4
----------
    X O O 
X X X X O 
X   X O O 
  O O O O 
          
----------

Black 2,1
----------
    X O O 
X X X X O 
X X X O O 
  O O O O 
          
----------

White 4,1
----------
    X O O 
X X X X O 
X X X O O 
  O O O O 
  O       
----------

Black 3,0
----------
    X O O 
X X X X O 
X X X O O 
X O O O O 
  O       
----------

White 4,2
----------
    X O O 
X X X X O 
X X X O O 
X O O O O 
  O O     
----------

Black 0,0
----------
X   X O O 
X X X X O 
X X X O O 
X O O O O 
  O O     
----------

White 4,3
----------
X   X O O 
X X X X O 
X X X O O 
X O O O O 
  O O O   
----------

Game end.
The winner is O
ta time: 98.96
student time: 7.91
Black(You) lose.
=====Round 3=====
Black:TA White:You
Wed Oct 28 00:40:47 PDT 2020
Clean up...
Start Playing...
Black 2,2
----------
          
          
    X     
          
          
----------

White 1,1
----------
          
  O       
    X     
          
          
----------

Black 2,1
----------
          
  O       
  X X     
          
          
----------

White 1,2
----------
          
  O O     
  X X     
          
          
----------

Black 1,3
----------
          
  O O X   
  X X     
          
          
----------

White 1,0
----------
          
O O O X   
  X X     
          
          
----------

Black 0,3
----------
      X   
O O O X   
  X X     
          
          
----------

White 2,0
----------
      X   
O O O X   
O X X     
          
          
----------

Black 3,1
----------
      X   
O O O X   
O X X     
  X       
          
----------

White 3,0
----------
      X   
O O O X   
O X X     
O X       
          
----------

Black 4,1
----------
      X   
O O O X   
O X X     
O X       
  X       
----------

White 0,0
----------
O     X   
O O O X   
O X X     
O X       
  X       
----------

Black 0,2
----------
O   X X   
O O O X   
O X X     
O X       
  X       
----------

White 0,1
----------
O O X X   
O O O X   
O X X     
O X       
  X       
----------

Black 4,0
----------
    X X   
      X   
  X X     
  X       
X X       
----------

White 3,3
----------
    X X   
      X   
  X X     
  X   O   
X X       
----------

Black 2,4
----------
    X X   
      X   
  X X   X 
  X   O   
X X       
----------

White 3,2
----------
    X X   
      X   
  X X   X 
  X O O   
X X       
----------

Black 4,2
----------
    X X   
      X   
  X X   X 
  X O O   
X X X     
----------

White 3,4
----------
    X X   
      X   
  X X   X 
  X O O O 
X X X     
----------

Black 2,3
----------
    X X   
      X   
  X X X X 
  X O O O 
X X X     
----------

White 4,3
----------
    X X   
      X   
  X X X X 
  X O O O 
X X X O   
----------

Black 4,4
----------
    X X   
      X   
  X X X X 
  X       
X X X   X 
----------

White 3,4
----------
    X X   
      X   
  X X X X 
  X     O 
X X X   X 
----------

Game end.
The winner is X
ta time: 132.91
student time: 8.84
White(You) lose.
=====Round 4=====
Black:You White:TA
Wed Oct 28 00:41:14 PDT 2020
Clean up...
Start Playing...
Black 2,2
----------
          
          
    X     
          
          
----------

White 1,1
----------
          
  O       
    X     
          
          
----------

Black 2,3
----------
          
  O       
    X X   
          
          
----------

White 1,2
----------
          
  O O     
    X X   
          
          
----------

Black 1,3
----------
          
  O O X   
    X X   
          
          
----------

White 2,1
----------
          
  O O X   
  O X X   
          
          
----------

Black 3,2
----------
          
  O O X   
  O X X   
    X     
          
----------

White 3,1
----------
          
  O O X   
  O X X   
  O X     
          
----------

Black 3,3
----------
          
  O O X   
  O X X   
  O X X   
          
----------

White 0,3
----------
      O   
  O O X   
  O X X   
  O X X   
          
----------

Black 0,2
----------
    X O   
  O O X   
  O X X   
  O X X   
          
----------

White 0,1
----------
  O   O   
  O O X   
  O X X   
  O X X   
          
----------

Black 0,4
----------
  O   O X 
  O O X   
  O X X   
  O X X   
          
----------

White 0,2
----------
  O O O X 
  O O X   
  O X X   
  O X X   
          
----------

Black 3,4
----------
  O O O X 
  O O X   
  O X X   
  O X X X 
          
----------

White 1,4
----------
  O O O   
  O O X O 
  O X X   
  O X X X 
          
----------

Black 2,4
----------
  O O O   
  O O X O 
  O X X X 
  O X X X 
          
----------

White 0,4
----------
  O O O O 
  O O X O 
  O X X X 
  O X X X 
          
----------

Black 4,2
----------
  O O O O 
  O O X O 
  O X X X 
  O X X X 
    X     
----------

White 4,1
----------
  O O O O 
  O O X O 
  O X X X 
  O X X X 
  O X     
----------

Black 4,3
----------
  O O O O 
  O O X O 
  O X X X 
  O X X X 
  O X X   
----------

White 3,0
----------
  O O O O 
  O O X O 
  O X X X 
O O X X X 
  O X X   
----------

Black 1,0
----------
  O O O O 
X O O X O 
  O X X X 
O O X X X 
  O X X   
----------

White 0,0
----------
O O O O O 
X O O X O 
  O X X X 
O O X X X 
  O X X   
----------

Game end.
The winner is O
ta time: 161.17
student time: 9.6
Black(You) lose.
=====Round 5=====
Black:TA White:You
Wed Oct 28 00:41:38 PDT 2020
Clean up...
Start Playing...
Black 2,2
----------
          
          
    X     
          
          
----------

White 1,1
----------
          
  O       
    X     
          
          
----------

Black 2,1
----------
          
  O       
  X X     
          
          
----------

White 1,2
----------
          
  O O     
  X X     
          
          
----------

Black 1,3
----------
          
  O O X   
  X X     
          
          
----------

White 1,0
----------
          
O O O X   
  X X     
          
          
----------

Black 0,3
----------
      X   
O O O X   
  X X     
          
          
----------

White 2,0
----------
      X   
O O O X   
O X X     
          
          
----------

Black 3,1
----------
      X   
O O O X   
O X X     
  X       
          
----------

White 3,0
----------
      X   
O O O X   
O X X     
O X       
          
----------

Black 4,1
----------
      X   
O O O X   
O X X     
O X       
  X       
----------

White 0,0
----------
O     X   
O O O X   
O X X     
O X       
  X       
----------

Black 0,2
----------
O   X X   
O O O X   
O X X     
O X       
  X       
----------

White 0,1
----------
O O X X   
O O O X   
O X X     
O X       
  X       
----------

Black 4,0
----------
    X X   
      X   
  X X     
  X       
X X       
----------

White 3,3
----------
    X X   
      X   
  X X     
  X   O   
X X       
----------

Black 4,2
----------
    X X   
      X   
  X X     
  X   O   
X X X     
----------

White 2,3
----------
    X X   
      X   
  X X O   
  X   O   
X X X     
----------

Black 1,4
----------
    X X   
      X X 
  X X O   
  X   O   
X X X     
----------

White 3,2
----------
    X X   
      X X 
  X X O   
  X O O   
X X X     
----------

Black 4,3
----------
    X X   
      X X 
  X X O   
  X O O   
X X X X   
----------

White 3,4
----------
    X X   
      X X 
  X X O   
  X O O O 
X X X X   
----------

Black 1,2
----------
    X X   
    X X X 
  X X O   
  X O O O 
X X X X   
----------

White 2,4
----------
    X X   
    X X X 
  X X O O 
  X O O O 
X X X X   
----------

Game end.
The winner is X
ta time: 196.05
student time: 10.53
White(You) lose.
=====Round 6=====
Black:You White:TA
Wed Oct 28 00:42:06 PDT 2020
Clean up...
Start Playing...
Black 2,2
----------
          
          
    X     
          
          
----------

White 2,3
----------
          
          
    X O   
          
          
----------

Black 1,2
----------
          
    X     
    X O   
          
          
----------

White 3,3
----------
          
    X     
    X O   
      O   
          
----------

Black 1,1
----------
          
  X X     
    X O   
      O   
          
----------

White 3,2
----------
          
  X X     
    X O   
    O O   
          
----------

Black 1,3
----------
          
  X X X   
    X O   
    O O   
          
----------

White 3,1
----------
          
  X X X   
    X O   
  O O O   
          
----------

Black 1,0
----------
          
X X X X   
    X O   
  O O O   
          
----------

White 1,4
----------
          
X X X X O 
    X O   
  O O O   
          
----------

Black 2,4
----------
          
X X X X O 
    X O X 
  O O O   
          
----------

White 3,4
----------
          
X X X X O 
    X O   
  O O O O 
          
----------

Black 0,4
----------
        X 
X X X X O 
    X O   
  O O O O 
          
----------

White 2,4
----------
        X 
X X X X O 
    X O O 
  O O O O 
          
----------

Black 2,0
----------
        X 
X X X X O 
X   X O O 
  O O O O 
          
----------

White 0,3
----------
      O   
X X X X O 
X   X O O 
  O O O O 
          
----------

Black 0,2
----------
    X O   
X X X X O 
X   X O O 
  O O O O 
          
----------

White 0,4
----------
    X O O 
X X X X O 
X   X O O 
  O O O O 
          
----------

Black 2,1
----------
    X O O 
X X X X O 
X X X O O 
  O O O O 
          
----------

White 3,0
----------
    X O O 
X X X X O 
X X X O O 
O O O O O 
          
----------

Black 0,0
----------
X   X O O 
X X X X O 
X X X O O 
O O O O O 
          
----------

White 4,2
----------
X   X O O 
X X X X O 
X X X O O 
O O O O O 
    O     
----------

Black 4,0
----------
X   X O O 
X X X X O 
X X X O O 
O O O O O 
X   O     
----------

White 0,1
----------
  O   O O 
        O 
      O O 
O O O O O 
X   O     
----------

Game end.
The winner is O
ta time: 222.76
student time: 11.3
Black(You) lose.
=====Round 7=====
Black:TA White:You
Wed Oct 28 00:42:31 PDT 2020
Clean up...
Start Playing...
Black 2,2
----------
          
          
    X     
          
          
----------

White 1,1
----------
          
  O       
    X     
          
          
----------

Black 2,1
----------
          
  O       
  X X     
          
          
----------

White 1,2
----------
          
  O O     
  X X     
          
          
----------

Black 1,3
----------
          
  O O X   
  X X     
          
          
----------

White 1,0
----------
          
O O O X   
  X X     
          
          
----------

Black 0,3
----------
      X   
O O O X   
  X X     
          
          
----------

White 2,0
----------
      X   
O O O X   
O X X     
          
          
----------

Black 3,1
----------
      X   
O O O X   
O X X     
  X       
          
----------

White 3,0
----------
      X   
O O O X   
O X X     
O X       
          
----------

Black 4,1
----------
      X   
O O O X   
O X X     
O X       
  X       
----------

White 0,0
----------
O     X   
O O O X   
O X X     
O X       
  X       
----------

Black 0,2
----------
O   X X   
O O O X   
O X X     
O X       
  X       
----------

White 0,1
----------
O O X X   
O O O X   
O X X     
O X       
  X       
----------

Black 4,0
----------
    X X   
      X   
  X X     
  X       
X X       
----------

White 3,3
----------
    X X   
      X   
  X X     
  X   O   
X X       
----------

Black 2,4
----------
    X X   
      X   
  X X   X 
  X   O   
X X       
----------

White 3,2
----------
    X X   
      X   
  X X   X 
  X O O   
X X       
----------

Black 4,2
----------
    X X   
      X   
  X X   X 
  X O O   
X X X     
----------

White 3,4
----------
    X X   
      X   
  X X   X 
  X O O O 
X X X     
----------

Black 2,3
----------
    X X   
      X   
  X X X X 
  X O O O 
X X X     
----------

White 4,3
----------
    X X   
      X   
  X X X X 
  X O O O 
X X X O   
----------

Black 4,4
----------
    X X   
      X   
  X X X X 
  X       
X X X   X 
----------

White 3,4
----------
    X X   
      X   
  X X X X 
  X     O 
X X X   X 
----------

Game end.
The winner is X
ta time: 257.68
student time: 12.28
White(You) lose.
=====Round 8=====
Black:You White:TA
Wed Oct 28 00:42:59 PDT 2020
Clean up...
Start Playing...
Black 2,2
----------
          
          
    X     
          
          
----------

White 2,3
----------
          
          
    X O   
          
          
----------

Black 1,2
----------
          
    X     
    X O   
          
          
----------

White 3,3
----------
          
    X     
    X O   
      O   
          
----------

Black 1,1
----------
          
  X X     
    X O   
      O   
          
----------

White 3,2
----------
          
  X X     
    X O   
    O O   
          
----------

Black 1,3
----------
          
  X X X   
    X O   
    O O   
          
----------

White 3,1
----------
          
  X X X   
    X O   
  O O O   
          
----------

Black 1,0
----------
          
X X X X   
    X O   
  O O O   
          
----------

White 1,4
----------
          
X X X X O 
    X O   
  O O O   
          
----------

Black 2,4
----------
          
X X X X O 
    X O X 
  O O O   
          
----------

White 3,4
----------
          
X X X X O 
    X O   
  O O O O 
          
----------

Black 0,4
----------
        X 
X X X X O 
    X O   
  O O O O 
          
----------

White 2,4
----------
        X 
X X X X O 
    X O O 
  O O O O 
          
----------

Black 2,0
----------
        X 
X X X X O 
X   X O O 
  O O O O 
          
----------

White 0,3
----------
      O   
X X X X O 
X   X O O 
  O O O O 
          
----------

Black 0,2
----------
    X O   
X X X X O 
X   X O O 
  O O O O 
          
----------

White 0,4
----------
    X O O 
X X X X O 
X   X O O 
  O O O O 
          
----------

Black 2,1
----------
    X O O 
X X X X O 
X X X O O 
  O O O O 
          
----------

White 4,1
----------
    X O O 
X X X X O 
X X X O O 
  O O O O 
  O       
----------

Black 3,0
----------
    X O O 
X X X X O 
X X X O O 
X O O O O 
  O       
----------

White 4,2
----------
    X O O 
X X X X O 
X X X O O 
X O O O O 
  O O     
----------

Black 0,0
----------
X   X O O 
X X X X O 
X X X O O 
X O O O O 
  O O     
----------

White 4,0
----------
X   X O O 
X X X X O 
X X X O O 
X O O O O 
O O O     
----------

Game end.
The winner is O
ta time: 284.67
student time: 13.09
Black(You) lose.
=====Round 9=====
Black:TA White:You
Wed Oct 28 00:43:24 PDT 2020
Clean up...
Start Playing...
Black 2,2
----------
          
          
    X     
          
          
----------

White 1,1
----------
          
  O       
    X     
          
          
----------

Black 2,1
----------
          
  O       
  X X     
          
          
----------

White 1,2
----------
          
  O O     
  X X     
          
          
----------

Black 1,3
----------
          
  O O X   
  X X     
          
          
----------

White 1,0
----------
          
O O O X   
  X X     
          
          
----------

Black 0,3
----------
      X   
O O O X   
  X X     
          
          
----------

White 2,0
----------
      X   
O O O X   
O X X     
          
          
----------

Black 3,1
----------
      X   
O O O X   
O X X     
  X       
          
----------

White 3,0
----------
      X   
O O O X   
O X X     
O X       
          
----------

Black 4,1
----------
      X   
O O O X   
O X X     
O X       
  X       
----------

White 0,0
----------
O     X   
O O O X   
O X X     
O X       
  X       
----------

Black 0,2
----------
O   X X   
O O O X   
O X X     
O X       
  X       
----------

White 0,1
----------
O O X X   
O O O X   
O X X     
O X       
  X       
----------

Black 4,0
----------
    X X   
      X   
  X X     
  X       
X X       
----------

White 3,3
----------
    X X   
      X   
  X X     
  X   O   
X X       
----------

Black 2,4
----------
    X X   
      X   
  X X   X 
  X   O   
X X       
----------

White 3,2
----------
    X X   
      X   
  X X   X 
  X O O   
X X       
----------

Black 3,4
----------
    X X   
      X   
  X X   X 
  X O O X 
X X       
----------

White 4,3
----------
    X X   
      X   
  X X   X 
  X O O X 
X X   O   
----------

Black 4,2
----------
    X X   
      X   
  X X   X 
  X O O X 
X X X O   
----------

White 2,3
----------
    X X   
      X   
  X X O X 
  X O O X 
X X X O   
----------

Black 1,2
----------
    X X   
    X X   
  X X O X 
  X O O X 
X X X O   
----------

White 1,4
----------
    X X   
    X X O 
  X X O X 
  X O O X 
X X X O   
----------

Game end.
The winner is X
ta time: 318.61
student time: 14.02
White(You) lose.
=====Round 10=====
Black:You White:TA
Wed Oct 28 00:43:53 PDT 2020
Clean up...
Start Playing...
Black 2,2
----------
          
          
    X     
          
          
----------

White 1,3
----------
          
      O   
    X     
          
          
----------

Black 2,1
----------
          
      O   
  X X     
          
          
----------

White 1,2
----------
          
    O O   
  X X     
          
          
----------

Black 1,1
----------
          
  X O O   
  X X     
          
          
----------

White 2,3
----------
          
  X O O   
  X X O   
          
          
----------

Black 3,1
----------
          
  X O O   
  X X O   
  X       
          
----------

White 3,3
----------
          
  X O O   
  X X O   
  X   O   
          
----------

Black 0,1
----------
  X       
  X O O   
  X X O   
  X   O   
          
----------

White 0,2
----------
  X O     
  X O O   
  X X O   
  X   O   
          
----------

Black 3,2
----------
  X O     
  X O O   
  X X O   
  X X O   
          
----------

White 4,3
----------
  X O     
  X O O   
  X X O   
  X X O   
      O   
----------

Black 3,0
----------
  X O     
  X O O   
  X X O   
X X X O   
      O   
----------

White 2,4
----------
  X O     
  X O O   
  X X O O 
X X X O   
      O   
----------

Black 0,0
----------
X X O     
  X O O   
  X X O O 
X X X O   
      O   
----------

White 1,4
----------
X X O     
  X O O O 
  X X O O 
X X X O   
      O   
----------

Black 1,0
----------
X X O     
X X O O O 
  X X O O 
X X X O   
      O   
----------

White 0,4
----------
X X O   O 
X X O O O 
  X X O O 
X X X O   
      O   
----------

Black 2,0
----------
X X O   O 
X X O O O 
X X X O O 
X X X O   
      O   
----------

White 4,1
----------
X X O   O 
X X O O O 
X X X O O 
X X X O   
  O   O   
----------

Black 4,0
----------
X X O   O 
X X O O O 
X X X O O 
X X X O   
X O   O   
----------

White 4,2
----------
    O   O 
    O O O 
      O O 
      O   
  O O O   
----------

Black 2,1
----------
    O   O 
    O O O 
  X   O O 
      O   
  O O O   
----------

White 3,0
----------
    O   O 
    O O O 
  X   O O 
O     O   
  O O O   
----------

Game end.
The winner is O
ta time: 354.03
student time: 14.95
Black(You) lose.
