Thu Oct 29 01:29:50 PDT 2020

==Playing with qlearning_player==
=====Round 1=====
Black:TA White:You
Thu Oct 29 01:29:50 PDT 2020
Clean up...
Start Playing...
Black 1,2
----------
          
    X     
          
          
          
----------

White 2,1
----------
          
    X     
  O       
          
          
----------

Black 2,2
----------
          
    X     
  O X     
          
          
----------

White 3,1
----------
          
    X     
  O X     
  O       
          
----------

Black 0,0
----------
X         
    X     
  O X     
  O       
          
----------

White 0,1
----------
X O       
    X     
  O X     
  O       
          
----------

Black 2,3
----------
X O       
    X     
  O X X   
  O       
          
----------

White 1,0
----------
  O       
O   X     
  O X X   
  O       
          
----------

Black 0,2
----------
  O X     
O   X     
  O X X   
  O       
          
----------

White 3,2
----------
  O X     
O   X     
  O X X   
  O O     
          
----------

Black 0,3
----------
  O X X   
O   X     
  O X X   
  O O     
          
----------

White 3,3
----------
  O X X   
O   X     
  O X X   
  O O O   
          
----------

Black 0,4
----------
  O X X X 
O   X     
  O X X   
  O O O   
          
----------

White 3,4
----------
  O X X X 
O   X     
  O X X   
  O O O O 
          
----------

Black 1,3
----------
  O X X X 
O   X X   
  O X X   
  O O O O 
          
----------

White 2,4
----------
  O X X X 
O   X X   
  O X X O 
  O O O O 
          
----------

Black 2,0
----------
  O X X X 
O   X X   
X O X X O 
  O O O O 
          
----------

White 1,1
----------
  O X X X 
O O X X   
X O X X O 
  O O O O 
          
----------

Black 4,2
----------
  O X X X 
O O X X   
X O X X O 
  O O O O 
    X     
----------

White 1,4
----------
  O       
O O     O 
X O     O 
  O O O O 
    X     
----------

Black 2,2
----------
  O       
O O     O 
X O X   O 
  O O O O 
    X     
----------

White 3,0
----------
  O       
O O     O 
  O X   O 
O O O O O 
    X     
----------

Black 1,2
----------
  O       
O O X   O 
  O X   O 
O O O O O 
    X     
----------

White 4,1
----------
  O       
O O X   O 
  O X   O 
O O O O O 
  O X     
----------

Game end.
The winner is O
ta time: 3.92
student time: 0.93
White(You) win!
=====Round 2=====
Black:You White:TA
Thu Oct 29 01:30:00 PDT 2020
Clean up...
Start Playing...
Black 2,2
----------
          
          
    X     
          
          
----------

White 2,1
----------
          
          
  O X     
          
          
----------

Black 1,2
----------
          
    X     
  O X     
          
          
----------

White 3,2
----------
          
    X     
  O X     
    O     
          
----------

Black 1,1
----------
          
  X X     
  O X     
    O     
          
----------

White 2,3
----------
          
  X X     
  O X O   
    O     
          
----------

Black 3,1
----------
          
  X X     
  O X O   
  X O     
          
----------

White 0,2
----------
    O     
  X X     
  O X O   
  X O     
          
----------

Black 2,0
----------
    O     
  X X     
X   X O   
  X O     
          
----------

White 3,3
----------
    O     
  X X     
X   X O   
  X O O   
          
----------

Black 0,1
----------
  X O     
  X X     
X   X O   
  X O O   
          
----------

White 4,2
----------
  X O     
  X X     
X   X O   
  X O O   
    O     
----------

Black 0,3
----------
  X   X   
  X X     
X   X O   
  X O O   
    O     
----------

White 0,0
----------
O X   X   
  X X     
X   X O   
  X O O   
    O     
----------

Black 1,0
----------
  X   X   
X X X     
X   X O   
  X O O   
    O     
----------

White 0,4
----------
  X   X O 
X X X     
X   X O   
  X O O   
    O     
----------

Black 1,4
----------
  X   X   
X X X   X 
X   X O   
  X O O   
    O     
----------

White 2,4
----------
  X   X   
X X X   X 
X   X O O 
  X O O   
    O     
----------

Black 3,0
----------
  X   X   
X X X   X 
X   X O O 
X X O O   
    O     
----------

White 1,3
----------
  X   X   
X X X O X 
X   X O O 
X X O O   
    O     
----------

Black 2,1
----------
  X   X   
X X X O X 
X X X O O 
X X O O   
    O     
----------

White 0,4
----------
  X   X O 
X X X O   
X X X O O 
X X O O   
    O     
----------

Black 0,0
----------
X X   X O 
X X X O   
X X X O O 
X X O O   
    O     
----------

White 0,2
----------
X X O   O 
X X X O   
X X X O O 
X X O O   
    O     
----------

Game end.
The winner is O
ta time: 7.59
student time: 1.63
Black(You) lose.
=====Round 3=====
Black:TA White:You
Thu Oct 29 01:30:10 PDT 2020
Clean up...
Start Playing...
Black 1,2
----------
          
    X     
          
          
          
----------

White 2,1
----------
          
    X     
  O       
          
          
----------

Black 2,2
----------
          
    X     
  O X     
          
          
----------

White 3,1
----------
          
    X     
  O X     
  O       
          
----------

Black 0,0
----------
X         
    X     
  O X     
  O       
          
----------

White 0,1
----------
X O       
    X     
  O X     
  O       
          
----------

Black 3,2
----------
X O       
    X     
  O X     
  O X     
          
----------

White 1,0
----------
  O       
O   X     
  O X     
  O X     
          
----------

Black 0,2
----------
  O X     
O   X     
  O X     
  O X     
          
----------

White 4,1
----------
  O X     
O   X     
  O X     
  O X     
  O       
----------

Black 2,3
----------
  O X     
O   X     
  O X X   
  O X     
  O       
----------

White 4,2
----------
  O X     
O   X     
  O X X   
  O X     
  O O     
----------

Black 2,4
----------
  O X     
O   X     
  O X X X 
  O X     
  O O     
----------

White 4,3
----------
  O X     
O   X     
  O X X X 
  O X     
  O O O   
----------

Black 1,3
----------
  O X     
O   X X   
  O X X X 
  O X     
  O O O   
----------

White 3,3
----------
  O X     
O   X X   
  O X X X 
  O X O   
  O O O   
----------

Black 1,1
----------
  O X     
O X X X   
  O X X X 
  O X O   
  O O O   
----------

White 2,0
----------
  O X     
O X X X   
O O X X X 
  O X O   
  O O O   
----------

Black 0,0
----------
X   X     
O X X X   
O O X X X 
  O X O   
  O O O   
----------

White 3,0
----------
X   X     
O X X X   
O O X X X 
O O X O   
  O O O   
----------

Black 0,3
----------
X   X X   
O X X X   
O O X X X 
O O X O   
  O O O   
----------

White 3,4
----------
X   X X   
O X X X   
O O X X X 
O O X O O 
  O O O   
----------

Black 1,4
----------
X   X X   
O X X X X 
O O X X X 
O O X O O 
  O O O   
----------

White 0,1
----------
  O X X   
O X X X X 
O O X X X 
O O X O O 
  O O O   
----------

Game end.
The winner is O
ta time: 11.42
student time: 2.21
White(You) win!
=====Round 4=====
Black:You White:TA
Thu Oct 29 01:30:19 PDT 2020
Clean up...
Start Playing...
Black 2,2
----------
          
          
    X     
          
          
----------

White 2,1
----------
          
          
  O X     
          
          
----------

Black 1,2
----------
          
    X     
  O X     
          
          
----------

White 3,2
----------
          
    X     
  O X     
    O     
          
----------

Black 1,1
----------
          
  X X     
  O X     
    O     
          
----------

White 2,3
----------
          
  X X     
  O X O   
    O     
          
----------

Black 3,1
----------
          
  X X     
  O X O   
  X O     
          
----------

White 1,3
----------
          
  X X O   
  O X O   
  X O     
          
----------

Black 2,0
----------
          
  X X O   
X   X O   
  X O     
          
----------

White 0,2
----------
    O     
  X X O   
X   X O   
  X O     
          
----------

Black 0,1
----------
  X O     
  X X O   
X   X O   
  X O     
          
----------

White 2,4
----------
  X O     
  X X O   
X   X O O 
  X O     
          
----------

Black 4,1
----------
  X O     
  X X O   
X   X O O 
  X O     
  X       
----------

White 4,2
----------
  X O     
  X X O   
X   X O O 
  X O     
  X O     
----------

Black 2,1
----------
  X O     
  X X O   
X X X O O 
  X O     
  X O     
----------

White 3,3
----------
  X O     
  X X O   
X X X O O 
  X O O   
  X O     
----------

Black 0,0
----------
X X O     
  X X O   
X X X O O 
  X O O   
  X O     
----------

White 4,3
----------
X X O     
  X X O   
X X X O O 
  X O O   
  X O O   
----------

Black 1,0
----------
X X O     
X X X O   
X X X O O 
  X O O   
  X O O   
----------

White 1,4
----------
X X O     
X X X O O 
X X X O O 
  X O O   
  X O O   
----------

Black 0,3
----------
X X   X   
X X X O O 
X X X O O 
  X O O   
  X O O   
----------

White 3,0
----------
X X   X   
X X X O O 
X X X O O 
O X O O   
  X O O   
----------

Black 0,2
----------
X X X X   
X X X O O 
X X X O O 
O X O O   
  X O O   
----------

White 3,4
----------
X X X X   
X X X O O 
X X X O O 
O X O O O 
  X O O   
----------

Game end.
The winner is O
ta time: 14.61
student time: 2.85
Black(You) lose.
=====Round 5=====
Black:TA White:You
Thu Oct 29 01:30:29 PDT 2020
Clean up...
Start Playing...
Black 1,2
----------
          
    X     
          
          
          
----------

White 2,1
----------
          
    X     
  O       
          
          
----------

Black 2,2
----------
          
    X     
  O X     
          
          
----------

White 3,1
----------
          
    X     
  O X     
  O       
          
----------

Black 0,0
----------
X         
    X     
  O X     
  O       
          
----------

White 0,1
----------
X O       
    X     
  O X     
  O       
          
----------

Black 2,3
----------
X O       
    X     
  O X X   
  O       
          
----------

White 1,0
----------
  O       
O   X     
  O X X   
  O       
          
----------

Black 0,2
----------
  O X     
O   X     
  O X X   
  O       
          
----------

White 3,2
----------
  O X     
O   X     
  O X X   
  O O     
          
----------

Black 0,3
----------
  O X X   
O   X     
  O X X   
  O O     
          
----------

White 3,3
----------
  O X X   
O   X     
  O X X   
  O O O   
          
----------

Black 0,4
----------
  O X X X 
O   X     
  O X X   
  O O O   
          
----------

White 3,4
----------
  O X X X 
O   X     
  O X X   
  O O O O 
          
----------

Black 1,3
----------
  O X X X 
O   X X   
  O X X   
  O O O O 
          
----------

White 2,4
----------
  O X X X 
O   X X   
  O X X O 
  O O O O 
          
----------

Black 4,2
----------
  O X X X 
O   X X   
  O X X O 
  O O O O 
    X     
----------

White 1,1
----------
  O X X X 
O O X X   
  O X X O 
  O O O O 
    X     
----------

Black 2,0
----------
  O X X X 
O O X X   
X O X X O 
  O O O O 
    X     
----------

White 1,4
----------
  O       
O O     O 
X O     O 
  O O O O 
    X     
----------

Black 2,2
----------
  O       
O O     O 
X O X   O 
  O O O O 
    X     
----------

White 3,0
----------
  O       
O O     O 
  O X   O 
O O O O O 
    X     
----------

Black 1,2
----------
  O       
O O X   O 
  O X   O 
O O O O O 
    X     
----------

White 4,1
----------
  O       
O O X   O 
  O X   O 
O O O O O 
  O X     
----------

Game end.
The winner is O
ta time: 18.4
student time: 3.27
White(You) win!
=====Round 6=====
Black:You White:TA
Thu Oct 29 01:30:39 PDT 2020
Clean up...
Start Playing...
Black 2,2
----------
          
          
    X     
          
          
----------

White 2,1
----------
          
          
  O X     
          
          
----------

Black 1,2
----------
          
    X     
  O X     
          
          
----------

White 3,2
----------
          
    X     
  O X     
    O     
          
----------

Black 1,1
----------
          
  X X     
  O X     
    O     
          
----------

White 2,3
----------
          
  X X     
  O X O   
    O     
          
----------

Black 3,1
----------
          
  X X     
  O X O   
  X O     
          
----------

White 4,2
----------
          
  X X     
  O X O   
  X O     
    O     
----------

Black 2,0
----------
          
  X X     
X   X O   
  X O     
    O     
----------

White 3,3
----------
          
  X X     
X   X O   
  X O O   
    O     
----------

Black 1,3
----------
          
  X X X   
X   X O   
  X O O   
    O     
----------

White 2,4
----------
          
  X X X   
X   X O O 
  X O O   
    O     
----------

Black 0,1
----------
  X       
  X X X   
X   X O O 
  X O O   
    O     
----------

White 0,2
----------
  X O     
  X X X   
X   X O O 
  X O O   
    O     
----------

Black 0,3
----------
  X   X   
  X X X   
X   X O O 
  X O O   
    O     
----------

White 3,4
----------
  X   X   
  X X X   
X   X O O 
  X O O O 
    O     
----------

Black 3,0
----------
  X   X   
  X X X   
X   X O O 
X X O O O 
    O     
----------

White 4,1
----------
  X   X   
  X X X   
X   X O O 
X X O O O 
  O O     
----------

Black 2,1
----------
  X   X   
  X X X   
X X X O O 
X X O O O 
  O O     
----------

White 1,0
----------
  X   X   
O X X X   
X X X O O 
X X O O O 
  O O     
----------

Black 0,0
----------
X X   X   
  X X X   
X X X O O 
X X O O O 
  O O     
----------

White 4,3
----------
X X   X   
  X X X   
X X X O O 
X X O O O 
  O O O   
----------

Black 0,2
----------
X X X X   
  X X X   
X X X O O 
X X O O O 
  O O O   
----------

White 1,4
----------
X X X X   
  X X X O 
X X X O O 
X X O O O 
  O O O   
----------

Game end.
The winner is X
ta time: 21.78
student time: 4.11
Black(You) win!
=====Round 7=====
Black:TA White:You
Thu Oct 29 01:30:48 PDT 2020
Clean up...
Start Playing...
Black 1,2
----------
          
    X     
          
          
          
----------

White 2,1
----------
          
    X     
  O       
          
          
----------

Black 2,2
----------
          
    X     
  O X     
          
          
----------

White 3,1
----------
          
    X     
  O X     
  O       
          
----------

Black 0,0
----------
X         
    X     
  O X     
  O       
          
----------

White 0,1
----------
X O       
    X     
  O X     
  O       
          
----------

Black 3,2
----------
X O       
    X     
  O X     
  O X     
          
----------

White 1,0
----------
  O       
O   X     
  O X     
  O X     
          
----------

Black 0,2
----------
  O X     
O   X     
  O X     
  O X     
          
----------

White 4,1
----------
  O X     
O   X     
  O X     
  O X     
  O       
----------

Black 2,3
----------
  O X     
O   X     
  O X X   
  O X     
  O       
----------

White 4,2
----------
  O X     
O   X     
  O X X   
  O X     
  O O     
----------

Black 2,4
----------
  O X     
O   X     
  O X X X 
  O X     
  O O     
----------

White 4,3
----------
  O X     
O   X     
  O X X X 
  O X     
  O O O   
----------

Black 3,3
----------
  O X     
O   X     
  O X X X 
  O X X   
  O O O   
----------

White 4,4
----------
  O X     
O   X     
  O X X X 
  O X X   
  O O O O 
----------

Black 1,3
----------
  O X     
O   X X   
  O X X X 
  O X X   
  O O O O 
----------

White 1,1
----------
  O X     
O O X X   
  O X X X 
  O X X   
  O O O O 
----------

Black 2,0
----------
  O X     
O O X X   
X O X X X 
  O X X   
  O O O O 
----------

White 3,0
----------
  O X     
O O X X   
  O X X X 
O O X X   
  O O O O 
----------

Black 1,4
----------
  O X     
O O X X X 
  O X X X 
O O X X   
  O O O O 
----------

White 0,0
----------
O O X     
O O X X X 
  O X X X 
O O X X   
  O O O O 
----------

Black 3,4
----------
O O X     
O O X X X 
  O X X X 
O O X X X 
  O O O O 
----------

White 0,3
----------
O O X O   
O O X X X 
  O X X X 
O O X X X 
  O O O O 
----------

Game end.
The winner is O
ta time: 25.59
student time: 4.68
White(You) win!
=====Round 8=====
Black:You White:TA
Thu Oct 29 01:30:58 PDT 2020
Clean up...
Start Playing...
Black 2,2
----------
          
          
    X     
          
          
----------

White 2,1
----------
          
          
  O X     
          
          
----------

Black 1,2
----------
          
    X     
  O X     
          
          
----------

White 3,2
----------
          
    X     
  O X     
    O     
          
----------

Black 1,1
----------
          
  X X     
  O X     
    O     
          
----------

White 2,3
----------
          
  X X     
  O X O   
    O     
          
----------

Black 3,1
----------
          
  X X     
  O X O   
  X O     
          
----------

White 1,3
----------
          
  X X O   
  O X O   
  X O     
          
----------

Black 2,0
----------
          
  X X O   
X   X O   
  X O     
          
----------

White 2,4
----------
          
  X X O   
X   X O O 
  X O     
          
----------

Black 3,3
----------
          
  X X O   
X   X O O 
  X O X   
          
----------

White 0,2
----------
    O     
  X X O   
X   X O O 
  X O X   
          
----------

Black 4,2
----------
    O     
  X X O   
X   X O O 
  X   X   
    X     
----------

White 3,4
----------
    O     
  X X O   
X   X O O 
  X   X O 
    X     
----------

Black 0,1
----------
  X O     
  X X O   
X   X O O 
  X   X O 
    X     
----------

White 3,0
----------
  X O     
  X X O   
X   X O O 
O X   X O 
    X     
----------

Black 4,1
----------
  X O     
  X X O   
X   X O O 
O X   X O 
  X X     
----------

White 4,3
----------
  X O     
  X X O   
X   X O O 
O X   X O 
  X X O   
----------

Black 4,0
----------
  X O     
  X X O   
X   X O O 
  X   X O 
X X X O   
----------

White 3,2
----------
  X O     
  X X O   
X   X O O 
  X O   O 
X X X O   
----------

Black 2,1
----------
  X O     
  X X O   
X X X O O 
  X O   O 
X X X O   
----------

White 3,3
----------
  X O     
  X X O   
X X X O O 
  X O O O 
X X X O   
----------

Black 0,0
----------
X X O     
  X X O   
X X X O O 
  X O O O 
X X X O   
----------

White 1,4
----------
X X O     
  X X O O 
X X X O O 
  X O O O 
X X X O   
----------

Game end.
The winner is O
ta time: 28.83
student time: 5.32
Black(You) lose.
=====Round 9=====
Black:TA White:You
Thu Oct 29 01:31:07 PDT 2020
Clean up...
Start Playing...
Black 1,2
----------
          
    X     
          
          
          
----------

White 2,1
----------
          
    X     
  O       
          
          
----------

Black 2,2
----------
          
    X     
  O X     
          
          
----------

White 3,1
----------
          
    X     
  O X     
  O       
          
----------

Black 0,0
----------
X         
    X     
  O X     
  O       
          
----------

White 0,1
----------
X O       
    X     
  O X     
  O       
          
----------

Black 2,3
----------
X O       
    X     
  O X X   
  O       
          
----------

White 1,0
----------
  O       
O   X     
  O X X   
  O       
          
----------

Black 0,2
----------
  O X     
O   X     
  O X X   
  O       
          
----------

White 3,2
----------
  O X     
O   X     
  O X X   
  O O     
          
----------

Black 0,3
----------
  O X X   
O   X     
  O X X   
  O O     
          
----------

White 3,3
----------
  O X X   
O   X     
  O X X   
  O O O   
          
----------

Black 0,4
----------
  O X X X 
O   X     
  O X X   
  O O O   
          
----------

White 3,4
----------
  O X X X 
O   X     
  O X X   
  O O O O 
          
----------

Black 1,1
----------
  O X X X 
O X X     
  O X X   
  O O O O 
          
----------

White 2,4
----------
  O X X X 
O X X     
  O X X O 
  O O O O 
          
----------

Black 0,0
----------
X   X X X 
O X X     
  O X X O 
  O O O O 
          
----------

White 1,4
----------
X   X X X 
O X X   O 
  O X X O 
  O O O O 
          
----------

Black 2,0
----------
X   X X X 
  X X   O 
X O X X O 
  O O O O 
          
----------

White 3,0
----------
X   X X X 
  X X   O 
X O X X O 
O O O O O 
          
----------

Black 4,2
----------
X   X X X 
  X X   O 
X O X X O 
O O O O O 
    X     
----------

White 1,3
----------
X   X X X 
  X X O O 
X O X X O 
O O O O O 
    X     
----------

Black 0,1
----------
X X X X X 
  X X O O 
X O X X O 
O O O O O 
    X     
----------

White 1,0
----------
          
O     O O 
  O     O 
O O O O O 
    X     
----------

Game end.
The winner is O
ta time: 32.62
student time: 5.87
White(You) win!
=====Round 10=====
Black:You White:TA
Thu Oct 29 01:31:17 PDT 2020
Clean up...
Start Playing...
Black 2,2
----------
          
          
    X     
          
          
----------

White 2,1
----------
          
          
  O X     
          
          
----------

Black 1,2
----------
          
    X     
  O X     
          
          
----------

White 3,2
----------
          
    X     
  O X     
    O     
          
----------

Black 1,1
----------
          
  X X     
  O X     
    O     
          
----------

White 2,3
----------
          
  X X     
  O X O   
    O     
          
----------

Black 3,1
----------
          
  X X     
  O X O   
  X O     
          
----------

White 2,0
----------
          
  X X     
O O X O   
  X O     
          
----------

Black 1,0
----------
          
X X X     
O O X O   
  X O     
          
----------

White 3,3
----------
          
X X X     
O O X O   
  X O O   
          
----------

Black 3,0
----------
          
X X X     
    X O   
X X O O   
          
----------

White 2,1
----------
          
X X X     
  O X O   
X X O O   
          
----------

Black 2,0
----------
          
X X X     
X   X O   
X X O O   
          
----------

White 2,4
----------
          
X X X     
X   X O O 
X X O O   
          
----------

Black 1,3
----------
          
X X X X   
X   X O O 
X X O O   
          
----------

White 4,2
----------
          
X X X X   
X   X O O 
X X O O   
    O     
----------

Black 0,3
----------
      X   
X X X X   
X   X O O 
X X O O   
    O     
----------

White 0,2
----------
    O X   
X X X X   
X   X O O 
X X O O   
    O     
----------

Black 0,1
----------
  X   X   
X X X X   
X   X O O 
X X O O   
    O     
----------

White 1,4
----------
  X   X   
X X X X O 
X   X O O 
X X O O   
    O     
----------

Black 2,1
----------
  X   X   
X X X X O 
X X X O O 
X X O O   
    O     
----------

White 4,1
----------
  X   X   
X X X X O 
X X X O O 
X X O O   
  O O     
----------

Black 0,0
----------
X X   X   
X X X X O 
X X X O O 
X X O O   
  O O     
----------

White 4,3
----------
X X   X   
X X X X O 
X X X O O 
X X O O   
  O O O   
----------

Game end.
The winner is X
ta time: 36.05
student time: 6.73
Black(You) win!

==Playing with championship_player==
=====Round 1=====
Black:TA White:You
Thu Oct 29 01:31:26 PDT 2020
Clean up...
Start Playing...
Black 2,2
----------
          
          
    X     
          
          
----------

White 1,1
----------
          
  O       
    X     
          
          
----------

Black 2,1
----------
          
  O       
  X X     
          
          
----------

White 1,2
----------
          
  O O     
  X X     
          
          
----------

Black 1,3
----------
          
  O O X   
  X X     
          
          
----------

White 1,0
----------
          
O O O X   
  X X     
          
          
----------

Black 0,2
----------
    X     
O O O X   
  X X     
          
          
----------

White 0,1
----------
  O X     
O O O X   
  X X     
          
          
----------

Black 0,3
----------
  O X X   
O O O X   
  X X     
          
          
----------

White 2,0
----------
  O X X   
O O O X   
O X X     
          
          
----------

Black 3,1
----------
  O X X   
O O O X   
O X X     
  X       
          
----------

White 3,0
----------
  O X X   
O O O X   
O X X     
O X       
          
----------

Black 4,1
----------
  O X X   
O O O X   
O X X     
O X       
  X       
----------

White 3,3
----------
  O X X   
O O O X   
O X X     
O X   O   
  X       
----------

Black 4,0
----------
  O X X   
O O O X   
O X X     
O X   O   
X X       
----------

White 3,4
----------
  O X X   
O O O X   
O X X     
O X   O O 
X X       
----------

Black 3,2
----------
  O X X   
O O O X   
O X X     
O X X O O 
X X       
----------

White 2,3
----------
  O X X   
O O O X   
O X X O   
O X X O O 
X X       
----------

Black 0,0
----------
X   X X   
      X   
  X X O   
  X X O O 
X X       
----------

White 1,0
----------
X   X X   
O     X   
  X X O   
  X X O O 
X X       
----------

Black 0,1
----------
X X X X   
O     X   
  X X O   
  X X O O 
X X       
----------

White 1,1
----------
X X X X   
O O   X   
  X X O   
  X X O O 
X X       
----------

Black 2,0
----------
X X X X   
O O   X   
X X X O   
  X X O O 
X X       
----------

White 2,4
----------
X X X X   
O O   X   
X X X O O 
  X X O O 
X X       
----------

Game end.
The winner is X
ta time: 65.21
student time: 7.56
White(You) lose.
=====Round 2=====
Black:You White:TA
Thu Oct 29 01:31:52 PDT 2020
Clean up...
Start Playing...
Black 2,2
----------
          
          
    X     
          
          
----------

White 3,3
----------
          
          
    X     
      O   
          
----------

Black 1,2
----------
          
    X     
    X     
      O   
          
----------

White 2,3
----------
          
    X     
    X O   
      O   
          
----------

Black 1,1
----------
          
  X X     
    X O   
      O   
          
----------

White 3,2
----------
          
  X X     
    X O   
    O O   
          
----------

Black 1,3
----------
          
  X X X   
    X O   
    O O   
          
----------

White 3,1
----------
          
  X X X   
    X O   
  O O O   
          
----------

Black 1,0
----------
          
X X X X   
    X O   
  O O O   
          
----------

White 1,4
----------
          
X X X X O 
    X O   
  O O O   
          
----------

Black 0,3
----------
      X   
X X X X O 
    X O   
  O O O   
          
----------

White 2,1
----------
      X   
X X X X O 
  O X O   
  O O O   
          
----------

Black 0,4
----------
      X X 
X X X X O 
  O X O   
  O O O   
          
----------

White 2,4
----------
      X X 
X X X X O 
  O X O O 
  O O O   
          
----------

Black 2,0
----------
      X X 
X X X X O 
X O X O O 
  O O O   
          
----------

White 3,0
----------
      X X 
X X X X O 
X O X O O 
O O O O   
          
----------

Black 0,0
----------
X     X X 
X X X X O 
X O X O O 
O O O O   
          
----------

White 4,2
----------
X     X X 
X X X X O 
X O X O O 
O O O O   
    O     
----------

Black 4,4
----------
X     X X 
X X X X O 
X O X O O 
O O O O   
    O   X 
----------

White 0,1
----------
X O   X X 
X X X X O 
X O X O O 
O O O O   
    O   X 
----------

Black 0,2
----------
X   X X X 
X X X X O 
X O X O O 
O O O O   
    O   X 
----------

White 4,3
----------
X   X X X 
X X X X O 
X O X O O 
O O O O   
    O O X 
----------

Black 4,0
----------
X   X X X 
X X X X O 
X O X O O 
O O O O   
X   O O X 
----------

White 0,1
----------
  O       
        O 
  O   O O 
O O O O   
X   O O X 
----------

Game end.
The winner is O
ta time: 100.08
student time: 8.45
Black(You) lose.
=====Round 3=====
Black:TA White:You
Thu Oct 29 01:32:20 PDT 2020
Clean up...
Start Playing...
Black 2,2
----------
          
          
    X     
          
          
----------

White 1,1
----------
          
  O       
    X     
          
          
----------

Black 1,2
----------
          
  O X     
    X     
          
          
----------

White 2,1
----------
          
  O X     
  O X     
          
          
----------

Black 3,1
----------
          
  O X     
  O X     
  X       
          
----------

White 0,1
----------
  O       
  O X     
  O X     
  X       
          
----------

Black 3,0
----------
  O       
  O X     
  O X     
X X       
          
----------

White 0,2
----------
  O O     
  O X     
  O X     
X X       
          
----------

Black 1,3
----------
  O O     
  O X X   
  O X     
X X       
          
----------

White 0,3
----------
  O O O   
  O X X   
  O X     
X X       
          
----------

Black 1,4
----------
  O O O   
  O X X X 
  O X     
X X       
          
----------

White 3,3
----------
  O O O   
  O X X X 
  O X     
X X   O   
          
----------

Black 2,0
----------
  O O O   
  O X X X 
X O X     
X X   O   
          
----------

White 3,4
----------
  O O O   
  O X X X 
X O X     
X X   O O 
          
----------

Black 0,4
----------
  O O O X 
  O X X X 
X O X     
X X   O O 
          
----------

White 3,2
----------
  O O O X 
  O X X X 
X O X     
X X O O O 
          
----------

Black 1,0
----------
  O O O X 
X O X X X 
X O X     
X X O O O 
          
----------

White 2,3
----------
  O O O X 
X O X X X 
X O X O   
X X O O O 
          
----------

Black 0,0
----------
X       X 
X   X X X 
X   X O   
X X O O O 
          
----------

White 4,2
----------
X       X 
X   X X X 
X   X O   
X X O O O 
    O     
----------

Black 4,1
----------
X       X 
X   X X X 
X   X O   
X X O O O 
  X O     
----------

White 2,4
----------
X       X 
X   X X X 
X   X O O 
X X O O O 
  X O     
----------

Black 0,3
----------
X     X X 
X   X X X 
X   X O O 
X X O O O 
  X O     
----------

White 1,1
----------
X     X X 
X O X X X 
X   X O O 
X X O O O 
  X O     
----------

Game end.
The winner is X
ta time: 134.78
student time: 9.39
White(You) lose.
=====Round 4=====
Black:You White:TA
Thu Oct 29 01:32:47 PDT 2020
Clean up...
Start Playing...
Black 2,2
----------
          
          
    X     
          
          
----------

White 3,2
----------
          
          
    X     
    O     
          
----------

Black 1,2
----------
          
    X     
    X     
    O     
          
----------

White 3,3
----------
          
    X     
    X     
    O O   
          
----------

Black 1,1
----------
          
  X X     
    X     
    O O   
          
----------

White 3,1
----------
          
  X X     
    X     
  O O O   
          
----------

Black 1,3
----------
          
  X X X   
    X     
  O O O   
          
----------

White 2,1
----------
          
  X X X   
  O X     
  O O O   
          
----------

Black 1,0
----------
          
X X X X   
  O X     
  O O O   
          
----------

White 2,0
----------
          
X X X X   
O O X     
  O O O   
          
----------

Black 1,4
----------
          
X X X X X 
O O X     
  O O O   
          
----------

White 3,4
----------
          
X X X X X 
O O X     
  O O O O 
          
----------

Black 2,3
----------
          
X X X X X 
O O X X   
  O O O O 
          
----------

White 4,1
----------
          
X X X X X 
O O X X   
  O O O O 
  O       
----------

Black 0,0
----------
X         
X X X X X 
O O X X   
  O O O O 
  O       
----------

White 4,3
----------
X         
X X X X X 
O O X X   
  O O O O 
  O   O   
----------

Black 0,1
----------
X X       
X X X X X 
O O X X   
  O O O O 
  O   O   
----------

White 2,4
----------
X X       
X X X X X 
O O X X O 
  O O O O 
  O   O   
----------

Black 0,2
----------
X X X     
X X X X X 
O O X X O 
  O O O O 
  O   O   
----------

White 0,4
----------
X X X   O 
X X X X X 
O O X X O 
  O O O O 
  O   O   
----------

Black 0,3
----------
X X X X   
X X X X X 
O O X X O 
  O O O O 
  O   O   
----------

White 3,0
----------
X X X X   
X X X X X 
O O X X O 
O O O O O 
  O   O   
----------

Black PASS
----------
X X X X   
X X X X X 
O O X X O 
O O O O O 
  O   O   
----------

White 0,4
----------
        O 
          
O O     O 
O O O O O 
  O   O   
----------

Game end.
The winner is O
ta time: 171.01
student time: 10.37
Black(You) lose.
=====Round 5=====
Black:TA White:You
Thu Oct 29 01:33:16 PDT 2020
Clean up...
Start Playing...
Black 2,2
----------
          
          
    X     
          
          
----------

White 1,1
----------
          
  O       
    X     
          
          
----------

Black 1,2
----------
          
  O X     
    X     
          
          
----------

White 2,1
----------
          
  O X     
  O X     
          
          
----------

Black 3,1
----------
          
  O X     
  O X     
  X       
          
----------

White 0,1
----------
  O       
  O X     
  O X     
  X       
          
----------

Black 2,0
----------
  O       
  O X     
X O X     
  X       
          
----------

White 1,0
----------
  O       
O O X     
X O X     
  X       
          
----------

Black 3,0
----------
  O       
O O X     
X O X     
X X       
          
----------

White 0,2
----------
  O O     
O O X     
X O X     
X X       
          
----------

Black 1,3
----------
  O O     
O O X X   
X O X     
X X       
          
----------

White 0,3
----------
  O O O   
O O X X   
X O X     
X X       
          
----------

Black 1,4
----------
  O O O   
O O X X X 
X O X     
X X       
          
----------

White 3,3
----------
  O O O   
O O X X X 
X O X     
X X   O   
          
----------

Black 0,4
----------
  O O O X 
O O X X X 
X O X     
X X   O   
          
----------

White 3,4
----------
  O O O X 
O O X X X 
X O X     
X X   O O 
          
----------

Black 2,4
----------
  O O O X 
O O X X X 
X O X   X 
X X   O O 
          
----------

White 3,2
----------
  O O O X 
O O X X X 
X O X   X 
X X O O O 
          
----------

Black 0,0
----------
X       X 
    X X X 
X   X   X 
X X O O O 
          
----------

White 0,1
----------
X O     X 
    X X X 
X   X   X 
X X O O O 
          
----------

Black 1,0
----------
X O     X 
X   X X X 
X   X   X 
X X O O O 
          
----------

White 1,1
----------
X O     X 
X O X X X 
X   X   X 
X X O O O 
          
----------

Black 4,2
----------
X O     X 
X O X X X 
X   X   X 
X X O O O 
    X     
----------

White 4,3
----------
X O     X 
X O X X X 
X   X   X 
X X O O O 
    X O   
----------

Game end.
The winner is X
ta time: 206.25
student time: 11.23
White(You) lose.
=====Round 6=====
Black:You White:TA
Thu Oct 29 01:33:41 PDT 2020
Clean up...
Start Playing...
Black 2,2
----------
          
          
    X     
          
          
----------

White 1,2
----------
          
    O     
    X     
          
          
----------

Black 2,1
----------
          
    O     
  X X     
          
          
----------

White 1,3
----------
          
    O O   
  X X     
          
          
----------

Black 1,1
----------
          
  X O O   
  X X     
          
          
----------

White 2,3
----------
          
  X O O   
  X X O   
          
          
----------

Black 3,1
----------
          
  X O O   
  X X O   
  X       
          
----------

White 3,3
----------
          
  X O O   
  X X O   
  X   O   
          
----------

Black 0,1
----------
  X       
  X O O   
  X X O   
  X   O   
          
----------

White 0,2
----------
  X O     
  X O O   
  X X O   
  X   O   
          
----------

Black 4,1
----------
  X O     
  X O O   
  X X O   
  X   O   
  X       
----------

White 4,3
----------
  X O     
  X O O   
  X X O   
  X   O   
  X   O   
----------

Black 3,2
----------
  X O     
  X O O   
  X X O   
  X X O   
  X   O   
----------

White 1,4
----------
  X O     
  X O O O 
  X X O   
  X X O   
  X   O   
----------

Black 0,0
----------
X X O     
  X O O O 
  X X O   
  X X O   
  X   O   
----------

White 3,4
----------
X X O     
  X O O O 
  X X O   
  X X O O 
  X   O   
----------

Black 1,0
----------
X X O     
X X O O O 
  X X O   
  X X O O 
  X   O   
----------

White 0,4
----------
X X O   O 
X X O O O 
  X X O   
  X X O O 
  X   O   
----------

Black 2,0
----------
X X O   O 
X X O O O 
X X X O   
  X X O O 
  X   O   
----------

White 4,2
----------
X X O   O 
X X O O O 
X X X O   
  X X O O 
  X O O   
----------

Black 3,0
----------
X X O   O 
X X O O O 
X X X O   
X X X O O 
  X O O   
----------

White 4,0
----------
    O   O 
    O O O 
      O   
      O O 
O   O O   
----------

Black 3,0
----------
    O   O 
    O O O 
      O   
X     O O 
O   O O   
----------

White 4,1
----------
    O   O 
    O O O 
      O   
X     O O 
O O O O   
----------

Game end.
The winner is O
ta time: 243.28
student time: 12.3
Black(You) lose.
=====Round 7=====
Black:TA White:You
Thu Oct 29 01:34:10 PDT 2020
Clean up...
Start Playing...
Black 2,2
----------
          
          
    X     
          
          
----------

White 1,1
----------
          
  O       
    X     
          
          
----------

Black 2,1
----------
          
  O       
  X X     
          
          
----------

White 1,2
----------
          
  O O     
  X X     
          
          
----------

Black 1,3
----------
          
  O O X   
  X X     
          
          
----------

White 1,0
----------
          
O O O X   
  X X     
          
          
----------

Black 0,3
----------
      X   
O O O X   
  X X     
          
          
----------

White 2,0
----------
      X   
O O O X   
O X X     
          
          
----------

Black 3,1
----------
      X   
O O O X   
O X X     
  X       
          
----------

White 3,0
----------
      X   
O O O X   
O X X     
O X       
          
----------

Black 4,1
----------
      X   
O O O X   
O X X     
O X       
  X       
----------

White 3,3
----------
      X   
O O O X   
O X X     
O X   O   
  X       
----------

Black 0,2
----------
    X X   
O O O X   
O X X     
O X   O   
  X       
----------

White 3,4
----------
    X X   
O O O X   
O X X     
O X   O O 
  X       
----------

Black 0,1
----------
  X X X   
O O O X   
O X X     
O X   O O 
  X       
----------

White 3,2
----------
  X X X   
O O O X   
O X X     
O X O O O 
  X       
----------

Black 4,0
----------
  X X X   
O O O X   
O X X     
O X O O O 
X X       
----------

White 2,3
----------
  X X X   
O O O X   
O X X O   
O X O O O 
X X       
----------

Black 0,0
----------
X X X X   
      X   
  X X O   
  X O O O 
X X       
----------

White 2,4
----------
X X X X   
      X   
  X X O O 
  X O O O 
X X       
----------

Black 4,2
----------
X X X X   
      X   
  X X O O 
  X O O O 
X X X     
----------

White 1,4
----------
X X X X   
      X O 
  X X O O 
  X O O O 
X X X     
----------

Black 0,4
----------
X X X X X 
      X O 
  X X O O 
  X O O O 
X X X     
----------

White 1,1
----------
X X X X X 
  O   X O 
  X X O O 
  X O O O 
X X X     
----------

Game end.
The winner is X
ta time: 277.41
student time: 13.19
White(You) lose.
=====Round 8=====
Black:You White:TA
Thu Oct 29 01:34:37 PDT 2020
Clean up...
Start Playing...
Black 2,2
----------
          
          
    X     
          
          
----------

White 1,3
----------
          
      O   
    X     
          
          
----------

Black 2,1
----------
          
      O   
  X X     
          
          
----------

White 1,2
----------
          
    O O   
  X X     
          
          
----------

Black 1,1
----------
          
  X O O   
  X X     
          
          
----------

White 2,3
----------
          
  X O O   
  X X O   
          
          
----------

Black 3,1
----------
          
  X O O   
  X X O   
  X       
          
----------

White 3,3
----------
          
  X O O   
  X X O   
  X   O   
          
----------

Black 0,1
----------
  X       
  X O O   
  X X O   
  X   O   
          
----------

White 0,2
----------
  X O     
  X O O   
  X X O   
  X   O   
          
----------

Black 4,1
----------
  X O     
  X O O   
  X X O   
  X   O   
  X       
----------

White 4,3
----------
  X O     
  X O O   
  X X O   
  X   O   
  X   O   
----------

Black 3,2
----------
  X O     
  X O O   
  X X O   
  X X O   
  X   O   
----------

White 1,4
----------
  X O     
  X O O O 
  X X O   
  X X O   
  X   O   
----------

Black 0,0
----------
X X O     
  X O O O 
  X X O   
  X X O   
  X   O   
----------

White 3,4
----------
X X O     
  X O O O 
  X X O   
  X X O O 
  X   O   
----------

Black 1,0
----------
X X O     
X X O O O 
  X X O   
  X X O O 
  X   O   
----------

White 0,3
----------
X X O O   
X X O O O 
  X X O   
  X X O O 
  X   O   
----------

Black 2,0
----------
X X O O   
X X O O O 
X X X O   
  X X O O 
  X   O   
----------

White 4,2
----------
X X O O   
X X O O O 
X X X O   
  X X O O 
  X O O   
----------

Black 3,0
----------
X X O O   
X X O O O 
X X X O   
X X X O O 
  X O O   
----------

White 4,0
----------
    O O   
    O O O 
      O   
      O O 
O   O O   
----------

Black 3,0
----------
    O O   
    O O O 
      O   
X     O O 
O   O O   
----------

White 4,1
----------
    O O   
    O O O 
      O   
X     O O 
O O O O   
----------

Game end.
The winner is O
ta time: 312.84
student time: 13.83
Black(You) lose.
=====Round 9=====
Black:TA White:You
Thu Oct 29 01:35:06 PDT 2020
Clean up...
Start Playing...
Black 2,2
----------
          
          
    X     
          
          
----------

White 1,1
----------
          
  O       
    X     
          
          
----------

Black 2,1
----------
          
  O       
  X X     
          
          
----------

White 1,2
----------
          
  O O     
  X X     
          
          
----------

Black 1,3
----------
          
  O O X   
  X X     
          
          
----------

White 1,0
----------
          
O O O X   
  X X     
          
          
----------

Black 0,3
----------
      X   
O O O X   
  X X     
          
          
----------

White 2,0
----------
      X   
O O O X   
O X X     
          
          
----------

Black 3,1
----------
      X   
O O O X   
O X X     
  X       
          
----------

White 3,0
----------
      X   
O O O X   
O X X     
O X       
          
----------

Black 4,1
----------
      X   
O O O X   
O X X     
O X       
  X       
----------

White 3,3
----------
      X   
O O O X   
O X X     
O X   O   
  X       
----------

Black 0,2
----------
    X X   
O O O X   
O X X     
O X   O   
  X       
----------

White 3,4
----------
    X X   
O O O X   
O X X     
O X   O O 
  X       
----------

Black 0,1
----------
  X X X   
O O O X   
O X X     
O X   O O 
  X       
----------

White 3,2
----------
  X X X   
O O O X   
O X X     
O X O O O 
  X       
----------

Black 4,0
----------
  X X X   
O O O X   
O X X     
O X O O O 
X X       
----------

White 2,3
----------
  X X X   
O O O X   
O X X O   
O X O O O 
X X       
----------

Black 0,0
----------
X X X X   
      X   
  X X O   
  X O O O 
X X       
----------

White 2,4
----------
X X X X   
      X   
  X X O O 
  X O O O 
X X       
----------

Black 4,2
----------
X X X X   
      X   
  X X O O 
  X O O O 
X X X     
----------

White 1,4
----------
X X X X   
      X O 
  X X O O 
  X O O O 
X X X     
----------

Black 4,3
----------
X X X X   
      X O 
  X X O O 
  X O O O 
X X X X   
----------

White 1,1
----------
X X X X   
  O   X O 
  X X O O 
  X O O O 
X X X X   
----------

Game end.
The winner is X
ta time: 345.44
student time: 14.21
White(You) lose.
=====Round 10=====
Black:You White:TA
Thu Oct 29 01:35:33 PDT 2020
Clean up...
Start Playing...
Black 2,2
----------
          
          
    X     
          
          
----------

White 3,1
----------
          
          
    X     
  O       
          
----------

Black 1,2
----------
          
    X     
    X     
  O       
          
----------

White 2,1
----------
          
    X     
  O X     
  O       
          
----------

Black 1,1
----------
          
  X X     
  O X     
  O       
          
----------

White 3,2
----------
          
  X X     
  O X     
  O O     
          
----------

Black 1,3
----------
          
  X X X   
  O X     
  O O     
          
----------

White 3,3
----------
          
  X X X   
  O X     
  O O O   
          
----------

Black 1,0
----------
          
X X X X   
  O X     
  O O O   
          
----------

White 2,0
----------
          
X X X X   
O O X     
  O O O   
          
----------

Black 1,4
----------
          
X X X X X 
O O X     
  O O O   
          
----------

White 3,4
----------
          
X X X X X 
O O X     
  O O O O 
          
----------

Black 2,3
----------
          
X X X X X 
O O X X   
  O O O O 
          
----------

White 4,1
----------
          
X X X X X 
O O X X   
  O O O O 
  O       
----------

Black 0,0
----------
X         
X X X X X 
O O X X   
  O O O O 
  O       
----------

White 4,3
----------
X         
X X X X X 
O O X X   
  O O O O 
  O   O   
----------

Black 0,1
----------
X X       
X X X X X 
O O X X   
  O O O O 
  O   O   
----------

White 3,0
----------
X X       
X X X X X 
O O X X   
O O O O O 
  O   O   
----------

Black 0,2
----------
X X X     
X X X X X 
O O X X   
O O O O O 
  O   O   
----------

White 2,4
----------
X X X     
X X X X X 
O O X X O 
O O O O O 
  O   O   
----------

Black 0,3
----------
X X X X   
X X X X X 
O O X X O 
O O O O O 
  O   O   
----------

White 0,4
----------
        O 
          
O O     O 
O O O O O 
  O   O   
----------

Black 0,3
----------
      X O 
          
O O     O 
O O O O O 
  O   O   
----------

White 1,4
----------
      X O 
        O 
O O     O 
O O O O O 
  O   O   
----------

Game end.
The winner is O
ta time: 382.02
student time: 14.8
Black(You) lose.
