Wed Oct 28 06:49:26 PDT 2020

==Playing with qlearning_player==
=====Round 1=====
Black:TA White:You
Wed Oct 28 06:49:26 PDT 2020
Clean up...
Start Playing...
Black 1,2
----------
          
    X     
          
          
          
----------

White 2,1
----------
          
    X     
  O       
          
          
----------

Black 2,2
----------
          
    X     
  O X     
          
          
----------

White 3,1
----------
          
    X     
  O X     
  O       
          
----------

Black 0,0
----------
X         
    X     
  O X     
  O       
          
----------

White 0,1
----------
X O       
    X     
  O X     
  O       
          
----------

Black 2,3
----------
X O       
    X     
  O X X   
  O       
          
----------

White 1,0
----------
  O       
O   X     
  O X X   
  O       
          
----------

Black 0,2
----------
  O X     
O   X     
  O X X   
  O       
          
----------

White 3,2
----------
  O X     
O   X     
  O X X   
  O O     
          
----------

Black 0,3
----------
  O X X   
O   X     
  O X X   
  O O     
          
----------

White 3,3
----------
  O X X   
O   X     
  O X X   
  O O O   
          
----------

Black 0,4
----------
  O X X X 
O   X     
  O X X   
  O O O   
          
----------

White 3,4
----------
  O X X X 
O   X     
  O X X   
  O O O O 
          
----------

Black 1,1
----------
  O X X X 
O X X     
  O X X   
  O O O O 
          
----------

White 2,4
----------
  O X X X 
O X X     
  O X X O 
  O O O O 
          
----------

Black 0,0
----------
X   X X X 
O X X     
  O X X O 
  O O O O 
          
----------

White 1,4
----------
X   X X X 
O X X   O 
  O X X O 
  O O O O 
          
----------

Black 2,0
----------
X   X X X 
  X X   O 
X O X X O 
  O O O O 
          
----------

White 3,0
----------
X   X X X 
  X X   O 
X O X X O 
O O O O O 
          
----------

Black 4,2
----------
X   X X X 
  X X   O 
X O X X O 
O O O O O 
    X     
----------

White 1,3
----------
X   X X X 
  X X O O 
X O X X O 
O O O O O 
    X     
----------

Black 4,3
----------
X   X X X 
  X X O O 
X O X X O 
O O O O O 
    X X   
----------

White 1,0
----------
X   X X X 
O X X O O 
  O X X O 
O O O O O 
    X X   
----------

Game end.
The winner is O
ta time: 3.41
student time: 0.74
White(You) win!
=====Round 2=====
Black:You White:TA
Wed Oct 28 06:49:45 PDT 2020
Clean up...
Start Playing...
Black 2,2
----------
          
          
    X     
          
          
----------

White 2,1
----------
          
          
  O X     
          
          
----------

Black 1,2
----------
          
    X     
  O X     
          
          
----------

White 3,2
----------
          
    X     
  O X     
    O     
          
----------

Black 1,1
----------
          
  X X     
  O X     
    O     
          
----------

White 2,3
----------
          
  X X     
  O X O   
    O     
          
----------

Black 3,1
----------
          
  X X     
  O X O   
  X O     
          
----------

White 3,3
----------
          
  X X     
  O X O   
  X O O   
          
----------

Black 2,0
----------
          
  X X     
X   X O   
  X O O   
          
----------

White 1,3
----------
          
  X X O   
X   X O   
  X O O   
          
----------

Black 4,1
----------
          
  X X O   
X   X O   
  X O O   
  X       
----------

White 4,2
----------
          
  X X O   
X   X O   
  X O O   
  X O     
----------

Black 0,1
----------
  X       
  X X O   
X   X O   
  X O O   
  X O     
----------

White 0,2
----------
  X O     
  X X O   
X   X O   
  X O O   
  X O     
----------

Black 2,1
----------
  X O     
  X X O   
X X X O   
  X O O   
  X O     
----------

White 2,4
----------
  X O     
  X X O   
X X X O O 
  X O O   
  X O     
----------

Black 0,0
----------
X X O     
  X X O   
X X X O O 
  X O O   
  X O     
----------

White 3,4
----------
X X O     
  X X O   
X X X O O 
  X O O O 
  X O     
----------

Black 1,0
----------
X X O     
X X X O   
X X X O O 
  X O O O 
  X O     
----------

White 1,4
----------
X X O     
X X X O O 
X X X O O 
  X O O O 
  X O     
----------

Black 0,3
----------
X X   X   
X X X O O 
X X X O O 
  X O O O 
  X O     
----------

White 4,3
----------
X X   X   
X X X O O 
X X X O O 
  X O O O 
  X O O   
----------

Black 0,4
----------
X X   X X 
X X X O O 
X X X O O 
  X O O O 
  X O O   
----------

White 0,2
----------
X X O     
X X X O O 
X X X O O 
  X O O O 
  X O O   
----------

Game end.
The winner is O
ta time: 6.42
student time: 1.37
Black(You) lose.
=====Round 3=====
Black:TA White:You
Wed Oct 28 06:50:03 PDT 2020
Clean up...
Start Playing...
Black 1,2
----------
          
    X     
          
          
          
----------

White 2,1
----------
          
    X     
  O       
          
          
----------

Black 2,2
----------
          
    X     
  O X     
          
          
----------

White 3,1
----------
          
    X     
  O X     
  O       
          
----------

Black 0,0
----------
X         
    X     
  O X     
  O       
          
----------

White 0,1
----------
X O       
    X     
  O X     
  O       
          
----------

Black 3,2
----------
X O       
    X     
  O X     
  O X     
          
----------

White 1,0
----------
  O       
O   X     
  O X     
  O X     
          
----------

Black 0,2
----------
  O X     
O   X     
  O X     
  O X     
          
----------

White 4,1
----------
  O X     
O   X     
  O X     
  O X     
  O       
----------

Black 2,3
----------
  O X     
O   X     
  O X X   
  O X     
  O       
----------

White 4,2
----------
  O X     
O   X     
  O X X   
  O X     
  O O     
----------

Black 3,3
----------
  O X     
O   X     
  O X X   
  O X X   
  O O     
----------

White 4,3
----------
  O X     
O   X     
  O X X   
  O X X   
  O O O   
----------

Black 2,4
----------
  O X     
O   X     
  O X X X 
  O X X   
  O O O   
----------

White 4,4
----------
  O X     
O   X     
  O X X X 
  O X X   
  O O O O 
----------

Black 1,1
----------
  O X     
O X X     
  O X X X 
  O X X   
  O O O O 
----------

White 2,0
----------
  O X     
O X X     
O O X X X 
  O X X   
  O O O O 
----------

Black 0,0
----------
X   X     
O X X     
O O X X X 
  O X X   
  O O O O 
----------

White 3,0
----------
X   X     
O X X     
O O X X X 
O O X X   
  O O O O 
----------

Black 1,3
----------
X   X     
O X X X   
O O X X X 
O O X X   
  O O O O 
----------

White 0,4
----------
X   X   O 
O X X X   
O O X X X 
O O X X   
  O O O O 
----------

Black 1,4
----------
X   X   O 
O X X X X 
O O X X X 
O O X X   
  O O O O 
----------

White 0,1
----------
  O X   O 
O X X X X 
O O X X X 
O O X X   
  O O O O 
----------

Game end.
The winner is O
ta time: 9.77
student time: 2.16
White(You) win!
=====Round 4=====
Black:You White:TA
Wed Oct 28 06:50:21 PDT 2020
Clean up...
Start Playing...
Black 2,2
----------
          
          
    X     
          
          
----------

White 2,1
----------
          
          
  O X     
          
          
----------

Black 1,2
----------
          
    X     
  O X     
          
          
----------

White 3,2
----------
          
    X     
  O X     
    O     
          
----------

Black 1,1
----------
          
  X X     
  O X     
    O     
          
----------

White 2,3
----------
          
  X X     
  O X O   
    O     
          
----------

Black 3,1
----------
          
  X X     
  O X O   
  X O     
          
----------

White 1,3
----------
          
  X X O   
  O X O   
  X O     
          
----------

Black 2,0
----------
          
  X X O   
X   X O   
  X O     
          
----------

White 2,4
----------
          
  X X O   
X   X O O 
  X O     
          
----------

Black 3,3
----------
          
  X X O   
X   X O O 
  X O X   
          
----------

White 4,2
----------
          
  X X O   
X   X O O 
  X O X   
    O     
----------

Black 4,1
----------
          
  X X O   
X   X O O 
  X O X   
  X O     
----------

White 0,2
----------
    O     
  X X O   
X   X O O 
  X O X   
  X O     
----------

Black 4,3
----------
    O     
  X X O   
X   X O O 
  X   X   
  X   X   
----------

White 3,2
----------
    O     
  X X O   
X   X O O 
  X O X   
  X   X   
----------

Black 4,2
----------
    O     
  X X O   
X   X O O 
  X   X   
  X X X   
----------

White 0,3
----------
    O O   
  X X O   
X   X O O 
  X   X   
  X X X   
----------

Black 2,1
----------
    O O   
  X X O   
X X X O O 
  X   X   
  X X X   
----------

White 1,4
----------
    O O   
  X X O O 
X X X O O 
  X   X   
  X X X   
----------

Black 0,1
----------
  X O O   
  X X O O 
X X X O O 
  X   X   
  X X X   
----------

White 3,0
----------
  X O O   
  X X O O 
X X X O O 
O X   X   
  X X X   
----------

Black 3,4
----------
  X O O   
  X X O O 
X X X O O 
O X   X X 
  X X X   
----------

White 1,0
----------
  X O O   
O X X O O 
X X X O O 
O X   X X 
  X X X   
----------

Game end.
The winner is X
ta time: 12.75
student time: 2.85
Black(You) win!
=====Round 5=====
Black:TA White:You
Wed Oct 28 06:50:39 PDT 2020
Clean up...
Start Playing...
Black 1,2
----------
          
    X     
          
          
          
----------

White 2,1
----------
          
    X     
  O       
          
          
----------

Black 2,2
----------
          
    X     
  O X     
          
          
----------

White 3,1
----------
          
    X     
  O X     
  O       
          
----------

Black 0,0
----------
X         
    X     
  O X     
  O       
          
----------

White 0,1
----------
X O       
    X     
  O X     
  O       
          
----------

Black 3,2
----------
X O       
    X     
  O X     
  O X     
          
----------

White 1,0
----------
  O       
O   X     
  O X     
  O X     
          
----------

Black 0,2
----------
  O X     
O   X     
  O X     
  O X     
          
----------

White 4,1
----------
  O X     
O   X     
  O X     
  O X     
  O       
----------

Black 2,3
----------
  O X     
O   X     
  O X X   
  O X     
  O       
----------

White 4,2
----------
  O X     
O   X     
  O X X   
  O X     
  O O     
----------

Black 1,3
----------
  O X     
O   X X   
  O X X   
  O X     
  O O     
----------

White 4,3
----------
  O X     
O   X X   
  O X X   
  O X     
  O O O   
----------

Black 2,4
----------
  O X     
O   X X   
  O X X X 
  O X     
  O O O   
----------

White 3,3
----------
  O X     
O   X X   
  O X X X 
  O X O   
  O O O   
----------

Black 1,1
----------
  O X     
O X X X   
  O X X X 
  O X O   
  O O O   
----------

White 2,0
----------
  O X     
O X X X   
O O X X X 
  O X O   
  O O O   
----------

Black 0,0
----------
X   X     
O X X X   
O O X X X 
  O X O   
  O O O   
----------

White 3,0
----------
X   X     
O X X X   
O O X X X 
O O X O   
  O O O   
----------

Black 0,3
----------
X   X X   
O X X X   
O O X X X 
O O X O   
  O O O   
----------

White 3,4
----------
X   X X   
O X X X   
O O X X X 
O O X O O 
  O O O   
----------

Black 0,1
----------
X X X X   
O X X X   
O O X X X 
O O X O O 
  O O O   
----------

White 0,4
----------
X X X X O 
O X X X   
O O X X X 
O O X O O 
  O O O   
----------

Game end.
The winner is O
ta time: 16.07
student time: 3.61
White(You) win!
=====Round 6=====
Black:You White:TA
Wed Oct 28 06:50:57 PDT 2020
Clean up...
Start Playing...
Black 2,2
----------
          
          
    X     
          
          
----------

White 2,1
----------
          
          
  O X     
          
          
----------

Black 1,2
----------
          
    X     
  O X     
          
          
----------

White 3,2
----------
          
    X     
  O X     
    O     
          
----------

Black 1,1
----------
          
  X X     
  O X     
    O     
          
----------

White 2,3
----------
          
  X X     
  O X O   
    O     
          
----------

Black 3,1
----------
          
  X X     
  O X O   
  X O     
          
----------

White 0,2
----------
    O     
  X X     
  O X O   
  X O     
          
----------

Black 2,0
----------
    O     
  X X     
X   X O   
  X O     
          
----------

White 2,4
----------
    O     
  X X     
X   X O O 
  X O     
          
----------

Black 0,1
----------
  X O     
  X X     
X   X O O 
  X O     
          
----------

White 1,3
----------
  X O     
  X X O   
X   X O O 
  X O     
          
----------

Black 4,1
----------
  X O     
  X X O   
X   X O O 
  X O     
  X       
----------

White 3,3
----------
  X O     
  X X O   
X   X O O 
  X O O   
  X       
----------

Black 4,2
----------
  X O     
  X X O   
X   X O O 
  X O O   
  X X     
----------

White 0,3
----------
  X O O   
  X X O   
X   X O O 
  X O O   
  X X     
----------

Black 2,1
----------
  X O O   
  X X O   
X X X O O 
  X O O   
  X X     
----------

White 3,0
----------
  X O O   
  X X O   
X X X O O 
O X O O   
  X X     
----------

Black 4,0
----------
  X O O   
  X X O   
X X X O O 
  X O O   
X X X     
----------

White 1,0
----------
  X O O   
O X X O   
X X X O O 
  X O O   
X X X     
----------

Black 0,0
----------
X X O O   
  X X O   
X X X O O 
  X O O   
X X X     
----------

White 1,4
----------
X X O O   
  X X O O 
X X X O O 
  X O O   
X X X     
----------

Black 4,3
----------
X X O O   
  X X O O 
X X X O O 
  X O O   
X X X X   
----------

White 3,4
----------
X X O O   
  X X O O 
X X X O O 
  X O O O 
X X X X   
----------

Game end.
The winner is X
ta time: 19.15
student time: 4.35
Black(You) win!
=====Round 7=====
Black:TA White:You
Wed Oct 28 06:51:17 PDT 2020
Clean up...
Start Playing...
Black 1,2
----------
          
    X     
          
          
          
----------

White 2,1
----------
          
    X     
  O       
          
          
----------

Black 2,2
----------
          
    X     
  O X     
          
          
----------

White 3,1
----------
          
    X     
  O X     
  O       
          
----------

Black 0,0
----------
X         
    X     
  O X     
  O       
          
----------

White 0,1
----------
X O       
    X     
  O X     
  O       
          
----------

Black 2,3
----------
X O       
    X     
  O X X   
  O       
          
----------

White 1,0
----------
  O       
O   X     
  O X X   
  O       
          
----------

Black 0,2
----------
  O X     
O   X     
  O X X   
  O       
          
----------

White 3,2
----------
  O X     
O   X     
  O X X   
  O O     
          
----------

Black 0,3
----------
  O X X   
O   X     
  O X X   
  O O     
          
----------

White 3,3
----------
  O X X   
O   X     
  O X X   
  O O O   
          
----------

Black 0,4
----------
  O X X X 
O   X     
  O X X   
  O O O   
          
----------

White 3,4
----------
  O X X X 
O   X     
  O X X   
  O O O O 
          
----------

Black 4,2
----------
  O X X X 
O   X     
  O X X   
  O O O O 
    X     
----------

White 4,1
----------
  O X X X 
O   X     
  O X X   
  O O O O 
  O X     
----------

Black 1,1
----------
  O X X X 
O X X     
  O X X   
  O O O O 
  O X     
----------

White 4,3
----------
  O X X X 
O X X     
  O X X   
  O O O O 
  O   O   
----------

Black 0,0
----------
X   X X X 
O X X     
  O X X   
  O O O O 
  O   O   
----------

White 2,4
----------
X   X X X 
O X X     
  O X X O 
  O O O O 
  O   O   
----------

Black 2,0
----------
X   X X X 
  X X     
X O X X O 
  O O O O 
  O   O   
----------

White 3,0
----------
X   X X X 
  X X     
X O X X O 
O O O O O 
  O   O   
----------

Black 1,3
----------
X   X X X 
  X X X   
X O X X O 
O O O O O 
  O   O   
----------

White 1,4
----------
X   X X X 
  X X X O 
X O X X O 
O O O O O 
  O   O   
----------

Game end.
The winner is O
ta time: 22.43
student time: 5.17
White(You) win!
=====Round 8=====
Black:You White:TA
Wed Oct 28 06:51:35 PDT 2020
Clean up...
Start Playing...
Black 2,2
----------
          
          
    X     
          
          
----------

White 2,1
----------
          
          
  O X     
          
          
----------

Black 1,2
----------
          
    X     
  O X     
          
          
----------

White 3,2
----------
          
    X     
  O X     
    O     
          
----------

Black 1,1
----------
          
  X X     
  O X     
    O     
          
----------

White 2,3
----------
          
  X X     
  O X O   
    O     
          
----------

Black 3,1
----------
          
  X X     
  O X O   
  X O     
          
----------

White 1,3
----------
          
  X X O   
  O X O   
  X O     
          
----------

Black 2,0
----------
          
  X X O   
X   X O   
  X O     
          
----------

White 3,3
----------
          
  X X O   
X   X O   
  X O O   
          
----------

Black 4,1
----------
          
  X X O   
X   X O   
  X O O   
  X       
----------

White 2,4
----------
          
  X X O   
X   X O O 
  X O O   
  X       
----------

Black 2,1
----------
          
  X X O   
X X X O O 
  X O O   
  X       
----------

White 4,2
----------
          
  X X O   
X X X O O 
  X O O   
  X O     
----------

Black 0,1
----------
  X       
  X X O   
X X X O O 
  X O O   
  X O     
----------

White 0,2
----------
  X O     
  X X O   
X X X O O 
  X O O   
  X O     
----------

Black 0,0
----------
X X O     
  X X O   
X X X O O 
  X O O   
  X O     
----------

White 3,0
----------
X X O     
  X X O   
X X X O O 
O X O O   
  X O     
----------

Black 4,0
----------
X X O     
  X X O   
X X X O O 
  X O O   
X X O     
----------

White 3,4
----------
X X O     
  X X O   
X X X O O 
  X O O O 
X X O     
----------

Black 0,4
----------
X X O   X 
  X X O   
X X X O O 
  X O O O 
X X O     
----------

White 4,3
----------
X X O   X 
  X X O   
X X X O O 
  X O O O 
X X O O   
----------

Black 0,3
----------
X X   X X 
  X X O   
X X X O O 
  X O O O 
X X O O   
----------

White 1,4
----------
X X   X X 
  X X O O 
X X X O O 
  X O O O 
X X O O   
----------

Game end.
The winner is X
ta time: 25.77
student time: 5.93
Black(You) win!
=====Round 9=====
Black:TA White:You
Wed Oct 28 06:51:50 PDT 2020
Clean up...
Start Playing...
Black 1,2
----------
          
    X     
          
          
          
----------

White 2,1
----------
          
    X     
  O       
          
          
----------

Black 2,2
----------
          
    X     
  O X     
          
          
----------

White 3,1
----------
          
    X     
  O X     
  O       
          
----------

Black 0,0
----------
X         
    X     
  O X     
  O       
          
----------

White 0,1
----------
X O       
    X     
  O X     
  O       
          
----------

Black 2,3
----------
X O       
    X     
  O X X   
  O       
          
----------

White 1,0
----------
  O       
O   X     
  O X X   
  O       
          
----------

Black 0,2
----------
  O X     
O   X     
  O X X   
  O       
          
----------

White 3,2
----------
  O X     
O   X     
  O X X   
  O O     
          
----------

Black 0,3
----------
  O X X   
O   X     
  O X X   
  O O     
          
----------

White 3,3
----------
  O X X   
O   X     
  O X X   
  O O O   
          
----------

Black 0,4
----------
  O X X X 
O   X     
  O X X   
  O O O   
          
----------

White 3,4
----------
  O X X X 
O   X     
  O X X   
  O O O O 
          
----------

Black 2,4
----------
  O X X X 
O   X     
  O X X X 
  O O O O 
          
----------

White 1,1
----------
  O X X X 
O O X     
  O X X X 
  O O O O 
          
----------

Black 1,3
----------
  O X X X 
O O X X   
  O X X X 
  O O O O 
          
----------

White 1,4
----------
  O       
O O     O 
  O       
  O O O O 
          
----------

Black 2,2
----------
  O       
O O     O 
  O X     
  O O O O 
          
----------

White 1,2
----------
  O       
O O O   O 
  O X     
  O O O O 
          
----------

Black 2,3
----------
  O       
O O O   O 
  O X X   
  O O O O 
          
----------

White 1,3
----------
  O       
O O O O O 
  O X X   
  O O O O 
          
----------

Black 4,2
----------
  O       
O O O O O 
  O X X   
  O O O O 
    X     
----------

White 2,4
----------
  O       
O O O O O 
  O     O 
  O O O O 
    X     
----------

Game end.
The winner is O
ta time: 29.99
student time: 6.99
White(You) win!
=====Round 10=====
Black:You White:TA
Wed Oct 28 06:52:00 PDT 2020
Clean up...
Start Playing...
Black 2,2
----------
          
          
    X     
          
          
----------

White 2,1
----------
          
          
  O X     
          
          
----------

Black 1,2
----------
          
    X     
  O X     
          
          
----------

White 3,2
----------
          
    X     
  O X     
    O     
          
----------

Black 1,1
----------
          
  X X     
  O X     
    O     
          
----------

White 2,3
----------
          
  X X     
  O X O   
    O     
          
----------

Black 3,1
----------
          
  X X     
  O X O   
  X O     
          
----------

White 3,3
----------
          
  X X     
  O X O   
  X O O   
          
----------

Black 2,0
----------
          
  X X     
X   X O   
  X O O   
          
----------

White 2,4
----------
          
  X X     
X   X O O 
  X O O   
          
----------

Black 1,3
----------
          
  X X X   
X   X O O 
  X O O   
          
----------

White 4,2
----------
          
  X X X   
X   X O O 
  X O O   
    O     
----------

Black 0,1
----------
  X       
  X X X   
X   X O O 
  X O O   
    O     
----------

White 0,2
----------
  X O     
  X X X   
X   X O O 
  X O O   
    O     
----------

Black 0,3
----------
  X   X   
  X X X   
X   X O O 
  X O O   
    O     
----------

White 1,0
----------
  X   X   
O X X X   
X   X O O 
  X O O   
    O     
----------

Black 0,0
----------
X X   X   
  X X X   
X   X O O 
  X O O   
    O     
----------

White 3,0
----------
X X   X   
  X X X   
X   X O O 
O X O O   
    O     
----------

Black 4,1
----------
X X   X   
  X X X   
X   X O O 
O X O O   
  X O     
----------

White 4,3
----------
X X   X   
  X X X   
X   X O O 
O X O O   
  X O O   
----------

Black 2,1
----------
X X   X   
  X X X   
X X X O O 
O X O O   
  X O O   
----------

White 1,4
----------
X X   X   
  X X X O 
X X X O O 
O X O O   
  X O O   
----------

Black 4,0
----------
X X   X   
  X X X O 
X X X O O 
  X O O   
X X O O   
----------

White 3,4
----------
X X   X   
  X X X O 
X X X O O 
  X O O O 
X X O O   
----------

Game end.
The winner is X
ta time: 33.37
student time: 7.78
Black(You) win!

==Playing with championship_player==
=====Round 1=====
Black:TA White:You
Wed Oct 28 06:52:08 PDT 2020
Clean up...
Start Playing...
Black 2,2
----------
          
          
    X     
          
          
----------

White 1,1
----------
          
  O       
    X     
          
          
----------

Black 2,1
----------
          
  O       
  X X     
          
          
----------

White 1,2
----------
          
  O O     
  X X     
          
          
----------

Black 1,3
----------
          
  O O X   
  X X     
          
          
----------

White 1,0
----------
          
O O O X   
  X X     
          
          
----------

Black 0,3
----------
      X   
O O O X   
  X X     
          
          
----------

White 2,0
----------
      X   
O O O X   
O X X     
          
          
----------

Black 3,1
----------
      X   
O O O X   
O X X     
  X       
          
----------

White 3,0
----------
      X   
O O O X   
O X X     
O X       
          
----------

Black 4,1
----------
      X   
O O O X   
O X X     
O X       
  X       
----------

White 0,0
----------
O     X   
O O O X   
O X X     
O X       
  X       
----------

Black 0,2
----------
O   X X   
O O O X   
O X X     
O X       
  X       
----------

White 3,3
----------
O   X X   
O O O X   
O X X     
O X   O   
  X       
----------

Black 4,0
----------
O   X X   
O O O X   
O X X     
O X   O   
X X       
----------

White 2,3
----------
O   X X   
O O O X   
O X X O   
O X   O   
X X       
----------

Black 0,1
----------
  X X X   
      X   
  X X O   
  X   O   
X X       
----------

White 3,2
----------
  X X X   
      X   
  X X O   
  X O O   
X X       
----------

Black 1,4
----------
  X X X   
      X X 
  X X O   
  X O O   
X X       
----------

White 3,4
----------
  X X X   
      X X 
  X X O   
  X O O O 
X X       
----------

Black 2,4
----------
  X X X   
      X X 
  X X O X 
  X O O O 
X X       
----------

White 4,2
----------
  X X X   
      X X 
  X X O X 
  X O O O 
X X O     
----------

Black 1,2
----------
  X X X   
    X X X 
  X X O X 
  X O O O 
X X O     
----------

White 1,0
----------
  X X X   
O   X X X 
  X X O X 
  X O O O 
X X O     
----------

Game end.
The winner is X
ta time: 71.76
student time: 8.77
White(You) lose.
=====Round 2=====
Black:You White:TA
Wed Oct 28 06:52:38 PDT 2020
Clean up...
Start Playing...
Black 2,2
----------
          
          
    X     
          
          
----------

White 2,1
----------
          
          
  O X     
          
          
----------

Black 1,2
----------
          
    X     
  O X     
          
          
----------

White 3,1
----------
          
    X     
  O X     
  O       
          
----------

Black 1,1
----------
          
  X X     
  O X     
  O       
          
----------

White 3,2
----------
          
  X X     
  O X     
  O O     
          
----------

Black 1,3
----------
          
  X X X   
  O X     
  O O     
          
----------

White 3,3
----------
          
  X X X   
  O X     
  O O O   
          
----------

Black 1,0
----------
          
X X X X   
  O X     
  O O O   
          
----------

White 2,0
----------
          
X X X X   
O O X     
  O O O   
          
----------

Black 1,4
----------
          
X X X X X 
O O X     
  O O O   
          
----------

White 3,4
----------
          
X X X X X 
O O X     
  O O O O 
          
----------

Black 2,3
----------
          
X X X X X 
O O X X   
  O O O O 
          
----------

White 4,1
----------
          
X X X X X 
O O X X   
  O O O O 
  O       
----------

Black 0,0
----------
X         
X X X X X 
O O X X   
  O O O O 
  O       
----------

White 4,3
----------
X         
X X X X X 
O O X X   
  O O O O 
  O   O   
----------

Black 0,1
----------
X X       
X X X X X 
O O X X   
  O O O O 
  O   O   
----------

White 3,0
----------
X X       
X X X X X 
O O X X   
O O O O O 
  O   O   
----------

Black 0,2
----------
X X X     
X X X X X 
O O X X   
O O O O O 
  O   O   
----------

White 2,4
----------
X X X     
X X X X X 
O O X X O 
O O O O O 
  O   O   
----------

Black 0,3
----------
X X X X   
X X X X X 
O O X X O 
O O O O O 
  O   O   
----------

White 0,4
----------
        O 
          
O O     O 
O O O O O 
  O   O   
----------

Black 0,3
----------
      X O 
          
O O     O 
O O O O O 
  O   O   
----------

White 1,4
----------
      X O 
        O 
O O     O 
O O O O O 
  O   O   
----------

Game end.
The winner is O
ta time: 107.88
student time: 9.7
Black(You) lose.
=====Round 3=====
Black:TA White:You
Wed Oct 28 06:53:07 PDT 2020
Clean up...
Start Playing...
Black 2,2
----------
          
          
    X     
          
          
----------

White 1,1
----------
          
  O       
    X     
          
          
----------

Black 2,1
----------
          
  O       
  X X     
          
          
----------

White 1,2
----------
          
  O O     
  X X     
          
          
----------

Black 1,3
----------
          
  O O X   
  X X     
          
          
----------

White 1,0
----------
          
O O O X   
  X X     
          
          
----------

Black 0,3
----------
      X   
O O O X   
  X X     
          
          
----------

White 2,0
----------
      X   
O O O X   
O X X     
          
          
----------

Black 3,1
----------
      X   
O O O X   
O X X     
  X       
          
----------

White 3,0
----------
      X   
O O O X   
O X X     
O X       
          
----------

Black 4,1
----------
      X   
O O O X   
O X X     
O X       
  X       
----------

White 0,0
----------
O     X   
O O O X   
O X X     
O X       
  X       
----------

Black 0,2
----------
O   X X   
O O O X   
O X X     
O X       
  X       
----------

White 3,3
----------
O   X X   
O O O X   
O X X     
O X   O   
  X       
----------

Black 4,0
----------
O   X X   
O O O X   
O X X     
O X   O   
X X       
----------

White 2,3
----------
O   X X   
O O O X   
O X X O   
O X   O   
X X       
----------

Black 0,1
----------
  X X X   
      X   
  X X O   
  X   O   
X X       
----------

White 3,2
----------
  X X X   
      X   
  X X O   
  X O O   
X X       
----------

Black 4,2
----------
  X X X   
      X   
  X X O   
  X O O   
X X X     
----------

White 2,4
----------
  X X X   
      X   
  X X O O 
  X O O   
X X X     
----------

Black 1,2
----------
  X X X   
    X X   
  X X O O 
  X O O   
X X X     
----------

White 1,4
----------
  X X X   
    X X O 
  X X O O 
  X O O   
X X X     
----------

Black 1,0
----------
  X X X   
X   X X O 
  X X O O 
  X O O   
X X X     
----------

White 3,4
----------
  X X X   
X   X X O 
  X X O O 
  X O O O 
X X X     
----------

Game end.
The winner is X
ta time: 153.6
student time: 10.61
White(You) lose.
=====Round 4=====
Black:You White:TA
Wed Oct 28 06:53:38 PDT 2020
Clean up...
Start Playing...
Black 2,2
----------
          
          
    X     
          
          
----------

White 3,3
----------
          
          
    X     
      O   
          
----------

Black 1,2
----------
          
    X     
    X     
      O   
          
----------

White 2,3
----------
          
    X     
    X O   
      O   
          
----------

Black 1,1
----------
          
  X X     
    X O   
      O   
          
----------

White 3,2
----------
          
  X X     
    X O   
    O O   
          
----------

Black 1,3
----------
          
  X X X   
    X O   
    O O   
          
----------

White 3,1
----------
          
  X X X   
    X O   
  O O O   
          
----------

Black 1,0
----------
          
X X X X   
    X O   
  O O O   
          
----------

White 1,4
----------
          
X X X X O 
    X O   
  O O O   
          
----------

Black 0,3
----------
      X   
X X X X O 
    X O   
  O O O   
          
----------

White 2,1
----------
      X   
X X X X O 
  O X O   
  O O O   
          
----------

Black 0,4
----------
      X X 
X X X X O 
  O X O   
  O O O   
          
----------

White 2,4
----------
      X X 
X X X X O 
  O X O O 
  O O O   
          
----------

Black 2,0
----------
      X X 
X X X X O 
X O X O O 
  O O O   
          
----------

White 3,0
----------
      X X 
X X X X O 
X O X O O 
O O O O   
          
----------

Black 0,0
----------
X     X X 
X X X X O 
X O X O O 
O O O O   
          
----------

White 4,2
----------
X     X X 
X X X X O 
X O X O O 
O O O O   
    O     
----------

Black 4,4
----------
X     X X 
X X X X O 
X O X O O 
O O O O   
    O   X 
----------

White 0,1
----------
X O   X X 
X X X X O 
X O X O O 
O O O O   
    O   X 
----------

Black 0,2
----------
X   X X X 
X X X X O 
X O X O O 
O O O O   
    O   X 
----------

White 4,1
----------
X   X X X 
X X X X O 
X O X O O 
O O O O   
  O O   X 
----------

Black 3,4
----------
X   X X X 
X X X X O 
X O X O O 
O O O O X 
  O O   X 
----------

White 0,1
----------
  O       
        O 
  O   O O 
O O O O X 
  O O   X 
----------

Game end.
The winner is O
ta time: 191.32
student time: 11.43
Black(You) lose.
=====Round 5=====
Black:TA White:You
Wed Oct 28 06:54:05 PDT 2020
Clean up...
Start Playing...
Black 2,2
----------
          
          
    X     
          
          
----------

White 1,1
----------
          
  O       
    X     
          
          
----------

Black 1,2
----------
          
  O X     
    X     
          
          
----------

White 2,1
----------
          
  O X     
  O X     
          
          
----------

Black 3,1
----------
          
  O X     
  O X     
  X       
          
----------

White 0,1
----------
  O       
  O X     
  O X     
  X       
          
----------

Black 3,0
----------
  O       
  O X     
  O X     
X X       
          
----------

White 0,2
----------
  O O     
  O X     
  O X     
X X       
          
----------

Black 1,3
----------
  O O     
  O X X   
  O X     
X X       
          
----------

White 0,3
----------
  O O O   
  O X X   
  O X     
X X       
          
----------

Black 1,4
----------
  O O O   
  O X X X 
  O X     
X X       
          
----------

White 0,0
----------
O O O O   
  O X X X 
  O X     
X X       
          
----------

Black 2,0
----------
O O O O   
  O X X X 
X O X     
X X       
          
----------

White 3,3
----------
O O O O   
  O X X X 
X O X     
X X   O   
          
----------

Black 0,4
----------
O O O O X 
  O X X X 
X O X     
X X   O   
          
----------

White 2,3
----------
O O O O X 
  O X X X 
X O X O   
X X   O   
          
----------

Black 1,0
----------
        X 
X   X X X 
X   X O   
X X   O   
          
----------

White 3,2
----------
        X 
X   X X X 
X   X O   
X X O O   
          
----------

Black 4,1
----------
        X 
X   X X X 
X   X O   
X X O O   
  X       
----------

White 3,4
----------
        X 
X   X X X 
X   X O   
X X O O O 
  X       
----------

Black 4,2
----------
        X 
X   X X X 
X   X O   
X X O O O 
  X X     
----------

White 2,4
----------
        X 
X   X X X 
X   X O O 
X X O O O 
  X X     
----------

Black 0,0
----------
X       X 
X   X X X 
X   X O O 
X X O O O 
  X X     
----------

White 1,1
----------
X       X 
X O X X X 
X   X O O 
X X O O O 
  X X     
----------

Game end.
The winner is X
ta time: 229.03
student time: 12.26
White(You) lose.
=====Round 6=====
Black:You White:TA
Wed Oct 28 06:54:32 PDT 2020
Clean up...
Start Playing...
Black 2,2
----------
          
          
    X     
          
          
----------

White 1,1
----------
          
  O       
    X     
          
          
----------

Black 2,3
----------
          
  O       
    X X   
          
          
----------

White 1,2
----------
          
  O O     
    X X   
          
          
----------

Black 1,3
----------
          
  O O X   
    X X   
          
          
----------

White 2,1
----------
          
  O O X   
  O X X   
          
          
----------

Black 3,2
----------
          
  O O X   
  O X X   
    X     
          
----------

White 3,1
----------
          
  O O X   
  O X X   
  O X     
          
----------

Black 3,3
----------
          
  O O X   
  O X X   
  O X X   
          
----------

White 4,2
----------
          
  O O X   
  O X X   
  O X X   
    O     
----------

Black 4,3
----------
          
  O O X   
  O X X   
  O X X   
    O X   
----------

White 4,1
----------
          
  O O X   
  O X X   
  O X X   
  O O X   
----------

Black 0,3
----------
      X   
  O O X   
  O X X   
  O X X   
  O O X   
----------

White 0,2
----------
    O X   
  O O X   
  O X X   
  O X X   
  O O X   
----------

Black 0,4
----------
    O X X 
  O O X   
  O X X   
  O X X   
  O O X   
----------

White 3,4
----------
    O X X 
  O O X   
  O X X   
  O X X O 
  O O X   
----------

Black 2,4
----------
    O X X 
  O O X   
  O X X X 
  O X X O 
  O O X   
----------

White 2,0
----------
    O X X 
  O O X   
O O X X X 
  O X X O 
  O O X   
----------

Black 0,0
----------
X   O X X 
  O O X   
O O X X X 
  O X X O 
  O O X   
----------

White 4,0
----------
X   O X X 
  O O X   
O O X X X 
  O X X O 
O O O X   
----------

Black 4,4
----------
X   O X X 
  O O X   
O O X X X 
  O X X   
O O O X X 
----------

White 1,0
----------
X   O X X 
O O O X   
O O X X X 
  O X X   
O O O X X 
----------

Black 1,4
----------
X   O X X 
O O O X X 
O O X X X 
  O X X   
O O O X X 
----------

White 3,4
----------
X   O     
O O O     
O O       
  O     O 
O O O     
----------

Game end.
The winner is O
ta time: 260.79
student time: 12.91
Black(You) lose.
=====Round 7=====
Black:TA White:You
Wed Oct 28 06:54:56 PDT 2020
Clean up...
Start Playing...
Black 2,2
----------
          
          
    X     
          
          
----------

White 1,1
----------
          
  O       
    X     
          
          
----------

Black 1,2
----------
          
  O X     
    X     
          
          
----------

White 2,1
----------
          
  O X     
  O X     
          
          
----------

Black 3,1
----------
          
  O X     
  O X     
  X       
          
----------

White 0,1
----------
  O       
  O X     
  O X     
  X       
          
----------

Black 3,0
----------
  O       
  O X     
  O X     
X X       
          
----------

White 0,2
----------
  O O     
  O X     
  O X     
X X       
          
----------

Black 1,3
----------
  O O     
  O X X   
  O X     
X X       
          
----------

White 0,3
----------
  O O O   
  O X X   
  O X     
X X       
          
----------

Black 1,4
----------
  O O O   
  O X X X 
  O X     
X X       
          
----------

White 0,0
----------
O O O O   
  O X X X 
  O X     
X X       
          
----------

Black 2,0
----------
O O O O   
  O X X X 
X O X     
X X       
          
----------

White 3,3
----------
O O O O   
  O X X X 
X O X     
X X   O   
          
----------

Black 0,4
----------
O O O O X 
  O X X X 
X O X     
X X   O   
          
----------

White 2,3
----------
O O O O X 
  O X X X 
X O X O   
X X   O   
          
----------

Black 1,0
----------
        X 
X   X X X 
X   X O   
X X   O   
          
----------

White 3,2
----------
        X 
X   X X X 
X   X O   
X X O O   
          
----------

Black 2,4
----------
        X 
X   X X X 
X   X O X 
X X O O   
          
----------

White 3,4
----------
        X 
X   X X X 
X   X O X 
X X O O O 
          
----------

Black 4,2
----------
        X 
X   X X X 
X   X O X 
X X O O O 
    X     
----------

White 0,1
----------
  O     X 
X   X X X 
X   X O X 
X X O O O 
    X     
----------

Black 4,1
----------
  O     X 
X   X X X 
X   X O X 
X X O O O 
  X X     
----------

White 1,1
----------
  O     X 
X O X X X 
X   X O X 
X X O O O 
  X X     
----------

Game end.
The winner is X
ta time: 296.13
student time: 13.6
White(You) lose.
=====Round 8=====
Black:You White:TA
Wed Oct 28 06:55:22 PDT 2020
Clean up...
Start Playing...
Black 2,2
----------
          
          
    X     
          
          
----------

White 2,1
----------
          
          
  O X     
          
          
----------

Black 1,2
----------
          
    X     
  O X     
          
          
----------

White 3,1
----------
          
    X     
  O X     
  O       
          
----------

Black 1,1
----------
          
  X X     
  O X     
  O       
          
----------

White 3,2
----------
          
  X X     
  O X     
  O O     
          
----------

Black 1,3
----------
          
  X X X   
  O X     
  O O     
          
----------

White 3,3
----------
          
  X X X   
  O X     
  O O O   
          
----------

Black 1,0
----------
          
X X X X   
  O X     
  O O O   
          
----------

White 2,0
----------
          
X X X X   
O O X     
  O O O   
          
----------

Black 1,4
----------
          
X X X X X 
O O X     
  O O O   
          
----------

White 3,4
----------
          
X X X X X 
O O X     
  O O O O 
          
----------

Black 2,3
----------
          
X X X X X 
O O X X   
  O O O O 
          
----------

White 4,1
----------
          
X X X X X 
O O X X   
  O O O O 
  O       
----------

Black 0,0
----------
X         
X X X X X 
O O X X   
  O O O O 
  O       
----------

White 4,3
----------
X         
X X X X X 
O O X X   
  O O O O 
  O   O   
----------

Black 0,1
----------
X X       
X X X X X 
O O X X   
  O O O O 
  O   O   
----------

White 3,0
----------
X X       
X X X X X 
O O X X   
O O O O O 
  O   O   
----------

Black 0,2
----------
X X X     
X X X X X 
O O X X   
O O O O O 
  O   O   
----------

White 2,4
----------
X X X     
X X X X X 
O O X X O 
O O O O O 
  O   O   
----------

Black 0,3
----------
X X X X   
X X X X X 
O O X X O 
O O O O O 
  O   O   
----------

White 0,4
----------
        O 
          
O O     O 
O O O O O 
  O   O   
----------

Black 0,3
----------
      X O 
          
O O     O 
O O O O O 
  O   O   
----------

White 1,4
----------
      X O 
        O 
O O     O 
O O O O O 
  O   O   
----------

Game end.
The winner is O
ta time: 332.54
student time: 14.34
Black(You) lose.
=====Round 9=====
Black:TA White:You
Wed Oct 28 06:55:50 PDT 2020
Clean up...
Start Playing...
Black 2,2
----------
          
          
    X     
          
          
----------

White 1,1
----------
          
  O       
    X     
          
          
----------

Black 1,2
----------
          
  O X     
    X     
          
          
----------

White 2,1
----------
          
  O X     
  O X     
          
          
----------

Black 3,1
----------
          
  O X     
  O X     
  X       
          
----------

White 0,1
----------
  O       
  O X     
  O X     
  X       
          
----------

Black 3,0
----------
  O       
  O X     
  O X     
X X       
          
----------

White 0,2
----------
  O O     
  O X     
  O X     
X X       
          
----------

Black 1,3
----------
  O O     
  O X X   
  O X     
X X       
          
----------

White 0,3
----------
  O O O   
  O X X   
  O X     
X X       
          
----------

Black 1,4
----------
  O O O   
  O X X X 
  O X     
X X       
          
----------

White 0,0
----------
O O O O   
  O X X X 
  O X     
X X       
          
----------

Black 2,0
----------
O O O O   
  O X X X 
X O X     
X X       
          
----------

White 3,3
----------
O O O O   
  O X X X 
X O X     
X X   O   
          
----------

Black 0,4
----------
O O O O X 
  O X X X 
X O X     
X X   O   
          
----------

White 2,3
----------
O O O O X 
  O X X X 
X O X O   
X X   O   
          
----------

Black 1,0
----------
        X 
X   X X X 
X   X O   
X X   O   
          
----------

White 3,2
----------
        X 
X   X X X 
X   X O   
X X O O   
          
----------

Black 4,1
----------
        X 
X   X X X 
X   X O   
X X O O   
  X       
----------

White 3,4
----------
        X 
X   X X X 
X   X O   
X X O O O 
  X       
----------

Black 2,1
----------
        X 
X   X X X 
X X X O   
X X O O O 
  X       
----------

White 2,4
----------
        X 
X   X X X 
X X X O O 
X X O O O 
  X       
----------

Black 0,3
----------
      X X 
X   X X X 
X X X O O 
X X O O O 
  X       
----------

White 4,2
----------
      X X 
X   X X X 
X X X O O 
X X O O O 
  X O     
----------

Game end.
The winner is X
ta time: 370.95
student time: 15.24
White(You) lose.
=====Round 10=====
Black:You White:TA
Wed Oct 28 06:56:18 PDT 2020
Clean up...
Start Playing...
Black 2,2
----------
          
          
    X     
          
          
----------

White 1,1
----------
          
  O       
    X     
          
          
----------

Black 2,3
----------
          
  O       
    X X   
          
          
----------

White 1,2
----------
          
  O O     
    X X   
          
          
----------

Black 1,3
----------
          
  O O X   
    X X   
          
          
----------

White 2,1
----------
          
  O O X   
  O X X   
          
          
----------

Black 3,2
----------
          
  O O X   
  O X X   
    X     
          
----------

White 0,3
----------
      O   
  O O X   
  O X X   
    X     
          
----------

Black 3,1
----------
      O   
  O O X   
  O X X   
  X X     
          
----------

White 3,0
----------
      O   
  O O X   
  O X X   
O X X     
          
----------

Black 3,3
----------
      O   
  O O X   
  O X X   
O X X X   
          
----------

White 0,2
----------
    O O   
  O O X   
  O X X   
O X X X   
          
----------

Black 1,4
----------
    O O   
  O O X X 
  O X X   
O X X X   
          
----------

White 2,0
----------
    O O   
  O O X X 
O O X X   
O X X X   
          
----------

Black 3,4
----------
    O O   
  O O X X 
O O X X   
O X X X X 
          
----------

White 0,4
----------
    O O O 
  O O X X 
O O X X   
O X X X X 
          
----------

Black 4,1
----------
    O O O 
  O O X X 
O O X X   
O X X X X 
  X       
----------

White 4,3
----------
    O O O 
  O O X X 
O O X X   
O X X X X 
  X   O   
----------

Black 4,2
----------
    O O O 
  O O X X 
O O X X   
O X X X X 
  X X O   
----------

White 0,0
----------
O   O O O 
  O O X X 
O O X X   
O X X X X 
  X X O   
----------

Black 4,4
----------
O   O O O 
  O O X X 
O O X X   
O X X X X 
  X X   X 
----------

White 0,1
----------
O O O O O 
  O O X X 
O O X X   
O X X X X 
  X X   X 
----------

Black 4,0
----------
O O O O O 
  O O X X 
O O X X   
O X X X X 
X X X   X 
----------

White PASS
----------
O O O O O 
  O O X X 
O O X X   
O X X X X 
X X X   X 
----------

Game end.
The winner is O
ta time: 406.53
student time: 15.98
Black(You) lose.
