Wed Oct 28 02:44:18 PDT 2020

==Playing with qlearning_player==
=====Round 1=====
Black:TA White:You
Wed Oct 28 02:44:19 PDT 2020
Clean up...
Start Playing...
Black 1,2
----------
          
    X     
          
          
          
----------

White 2,1
----------
          
    X     
  O       
          
          
----------

Black 2,2
----------
          
    X     
  O X     
          
          
----------

White 3,1
----------
          
    X     
  O X     
  O       
          
----------

Black 0,0
----------
X         
    X     
  O X     
  O       
          
----------

White 0,1
----------
X O       
    X     
  O X     
  O       
          
----------

Black 2,3
----------
X O       
    X     
  O X X   
  O       
          
----------

White 1,0
----------
  O       
O   X     
  O X X   
  O       
          
----------

Black 0,2
----------
  O X     
O   X     
  O X X   
  O       
          
----------

White 3,2
----------
  O X     
O   X     
  O X X   
  O O     
          
----------

Black 0,3
----------
  O X X   
O   X     
  O X X   
  O O     
          
----------

White 3,3
----------
  O X X   
O   X     
  O X X   
  O O O   
          
----------

Black 0,4
----------
  O X X X 
O   X     
  O X X   
  O O O   
          
----------

White 3,4
----------
  O X X X 
O   X     
  O X X   
  O O O O 
          
----------

Black 4,2
----------
  O X X X 
O   X     
  O X X   
  O O O O 
    X     
----------

White 4,1
----------
  O X X X 
O   X     
  O X X   
  O O O O 
  O X     
----------

Black 2,4
----------
  O X X X 
O   X     
  O X X X 
  O O O O 
  O X     
----------

White 4,3
----------
  O X X X 
O   X     
  O X X X 
  O O O O 
  O   O   
----------

Black 2,0
----------
  O X X X 
O   X     
X O X X X 
  O O O O 
  O   O   
----------

White 3,0
----------
  O X X X 
O   X     
  O X X X 
O O O O O 
  O   O   
----------

Black 1,3
----------
  O X X X 
O   X X   
  O X X X 
O O O O O 
  O   O   
----------

White 1,1
----------
  O X X X 
O O X X   
  O X X X 
O O O O O 
  O   O   
----------

Black PASS
----------
  O X X X 
O O X X   
  O X X X 
O O O O O 
  O   O   
----------

White 1,4
----------
  O       
O O     O 
  O       
O O O O O 
  O   O   
----------

Game end.
The winner is O
ta time: 3.93
student time: 1.07
White(You) win!
=====Round 2=====
Black:You White:TA
Wed Oct 28 02:44:28 PDT 2020
Clean up...
Start Playing...
Black 2,2
----------
          
          
    X     
          
          
----------

White 2,1
----------
          
          
  O X     
          
          
----------

Black 1,2
----------
          
    X     
  O X     
          
          
----------

White 3,2
----------
          
    X     
  O X     
    O     
          
----------

Black 1,1
----------
          
  X X     
  O X     
    O     
          
----------

White 2,3
----------
          
  X X     
  O X O   
    O     
          
----------

Black 3,1
----------
          
  X X     
  O X O   
  X O     
          
----------

White 3,3
----------
          
  X X     
  O X O   
  X O O   
          
----------

Black 2,0
----------
          
  X X     
X   X O   
  X O O   
          
----------

White 1,3
----------
          
  X X O   
X   X O   
  X O O   
          
----------

Black 4,1
----------
          
  X X O   
X   X O   
  X O O   
  X       
----------

White 4,2
----------
          
  X X O   
X   X O   
  X O O   
  X O     
----------

Black 0,1
----------
  X       
  X X O   
X   X O   
  X O O   
  X O     
----------

White 2,4
----------
  X       
  X X O   
X   X O O 
  X O O   
  X O     
----------

Black 0,2
----------
  X X     
  X X O   
X   X O O 
  X O O   
  X O     
----------

White 0,3
----------
  X X O   
  X X O   
X   X O O 
  X O O   
  X O     
----------

Black 2,1
----------
  X X O   
  X X O   
X X X O O 
  X O O   
  X O     
----------

White 1,0
----------
  X X O   
O X X O   
X X X O O 
  X O O   
  X O     
----------

Black 0,0
----------
X X X O   
  X X O   
X X X O O 
  X O O   
  X O     
----------

White 4,3
----------
X X X O   
  X X O   
X X X O O 
  X O O   
  X O O   
----------

Black 1,0
----------
X X X O   
X X X O   
X X X O O 
  X O O   
  X O O   
----------

White 3,4
----------
X X X O   
X X X O   
X X X O O 
  X O O O 
  X O O   
----------

Black 3,0
----------
X X X O   
X X X O   
X X X O O 
X X O O O 
  X O O   
----------

White 4,0
----------
      O   
      O   
      O O 
    O O O 
O   O O   
----------

Game end.
The winner is O
ta time: 7.67
student time: 2.13
Black(You) lose.
=====Round 3=====
Black:TA White:You
Wed Oct 28 02:44:38 PDT 2020
Clean up...
Start Playing...
Black 1,2
----------
          
    X     
          
          
          
----------

White 2,1
----------
          
    X     
  O       
          
          
----------

Black 2,2
----------
          
    X     
  O X     
          
          
----------

White 3,1
----------
          
    X     
  O X     
  O       
          
----------

Black 0,0
----------
X         
    X     
  O X     
  O       
          
----------

White 0,1
----------
X O       
    X     
  O X     
  O       
          
----------

Black 3,2
----------
X O       
    X     
  O X     
  O X     
          
----------

White 1,0
----------
  O       
O   X     
  O X     
  O X     
          
----------

Black 0,2
----------
  O X     
O   X     
  O X     
  O X     
          
----------

White 4,1
----------
  O X     
O   X     
  O X     
  O X     
  O       
----------

Black 2,3
----------
  O X     
O   X     
  O X X   
  O X     
  O       
----------

White 4,2
----------
  O X     
O   X     
  O X X   
  O X     
  O O     
----------

Black 1,1
----------
  O X     
O X X     
  O X X   
  O X     
  O O     
----------

White 4,3
----------
  O X     
O X X     
  O X X   
  O X     
  O O O   
----------

Black 0,0
----------
X   X     
O X X     
  O X X   
  O X     
  O O O   
----------

White 3,3
----------
X   X     
O X X     
  O X X   
  O X O   
  O O O   
----------

Black 2,0
----------
X   X     
  X X     
X O X X   
  O X O   
  O O O   
----------

White 3,0
----------
X   X     
  X X     
X O X X   
O O X O   
  O O O   
----------

Black 2,4
----------
X   X     
  X X     
X O X X X 
O O X O   
  O O O   
----------

White 3,4
----------
X   X     
  X X     
X O X X X 
O O X O O 
  O O O   
----------

Black 1,3
----------
X   X     
  X X X   
X O X X X 
O O X O O 
  O O O   
----------

White 0,4
----------
X   X   O 
  X X X   
X O X X X 
O O X O O 
  O O O   
----------

Black 1,0
----------
X   X   O 
X X X X   
X O X X X 
O O X O O 
  O O O   
----------

White 0,3
----------
X   X O O 
X X X X   
X O X X X 
O O X O O 
  O O O   
----------

Game end.
The winner is O
ta time: 11.66
student time: 3.26
White(You) win!
=====Round 4=====
Black:You White:TA
Wed Oct 28 02:44:48 PDT 2020
Clean up...
Start Playing...
Black 2,2
----------
          
          
    X     
          
          
----------

White 2,1
----------
          
          
  O X     
          
          
----------

Black 1,2
----------
          
    X     
  O X     
          
          
----------

White 3,2
----------
          
    X     
  O X     
    O     
          
----------

Black 1,1
----------
          
  X X     
  O X     
    O     
          
----------

White 2,3
----------
          
  X X     
  O X O   
    O     
          
----------

Black 3,1
----------
          
  X X     
  O X O   
  X O     
          
----------

White 4,2
----------
          
  X X     
  O X O   
  X O     
    O     
----------

Black 2,0
----------
          
  X X     
X   X O   
  X O     
    O     
----------

White 0,2
----------
    O     
  X X     
X   X O   
  X O     
    O     
----------

Black 0,1
----------
  X O     
  X X     
X   X O   
  X O     
    O     
----------

White 3,3
----------
  X O     
  X X     
X   X O   
  X O O   
    O     
----------

Black 0,3
----------
  X   X   
  X X     
X   X O   
  X O O   
    O     
----------

White 0,0
----------
O X   X   
  X X     
X   X O   
  X O O   
    O     
----------

Black 1,0
----------
  X   X   
X X X     
X   X O   
  X O O   
    O     
----------

White 0,4
----------
  X   X O 
X X X     
X   X O   
  X O O   
    O     
----------

Black 1,4
----------
  X   X   
X X X   X 
X   X O   
  X O O   
    O     
----------

White 2,4
----------
  X   X   
X X X   X 
X   X O O 
  X O O   
    O     
----------

Black 1,3
----------
  X   X   
X X X X X 
X   X O O 
  X O O   
    O     
----------

White 4,3
----------
  X   X   
X X X X X 
X   X O O 
  X O O   
    O O   
----------

Black 2,1
----------
  X   X   
X X X X X 
X X X O O 
  X O O   
    O O   
----------

White 4,1
----------
  X   X   
X X X X X 
X X X O O 
  X O O   
  O O O   
----------

Black 3,0
----------
  X   X   
X X X X X 
X X X O O 
X X O O   
  O O O   
----------

White 3,4
----------
  X   X   
X X X X X 
X X X O O 
X X O O O 
  O O O   
----------

Game end.
The winner is X
ta time: 15.3
student time: 4.34
Black(You) win!
=====Round 5=====
Black:TA White:You
Wed Oct 28 02:44:58 PDT 2020
Clean up...
Start Playing...
Black 1,2
----------
          
    X     
          
          
          
----------

White 2,1
----------
          
    X     
  O       
          
          
----------

Black 2,2
----------
          
    X     
  O X     
          
          
----------

White 3,1
----------
          
    X     
  O X     
  O       
          
----------

Black 0,0
----------
X         
    X     
  O X     
  O       
          
----------

White 0,1
----------
X O       
    X     
  O X     
  O       
          
----------

Black 3,2
----------
X O       
    X     
  O X     
  O X     
          
----------

White 1,0
----------
  O       
O   X     
  O X     
  O X     
          
----------

Black 0,2
----------
  O X     
O   X     
  O X     
  O X     
          
----------

White 4,1
----------
  O X     
O   X     
  O X     
  O X     
  O       
----------

Black 2,3
----------
  O X     
O   X     
  O X X   
  O X     
  O       
----------

White 4,2
----------
  O X     
O   X     
  O X X   
  O X     
  O O     
----------

Black 3,3
----------
  O X     
O   X     
  O X X   
  O X X   
  O O     
----------

White 4,3
----------
  O X     
O   X     
  O X X   
  O X X   
  O O O   
----------

Black 1,1
----------
  O X     
O X X     
  O X X   
  O X X   
  O O O   
----------

White 4,4
----------
  O X     
O X X     
  O X X   
  O X X   
  O O O O 
----------

Black 0,0
----------
X   X     
O X X     
  O X X   
  O X X   
  O O O O 
----------

White 3,4
----------
X   X     
O X X     
  O X X   
  O X X O 
  O O O O 
----------

Black 2,0
----------
X   X     
  X X     
X O X X   
  O X X O 
  O O O O 
----------

White 3,0
----------
X   X     
  X X     
X O X X   
O O X X O 
  O O O O 
----------

Black 2,4
----------
X   X     
  X X     
X O X X X 
O O X X O 
  O O O O 
----------

White 1,3
----------
X   X     
  X X O   
X O X X X 
O O X X O 
  O O O O 
----------

Black 4,0
----------
X   X     
  X X O   
X   X X X 
    X X   
X         
----------

White 4,1
----------
X   X     
  X X O   
X   X X X 
    X X   
X O       
----------

Game end.
The winner is X
ta time: 19.39
student time: 5.45
White(You) lose.
=====Round 6=====
Black:You White:TA
Wed Oct 28 02:45:08 PDT 2020
Clean up...
Start Playing...
Black 2,2
----------
          
          
    X     
          
          
----------

White 2,1
----------
          
          
  O X     
          
          
----------

Black 1,2
----------
          
    X     
  O X     
          
          
----------

White 3,2
----------
          
    X     
  O X     
    O     
          
----------

Black 1,1
----------
          
  X X     
  O X     
    O     
          
----------

White 2,3
----------
          
  X X     
  O X O   
    O     
          
----------

Black 3,1
----------
          
  X X     
  O X O   
  X O     
          
----------

White 0,2
----------
    O     
  X X     
  O X O   
  X O     
          
----------

Black 2,0
----------
    O     
  X X     
X   X O   
  X O     
          
----------

White 2,4
----------
    O     
  X X     
X   X O O 
  X O     
          
----------

Black 0,1
----------
  X O     
  X X     
X   X O O 
  X O     
          
----------

White 4,2
----------
  X O     
  X X     
X   X O O 
  X O     
    O     
----------

Black 0,3
----------
  X   X   
  X X     
X   X O O 
  X O     
    O     
----------

White 3,3
----------
  X   X   
  X X     
X   X O O 
  X O O   
    O     
----------

Black 1,3
----------
  X   X   
  X X X   
X   X O O 
  X O O   
    O     
----------

White 1,4
----------
  X   X   
  X X X O 
X   X O O 
  X O O   
    O     
----------

Black 2,1
----------
  X   X   
  X X X O 
X X X O O 
  X O O   
    O     
----------

White 4,3
----------
  X   X   
  X X X O 
X X X O O 
  X O O   
    O O   
----------

Black 3,0
----------
  X   X   
  X X X O 
X X X O O 
X X O O   
    O O   
----------

White 4,1
----------
  X   X   
  X X X O 
X X X O O 
X X O O   
  O O O   
----------

Black 0,0
----------
X X   X   
  X X X O 
X X X O O 
X X O O   
  O O O   
----------

White 3,4
----------
X X   X   
  X X X O 
X X X O O 
X X O O O 
  O O O   
----------

Black 0,2
----------
X X X X   
  X X X O 
X X X O O 
X X O O O 
  O O O   
----------

White 4,0
----------
X X X X   
  X X X O 
X X X O O 
X X O O O 
O O O O   
----------

Game end.
The winner is O
ta time: 23.2
student time: 6.48
Black(You) lose.
=====Round 7=====
Black:TA White:You
Wed Oct 28 02:45:17 PDT 2020
Clean up...
Start Playing...
Black 1,2
----------
          
    X     
          
          
          
----------

White 2,1
----------
          
    X     
  O       
          
          
----------

Black 2,2
----------
          
    X     
  O X     
          
          
----------

White 3,1
----------
          
    X     
  O X     
  O       
          
----------

Black 0,0
----------
X         
    X     
  O X     
  O       
          
----------

White 0,1
----------
X O       
    X     
  O X     
  O       
          
----------

Black 2,3
----------
X O       
    X     
  O X X   
  O       
          
----------

White 1,0
----------
  O       
O   X     
  O X X   
  O       
          
----------

Black 0,2
----------
  O X     
O   X     
  O X X   
  O       
          
----------

White 3,2
----------
  O X     
O   X     
  O X X   
  O O     
          
----------

Black 0,3
----------
  O X X   
O   X     
  O X X   
  O O     
          
----------

White 3,3
----------
  O X X   
O   X     
  O X X   
  O O O   
          
----------

Black 0,4
----------
  O X X X 
O   X     
  O X X   
  O O O   
          
----------

White 3,4
----------
  O X X X 
O   X     
  O X X   
  O O O O 
          
----------

Black 1,1
----------
  O X X X 
O X X     
  O X X   
  O O O O 
          
----------

White 2,4
----------
  O X X X 
O X X     
  O X X O 
  O O O O 
          
----------

Black 0,0
----------
X   X X X 
O X X     
  O X X O 
  O O O O 
          
----------

White 1,4
----------
X   X X X 
O X X   O 
  O X X O 
  O O O O 
          
----------

Black 2,0
----------
X   X X X 
  X X   O 
X O X X O 
  O O O O 
          
----------

White 3,0
----------
X   X X X 
  X X   O 
X O X X O 
O O O O O 
          
----------

Black 4,2
----------
X   X X X 
  X X   O 
X O X X O 
O O O O O 
    X     
----------

White 1,3
----------
X   X X X 
  X X O O 
X O X X O 
O O O O O 
    X     
----------

Black 4,3
----------
X   X X X 
  X X O O 
X O X X O 
O O O O O 
    X X   
----------

White 1,0
----------
X   X X X 
O X X O O 
  O X X O 
O O O O O 
    X X   
----------

Game end.
The winner is O
ta time: 27.2
student time: 7.54
White(You) win!
=====Round 8=====
Black:You White:TA
Wed Oct 28 02:45:27 PDT 2020
Clean up...
Start Playing...
Black 2,2
----------
          
          
    X     
          
          
----------

White 2,1
----------
          
          
  O X     
          
          
----------

Black 1,2
----------
          
    X     
  O X     
          
          
----------

White 3,2
----------
          
    X     
  O X     
    O     
          
----------

Black 1,1
----------
          
  X X     
  O X     
    O     
          
----------

White 2,3
----------
          
  X X     
  O X O   
    O     
          
----------

Black 3,1
----------
          
  X X     
  O X O   
  X O     
          
----------

White 1,3
----------
          
  X X O   
  O X O   
  X O     
          
----------

Black 2,0
----------
          
  X X O   
X   X O   
  X O     
          
----------

White 3,3
----------
          
  X X O   
X   X O   
  X O O   
          
----------

Black 4,1
----------
          
  X X O   
X   X O   
  X O O   
  X       
----------

White 0,2
----------
    O     
  X X O   
X   X O   
  X O O   
  X       
----------

Black 0,1
----------
  X O     
  X X O   
X   X O   
  X O O   
  X       
----------

White 4,2
----------
  X O     
  X X O   
X   X O   
  X O O   
  X O     
----------

Black 2,1
----------
  X O     
  X X O   
X X X O   
  X O O   
  X O     
----------

White 2,4
----------
  X O     
  X X O   
X X X O O 
  X O O   
  X O     
----------

Black 0,0
----------
X X O     
  X X O   
X X X O O 
  X O O   
  X O     
----------

White 3,4
----------
X X O     
  X X O   
X X X O O 
  X O O O 
  X O     
----------

Black 1,0
----------
X X O     
X X X O   
X X X O O 
  X O O O 
  X O     
----------

White 0,3
----------
X X O O   
X X X O   
X X X O O 
  X O O O 
  X O     
----------

Black 3,0
----------
X X O O   
X X X O   
X X X O O 
X X O O O 
  X O     
----------

White 4,0
----------
    O O   
      O   
      O O 
    O O O 
O   O     
----------

Black 3,0
----------
    O O   
      O   
      O O 
X   O O O 
O   O     
----------

White 2,2
----------
    O O   
      O   
    O O O 
X   O O O 
O   O     
----------

Game end.
The winner is O
ta time: 30.83
student time: 8.67
Black(You) lose.
=====Round 9=====
Black:TA White:You
Wed Oct 28 02:45:38 PDT 2020
Clean up...
Start Playing...
Black 1,2
----------
          
    X     
          
          
          
----------

White 2,1
----------
          
    X     
  O       
          
          
----------

Black 2,2
----------
          
    X     
  O X     
          
          
----------

White 3,1
----------
          
    X     
  O X     
  O       
          
----------

Black 0,0
----------
X         
    X     
  O X     
  O       
          
----------

White 0,1
----------
X O       
    X     
  O X     
  O       
          
----------

Black 3,2
----------
X O       
    X     
  O X     
  O X     
          
----------

White 1,0
----------
  O       
O   X     
  O X     
  O X     
          
----------

Black 0,2
----------
  O X     
O   X     
  O X     
  O X     
          
----------

White 4,1
----------
  O X     
O   X     
  O X     
  O X     
  O       
----------

Black 2,3
----------
  O X     
O   X     
  O X X   
  O X     
  O       
----------

White 4,2
----------
  O X     
O   X     
  O X X   
  O X     
  O O     
----------

Black 1,1
----------
  O X     
O X X     
  O X X   
  O X     
  O O     
----------

White 4,3
----------
  O X     
O X X     
  O X X   
  O X     
  O O O   
----------

Black 0,0
----------
X   X     
O X X     
  O X X   
  O X     
  O O O   
----------

White 3,3
----------
X   X     
O X X     
  O X X   
  O X O   
  O O O   
----------

Black 2,0
----------
X   X     
  X X     
X O X X   
  O X O   
  O O O   
----------

White 3,0
----------
X   X     
  X X     
X O X X   
O O X O   
  O O O   
----------

Black 1,3
----------
X   X     
  X X X   
X O X X   
O O X O   
  O O O   
----------

White 3,4
----------
X   X     
  X X X   
X O X X   
O O X O O 
  O O O   
----------

Black 2,4
----------
X   X     
  X X X   
X O X X X 
O O X O O 
  O O O   
----------

White 0,4
----------
X   X   O 
  X X X   
X O X X X 
O O X O O 
  O O O   
----------

Black 1,0
----------
X   X   O 
X X X X   
X O X X X 
O O X O O 
  O O O   
----------

White 0,3
----------
X   X O O 
X X X X   
X O X X X 
O O X O O 
  O O O   
----------

Game end.
The winner is O
ta time: 34.62
student time: 9.66
White(You) win!
=====Round 10=====
Black:You White:TA
Wed Oct 28 02:45:48 PDT 2020
Clean up...
Start Playing...
Black 2,2
----------
          
          
    X     
          
          
----------

White 2,1
----------
          
          
  O X     
          
          
----------

Black 1,2
----------
          
    X     
  O X     
          
          
----------

White 3,2
----------
          
    X     
  O X     
    O     
          
----------

Black 1,1
----------
          
  X X     
  O X     
    O     
          
----------

White 2,3
----------
          
  X X     
  O X O   
    O     
          
----------

Black 3,1
----------
          
  X X     
  O X O   
  X O     
          
----------

White 2,0
----------
          
  X X     
O O X O   
  X O     
          
----------

Black 1,0
----------
          
X X X     
O O X O   
  X O     
          
----------

White 0,2
----------
    O     
X X X     
O O X O   
  X O     
          
----------

Black 3,0
----------
    O     
X X X     
    X O   
X X O     
          
----------

White 2,1
----------
    O     
X X X     
  O X O   
X X O     
          
----------

Black 2,0
----------
    O     
X X X     
X   X O   
X X O     
          
----------

White 3,3
----------
    O     
X X X     
X   X O   
X X O O   
          
----------

Black 0,1
----------
  X O     
X X X     
X   X O   
X X O O   
          
----------

White 2,4
----------
  X O     
X X X     
X   X O O 
X X O O   
          
----------

Black 0,3
----------
  X   X   
X X X     
X   X O O 
X X O O   
          
----------

White 1,3
----------
  X   X   
X X X O   
X   X O O 
X X O O   
          
----------

Black 0,4
----------
  X   X X 
X X X O   
X   X O O 
X X O O   
          
----------

White 4,2
----------
  X   X X 
X X X O   
X   X O O 
X X O O   
    O     
----------

Black 2,1
----------
  X   X X 
X X X O   
X X X O O 
X X O O   
    O     
----------

White 1,4
----------
  X   X X 
X X X O O 
X X X O O 
X X O O   
    O     
----------

Black 0,0
----------
X X   X X 
X X X O O 
X X X O O 
X X O O   
    O     
----------

White 0,2
----------
X X O     
X X X O O 
X X X O O 
X X O O   
    O     
----------

Game end.
The winner is O
ta time: 38.38
student time: 10.73
Black(You) lose.

==Playing with championship_player==
=====Round 1=====
Black:TA White:You
Wed Oct 28 02:45:58 PDT 2020
Clean up...
Start Playing...
Black 2,2
----------
          
          
    X     
          
          
----------

White 1,1
----------
          
  O       
    X     
          
          
----------

Black 1,2
----------
          
  O X     
    X     
          
          
----------

White 2,1
----------
          
  O X     
  O X     
          
          
----------

Black 3,1
----------
          
  O X     
  O X     
  X       
          
----------

White 0,1
----------
  O       
  O X     
  O X     
  X       
          
----------

Black 3,0
----------
  O       
  O X     
  O X     
X X       
          
----------

White 0,2
----------
  O O     
  O X     
  O X     
X X       
          
----------

Black 1,3
----------
  O O     
  O X X   
  O X     
X X       
          
----------

White 0,3
----------
  O O O   
  O X X   
  O X     
X X       
          
----------

Black 1,4
----------
  O O O   
  O X X X 
  O X     
X X       
          
----------

White 0,0
----------
O O O O   
  O X X X 
  O X     
X X       
          
----------

Black 2,0
----------
O O O O   
  O X X X 
X O X     
X X       
          
----------

White 3,3
----------
O O O O   
  O X X X 
X O X     
X X   O   
          
----------

Black 0,4
----------
O O O O X 
  O X X X 
X O X     
X X   O   
          
----------

White 2,3
----------
O O O O X 
  O X X X 
X O X O   
X X   O   
          
----------

Black 1,0
----------
        X 
X   X X X 
X   X O   
X X   O   
          
----------

White 3,2
----------
        X 
X   X X X 
X   X O   
X X O O   
          
----------

Black 4,1
----------
        X 
X   X X X 
X   X O   
X X O O   
  X       
----------

White 3,4
----------
        X 
X   X X X 
X   X O   
X X O O O 
  X       
----------

Black 2,1
----------
        X 
X   X X X 
X X X O   
X X O O O 
  X       
----------

White 2,4
----------
        X 
X   X X X 
X X X O O 
X X O O O 
  X       
----------

Black 4,2
----------
        X 
X   X X X 
X X X O O 
X X O O O 
  X X     
----------

White 0,1
----------
  O     X 
X   X X X 
X X X O O 
X X O O O 
  X X     
----------

Game end.
The winner is X
ta time: 75.05
student time: 11.92
White(You) lose.
=====Round 2=====
Black:You White:TA
Wed Oct 28 02:46:28 PDT 2020
Clean up...
Start Playing...
Black 2,2
----------
          
          
    X     
          
          
----------

White 2,1
----------
          
          
  O X     
          
          
----------

Black 1,2
----------
          
    X     
  O X     
          
          
----------

White 3,1
----------
          
    X     
  O X     
  O       
          
----------

Black 1,1
----------
          
  X X     
  O X     
  O       
          
----------

White 3,2
----------
          
  X X     
  O X     
  O O     
          
----------

Black 1,3
----------
          
  X X X   
  O X     
  O O     
          
----------

White 3,3
----------
          
  X X X   
  O X     
  O O O   
          
----------

Black 1,0
----------
          
X X X X   
  O X     
  O O O   
          
----------

White 2,0
----------
          
X X X X   
O O X     
  O O O   
          
----------

Black 1,4
----------
          
X X X X X 
O O X     
  O O O   
          
----------

White 3,4
----------
          
X X X X X 
O O X     
  O O O O 
          
----------

Black 2,3
----------
          
X X X X X 
O O X X   
  O O O O 
          
----------

White 4,1
----------
          
X X X X X 
O O X X   
  O O O O 
  O       
----------

Black 0,0
----------
X         
X X X X X 
O O X X   
  O O O O 
  O       
----------

White 4,3
----------
X         
X X X X X 
O O X X   
  O O O O 
  O   O   
----------

Black 0,1
----------
X X       
X X X X X 
O O X X   
  O O O O 
  O   O   
----------

White 3,0
----------
X X       
X X X X X 
O O X X   
O O O O O 
  O   O   
----------

Black 0,2
----------
X X X     
X X X X X 
O O X X   
O O O O O 
  O   O   
----------

White 2,4
----------
X X X     
X X X X X 
O O X X O 
O O O O O 
  O   O   
----------

Black 0,3
----------
X X X X   
X X X X X 
O O X X O 
O O O O O 
  O   O   
----------

White 0,4
----------
        O 
          
O O     O 
O O O O O 
  O   O   
----------

Black 0,3
----------
      X O 
          
O O     O 
O O O O O 
  O   O   
----------

White 1,4
----------
      X O 
        O 
O O     O 
O O O O O 
  O   O   
----------

Game end.
The winner is O
ta time: 115.08
student time: 13.22
Black(You) lose.
=====Round 3=====
Black:TA White:You
Wed Oct 28 02:46:57 PDT 2020
Clean up...
Start Playing...
Black 2,2
----------
          
          
    X     
          
          
----------

White 1,1
----------
          
  O       
    X     
          
          
----------

Black 2,1
----------
          
  O       
  X X     
          
          
----------

White 1,2
----------
          
  O O     
  X X     
          
          
----------

Black 1,3
----------
          
  O O X   
  X X     
          
          
----------

White 1,0
----------
          
O O O X   
  X X     
          
          
----------

Black 0,3
----------
      X   
O O O X   
  X X     
          
          
----------

White 2,0
----------
      X   
O O O X   
O X X     
          
          
----------

Black 3,1
----------
      X   
O O O X   
O X X     
  X       
          
----------

White 3,0
----------
      X   
O O O X   
O X X     
O X       
          
----------

Black 4,1
----------
      X   
O O O X   
O X X     
O X       
  X       
----------

White 0,0
----------
O     X   
O O O X   
O X X     
O X       
  X       
----------

Black 0,2
----------
O   X X   
O O O X   
O X X     
O X       
  X       
----------

White 3,3
----------
O   X X   
O O O X   
O X X     
O X   O   
  X       
----------

Black 4,0
----------
O   X X   
O O O X   
O X X     
O X   O   
X X       
----------

White 2,3
----------
O   X X   
O O O X   
O X X O   
O X   O   
X X       
----------

Black 0,1
----------
  X X X   
      X   
  X X O   
  X   O   
X X       
----------

White 3,2
----------
  X X X   
      X   
  X X O   
  X O O   
X X       
----------

Black 4,2
----------
  X X X   
      X   
  X X O   
  X O O   
X X X     
----------

White 2,4
----------
  X X X   
      X   
  X X O O 
  X O O   
X X X     
----------

Black 1,2
----------
  X X X   
    X X   
  X X O O 
  X O O   
X X X     
----------

White 1,4
----------
  X X X   
    X X O 
  X X O O 
  X O O   
X X X     
----------

Black 1,0
----------
  X X X   
X   X X O 
  X X O O 
  X O O   
X X X     
----------

White 3,4
----------
  X X X   
X   X X O 
  X X O O 
  X O O O 
X X X     
----------

Game end.
The winner is X
ta time: 159.79
student time: 14.32
White(You) lose.
=====Round 4=====
Black:You White:TA
Wed Oct 28 02:47:28 PDT 2020
Clean up...
Start Playing...
Black 2,2
----------
          
          
    X     
          
          
----------

White 2,1
----------
          
          
  O X     
          
          
----------

Black 1,2
----------
          
    X     
  O X     
          
          
----------

White 3,1
----------
          
    X     
  O X     
  O       
          
----------

Black 1,1
----------
          
  X X     
  O X     
  O       
          
----------

White 3,2
----------
          
  X X     
  O X     
  O O     
          
----------

Black 1,3
----------
          
  X X X   
  O X     
  O O     
          
----------

White 3,3
----------
          
  X X X   
  O X     
  O O O   
          
----------

Black 1,0
----------
          
X X X X   
  O X     
  O O O   
          
----------

White 2,0
----------
          
X X X X   
O O X     
  O O O   
          
----------

Black 1,4
----------
          
X X X X X 
O O X     
  O O O   
          
----------

White 3,4
----------
          
X X X X X 
O O X     
  O O O O 
          
----------

Black 2,3
----------
          
X X X X X 
O O X X   
  O O O O 
          
----------

White 4,1
----------
          
X X X X X 
O O X X   
  O O O O 
  O       
----------

Black 0,0
----------
X         
X X X X X 
O O X X   
  O O O O 
  O       
----------

White 4,3
----------
X         
X X X X X 
O O X X   
  O O O O 
  O   O   
----------

Black 0,1
----------
X X       
X X X X X 
O O X X   
  O O O O 
  O   O   
----------

White 2,4
----------
X X       
X X X X X 
O O X X O 
  O O O O 
  O   O   
----------

Black 0,2
----------
X X X     
X X X X X 
O O X X O 
  O O O O 
  O   O   
----------

White 3,0
----------
X X X     
X X X X X 
O O X X O 
O O O O O 
  O   O   
----------

Black 0,3
----------
X X X X   
X X X X X 
O O X X O 
O O O O O 
  O   O   
----------

White 0,4
----------
        O 
          
O O     O 
O O O O O 
  O   O   
----------

Black 0,3
----------
      X O 
          
O O     O 
O O O O O 
  O   O   
----------

White 1,4
----------
      X O 
        O 
O O     O 
O O O O O 
  O   O   
----------

Game end.
The winner is O
ta time: 198.87
student time: 15.53
Black(You) lose.
=====Round 5=====
Black:TA White:You
Wed Oct 28 02:47:58 PDT 2020
Clean up...
Start Playing...
Black 2,2
----------
          
          
    X     
          
          
----------

White 1,1
----------
          
  O       
    X     
          
          
----------

Black 1,2
----------
          
  O X     
    X     
          
          
----------

White 2,1
----------
          
  O X     
  O X     
          
          
----------

Black 3,1
----------
          
  O X     
  O X     
  X       
          
----------

White 0,1
----------
  O       
  O X     
  O X     
  X       
          
----------

Black 3,0
----------
  O       
  O X     
  O X     
X X       
          
----------

White 0,2
----------
  O O     
  O X     
  O X     
X X       
          
----------

Black 1,3
----------
  O O     
  O X X   
  O X     
X X       
          
----------

White 0,3
----------
  O O O   
  O X X   
  O X     
X X       
          
----------

Black 1,4
----------
  O O O   
  O X X X 
  O X     
X X       
          
----------

White 0,0
----------
O O O O   
  O X X X 
  O X     
X X       
          
----------

Black 2,0
----------
O O O O   
  O X X X 
X O X     
X X       
          
----------

White 3,3
----------
O O O O   
  O X X X 
X O X     
X X   O   
          
----------

Black 0,4
----------
O O O O X 
  O X X X 
X O X     
X X   O   
          
----------

White 2,3
----------
O O O O X 
  O X X X 
X O X O   
X X   O   
          
----------

Black 1,0
----------
        X 
X   X X X 
X   X O   
X X   O   
          
----------

White 3,2
----------
        X 
X   X X X 
X   X O   
X X O O   
          
----------

Black 4,2
----------
        X 
X   X X X 
X   X O   
X X O O   
    X     
----------

White 4,3
----------
        X 
X   X X X 
X   X O   
X X O O   
    X O   
----------

Black 4,1
----------
        X 
X   X X X 
X   X O   
X X O O   
  X X O   
----------

White 2,4
----------
        X 
X   X X X 
X   X O O 
X X O O   
  X X O   
----------

Black 2,1
----------
        X 
X   X X X 
X X X O O 
X X O O   
  X X O   
----------

White 0,1
----------
  O     X 
X   X X X 
X X X O O 
X X O O   
  X X O   
----------

Game end.
The winner is X
ta time: 231.67
student time: 16.93
White(You) lose.
=====Round 6=====
Black:You White:TA
Wed Oct 28 02:48:27 PDT 2020
Clean up...
Start Playing...
Black 2,2
----------
          
          
    X     
          
          
----------

White 1,1
----------
          
  O       
    X     
          
          
----------

Black 2,3
----------
          
  O       
    X X   
          
          
----------

White 1,2
----------
          
  O O     
    X X   
          
          
----------

Black 1,3
----------
          
  O O X   
    X X   
          
          
----------

White 2,1
----------
          
  O O X   
  O X X   
          
          
----------

Black 3,2
----------
          
  O O X   
  O X X   
    X     
          
----------

White 3,1
----------
          
  O O X   
  O X X   
  O X     
          
----------

Black 3,3
----------
          
  O O X   
  O X X   
  O X X   
          
----------

White 0,3
----------
      O   
  O O X   
  O X X   
  O X X   
          
----------

Black 1,4
----------
      O   
  O O X X 
  O X X   
  O X X   
          
----------

White 4,1
----------
      O   
  O O X X 
  O X X   
  O X X   
  O       
----------

Black 0,4
----------
      O X 
  O O X X 
  O X X   
  O X X   
  O       
----------

White 0,2
----------
    O O X 
  O O X X 
  O X X   
  O X X   
  O       
----------

Black 3,4
----------
    O O X 
  O O X X 
  O X X   
  O X X X 
  O       
----------

White 4,2
----------
    O O X 
  O O X X 
  O X X   
  O X X X 
  O O     
----------

Black 2,4
----------
    O O X 
  O O X X 
  O X X X 
  O X X X 
  O O     
----------

White 2,0
----------
    O O X 
  O O X X 
O O X X X 
  O X X X 
  O O     
----------

Black 0,0
----------
X   O O X 
  O O X X 
O O X X X 
  O X X X 
  O O     
----------

White 4,3
----------
X   O O X 
  O O X X 
O O X X X 
  O X X X 
  O O O   
----------

Black 0,1
----------
X X O O X 
  O O X X 
O O X X X 
  O X X X 
  O O O   
----------

White 4,4
----------
X X O O   
  O O     
O O       
  O       
  O O O O 
----------

Black 2,3
----------
X X O O   
  O O     
O O   X   
  O       
  O O O O 
----------

White 1,3
----------
X X O O   
  O O O   
O O   X   
  O       
  O O O O 
----------

Game end.
The winner is O
ta time: 268.56
student time: 18.18
Black(You) lose.
=====Round 7=====
Black:TA White:You
Wed Oct 28 02:48:54 PDT 2020
Clean up...
Start Playing...
Black 2,2
----------
          
          
    X     
          
          
----------

White 1,1
----------
          
  O       
    X     
          
          
----------

Black 2,1
----------
          
  O       
  X X     
          
          
----------

White 1,2
----------
          
  O O     
  X X     
          
          
----------

Black 1,3
----------
          
  O O X   
  X X     
          
          
----------

White 1,0
----------
          
O O O X   
  X X     
          
          
----------

Black 0,3
----------
      X   
O O O X   
  X X     
          
          
----------

White 2,0
----------
      X   
O O O X   
O X X     
          
          
----------

Black 3,1
----------
      X   
O O O X   
O X X     
  X       
          
----------

White 3,0
----------
      X   
O O O X   
O X X     
O X       
          
----------

Black 4,1
----------
      X   
O O O X   
O X X     
O X       
  X       
----------

White 0,0
----------
O     X   
O O O X   
O X X     
O X       
  X       
----------

Black 0,2
----------
O   X X   
O O O X   
O X X     
O X       
  X       
----------

White 3,3
----------
O   X X   
O O O X   
O X X     
O X   O   
  X       
----------

Black 4,0
----------
O   X X   
O O O X   
O X X     
O X   O   
X X       
----------

White 2,3
----------
O   X X   
O O O X   
O X X O   
O X   O   
X X       
----------

Black 0,1
----------
  X X X   
      X   
  X X O   
  X   O   
X X       
----------

White 3,2
----------
  X X X   
      X   
  X X O   
  X O O   
X X       
----------

Black 2,4
----------
  X X X   
      X   
  X X O X 
  X O O   
X X       
----------

White 3,4
----------
  X X X   
      X   
  X X O X 
  X O O O 
X X       
----------

Black 1,4
----------
  X X X   
      X X 
  X X O X 
  X O O O 
X X       
----------

White 4,2
----------
  X X X   
      X X 
  X X O X 
  X O O O 
X X O     
----------

Black 2,0
----------
  X X X   
      X X 
X X X O X 
  X O O O 
X X O     
----------

White 1,1
----------
  X X X   
  O   X X 
X X X O X 
  X O O O 
X X O     
----------

Game end.
The winner is X
ta time: 308.58
student time: 19.4
White(You) lose.
=====Round 8=====
Black:You White:TA
Wed Oct 28 02:49:25 PDT 2020
Clean up...
Start Playing...
Black 2,2
----------
          
          
    X     
          
          
----------

White 2,1
----------
          
          
  O X     
          
          
----------

Black 1,2
----------
          
    X     
  O X     
          
          
----------

White 3,1
----------
          
    X     
  O X     
  O       
          
----------

Black 1,1
----------
          
  X X     
  O X     
  O       
          
----------

White 3,2
----------
          
  X X     
  O X     
  O O     
          
----------

Black 1,3
----------
          
  X X X   
  O X     
  O O     
          
----------

White 3,3
----------
          
  X X X   
  O X     
  O O O   
          
----------

Black 1,0
----------
          
X X X X   
  O X     
  O O O   
          
----------

White 2,0
----------
          
X X X X   
O O X     
  O O O   
          
----------

Black 1,4
----------
          
X X X X X 
O O X     
  O O O   
          
----------

White 3,4
----------
          
X X X X X 
O O X     
  O O O O 
          
----------

Black 2,3
----------
          
X X X X X 
O O X X   
  O O O O 
          
----------

White 4,1
----------
          
X X X X X 
O O X X   
  O O O O 
  O       
----------

Black 0,0
----------
X         
X X X X X 
O O X X   
  O O O O 
  O       
----------

White 4,3
----------
X         
X X X X X 
O O X X   
  O O O O 
  O   O   
----------

Black 0,1
----------
X X       
X X X X X 
O O X X   
  O O O O 
  O   O   
----------

White 4,0
----------
X X       
X X X X X 
O O X X   
  O O O O 
O O   O   
----------

Black 0,2
----------
X X X     
X X X X X 
O O X X   
  O O O O 
O O   O   
----------

White 2,4
----------
X X X     
X X X X X 
O O X X O 
  O O O O 
O O   O   
----------

Black 0,3
----------
X X X X   
X X X X X 
O O X X O 
  O O O O 
O O   O   
----------

White 0,4
----------
        O 
          
O O     O 
  O O O O 
O O   O   
----------

Black 0,3
----------
      X O 
          
O O     O 
  O O O O 
O O   O   
----------

White 1,4
----------
      X O 
        O 
O O     O 
  O O O O 
O O   O   
----------

Game end.
The winner is O
ta time: 350.04
student time: 20.75
Black(You) lose.
=====Round 9=====
Black:TA White:You
Wed Oct 28 02:49:55 PDT 2020
Clean up...
Start Playing...
Black 2,2
----------
          
          
    X     
          
          
----------

White 1,1
----------
          
  O       
    X     
          
          
----------

Black 2,1
----------
          
  O       
  X X     
          
          
----------

White 1,2
----------
          
  O O     
  X X     
          
          
----------

Black 1,3
----------
          
  O O X   
  X X     
          
          
----------

White 1,0
----------
          
O O O X   
  X X     
          
          
----------

Black 0,3
----------
      X   
O O O X   
  X X     
          
          
----------

White 2,0
----------
      X   
O O O X   
O X X     
          
          
----------

Black 3,1
----------
      X   
O O O X   
O X X     
  X       
          
----------

White 3,0
----------
      X   
O O O X   
O X X     
O X       
          
----------

Black 4,1
----------
      X   
O O O X   
O X X     
O X       
  X       
----------

White 0,0
----------
O     X   
O O O X   
O X X     
O X       
  X       
----------

Black 0,2
----------
O   X X   
O O O X   
O X X     
O X       
  X       
----------

White 3,3
----------
O   X X   
O O O X   
O X X     
O X   O   
  X       
----------

Black 4,0
----------
O   X X   
O O O X   
O X X     
O X   O   
X X       
----------

White 2,3
----------
O   X X   
O O O X   
O X X O   
O X   O   
X X       
----------

Black 0,1
----------
  X X X   
      X   
  X X O   
  X   O   
X X       
----------

White 3,2
----------
  X X X   
      X   
  X X O   
  X O O   
X X       
----------

Black 1,2
----------
  X X X   
    X X   
  X X O   
  X O O   
X X       
----------

White 2,4
----------
  X X X   
    X X   
  X X O O 
  X O O   
X X       
----------

Black 4,2
----------
  X X X   
    X X   
  X X O O 
  X O O   
X X X     
----------

White 1,4
----------
  X X X   
    X X O 
  X X O O 
  X O O   
X X X     
----------

Black 2,0
----------
  X X X   
    X X O 
X X X O O 
  X O O   
X X X     
----------

White 3,4
----------
  X X X   
    X X O 
X X X O O 
  X O O O 
X X X     
----------

Game end.
The winner is X
ta time: 390.14
student time: 22.12
White(You) lose.
=====Round 10=====
Black:You White:TA
Wed Oct 28 02:50:27 PDT 2020
Clean up...
Start Playing...
Black 2,2
----------
          
          
    X     
          
          
----------

White 2,1
----------
          
          
  O X     
          
          
----------

Black 1,2
----------
          
    X     
  O X     
          
          
----------

White 3,1
----------
          
    X     
  O X     
  O       
          
----------

Black 1,1
----------
          
  X X     
  O X     
  O       
          
----------

White 3,2
----------
          
  X X     
  O X     
  O O     
          
----------

Black 1,3
----------
          
  X X X   
  O X     
  O O     
          
----------

White 3,3
----------
          
  X X X   
  O X     
  O O O   
          
----------

Black 1,0
----------
          
X X X X   
  O X     
  O O O   
          
----------

White 2,0
----------
          
X X X X   
O O X     
  O O O   
          
----------

Black 1,4
----------
          
X X X X X 
O O X     
  O O O   
          
----------

White 3,4
----------
          
X X X X X 
O O X     
  O O O O 
          
----------

Black 2,3
----------
          
X X X X X 
O O X X   
  O O O O 
          
----------

White 4,1
----------
          
X X X X X 
O O X X   
  O O O O 
  O       
----------

Black 0,0
----------
X         
X X X X X 
O O X X   
  O O O O 
  O       
----------

White 4,3
----------
X         
X X X X X 
O O X X   
  O O O O 
  O   O   
----------

Black 0,1
----------
X X       
X X X X X 
O O X X   
  O O O O 
  O   O   
----------

White 0,3
----------
X X   O   
X X X X X 
O O X X   
  O O O O 
  O   O   
----------

Black 0,2
----------
X X X O   
X X X X X 
O O X X   
  O O O O 
  O   O   
----------

White 2,4
----------
X X X O   
X X X X X 
O O X X O 
  O O O O 
  O   O   
----------

Black 0,4
----------
X X X   X 
X X X X X 
O O X X O 
  O O O O 
  O   O   
----------

White 0,3
----------
      O   
          
O O     O 
  O O O O 
  O   O   
----------

Black 1,2
----------
      O   
    X     
O O     O 
  O O O O 
  O   O   
----------

White 2,3
----------
      O   
    X     
O O   O O 
  O O O O 
  O   O   
----------

Game end.
The winner is O
ta time: 429.33
student time: 23.54
Black(You) lose.
