Wed Oct 28 03:44:26 PDT 2020

==Playing with qlearning_player==
=====Round 1=====
Black:TA White:You
Wed Oct 28 03:44:26 PDT 2020
Clean up...
Start Playing...
Black 1,2
----------
          
    X     
          
          
          
----------

White 2,1
----------
          
    X     
  O       
          
          
----------

Black 2,2
----------
          
    X     
  O X     
          
          
----------

White 3,1
----------
          
    X     
  O X     
  O       
          
----------

Black 0,0
----------
X         
    X     
  O X     
  O       
          
----------

White 0,1
----------
X O       
    X     
  O X     
  O       
          
----------

Black 3,2
----------
X O       
    X     
  O X     
  O X     
          
----------

White 1,0
----------
  O       
O   X     
  O X     
  O X     
          
----------

Black 0,2
----------
  O X     
O   X     
  O X     
  O X     
          
----------

White 4,1
----------
  O X     
O   X     
  O X     
  O X     
  O       
----------

Black 2,3
----------
  O X     
O   X     
  O X X   
  O X     
  O       
----------

White 4,2
----------
  O X     
O   X     
  O X X   
  O X     
  O O     
----------

Black 2,0
----------
  O X     
O   X     
X O X X   
  O X     
  O O     
----------

White 3,0
----------
  O X     
O   X     
  O X X   
O O X     
  O O     
----------

Black 2,4
----------
  O X     
O   X     
  O X X X 
O O X     
  O O     
----------

White 4,3
----------
  O X     
O   X     
  O X X X 
O O X     
  O O O   
----------

Black 1,3
----------
  O X     
O   X X   
  O X X X 
O O X     
  O O O   
----------

White 3,3
----------
  O X     
O   X X   
  O X X X 
O O X O   
  O O O   
----------

Black 1,1
----------
  O X     
O X X X   
  O X X X 
O O X O   
  O O O   
----------

White 2,0
----------
  O X     
O X X X   
O O X X X 
O O X O   
  O O O   
----------

Black 0,0
----------
X   X     
O X X X   
O O X X X 
O O X O   
  O O O   
----------

White 3,4
----------
X   X     
O X X X   
O O X X X 
O O X O O 
  O O O   
----------

Black 1,4
----------
X   X     
O X X X X 
O O X X X 
O O X O O 
  O O O   
----------

White 0,1
----------
  O X     
O X X X X 
O O X X X 
O O X O O 
  O O O   
----------

Game end.
The winner is O
ta time: 4.39
student time: 0.79
White(You) win!
=====Round 2=====
Black:You White:TA
Wed Oct 28 03:44:34 PDT 2020
Clean up...
Start Playing...
Black 2,2
----------
          
          
    X     
          
          
----------

White 2,1
----------
          
          
  O X     
          
          
----------

Black 1,2
----------
          
    X     
  O X     
          
          
----------

White 3,2
----------
          
    X     
  O X     
    O     
          
----------

Black 1,1
----------
          
  X X     
  O X     
    O     
          
----------

White 2,3
----------
          
  X X     
  O X O   
    O     
          
----------

Black 3,1
----------
          
  X X     
  O X O   
  X O     
          
----------

White 0,2
----------
    O     
  X X     
  O X O   
  X O     
          
----------

Black 2,0
----------
    O     
  X X     
X   X O   
  X O     
          
----------

White 4,2
----------
    O     
  X X     
X   X O   
  X O     
    O     
----------

Black 0,1
----------
  X O     
  X X     
X   X O   
  X O     
    O     
----------

White 1,3
----------
  X O     
  X X O   
X   X O   
  X O     
    O     
----------

Black 2,1
----------
  X O     
  X X O   
X X X O   
  X O     
    O     
----------

White 3,3
----------
  X O     
  X X O   
X X X O   
  X O O   
    O     
----------

Black 3,0
----------
  X O     
  X X O   
X X X O   
X X O O   
    O     
----------

White 2,4
----------
  X O     
  X X O   
X X X O O 
X X O O   
    O     
----------

Black 0,0
----------
X X O     
  X X O   
X X X O O 
X X O O   
    O     
----------

White 3,4
----------
X X O     
  X X O   
X X X O O 
X X O O O 
    O     
----------

Black 1,0
----------
X X O     
X X X O   
X X X O O 
X X O O O 
    O     
----------

White 4,1
----------
X X O     
X X X O   
X X X O O 
X X O O O 
  O O     
----------

Black 0,4
----------
X X O   X 
X X X O   
X X X O O 
X X O O O 
  O O     
----------

White 4,0
----------
    O   X 
      O   
      O O 
    O O O 
O O O     
----------

Black 1,1
----------
    O   X 
  X   O   
      O O 
    O O O 
O O O     
----------

White 2,2
----------
    O   X 
  X   O   
    O O O 
    O O O 
O O O     
----------

Game end.
The winner is O
ta time: 8.42
student time: 1.51
Black(You) lose.
=====Round 3=====
Black:TA White:You
Wed Oct 28 03:44:42 PDT 2020
Clean up...
Start Playing...
Black 1,2
----------
          
    X     
          
          
          
----------

White 2,1
----------
          
    X     
  O       
          
          
----------

Black 2,2
----------
          
    X     
  O X     
          
          
----------

White 3,1
----------
          
    X     
  O X     
  O       
          
----------

Black 0,0
----------
X         
    X     
  O X     
  O       
          
----------

White 0,1
----------
X O       
    X     
  O X     
  O       
          
----------

Black 2,3
----------
X O       
    X     
  O X X   
  O       
          
----------

White 1,0
----------
  O       
O   X     
  O X X   
  O       
          
----------

Black 0,2
----------
  O X     
O   X     
  O X X   
  O       
          
----------

White 3,2
----------
  O X     
O   X     
  O X X   
  O O     
          
----------

Black 0,3
----------
  O X X   
O   X     
  O X X   
  O O     
          
----------

White 3,3
----------
  O X X   
O   X     
  O X X   
  O O O   
          
----------

Black 0,4
----------
  O X X X 
O   X     
  O X X   
  O O O   
          
----------

White 3,4
----------
  O X X X 
O   X     
  O X X   
  O O O O 
          
----------

Black 1,3
----------
  O X X X 
O   X X   
  O X X   
  O O O O 
          
----------

White 1,1
----------
  O X X X 
O O X X   
  O X X   
  O O O O 
          
----------

Black 2,4
----------
  O X X X 
O O X X   
  O X X X 
  O O O O 
          
----------

White 1,4
----------
  O       
O O     O 
  O       
  O O O O 
          
----------

Black 2,2
----------
  O       
O O     O 
  O X     
  O O O O 
          
----------

White 1,2
----------
  O       
O O O   O 
  O X     
  O O O O 
          
----------

Black 2,3
----------
  O       
O O O   O 
  O X X   
  O O O O 
          
----------

White 1,3
----------
  O       
O O O O O 
  O X X   
  O O O O 
          
----------

Black 2,0
----------
  O       
O O O O O 
X O X X   
  O O O O 
          
----------

White 2,4
----------
  O       
O O O O O 
X O     O 
  O O O O 
          
----------

Game end.
The winner is O
ta time: 12.64
student time: 2.39
White(You) win!
=====Round 4=====
Black:You White:TA
Wed Oct 28 03:44:51 PDT 2020
Clean up...
Start Playing...
Black 2,2
----------
          
          
    X     
          
          
----------

White 2,1
----------
          
          
  O X     
          
          
----------

Black 1,2
----------
          
    X     
  O X     
          
          
----------

White 3,2
----------
          
    X     
  O X     
    O     
          
----------

Black 1,1
----------
          
  X X     
  O X     
    O     
          
----------

White 2,3
----------
          
  X X     
  O X O   
    O     
          
----------

Black 3,1
----------
          
  X X     
  O X O   
  X O     
          
----------

White 0,2
----------
    O     
  X X     
  O X O   
  X O     
          
----------

Black 2,0
----------
    O     
  X X     
X   X O   
  X O     
          
----------

White 2,4
----------
    O     
  X X     
X   X O O 
  X O     
          
----------

Black 0,1
----------
  X O     
  X X     
X   X O O 
  X O     
          
----------

White 3,3
----------
  X O     
  X X     
X   X O O 
  X O O   
          
----------

Black 0,3
----------
  X   X   
  X X     
X   X O O 
  X O O   
          
----------

White 1,3
----------
  X   X   
  X X O   
X   X O O 
  X O O   
          
----------

Black 4,1
----------
  X   X   
  X X O   
X   X O O 
  X O O   
  X       
----------

White 4,2
----------
  X   X   
  X X O   
X   X O O 
  X O O   
  X O     
----------

Black 0,4
----------
  X   X X 
  X X O   
X   X O O 
  X O O   
  X O     
----------

White 3,4
----------
  X   X X 
  X X O   
X   X O O 
  X O O O 
  X O     
----------

Black 2,1
----------
  X   X X 
  X X O   
X X X O O 
  X O O O 
  X O     
----------

White 1,0
----------
  X   X X 
O X X O   
X X X O O 
  X O O O 
  X O     
----------

Black 0,0
----------
X X   X X 
  X X O   
X X X O O 
  X O O O 
  X O     
----------

White 4,3
----------
X X   X X 
  X X O   
X X X O O 
  X O O O 
  X O O   
----------

Black 1,4
----------
X X   X X 
  X X O X 
X X X O O 
  X O O O 
  X O O   
----------

White 0,2
----------
X X O     
  X X O   
X X X O O 
  X O O O 
  X O O   
----------

Game end.
The winner is O
ta time: 16.76
student time: 3.06
Black(You) lose.
=====Round 5=====
Black:TA White:You
Wed Oct 28 03:45:00 PDT 2020
Clean up...
Start Playing...
Black 1,2
----------
          
    X     
          
          
          
----------

White 2,1
----------
          
    X     
  O       
          
          
----------

Black 2,2
----------
          
    X     
  O X     
          
          
----------

White 3,1
----------
          
    X     
  O X     
  O       
          
----------

Black 0,0
----------
X         
    X     
  O X     
  O       
          
----------

White 0,1
----------
X O       
    X     
  O X     
  O       
          
----------

Black 2,3
----------
X O       
    X     
  O X X   
  O       
          
----------

White 1,0
----------
  O       
O   X     
  O X X   
  O       
          
----------

Black 0,2
----------
  O X     
O   X     
  O X X   
  O       
          
----------

White 3,2
----------
  O X     
O   X     
  O X X   
  O O     
          
----------

Black 0,3
----------
  O X X   
O   X     
  O X X   
  O O     
          
----------

White 3,3
----------
  O X X   
O   X     
  O X X   
  O O O   
          
----------

Black 0,4
----------
  O X X X 
O   X     
  O X X   
  O O O   
          
----------

White 3,4
----------
  O X X X 
O   X     
  O X X   
  O O O O 
          
----------

Black 1,1
----------
  O X X X 
O X X     
  O X X   
  O O O O 
          
----------

White 2,4
----------
  O X X X 
O X X     
  O X X O 
  O O O O 
          
----------

Black 0,0
----------
X   X X X 
O X X     
  O X X O 
  O O O O 
          
----------

White 1,4
----------
X   X X X 
O X X   O 
  O X X O 
  O O O O 
          
----------

Black 2,0
----------
X   X X X 
  X X   O 
X O X X O 
  O O O O 
          
----------

White 3,0
----------
X   X X X 
  X X   O 
X O X X O 
O O O O O 
          
----------

Black 4,2
----------
X   X X X 
  X X   O 
X O X X O 
O O O O O 
    X     
----------

White 1,3
----------
X   X X X 
  X X O O 
X O X X O 
O O O O O 
    X     
----------

Black 4,3
----------
X   X X X 
  X X O O 
X O X X O 
O O O O O 
    X X   
----------

White 1,0
----------
X   X X X 
O X X O O 
  O X X O 
O O O O O 
    X X   
----------

Game end.
The winner is O
ta time: 20.91
student time: 3.82
White(You) win!
=====Round 6=====
Black:You White:TA
Wed Oct 28 03:45:08 PDT 2020
Clean up...
Start Playing...
Black 2,2
----------
          
          
    X     
          
          
----------

White 2,1
----------
          
          
  O X     
          
          
----------

Black 1,2
----------
          
    X     
  O X     
          
          
----------

White 3,2
----------
          
    X     
  O X     
    O     
          
----------

Black 1,1
----------
          
  X X     
  O X     
    O     
          
----------

White 2,3
----------
          
  X X     
  O X O   
    O     
          
----------

Black 3,1
----------
          
  X X     
  O X O   
  X O     
          
----------

White 1,3
----------
          
  X X O   
  O X O   
  X O     
          
----------

Black 2,0
----------
          
  X X O   
X   X O   
  X O     
          
----------

White 0,2
----------
    O     
  X X O   
X   X O   
  X O     
          
----------

Black 0,1
----------
  X O     
  X X O   
X   X O   
  X O     
          
----------

White 3,3
----------
  X O     
  X X O   
X   X O   
  X O O   
          
----------

Black 4,1
----------
  X O     
  X X O   
X   X O   
  X O O   
  X       
----------

White 2,4
----------
  X O     
  X X O   
X   X O O 
  X O O   
  X       
----------

Black 4,2
----------
  X O     
  X X O   
X   X O O 
  X O O   
  X X     
----------

White 4,3
----------
  X O     
  X X O   
X   X O O 
  X O O   
  X X O   
----------

Black 2,1
----------
  X O     
  X X O   
X X X O O 
  X O O   
  X X O   
----------

White 3,4
----------
  X O     
  X X O   
X X X O O 
  X O O O 
  X X O   
----------

Black 0,0
----------
X X O     
  X X O   
X X X O O 
  X O O O 
  X X O   
----------

White 1,4
----------
X X O     
  X X O O 
X X X O O 
  X O O O 
  X X O   
----------

Black 1,0
----------
X X O     
X X X O O 
X X X O O 
  X O O O 
  X X O   
----------

White 0,3
----------
X X O O   
X X X O O 
X X X O O 
  X O O O 
  X X O   
----------

Black 3,0
----------
X X O O   
X X X O O 
X X X O O 
X X O O O 
  X X O   
----------

White 4,0
----------
    O O   
      O O 
      O O 
    O O O 
O     O   
----------

Game end.
The winner is O
ta time: 25
student time: 4.52
Black(You) lose.
=====Round 7=====
Black:TA White:You
Wed Oct 28 03:45:16 PDT 2020
Clean up...
Start Playing...
Black 1,2
----------
          
    X     
          
          
          
----------

White 2,1
----------
          
    X     
  O       
          
          
----------

Black 2,2
----------
          
    X     
  O X     
          
          
----------

White 3,1
----------
          
    X     
  O X     
  O       
          
----------

Black 0,0
----------
X         
    X     
  O X     
  O       
          
----------

White 0,1
----------
X O       
    X     
  O X     
  O       
          
----------

Black 2,3
----------
X O       
    X     
  O X X   
  O       
          
----------

White 1,0
----------
  O       
O   X     
  O X X   
  O       
          
----------

Black 0,2
----------
  O X     
O   X     
  O X X   
  O       
          
----------

White 3,2
----------
  O X     
O   X     
  O X X   
  O O     
          
----------

Black 0,3
----------
  O X X   
O   X     
  O X X   
  O O     
          
----------

White 3,3
----------
  O X X   
O   X     
  O X X   
  O O O   
          
----------

Black 0,4
----------
  O X X X 
O   X     
  O X X   
  O O O   
          
----------

White 3,4
----------
  O X X X 
O   X     
  O X X   
  O O O O 
          
----------

Black 1,1
----------
  O X X X 
O X X     
  O X X   
  O O O O 
          
----------

White 2,4
----------
  O X X X 
O X X     
  O X X O 
  O O O O 
          
----------

Black 0,0
----------
X   X X X 
O X X     
  O X X O 
  O O O O 
          
----------

White 1,4
----------
X   X X X 
O X X   O 
  O X X O 
  O O O O 
          
----------

Black 2,0
----------
X   X X X 
  X X   O 
X O X X O 
  O O O O 
          
----------

White 3,0
----------
X   X X X 
  X X   O 
X O X X O 
O O O O O 
          
----------

Black 1,3
----------
X   X X X 
  X X X O 
X O X X O 
O O O O O 
          
----------

White 1,0
----------
X   X X X 
O X X X O 
  O X X O 
O O O O O 
          
----------

Black 4,2
----------
X   X X X 
O X X X O 
  O X X O 
O O O O O 
    X     
----------

White 0,1
----------
  O       
O       O 
  O     O 
O O O O O 
    X     
----------

Game end.
The winner is O
ta time: 29.42
student time: 5.32
White(You) win!
=====Round 8=====
Black:You White:TA
Wed Oct 28 03:45:25 PDT 2020
Clean up...
Start Playing...
Black 2,2
----------
          
          
    X     
          
          
----------

White 2,1
----------
          
          
  O X     
          
          
----------

Black 1,2
----------
          
    X     
  O X     
          
          
----------

White 3,2
----------
          
    X     
  O X     
    O     
          
----------

Black 1,1
----------
          
  X X     
  O X     
    O     
          
----------

White 2,3
----------
          
  X X     
  O X O   
    O     
          
----------

Black 3,1
----------
          
  X X     
  O X O   
  X O     
          
----------

White 2,4
----------
          
  X X     
  O X O O 
  X O     
          
----------

Black 2,0
----------
          
  X X     
X   X O O 
  X O     
          
----------

White 3,3
----------
          
  X X     
X   X O O 
  X O O   
          
----------

Black 1,3
----------
          
  X X X   
X   X O O 
  X O O   
          
----------

White 0,2
----------
    O     
  X X X   
X   X O O 
  X O O   
          
----------

Black 0,1
----------
  X O     
  X X X   
X   X O O 
  X O O   
          
----------

White 4,2
----------
  X O     
  X X X   
X   X O O 
  X O O   
    O     
----------

Black 0,3
----------
  X   X   
  X X X   
X   X O O 
  X O O   
    O     
----------

White 3,4
----------
  X   X   
  X X X   
X   X O O 
  X O O O 
    O     
----------

Black 2,1
----------
  X   X   
  X X X   
X X X O O 
  X O O O 
    O     
----------

White 4,3
----------
  X   X   
  X X X   
X X X O O 
  X O O O 
    O O   
----------

Black 3,0
----------
  X   X   
  X X X   
X X X O O 
X X O O O 
    O O   
----------

White 1,4
----------
  X   X   
  X X X O 
X X X O O 
X X O O O 
    O O   
----------

Black 0,0
----------
X X   X   
  X X X O 
X X X O O 
X X O O O 
    O O   
----------

White 4,1
----------
X X   X   
  X X X O 
X X X O O 
X X O O O 
  O O O   
----------

Black 0,2
----------
X X X X   
  X X X O 
X X X O O 
X X O O O 
  O O O   
----------

White 4,4
----------
X X X X   
  X X X O 
X X X O O 
X X O O O 
  O O O O 
----------

Game end.
The winner is O
ta time: 33.5
student time: 6.09
Black(You) lose.
=====Round 9=====
Black:TA White:You
Wed Oct 28 03:45:33 PDT 2020
Clean up...
Start Playing...
Black 1,2
----------
          
    X     
          
          
          
----------

White 2,1
----------
          
    X     
  O       
          
          
----------

Black 2,2
----------
          
    X     
  O X     
          
          
----------

White 3,1
----------
          
    X     
  O X     
  O       
          
----------

Black 0,0
----------
X         
    X     
  O X     
  O       
          
----------

White 0,1
----------
X O       
    X     
  O X     
  O       
          
----------

Black 3,2
----------
X O       
    X     
  O X     
  O X     
          
----------

White 1,0
----------
  O       
O   X     
  O X     
  O X     
          
----------

Black 0,2
----------
  O X     
O   X     
  O X     
  O X     
          
----------

White 4,1
----------
  O X     
O   X     
  O X     
  O X     
  O       
----------

Black 2,3
----------
  O X     
O   X     
  O X X   
  O X     
  O       
----------

White 4,2
----------
  O X     
O   X     
  O X X   
  O X     
  O O     
----------

Black 2,0
----------
  O X     
O   X     
X O X X   
  O X     
  O O     
----------

White 3,0
----------
  O X     
O   X     
  O X X   
O O X     
  O O     
----------

Black 1,1
----------
  O X     
O X X     
  O X X   
O O X     
  O O     
----------

White 4,3
----------
  O X     
O X X     
  O X X   
O O X     
  O O O   
----------

Black 0,0
----------
X   X     
O X X     
  O X X   
O O X     
  O O O   
----------

White 3,3
----------
X   X     
O X X     
  O X X   
O O X O   
  O O O   
----------

Black 2,0
----------
X   X     
  X X     
X O X X   
O O X O   
  O O O   
----------

White 3,4
----------
X   X     
  X X     
X O X X   
O O X O O 
  O O O   
----------

Black 1,3
----------
X   X     
  X X X   
X O X X   
O O X O O 
  O O O   
----------

White 2,4
----------
X   X     
  X X X   
X O X X O 
O O X O O 
  O O O   
----------

Black 1,0
----------
X   X     
X X X X   
X O X X O 
O O X O O 
  O O O   
----------

White 1,4
----------
X   X     
X X X X O 
X O X X O 
O O X O O 
  O O O   
----------

Game end.
The winner is O
ta time: 37.79
student time: 6.91
White(You) win!
=====Round 10=====
Black:You White:TA
Wed Oct 28 03:45:43 PDT 2020
Clean up...
Start Playing...
Black 2,2
----------
          
          
    X     
          
          
----------

White 2,1
----------
          
          
  O X     
          
          
----------

Black 1,2
----------
          
    X     
  O X     
          
          
----------

White 3,2
----------
          
    X     
  O X     
    O     
          
----------

Black 1,1
----------
          
  X X     
  O X     
    O     
          
----------

White 2,3
----------
          
  X X     
  O X O   
    O     
          
----------

Black 3,1
----------
          
  X X     
  O X O   
  X O     
          
----------

White 0,2
----------
    O     
  X X     
  O X O   
  X O     
          
----------

Black 2,0
----------
    O     
  X X     
X   X O   
  X O     
          
----------

White 1,3
----------
    O     
  X X O   
X   X O   
  X O     
          
----------

Black 0,1
----------
  X O     
  X X O   
X   X O   
  X O     
          
----------

White 2,4
----------
  X O     
  X X O   
X   X O O 
  X O     
          
----------

Black 4,1
----------
  X O     
  X X O   
X   X O O 
  X O     
  X       
----------

White 4,2
----------
  X O     
  X X O   
X   X O O 
  X O     
  X O     
----------

Black 2,1
----------
  X O     
  X X O   
X X X O O 
  X O     
  X O     
----------

White 3,3
----------
  X O     
  X X O   
X X X O O 
  X O O   
  X O     
----------

Black 0,0
----------
X X O     
  X X O   
X X X O O 
  X O O   
  X O     
----------

White 0,3
----------
X X O O   
  X X O   
X X X O O 
  X O O   
  X O     
----------

Black 1,0
----------
X X O O   
X X X O   
X X X O O 
  X O O   
  X O     
----------

White 1,4
----------
X X O O   
X X X O O 
X X X O O 
  X O O   
  X O     
----------

Black 4,4
----------
X X O O   
X X X O O 
X X X O O 
  X O O   
  X O   X 
----------

White 4,3
----------
X X O O   
X X X O O 
X X X O O 
  X O O   
  X O O X 
----------

Black 3,0
----------
X X O O   
X X X O O 
X X X O O 
X X O O   
  X O O X 
----------

White 4,0
----------
    O O   
      O O 
      O O 
    O O   
O   O O X 
----------

Game end.
The winner is O
ta time: 41.65
student time: 7.62
Black(You) lose.

==Playing with championship_player==
=====Round 1=====
Black:TA White:You
Wed Oct 28 03:45:51 PDT 2020
Clean up...
Start Playing...
Black 2,2
----------
          
          
    X     
          
          
----------

White 1,1
----------
          
  O       
    X     
          
          
----------

Black 2,1
----------
          
  O       
  X X     
          
          
----------

White 1,2
----------
          
  O O     
  X X     
          
          
----------

Black 1,3
----------
          
  O O X   
  X X     
          
          
----------

White 1,0
----------
          
O O O X   
  X X     
          
          
----------

Black 0,3
----------
      X   
O O O X   
  X X     
          
          
----------

White 2,0
----------
      X   
O O O X   
O X X     
          
          
----------

Black 3,1
----------
      X   
O O O X   
O X X     
  X       
          
----------

White 3,0
----------
      X   
O O O X   
O X X     
O X       
          
----------

Black 4,1
----------
      X   
O O O X   
O X X     
O X       
  X       
----------

White 0,0
----------
O     X   
O O O X   
O X X     
O X       
  X       
----------

Black 0,2
----------
O   X X   
O O O X   
O X X     
O X       
  X       
----------

White 3,3
----------
O   X X   
O O O X   
O X X     
O X   O   
  X       
----------

Black 4,0
----------
O   X X   
O O O X   
O X X     
O X   O   
X X       
----------

White 2,3
----------
O   X X   
O O O X   
O X X O   
O X   O   
X X       
----------

Black 0,1
----------
  X X X   
      X   
  X X O   
  X   O   
X X       
----------

White 3,2
----------
  X X X   
      X   
  X X O   
  X O O   
X X       
----------

Black 2,4
----------
  X X X   
      X   
  X X O X 
  X O O   
X X       
----------

White 3,4
----------
  X X X   
      X   
  X X O X 
  X O O O 
X X       
----------

Black 1,4
----------
  X X X   
      X X 
  X X O X 
  X O O O 
X X       
----------

White 4,2
----------
  X X X   
      X X 
  X X O X 
  X O O O 
X X O     
----------

Black 0,0
----------
X X X X   
      X X 
  X X O X 
  X O O O 
X X O     
----------

White 1,1
----------
X X X X   
  O   X X 
  X X O X 
  X O O O 
X X O     
----------

Game end.
The winner is X
ta time: 78.81
student time: 8.53
White(You) lose.
=====Round 2=====
Black:You White:TA
Wed Oct 28 03:46:25 PDT 2020
Clean up...
Start Playing...
Black 2,2
----------
          
          
    X     
          
          
----------

White 2,1
----------
          
          
  O X     
          
          
----------

Black 1,2
----------
          
    X     
  O X     
          
          
----------

White 3,1
----------
          
    X     
  O X     
  O       
          
----------

Black 1,1
----------
          
  X X     
  O X     
  O       
          
----------

White 3,2
----------
          
  X X     
  O X     
  O O     
          
----------

Black 1,3
----------
          
  X X X   
  O X     
  O O     
          
----------

White 3,3
----------
          
  X X X   
  O X     
  O O O   
          
----------

Black 1,0
----------
          
X X X X   
  O X     
  O O O   
          
----------

White 2,0
----------
          
X X X X   
O O X     
  O O O   
          
----------

Black 1,4
----------
          
X X X X X 
O O X     
  O O O   
          
----------

White 3,4
----------
          
X X X X X 
O O X     
  O O O O 
          
----------

Black 2,3
----------
          
X X X X X 
O O X X   
  O O O O 
          
----------

White 4,1
----------
          
X X X X X 
O O X X   
  O O O O 
  O       
----------

Black 0,0
----------
X         
X X X X X 
O O X X   
  O O O O 
  O       
----------

White 4,3
----------
X         
X X X X X 
O O X X   
  O O O O 
  O   O   
----------

Black 0,1
----------
X X       
X X X X X 
O O X X   
  O O O O 
  O   O   
----------

White 4,0
----------
X X       
X X X X X 
O O X X   
  O O O O 
O O   O   
----------

Black 0,2
----------
X X X     
X X X X X 
O O X X   
  O O O O 
O O   O   
----------

White 2,4
----------
X X X     
X X X X X 
O O X X O 
  O O O O 
O O   O   
----------

Black 0,3
----------
X X X X   
X X X X X 
O O X X O 
  O O O O 
O O   O   
----------

White 0,4
----------
        O 
          
O O     O 
  O O O O 
O O   O   
----------

Black 0,3
----------
      X O 
          
O O     O 
  O O O O 
O O   O   
----------

White 1,4
----------
      X O 
        O 
O O     O 
  O O O O 
O O   O   
----------

Game end.
The winner is O
ta time: 117.43
student time: 9.36
Black(You) lose.
=====Round 3=====
Black:TA White:You
Wed Oct 28 03:46:53 PDT 2020
Clean up...
Start Playing...
Black 2,2
----------
          
          
    X     
          
          
----------

White 1,1
----------
          
  O       
    X     
          
          
----------

Black 2,1
----------
          
  O       
  X X     
          
          
----------

White 1,2
----------
          
  O O     
  X X     
          
          
----------

Black 1,3
----------
          
  O O X   
  X X     
          
          
----------

White 1,0
----------
          
O O O X   
  X X     
          
          
----------

Black 0,2
----------
    X     
O O O X   
  X X     
          
          
----------

White 0,1
----------
  O X     
O O O X   
  X X     
          
          
----------

Black 0,3
----------
  O X X   
O O O X   
  X X     
          
          
----------

White 2,0
----------
  O X X   
O O O X   
O X X     
          
          
----------

Black 3,1
----------
  O X X   
O O O X   
O X X     
  X       
          
----------

White 3,0
----------
  O X X   
O O O X   
O X X     
O X       
          
----------

Black 4,1
----------
  O X X   
O O O X   
O X X     
O X       
  X       
----------

White 3,3
----------
  O X X   
O O O X   
O X X     
O X   O   
  X       
----------

Black 4,0
----------
  O X X   
O O O X   
O X X     
O X   O   
X X       
----------

White 2,3
----------
  O X X   
O O O X   
O X X O   
O X   O   
X X       
----------

Black 2,4
----------
  O X X   
O O O X   
O X X O X 
O X   O   
X X       
----------

White 3,2
----------
  O X X   
O O O X   
O X X O X 
O X O O   
X X       
----------

Black 0,0
----------
X   X X   
      X   
  X X O X 
  X O O   
X X       
----------

White 3,4
----------
X   X X   
      X   
  X X O X 
  X O O O 
X X       
----------

Black 1,4
----------
X   X X   
      X X 
  X X O X 
  X O O O 
X X       
----------

White 1,0
----------
X   X X   
O     X X 
  X X O X 
  X O O O 
X X       
----------

Black 0,1
----------
X X X X   
O     X X 
  X X O X 
  X O O O 
X X       
----------

White 1,1
----------
X X X X   
O O   X X 
  X X O X 
  X O O O 
X X       
----------

Game end.
The winner is X
ta time: 149.42
student time: 10.19
White(You) lose.
=====Round 4=====
Black:You White:TA
Wed Oct 28 03:47:18 PDT 2020
Clean up...
Start Playing...
Black 2,2
----------
          
          
    X     
          
          
----------

White 2,3
----------
          
          
    X O   
          
          
----------

Black 1,2
----------
          
    X     
    X O   
          
          
----------

White 3,3
----------
          
    X     
    X O   
      O   
          
----------

Black 1,1
----------
          
  X X     
    X O   
      O   
          
----------

White 3,2
----------
          
  X X     
    X O   
    O O   
          
----------

Black 1,3
----------
          
  X X X   
    X O   
    O O   
          
----------

White 3,1
----------
          
  X X X   
    X O   
  O O O   
          
----------

Black 1,0
----------
          
X X X X   
    X O   
  O O O   
          
----------

White 1,4
----------
          
X X X X O 
    X O   
  O O O   
          
----------

Black 0,3
----------
      X   
X X X X O 
    X O   
  O O O   
          
----------

White 2,1
----------
      X   
X X X X O 
  O X O   
  O O O   
          
----------

Black 0,4
----------
      X X 
X X X X O 
  O X O   
  O O O   
          
----------

White 2,4
----------
      X X 
X X X X O 
  O X O O 
  O O O   
          
----------

Black 2,0
----------
      X X 
X X X X O 
X O X O O 
  O O O   
          
----------

White 3,0
----------
      X X 
X X X X O 
X O X O O 
O O O O   
          
----------

Black 0,0
----------
X     X X 
X X X X O 
X O X O O 
O O O O   
          
----------

White 4,3
----------
X     X X 
X X X X O 
X O X O O 
O O O O   
      O   
----------

Black 4,1
----------
X     X X 
X X X X O 
X O X O O 
O O O O   
  X   O   
----------

White 0,1
----------
X O   X X 
X X X X O 
X O X O O 
O O O O   
  X   O   
----------

Black 0,2
----------
X   X X X 
X X X X O 
X O X O O 
O O O O   
  X   O   
----------

White 4,4
----------
X   X X X 
X X X X O 
X O X O O 
O O O O   
  X   O O 
----------

Black 4,0
----------
X   X X X 
X X X X O 
X O X O O 
O O O O   
X X   O O 
----------

White 0,1
----------
  O       
        O 
  O   O O 
O O O O   
X X   O O 
----------

Game end.
The winner is O
ta time: 184.42
student time: 11.01
Black(You) lose.
=====Round 5=====
Black:TA White:You
Wed Oct 28 03:47:44 PDT 2020
Clean up...
Start Playing...
Black 2,2
----------
          
          
    X     
          
          
----------

White 1,1
----------
          
  O       
    X     
          
          
----------

Black 1,2
----------
          
  O X     
    X     
          
          
----------

White 2,1
----------
          
  O X     
  O X     
          
          
----------

Black 3,1
----------
          
  O X     
  O X     
  X       
          
----------

White 0,1
----------
  O       
  O X     
  O X     
  X       
          
----------

Black 3,0
----------
  O       
  O X     
  O X     
X X       
          
----------

White 0,2
----------
  O O     
  O X     
  O X     
X X       
          
----------

Black 1,3
----------
  O O     
  O X X   
  O X     
X X       
          
----------

White 0,3
----------
  O O O   
  O X X   
  O X     
X X       
          
----------

Black 1,4
----------
  O O O   
  O X X X 
  O X     
X X       
          
----------

White 0,0
----------
O O O O   
  O X X X 
  O X     
X X       
          
----------

Black 2,0
----------
O O O O   
  O X X X 
X O X     
X X       
          
----------

White 3,3
----------
O O O O   
  O X X X 
X O X     
X X   O   
          
----------

Black 0,4
----------
O O O O X 
  O X X X 
X O X     
X X   O   
          
----------

White 2,3
----------
O O O O X 
  O X X X 
X O X O   
X X   O   
          
----------

Black 1,0
----------
        X 
X   X X X 
X   X O   
X X   O   
          
----------

White 3,2
----------
        X 
X   X X X 
X   X O   
X X O O   
          
----------

Black 2,1
----------
        X 
X   X X X 
X X X O   
X X O O   
          
----------

White 3,4
----------
        X 
X   X X X 
X X X O   
X X O O O 
          
----------

Black 4,1
----------
        X 
X   X X X 
X X X O   
X X O O O 
  X       
----------

White 2,4
----------
        X 
X   X X X 
X X X O O 
X X O O O 
  X       
----------

Black 4,3
----------
        X 
X   X X X 
X X X O O 
X X O O O 
  X   X   
----------

White 0,1
----------
  O     X 
X   X X X 
X X X O O 
X X O O O 
  X   X   
----------

Game end.
The winner is X
ta time: 220.96
student time: 11.9
White(You) lose.
=====Round 6=====
Black:You White:TA
Wed Oct 28 03:48:11 PDT 2020
Clean up...
Start Playing...
Black 2,2
----------
          
          
    X     
          
          
----------

White 2,3
----------
          
          
    X O   
          
          
----------

Black 1,2
----------
          
    X     
    X O   
          
          
----------

White 3,3
----------
          
    X     
    X O   
      O   
          
----------

Black 1,1
----------
          
  X X     
    X O   
      O   
          
----------

White 3,2
----------
          
  X X     
    X O   
    O O   
          
----------

Black 1,3
----------
          
  X X X   
    X O   
    O O   
          
----------

White 3,1
----------
          
  X X X   
    X O   
  O O O   
          
----------

Black 1,0
----------
          
X X X X   
    X O   
  O O O   
          
----------

White 1,4
----------
          
X X X X O 
    X O   
  O O O   
          
----------

Black 0,3
----------
      X   
X X X X O 
    X O   
  O O O   
          
----------

White 2,1
----------
      X   
X X X X O 
  O X O   
  O O O   
          
----------

Black 0,4
----------
      X X 
X X X X O 
  O X O   
  O O O   
          
----------

White 2,4
----------
      X X 
X X X X O 
  O X O O 
  O O O   
          
----------

Black 2,0
----------
      X X 
X X X X O 
X O X O O 
  O O O   
          
----------

White 3,0
----------
      X X 
X X X X O 
X O X O O 
O O O O   
          
----------

Black 0,0
----------
X     X X 
X X X X O 
X O X O O 
O O O O   
          
----------

White 4,2
----------
X     X X 
X X X X O 
X O X O O 
O O O O   
    O     
----------

Black 4,4
----------
X     X X 
X X X X O 
X O X O O 
O O O O   
    O   X 
----------

White 0,1
----------
X O   X X 
X X X X O 
X O X O O 
O O O O   
    O   X 
----------

Black 0,2
----------
X   X X X 
X X X X O 
X O X O O 
O O O O   
    O   X 
----------

White 0,1
----------
  O       
        O 
  O   O O 
O O O O   
    O   X 
----------

Black 1,2
----------
  O       
    X   O 
  O   O O 
O O O O   
    O   X 
----------

White 1,1
----------
  O       
  O X   O 
  O   O O 
O O O O   
    O   X 
----------

Game end.
The winner is O
ta time: 254.53
student time: 12.75
Black(You) lose.
=====Round 7=====
Black:TA White:You
Wed Oct 28 03:48:37 PDT 2020
Clean up...
Start Playing...
Black 2,2
----------
          
          
    X     
          
          
----------

White 1,1
----------
          
  O       
    X     
          
          
----------

Black 1,2
----------
          
  O X     
    X     
          
          
----------

White 2,1
----------
          
  O X     
  O X     
          
          
----------

Black 3,1
----------
          
  O X     
  O X     
  X       
          
----------

White 0,1
----------
  O       
  O X     
  O X     
  X       
          
----------

Black 3,0
----------
  O       
  O X     
  O X     
X X       
          
----------

White 0,2
----------
  O O     
  O X     
  O X     
X X       
          
----------

Black 1,3
----------
  O O     
  O X X   
  O X     
X X       
          
----------

White 0,3
----------
  O O O   
  O X X   
  O X     
X X       
          
----------

Black 1,4
----------
  O O O   
  O X X X 
  O X     
X X       
          
----------

White 0,0
----------
O O O O   
  O X X X 
  O X     
X X       
          
----------

Black 2,0
----------
O O O O   
  O X X X 
X O X     
X X       
          
----------

White 3,3
----------
O O O O   
  O X X X 
X O X     
X X   O   
          
----------

Black 0,4
----------
O O O O X 
  O X X X 
X O X     
X X   O   
          
----------

White 2,3
----------
O O O O X 
  O X X X 
X O X O   
X X   O   
          
----------

Black 1,0
----------
        X 
X   X X X 
X   X O   
X X   O   
          
----------

White 3,2
----------
        X 
X   X X X 
X   X O   
X X O O   
          
----------

Black 2,1
----------
        X 
X   X X X 
X X X O   
X X O O   
          
----------

White 3,4
----------
        X 
X   X X X 
X X X O   
X X O O O 
          
----------

Black 4,2
----------
        X 
X   X X X 
X X X O   
X X O O O 
    X     
----------

White 4,3
----------
        X 
X   X X X 
X X X O   
X X O O O 
    X O   
----------

Black 4,1
----------
        X 
X   X X X 
X X X O   
X X O O O 
  X X O   
----------

White 0,1
----------
  O     X 
X   X X X 
X X X O   
X X O O O 
  X X O   
----------

Game end.
The winner is X
ta time: 291.15
student time: 13.7
White(You) lose.
=====Round 8=====
Black:You White:TA
Wed Oct 28 03:49:04 PDT 2020
Clean up...
Start Playing...
Black 2,2
----------
          
          
    X     
          
          
----------

White 2,3
----------
          
          
    X O   
          
          
----------

Black 1,2
----------
          
    X     
    X O   
          
          
----------

White 3,3
----------
          
    X     
    X O   
      O   
          
----------

Black 1,1
----------
          
  X X     
    X O   
      O   
          
----------

White 3,2
----------
          
  X X     
    X O   
    O O   
          
----------

Black 1,3
----------
          
  X X X   
    X O   
    O O   
          
----------

White 3,1
----------
          
  X X X   
    X O   
  O O O   
          
----------

Black 1,0
----------
          
X X X X   
    X O   
  O O O   
          
----------

White 1,4
----------
          
X X X X O 
    X O   
  O O O   
          
----------

Black 0,3
----------
      X   
X X X X O 
    X O   
  O O O   
          
----------

White 2,1
----------
      X   
X X X X O 
  O X O   
  O O O   
          
----------

Black 0,4
----------
      X X 
X X X X O 
  O X O   
  O O O   
          
----------

White 2,4
----------
      X X 
X X X X O 
  O X O O 
  O O O   
          
----------

Black 2,0
----------
      X X 
X X X X O 
X O X O O 
  O O O   
          
----------

White 3,0
----------
      X X 
X X X X O 
X O X O O 
O O O O   
          
----------

Black 0,0
----------
X     X X 
X X X X O 
X O X O O 
O O O O   
          
----------

White 4,2
----------
X     X X 
X X X X O 
X O X O O 
O O O O   
    O     
----------

Black 4,4
----------
X     X X 
X X X X O 
X O X O O 
O O O O   
    O   X 
----------

White 0,2
----------
X   O X X 
X X X X O 
X O X O O 
O O O O   
    O   X 
----------

Black 0,1
----------
X X   X X 
X X X X O 
X O X O O 
O O O O   
    O   X 
----------

White 4,1
----------
X X   X X 
X X X X O 
X O X O O 
O O O O   
  O O   X 
----------

Black 3,4
----------
X X   X X 
X X X X O 
X O X O O 
O O O O X 
  O O   X 
----------

White 0,2
----------
    O     
        O 
  O   O O 
O O O O X 
  O O   X 
----------

Game end.
The winner is O
ta time: 323.75
student time: 14.49
Black(You) lose.
=====Round 9=====
Black:TA White:You
Wed Oct 28 03:49:30 PDT 2020
Clean up...
Start Playing...
Black 2,2
----------
          
          
    X     
          
          
----------

White 1,1
----------
          
  O       
    X     
          
          
----------

Black 1,2
----------
          
  O X     
    X     
          
          
----------

White 2,1
----------
          
  O X     
  O X     
          
          
----------

Black 3,1
----------
          
  O X     
  O X     
  X       
          
----------

White 0,1
----------
  O       
  O X     
  O X     
  X       
          
----------

Black 3,0
----------
  O       
  O X     
  O X     
X X       
          
----------

White 0,2
----------
  O O     
  O X     
  O X     
X X       
          
----------

Black 1,3
----------
  O O     
  O X X   
  O X     
X X       
          
----------

White 0,3
----------
  O O O   
  O X X   
  O X     
X X       
          
----------

Black 1,4
----------
  O O O   
  O X X X 
  O X     
X X       
          
----------

White 0,0
----------
O O O O   
  O X X X 
  O X     
X X       
          
----------

Black 2,0
----------
O O O O   
  O X X X 
X O X     
X X       
          
----------

White 3,3
----------
O O O O   
  O X X X 
X O X     
X X   O   
          
----------

Black 0,4
----------
O O O O X 
  O X X X 
X O X     
X X   O   
          
----------

White 2,3
----------
O O O O X 
  O X X X 
X O X O   
X X   O   
          
----------

Black 1,0
----------
        X 
X   X X X 
X   X O   
X X   O   
          
----------

White 3,2
----------
        X 
X   X X X 
X   X O   
X X O O   
          
----------

Black 4,2
----------
        X 
X   X X X 
X   X O   
X X O O   
    X     
----------

White 4,3
----------
        X 
X   X X X 
X   X O   
X X O O   
    X O   
----------

Black 4,1
----------
        X 
X   X X X 
X   X O   
X X O O   
  X X O   
----------

White 2,4
----------
        X 
X   X X X 
X   X O O 
X X O O   
  X X O   
----------

Black 0,3
----------
      X X 
X   X X X 
X   X O O 
X X O O   
  X X O   
----------

White 0,1
----------
  O   X X 
X   X X X 
X   X O O 
X X O O   
  X X O   
----------

Game end.
The winner is X
ta time: 356.58
student time: 15.35
White(You) lose.
=====Round 10=====
Black:You White:TA
Wed Oct 28 03:49:56 PDT 2020
Clean up...
Start Playing...
Black 2,2
----------
          
          
    X     
          
          
----------

White 1,1
----------
          
  O       
    X     
          
          
----------

Black 2,3
----------
          
  O       
    X X   
          
          
----------

White 1,2
----------
          
  O O     
    X X   
          
          
----------

Black 1,3
----------
          
  O O X   
    X X   
          
          
----------

White 2,1
----------
          
  O O X   
  O X X   
          
          
----------

Black 3,2
----------
          
  O O X   
  O X X   
    X     
          
----------

White 0,3
----------
      O   
  O O X   
  O X X   
    X     
          
----------

Black 3,1
----------
      O   
  O O X   
  O X X   
  X X     
          
----------

White 3,0
----------
      O   
  O O X   
  O X X   
O X X     
          
----------

Black 3,3
----------
      O   
  O O X   
  O X X   
O X X X   
          
----------

White 0,2
----------
    O O   
  O O X   
  O X X   
O X X X   
          
----------

Black 1,4
----------
    O O   
  O O X X 
  O X X   
O X X X   
          
----------

White 2,0
----------
    O O   
  O O X X 
O O X X   
O X X X   
          
----------

Black 3,4
----------
    O O   
  O O X X 
O O X X   
O X X X X 
          
----------

White 0,4
----------
    O O O 
  O O X X 
O O X X   
O X X X X 
          
----------

Black 4,1
----------
    O O O 
  O O X X 
O O X X   
O X X X X 
  X       
----------

White 4,3
----------
    O O O 
  O O X X 
O O X X   
O X X X X 
  X   O   
----------

Black 4,2
----------
    O O O 
  O O X X 
O O X X   
O X X X X 
  X X O   
----------

White 0,0
----------
O   O O O 
  O O X X 
O O X X   
O X X X X 
  X X O   
----------

Black 4,4
----------
O   O O O 
  O O X X 
O O X X   
O X X X X 
  X X   X 
----------

White 1,0
----------
O   O O O 
O O O X X 
O O X X   
O X X X X 
  X X   X 
----------

Black 4,0
----------
O   O O O 
O O O X X 
O O X X   
O X X X X 
X X X   X 
----------

White PASS
----------
O   O O O 
O O O X X 
O O X X   
O X X X X 
X X X   X 
----------

Game end.
The winner is O
ta time: 389.76
student time: 16.1
Black(You) lose.
