Wed Oct 28 23:44:17 PDT 2020

==Playing with qlearning_player==
=====Round 1=====
Black:TA White:You
Wed Oct 28 23:44:17 PDT 2020
Clean up...
Start Playing...
Black 1,2
----------
          
    X     
          
          
          
----------

White 2,1
----------
          
    X     
  O       
          
          
----------

Black 2,2
----------
          
    X     
  O X     
          
          
----------

White 3,1
----------
          
    X     
  O X     
  O       
          
----------

Black 0,0
----------
X         
    X     
  O X     
  O       
          
----------

White 1,1
----------
X         
  O X     
  O X     
  O       
          
----------

Black 0,1
----------
X X       
  O X     
  O X     
  O       
          
----------

White 3,2
----------
X X       
  O X     
  O X     
  O O     
          
----------

Black 2,3
----------
X X       
  O X     
  O X X   
  O O     
          
----------

White 3,3
----------
X X       
  O X     
  O X X   
  O O O   
          
----------

Black 4,2
----------
X X       
  O X     
  O X X   
  O O O   
    X     
----------

White 3,4
----------
X X       
  O X     
  O X X   
  O O O O 
    X     
----------

Black 0,2
----------
X X X     
  O X     
  O X X   
  O O O O 
    X     
----------

White 2,4
----------
X X X     
  O X     
  O X X O 
  O O O O 
    X     
----------

Black 2,0
----------
X X X     
  O X     
X O X X O 
  O O O O 
    X     
----------

White 1,4
----------
X X X     
  O X   O 
X O X X O 
  O O O O 
    X     
----------

Black 1,3
----------
X X X     
  O X X O 
X O X X O 
  O O O O 
    X     
----------

White 0,4
----------
X X X   O 
  O X X O 
X O X X O 
  O O O O 
    X     
----------

Black 1,0
----------
X X X   O 
X O X X O 
X O X X O 
  O O O O 
    X     
----------

White 3,0
----------
X X X   O 
X O X X O 
X O X X O 
O O O O O 
    X     
----------

Black 4,3
----------
X X X   O 
X O X X O 
X O X X O 
O O O O O 
    X X   
----------

White 0,3
----------
      O O 
  O     O 
  O     O 
O O O O O 
    X X   
----------

Black 2,2
----------
      O O 
  O     O 
  O X   O 
O O O O O 
    X X   
----------

White 0,1
----------
  O   O O 
  O     O 
  O X   O 
O O O O O 
    X X   
----------

Game end.
The winner is O
ta time: 4.22
student time: 0.61
White(You) win!
=====Round 2=====
Black:You White:TA
Wed Oct 28 23:44:33 PDT 2020
Clean up...
Start Playing...
Black 2,2
----------
          
          
    X     
          
          
----------

White 2,1
----------
          
          
  O X     
          
          
----------

Black 1,2
----------
          
    X     
  O X     
          
          
----------

White 3,2
----------
          
    X     
  O X     
    O     
          
----------

Black 1,1
----------
          
  X X     
  O X     
    O     
          
----------

White 2,3
----------
          
  X X     
  O X O   
    O     
          
----------

Black 1,3
----------
          
  X X X   
  O X O   
    O     
          
----------

White 3,1
----------
          
  X X X   
  O X O   
  O O     
          
----------

Black 1,0
----------
          
X X X X   
  O X O   
  O O     
          
----------

White 0,2
----------
    O     
X X X X   
  O X O   
  O O     
          
----------

Black 1,4
----------
    O     
X X X X X 
  O X O   
  O O     
          
----------

White 2,4
----------
    O     
X X X X X 
  O X O O 
  O O     
          
----------

Black 2,0
----------
    O     
X X X X X 
X O X O O 
  O O     
          
----------

White 4,2
----------
    O     
X X X X X 
X O X O O 
  O O     
    O     
----------

Black 3,0
----------
    O     
X X X X X 
X O X O O 
X O O     
    O     
----------

White 3,3
----------
    O     
X X X X X 
X O X O O 
X O O O   
    O     
----------

Black 4,0
----------
    O     
X X X X X 
X O X O O 
X O O O   
X   O     
----------

White 4,3
----------
    O     
X X X X X 
X O X O O 
X O O O   
X   O O   
----------

Black 0,0
----------
X   O     
X X X X X 
X O X O O 
X O O O   
X   O O   
----------

White 4,1
----------
X   O     
X X X X X 
X O X O O 
X O O O   
X O O O   
----------

Black 0,1
----------
X X O     
X X X X X 
X O X O O 
X O O O   
X O O O   
----------

White 3,4
----------
X X O     
X X X X X 
X O X O O 
X O O O O 
X O O O   
----------

Black 4,4
----------
X X O     
X X X X X 
X   X     
X         
X       X 
----------

White 2,1
----------
X X O     
X X X X X 
X O X     
X         
X       X 
----------

Game end.
The winner is X
ta time: 7.64
student time: 1.22
Black(You) win!
=====Round 3=====
Black:TA White:You
Wed Oct 28 23:44:41 PDT 2020
Clean up...
Start Playing...
Black 1,2
----------
          
    X     
          
          
          
----------

White 2,1
----------
          
    X     
  O       
          
          
----------

Black 2,2
----------
          
    X     
  O X     
          
          
----------

White 3,1
----------
          
    X     
  O X     
  O       
          
----------

Black 0,0
----------
X         
    X     
  O X     
  O       
          
----------

White 1,1
----------
X         
  O X     
  O X     
  O       
          
----------

Black 0,1
----------
X X       
  O X     
  O X     
  O       
          
----------

White 3,2
----------
X X       
  O X     
  O X     
  O O     
          
----------

Black 2,3
----------
X X       
  O X     
  O X X   
  O O     
          
----------

White 3,3
----------
X X       
  O X     
  O X X   
  O O O   
          
----------

Black 1,3
----------
X X       
  O X X   
  O X X   
  O O O   
          
----------

White 3,4
----------
X X       
  O X X   
  O X X   
  O O O O 
          
----------

Black 0,2
----------
X X X     
  O X X   
  O X X   
  O O O O 
          
----------

White 2,4
----------
X X X     
  O X X   
  O X X O 
  O O O O 
          
----------

Black 4,2
----------
X X X     
  O X X   
  O X X O 
  O O O O 
    X     
----------

White 1,4
----------
X X X     
  O X X O 
  O X X O 
  O O O O 
    X     
----------

Black 2,0
----------
X X X     
  O X X O 
X O X X O 
  O O O O 
    X     
----------

White 0,4
----------
X X X   O 
  O X X O 
X O X X O 
  O O O O 
    X     
----------

Black 1,0
----------
X X X   O 
X O X X O 
X O X X O 
  O O O O 
    X     
----------

White 3,0
----------
X X X   O 
X O X X O 
X O X X O 
O O O O O 
    X     
----------

Black 4,1
----------
X X X   O 
X O X X O 
X O X X O 
O O O O O 
  X X     
----------

White 0,3
----------
      O O 
  O     O 
  O     O 
O O O O O 
  X X     
----------

Black 2,2
----------
      O O 
  O     O 
  O X   O 
O O O O O 
  X X     
----------

White 0,1
----------
  O   O O 
  O     O 
  O X   O 
O O O O O 
  X X     
----------

Game end.
The winner is O
ta time: 11.54
student time: 1.68
White(You) win!
=====Round 4=====
Black:You White:TA
Wed Oct 28 23:44:50 PDT 2020
Clean up...
Start Playing...
Black 2,2
----------
          
          
    X     
          
          
----------

White 2,1
----------
          
          
  O X     
          
          
----------

Black 1,2
----------
          
    X     
  O X     
          
          
----------

White 3,2
----------
          
    X     
  O X     
    O     
          
----------

Black 1,1
----------
          
  X X     
  O X     
    O     
          
----------

White 2,3
----------
          
  X X     
  O X O   
    O     
          
----------

Black 1,3
----------
          
  X X X   
  O X O   
    O     
          
----------

White 3,1
----------
          
  X X X   
  O X O   
  O O     
          
----------

Black 1,0
----------
          
X X X X   
  O X O   
  O O     
          
----------

White 0,2
----------
    O     
X X X X   
  O X O   
  O O     
          
----------

Black 1,4
----------
    O     
X X X X X 
  O X O   
  O O     
          
----------

White 2,0
----------
    O     
X X X X X 
O O X O   
  O O     
          
----------

Black 2,4
----------
    O     
X X X X X 
O O X O X 
  O O     
          
----------

White 4,2
----------
    O     
X X X X X 
O O X O X 
  O O     
    O     
----------

Black 3,3
----------
    O     
X X X X X 
O O X   X 
  O O X   
    O     
----------

White 0,1
----------
  O O     
X X X X X 
O O X   X 
  O O X   
    O     
----------

Black 2,3
----------
  O O     
X X X X X 
O O X X X 
  O O X   
    O     
----------

White 0,3
----------
  O O O   
X X X X X 
O O X X X 
  O O X   
    O     
----------

Black 3,4
----------
  O O O   
X X X X X 
O O X X X 
  O O X X 
    O     
----------

White 4,3
----------
  O O O   
X X X X X 
O O X X X 
  O O X X 
    O O   
----------

Black 0,0
----------
X O O O   
X X X X X 
O O X X X 
  O O X X 
    O O   
----------

White 3,0
----------
X O O O   
X X X X X 
O O X X X 
O O O X X 
    O O   
----------

Black 0,4
----------
X       X 
X X X X X 
O O X X X 
O O O X X 
    O O   
----------

White 0,2
----------
X   O   X 
X X X X X 
O O X X X 
O O O X X 
    O O   
----------

Game end.
The winner is X
ta time: 15.2
student time: 2.13
Black(You) win!
=====Round 5=====
Black:TA White:You
Wed Oct 28 23:44:59 PDT 2020
Clean up...
Start Playing...
Black 1,2
----------
          
    X     
          
          
          
----------

White 2,1
----------
          
    X     
  O       
          
          
----------

Black 2,2
----------
          
    X     
  O X     
          
          
----------

White 3,1
----------
          
    X     
  O X     
  O       
          
----------

Black 0,0
----------
X         
    X     
  O X     
  O       
          
----------

White 1,1
----------
X         
  O X     
  O X     
  O       
          
----------

Black 0,1
----------
X X       
  O X     
  O X     
  O       
          
----------

White 3,2
----------
X X       
  O X     
  O X     
  O O     
          
----------

Black 2,3
----------
X X       
  O X     
  O X X   
  O O     
          
----------

White 3,3
----------
X X       
  O X     
  O X X   
  O O O   
          
----------

Black 0,2
----------
X X X     
  O X     
  O X X   
  O O O   
          
----------

White 3,4
----------
X X X     
  O X     
  O X X   
  O O O O 
          
----------

Black 4,2
----------
X X X     
  O X     
  O X X   
  O O O O 
    X     
----------

White 2,4
----------
X X X     
  O X     
  O X X O 
  O O O O 
    X     
----------

Black 2,0
----------
X X X     
  O X     
X O X X O 
  O O O O 
    X     
----------

White 1,4
----------
X X X     
  O X   O 
X O X X O 
  O O O O 
    X     
----------

Black 1,3
----------
X X X     
  O X X O 
X O X X O 
  O O O O 
    X     
----------

White 0,4
----------
X X X   O 
  O X X O 
X O X X O 
  O O O O 
    X     
----------

Black 4,3
----------
X X X   O 
  O X X O 
X O X X O 
  O O O O 
    X X   
----------

White 3,0
----------
X X X   O 
  O X X O 
X O X X O 
O O O O O 
    X X   
----------

Black 4,1
----------
X X X   O 
  O X X O 
X O X X O 
O O O O O 
  X X X   
----------

White 1,0
----------
X X X   O 
O O X X O 
  O X X O 
O O O O O 
  X X X   
----------

Black 4,0
----------
X X X   O 
O O X X O 
  O X X O 
O O O O O 
X X X X   
----------

White 0,3
----------
      O O 
O O     O 
  O     O 
O O O O O 
X X X X   
----------

Game end.
The winner is O
ta time: 19.19
student time: 2.49
White(You) win!
=====Round 6=====
Black:You White:TA
Wed Oct 28 23:45:07 PDT 2020
Clean up...
Start Playing...
Black 2,2
----------
          
          
    X     
          
          
----------

White 2,1
----------
          
          
  O X     
          
          
----------

Black 1,2
----------
          
    X     
  O X     
          
          
----------

White 3,2
----------
          
    X     
  O X     
    O     
          
----------

Black 1,1
----------
          
  X X     
  O X     
    O     
          
----------

White 2,3
----------
          
  X X     
  O X O   
    O     
          
----------

Black 1,3
----------
          
  X X X   
  O X O   
    O     
          
----------

White 2,0
----------
          
  X X X   
O O X O   
    O     
          
----------

Black 1,4
----------
          
  X X X X 
O O X O   
    O     
          
----------

White 3,1
----------
          
  X X X X 
O O X O   
  O O     
          
----------

Black 0,1
----------
  X       
  X X X X 
O O X O   
  O O     
          
----------

White 2,4
----------
  X       
  X X X X 
O O X O O 
  O O     
          
----------

Black 0,0
----------
X X       
  X X X X 
O O X O O 
  O O     
          
----------

White 0,2
----------
X X O     
  X X X X 
O O X O O 
  O O     
          
----------

Black 0,3
----------
X X   X   
  X X X X 
O O X O O 
  O O     
          
----------

White 4,2
----------
X X   X   
  X X X X 
O O X O O 
  O O     
    O     
----------

Black 0,2
----------
X X X X   
  X X X X 
O O X O O 
  O O     
    O     
----------

White 3,3
----------
X X X X   
  X X X X 
O O X O O 
  O O O   
    O     
----------

Black 4,0
----------
X X X X   
  X X X X 
O O X O O 
  O O O   
X   O     
----------

White 3,0
----------
X X X X   
  X X X X 
O O X O O 
O O O O   
X   O     
----------

Black 4,4
----------
X X X X   
  X X X X 
O O X O O 
O O O O   
X   O   X 
----------

White 4,1
----------
X X X X   
  X X X X 
O O X O O 
O O O O   
  O O   X 
----------

Black 0,4
----------
X X X X X 
  X X X X 
O O X O O 
O O O O   
  O O   X 
----------

White 1,0
----------
          
O         
O O   O O 
O O O O   
  O O   X 
----------

Game end.
The winner is O
ta time: 22.99
student time: 2.96
Black(You) lose.
=====Round 7=====
Black:TA White:You
Wed Oct 28 23:45:15 PDT 2020
Clean up...
Start Playing...
Black 1,2
----------
          
    X     
          
          
          
----------

White 2,1
----------
          
    X     
  O       
          
          
----------

Black 2,2
----------
          
    X     
  O X     
          
          
----------

White 3,1
----------
          
    X     
  O X     
  O       
          
----------

Black 0,0
----------
X         
    X     
  O X     
  O       
          
----------

White 1,1
----------
X         
  O X     
  O X     
  O       
          
----------

Black 0,1
----------
X X       
  O X     
  O X     
  O       
          
----------

White 3,2
----------
X X       
  O X     
  O X     
  O O     
          
----------

Black 2,3
----------
X X       
  O X     
  O X X   
  O O     
          
----------

White 3,3
----------
X X       
  O X     
  O X X   
  O O O   
          
----------

Black 4,2
----------
X X       
  O X     
  O X X   
  O O O   
    X     
----------

White 3,4
----------
X X       
  O X     
  O X X   
  O O O O 
    X     
----------

Black 1,3
----------
X X       
  O X X   
  O X X   
  O O O O 
    X     
----------

White 2,4
----------
X X       
  O X X   
  O X X O 
  O O O O 
    X     
----------

Black 0,2
----------
X X X     
  O X X   
  O X X O 
  O O O O 
    X     
----------

White 1,4
----------
X X X     
  O X X O 
  O X X O 
  O O O O 
    X     
----------

Black 2,0
----------
X X X     
  O X X O 
X O X X O 
  O O O O 
    X     
----------

White 0,4
----------
X X X   O 
  O X X O 
X O X X O 
  O O O O 
    X     
----------

Black 4,3
----------
X X X   O 
  O X X O 
X O X X O 
  O O O O 
    X X   
----------

White 3,0
----------
X X X   O 
  O X X O 
X O X X O 
O O O O O 
    X X   
----------

Black 0,3
----------
X X X X O 
  O X X O 
X O X X O 
O O O O O 
    X X   
----------

White 1,0
----------
        O 
O O     O 
  O     O 
O O O O O 
    X X   
----------

Black 2,2
----------
        O 
O O     O 
  O X   O 
O O O O O 
    X X   
----------

White 1,2
----------
        O 
O O O   O 
  O X   O 
O O O O O 
    X X   
----------

Game end.
The winner is O
ta time: 26.92
student time: 3.4
White(You) win!
=====Round 8=====
Black:You White:TA
Wed Oct 28 23:45:24 PDT 2020
Clean up...
Start Playing...
Black 2,2
----------
          
          
    X     
          
          
----------

White 2,1
----------
          
          
  O X     
          
          
----------

Black 1,2
----------
          
    X     
  O X     
          
          
----------

White 3,2
----------
          
    X     
  O X     
    O     
          
----------

Black 1,1
----------
          
  X X     
  O X     
    O     
          
----------

White 2,3
----------
          
  X X     
  O X O   
    O     
          
----------

Black 1,3
----------
          
  X X X   
  O X O   
    O     
          
----------

White 3,3
----------
          
  X X X   
  O X O   
    O O   
          
----------

Black 1,0
----------
          
X X X X   
  O X O   
    O O   
          
----------

White 4,2
----------
          
X X X X   
  O X O   
    O O   
    O     
----------

Black 1,4
----------
          
X X X X X 
  O X O   
    O O   
    O     
----------

White 2,4
----------
          
X X X X X 
  O X O O 
    O O   
    O     
----------

Black 2,0
----------
          
X X X X X 
X O X O O 
    O O   
    O     
----------

White 3,1
----------
          
X X X X X 
X O X O O 
  O O O   
    O     
----------

Black 3,0
----------
          
X X X X X 
X O X O O 
X O O O   
    O     
----------

White 0,2
----------
    O     
X X X X X 
X O X O O 
X O O O   
    O     
----------

Black 4,0
----------
    O     
X X X X X 
X O X O O 
X O O O   
X   O     
----------

White 4,3
----------
    O     
X X X X X 
X O X O O 
X O O O   
X   O O   
----------

Black 0,0
----------
X   O     
X X X X X 
X O X O O 
X O O O   
X   O O   
----------

White 0,1
----------
X O O     
X X X X X 
X O X O O 
X O O O   
X   O O   
----------

Black 0,3
----------
X     X   
X X X X X 
X O X O O 
X O O O   
X   O O   
----------

White 0,2
----------
X   O X   
X X X X X 
X O X O O 
X O O O   
X   O O   
----------

Black 0,1
----------
X X   X   
X X X X X 
X O X O O 
X O O O   
X   O O   
----------

White 3,4
----------
X X   X   
X X X X X 
X O X O O 
X O O O O 
X   O O   
----------

Game end.
The winner is X
ta time: 30.5
student time: 3.88
Black(You) win!
=====Round 9=====
Black:TA White:You
Wed Oct 28 23:45:32 PDT 2020
Clean up...
Start Playing...
Black 1,2
----------
          
    X     
          
          
          
----------

White 2,1
----------
          
    X     
  O       
          
          
----------

Black 2,2
----------
          
    X     
  O X     
          
          
----------

White 3,1
----------
          
    X     
  O X     
  O       
          
----------

Black 0,0
----------
X         
    X     
  O X     
  O       
          
----------

White 1,1
----------
X         
  O X     
  O X     
  O       
          
----------

Black 0,1
----------
X X       
  O X     
  O X     
  O       
          
----------

White 3,2
----------
X X       
  O X     
  O X     
  O O     
          
----------

Black 2,3
----------
X X       
  O X     
  O X X   
  O O     
          
----------

White 3,3
----------
X X       
  O X     
  O X X   
  O O O   
          
----------

Black 2,0
----------
X X       
  O X     
X O X X   
  O O O   
          
----------

White 3,4
----------
X X       
  O X     
X O X X   
  O O O O 
          
----------

Black 0,2
----------
X X X     
  O X     
X O X X   
  O O O O 
          
----------

White 2,4
----------
X X X     
  O X     
X O X X O 
  O O O O 
          
----------

Black 4,2
----------
X X X     
  O X     
X O X X O 
  O O O O 
    X     
----------

White 1,4
----------
X X X     
  O X   O 
X O X X O 
  O O O O 
    X     
----------

Black 1,3
----------
X X X     
  O X X O 
X O X X O 
  O O O O 
    X     
----------

White 0,4
----------
X X X   O 
  O X X O 
X O X X O 
  O O O O 
    X     
----------

Black 0,3
----------
X X X X O 
  O X X O 
X O X X O 
  O O O O 
    X     
----------

White 1,0
----------
        O 
O O     O 
X O     O 
  O O O O 
    X     
----------

Black 2,2
----------
        O 
O O     O 
X O X   O 
  O O O O 
    X     
----------

White 3,0
----------
        O 
O O     O 
  O X   O 
O O O O O 
    X     
----------

Black 2,3
----------
        O 
O O     O 
  O X X O 
O O O O O 
    X     
----------

White 1,2
----------
        O 
O O O   O 
  O X X O 
O O O O O 
    X     
----------

Game end.
The winner is O
ta time: 34.38
student time: 4.4
White(You) win!
=====Round 10=====
Black:You White:TA
Wed Oct 28 23:45:42 PDT 2020
Clean up...
Start Playing...
Black 2,2
----------
          
          
    X     
          
          
----------

White 2,1
----------
          
          
  O X     
          
          
----------

Black 1,2
----------
          
    X     
  O X     
          
          
----------

White 3,2
----------
          
    X     
  O X     
    O     
          
----------

Black 1,1
----------
          
  X X     
  O X     
    O     
          
----------

White 2,3
----------
          
  X X     
  O X O   
    O     
          
----------

Black 1,3
----------
          
  X X X   
  O X O   
    O     
          
----------

White 2,0
----------
          
  X X X   
O O X O   
    O     
          
----------

Black 1,4
----------
          
  X X X X 
O O X O   
    O     
          
----------

White 3,1
----------
          
  X X X X 
O O X O   
  O O     
          
----------

Black 0,1
----------
  X       
  X X X X 
O O X O   
  O O     
          
----------

White 4,2
----------
  X       
  X X X X 
O O X O   
  O O     
    O     
----------

Black 2,4
----------
  X       
  X X X X 
O O X O X 
  O O     
    O     
----------

White 0,2
----------
  X O     
  X X X X 
O O X O X 
  O O     
    O     
----------

Black 0,3
----------
  X   X   
  X X X X 
O O X O X 
  O O     
    O     
----------

White 3,3
----------
  X   X   
  X X X X 
O O X O X 
  O O O   
    O     
----------

Black 3,4
----------
  X   X   
  X X X X 
O O X O X 
  O O O X 
    O     
----------

White 4,1
----------
  X   X   
  X X X X 
O O X O X 
  O O O X 
  O O     
----------

Black 4,4
----------
  X   X   
  X X X X 
O O X O X 
  O O O X 
  O O   X 
----------

White 1,0
----------
  X   X   
O X X X X 
O O X O X 
  O O O X 
  O O   X 
----------

Black 0,0
----------
X X   X   
O X X X X 
O O X O X 
  O O O X 
  O O   X 
----------

White 3,0
----------
X X   X   
O X X X X 
O O X O X 
O O O O X 
  O O   X 
----------

Black 0,2
----------
X X X X   
O X X X X 
O O X O X 
O O O O X 
  O O   X 
----------

White 4,3
----------
X X X X   
O X X X X 
O O X O X 
O O O O X 
  O O O X 
----------

Game end.
The winner is O
ta time: 38.18
student time: 4.82
Black(You) lose.

==Playing with championship_player==
=====Round 1=====
Black:TA White:You
Wed Oct 28 23:45:51 PDT 2020
Clean up...
Start Playing...
Black 2,2
----------
          
          
    X     
          
          
----------

White 1,1
----------
          
  O       
    X     
          
          
----------

Black 2,1
----------
          
  O       
  X X     
          
          
----------

White 1,2
----------
          
  O O     
  X X     
          
          
----------

Black 1,3
----------
          
  O O X   
  X X     
          
          
----------

White 1,0
----------
          
O O O X   
  X X     
          
          
----------

Black 0,3
----------
      X   
O O O X   
  X X     
          
          
----------

White 2,0
----------
      X   
O O O X   
O X X     
          
          
----------

Black 3,1
----------
      X   
O O O X   
O X X     
  X       
          
----------

White 3,0
----------
      X   
O O O X   
O X X     
O X       
          
----------

Black 4,1
----------
      X   
O O O X   
O X X     
O X       
  X       
----------

White 0,0
----------
O     X   
O O O X   
O X X     
O X       
  X       
----------

Black 0,2
----------
O   X X   
O O O X   
O X X     
O X       
  X       
----------

White 3,3
----------
O   X X   
O O O X   
O X X     
O X   O   
  X       
----------

Black 4,0
----------
O   X X   
O O O X   
O X X     
O X   O   
X X       
----------

White 2,3
----------
O   X X   
O O O X   
O X X O   
O X   O   
X X       
----------

Black 0,1
----------
  X X X   
      X   
  X X O   
  X   O   
X X       
----------

White 3,2
----------
  X X X   
      X   
  X X O   
  X O O   
X X       
----------

Black 1,2
----------
  X X X   
    X X   
  X X O   
  X O O   
X X       
----------

White 2,4
----------
  X X X   
    X X   
  X X O O 
  X O O   
X X       
----------

Black 0,4
----------
  X X X X 
    X X   
  X X O O 
  X O O   
X X       
----------

White 3,4
----------
  X X X X 
    X X   
  X X O O 
  X O O O 
X X       
----------

Black 2,0
----------
  X X X X 
    X X   
X X X O O 
  X O O O 
X X       
----------

White 1,4
----------
  X X X X 
    X X O 
X X X O O 
  X O O O 
X X       
----------

Game end.
The winner is X
ta time: 76.82
student time: 5.37
White(You) lose.
=====Round 2=====
Black:You White:TA
Wed Oct 28 23:46:19 PDT 2020
Clean up...
Start Playing...
Black 2,2
----------
          
          
    X     
          
          
----------

White 1,2
----------
          
    O     
    X     
          
          
----------

Black 2,1
----------
          
    O     
  X X     
          
          
----------

White 1,3
----------
          
    O O   
  X X     
          
          
----------

Black 1,1
----------
          
  X O O   
  X X     
          
          
----------

White 2,3
----------
          
  X O O   
  X X O   
          
          
----------

Black 3,1
----------
          
  X O O   
  X X O   
  X       
          
----------

White 3,3
----------
          
  X O O   
  X X O   
  X   O   
          
----------

Black 0,1
----------
  X       
  X O O   
  X X O   
  X   O   
          
----------

White 0,2
----------
  X O     
  X O O   
  X X O   
  X   O   
          
----------

Black 3,2
----------
  X O     
  X O O   
  X X O   
  X X O   
          
----------

White 4,3
----------
  X O     
  X O O   
  X X O   
  X X O   
      O   
----------

Black 3,0
----------
  X O     
  X O O   
  X X O   
X X X O   
      O   
----------

White 1,4
----------
  X O     
  X O O O 
  X X O   
X X X O   
      O   
----------

Black 0,0
----------
X X O     
  X O O O 
  X X O   
X X X O   
      O   
----------

White 3,4
----------
X X O     
  X O O O 
  X X O   
X X X O O 
      O   
----------

Black 1,0
----------
X X O     
X X O O O 
  X X O   
X X X O O 
      O   
----------

White 0,4
----------
X X O   O 
X X O O O 
  X X O   
X X X O O 
      O   
----------

Black 2,0
----------
X X O   O 
X X O O O 
X X X O   
X X X O O 
      O   
----------

White 4,2
----------
X X O   O 
X X O O O 
X X X O   
X X X O O 
    O O   
----------

Black 4,0
----------
X X O   O 
X X O O O 
X X X O   
X X X O O 
X   O O   
----------

White 4,1
----------
    O   O 
    O O O 
      O   
      O O 
  O O O   
----------

Black 2,1
----------
    O   O 
    O O O 
  X   O   
      O O 
  O O O   
----------

White 3,0
----------
    O   O 
    O O O 
  X   O   
O     O O 
  O O O   
----------

Game end.
The winner is O
ta time: 113.04
student time: 5.91
Black(You) lose.
=====Round 3=====
Black:TA White:You
Wed Oct 28 23:46:47 PDT 2020
Clean up...
Start Playing...
Black 2,2
----------
          
          
    X     
          
          
----------

White 1,1
----------
          
  O       
    X     
          
          
----------

Black 2,1
----------
          
  O       
  X X     
          
          
----------

White 1,2
----------
          
  O O     
  X X     
          
          
----------

Black 1,3
----------
          
  O O X   
  X X     
          
          
----------

White 1,0
----------
          
O O O X   
  X X     
          
          
----------

Black 0,3
----------
      X   
O O O X   
  X X     
          
          
----------

White 2,0
----------
      X   
O O O X   
O X X     
          
          
----------

Black 3,1
----------
      X   
O O O X   
O X X     
  X       
          
----------

White 3,0
----------
      X   
O O O X   
O X X     
O X       
          
----------

Black 4,1
----------
      X   
O O O X   
O X X     
O X       
  X       
----------

White 0,0
----------
O     X   
O O O X   
O X X     
O X       
  X       
----------

Black 0,2
----------
O   X X   
O O O X   
O X X     
O X       
  X       
----------

White 3,3
----------
O   X X   
O O O X   
O X X     
O X   O   
  X       
----------

Black 4,0
----------
O   X X   
O O O X   
O X X     
O X   O   
X X       
----------

White 2,3
----------
O   X X   
O O O X   
O X X O   
O X   O   
X X       
----------

Black 0,1
----------
  X X X   
      X   
  X X O   
  X   O   
X X       
----------

White 3,2
----------
  X X X   
      X   
  X X O   
  X O O   
X X       
----------

Black 2,4
----------
  X X X   
      X   
  X X O X 
  X O O   
X X       
----------

White 3,4
----------
  X X X   
      X   
  X X O X 
  X O O O 
X X       
----------

Black 1,4
----------
  X X X   
      X X 
  X X O X 
  X O O O 
X X       
----------

White 4,2
----------
  X X X   
      X X 
  X X O X 
  X O O O 
X X O     
----------

Black 2,0
----------
  X X X   
      X X 
X X X O X 
  X O O O 
X X O     
----------

White 1,1
----------
  X X X   
  O   X X 
X X X O X 
  X O O O 
X X O     
----------

Game end.
The winner is X
ta time: 151.55
student time: 6.27
White(You) lose.
=====Round 4=====
Black:You White:TA
Wed Oct 28 23:47:13 PDT 2020
Clean up...
Start Playing...
Black 2,2
----------
          
          
    X     
          
          
----------

White 1,1
----------
          
  O       
    X     
          
          
----------

Black 2,3
----------
          
  O       
    X X   
          
          
----------

White 1,2
----------
          
  O O     
    X X   
          
          
----------

Black 1,3
----------
          
  O O X   
    X X   
          
          
----------

White 2,1
----------
          
  O O X   
  O X X   
          
          
----------

Black 3,2
----------
          
  O O X   
  O X X   
    X     
          
----------

White 3,1
----------
          
  O O X   
  O X X   
  O X     
          
----------

Black 3,3
----------
          
  O O X   
  O X X   
  O X X   
          
----------

White 0,3
----------
      O   
  O O X   
  O X X   
  O X X   
          
----------

Black 1,4
----------
      O   
  O O X X 
  O X X   
  O X X   
          
----------

White 4,1
----------
      O   
  O O X X 
  O X X   
  O X X   
  O       
----------

Black 3,4
----------
      O   
  O O X X 
  O X X   
  O X X X 
  O       
----------

White 0,2
----------
    O O   
  O O X X 
  O X X   
  O X X X 
  O       
----------

Black 0,4
----------
    O O X 
  O O X X 
  O X X   
  O X X X 
  O       
----------

White 4,2
----------
    O O X 
  O O X X 
  O X X   
  O X X X 
  O O     
----------

Black 2,4
----------
    O O X 
  O O X X 
  O X X X 
  O X X X 
  O O     
----------

White 0,1
----------
  O O O X 
  O O X X 
  O X X X 
  O X X X 
  O O     
----------

Black 1,0
----------
  O O O X 
X O O X X 
  O X X X 
  O X X X 
  O O     
----------

White 0,0
----------
O O O O X 
X O O X X 
  O X X X 
  O X X X 
  O O     
----------

Black 3,0
----------
O O O O X 
X O O X X 
  O X X X 
X O X X X 
  O O     
----------

White 4,3
----------
O O O O X 
X O O X X 
  O X X X 
X O X X X 
  O O O   
----------

Black 2,0
----------
O O O O X 
X O O X X 
X O X X X 
X O X X X 
  O O O   
----------

White 4,4
----------
O O O O   
X O O     
X O       
X O       
  O O O O 
----------

Game end.
The winner is O
ta time: 190.54
student time: 6.86
Black(You) lose.
=====Round 5=====
Black:TA White:You
Wed Oct 28 23:47:41 PDT 2020
Clean up...
Start Playing...
Black 2,2
----------
          
          
    X     
          
          
----------

White 1,1
----------
          
  O       
    X     
          
          
----------

Black 2,1
----------
          
  O       
  X X     
          
          
----------

White 1,2
----------
          
  O O     
  X X     
          
          
----------

Black 1,3
----------
          
  O O X   
  X X     
          
          
----------

White 1,0
----------
          
O O O X   
  X X     
          
          
----------

Black 0,3
----------
      X   
O O O X   
  X X     
          
          
----------

White 2,0
----------
      X   
O O O X   
O X X     
          
          
----------

Black 3,1
----------
      X   
O O O X   
O X X     
  X       
          
----------

White 3,0
----------
      X   
O O O X   
O X X     
O X       
          
----------

Black 4,1
----------
      X   
O O O X   
O X X     
O X       
  X       
----------

White 0,0
----------
O     X   
O O O X   
O X X     
O X       
  X       
----------

Black 0,2
----------
O   X X   
O O O X   
O X X     
O X       
  X       
----------

White 3,3
----------
O   X X   
O O O X   
O X X     
O X   O   
  X       
----------

Black 4,0
----------
O   X X   
O O O X   
O X X     
O X   O   
X X       
----------

White 2,3
----------
O   X X   
O O O X   
O X X O   
O X   O   
X X       
----------

Black 0,1
----------
  X X X   
      X   
  X X O   
  X   O   
X X       
----------

White 3,2
----------
  X X X   
      X   
  X X O   
  X O O   
X X       
----------

Black 4,2
----------
  X X X   
      X   
  X X O   
  X O O   
X X X     
----------

White 2,4
----------
  X X X   
      X   
  X X O O 
  X O O   
X X X     
----------

Black 1,2
----------
  X X X   
    X X   
  X X O O 
  X O O   
X X X     
----------

White 1,4
----------
  X X X   
    X X O 
  X X O O 
  X O O   
X X X     
----------

Black 0,4
----------
  X X X X 
    X X O 
  X X O O 
  X O O   
X X X     
----------

White 3,4
----------
  X X X X 
    X X O 
  X X O O 
  X O O O 
X X X     
----------

Game end.
The winner is X
ta time: 231.44
student time: 7.2
White(You) lose.
=====Round 6=====
Black:You White:TA
Wed Oct 28 23:48:08 PDT 2020
Clean up...
Start Playing...
Black 2,2
----------
          
          
    X     
          
          
----------

White 3,1
----------
          
          
    X     
  O       
          
----------

Black 1,2
----------
          
    X     
    X     
  O       
          
----------

White 2,1
----------
          
    X     
  O X     
  O       
          
----------

Black 1,1
----------
          
  X X     
  O X     
  O       
          
----------

White 3,2
----------
          
  X X     
  O X     
  O O     
          
----------

Black 1,3
----------
          
  X X X   
  O X     
  O O     
          
----------

White 3,3
----------
          
  X X X   
  O X     
  O O O   
          
----------

Black 1,0
----------
          
X X X X   
  O X     
  O O O   
          
----------

White 2,0
----------
          
X X X X   
O O X     
  O O O   
          
----------

Black 1,4
----------
          
X X X X X 
O O X     
  O O O   
          
----------

White 3,4
----------
          
X X X X X 
O O X     
  O O O O 
          
----------

Black 2,3
----------
          
X X X X X 
O O X X   
  O O O O 
          
----------

White 4,2
----------
          
X X X X X 
O O X X   
  O O O O 
    O     
----------

Black 0,0
----------
X         
X X X X X 
O O X X   
  O O O O 
    O     
----------

White 4,0
----------
X         
X X X X X 
O O X X   
  O O O O 
O   O     
----------

Black 0,1
----------
X X       
X X X X X 
O O X X   
  O O O O 
O   O     
----------

White 0,3
----------
X X   O   
X X X X X 
O O X X   
  O O O O 
O   O     
----------

Black 0,2
----------
X X X O   
X X X X X 
O O X X   
  O O O O 
O   O     
----------

White 4,3
----------
X X X O   
X X X X X 
O O X X   
  O O O O 
O   O O   
----------

Black 0,4
----------
X X X   X 
X X X X X 
O O X X   
  O O O O 
O   O O   
----------

White 4,1
----------
X X X   X 
X X X X X 
O O X X   
  O O O O 
O O O O   
----------

Black 0,3
----------
X X X X X 
X X X X X 
O O X X   
  O O O O 
O O O O   
----------

White 2,4
----------
          
          
O O     O 
  O O O O 
O O O O   
----------

Game end.
The winner is O
ta time: 269.39
student time: 7.78
Black(You) lose.
=====Round 7=====
Black:TA White:You
Wed Oct 28 23:48:36 PDT 2020
Clean up...
Start Playing...
Black 2,2
----------
          
          
    X     
          
          
----------

White 1,1
----------
          
  O       
    X     
          
          
----------

Black 1,2
----------
          
  O X     
    X     
          
          
----------

White 2,1
----------
          
  O X     
  O X     
          
          
----------

Black 3,1
----------
          
  O X     
  O X     
  X       
          
----------

White 0,1
----------
  O       
  O X     
  O X     
  X       
          
----------

Black 3,0
----------
  O       
  O X     
  O X     
X X       
          
----------

White 0,2
----------
  O O     
  O X     
  O X     
X X       
          
----------

Black 1,3
----------
  O O     
  O X X   
  O X     
X X       
          
----------

White 0,3
----------
  O O O   
  O X X   
  O X     
X X       
          
----------

Black 1,4
----------
  O O O   
  O X X X 
  O X     
X X       
          
----------

White 0,0
----------
O O O O   
  O X X X 
  O X     
X X       
          
----------

Black 2,0
----------
O O O O   
  O X X X 
X O X     
X X       
          
----------

White 3,3
----------
O O O O   
  O X X X 
X O X     
X X   O   
          
----------

Black 0,4
----------
O O O O X 
  O X X X 
X O X     
X X   O   
          
----------

White 2,3
----------
O O O O X 
  O X X X 
X O X O   
X X   O   
          
----------

Black 1,0
----------
        X 
X   X X X 
X   X O   
X X   O   
          
----------

White 3,2
----------
        X 
X   X X X 
X   X O   
X X O O   
          
----------

Black 2,4
----------
        X 
X   X X X 
X   X O X 
X X O O   
          
----------

White 3,4
----------
        X 
X   X X X 
X   X O X 
X X O O O 
          
----------

Black 4,2
----------
        X 
X   X X X 
X   X O X 
X X O O O 
    X     
----------

White 0,1
----------
  O     X 
X   X X X 
X   X O X 
X X O O O 
    X     
----------

Black 0,2
----------
  O X   X 
X   X X X 
X   X O X 
X X O O O 
    X     
----------

White 1,1
----------
  O X   X 
X O X X X 
X   X O X 
X X O O O 
    X     
----------

Game end.
The winner is X
ta time: 306.19
student time: 8.36
White(You) lose.
=====Round 8=====
Black:You White:TA
Wed Oct 28 23:49:03 PDT 2020
Clean up...
Start Playing...
Black 2,2
----------
          
          
    X     
          
          
----------

White 3,2
----------
          
          
    X     
    O     
          
----------

Black 1,2
----------
          
    X     
    X     
    O     
          
----------

White 3,3
----------
          
    X     
    X     
    O O   
          
----------

Black 1,1
----------
          
  X X     
    X     
    O O   
          
----------

White 3,1
----------
          
  X X     
    X     
  O O O   
          
----------

Black 1,3
----------
          
  X X X   
    X     
  O O O   
          
----------

White 2,0
----------
          
  X X X   
O   X     
  O O O   
          
----------

Black 1,4
----------
          
  X X X X 
O   X     
  O O O   
          
----------

White 2,1
----------
          
  X X X X 
O O X     
  O O O   
          
----------

Black 0,1
----------
  X       
  X X X X 
O O X     
  O O O   
          
----------

White 2,4
----------
  X       
  X X X X 
O O X   O 
  O O O   
          
----------

Black 2,3
----------
  X       
  X X X X 
O O X X O 
  O O O   
          
----------

White 3,4
----------
  X       
  X X X X 
O O X X O 
  O O O O 
          
----------

Black 0,0
----------
X X       
  X X X X 
O O X X O 
  O O O O 
          
----------

White 0,3
----------
X X   O   
  X X X X 
O O X X O 
  O O O O 
          
----------

Black 0,2
----------
X X X O   
  X X X X 
O O X X O 
  O O O O 
          
----------

White 4,1
----------
X X X O   
  X X X X 
O O X X O 
  O O O O 
  O       
----------

Black 4,3
----------
X X X O   
  X X X X 
O O X X O 
  O O O O 
  O   X   
----------

White 4,4
----------
X X X O   
  X X X X 
O O X X O 
  O O O O 
  O   X O 
----------

Black 0,4
----------
X X X   X 
  X X X X 
O O X X O 
  O O O O 
  O   X O 
----------

White 3,0
----------
X X X   X 
  X X X X 
O O X X O 
O O O O O 
  O   X O 
----------

Black 0,3
----------
X X X X X 
  X X X X 
O O X X O 
O O O O O 
  O   X O 
----------

White 1,0
----------
          
O         
O O     O 
O O O O O 
  O   X O 
----------

Game end.
The winner is O
ta time: 340.6
student time: 9.08
Black(You) lose.
=====Round 9=====
Black:TA White:You
Wed Oct 28 23:49:30 PDT 2020
Clean up...
Start Playing...
Black 2,2
----------
          
          
    X     
          
          
----------

White 1,1
----------
          
  O       
    X     
          
          
----------

Black 1,2
----------
          
  O X     
    X     
          
          
----------

White 2,1
----------
          
  O X     
  O X     
          
          
----------

Black 3,1
----------
          
  O X     
  O X     
  X       
          
----------

White 0,1
----------
  O       
  O X     
  O X     
  X       
          
----------

Black 3,0
----------
  O       
  O X     
  O X     
X X       
          
----------

White 0,2
----------
  O O     
  O X     
  O X     
X X       
          
----------

Black 1,3
----------
  O O     
  O X X   
  O X     
X X       
          
----------

White 0,3
----------
  O O O   
  O X X   
  O X     
X X       
          
----------

Black 1,4
----------
  O O O   
  O X X X 
  O X     
X X       
          
----------

White 0,0
----------
O O O O   
  O X X X 
  O X     
X X       
          
----------

Black 2,0
----------
O O O O   
  O X X X 
X O X     
X X       
          
----------

White 3,3
----------
O O O O   
  O X X X 
X O X     
X X   O   
          
----------

Black 0,4
----------
O O O O X 
  O X X X 
X O X     
X X   O   
          
----------

White 2,3
----------
O O O O X 
  O X X X 
X O X O   
X X   O   
          
----------

Black 1,0
----------
        X 
X   X X X 
X   X O   
X X   O   
          
----------

White 3,2
----------
        X 
X   X X X 
X   X O   
X X O O   
          
----------

Black 4,1
----------
        X 
X   X X X 
X   X O   
X X O O   
  X       
----------

White 3,4
----------
        X 
X   X X X 
X   X O   
X X O O O 
  X       
----------

Black 4,2
----------
        X 
X   X X X 
X   X O   
X X O O O 
  X X     
----------

White 2,4
----------
        X 
X   X X X 
X   X O O 
X X O O O 
  X X     
----------

Black 4,4
----------
        X 
X   X X X 
X   X O O 
X X O O O 
  X X   X 
----------

White 0,1
----------
  O     X 
X   X X X 
X   X O O 
X X O O O 
  X X   X 
----------

Game end.
The winner is X
ta time: 375.04
student time: 9.5
White(You) lose.
=====Round 10=====
Black:You White:TA
Wed Oct 28 23:49:57 PDT 2020
Clean up...
Start Playing...
Black 2,2
----------
          
          
    X     
          
          
----------

White 2,1
----------
          
          
  O X     
          
          
----------

Black 1,2
----------
          
    X     
  O X     
          
          
----------

White 3,1
----------
          
    X     
  O X     
  O       
          
----------

Black 1,1
----------
          
  X X     
  O X     
  O       
          
----------

White 3,2
----------
          
  X X     
  O X     
  O O     
          
----------

Black 1,3
----------
          
  X X X   
  O X     
  O O     
          
----------

White 3,3
----------
          
  X X X   
  O X     
  O O O   
          
----------

Black 1,0
----------
          
X X X X   
  O X     
  O O O   
          
----------

White 2,0
----------
          
X X X X   
O O X     
  O O O   
          
----------

Black 1,4
----------
          
X X X X X 
O O X     
  O O O   
          
----------

White 3,4
----------
          
X X X X X 
O O X     
  O O O O 
          
----------

Black 2,3
----------
          
X X X X X 
O O X X   
  O O O O 
          
----------

White 4,1
----------
          
X X X X X 
O O X X   
  O O O O 
  O       
----------

Black 0,0
----------
X         
X X X X X 
O O X X   
  O O O O 
  O       
----------

White 4,3
----------
X         
X X X X X 
O O X X   
  O O O O 
  O   O   
----------

Black 0,1
----------
X X       
X X X X X 
O O X X   
  O O O O 
  O   O   
----------

White 4,0
----------
X X       
X X X X X 
O O X X   
  O O O O 
O O   O   
----------

Black 0,2
----------
X X X     
X X X X X 
O O X X   
  O O O O 
O O   O   
----------

White 2,4
----------
X X X     
X X X X X 
O O X X O 
  O O O O 
O O   O   
----------

Black 0,3
----------
X X X X   
X X X X X 
O O X X O 
  O O O O 
O O   O   
----------

White 0,4
----------
        O 
          
O O     O 
  O O O O 
O O   O   
----------

Black 1,2
----------
        O 
    X     
O O     O 
  O O O O 
O O   O   
----------

White 2,2
----------
        O 
    X     
O O O   O 
  O O O O 
O O   O   
----------

Game end.
The winner is O
ta time: 416.24
student time: 9.99
Black(You) lose.
