Thu Oct 29 15:46:01 PDT 2020

==Playing with qlearning_player==
=====Round 1=====
Black:TA White:You
Thu Oct 29 15:46:01 PDT 2020
Clean up...
Start Playing...
Black 1,2
----------
          
    X     
          
          
          
----------

White 2,1
----------
          
    X     
  O       
          
          
----------

Black 2,2
----------
          
    X     
  O X     
          
          
----------

White 3,1
----------
          
    X     
  O X     
  O       
          
----------

Black 0,0
----------
X         
    X     
  O X     
  O       
          
----------

White 1,1
----------
X         
  O X     
  O X     
  O       
          
----------

Black 0,1
----------
X X       
  O X     
  O X     
  O       
          
----------

White 1,0
----------
X X       
O O X     
  O X     
  O       
          
----------

Black 2,3
----------
X X       
O O X     
  O X X   
  O       
          
----------

White 0,2
----------
    O     
O O X     
  O X X   
  O       
          
----------

Black 3,2
----------
    O     
O O X     
  O X X   
  O X     
          
----------

White 0,3
----------
    O O   
O O X     
  O X X   
  O X     
          
----------

Black 2,0
----------
    O O   
O O X     
X O X X   
  O X     
          
----------

White 3,0
----------
    O O   
O O X     
  O X X   
O O X     
          
----------

Black 4,2
----------
    O O   
O O X     
  O X X   
O O X     
    X     
----------

White 1,3
----------
    O O   
O O X O   
  O X X   
O O X     
    X     
----------

Black 2,4
----------
    O O   
O O X O   
  O X X X 
O O X     
    X     
----------

White 0,0
----------
O   O O   
O O X O   
  O X X X 
O O X     
    X     
----------

Black 3,3
----------
O   O O   
O O X O   
  O X X X 
O O X X   
    X     
----------

White 0,1
----------
O O O O   
O O X O   
  O X X X 
O O X X   
    X     
----------

Black 4,3
----------
O O O O   
O O X O   
  O X X X 
O O X X   
    X X   
----------

White 0,4
----------
O O O O O 
O O X O   
  O X X X 
O O X X   
    X X   
----------

Black 1,4
----------
O O O O O 
O O X O X 
  O X X X 
O O X X   
    X X   
----------

White 2,0
----------
O O O O O 
O O X O X 
O O X X X 
O O X X   
    X X   
----------

Game end.
The winner is O
ta time: 3.62
student time: 3.36
White(You) win!
=====Round 2=====
Black:You White:TA
Thu Oct 29 15:46:12 PDT 2020
Clean up...
Start Playing...
Black 2,2
----------
          
          
    X     
          
          
----------

White 2,1
----------
          
          
  O X     
          
          
----------

Black 1,1
----------
          
  X       
  O X     
          
          
----------

White 3,4
----------
          
  X       
  O X     
        O 
          
----------

Black 2,3
----------
          
  X       
  O X X   
        O 
          
----------

White 3,2
----------
          
  X       
  O X X   
    O   O 
          
----------

Black 3,1
----------
          
  X       
  O X X   
  X O   O 
          
----------

White 1,2
----------
          
  X O     
  O X X   
  X O   O 
          
----------

Black 2,0
----------
          
  X O     
X   X X   
  X O   O 
          
----------

White 0,2
----------
    O     
  X O     
X   X X   
  X O   O 
          
----------

Black 3,3
----------
    O     
  X O     
X   X X   
  X O X O 
          
----------

White 2,4
----------
    O     
  X O     
X   X X O 
  X O X O 
          
----------

Black 4,2
----------
    O     
  X O     
X   X X O 
  X   X O 
    X     
----------

White 1,3
----------
    O     
  X O O   
X   X X O 
  X   X O 
    X     
----------

Black 0,1
----------
  X O     
  X O O   
X   X X O 
  X   X O 
    X     
----------

White 3,0
----------
  X O     
  X O O   
X   X X O 
O X   X O 
    X     
----------

Black 2,1
----------
  X O     
  X O O   
X X X X O 
O X   X O 
    X     
----------

White 4,1
----------
  X O     
  X O O   
X X X X O 
O X   X O 
  O X     
----------

Black 4,0
----------
  X O     
  X O O   
X X X X O 
  X   X O 
X   X     
----------

White 4,3
----------
  X O     
  X O O   
X X X X O 
  X   X O 
X   X O   
----------

Black 3,2
----------
  X O     
  X O O   
X X X X O 
  X X X O 
X   X O   
----------

White 1,4
----------
  X O     
  X O O O 
X X X X O 
  X X X O 
X   X O   
----------

Black 0,0
----------
X X O     
  X O O O 
X X X X O 
  X X X O 
X   X O   
----------

White 0,3
----------
X X O O   
  X O O O 
X X X X O 
  X X X O 
X   X O   
----------

Game end.
The winner is X
ta time: 7.15
student time: 6.53
Black(You) win!
=====Round 3=====
Black:TA White:You
Thu Oct 29 15:46:25 PDT 2020
Clean up...
Start Playing...
Black 1,2
----------
          
    X     
          
          
          
----------

White 2,1
----------
          
    X     
  O       
          
          
----------

Black 2,2
----------
          
    X     
  O X     
          
          
----------

White 3,1
----------
          
    X     
  O X     
  O       
          
----------

Black 0,0
----------
X         
    X     
  O X     
  O       
          
----------

White 1,1
----------
X         
  O X     
  O X     
  O       
          
----------

Black 0,1
----------
X X       
  O X     
  O X     
  O       
          
----------

White 1,0
----------
X X       
O O X     
  O X     
  O       
          
----------

Black 3,2
----------
X X       
O O X     
  O X     
  O X     
          
----------

White 0,2
----------
    O     
O O X     
  O X     
  O X     
          
----------

Black 2,3
----------
    O     
O O X     
  O X X   
  O X     
          
----------

White 0,3
----------
    O O   
O O X     
  O X X   
  O X     
          
----------

Black 2,0
----------
    O O   
O O X     
X O X X   
  O X     
          
----------

White 3,0
----------
    O O   
O O X     
  O X X   
O O X     
          
----------

Black 4,2
----------
    O O   
O O X     
  O X X   
O O X     
    X     
----------

White 1,3
----------
    O O   
O O X O   
  O X X   
O O X     
    X     
----------

Black 2,4
----------
    O O   
O O X O   
  O X X X 
O O X     
    X     
----------

White 0,0
----------
O   O O   
O O X O   
  O X X X 
O O X     
    X     
----------

Black 3,3
----------
O   O O   
O O X O   
  O X X X 
O O X X   
    X     
----------

White 0,1
----------
O O O O   
O O X O   
  O X X X 
O O X X   
    X     
----------

Black 3,4
----------
O O O O   
O O X O   
  O X X X 
O O X X X 
    X     
----------

White 0,4
----------
O O O O O 
O O X O   
  O X X X 
O O X X X 
    X     
----------

Black 1,4
----------
O O O O O 
O O X O X 
  O X X X 
O O X X X 
    X     
----------

White 2,0
----------
O O O O O 
O O X O X 
O O X X X 
O O X X X 
    X     
----------

Game end.
The winner is O
ta time: 10.83
student time: 9.58
White(You) win!
=====Round 4=====
Black:You White:TA
Thu Oct 29 15:46:36 PDT 2020
Clean up...
Start Playing...
Black 2,2
----------
          
          
    X     
          
          
----------

White 2,1
----------
          
          
  O X     
          
          
----------

Black 1,1
----------
          
  X       
  O X     
          
          
----------

White 3,4
----------
          
  X       
  O X     
        O 
          
----------

Black 2,3
----------
          
  X       
  O X X   
        O 
          
----------

White 3,2
----------
          
  X       
  O X X   
    O   O 
          
----------

Black 3,1
----------
          
  X       
  O X X   
  X O   O 
          
----------

White 1,2
----------
          
  X O     
  O X X   
  X O   O 
          
----------

Black 2,0
----------
          
  X O     
X   X X   
  X O   O 
          
----------

White 4,2
----------
          
  X O     
X   X X   
  X O   O 
    O     
----------

Black 1,3
----------
          
  X O X   
X   X X   
  X O   O 
    O     
----------

White 3,3
----------
          
  X O X   
X   X X   
  X O O O 
    O     
----------

Black 0,2
----------
    X     
  X   X   
X   X X   
  X O O O 
    O     
----------

White 2,4
----------
    X     
  X   X   
X   X X O 
  X O O O 
    O     
----------

Black 0,1
----------
  X X     
  X   X   
X   X X O 
  X O O O 
    O     
----------

White 1,4
----------
  X X     
  X   X O 
X   X X O 
  X O O O 
    O     
----------

Black 0,3
----------
  X X X   
  X   X O 
X   X X O 
  X O O O 
    O     
----------

White 3,0
----------
  X X X   
  X   X O 
X   X X O 
O X O O O 
    O     
----------

Black 1,2
----------
  X X X   
  X X X O 
X   X X O 
O X O O O 
    O     
----------

White 1,0
----------
  X X X   
O X X X O 
X   X X O 
O X O O O 
    O     
----------

Black 0,0
----------
X X X X   
  X X X O 
X   X X O 
O X O O O 
    O     
----------

White 4,3
----------
X X X X   
  X X X O 
X   X X O 
O X O O O 
    O O   
----------

Black 2,1
----------
X X X X   
  X X X O 
X X X X O 
O X O O O 
    O O   
----------

White 4,1
----------
X X X X   
  X X X O 
X X X X O 
O X O O O 
  O O O   
----------

Game end.
The winner is X
ta time: 14.4
student time: 13.03
Black(You) win!
=====Round 5=====
Black:TA White:You
Thu Oct 29 15:46:47 PDT 2020
Clean up...
Start Playing...
Black 1,2
----------
          
    X     
          
          
          
----------

White 2,1
----------
          
    X     
  O       
          
          
----------

Black 2,2
----------
          
    X     
  O X     
          
          
----------

White 3,1
----------
          
    X     
  O X     
  O       
          
----------

Black 0,0
----------
X         
    X     
  O X     
  O       
          
----------

White 1,1
----------
X         
  O X     
  O X     
  O       
          
----------

Black 0,1
----------
X X       
  O X     
  O X     
  O       
          
----------

White 1,0
----------
X X       
O O X     
  O X     
  O       
          
----------

Black 3,2
----------
X X       
O O X     
  O X     
  O X     
          
----------

White 0,2
----------
    O     
O O X     
  O X     
  O X     
          
----------

Black 2,3
----------
    O     
O O X     
  O X X   
  O X     
          
----------

White 0,3
----------
    O O   
O O X     
  O X X   
  O X     
          
----------

Black 2,4
----------
    O O   
O O X     
  O X X X 
  O X     
          
----------

White 4,1
----------
    O O   
O O X     
  O X X X 
  O X     
  O       
----------

Black 2,0
----------
    O O   
O O X     
X O X X X 
  O X     
  O       
----------

White 3,0
----------
    O O   
O O X     
  O X X X 
O O X     
  O       
----------

Black 4,2
----------
    O O   
O O X     
  O X X X 
O O X     
  O X     
----------

White 1,3
----------
    O O   
O O X O   
  O X X X 
O O X     
  O X     
----------

Black 3,3
----------
    O O   
O O X O   
  O X X X 
O O X X   
  O X     
----------

White 0,0
----------
O   O O   
O O X O   
  O X X X 
O O X X   
  O X     
----------

Black 1,4
----------
O   O O   
O O X O X 
  O X X X 
O O X X   
  O X     
----------

White 0,1
----------
O O O O   
O O X O X 
  O X X X 
O O X X   
  O X     
----------

Black 4,3
----------
O O O O   
O O X O X 
  O X X X 
O O X X   
  O X X   
----------

White 0,4
----------
O O O O O 
O O X O X 
  O X X X 
O O X X   
  O X X   
----------

Game end.
The winner is O
ta time: 18.37
student time: 16.56
White(You) win!
=====Round 6=====
Black:You White:TA
Thu Oct 29 15:46:59 PDT 2020
Clean up...
Start Playing...
Black 2,2
----------
          
          
    X     
          
          
----------

White 2,1
----------
          
          
  O X     
          
          
----------

Black 1,1
----------
          
  X       
  O X     
          
          
----------

White 3,4
----------
          
  X       
  O X     
        O 
          
----------

Black 2,3
----------
          
  X       
  O X X   
        O 
          
----------

White 1,2
----------
          
  X O     
  O X X   
        O 
          
----------

Black 1,3
----------
          
  X O X   
  O X X   
        O 
          
----------

White 3,2
----------
          
  X O X   
  O X X   
    O   O 
          
----------

Black 0,2
----------
    X     
  X   X   
  O X X   
    O   O 
          
----------

White 3,3
----------
    X     
  X   X   
  O X X   
    O O O 
          
----------

Black 3,1
----------
    X     
  X   X   
  O X X   
  X O O O 
          
----------

White 4,2
----------
    X     
  X   X   
  O X X   
  X O O O 
    O     
----------

Black 2,0
----------
    X     
  X   X   
X   X X   
  X O O O 
    O     
----------

White 2,4
----------
    X     
  X   X   
X   X X O 
  X O O O 
    O     
----------

Black 0,1
----------
  X X     
  X   X   
X   X X O 
  X O O O 
    O     
----------

White 3,0
----------
  X X     
  X   X   
X   X X O 
O X O O O 
    O     
----------

Black 0,3
----------
  X X X   
  X   X   
X   X X O 
O X O O O 
    O     
----------

White 4,1
----------
  X X X   
  X   X   
X   X X O 
O X O O O 
  O O     
----------

Black 1,2
----------
  X X X   
  X X X   
X   X X O 
O X O O O 
  O O     
----------

White 2,1
----------
  X X X   
  X X X   
X O X X O 
O   O O O 
  O O     
----------

Black 0,0
----------
X X X X   
  X X X   
X O X X O 
O   O O O 
  O O     
----------

White 1,0
----------
X X X X   
O X X X   
  O X X O 
O   O O O 
  O O     
----------

Black PASS
----------
X X X X   
O X X X   
  O X X O 
O   O O O 
  O O     
----------

White 2,0
----------
X X X X   
O X X X   
O O X X O 
O   O O O 
  O O     
----------

Game end.
The winner is O
ta time: 21.93
student time: 19.68
Black(You) lose.
=====Round 7=====
Black:TA White:You
Thu Oct 29 15:47:09 PDT 2020
Clean up...
Start Playing...
Black 1,2
----------
          
    X     
          
          
          
----------

White 2,1
----------
          
    X     
  O       
          
          
----------

Black 2,2
----------
          
    X     
  O X     
          
          
----------

White 3,1
----------
          
    X     
  O X     
  O       
          
----------

Black 0,0
----------
X         
    X     
  O X     
  O       
          
----------

White 1,1
----------
X         
  O X     
  O X     
  O       
          
----------

Black 0,1
----------
X X       
  O X     
  O X     
  O       
          
----------

White 1,0
----------
X X       
O O X     
  O X     
  O       
          
----------

Black 2,3
----------
X X       
O O X     
  O X X   
  O       
          
----------

White 0,2
----------
    O     
O O X     
  O X X   
  O       
          
----------

Black 3,2
----------
    O     
O O X     
  O X X   
  O X     
          
----------

White 0,3
----------
    O O   
O O X     
  O X X   
  O X     
          
----------

Black 2,0
----------
    O O   
O O X     
X O X X   
  O X     
          
----------

White 3,0
----------
    O O   
O O X     
  O X X   
O O X     
          
----------

Black 4,2
----------
    O O   
O O X     
  O X X   
O O X     
    X     
----------

White 1,3
----------
    O O   
O O X O   
  O X X   
O O X     
    X     
----------

Black 2,4
----------
    O O   
O O X O   
  O X X X 
O O X     
    X     
----------

White 0,0
----------
O   O O   
O O X O   
  O X X X 
O O X     
    X     
----------

Black 3,3
----------
O   O O   
O O X O   
  O X X X 
O O X X   
    X     
----------

White 0,1
----------
O O O O   
O O X O   
  O X X X 
O O X X   
    X     
----------

Black 3,4
----------
O O O O   
O O X O   
  O X X X 
O O X X X 
    X     
----------

White 0,4
----------
O O O O O 
O O X O   
  O X X X 
O O X X X 
    X     
----------

Black 1,4
----------
O O O O O 
O O X O X 
  O X X X 
O O X X X 
    X     
----------

White 2,0
----------
O O O O O 
O O X O X 
O O X X X 
O O X X X 
    X     
----------

Game end.
The winner is O
ta time: 25.71
student time: 23.17
White(You) win!
=====Round 8=====
Black:You White:TA
Thu Oct 29 15:47:20 PDT 2020
Clean up...
Start Playing...
Black 2,2
----------
          
          
    X     
          
          
----------

White 2,1
----------
          
          
  O X     
          
          
----------

Black 1,1
----------
          
  X       
  O X     
          
          
----------

White 3,4
----------
          
  X       
  O X     
        O 
          
----------

Black 2,3
----------
          
  X       
  O X X   
        O 
          
----------

White 3,2
----------
          
  X       
  O X X   
    O   O 
          
----------

Black 3,1
----------
          
  X       
  O X X   
  X O   O 
          
----------

White 1,2
----------
          
  X O     
  O X X   
  X O   O 
          
----------

Black 2,0
----------
          
  X O     
X   X X   
  X O   O 
          
----------

White 4,2
----------
          
  X O     
X   X X   
  X O   O 
    O     
----------

Black 1,3
----------
          
  X O X   
X   X X   
  X O   O 
    O     
----------

White 0,2
----------
    O     
  X O X   
X   X X   
  X O   O 
    O     
----------

Black 0,1
----------
  X O     
  X O X   
X   X X   
  X O   O 
    O     
----------

White 2,4
----------
  X O     
  X O X   
X   X X O 
  X O   O 
    O     
----------

Black 0,3
----------
  X   X   
  X   X   
X   X X O 
  X O   O 
    O     
----------

White 1,2
----------
  X   X   
  X O X   
X   X X O 
  X O   O 
    O     
----------

Black 0,2
----------
  X X X   
  X   X   
X   X X O 
  X O   O 
    O     
----------

White 3,3
----------
  X X X   
  X   X   
X   X X O 
  X O O O 
    O     
----------

Black 1,2
----------
  X X X   
  X X X   
X   X X O 
  X O O O 
    O     
----------

White 3,0
----------
  X X X   
  X X X   
X   X X O 
O X O O O 
    O     
----------

Black 2,1
----------
  X X X   
  X X X   
X X X X O 
O X O O O 
    O     
----------

White 4,3
----------
  X X X   
  X X X   
X X X X O 
O X O O O 
    O O   
----------

Black 4,1
----------
  X X X   
  X X X   
X X X X O 
O X O O O 
  X O O   
----------

White 1,0
----------
  X X X   
O X X X   
X X X X O 
O X O O O 
  X O O   
----------

Game end.
The winner is X
ta time: 29.15
student time: 26.27
Black(You) win!
=====Round 9=====
Black:TA White:You
Thu Oct 29 15:47:30 PDT 2020
Clean up...
Start Playing...
Black 1,2
----------
          
    X     
          
          
          
----------

White 2,1
----------
          
    X     
  O       
          
          
----------

Black 2,2
----------
          
    X     
  O X     
          
          
----------

White 3,1
----------
          
    X     
  O X     
  O       
          
----------

Black 0,0
----------
X         
    X     
  O X     
  O       
          
----------

White 1,1
----------
X         
  O X     
  O X     
  O       
          
----------

Black 0,1
----------
X X       
  O X     
  O X     
  O       
          
----------

White 1,0
----------
X X       
O O X     
  O X     
  O       
          
----------

Black 3,2
----------
X X       
O O X     
  O X     
  O X     
          
----------

White 0,2
----------
    O     
O O X     
  O X     
  O X     
          
----------

Black 2,3
----------
    O     
O O X     
  O X X   
  O X     
          
----------

White 0,3
----------
    O O   
O O X     
  O X X   
  O X     
          
----------

Black 4,2
----------
    O O   
O O X     
  O X X   
  O X     
    X     
----------

White 1,3
----------
    O O   
O O X O   
  O X X   
  O X     
    X     
----------

Black 2,0
----------
    O O   
O O X O   
X O X X   
  O X     
    X     
----------

White 3,0
----------
    O O   
O O X O   
  O X X   
O O X     
    X     
----------

Black 2,4
----------
    O O   
O O X O   
  O X X X 
O O X     
    X     
----------

White 0,0
----------
O   O O   
O O X O   
  O X X X 
O O X     
    X     
----------

Black 3,3
----------
O   O O   
O O X O   
  O X X X 
O O X X   
    X     
----------

White 0,1
----------
O O O O   
O O X O   
  O X X X 
O O X X   
    X     
----------

Black 3,4
----------
O O O O   
O O X O   
  O X X X 
O O X X X 
    X     
----------

White 0,4
----------
O O O O O 
O O X O   
  O X X X 
O O X X X 
    X     
----------

Black 1,4
----------
O O O O O 
O O X O X 
  O X X X 
O O X X X 
    X     
----------

White 2,0
----------
O O O O O 
O O X O X 
O O X X X 
O O X X X 
    X     
----------

Game end.
The winner is O
ta time: 33.29
student time: 29.5
White(You) win!
=====Round 10=====
Black:You White:TA
Thu Oct 29 15:47:41 PDT 2020
Clean up...
Start Playing...
Black 2,2
----------
          
          
    X     
          
          
----------

White 2,1
----------
          
          
  O X     
          
          
----------

Black 1,1
----------
          
  X       
  O X     
          
          
----------

White 3,4
----------
          
  X       
  O X     
        O 
          
----------

Black 2,3
----------
          
  X       
  O X X   
        O 
          
----------

White 3,2
----------
          
  X       
  O X X   
    O   O 
          
----------

Black 3,1
----------
          
  X       
  O X X   
  X O   O 
          
----------

White 1,2
----------
          
  X O     
  O X X   
  X O   O 
          
----------

Black 2,0
----------
          
  X O     
X   X X   
  X O   O 
          
----------

White 1,3
----------
          
  X O O   
X   X X   
  X O   O 
          
----------

Black 3,3
----------
          
  X O O   
X   X X   
  X O X O 
          
----------

White 4,2
----------
          
  X O O   
X   X X   
  X O X O 
    O     
----------

Black 4,1
----------
          
  X O O   
X   X X   
  X O X O 
  X O     
----------

White 0,2
----------
    O     
  X O O   
X   X X   
  X O X O 
  X O     
----------

Black 4,3
----------
    O     
  X O O   
X   X X   
  X   X O 
  X   X   
----------

White 3,2
----------
    O     
  X O O   
X   X X   
  X O X O 
  X   X   
----------

Black 4,2
----------
    O     
  X O O   
X   X X   
  X   X O 
  X X X   
----------

White 2,4
----------
    O     
  X O O   
X   X X O 
  X   X O 
  X X X   
----------

Black 4,4
----------
    O     
  X O O   
X   X X O 
  X   X O 
  X X X X 
----------

White 3,0
----------
    O     
  X O O   
X   X X O 
O X   X O 
  X X X X 
----------

Black 4,0
----------
    O     
  X O O   
X   X X O 
  X   X O 
X X X X X 
----------

White 1,0
----------
    O     
O X O O   
X   X X O 
  X   X O 
X X X X X 
----------

Black 1,4
----------
    O     
O X O O X 
X   X X   
  X   X   
X X X X X 
----------

White 2,4
----------
    O     
O X O O X 
X   X X O 
  X   X   
X X X X X 
----------

Game end.
The winner is X
ta time: 36.86
student time: 32.87
Black(You) win!

==Playing with championship_player==
=====Round 1=====
Black:TA White:You
Thu Oct 29 15:47:53 PDT 2020
Clean up...
Start Playing...
Black 2,2
----------
          
          
    X     
          
          
----------

White 1,1
----------
          
  O       
    X     
          
          
----------

Black 2,1
----------
          
  O       
  X X     
          
          
----------

White 1,2
----------
          
  O O     
  X X     
          
          
----------

Black 1,3
----------
          
  O O X   
  X X     
          
          
----------

White 1,0
----------
          
O O O X   
  X X     
          
          
----------

Black 0,3
----------
      X   
O O O X   
  X X     
          
          
----------

White 2,0
----------
      X   
O O O X   
O X X     
          
          
----------

Black 3,1
----------
      X   
O O O X   
O X X     
  X       
          
----------

White 3,0
----------
      X   
O O O X   
O X X     
O X       
          
----------

Black 4,1
----------
      X   
O O O X   
O X X     
O X       
  X       
----------

White 3,3
----------
      X   
O O O X   
O X X     
O X   O   
  X       
----------

Black 0,2
----------
    X X   
O O O X   
O X X     
O X   O   
  X       
----------

White 3,4
----------
    X X   
O O O X   
O X X     
O X   O O 
  X       
----------

Black 0,1
----------
  X X X   
O O O X   
O X X     
O X   O O 
  X       
----------

White 3,2
----------
  X X X   
O O O X   
O X X     
O X O O O 
  X       
----------

Black 4,0
----------
  X X X   
O O O X   
O X X     
O X O O O 
X X       
----------

White 2,3
----------
  X X X   
O O O X   
O X X O   
O X O O O 
X X       
----------

Black 0,0
----------
X X X X   
      X   
  X X O   
  X O O O 
X X       
----------

White 2,4
----------
X X X X   
      X   
  X X O O 
  X O O O 
X X       
----------

Black 4,2
----------
X X X X   
      X   
  X X O O 
  X O O O 
X X X     
----------

White 1,4
----------
X X X X   
      X O 
  X X O O 
  X O O O 
X X X     
----------

Black 1,2
----------
X X X X   
    X X O 
  X X O O 
  X O O O 
X X X     
----------

White 0,4
----------
X X X X O 
    X X O 
  X X O O 
  X O O O 
X X X     
----------

Game end.
The winner is X
ta time: 72.09
student time: 35.76
White(You) lose.
=====Round 2=====
Black:You White:TA
Thu Oct 29 15:48:22 PDT 2020
Clean up...
Start Playing...
Black 2,2
----------
          
          
    X     
          
          
----------

White 3,2
----------
          
          
    X     
    O     
          
----------

Black 1,1
----------
          
  X       
    X     
    O     
          
----------

White 2,3
----------
          
  X       
    X O   
    O     
          
----------

Black 1,2
----------
          
  X X     
    X O   
    O     
          
----------

White 3,3
----------
          
  X X     
    X O   
    O O   
          
----------

Black 1,3
----------
          
  X X X   
    X O   
    O O   
          
----------

White 3,1
----------
          
  X X X   
    X O   
  O O O   
          
----------

Black 2,1
----------
          
  X X X   
  X X O   
  O O O   
          
----------

White 2,0
----------
          
  X X X   
O X X O   
  O O O   
          
----------

Black 1,0
----------
          
X X X X   
O X X O   
  O O O   
          
----------

White 3,0
----------
          
X X X X   
O X X O   
O O O O   
          
----------

Black 1,4
----------
          
X X X X X 
O X X O   
O O O O   
          
----------

White 2,4
----------
          
X X X X X 
O X X O O 
O O O O   
          
----------

Black 0,0
----------
X         
X X X X X 
O X X O O 
O O O O   
          
----------

White 0,2
----------
X   O     
X X X X X 
O X X O O 
O O O O   
          
----------

Black 0,1
----------
X X O     
X X X X X 
O X X O O 
O O O O   
          
----------

White 4,2
----------
X X O     
X X X X X 
O X X O O 
O O O O   
    O     
----------

Black 4,4
----------
X X O     
X X X X X 
O X X O O 
O O O O   
    O   X 
----------

White 4,1
----------
X X O     
X X X X X 
O X X O O 
O O O O   
  O O   X 
----------

Black 0,3
----------
X X   X   
X X X X X 
O X X O O 
O O O O   
  O O   X 
----------

White 3,4
----------
X X   X   
X X X X X 
O X X O O 
O O O O O 
  O O   X 
----------

Black PASS
----------
X X   X   
X X X X X 
O X X O O 
O O O O O 
  O O   X 
----------

White 4,3
----------
X X   X   
X X X X X 
O X X O O 
O O O O O 
  O O O   
----------

Game end.
The winner is O
ta time: 105.74
student time: 39.24
Black(You) lose.
=====Round 3=====
Black:TA White:You
Thu Oct 29 15:48:49 PDT 2020
Clean up...
Start Playing...
Black 2,2
----------
          
          
    X     
          
          
----------

White 1,1
----------
          
  O       
    X     
          
          
----------

Black 2,1
----------
          
  O       
  X X     
          
          
----------

White 1,2
----------
          
  O O     
  X X     
          
          
----------

Black 1,3
----------
          
  O O X   
  X X     
          
          
----------

White 1,0
----------
          
O O O X   
  X X     
          
          
----------

Black 0,2
----------
    X     
O O O X   
  X X     
          
          
----------

White 2,0
----------
    X     
O O O X   
O X X     
          
          
----------

Black 3,1
----------
    X     
O O O X   
O X X     
  X       
          
----------

White 0,1
----------
  O X     
O O O X   
O X X     
  X       
          
----------

Black 0,3
----------
  O X X   
O O O X   
O X X     
  X       
          
----------

White 3,0
----------
  O X X   
O O O X   
O X X     
O X       
          
----------

Black 4,1
----------
  O X X   
O O O X   
O X X     
O X       
  X       
----------

White 3,3
----------
  O X X   
O O O X   
O X X     
O X   O   
  X       
----------

Black 4,0
----------
  O X X   
O O O X   
O X X     
O X   O   
X X       
----------

White 3,4
----------
  O X X   
O O O X   
O X X     
O X   O O 
X X       
----------

Black 3,2
----------
  O X X   
O O O X   
O X X     
O X X O O 
X X       
----------

White 2,3
----------
  O X X   
O O O X   
O X X O   
O X X O O 
X X       
----------

Black 0,0
----------
X   X X   
      X   
  X X O   
  X X O O 
X X       
----------

White 1,0
----------
X   X X   
O     X   
  X X O   
  X X O O 
X X       
----------

Black 0,1
----------
X X X X   
O     X   
  X X O   
  X X O O 
X X       
----------

White 1,1
----------
X X X X   
O O   X   
  X X O   
  X X O O 
X X       
----------

Black 2,0
----------
X X X X   
O O   X   
X X X O   
  X X O O 
X X       
----------

White 2,4
----------
X X X X   
O O   X   
X X X O O 
  X X O O 
X X       
----------

Game end.
The winner is X
ta time: 139.04
student time: 42.22
White(You) lose.
=====Round 4=====
Black:You White:TA
Thu Oct 29 15:49:14 PDT 2020
Clean up...
Start Playing...
Black 2,2
----------
          
          
    X     
          
          
----------

White 1,3
----------
          
      O   
    X     
          
          
----------

Black 1,2
----------
          
    X O   
    X     
          
          
----------

White 2,3
----------
          
    X O   
    X O   
          
          
----------

Black 0,0
----------
X         
    X O   
    X O   
          
          
----------

White 3,3
----------
X         
    X O   
    X O   
      O   
          
----------

Black 2,1
----------
X         
    X O   
  X X O   
      O   
          
----------

White 3,2
----------
X         
    X O   
  X X O   
    O O   
          
----------

Black 3,1
----------
X         
    X O   
  X X O   
  X O O   
          
----------

White 4,1
----------
X         
    X O   
  X X O   
  X O O   
  O       
----------

Black 0,2
----------
X   X     
    X O   
  X X O   
  X O O   
  O       
----------

White 4,2
----------
X   X     
    X O   
  X X O   
  X O O   
  O O     
----------

Black 0,3
----------
X   X X   
    X O   
  X X O   
  X O O   
  O O     
----------

White 1,4
----------
X   X X   
    X O O 
  X X O   
  X O O   
  O O     
----------

Black 3,0
----------
X   X X   
    X O O 
  X X O   
X X O O   
  O O     
----------

White 1,0
----------
X   X X   
O   X O O 
  X X O   
X X O O   
  O O     
----------

Black 1,1
----------
X   X X   
O X X O O 
  X X O   
X X O O   
  O O     
----------

White 0,1
----------
  O X X   
O X X O O 
  X X O   
X X O O   
  O O     
----------

Black 2,0
----------
  O X X   
O X X O O 
X X X O   
X X O O   
  O O     
----------

White 3,4
----------
  O X X   
O X X O O 
X X X O   
X X O O O 
  O O     
----------

Black 0,0
----------
X   X X   
  X X O O 
X X X O   
X X O O O 
  O O     
----------

White 4,4
----------
X   X X   
  X X O O 
X X X O   
X X O O O 
  O O   O 
----------

Black 0,1
----------
X X X X   
  X X O O 
X X X O   
X X O O O 
  O O   O 
----------

White 0,4
----------
X X X X O 
  X X O O 
X X X O   
X X O O O 
  O O   O 
----------

Game end.
The winner is O
ta time: 177.7
student time: 45.27
Black(You) lose.
=====Round 5=====
Black:TA White:You
Thu Oct 29 15:49:45 PDT 2020
Clean up...
Start Playing...
Black 2,2
----------
          
          
    X     
          
          
----------

White 1,1
----------
          
  O       
    X     
          
          
----------

Black 2,1
----------
          
  O       
  X X     
          
          
----------

White 1,2
----------
          
  O O     
  X X     
          
          
----------

Black 1,3
----------
          
  O O X   
  X X     
          
          
----------

White 1,0
----------
          
O O O X   
  X X     
          
          
----------

Black 0,3
----------
      X   
O O O X   
  X X     
          
          
----------

White 2,0
----------
      X   
O O O X   
O X X     
          
          
----------

Black 3,1
----------
      X   
O O O X   
O X X     
  X       
          
----------

White 3,0
----------
      X   
O O O X   
O X X     
O X       
          
----------

Black 4,1
----------
      X   
O O O X   
O X X     
O X       
  X       
----------

White 3,3
----------
      X   
O O O X   
O X X     
O X   O   
  X       
----------

Black 0,2
----------
    X X   
O O O X   
O X X     
O X   O   
  X       
----------

White 3,4
----------
    X X   
O O O X   
O X X     
O X   O O 
  X       
----------

Black 0,1
----------
  X X X   
O O O X   
O X X     
O X   O O 
  X       
----------

White 3,2
----------
  X X X   
O O O X   
O X X     
O X O O O 
  X       
----------

Black 4,0
----------
  X X X   
O O O X   
O X X     
O X O O O 
X X       
----------

White 2,3
----------
  X X X   
O O O X   
O X X O   
O X O O O 
X X       
----------

Black 0,0
----------
X X X X   
      X   
  X X O   
  X O O O 
X X       
----------

White 2,4
----------
X X X X   
      X   
  X X O O 
  X O O O 
X X       
----------

Black 4,2
----------
X X X X   
      X   
  X X O O 
  X O O O 
X X X     
----------

White 1,4
----------
X X X X   
      X O 
  X X O O 
  X O O O 
X X X     
----------

Black 1,2
----------
X X X X   
    X X O 
  X X O O 
  X O O O 
X X X     
----------

White 0,4
----------
X X X X O 
    X X O 
  X X O O 
  X O O O 
X X X     
----------

Game end.
The winner is X
ta time: 211
student time: 47.99
White(You) lose.
=====Round 6=====
Black:You White:TA
Thu Oct 29 15:50:12 PDT 2020
Clean up...
Start Playing...
Black 2,2
----------
          
          
    X     
          
          
----------

White 3,3
----------
          
          
    X     
      O   
          
----------

Black 3,2
----------
          
          
    X     
    X O   
          
----------

White 2,3
----------
          
          
    X O   
    X O   
          
----------

Black 3,1
----------
          
          
    X O   
  X X O   
          
----------

White 1,3
----------
          
      O   
    X O   
  X X O   
          
----------

Black 1,2
----------
          
    X O   
    X O   
  X X O   
          
----------

White 0,2
----------
    O     
    X O   
    X O   
  X X O   
          
----------

Black 1,1
----------
    O     
  X X O   
    X O   
  X X O   
          
----------

White 4,2
----------
    O     
  X X O   
    X O   
  X X O   
    O     
----------

Black 0,1
----------
  X O     
  X X O   
    X O   
  X X O   
    O     
----------

White 0,3
----------
  X O O   
  X X O   
    X O   
  X X O   
    O     
----------

Black 4,1
----------
  X O O   
  X X O   
    X O   
  X X O   
  X O     
----------

White 4,3
----------
  X O O   
  X X O   
    X O   
  X X O   
  X O O   
----------

Black 2,1
----------
  X O O   
  X X O   
  X X O   
  X X O   
  X O O   
----------

White 2,4
----------
  X O O   
  X X O   
  X X O O 
  X X O   
  X O O   
----------

Black 0,0
----------
X X O O   
  X X O   
  X X O O 
  X X O   
  X O O   
----------

White 0,4
----------
X X O O O 
  X X O   
  X X O O 
  X X O   
  X O O   
----------

Black 1,0
----------
X X O O O 
X X X O   
  X X O O 
  X X O   
  X O O   
----------

White 3,0
----------
X X O O O 
X X X O   
  X X O O 
O X X O   
  X O O   
----------

Black PASS
----------
X X O O O 
X X X O   
  X X O O 
O X X O   
  X O O   
----------

White 3,4
----------
X X O O O 
X X X O   
  X X O O 
O X X O O 
  X O O   
----------

Black PASS
----------
X X O O O 
X X X O   
  X X O O 
O X X O O 
  X O O   
----------

White 4,0
----------
X X O O O 
X X X O   
  X X O O 
O X X O O 
O X O O   
----------

Game end.
The winner is O
ta time: 236.49
student time: 51.12
Black(You) lose.
=====Round 7=====
Black:TA White:You
Thu Oct 29 15:50:37 PDT 2020
Clean up...
Start Playing...
Black 2,2
----------
          
          
    X     
          
          
----------

White 1,1
----------
          
  O       
    X     
          
          
----------

Black 2,1
----------
          
  O       
  X X     
          
          
----------

White 1,2
----------
          
  O O     
  X X     
          
          
----------

Black 1,3
----------
          
  O O X   
  X X     
          
          
----------

White 1,0
----------
          
O O O X   
  X X     
          
          
----------

Black 0,3
----------
      X   
O O O X   
  X X     
          
          
----------

White 2,0
----------
      X   
O O O X   
O X X     
          
          
----------

Black 3,1
----------
      X   
O O O X   
O X X     
  X       
          
----------

White 3,0
----------
      X   
O O O X   
O X X     
O X       
          
----------

Black 4,1
----------
      X   
O O O X   
O X X     
O X       
  X       
----------

White 3,3
----------
      X   
O O O X   
O X X     
O X   O   
  X       
----------

Black 0,2
----------
    X X   
O O O X   
O X X     
O X   O   
  X       
----------

White 3,4
----------
    X X   
O O O X   
O X X     
O X   O O 
  X       
----------

Black 0,1
----------
  X X X   
O O O X   
O X X     
O X   O O 
  X       
----------

White 3,2
----------
  X X X   
O O O X   
O X X     
O X O O O 
  X       
----------

Black 4,0
----------
  X X X   
O O O X   
O X X     
O X O O O 
X X       
----------

White 2,3
----------
  X X X   
O O O X   
O X X O   
O X O O O 
X X       
----------

Black 0,0
----------
X X X X   
      X   
  X X O   
  X O O O 
X X       
----------

White 2,4
----------
X X X X   
      X   
  X X O O 
  X O O O 
X X       
----------

Black 4,2
----------
X X X X   
      X   
  X X O O 
  X O O O 
X X X     
----------

White 1,4
----------
X X X X   
      X O 
  X X O O 
  X O O O 
X X X     
----------

Black 1,2
----------
X X X X   
    X X O 
  X X O O 
  X O O O 
X X X     
----------

White 0,4
----------
X X X X O 
    X X O 
  X X O O 
  X O O O 
X X X     
----------

Game end.
The winner is X
ta time: 270.74
student time: 54
White(You) lose.
=====Round 8=====
Black:You White:TA
Thu Oct 29 15:51:05 PDT 2020
Clean up...
Start Playing...
Black 2,2
----------
          
          
    X     
          
          
----------

White 1,3
----------
          
      O   
    X     
          
          
----------

Black 1,2
----------
          
    X O   
    X     
          
          
----------

White 2,3
----------
          
    X O   
    X O   
          
          
----------

Black 0,0
----------
X         
    X O   
    X O   
          
          
----------

White 3,3
----------
X         
    X O   
    X O   
      O   
          
----------

Black 2,1
----------
X         
    X O   
  X X O   
      O   
          
----------

White 3,2
----------
X         
    X O   
  X X O   
    O O   
          
----------

Black 3,1
----------
X         
    X O   
  X X O   
  X O O   
          
----------

White 4,1
----------
X         
    X O   
  X X O   
  X O O   
  O       
----------

Black 0,2
----------
X   X     
    X O   
  X X O   
  X O O   
  O       
----------

White 4,2
----------
X   X     
    X O   
  X X O   
  X O O   
  O O     
----------

Black 0,3
----------
X   X X   
    X O   
  X X O   
  X O O   
  O O     
----------

White 1,4
----------
X   X X   
    X O O 
  X X O   
  X O O   
  O O     
----------

Black 3,0
----------
X   X X   
    X O O 
  X X O   
X X O O   
  O O     
----------

White 3,4
----------
X   X X   
    X O O 
  X X O   
X X O O O 
  O O     
----------

Black 1,1
----------
X   X X   
  X X O O 
  X X O   
X X O O O 
  O O     
----------

White 4,4
----------
X   X X   
  X X O O 
  X X O   
X X O O O 
  O O   O 
----------

Black 0,1
----------
X X X X   
  X X O O 
  X X O   
X X O O O 
  O O   O 
----------

White 0,4
----------
X X X X O 
  X X O O 
  X X O   
X X O O O 
  O O   O 
----------

Black 1,0
----------
X X X X O 
X X X O O 
  X X O   
X X O O O 
  O O   O 
----------

White 4,0
----------
X X X X O 
X X X O O 
  X X O   
X X O O O 
O O O   O 
----------

Black PASS
----------
X X X X O 
X X X O O 
  X X O   
X X O O O 
O O O   O 
----------

White 2,0
----------
        O 
      O O 
O     O   
    O O O 
O O O   O 
----------

Game end.
The winner is O
ta time: 307.61
student time: 57.3
Black(You) lose.
=====Round 9=====
Black:TA White:You
Thu Oct 29 15:51:35 PDT 2020
Clean up...
Start Playing...
Black 2,2
----------
          
          
    X     
          
          
----------

White 1,1
----------
          
  O       
    X     
          
          
----------

Black 2,1
----------
          
  O       
  X X     
          
          
----------

White 1,2
----------
          
  O O     
  X X     
          
          
----------

Black 1,3
----------
          
  O O X   
  X X     
          
          
----------

White 1,0
----------
          
O O O X   
  X X     
          
          
----------

Black 0,3
----------
      X   
O O O X   
  X X     
          
          
----------

White 2,0
----------
      X   
O O O X   
O X X     
          
          
----------

Black 3,1
----------
      X   
O O O X   
O X X     
  X       
          
----------

White 3,0
----------
      X   
O O O X   
O X X     
O X       
          
----------

Black 4,1
----------
      X   
O O O X   
O X X     
O X       
  X       
----------

White 3,3
----------
      X   
O O O X   
O X X     
O X   O   
  X       
----------

Black 0,2
----------
    X X   
O O O X   
O X X     
O X   O   
  X       
----------

White 3,4
----------
    X X   
O O O X   
O X X     
O X   O O 
  X       
----------

Black 0,1
----------
  X X X   
O O O X   
O X X     
O X   O O 
  X       
----------

White 3,2
----------
  X X X   
O O O X   
O X X     
O X O O O 
  X       
----------

Black 4,0
----------
  X X X   
O O O X   
O X X     
O X O O O 
X X       
----------

White 2,3
----------
  X X X   
O O O X   
O X X O   
O X O O O 
X X       
----------

Black 0,0
----------
X X X X   
      X   
  X X O   
  X O O O 
X X       
----------

White 2,4
----------
X X X X   
      X   
  X X O O 
  X O O O 
X X       
----------

Black 1,4
----------
X X X X   
      X X 
  X X O O 
  X O O O 
X X       
----------

White 4,2
----------
X X X X   
      X X 
  X X O O 
  X O O O 
X X O     
----------

Black 2,0
----------
X X X X   
      X X 
X X X O O 
  X O O O 
X X O     
----------

White PASS
----------
X X X X   
      X X 
X X X O O 
  X O O O 
X X O     
----------

Game end.
The winner is X
ta time: 343.14
student time: 60.11
White(You) lose.
=====Round 10=====
Black:You White:TA
Thu Oct 29 15:52:03 PDT 2020
Clean up...
Start Playing...
Black 2,2
----------
          
          
    X     
          
          
----------

White 3,2
----------
          
          
    X     
    O     
          
----------

Black 1,1
----------
          
  X       
    X     
    O     
          
----------

White 2,3
----------
          
  X       
    X O   
    O     
          
----------

Black 1,2
----------
          
  X X     
    X O   
    O     
          
----------

White 3,3
----------
          
  X X     
    X O   
    O O   
          
----------

Black 1,3
----------
          
  X X X   
    X O   
    O O   
          
----------

White 3,1
----------
          
  X X X   
    X O   
  O O O   
          
----------

Black 2,1
----------
          
  X X X   
  X X O   
  O O O   
          
----------

White 2,0
----------
          
  X X X   
O X X O   
  O O O   
          
----------

Black 1,0
----------
          
X X X X   
O X X O   
  O O O   
          
----------

White 3,0
----------
          
X X X X   
O X X O   
O O O O   
          
----------

Black 1,4
----------
          
X X X X X 
O X X O   
O O O O   
          
----------

White 2,4
----------
          
X X X X X 
O X X O O 
O O O O   
          
----------

Black 0,0
----------
X         
X X X X X 
O X X O O 
O O O O   
          
----------

White 0,2
----------
X   O     
X X X X X 
O X X O O 
O O O O   
          
----------

Black 0,1
----------
X X O     
X X X X X 
O X X O O 
O O O O   
          
----------

White 4,3
----------
X X O     
X X X X X 
O X X O O 
O O O O   
      O   
----------

Black 4,1
----------
X X O     
X X X X X 
O X X O O 
O O O O   
  X   O   
----------

White 4,4
----------
X X O     
X X X X X 
O X X O O 
O O O O   
  X   O O 
----------

Black 0,3
----------
X X   X   
X X X X X 
O X X O O 
O O O O   
  X   O O 
----------

White 4,0
----------
X X   X   
X X X X X 
O X X O O 
O O O O   
O X   O O 
----------

Black PASS
----------
X X   X   
X X X X X 
O X X O O 
O O O O   
O X   O O 
----------

White 4,2
----------
X X   X   
X X X X X 
O X X O O 
O O O O   
O   O O O 
----------

Game end.
The winner is O
ta time: 376.15
student time: 63.25
Black(You) lose.
