Thu Oct 29 03:30:03 PDT 2020

==Playing with qlearning_player==
=====Round 1=====
Black:TA White:You
Thu Oct 29 03:30:03 PDT 2020
Clean up...
Start Playing...
Black 1,2
----------
          
    X     
          
          
          
----------

White 3,1
----------
          
    X     
          
  O       
          
----------

Black 2,2
----------
          
    X     
    X     
  O       
          
----------

White 2,1
----------
          
    X     
  O X     
  O       
          
----------

Black 0,0
----------
X         
    X     
  O X     
  O       
          
----------

White 1,1
----------
X         
  O X     
  O X     
  O       
          
----------

Black 0,1
----------
X X       
  O X     
  O X     
  O       
          
----------

White 3,2
----------
X X       
  O X     
  O X     
  O O     
          
----------

Black 2,3
----------
X X       
  O X     
  O X X   
  O O     
          
----------

White 3,3
----------
X X       
  O X     
  O X X   
  O O O   
          
----------

Black 4,2
----------
X X       
  O X     
  O X X   
  O O O   
    X     
----------

White 3,4
----------
X X       
  O X     
  O X X   
  O O O O 
    X     
----------

Black 2,0
----------
X X       
  O X     
X O X X   
  O O O O 
    X     
----------

White 2,4
----------
X X       
  O X     
X O X X O 
  O O O O 
    X     
----------

Black 1,3
----------
X X       
  O X X   
X O X X O 
  O O O O 
    X     
----------

White 1,4
----------
X X       
  O X X O 
X O X X O 
  O O O O 
    X     
----------

Black 0,2
----------
X X X     
  O X X O 
X O X X O 
  O O O O 
    X     
----------

White 0,4
----------
X X X   O 
  O X X O 
X O X X O 
  O O O O 
    X     
----------

Black 4,3
----------
X X X   O 
  O X X O 
X O X X O 
  O O O O 
    X X   
----------

White 3,0
----------
X X X   O 
  O X X O 
X O X X O 
O O O O O 
    X X   
----------

Black 1,0
----------
X X X   O 
X O X X O 
X O X X O 
O O O O O 
    X X   
----------

White 0,3
----------
      O O 
  O     O 
  O     O 
O O O O O 
    X X   
----------

Black 2,2
----------
      O O 
  O     O 
  O X   O 
O O O O O 
    X X   
----------

White 0,1
----------
  O   O O 
  O     O 
  O X   O 
O O O O O 
    X X   
----------

Game end.
The winner is O
ta time: 4.06
student time: 3.25
White(You) win!
=====Round 2=====
Black:You White:TA
Thu Oct 29 03:30:16 PDT 2020
Clean up...
Start Playing...
Black 2,2
----------
          
          
    X     
          
          
----------

White 2,1
----------
          
          
  O X     
          
          
----------

Black 1,2
----------
          
    X     
  O X     
          
          
----------

White 3,2
----------
          
    X     
  O X     
    O     
          
----------

Black 1,1
----------
          
  X X     
  O X     
    O     
          
----------

White 2,3
----------
          
  X X     
  O X O   
    O     
          
----------

Black 1,3
----------
          
  X X X   
  O X O   
    O     
          
----------

White 2,4
----------
          
  X X X   
  O X O O 
    O     
          
----------

Black 1,0
----------
          
X X X X   
  O X O O 
    O     
          
----------

White 2,0
----------
          
X X X X   
O O X O O 
    O     
          
----------

Black 0,3
----------
      X   
X X X X   
O O X O O 
    O     
          
----------

White 4,2
----------
      X   
X X X X   
O O X O O 
    O     
    O     
----------

Black 0,0
----------
X     X   
X X X X   
O O X O O 
    O     
    O     
----------

White 3,3
----------
X     X   
X X X X   
O O X O O 
    O O   
    O     
----------

Black 0,1
----------
X X   X   
X X X X   
O O X O O 
    O O   
    O     
----------

White 3,1
----------
X X   X   
X X X X   
O O X O O 
  O O O   
    O     
----------

Black 0,2
----------
X X X X   
X X X X   
O O X O O 
  O O O   
    O     
----------

White 3,4
----------
X X X X   
X X X X   
O O X O O 
  O O O O 
    O     
----------

Black 4,0
----------
X X X X   
X X X X   
O O X O O 
  O O O O 
X   O     
----------

White 4,3
----------
X X X X   
X X X X   
O O X O O 
  O O O O 
X   O O   
----------

Black 0,4
----------
X X X X X 
X X X X   
O O X O O 
  O O O O 
X   O O   
----------

White 1,4
----------
          
        O 
O O   O O 
  O O O O 
X   O O   
----------

Black 1,2
----------
          
    X   O 
O O   O O 
  O O O O 
X   O O   
----------

White 2,2
----------
          
    X   O 
O O O O O 
  O O O O 
X   O O   
----------

Game end.
The winner is O
ta time: 7.8
student time: 6.36
Black(You) lose.
=====Round 3=====
Black:TA White:You
Thu Oct 29 03:30:26 PDT 2020
Clean up...
Start Playing...
Black 1,2
----------
          
    X     
          
          
          
----------

White 3,1
----------
          
    X     
          
  O       
          
----------

Black 2,2
----------
          
    X     
    X     
  O       
          
----------

White 2,1
----------
          
    X     
  O X     
  O       
          
----------

Black 0,0
----------
X         
    X     
  O X     
  O       
          
----------

White 1,1
----------
X         
  O X     
  O X     
  O       
          
----------

Black 0,1
----------
X X       
  O X     
  O X     
  O       
          
----------

White 3,2
----------
X X       
  O X     
  O X     
  O O     
          
----------

Black 2,3
----------
X X       
  O X     
  O X X   
  O O     
          
----------

White 3,3
----------
X X       
  O X     
  O X X   
  O O O   
          
----------

Black 4,2
----------
X X       
  O X     
  O X X   
  O O O   
    X     
----------

White 3,4
----------
X X       
  O X     
  O X X   
  O O O O 
    X     
----------

Black 0,2
----------
X X X     
  O X     
  O X X   
  O O O O 
    X     
----------

White 2,4
----------
X X X     
  O X     
  O X X O 
  O O O O 
    X     
----------

Black 2,0
----------
X X X     
  O X     
X O X X O 
  O O O O 
    X     
----------

White 1,4
----------
X X X     
  O X   O 
X O X X O 
  O O O O 
    X     
----------

Black 1,3
----------
X X X     
  O X X O 
X O X X O 
  O O O O 
    X     
----------

White 0,4
----------
X X X   O 
  O X X O 
X O X X O 
  O O O O 
    X     
----------

Black 4,1
----------
X X X   O 
  O X X O 
X O X X O 
  O O O O 
  X X     
----------

White 3,0
----------
X X X   O 
  O X X O 
X O X X O 
O O O O O 
  X X     
----------

Black 4,3
----------
X X X   O 
  O X X O 
X O X X O 
O O O O O 
  X X X   
----------

White 1,0
----------
X X X   O 
O O X X O 
  O X X O 
O O O O O 
  X X X   
----------

Black 4,0
----------
X X X   O 
O O X X O 
  O X X O 
O O O O O 
X X X X   
----------

White 0,3
----------
      O O 
O O     O 
  O     O 
O O O O O 
X X X X   
----------

Game end.
The winner is O
ta time: 11.79
student time: 9.36
White(You) win!
=====Round 4=====
Black:You White:TA
Thu Oct 29 03:30:41 PDT 2020
Clean up...
Start Playing...
Black 2,2
----------
          
          
    X     
          
          
----------

White 2,1
----------
          
          
  O X     
          
          
----------

Black 1,2
----------
          
    X     
  O X     
          
          
----------

White 3,2
----------
          
    X     
  O X     
    O     
          
----------

Black 1,1
----------
          
  X X     
  O X     
    O     
          
----------

White 2,3
----------
          
  X X     
  O X O   
    O     
          
----------

Black 1,3
----------
          
  X X X   
  O X O   
    O     
          
----------

White 4,2
----------
          
  X X X   
  O X O   
    O     
    O     
----------

Black 1,0
----------
          
X X X X   
  O X O   
    O     
    O     
----------

White 2,4
----------
          
X X X X   
  O X O O 
    O     
    O     
----------

Black 0,3
----------
      X   
X X X X   
  O X O O 
    O     
    O     
----------

White 2,0
----------
      X   
X X X X   
O O X O O 
    O     
    O     
----------

Black 0,0
----------
X     X   
X X X X   
O O X O O 
    O     
    O     
----------

White 3,3
----------
X     X   
X X X X   
O O X O O 
    O O   
    O     
----------

Black 0,1
----------
X X   X   
X X X X   
O O X O O 
    O O   
    O     
----------

White 3,1
----------
X X   X   
X X X X   
O O X O O 
  O O O   
    O     
----------

Black 0,2
----------
X X X X   
X X X X   
O O X O O 
  O O O   
    O     
----------

White 3,0
----------
X X X X   
X X X X   
O O X O O 
O O O O   
    O     
----------

Black 4,4
----------
X X X X   
X X X X   
O O X O O 
O O O O   
    O   X 
----------

White 4,1
----------
X X X X   
X X X X   
O O X O O 
O O O O   
  O O   X 
----------

Black 0,4
----------
X X X X X 
X X X X   
O O X O O 
O O O O   
  O O   X 
----------

White 1,4
----------
          
        O 
O O   O O 
O O O O   
  O O   X 
----------

Black PASS
----------
          
        O 
O O   O O 
O O O O   
  O O   X 
----------

White 2,2
----------
          
        O 
O O O O O 
O O O O   
  O O   X 
----------

Game end.
The winner is O
ta time: 15.47
student time: 12.53
Black(You) lose.
=====Round 5=====
Black:TA White:You
Thu Oct 29 03:30:52 PDT 2020
Clean up...
Start Playing...
Black 1,2
----------
          
    X     
          
          
          
----------

White 3,1
----------
          
    X     
          
  O       
          
----------

Black 2,2
----------
          
    X     
    X     
  O       
          
----------

White 2,1
----------
          
    X     
  O X     
  O       
          
----------

Black 0,0
----------
X         
    X     
  O X     
  O       
          
----------

White 1,1
----------
X         
  O X     
  O X     
  O       
          
----------

Black 0,1
----------
X X       
  O X     
  O X     
  O       
          
----------

White 3,2
----------
X X       
  O X     
  O X     
  O O     
          
----------

Black 2,3
----------
X X       
  O X     
  O X X   
  O O     
          
----------

White 3,3
----------
X X       
  O X     
  O X X   
  O O O   
          
----------

Black 2,0
----------
X X       
  O X     
X O X X   
  O O O   
          
----------

White 3,4
----------
X X       
  O X     
X O X X   
  O O O O 
          
----------

Black 2,4
----------
X X       
  O X     
X O X X X 
  O O O O 
          
----------

White 3,0
----------
X X       
  O X     
X O X X X 
O O O O O 
          
----------

Black 1,3
----------
X X       
  O X X   
X O X X X 
O O O O O 
          
----------

White 1,0
----------
X X       
O O X X   
  O X X X 
O O O O O 
          
----------

Black 0,2
----------
X X X     
O O X X   
  O X X X 
O O O O O 
          
----------

White 2,0
----------
X X X     
O O X X   
O O X X X 
O O O O O 
          
----------

Black 4,2
----------
X X X     
O O X X   
O O X X X 
O O O O O 
    X     
----------

White 4,0
----------
X X X     
O O X X   
O O X X X 
O O O O O 
O   X     
----------

Black 4,3
----------
X X X     
O O X X   
O O X X X 
O O O O O 
O   X X   
----------

White 0,4
----------
X X X   O 
O O X X   
O O X X X 
O O O O O 
O   X X   
----------

Black 0,3
----------
X X X X O 
O O X X   
O O X X X 
O O O O O 
O   X X   
----------

White 1,4
----------
        O 
O O     O 
O O       
O O O O O 
O   X X   
----------

Game end.
The winner is O
ta time: 19.51
student time: 15.85
White(You) win!
=====Round 6=====
Black:You White:TA
Thu Oct 29 03:31:03 PDT 2020
Clean up...
Start Playing...
Black 2,2
----------
          
          
    X     
          
          
----------

White 2,1
----------
          
          
  O X     
          
          
----------

Black 1,2
----------
          
    X     
  O X     
          
          
----------

White 3,2
----------
          
    X     
  O X     
    O     
          
----------

Black 1,1
----------
          
  X X     
  O X     
    O     
          
----------

White 2,3
----------
          
  X X     
  O X O   
    O     
          
----------

Black 1,3
----------
          
  X X X   
  O X O   
    O     
          
----------

White 4,2
----------
          
  X X X   
  O X O   
    O     
    O     
----------

Black 1,0
----------
          
X X X X   
  O X O   
    O     
    O     
----------

White 2,0
----------
          
X X X X   
O O X O   
    O     
    O     
----------

Black 1,4
----------
          
X X X X X 
O O X O   
    O     
    O     
----------

White 2,4
----------
          
X X X X X 
O O X O O 
    O     
    O     
----------

Black 3,1
----------
          
X X X X X 
O O X O O 
  X O     
    O     
----------

White 0,2
----------
    O     
X X X X X 
O O X O O 
  X O     
    O     
----------

Black 3,0
----------
    O     
X X X X X 
    X O O 
X X O     
    O     
----------

White 2,1
----------
    O     
X X X X X 
  O X O O 
X X O     
    O     
----------

Black 3,3
----------
    O     
X X X X X 
  O X O O 
X X O X   
    O     
----------

White 4,3
----------
    O     
X X X X X 
  O X O O 
X X O X   
    O O   
----------

Black 2,0
----------
    O     
X X X X X 
X   X O O 
X X O X   
    O O   
----------

White 3,4
----------
    O     
X X X X X 
X   X O O 
X X O   O 
    O O   
----------

Black 0,1
----------
  X O     
X X X X X 
X   X O O 
X X O   O 
    O O   
----------

White 3,3
----------
  X O     
X X X X X 
X   X O O 
X X O O O 
    O O   
----------

Black 4,1
----------
  X O     
X X X X X 
X   X O O 
X X O O O 
  X O O   
----------

White 0,3
----------
  X O O   
X X X X X 
X   X O O 
X X O O O 
  X O O   
----------

Game end.
The winner is O
ta time: 23.45
student time: 19.07
Black(You) lose.
=====Round 7=====
Black:TA White:You
Thu Oct 29 03:31:14 PDT 2020
Clean up...
Start Playing...
Black 1,2
----------
          
    X     
          
          
          
----------

White 3,1
----------
          
    X     
          
  O       
          
----------

Black 2,2
----------
          
    X     
    X     
  O       
          
----------

White 2,1
----------
          
    X     
  O X     
  O       
          
----------

Black 0,0
----------
X         
    X     
  O X     
  O       
          
----------

White 1,1
----------
X         
  O X     
  O X     
  O       
          
----------

Black 0,1
----------
X X       
  O X     
  O X     
  O       
          
----------

White 3,2
----------
X X       
  O X     
  O X     
  O O     
          
----------

Black 2,3
----------
X X       
  O X     
  O X X   
  O O     
          
----------

White 3,3
----------
X X       
  O X     
  O X X   
  O O O   
          
----------

Black 2,4
----------
X X       
  O X     
  O X X X 
  O O O   
          
----------

White 3,0
----------
X X       
  O X     
  O X X X 
O O O O   
          
----------

Black 2,0
----------
X X       
  O X     
X O X X X 
O O O O   
          
----------

White 1,0
----------
X X       
O O X     
  O X X X 
O O O O   
          
----------

Black 0,2
----------
X X X     
O O X     
  O X X X 
O O O O   
          
----------

White 3,4
----------
X X X     
O O X     
  O X X X 
O O O O O 
          
----------

Black 4,2
----------
X X X     
O O X     
  O X X X 
O O O O O 
    X     
----------

White 2,0
----------
X X X     
O O X     
O O X X X 
O O O O O 
    X     
----------

Black 1,3
----------
X X X     
O O X X   
O O X X X 
O O O O O 
    X     
----------

White 4,0
----------
X X X     
O O X X   
O O X X X 
O O O O O 
O   X     
----------

Black 0,3
----------
X X X X   
O O X X   
O O X X X 
O O O O O 
O   X     
----------

White 4,1
----------
X X X X   
O O X X   
O O X X X 
O O O O O 
O O X     
----------

Black 1,4
----------
X X X X   
O O X X X 
O O X X X 
O O O O O 
O O X     
----------

White 0,4
----------
        O 
O O       
O O       
O O O O O 
O O X     
----------

Game end.
The winner is O
ta time: 27.4
student time: 22.08
White(You) win!
=====Round 8=====
Black:You White:TA
Thu Oct 29 03:31:24 PDT 2020
Clean up...
Start Playing...
Black 2,2
----------
          
          
    X     
          
          
----------

White 2,1
----------
          
          
  O X     
          
          
----------

Black 1,2
----------
          
    X     
  O X     
          
          
----------

White 3,2
----------
          
    X     
  O X     
    O     
          
----------

Black 1,1
----------
          
  X X     
  O X     
    O     
          
----------

White 2,3
----------
          
  X X     
  O X O   
    O     
          
----------

Black 1,3
----------
          
  X X X   
  O X O   
    O     
          
----------

White 2,4
----------
          
  X X X   
  O X O O 
    O     
          
----------

Black 1,0
----------
          
X X X X   
  O X O O 
    O     
          
----------

White 0,2
----------
    O     
X X X X   
  O X O O 
    O     
          
----------

Black 0,3
----------
    O X   
X X X X   
  O X O O 
    O     
          
----------

White 4,2
----------
    O X   
X X X X   
  O X O O 
    O     
    O     
----------

Black 0,1
----------
  X   X   
X X X X   
  O X O O 
    O     
    O     
----------

White 3,3
----------
  X   X   
X X X X   
  O X O O 
    O O   
    O     
----------

Black 2,0
----------
  X   X   
X X X X   
X O X O O 
    O O   
    O     
----------

White 3,1
----------
  X   X   
X X X X   
X O X O O 
  O O O   
    O     
----------

Black 3,0
----------
  X   X   
X X X X   
X O X O O 
X O O O   
    O     
----------

White 3,4
----------
  X   X   
X X X X   
X O X O O 
X O O O O 
    O     
----------

Black 4,0
----------
  X   X   
X X X X   
X O X O O 
X O O O O 
X   O     
----------

White 4,1
----------
  X   X   
X X X X   
X O X O O 
X O O O O 
X O O     
----------

Black 0,0
----------
X X   X   
X X X X   
X O X O O 
X O O O O 
X O O     
----------

White 4,3
----------
X X   X   
X X X X   
X O X O O 
X O O O O 
X O O O   
----------

Black 0,2
----------
X X X X   
X X X X   
X O X O O 
X O O O O 
X O O O   
----------

White 1,4
----------
X X X X   
X X X X O 
X O X O O 
X O O O O 
X O O O   
----------

Game end.
The winner is O
ta time: 31.01
student time: 25.34
Black(You) lose.
=====Round 9=====
Black:TA White:You
Thu Oct 29 03:31:35 PDT 2020
Clean up...
Start Playing...
Black 1,2
----------
          
    X     
          
          
          
----------

White 3,1
----------
          
    X     
          
  O       
          
----------

Black 2,2
----------
          
    X     
    X     
  O       
          
----------

White 2,1
----------
          
    X     
  O X     
  O       
          
----------

Black 0,0
----------
X         
    X     
  O X     
  O       
          
----------

White 1,1
----------
X         
  O X     
  O X     
  O       
          
----------

Black 0,1
----------
X X       
  O X     
  O X     
  O       
          
----------

White 3,2
----------
X X       
  O X     
  O X     
  O O     
          
----------

Black 2,3
----------
X X       
  O X     
  O X X   
  O O     
          
----------

White 3,3
----------
X X       
  O X     
  O X X   
  O O O   
          
----------

Black 1,3
----------
X X       
  O X X   
  O X X   
  O O O   
          
----------

White 3,4
----------
X X       
  O X X   
  O X X   
  O O O O 
          
----------

Black 2,0
----------
X X       
  O X X   
X O X X   
  O O O O 
          
----------

White 2,4
----------
X X       
  O X X   
X O X X O 
  O O O O 
          
----------

Black 4,2
----------
X X       
  O X X   
X O X X O 
  O O O O 
    X     
----------

White 1,4
----------
X X       
  O X X O 
X O X X O 
  O O O O 
    X     
----------

Black 0,2
----------
X X X     
  O X X O 
X O X X O 
  O O O O 
    X     
----------

White 0,4
----------
X X X   O 
  O X X O 
X O X X O 
  O O O O 
    X     
----------

Black 4,1
----------
X X X   O 
  O X X O 
X O X X O 
  O O O O 
  X X     
----------

White 3,0
----------
X X X   O 
  O X X O 
X O X X O 
O O O O O 
  X X     
----------

Black 1,0
----------
X X X   O 
X O X X O 
X O X X O 
O O O O O 
  X X     
----------

White 0,3
----------
      O O 
  O     O 
  O     O 
O O O O O 
  X X     
----------

Black 2,2
----------
      O O 
  O     O 
  O X   O 
O O O O O 
  X X     
----------

White 0,1
----------
  O   O O 
  O     O 
  O X   O 
O O O O O 
  X X     
----------

Game end.
The winner is O
ta time: 35.09
student time: 28.58
White(You) win!
=====Round 10=====
Black:You White:TA
Thu Oct 29 03:31:48 PDT 2020
Clean up...
Start Playing...
Black 2,2
----------
          
          
    X     
          
          
----------

White 2,1
----------
          
          
  O X     
          
          
----------

Black 1,2
----------
          
    X     
  O X     
          
          
----------

White 3,2
----------
          
    X     
  O X     
    O     
          
----------

Black 1,1
----------
          
  X X     
  O X     
    O     
          
----------

White 2,3
----------
          
  X X     
  O X O   
    O     
          
----------

Black 1,3
----------
          
  X X X   
  O X O   
    O     
          
----------

White 2,4
----------
          
  X X X   
  O X O O 
    O     
          
----------

Black 1,0
----------
          
X X X X   
  O X O O 
    O     
          
----------

White 4,2
----------
          
X X X X   
  O X O O 
    O     
    O     
----------

Black 0,3
----------
      X   
X X X X   
  O X O O 
    O     
    O     
----------

White 0,2
----------
    O X   
X X X X   
  O X O O 
    O     
    O     
----------

Black 0,1
----------
  X   X   
X X X X   
  O X O O 
    O     
    O     
----------

White 2,0
----------
  X   X   
X X X X   
O O X O O 
    O     
    O     
----------

Black 0,0
----------
X X   X   
X X X X   
O O X O O 
    O     
    O     
----------

White 3,3
----------
X X   X   
X X X X   
O O X O O 
    O O   
    O     
----------

Black 0,2
----------
X X X X   
X X X X   
O O X O O 
    O O   
    O     
----------

White 3,1
----------
X X X X   
X X X X   
O O X O O 
  O O O   
    O     
----------

Black 1,4
----------
X X X X   
X X X X X 
O O X O O 
  O O O   
    O     
----------

White 0,4
----------
        O 
          
O O   O O 
  O O O   
    O     
----------

Black 1,2
----------
        O 
    X     
O O   O O 
  O O O   
    O     
----------

White 2,2
----------
        O 
    X     
O O O O O 
  O O O   
    O     
----------

Black 1,1
----------
        O 
  X X     
O O O O O 
  O O O   
    O     
----------

White 0,2
----------
    O   O 
  X X     
O O O O O 
  O O O   
    O     
----------

Game end.
The winner is O
ta time: 38.78
student time: 31.62
Black(You) lose.

==Playing with championship_player==
=====Round 1=====
Black:TA White:You
Thu Oct 29 03:31:57 PDT 2020
Clean up...
Start Playing...
Black 2,2
----------
          
          
    X     
          
          
----------

White 1,3
----------
          
      O   
    X     
          
          
----------

Black 1,2
----------
          
    X O   
    X     
          
          
----------

White 0,0
----------
O         
    X O   
    X     
          
          
----------

Black 2,3
----------
O         
    X O   
    X X   
          
          
----------

White 3,1
----------
O         
    X O   
    X X   
  O       
          
----------

Black 3,2
----------
O         
    X O   
    X X   
  O X     
          
----------

White 3,4
----------
O         
    X O   
    X X   
  O X   O 
          
----------

Black 1,4
----------
O         
    X O X 
    X X   
  O X   O 
          
----------

White 2,4
----------
O         
    X O X 
    X X O 
  O X   O 
          
----------

Black 0,3
----------
O     X   
    X   X 
    X X O 
  O X   O 
          
----------

White 2,1
----------
O     X   
    X   X 
  O X X O 
  O X   O 
          
----------

Black 1,3
----------
O     X   
    X X X 
  O X X O 
  O X   O 
          
----------

White 4,1
----------
O     X   
    X X X 
  O X X O 
  O X   O 
  O       
----------

Black 3,3
----------
O     X   
    X X X 
  O X X O 
  O X X O 
  O       
----------

White 0,1
----------
O O   X   
    X X X 
  O X X O 
  O X X O 
  O       
----------

Black 4,3
----------
O O   X   
    X X X 
  O X X O 
  O X X O 
  O   X   
----------

White 1,1
----------
O O   X   
  O X X X 
  O X X O 
  O X X O 
  O   X   
----------

Black 4,4
----------
O O   X   
  O X X X 
  O X X   
  O X X   
  O   X X 
----------

White 0,2
----------
O O O X   
  O X X X 
  O X X   
  O X X   
  O   X X 
----------

Black 3,4
----------
O O O X   
  O X X X 
  O X X   
  O X X X 
  O   X X 
----------

White 1,0
----------
O O O X   
O O X X X 
  O X X   
  O X X X 
  O   X X 
----------

Black 4,2
----------
O O O X   
O O X X X 
  O X X   
  O X X X 
  O X X X 
----------

White 2,0
----------
O O O X   
O O X X X 
O O X X   
  O X X X 
  O X X X 
----------

Game end.
The winner is X
ta time: 62.9
student time: 35.04
White(You) lose.
=====Round 2=====
Black:You White:TA
Thu Oct 29 03:32:22 PDT 2020
Clean up...
Start Playing...
Black 2,2
----------
          
          
    X     
          
          
----------

White 1,2
----------
          
    O     
    X     
          
          
----------

Black 2,1
----------
          
    O     
  X X     
          
          
----------

White 1,3
----------
          
    O O   
  X X     
          
          
----------

Black 1,1
----------
          
  X O O   
  X X     
          
          
----------

White 2,3
----------
          
  X O O   
  X X O   
          
          
----------

Black 3,1
----------
          
  X O O   
  X X O   
  X       
          
----------

White 3,3
----------
          
  X O O   
  X X O   
  X   O   
          
----------

Black 0,1
----------
  X       
  X O O   
  X X O   
  X   O   
          
----------

White 0,2
----------
  X O     
  X O O   
  X X O   
  X   O   
          
----------

Black 3,2
----------
  X O     
  X O O   
  X X O   
  X X O   
          
----------

White 4,3
----------
  X O     
  X O O   
  X X O   
  X X O   
      O   
----------

Black 3,0
----------
  X O     
  X O O   
  X X O   
X X X O   
      O   
----------

White 2,4
----------
  X O     
  X O O   
  X X O O 
X X X O   
      O   
----------

Black 0,0
----------
X X O     
  X O O   
  X X O O 
X X X O   
      O   
----------

White 0,4
----------
X X O   O 
  X O O   
  X X O O 
X X X O   
      O   
----------

Black 1,0
----------
X X O   O 
X X O O   
  X X O O 
X X X O   
      O   
----------

White 1,4
----------
X X O   O 
X X O O O 
  X X O O 
X X X O   
      O   
----------

Black 2,0
----------
X X O   O 
X X O O O 
X X X O O 
X X X O   
      O   
----------

White 4,2
----------
X X O   O 
X X O O O 
X X X O O 
X X X O   
    O O   
----------

Black 4,0
----------
X X O   O 
X X O O O 
X X X O O 
X X X O   
X   O O   
----------

White 3,4
----------
X X O   O 
X X O O O 
X X X O O 
X X X O O 
X   O O   
----------

Black PASS
----------
X X O   O 
X X O O O 
X X X O O 
X X X O O 
X   O O   
----------

White 4,1
----------
    O   O 
    O O O 
      O O 
      O O 
  O O O   
----------

Game end.
The winner is O
ta time: 100.18
student time: 38.23
Black(You) lose.
=====Round 3=====
Black:TA White:You
Thu Oct 29 03:32:51 PDT 2020
Clean up...
Start Playing...
Black 2,2
----------
          
          
    X     
          
          
----------

White 1,3
----------
          
      O   
    X     
          
          
----------

Black 1,1
----------
          
  X   O   
    X     
          
          
----------

White 0,0
----------
O         
  X   O   
    X     
          
          
----------

Black 2,3
----------
O         
  X   O   
    X X   
          
          
----------

White 3,1
----------
O         
  X   O   
    X X   
  O       
          
----------

Black 3,2
----------
O         
  X   O   
    X X   
  O X     
          
----------

White 3,4
----------
O         
  X   O   
    X X   
  O X   O 
          
----------

Black 2,4
----------
O         
  X   O   
    X X X 
  O X   O 
          
----------

White 0,3
----------
O     O   
  X   O   
    X X X 
  O X   O 
          
----------

Black 0,1
----------
O X   O   
  X   O   
    X X X 
  O X   O 
          
----------

White 3,0
----------
O X   O   
  X   O   
    X X X 
O O X   O 
          
----------

Black 1,0
----------
  X   O   
X X   O   
    X X X 
O O X   O 
          
----------

White 3,3
----------
  X   O   
X X   O   
    X X X 
O O X O O 
          
----------

Black 4,2
----------
  X   O   
X X   O   
    X X X 
O O X O O 
    X     
----------

White 1,2
----------
  X   O   
X X O O   
    X X X 
O O X O O 
    X     
----------

Black 4,1
----------
  X   O   
X X O O   
    X X X 
O O X O O 
  X X     
----------

White 2,1
----------
  X   O   
X X O O   
  O X X X 
O O X O O 
  X X     
----------

Black 1,4
----------
  X   O   
X X O O X 
  O X X X 
O O X O O 
  X X     
----------

White PASS
----------
  X   O   
X X O O X 
  O X X X 
O O X O O 
  X X     
----------

Black 4,3
----------
  X   O   
X X O O X 
  O X X X 
O O X O O 
  X X X   
----------

White PASS
----------
  X   O   
X X O O X 
  O X X X 
O O X O O 
  X X X   
----------

Black 4,4
----------
  X   O   
X X O O X 
  O X X X 
O O X     
  X X X X 
----------

White PASS
----------
  X   O   
X X O O X 
  O X X X 
O O X     
  X X X X 
----------

Game end.
The winner is X
ta time: 130.94
student time: 41.66
White(You) lose.
=====Round 4=====
Black:You White:TA
Thu Oct 29 03:33:15 PDT 2020
Clean up...
Start Playing...
Black 2,2
----------
          
          
    X     
          
          
----------

White 1,2
----------
          
    O     
    X     
          
          
----------

Black 2,1
----------
          
    O     
  X X     
          
          
----------

White 1,3
----------
          
    O O   
  X X     
          
          
----------

Black 1,1
----------
          
  X O O   
  X X     
          
          
----------

White 2,3
----------
          
  X O O   
  X X O   
          
          
----------

Black 3,1
----------
          
  X O O   
  X X O   
  X       
          
----------

White 3,3
----------
          
  X O O   
  X X O   
  X   O   
          
----------

Black 0,1
----------
  X       
  X O O   
  X X O   
  X   O   
          
----------

White 0,2
----------
  X O     
  X O O   
  X X O   
  X   O   
          
----------

Black 3,2
----------
  X O     
  X O O   
  X X O   
  X X O   
          
----------

White 4,3
----------
  X O     
  X O O   
  X X O   
  X X O   
      O   
----------

Black 3,0
----------
  X O     
  X O O   
  X X O   
X X X O   
      O   
----------

White 1,4
----------
  X O     
  X O O O 
  X X O   
X X X O   
      O   
----------

Black 0,0
----------
X X O     
  X O O O 
  X X O   
X X X O   
      O   
----------

White 3,4
----------
X X O     
  X O O O 
  X X O   
X X X O O 
      O   
----------

Black 1,0
----------
X X O     
X X O O O 
  X X O   
X X X O O 
      O   
----------

White 4,2
----------
X X O     
X X O O O 
  X X O   
X X X O O 
    O O   
----------

Black 2,0
----------
X X O     
X X O O O 
X X X O   
X X X O O 
    O O   
----------

White 0,3
----------
X X O O   
X X O O O 
X X X O   
X X X O O 
    O O   
----------

Black 4,0
----------
X X O O   
X X O O O 
X X X O   
X X X O O 
X   O O   
----------

White 4,1
----------
    O O   
    O O O 
      O   
      O O 
  O O O   
----------

Black 2,1
----------
    O O   
    O O O 
  X   O   
      O O 
  O O O   
----------

White 2,2
----------
    O O   
    O O O 
  X O O   
      O O 
  O O O   
----------

Game end.
The winner is O
ta time: 163.79
student time: 44.86
Black(You) lose.
=====Round 5=====
Black:TA White:You
Thu Oct 29 03:33:43 PDT 2020
Clean up...
Start Playing...
Black 2,2
----------
          
          
    X     
          
          
----------

White 1,3
----------
          
      O   
    X     
          
          
----------

Black 1,2
----------
          
    X O   
    X     
          
          
----------

White 0,0
----------
O         
    X O   
    X     
          
          
----------

Black 2,3
----------
O         
    X O   
    X X   
          
          
----------

White 3,1
----------
O         
    X O   
    X X   
  O       
          
----------

Black 3,2
----------
O         
    X O   
    X X   
  O X     
          
----------

White 3,4
----------
O         
    X O   
    X X   
  O X   O 
          
----------

Black 2,1
----------
O         
    X O   
  X X X   
  O X   O 
          
----------

White 0,1
----------
O O       
    X O   
  X X X   
  O X   O 
          
----------

Black 0,2
----------
O O X     
    X O   
  X X X   
  O X   O 
          
----------

White 3,0
----------
O O X     
    X O   
  X X X   
O O X   O 
          
----------

Black 2,4
----------
O O X     
    X O   
  X X X X 
O O X   O 
          
----------

White 3,3
----------
O O X     
    X O   
  X X X X 
O O X O O 
          
----------

Black 2,0
----------
O O X     
    X O   
X X X X X 
O O X O O 
          
----------

White 0,3
----------
O O X O   
    X O   
X X X X X 
O O X O O 
          
----------

Black 4,1
----------
O O X O   
    X O   
X X X X X 
O O X O O 
  X       
----------

White 4,3
----------
O O X O   
    X O   
X X X X X 
O O X O O 
  X   O   
----------

Black 1,0
----------
O O X O   
X   X O   
X X X X X 
O O X O O 
  X   O   
----------

White PASS
----------
O O X O   
X   X O   
X X X X X 
O O X O O 
  X   O   
----------

Black 4,0
----------
O O X O   
X   X O   
X X X X X 
    X O O 
X X   O   
----------

White PASS
----------
O O X O   
X   X O   
X X X X X 
    X O O 
X X   O   
----------

Black 4,2
----------
O O X O   
X   X O   
X X X X X 
    X O O 
X X X O   
----------

White PASS
----------
O O X O   
X   X O   
X X X X X 
    X O O 
X X X O   
----------

Game end.
The winner is X
ta time: 194.11
student time: 48.4
White(You) lose.
=====Round 6=====
Black:You White:TA
Thu Oct 29 03:34:09 PDT 2020
Clean up...
Start Playing...
Black 2,2
----------
          
          
    X     
          
          
----------

White 1,2
----------
          
    O     
    X     
          
          
----------

Black 2,1
----------
          
    O     
  X X     
          
          
----------

White 1,3
----------
          
    O O   
  X X     
          
          
----------

Black 1,1
----------
          
  X O O   
  X X     
          
          
----------

White 2,3
----------
          
  X O O   
  X X O   
          
          
----------

Black 3,1
----------
          
  X O O   
  X X O   
  X       
          
----------

White 3,3
----------
          
  X O O   
  X X O   
  X   O   
          
----------

Black 0,1
----------
  X       
  X O O   
  X X O   
  X   O   
          
----------

White 0,2
----------
  X O     
  X O O   
  X X O   
  X   O   
          
----------

Black 3,2
----------
  X O     
  X O O   
  X X O   
  X X O   
          
----------

White 4,3
----------
  X O     
  X O O   
  X X O   
  X X O   
      O   
----------

Black 3,0
----------
  X O     
  X O O   
  X X O   
X X X O   
      O   
----------

White 2,4
----------
  X O     
  X O O   
  X X O O 
X X X O   
      O   
----------

Black 0,0
----------
X X O     
  X O O   
  X X O O 
X X X O   
      O   
----------

White 0,3
----------
X X O O   
  X O O   
  X X O O 
X X X O   
      O   
----------

Black 1,0
----------
X X O O   
X X O O   
  X X O O 
X X X O   
      O   
----------

White 3,4
----------
X X O O   
X X O O   
  X X O O 
X X X O O 
      O   
----------

Black 2,0
----------
X X O O   
X X O O   
X X X O O 
X X X O O 
      O   
----------

White 4,2
----------
X X O O   
X X O O   
X X X O O 
X X X O O 
    O O   
----------

Black 4,1
----------
X X O O   
X X O O   
X X X O O 
X X X O O 
  X O O   
----------

White 4,0
----------
    O O   
    O O   
      O O 
      O O 
O   O O   
----------

Black 2,1
----------
    O O   
    O O   
  X   O O 
      O O 
O   O O   
----------

White 1,1
----------
    O O   
  O O O   
  X   O O 
      O O 
O   O O   
----------

Game end.
The winner is O
ta time: 230.13
student time: 51.63
Black(You) lose.
=====Round 7=====
Black:TA White:You
Thu Oct 29 03:34:37 PDT 2020
Clean up...
Start Playing...
Black 2,2
----------
          
          
    X     
          
          
----------

White 1,3
----------
          
      O   
    X     
          
          
----------

Black 1,2
----------
          
    X O   
    X     
          
          
----------

White 0,0
----------
O         
    X O   
    X     
          
          
----------

Black 2,3
----------
O         
    X O   
    X X   
          
          
----------

White 3,1
----------
O         
    X O   
    X X   
  O       
          
----------

Black 3,2
----------
O         
    X O   
    X X   
  O X     
          
----------

White 3,4
----------
O         
    X O   
    X X   
  O X   O 
          
----------

Black 2,1
----------
O         
    X O   
  X X X   
  O X   O 
          
----------

White 0,1
----------
O O       
    X O   
  X X X   
  O X   O 
          
----------

Black 0,2
----------
O O X     
    X O   
  X X X   
  O X   O 
          
----------

White 3,0
----------
O O X     
    X O   
  X X X   
O O X   O 
          
----------

Black 2,4
----------
O O X     
    X O   
  X X X X 
O O X   O 
          
----------

White 3,3
----------
O O X     
    X O   
  X X X X 
O O X O O 
          
----------

Black 2,0
----------
O O X     
    X O   
X X X X X 
O O X O O 
          
----------

White 0,3
----------
O O X O   
    X O   
X X X X X 
O O X O O 
          
----------

Black 4,3
----------
O O X O   
    X O   
X X X X X 
O O X O O 
      X   
----------

White 4,1
----------
O O X O   
    X O   
X X X X X 
O O X O O 
  O   X   
----------

Black 1,0
----------
O O X O   
X   X O   
X X X X X 
O O X O O 
  O   X   
----------

White PASS
----------
O O X O   
X   X O   
X X X X X 
O O X O O 
  O   X   
----------

Black 4,4
----------
O O X O   
X   X O   
X X X X X 
O O X     
  O   X X 
----------

White PASS
----------
O O X O   
X   X O   
X X X X X 
O O X     
  O   X X 
----------

Black 1,1
----------
    X O   
X X X O   
X X X X X 
O O X     
  O   X X 
----------

White PASS
----------
    X O   
X X X O   
X X X X X 
O O X     
  O   X X 
----------

Game end.
The winner is X
ta time: 260.96
student time: 55.01
White(You) lose.
=====Round 8=====
Black:You White:TA
Thu Oct 29 03:35:03 PDT 2020
Clean up...
Start Playing...
Black 2,2
----------
          
          
    X     
          
          
----------

White 1,2
----------
          
    O     
    X     
          
          
----------

Black 2,1
----------
          
    O     
  X X     
          
          
----------

White 1,3
----------
          
    O O   
  X X     
          
          
----------

Black 1,1
----------
          
  X O O   
  X X     
          
          
----------

White 2,3
----------
          
  X O O   
  X X O   
          
          
----------

Black 3,1
----------
          
  X O O   
  X X O   
  X       
          
----------

White 3,3
----------
          
  X O O   
  X X O   
  X   O   
          
----------

Black 0,1
----------
  X       
  X O O   
  X X O   
  X   O   
          
----------

White 0,2
----------
  X O     
  X O O   
  X X O   
  X   O   
          
----------

Black 3,2
----------
  X O     
  X O O   
  X X O   
  X X O   
          
----------

White 4,3
----------
  X O     
  X O O   
  X X O   
  X X O   
      O   
----------

Black 3,0
----------
  X O     
  X O O   
  X X O   
X X X O   
      O   
----------

White 2,4
----------
  X O     
  X O O   
  X X O O 
X X X O   
      O   
----------

Black 0,0
----------
X X O     
  X O O   
  X X O O 
X X X O   
      O   
----------

White 0,4
----------
X X O   O 
  X O O   
  X X O O 
X X X O   
      O   
----------

Black 1,0
----------
X X O   O 
X X O O   
  X X O O 
X X X O   
      O   
----------

White 4,4
----------
X X O   O 
X X O O   
  X X O O 
X X X O   
      O O 
----------

Black 2,0
----------
X X O   O 
X X O O   
X X X O O 
X X X O   
      O O 
----------

White 4,2
----------
X X O   O 
X X O O   
X X X O O 
X X X O   
    O O O 
----------

Black PASS
----------
X X O   O 
X X O O   
X X X O O 
X X X O   
    O O O 
----------

White 4,1
----------
X X O   O 
X X O O   
X X X O O 
X X X O   
  O O O O 
----------

Black PASS
----------
X X O   O 
X X O O   
X X X O O 
X X X O   
  O O O O 
----------

White 0,3
----------
X X O O O 
X X O O   
X X X O O 
X X X O   
  O O O O 
----------

Game end.
The winner is O
ta time: 297.38
student time: 58.35
Black(You) lose.
=====Round 9=====
Black:TA White:You
Thu Oct 29 03:35:31 PDT 2020
Clean up...
Start Playing...
Black 2,2
----------
          
          
    X     
          
          
----------

White 1,3
----------
          
      O   
    X     
          
          
----------

Black 2,3
----------
          
      O   
    X X   
          
          
----------

White 0,0
----------
O         
      O   
    X X   
          
          
----------

Black 1,2
----------
O         
    X O   
    X X   
          
          
----------

White 3,1
----------
O         
    X O   
    X X   
  O       
          
----------

Black 2,1
----------
O         
    X O   
  X X X   
  O       
          
----------

White 3,4
----------
O         
    X O   
  X X X   
  O     O 
          
----------

Black 2,4
----------
O         
    X O   
  X X X X 
  O     O 
          
----------

White 0,1
----------
O O       
    X O   
  X X X X 
  O     O 
          
----------

Black 2,0
----------
O O       
    X O   
X X X X X 
  O     O 
          
----------

White 4,1
----------
O O       
    X O   
X X X X X 
  O     O 
  O       
----------

Black 0,3
----------
O O   X   
    X O   
X X X X X 
  O     O 
  O       
----------

White 0,2
----------
O O O X   
    X O   
X X X X X 
  O     O 
  O       
----------

Black 1,4
----------
O O O X   
    X   X 
X X X X X 
  O     O 
  O       
----------

White 3,3
----------
O O O X   
    X   X 
X X X X X 
  O   O O 
  O       
----------

Black 1,3
----------
O O O X   
    X X X 
X X X X X 
  O   O O 
  O       
----------

White 3,2
----------
O O O X   
    X X X 
X X X X X 
  O O O O 
  O       
----------

Black 1,0
----------
O O O X   
X   X X X 
X X X X X 
  O O O O 
  O       
----------

White 3,0
----------
O O O X   
X   X X X 
X X X X X 
O O O O O 
  O       
----------

Black 1,1
----------
      X   
X X X X X 
X X X X X 
O O O O O 
  O       
----------

White 0,1
----------
  O   X   
X X X X X 
X X X X X 
O O O O O 
  O       
----------

Black 4,3
----------
  O   X   
X X X X X 
X X X X X 
O O O O O 
  O   X   
----------

White 4,2
----------
  O   X   
X X X X X 
X X X X X 
O O O O O 
  O O X   
----------

Game end.
The winner is X
ta time: 324.45
student time: 61.8
White(You) lose.
=====Round 10=====
Black:You White:TA
Thu Oct 29 03:35:55 PDT 2020
Clean up...
Start Playing...
Black 2,2
----------
          
          
    X     
          
          
----------

White 2,1
----------
          
          
  O X     
          
          
----------

Black 1,2
----------
          
    X     
  O X     
          
          
----------

White 3,1
----------
          
    X     
  O X     
  O       
          
----------

Black 0,0
----------
X         
    X     
  O X     
  O       
          
----------

White 3,2
----------
X         
    X     
  O X     
  O O     
          
----------

Black 1,3
----------
X         
    X X   
  O X     
  O O     
          
----------

White 3,3
----------
X         
    X X   
  O X     
  O O O   
          
----------

Black 1,4
----------
X         
    X X X 
  O X     
  O O O   
          
----------

White 1,1
----------
X         
  O X X X 
  O X     
  O O O   
          
----------

Black 1,0
----------
X         
X O X X X 
  O X     
  O O O   
          
----------

White 0,2
----------
X   O     
X O X X X 
  O X     
  O O O   
          
----------

Black 0,3
----------
X   O X   
X O X X X 
  O X     
  O O O   
          
----------

White 0,1
----------
X O O X   
X O X X X 
  O X     
  O O O   
          
----------

Black 2,3
----------
X O O X   
X O X X X 
  O X X   
  O O O   
          
----------

White 2,0
----------
  O O X   
  O X X X 
O O X X   
  O O O   
          
----------

Black 2,4
----------
  O O X   
  O X X X 
O O X X X 
  O O O   
          
----------

White 3,4
----------
  O O X   
  O X X X 
O O X X X 
  O O O O 
          
----------

Black 4,0
----------
  O O X   
  O X X X 
O O X X X 
  O O O O 
X         
----------

White 4,1
----------
  O O X   
  O X X X 
O O X X X 
  O O O O 
X O       
----------

Black PASS
----------
  O O X   
  O X X X 
O O X X X 
  O O O O 
X O       
----------

White 0,4
----------
  O O   O 
  O       
O O       
  O O O O 
X O       
----------

Black PASS
----------
  O O   O 
  O       
O O       
  O O O O 
X O       
----------

White 0,3
----------
  O O O O 
  O       
O O       
  O O O O 
X O       
----------

Game end.
The winner is O
ta time: 357.56
student time: 65.01
Black(You) lose.
