Thu Oct 29 18:10:28 PDT 2020

==Playing with qlearning_player==
=====Round 1=====
Black:TA White:You
Thu Oct 29 18:10:28 PDT 2020
Clean up...
Start Playing...
Black 1,2
----------
          
    X     
          
          
          
----------

White 2,1
----------
          
    X     
  O       
          
          
----------

Black 2,2
----------
          
    X     
  O X     
          
          
----------

White 3,1
----------
          
    X     
  O X     
  O       
          
----------

Black 0,0
----------
X         
    X     
  O X     
  O       
          
----------

White 1,1
----------
X         
  O X     
  O X     
  O       
          
----------

Black 0,1
----------
X X       
  O X     
  O X     
  O       
          
----------

White 1,0
----------
X X       
O O X     
  O X     
  O       
          
----------

Black 3,2
----------
X X       
O O X     
  O X     
  O X     
          
----------

White 0,2
----------
    O     
O O X     
  O X     
  O X     
          
----------

Black 2,3
----------
    O     
O O X     
  O X X   
  O X     
          
----------

White 0,3
----------
    O O   
O O X     
  O X X   
  O X     
          
----------

Black 3,3
----------
    O O   
O O X     
  O X X   
  O X X   
          
----------

White 4,1
----------
    O O   
O O X     
  O X X   
  O X X   
  O       
----------

Black 1,3
----------
    O O   
O O X X   
  O X X   
  O X X   
  O       
----------

White 0,4
----------
    O O O 
O O X X   
  O X X   
  O X X   
  O       
----------

Black 2,0
----------
    O O O 
O O X X   
X O X X   
  O X X   
  O       
----------

White 3,0
----------
    O O O 
O O X X   
  O X X   
O O X X   
  O       
----------

Black 2,4
----------
    O O O 
O O X X   
  O X X X 
O O X X   
  O       
----------

White 4,2
----------
    O O O 
O O X X   
  O X X X 
O O X X   
  O O     
----------

Black 3,4
----------
    O O O 
O O X X   
  O X X X 
O O X X X 
  O O     
----------

White 4,3
----------
    O O O 
O O X X   
  O X X X 
O O X X X 
  O O O   
----------

Black 1,4
----------
    O O O 
O O X X X 
  O X X X 
O O X X X 
  O O O   
----------

White 4,4
----------
    O O O 
O O       
  O       
O O       
  O O O O 
----------

Game end.
The winner is O
ta time: 3.84
student time: 3.37
White(You) win!
=====Round 2=====
Black:You White:TA
Thu Oct 29 18:10:44 PDT 2020
Clean up...
Start Playing...
Black 2,2
----------
          
          
    X     
          
          
----------

White 2,1
----------
          
          
  O X     
          
          
----------

Black 1,2
----------
          
    X     
  O X     
          
          
----------

White 3,2
----------
          
    X     
  O X     
    O     
          
----------

Black 1,1
----------
          
  X X     
  O X     
    O     
          
----------

White 2,3
----------
          
  X X     
  O X O   
    O     
          
----------

Black 3,1
----------
          
  X X     
  O X O   
  X O     
          
----------

White 1,3
----------
          
  X X O   
  O X O   
  X O     
          
----------

Black 2,0
----------
          
  X X O   
X   X O   
  X O     
          
----------

White 2,4
----------
          
  X X O   
X   X O O 
  X O     
          
----------

Black 3,3
----------
          
  X X O   
X   X O O 
  X O X   
          
----------

White 4,2
----------
          
  X X O   
X   X O O 
  X O X   
    O     
----------

Black 4,1
----------
          
  X X O   
X   X O O 
  X O X   
  X O     
----------

White 0,2
----------
    O     
  X X O   
X   X O O 
  X O X   
  X O     
----------

Black 4,3
----------
    O     
  X X O   
X   X O O 
  X   X   
  X   X   
----------

White 3,2
----------
    O     
  X X O   
X   X O O 
  X O X   
  X   X   
----------

Black 4,2
----------
    O     
  X X O   
X   X O O 
  X   X   
  X X X   
----------

White 3,4
----------
    O     
  X X O   
X   X O O 
  X   X O 
  X X X   
----------

Black 0,1
----------
  X O     
  X X O   
X   X O O 
  X   X O 
  X X X   
----------

White 1,4
----------
  X O     
  X X O O 
X   X O O 
  X   X O 
  X X X   
----------

Black 2,1
----------
  X O     
  X X O O 
X X X O O 
  X   X O 
  X X X   
----------

White 0,3
----------
  X O O   
  X X O O 
X X X O O 
  X   X O 
  X X X   
----------

Black 4,4
----------
  X O O   
  X X O O 
X X X O O 
  X   X O 
  X X X X 
----------

White 1,0
----------
  X O O   
O X X O O 
X X X O O 
  X   X O 
  X X X X 
----------

Game end.
The winner is X
ta time: 7.48
student time: 6.77
Black(You) win!
=====Round 3=====
Black:TA White:You
Thu Oct 29 18:10:58 PDT 2020
Clean up...
Start Playing...
Black 1,2
----------
          
    X     
          
          
          
----------

White 2,1
----------
          
    X     
  O       
          
          
----------

Black 2,2
----------
          
    X     
  O X     
          
          
----------

White 3,1
----------
          
    X     
  O X     
  O       
          
----------

Black 0,0
----------
X         
    X     
  O X     
  O       
          
----------

White 1,1
----------
X         
  O X     
  O X     
  O       
          
----------

Black 0,1
----------
X X       
  O X     
  O X     
  O       
          
----------

White 1,0
----------
X X       
O O X     
  O X     
  O       
          
----------

Black 3,2
----------
X X       
O O X     
  O X     
  O X     
          
----------

White 0,2
----------
    O     
O O X     
  O X     
  O X     
          
----------

Black 2,3
----------
    O     
O O X     
  O X X   
  O X     
          
----------

White 0,3
----------
    O O   
O O X     
  O X X   
  O X     
          
----------

Black 4,2
----------
    O O   
O O X     
  O X X   
  O X     
    X     
----------

White 1,3
----------
    O O   
O O X O   
  O X X   
  O X     
    X     
----------

Black 2,4
----------
    O O   
O O X O   
  O X X X 
  O X     
    X     
----------

White 3,0
----------
    O O   
O O X O   
  O X X X 
O O X     
    X     
----------

Black 3,3
----------
    O O   
O O X O   
  O X X X 
O O X X   
    X     
----------

White 0,0
----------
O   O O   
O O X O   
  O X X X 
O O X X   
    X     
----------

Black 4,3
----------
O   O O   
O O X O   
  O X X X 
O O X X   
    X X   
----------

White 0,1
----------
O O O O   
O O X O   
  O X X X 
O O X X   
    X X   
----------

Black 3,4
----------
O O O O   
O O X O   
  O X X X 
O O X X X 
    X X   
----------

White 0,4
----------
O O O O O 
O O X O   
  O X X X 
O O X X X 
    X X   
----------

Black 1,4
----------
O O O O O 
O O X O X 
  O X X X 
O O X X X 
    X X   
----------

White 4,1
----------
O O O O O 
O O X O X 
  O X X X 
O O X X X 
  O X X   
----------

Game end.
The winner is O
ta time: 11.49
student time: 10.21
White(You) win!
=====Round 4=====
Black:You White:TA
Thu Oct 29 18:11:14 PDT 2020
Clean up...
Start Playing...
Black 2,2
----------
          
          
    X     
          
          
----------

White 2,1
----------
          
          
  O X     
          
          
----------

Black 1,2
----------
          
    X     
  O X     
          
          
----------

White 3,2
----------
          
    X     
  O X     
    O     
          
----------

Black 1,1
----------
          
  X X     
  O X     
    O     
          
----------

White 2,3
----------
          
  X X     
  O X O   
    O     
          
----------

Black 3,1
----------
          
  X X     
  O X O   
  X O     
          
----------

White 2,4
----------
          
  X X     
  O X O O 
  X O     
          
----------

Black 2,0
----------
          
  X X     
X   X O O 
  X O     
          
----------

White 4,2
----------
          
  X X     
X   X O O 
  X O     
    O     
----------

Black 1,3
----------
          
  X X X   
X   X O O 
  X O     
    O     
----------

White 0,2
----------
    O     
  X X X   
X   X O O 
  X O     
    O     
----------

Black 0,1
----------
  X O     
  X X X   
X   X O O 
  X O     
    O     
----------

White 3,3
----------
  X O     
  X X X   
X   X O O 
  X O O   
    O     
----------

Black 0,3
----------
  X   X   
  X X X   
X   X O O 
  X O O   
    O     
----------

White 1,4
----------
  X   X   
  X X X O 
X   X O O 
  X O O   
    O     
----------

Black 2,1
----------
  X   X   
  X X X O 
X X X O O 
  X O O   
    O     
----------

White 3,0
----------
  X   X   
  X X X O 
X X X O O 
O X O O   
    O     
----------

Black 4,1
----------
  X   X   
  X X X O 
X X X O O 
O X O O   
  X O     
----------

White 4,3
----------
  X   X   
  X X X O 
X X X O O 
O X O O   
  X O O   
----------

Black 4,0
----------
  X   X   
  X X X O 
X X X O O 
  X O O   
X X O O   
----------

White 1,0
----------
  X   X   
O X X X O 
X X X O O 
  X O O   
X X O O   
----------

Black 0,0
----------
X X   X   
  X X X O 
X X X O O 
  X O O   
X X O O   
----------

White 3,4
----------
X X   X   
  X X X O 
X X X O O 
  X O O O 
X X O O   
----------

Game end.
The winner is X
ta time: 14.99
student time: 13.63
Black(You) win!
=====Round 5=====
Black:TA White:You
Thu Oct 29 18:11:27 PDT 2020
Clean up...
Start Playing...
Black 1,2
----------
          
    X     
          
          
          
----------

White 2,1
----------
          
    X     
  O       
          
          
----------

Black 2,2
----------
          
    X     
  O X     
          
          
----------

White 3,1
----------
          
    X     
  O X     
  O       
          
----------

Black 0,0
----------
X         
    X     
  O X     
  O       
          
----------

White 1,1
----------
X         
  O X     
  O X     
  O       
          
----------

Black 0,1
----------
X X       
  O X     
  O X     
  O       
          
----------

White 1,0
----------
X X       
O O X     
  O X     
  O       
          
----------

Black 3,2
----------
X X       
O O X     
  O X     
  O X     
          
----------

White 0,2
----------
    O     
O O X     
  O X     
  O X     
          
----------

Black 2,3
----------
    O     
O O X     
  O X X   
  O X     
          
----------

White 0,3
----------
    O O   
O O X     
  O X X   
  O X     
          
----------

Black 2,4
----------
    O O   
O O X     
  O X X X 
  O X     
          
----------

White 4,1
----------
    O O   
O O X     
  O X X X 
  O X     
  O       
----------

Black 4,2
----------
    O O   
O O X     
  O X X X 
  O X     
  O X     
----------

White 1,3
----------
    O O   
O O X O   
  O X X X 
  O X     
  O X     
----------

Black 2,0
----------
    O O   
O O X O   
X O X X X 
  O X     
  O X     
----------

White 3,0
----------
    O O   
O O X O   
  O X X X 
O O X     
  O X     
----------

Black 3,3
----------
    O O   
O O X O   
  O X X X 
O O X X   
  O X     
----------

White 0,0
----------
O   O O   
O O X O   
  O X X X 
O O X X   
  O X     
----------

Black 1,4
----------
O   O O   
O O X O X 
  O X X X 
O O X X   
  O X     
----------

White 0,1
----------
O O O O   
O O X O X 
  O X X X 
O O X X   
  O X     
----------

Black 4,3
----------
O O O O   
O O X O X 
  O X X X 
O O X X   
  O X X   
----------

White 0,4
----------
O O O O O 
O O X O X 
  O X X X 
O O X X   
  O X X   
----------

Game end.
The winner is O
ta time: 18.7
student time: 17.23
White(You) win!
=====Round 6=====
Black:You White:TA
Thu Oct 29 18:11:42 PDT 2020
Clean up...
Start Playing...
Black 2,2
----------
          
          
    X     
          
          
----------

White 2,1
----------
          
          
  O X     
          
          
----------

Black 1,2
----------
          
    X     
  O X     
          
          
----------

White 3,2
----------
          
    X     
  O X     
    O     
          
----------

Black 1,1
----------
          
  X X     
  O X     
    O     
          
----------

White 2,3
----------
          
  X X     
  O X O   
    O     
          
----------

Black 3,1
----------
          
  X X     
  O X O   
  X O     
          
----------

White 1,3
----------
          
  X X O   
  O X O   
  X O     
          
----------

Black 2,0
----------
          
  X X O   
X   X O   
  X O     
          
----------

White 4,2
----------
          
  X X O   
X   X O   
  X O     
    O     
----------

Black 0,1
----------
  X       
  X X O   
X   X O   
  X O     
    O     
----------

White 0,2
----------
  X O     
  X X O   
X   X O   
  X O     
    O     
----------

Black 2,1
----------
  X O     
  X X O   
X X X O   
  X O     
    O     
----------

White 2,4
----------
  X O     
  X X O   
X X X O O 
  X O     
    O     
----------

Black 3,0
----------
  X O     
  X X O   
X X X O O 
X X O     
    O     
----------

White 3,3
----------
  X O     
  X X O   
X X X O O 
X X O O   
    O     
----------

Black 0,0
----------
X X O     
  X X O   
X X X O O 
X X O O   
    O     
----------

White 1,4
----------
X X O     
  X X O O 
X X X O O 
X X O O   
    O     
----------

Black 1,0
----------
X X O     
X X X O O 
X X X O O 
X X O O   
    O     
----------

White 4,1
----------
X X O     
X X X O O 
X X X O O 
X X O O   
  O O     
----------

Black 4,4
----------
X X O     
X X X O O 
X X X O O 
X X O O   
  O O   X 
----------

White 4,0
----------
    O     
      O O 
      O O 
    O O   
O O O   X 
----------

Black PASS
----------
    O     
      O O 
      O O 
    O O   
O O O   X 
----------

White 2,2
----------
    O     
      O O 
    O O O 
    O O   
O O O   X 
----------

Game end.
The winner is O
ta time: 22.36
student time: 20.42
Black(You) lose.
=====Round 7=====
Black:TA White:You
Thu Oct 29 18:11:56 PDT 2020
Clean up...
Start Playing...
Black 1,2
----------
          
    X     
          
          
          
----------

White 2,1
----------
          
    X     
  O       
          
          
----------

Black 2,2
----------
          
    X     
  O X     
          
          
----------

White 3,1
----------
          
    X     
  O X     
  O       
          
----------

Black 0,0
----------
X         
    X     
  O X     
  O       
          
----------

White 1,1
----------
X         
  O X     
  O X     
  O       
          
----------

Black 0,1
----------
X X       
  O X     
  O X     
  O       
          
----------

White 1,0
----------
X X       
O O X     
  O X     
  O       
          
----------

Black 2,3
----------
X X       
O O X     
  O X X   
  O       
          
----------

White 0,2
----------
    O     
O O X     
  O X X   
  O       
          
----------

Black 3,2
----------
    O     
O O X     
  O X X   
  O X     
          
----------

White 0,3
----------
    O O   
O O X     
  O X X   
  O X     
          
----------

Black 2,0
----------
    O O   
O O X     
X O X X   
  O X     
          
----------

White 3,0
----------
    O O   
O O X     
  O X X   
O O X     
          
----------

Black 3,3
----------
    O O   
O O X     
  O X X   
O O X X   
          
----------

White 1,3
----------
    O O   
O O X O   
  O X X   
O O X X   
          
----------

Black 4,2
----------
    O O   
O O X O   
  O X X   
O O X X   
    X     
----------

White 1,4
----------
    O O   
O O X O O 
  O X X   
O O X X   
    X     
----------

Black 2,4
----------
    O O   
O O X O O 
  O X X X 
O O X X   
    X     
----------

White 0,0
----------
O   O O   
O O X O O 
  O X X X 
O O X X   
    X     
----------

Black 4,1
----------
O   O O   
O O X O O 
  O X X X 
O O X X   
  X X     
----------

White 0,1
----------
O O O O   
O O X O O 
  O X X X 
O O X X   
  X X     
----------

Black 4,3
----------
O O O O   
O O X O O 
  O X X X 
O O X X   
  X X X   
----------

White 0,4
----------
O O O O O 
O O X O O 
  O X X X 
O O X X   
  X X X   
----------

Game end.
The winner is O
ta time: 26.19
student time: 23.76
White(You) win!
=====Round 8=====
Black:You White:TA
Thu Oct 29 18:12:09 PDT 2020
Clean up...
Start Playing...
Black 2,2
----------
          
          
    X     
          
          
----------

White 2,1
----------
          
          
  O X     
          
          
----------

Black 1,2
----------
          
    X     
  O X     
          
          
----------

White 3,2
----------
          
    X     
  O X     
    O     
          
----------

Black 1,1
----------
          
  X X     
  O X     
    O     
          
----------

White 2,3
----------
          
  X X     
  O X O   
    O     
          
----------

Black 3,1
----------
          
  X X     
  O X O   
  X O     
          
----------

White 0,2
----------
    O     
  X X     
  O X O   
  X O     
          
----------

Black 2,0
----------
    O     
  X X     
X   X O   
  X O     
          
----------

White 4,2
----------
    O     
  X X     
X   X O   
  X O     
    O     
----------

Black 0,1
----------
  X O     
  X X     
X   X O   
  X O     
    O     
----------

White 1,3
----------
  X O     
  X X O   
X   X O   
  X O     
    O     
----------

Black 2,1
----------
  X O     
  X X O   
X X X O   
  X O     
    O     
----------

White 2,4
----------
  X O     
  X X O   
X X X O O 
  X O     
    O     
----------

Black 3,0
----------
  X O     
  X X O   
X X X O O 
X X O     
    O     
----------

White 3,3
----------
  X O     
  X X O   
X X X O O 
X X O O   
    O     
----------

Black 0,0
----------
X X O     
  X X O   
X X X O O 
X X O O   
    O     
----------

White 4,3
----------
X X O     
  X X O   
X X X O O 
X X O O   
    O O   
----------

Black 1,0
----------
X X O     
X X X O   
X X X O O 
X X O O   
    O O   
----------

White 3,4
----------
X X O     
X X X O   
X X X O O 
X X O O O 
    O O   
----------

Black 0,4
----------
X X O   X 
X X X O   
X X X O O 
X X O O O 
    O O   
----------

White 0,3
----------
X X O O X 
X X X O   
X X X O O 
X X O O O 
    O O   
----------

Black PASS
----------
X X O O X 
X X X O   
X X X O O 
X X O O O 
    O O   
----------

White 1,4
----------
X X O O   
X X X O O 
X X X O O 
X X O O O 
    O O   
----------

Game end.
The winner is O
ta time: 29.77
student time: 26.98
Black(You) lose.
=====Round 9=====
Black:TA White:You
Thu Oct 29 18:12:21 PDT 2020
Clean up...
Start Playing...
Black 1,2
----------
          
    X     
          
          
          
----------

White 2,1
----------
          
    X     
  O       
          
          
----------

Black 2,2
----------
          
    X     
  O X     
          
          
----------

White 3,1
----------
          
    X     
  O X     
  O       
          
----------

Black 0,0
----------
X         
    X     
  O X     
  O       
          
----------

White 1,1
----------
X         
  O X     
  O X     
  O       
          
----------

Black 0,1
----------
X X       
  O X     
  O X     
  O       
          
----------

White 1,0
----------
X X       
O O X     
  O X     
  O       
          
----------

Black 2,3
----------
X X       
O O X     
  O X X   
  O       
          
----------

White 0,2
----------
    O     
O O X     
  O X X   
  O       
          
----------

Black 3,2
----------
    O     
O O X     
  O X X   
  O X     
          
----------

White 0,3
----------
    O O   
O O X     
  O X X   
  O X     
          
----------

Black 3,3
----------
    O O   
O O X     
  O X X   
  O X X   
          
----------

White 4,1
----------
    O O   
O O X     
  O X X   
  O X X   
  O       
----------

Black 2,4
----------
    O O   
O O X     
  O X X X 
  O X X   
  O       
----------

White 1,3
----------
    O O   
O O X O   
  O X X X 
  O X X   
  O       
----------

Black 4,2
----------
    O O   
O O X O   
  O X X X 
  O X X   
  O X     
----------

White 0,0
----------
O   O O   
O O X O   
  O X X X 
  O X X   
  O X     
----------

Black 2,0
----------
O   O O   
O O X O   
X O X X X 
  O X X   
  O X     
----------

White 3,0
----------
O   O O   
O O X O   
  O X X X 
O O X X   
  O X     
----------

Black 4,3
----------
O   O O   
O O X O   
  O X X X 
O O X X   
  O X X   
----------

White 0,1
----------
O O O O   
O O X O   
  O X X X 
O O X X   
  O X X   
----------

Black 3,4
----------
O O O O   
O O X O   
  O X X X 
O O X X X 
  O X X   
----------

White 1,4
----------
O O O O   
O O X O O 
  O X X X 
O O X X X 
  O X X   
----------

Game end.
The winner is O
ta time: 33.6
student time: 30.46
White(You) win!
=====Round 10=====
Black:You White:TA
Thu Oct 29 18:12:35 PDT 2020
Clean up...
Start Playing...
Black 2,2
----------
          
          
    X     
          
          
----------

White 2,1
----------
          
          
  O X     
          
          
----------

Black 1,2
----------
          
    X     
  O X     
          
          
----------

White 3,2
----------
          
    X     
  O X     
    O     
          
----------

Black 1,1
----------
          
  X X     
  O X     
    O     
          
----------

White 2,3
----------
          
  X X     
  O X O   
    O     
          
----------

Black 3,1
----------
          
  X X     
  O X O   
  X O     
          
----------

White 3,3
----------
          
  X X     
  O X O   
  X O O   
          
----------

Black 2,0
----------
          
  X X     
X   X O   
  X O O   
          
----------

White 1,3
----------
          
  X X O   
X   X O   
  X O O   
          
----------

Black 4,1
----------
          
  X X O   
X   X O   
  X O O   
  X       
----------

White 4,2
----------
          
  X X O   
X   X O   
  X O O   
  X O     
----------

Black 0,1
----------
  X       
  X X O   
X   X O   
  X O O   
  X O     
----------

White 0,2
----------
  X O     
  X X O   
X   X O   
  X O O   
  X O     
----------

Black 2,1
----------
  X O     
  X X O   
X X X O   
  X O O   
  X O     
----------

White 2,4
----------
  X O     
  X X O   
X X X O O 
  X O O   
  X O     
----------

Black 0,0
----------
X X O     
  X X O   
X X X O O 
  X O O   
  X O     
----------

White 3,4
----------
X X O     
  X X O   
X X X O O 
  X O O O 
  X O     
----------

Black 1,0
----------
X X O     
X X X O   
X X X O O 
  X O O O 
  X O     
----------

White 0,3
----------
X X O O   
X X X O   
X X X O O 
  X O O O 
  X O     
----------

Black PASS
----------
X X O O   
X X X O   
X X X O O 
  X O O O 
  X O     
----------

White 4,3
----------
X X O O   
X X X O   
X X X O O 
  X O O O 
  X O O   
----------

Black PASS
----------
X X O O   
X X X O   
X X X O O 
  X O O O 
  X O O   
----------

White 1,4
----------
X X O O   
X X X O O 
X X X O O 
  X O O O 
  X O O   
----------

Game end.
The winner is O
ta time: 37.14
student time: 33.82
Black(You) lose.

==Playing with championship_player==
=====Round 1=====
Black:TA White:You
Thu Oct 29 18:12:48 PDT 2020
Clean up...
Start Playing...
Black 2,2
----------
          
          
    X     
          
          
----------

White 1,1
----------
          
  O       
    X     
          
          
----------

Black 2,1
----------
          
  O       
  X X     
          
          
----------

White 1,2
----------
          
  O O     
  X X     
          
          
----------

Black 1,3
----------
          
  O O X   
  X X     
          
          
----------

White 1,0
----------
          
O O O X   
  X X     
          
          
----------

Black 0,3
----------
      X   
O O O X   
  X X     
          
          
----------

White 2,0
----------
      X   
O O O X   
O X X     
          
          
----------

Black 3,1
----------
      X   
O O O X   
O X X     
  X       
          
----------

White 3,0
----------
      X   
O O O X   
O X X     
O X       
          
----------

Black 4,1
----------
      X   
O O O X   
O X X     
O X       
  X       
----------

White 3,3
----------
      X   
O O O X   
O X X     
O X   O   
  X       
----------

Black 0,2
----------
    X X   
O O O X   
O X X     
O X   O   
  X       
----------

White 3,4
----------
    X X   
O O O X   
O X X     
O X   O O 
  X       
----------

Black 0,1
----------
  X X X   
O O O X   
O X X     
O X   O O 
  X       
----------

White 3,2
----------
  X X X   
O O O X   
O X X     
O X O O O 
  X       
----------

Black 4,0
----------
  X X X   
O O O X   
O X X     
O X O O O 
X X       
----------

White 2,3
----------
  X X X   
O O O X   
O X X O   
O X O O O 
X X       
----------

Black 0,0
----------
X X X X   
      X   
  X X O   
  X O O O 
X X       
----------

White 2,4
----------
X X X X   
      X   
  X X O O 
  X O O O 
X X       
----------

Black 1,4
----------
X X X X   
      X X 
  X X O O 
  X O O O 
X X       
----------

White 4,2
----------
X X X X   
      X X 
  X X O O 
  X O O O 
X X O     
----------

Black 2,0
----------
X X X X   
      X X 
X X X O O 
  X O O O 
X X O     
----------

White PASS
----------
X X X X   
      X X 
X X X O O 
  X O O O 
X X O     
----------

Game end.
The winner is X
ta time: 73.43
student time: 36.89
White(You) lose.
=====Round 2=====
Black:You White:TA
Thu Oct 29 18:13:19 PDT 2020
Clean up...
Start Playing...
Black 2,2
----------
          
          
    X     
          
          
----------

White 2,1
----------
          
          
  O X     
          
          
----------

Black 1,2
----------
          
    X     
  O X     
          
          
----------

White 3,1
----------
          
    X     
  O X     
  O       
          
----------

Black 1,1
----------
          
  X X     
  O X     
  O       
          
----------

White 3,2
----------
          
  X X     
  O X     
  O O     
          
----------

Black 1,3
----------
          
  X X X   
  O X     
  O O     
          
----------

White 3,3
----------
          
  X X X   
  O X     
  O O O   
          
----------

Black 2,3
----------
          
  X X X   
  O X X   
  O O O   
          
----------

White 1,0
----------
          
O X X X   
  O X X   
  O O O   
          
----------

Black 0,1
----------
  X       
O X X X   
  O X X   
  O O O   
          
----------

White 3,4
----------
  X       
O X X X   
  O X X   
  O O O O 
          
----------

Black 0,0
----------
X X       
O X X X   
  O X X   
  O O O O 
          
----------

White 2,0
----------
X X       
O X X X   
O O X X   
  O O O O 
          
----------

Black 0,3
----------
X X   X   
O X X X   
O O X X   
  O O O O 
          
----------

White 2,4
----------
X X   X   
O X X X   
O O X X O 
  O O O O 
          
----------

Black 0,2
----------
X X X X   
O X X X   
O O X X O 
  O O O O 
          
----------

White 4,1
----------
X X X X   
O X X X   
O O X X O 
  O O O O 
  O       
----------

Black 4,3
----------
X X X X   
O X X X   
O O X X O 
  O O O O 
  O   X   
----------

White 4,4
----------
X X X X   
O X X X   
O O X X O 
  O O O O 
  O   X O 
----------

Black PASS
----------
X X X X   
O X X X   
O O X X O 
  O O O O 
  O   X O 
----------

White 4,2
----------
X X X X   
O X X X   
O O X X O 
  O O O O 
  O O   O 
----------

Black PASS
----------
X X X X   
O X X X   
O O X X O 
  O O O O 
  O O   O 
----------

White 0,4
----------
X X X X O 
O X X X   
O O X X O 
  O O O O 
  O O   O 
----------

Game end.
The winner is O
ta time: 104.9
student time: 40.21
Black(You) lose.
=====Round 3=====
Black:TA White:You
Thu Oct 29 18:13:49 PDT 2020
Clean up...
Start Playing...
Black 2,2
----------
          
          
    X     
          
          
----------

White 1,1
----------
          
  O       
    X     
          
          
----------

Black 1,2
----------
          
  O X     
    X     
          
          
----------

White 2,1
----------
          
  O X     
  O X     
          
          
----------

Black 3,1
----------
          
  O X     
  O X     
  X       
          
----------

White 0,1
----------
  O       
  O X     
  O X     
  X       
          
----------

Black 3,0
----------
  O       
  O X     
  O X     
X X       
          
----------

White 0,2
----------
  O O     
  O X     
  O X     
X X       
          
----------

Black 1,3
----------
  O O     
  O X X   
  O X     
X X       
          
----------

White 0,3
----------
  O O O   
  O X X   
  O X     
X X       
          
----------

Black 1,4
----------
  O O O   
  O X X X 
  O X     
X X       
          
----------

White 3,3
----------
  O O O   
  O X X X 
  O X     
X X   O   
          
----------

Black 2,0
----------
  O O O   
  O X X X 
X O X     
X X   O   
          
----------

White 3,4
----------
  O O O   
  O X X X 
X O X     
X X   O O 
          
----------

Black 0,4
----------
  O O O X 
  O X X X 
X O X     
X X   O O 
          
----------

White 3,2
----------
  O O O X 
  O X X X 
X O X     
X X O O O 
          
----------

Black 1,0
----------
  O O O X 
X O X X X 
X O X     
X X O O O 
          
----------

White 2,3
----------
  O O O X 
X O X X X 
X O X O   
X X O O O 
          
----------

Black 0,0
----------
X       X 
X   X X X 
X   X O   
X X O O O 
          
----------

White 4,2
----------
X       X 
X   X X X 
X   X O   
X X O O O 
    O     
----------

Black 2,4
----------
X       X 
X   X X X 
X   X O X 
X X O O O 
    O     
----------

White 4,1
----------
X       X 
X   X X X 
X   X O X 
X X O O O 
  O O     
----------

Black 0,3
----------
X     X X 
X   X X X 
X   X O X 
X X O O O 
  O O     
----------

White 4,0
----------
X     X X 
X   X X X 
X   X O X 
X X O O O 
O O O     
----------

Game end.
The winner is X
ta time: 139.59
student time: 43.46
White(You) lose.
=====Round 4=====
Black:You White:TA
Thu Oct 29 18:14:19 PDT 2020
Clean up...
Start Playing...
Black 2,2
----------
          
          
    X     
          
          
----------

White 2,1
----------
          
          
  O X     
          
          
----------

Black 1,2
----------
          
    X     
  O X     
          
          
----------

White 3,1
----------
          
    X     
  O X     
  O       
          
----------

Black 1,1
----------
          
  X X     
  O X     
  O       
          
----------

White 3,2
----------
          
  X X     
  O X     
  O O     
          
----------

Black 1,3
----------
          
  X X X   
  O X     
  O O     
          
----------

White 3,3
----------
          
  X X X   
  O X     
  O O O   
          
----------

Black 2,3
----------
          
  X X X   
  O X X   
  O O O   
          
----------

White 1,0
----------
          
O X X X   
  O X X   
  O O O   
          
----------

Black 0,1
----------
  X       
O X X X   
  O X X   
  O O O   
          
----------

White 3,4
----------
  X       
O X X X   
  O X X   
  O O O O 
          
----------

Black 0,0
----------
X X       
O X X X   
  O X X   
  O O O O 
          
----------

White 2,0
----------
X X       
O X X X   
O O X X   
  O O O O 
          
----------

Black 0,3
----------
X X   X   
O X X X   
O O X X   
  O O O O 
          
----------

White 2,4
----------
X X   X   
O X X X   
O O X X O 
  O O O O 
          
----------

Black 0,2
----------
X X X X   
O X X X   
O O X X O 
  O O O O 
          
----------

White 4,0
----------
X X X X   
O X X X   
O O X X O 
  O O O O 
O         
----------

Black 4,2
----------
X X X X   
O X X X   
O O X X O 
  O O O O 
O   X     
----------

White 1,4
----------
X X X X   
O X X X O 
O O X X O 
  O O O O 
O   X     
----------

Black 4,3
----------
X X X X   
O X X X O 
O O X X O 
  O O O O 
O   X X   
----------

White 0,4
----------
        O 
O       O 
O O     O 
  O O O O 
O   X X   
----------

Black PASS
----------
        O 
O       O 
O O     O 
  O O O O 
O   X X   
----------

White 1,1
----------
        O 
O O     O 
O O     O 
  O O O O 
O   X X   
----------

Game end.
The winner is O
ta time: 173.08
student time: 46.78
Black(You) lose.
=====Round 5=====
Black:TA White:You
Thu Oct 29 18:14:49 PDT 2020
Clean up...
Start Playing...
Black 2,2
----------
          
          
    X     
          
          
----------

White 1,1
----------
          
  O       
    X     
          
          
----------

Black 2,1
----------
          
  O       
  X X     
          
          
----------

White 1,2
----------
          
  O O     
  X X     
          
          
----------

Black 1,3
----------
          
  O O X   
  X X     
          
          
----------

White 1,0
----------
          
O O O X   
  X X     
          
          
----------

Black 0,3
----------
      X   
O O O X   
  X X     
          
          
----------

White 2,0
----------
      X   
O O O X   
O X X     
          
          
----------

Black 3,1
----------
      X   
O O O X   
O X X     
  X       
          
----------

White 3,0
----------
      X   
O O O X   
O X X     
O X       
          
----------

Black 4,1
----------
      X   
O O O X   
O X X     
O X       
  X       
----------

White 3,3
----------
      X   
O O O X   
O X X     
O X   O   
  X       
----------

Black 0,2
----------
    X X   
O O O X   
O X X     
O X   O   
  X       
----------

White 3,4
----------
    X X   
O O O X   
O X X     
O X   O O 
  X       
----------

Black 0,1
----------
  X X X   
O O O X   
O X X     
O X   O O 
  X       
----------

White 3,2
----------
  X X X   
O O O X   
O X X     
O X O O O 
  X       
----------

Black 4,0
----------
  X X X   
O O O X   
O X X     
O X O O O 
X X       
----------

White 2,3
----------
  X X X   
O O O X   
O X X O   
O X O O O 
X X       
----------

Black 0,0
----------
X X X X   
      X   
  X X O   
  X O O O 
X X       
----------

White 2,4
----------
X X X X   
      X   
  X X O O 
  X O O O 
X X       
----------

Black 1,2
----------
X X X X   
    X X   
  X X O O 
  X O O O 
X X       
----------

White 1,4
----------
X X X X   
    X X O 
  X X O O 
  X O O O 
X X       
----------

Black 1,0
----------
X X X X   
X   X X O 
  X X O O 
  X O O O 
X X       
----------

White 0,4
----------
X X X X O 
X   X X O 
  X X O O 
  X O O O 
X X       
----------

Game end.
The winner is X
ta time: 209.32
student time: 50.17
White(You) lose.
=====Round 6=====
Black:You White:TA
Thu Oct 29 18:15:20 PDT 2020
Clean up...
Start Playing...
Black 2,2
----------
          
          
    X     
          
          
----------

White 2,1
----------
          
          
  O X     
          
          
----------

Black 1,2
----------
          
    X     
  O X     
          
          
----------

White 3,1
----------
          
    X     
  O X     
  O       
          
----------

Black 1,1
----------
          
  X X     
  O X     
  O       
          
----------

White 3,2
----------
          
  X X     
  O X     
  O O     
          
----------

Black 1,3
----------
          
  X X X   
  O X     
  O O     
          
----------

White 3,3
----------
          
  X X X   
  O X     
  O O O   
          
----------

Black 2,3
----------
          
  X X X   
  O X X   
  O O O   
          
----------

White 2,4
----------
          
  X X X   
  O X X O 
  O O O   
          
----------

Black 1,4
----------
          
  X X X X 
  O X X O 
  O O O   
          
----------

White 3,4
----------
          
  X X X X 
  O X X O 
  O O O O 
          
----------

Black 1,0
----------
          
X X X X X 
  O X X O 
  O O O O 
          
----------

White 2,0
----------
          
X X X X X 
O O X X O 
  O O O O 
          
----------

Black 0,0
----------
X         
X X X X X 
O O X X O 
  O O O O 
          
----------

White 0,3
----------
X     O   
X X X X X 
O O X X O 
  O O O O 
          
----------

Black 0,2
----------
X   X O   
X X X X X 
O O X X O 
  O O O O 
          
----------

White 4,1
----------
X   X O   
X X X X X 
O O X X O 
  O O O O 
  O       
----------

Black 4,3
----------
X   X O   
X X X X X 
O O X X O 
  O O O O 
  O   X   
----------

White 3,0
----------
X   X O   
X X X X X 
O O X X O 
O O O O O 
  O   X   
----------

Black 0,4
----------
X   X   X 
X X X X X 
O O X X O 
O O O O O 
  O   X   
----------

White 4,4
----------
X   X   X 
X X X X X 
O O X X O 
O O O O O 
  O   X O 
----------

Black PASS
----------
X   X   X 
X X X X X 
O O X X O 
O O O O O 
  O   X O 
----------

White 4,2
----------
X   X   X 
X X X X X 
O O X X O 
O O O O O 
  O O   O 
----------

Game end.
The winner is O
ta time: 240.77
student time: 53.66
Black(You) lose.
=====Round 7=====
Black:TA White:You
Thu Oct 29 18:15:49 PDT 2020
Clean up...
Start Playing...
Black 2,2
----------
          
          
    X     
          
          
----------

White 1,1
----------
          
  O       
    X     
          
          
----------

Black 2,1
----------
          
  O       
  X X     
          
          
----------

White 1,2
----------
          
  O O     
  X X     
          
          
----------

Black 1,3
----------
          
  O O X   
  X X     
          
          
----------

White 1,0
----------
          
O O O X   
  X X     
          
          
----------

Black 0,3
----------
      X   
O O O X   
  X X     
          
          
----------

White 2,0
----------
      X   
O O O X   
O X X     
          
          
----------

Black 3,1
----------
      X   
O O O X   
O X X     
  X       
          
----------

White 3,0
----------
      X   
O O O X   
O X X     
O X       
          
----------

Black 4,1
----------
      X   
O O O X   
O X X     
O X       
  X       
----------

White 3,3
----------
      X   
O O O X   
O X X     
O X   O   
  X       
----------

Black 0,2
----------
    X X   
O O O X   
O X X     
O X   O   
  X       
----------

White 3,4
----------
    X X   
O O O X   
O X X     
O X   O O 
  X       
----------

Black 0,1
----------
  X X X   
O O O X   
O X X     
O X   O O 
  X       
----------

White 3,2
----------
  X X X   
O O O X   
O X X     
O X O O O 
  X       
----------

Black 4,0
----------
  X X X   
O O O X   
O X X     
O X O O O 
X X       
----------

White 2,3
----------
  X X X   
O O O X   
O X X O   
O X O O O 
X X       
----------

Black 0,0
----------
X X X X   
      X   
  X X O   
  X O O O 
X X       
----------

White 2,4
----------
X X X X   
      X   
  X X O O 
  X O O O 
X X       
----------

Black 1,2
----------
X X X X   
    X X   
  X X O O 
  X O O O 
X X       
----------

White 1,4
----------
X X X X   
    X X O 
  X X O O 
  X O O O 
X X       
----------

Black 0,4
----------
X X X X X 
    X X O 
  X X O O 
  X O O O 
X X       
----------

White 4,2
----------
X X X X X 
    X X O 
  X X O O 
  X O O O 
X X O     
----------

Game end.
The winner is X
ta time: 275.04
student time: 56.95
White(You) lose.
=====Round 8=====
Black:You White:TA
Thu Oct 29 18:16:19 PDT 2020
Clean up...
Start Playing...
Black 2,2
----------
          
          
    X     
          
          
----------

White 1,3
----------
          
      O   
    X     
          
          
----------

Black 2,1
----------
          
      O   
  X X     
          
          
----------

White 1,2
----------
          
    O O   
  X X     
          
          
----------

Black 1,1
----------
          
  X O O   
  X X     
          
          
----------

White 2,3
----------
          
  X O O   
  X X O   
          
          
----------

Black 3,1
----------
          
  X O O   
  X X O   
  X       
          
----------

White 3,3
----------
          
  X O O   
  X X O   
  X   O   
          
----------

Black 3,2
----------
          
  X O O   
  X X O   
  X X O   
          
----------

White 4,2
----------
          
  X O O   
  X X O   
  X X O   
    O     
----------

Black 4,1
----------
          
  X O O   
  X X O   
  X X O   
  X O     
----------

White 4,3
----------
          
  X O O   
  X X O   
  X X O   
  X O O   
----------

Black 0,1
----------
  X       
  X O O   
  X X O   
  X X O   
  X O O   
----------

White 0,2
----------
  X O     
  X O O   
  X X O   
  X X O   
  X O O   
----------

Black 0,0
----------
X X O     
  X O O   
  X X O   
  X X O   
  X O O   
----------

White 3,0
----------
X X O     
  X O O   
  X X O   
O X X O   
  X O O   
----------

Black 2,0
----------
X X O     
  X O O   
X X X O   
O X X O   
  X O O   
----------

White 1,4
----------
X X O     
  X O O O 
X X X O   
O X X O   
  X O O   
----------

Black 3,4
----------
X X O     
  X O O O 
X X X O   
O X X O X 
  X O O   
----------

White 0,4
----------
X X O   O 
  X O O O 
X X X O   
O X X O X 
  X O O   
----------

Black 4,0
----------
X X O   O 
  X O O O 
X X X O   
  X X O X 
X X O O   
----------

White 2,4
----------
X X O   O 
  X O O O 
X X X O O 
  X X O X 
X X O O   
----------

Black PASS
----------
X X O   O 
  X O O O 
X X X O O 
  X X O X 
X X O O   
----------

White 4,4
----------
X X O   O 
  X O O O 
X X X O O 
  X X O   
X X O O O 
----------

Game end.
The winner is O
ta time: 304.79
student time: 60.44
Black(You) lose.
=====Round 9=====
Black:TA White:You
Thu Oct 29 18:16:49 PDT 2020
Clean up...
Start Playing...
Black 2,2
----------
          
          
    X     
          
          
----------

White 1,1
----------
          
  O       
    X     
          
          
----------

Black 2,1
----------
          
  O       
  X X     
          
          
----------

White 1,2
----------
          
  O O     
  X X     
          
          
----------

Black 1,3
----------
          
  O O X   
  X X     
          
          
----------

White 1,0
----------
          
O O O X   
  X X     
          
          
----------

Black 0,3
----------
      X   
O O O X   
  X X     
          
          
----------

White 2,0
----------
      X   
O O O X   
O X X     
          
          
----------

Black 3,1
----------
      X   
O O O X   
O X X     
  X       
          
----------

White 3,0
----------
      X   
O O O X   
O X X     
O X       
          
----------

Black 4,1
----------
      X   
O O O X   
O X X     
O X       
  X       
----------

White 3,3
----------
      X   
O O O X   
O X X     
O X   O   
  X       
----------

Black 0,2
----------
    X X   
O O O X   
O X X     
O X   O   
  X       
----------

White 3,4
----------
    X X   
O O O X   
O X X     
O X   O O 
  X       
----------

Black 0,1
----------
  X X X   
O O O X   
O X X     
O X   O O 
  X       
----------

White 3,2
----------
  X X X   
O O O X   
O X X     
O X O O O 
  X       
----------

Black 4,0
----------
  X X X   
O O O X   
O X X     
O X O O O 
X X       
----------

White 2,3
----------
  X X X   
O O O X   
O X X O   
O X O O O 
X X       
----------

Black 0,0
----------
X X X X   
      X   
  X X O   
  X O O O 
X X       
----------

White 2,4
----------
X X X X   
      X   
  X X O O 
  X O O O 
X X       
----------

Black 1,2
----------
X X X X   
    X X   
  X X O O 
  X O O O 
X X       
----------

White 1,4
----------
X X X X   
    X X O 
  X X O O 
  X O O O 
X X       
----------

Black 1,0
----------
X X X X   
X   X X O 
  X X O O 
  X O O O 
X X       
----------

White 0,4
----------
X X X X O 
X   X X O 
  X X O O 
  X O O O 
X X       
----------

Game end.
The winner is X
ta time: 340.11
student time: 64.05
White(You) lose.
=====Round 10=====
Black:You White:TA
Thu Oct 29 18:17:26 PDT 2020
Clean up...
Start Playing...
Black 2,2
----------
          
          
    X     
          
          
----------

White 1,1
----------
          
  O       
    X     
          
          
----------

Black 2,3
----------
          
  O       
    X X   
          
          
----------

White 1,2
----------
          
  O O     
    X X   
          
          
----------

Black 1,3
----------
          
  O O X   
    X X   
          
          
----------

White 2,1
----------
          
  O O X   
  O X X   
          
          
----------

Black 3,2
----------
          
  O O X   
  O X X   
    X     
          
----------

White 3,1
----------
          
  O O X   
  O X X   
  O X     
          
----------

Black 3,3
----------
          
  O O X   
  O X X   
  O X X   
          
----------

White 0,3
----------
      O   
  O O X   
  O X X   
  O X X   
          
----------

Black 1,4
----------
      O   
  O O X X 
  O X X   
  O X X   
          
----------

White 4,1
----------
      O   
  O O X X 
  O X X   
  O X X   
  O       
----------

Black 0,4
----------
      O X 
  O O X X 
  O X X   
  O X X   
  O       
----------

White 0,2
----------
    O O X 
  O O X X 
  O X X   
  O X X   
  O       
----------

Black 3,4
----------
    O O X 
  O O X X 
  O X X   
  O X X X 
  O       
----------

White 4,2
----------
    O O X 
  O O X X 
  O X X   
  O X X X 
  O O     
----------

Black 2,4
----------
    O O X 
  O O X X 
  O X X X 
  O X X X 
  O O     
----------

White 2,0
----------
    O O X 
  O O X X 
O O X X X 
  O X X X 
  O O     
----------

Black 0,0
----------
X   O O X 
  O O X X 
O O X X X 
  O X X X 
  O O     
----------

White 0,1
----------
X O O O X 
  O O X X 
O O X X X 
  O X X X 
  O O     
----------

Black PASS
----------
X O O O X 
  O O X X 
O O X X X 
  O X X X 
  O O     
----------

White 4,0
----------
X O O O X 
  O O X X 
O O X X X 
  O X X X 
O O O     
----------

Black PASS
----------
X O O O X 
  O O X X 
O O X X X 
  O X X X 
O O O     
----------

White 4,3
----------
X O O O X 
  O O X X 
O O X X X 
  O X X X 
O O O O   
----------

Game end.
The winner is O
ta time: 372.49
student time: 67.66
Black(You) lose.
