Wed Oct 28 15:36:28 PDT 2020

==Playing with qlearning_player==
=====Round 1=====
Black:TA White:You
Wed Oct 28 15:36:28 PDT 2020
Clean up...
Start Playing...
Black 1,2
----------
          
    X     
          
          
          
----------

White ERROR: Run out of time or Your program interrupted
output.txt not found or invalid format
ta time: 0.32
student time: 0.02
White(You) lose.
=====Round 2=====
Black:You White:TA
Wed Oct 28 15:36:28 PDT 2020
Clean up...
Start Playing...
Black ERROR: Run out of time or Your program interrupted
output.txt not found or invalid format
ta time: 0.32
student time: 0.05
Black(You) lose.
=====Round 3=====
Black:TA White:You
Wed Oct 28 15:36:29 PDT 2020
Clean up...
Start Playing...
Black 1,2
----------
          
    X     
          
          
          
----------

White ERROR: Run out of time or Your program interrupted
output.txt not found or invalid format
ta time: 0.68
student time: 0.07
White(You) lose.
=====Round 4=====
Black:You White:TA
Wed Oct 28 15:36:29 PDT 2020
Clean up...
Start Playing...
Black ERROR: Run out of time or Your program interrupted
output.txt not found or invalid format
ta time: 0.68
student time: 0.09
Black(You) lose.
=====Round 5=====
Black:TA White:You
Wed Oct 28 15:36:30 PDT 2020
Clean up...
Start Playing...
Black 1,2
----------
          
    X     
          
          
          
----------

White ERROR: Run out of time or Your program interrupted
output.txt not found or invalid format
ta time: 0.98
student time: 0.11
White(You) lose.
=====Round 6=====
Black:You White:TA
Wed Oct 28 15:36:30 PDT 2020
Clean up...
Start Playing...
Black ERROR: Run out of time or Your program interrupted
output.txt not found or invalid format
ta time: 0.98
student time: 0.14
Black(You) lose.
=====Round 7=====
Black:TA White:You
Wed Oct 28 15:36:31 PDT 2020
Clean up...
Start Playing...
Black 1,2
----------
          
    X     
          
          
          
----------

White ERROR: Run out of time or Your program interrupted
output.txt not found or invalid format
ta time: 1.3
student time: 0.16
White(You) lose.
=====Round 8=====
Black:You White:TA
Wed Oct 28 15:36:31 PDT 2020
Clean up...
Start Playing...
Black ERROR: Run out of time or Your program interrupted
output.txt not found or invalid format
ta time: 1.3
student time: 0.18
Black(You) lose.
=====Round 9=====
Black:TA White:You
Wed Oct 28 15:36:31 PDT 2020
Clean up...
Start Playing...
Black 1,2
----------
          
    X     
          
          
          
----------

White ERROR: Run out of time or Your program interrupted
output.txt not found or invalid format
ta time: 1.61
student time: 0.2
White(You) lose.
=====Round 10=====
Black:You White:TA
Wed Oct 28 15:36:32 PDT 2020
Clean up...
Start Playing...
Black ERROR: Run out of time or Your program interrupted
output.txt not found or invalid format
ta time: 1.61
student time: 0.22
Black(You) lose.

==Playing with championship_player==
=====Round 1=====
Black:TA White:You
Wed Oct 28 15:36:32 PDT 2020
Clean up...
Start Playing...
Black 2,2
----------
          
          
    X     
          
          
----------

White ERROR: Run out of time or Your program interrupted
output.txt not found or invalid format
ta time: 1.68
student time: 0.24
White(You) lose.
=====Round 2=====
Black:You White:TA
Wed Oct 28 15:36:33 PDT 2020
Clean up...
Start Playing...
Black ERROR: Run out of time or Your program interrupted
output.txt not found or invalid format
ta time: 1.68
student time: 0.26
Black(You) lose.
=====Round 3=====
Black:TA White:You
Wed Oct 28 15:36:33 PDT 2020
Clean up...
Start Playing...
Black 2,2
----------
          
          
    X     
          
          
----------

White ERROR: Run out of time or Your program interrupted
output.txt not found or invalid format
ta time: 1.78
student time: 0.27
White(You) lose.
=====Round 4=====
Black:You White:TA
Wed Oct 28 15:36:34 PDT 2020
Clean up...
Start Playing...
Black ERROR: Run out of time or Your program interrupted
output.txt not found or invalid format
ta time: 1.78
student time: 0.29
Black(You) lose.
=====Round 5=====
Black:TA White:You
Wed Oct 28 15:36:34 PDT 2020
Clean up...
Start Playing...
Black 2,2
----------
          
          
    X     
          
          
----------

White ERROR: Run out of time or Your program interrupted
output.txt not found or invalid format
ta time: 1.88
student time: 0.31
White(You) lose.
=====Round 6=====
Black:You White:TA
Wed Oct 28 15:36:34 PDT 2020
Clean up...
Start Playing...
Black ERROR: Run out of time or Your program interrupted
output.txt not found or invalid format
ta time: 1.88
student time: 0.34
Black(You) lose.
=====Round 7=====
Black:TA White:You
Wed Oct 28 15:36:35 PDT 2020
Clean up...
Start Playing...
Black 2,2
----------
          
          
    X     
          
          
----------

White ERROR: Run out of time or Your program interrupted
output.txt not found or invalid format
ta time: 1.96
student time: 0.35
White(You) lose.
=====Round 8=====
Black:You White:TA
Wed Oct 28 15:36:35 PDT 2020
Clean up...
Start Playing...
Black ERROR: Run out of time or Your program interrupted
output.txt not found or invalid format
ta time: 1.96
student time: 0.37
Black(You) lose.
=====Round 9=====
Black:TA White:You
Wed Oct 28 15:36:35 PDT 2020
Clean up...
Start Playing...
Black 2,2
----------
          
          
    X     
          
          
----------

White ERROR: Run out of time or Your program interrupted
output.txt not found or invalid format
ta time: 2.04
student time: 0.4
White(You) lose.
=====Round 10=====
Black:You White:TA
Wed Oct 28 15:36:36 PDT 2020
Clean up...
Start Playing...
Black ERROR: Run out of time or Your program interrupted
output.txt not found or invalid format
ta time: 2.04
student time: 0.42
Black(You) lose.
