Wed Oct 28 07:13:38 PDT 2020

==Playing with qlearning_player==
=====Round 1=====
Black:TA White:You
Wed Oct 28 07:13:38 PDT 2020
Clean up...
Start Playing...
Black 1,2
----------
          
    X     
          
          
          
----------

White 2,1
----------
          
    X     
  O       
          
          
----------

Black 2,2
----------
          
    X     
  O X     
          
          
----------

White 3,1
----------
          
    X     
  O X     
  O       
          
----------

Black 0,0
----------
X         
    X     
  O X     
  O       
          
----------

White 0,1
----------
X O       
    X     
  O X     
  O       
          
----------

Black 2,3
----------
X O       
    X     
  O X X   
  O       
          
----------

White 1,0
----------
  O       
O   X     
  O X X   
  O       
          
----------

Black 0,2
----------
  O X     
O   X     
  O X X   
  O       
          
----------

White 3,2
----------
  O X     
O   X     
  O X X   
  O O     
          
----------

Black 0,3
----------
  O X X   
O   X     
  O X X   
  O O     
          
----------

White 3,3
----------
  O X X   
O   X     
  O X X   
  O O O   
          
----------

Black 0,4
----------
  O X X X 
O   X     
  O X X   
  O O O   
          
----------

White 3,4
----------
  O X X X 
O   X     
  O X X   
  O O O O 
          
----------

Black 2,0
----------
  O X X X 
O   X     
X O X X   
  O O O O 
          
----------

White 3,0
----------
  O X X X 
O   X     
  O X X   
O O O O O 
          
----------

Black 2,4
----------
  O X X X 
O   X     
  O X X X 
O O O O O 
          
----------

White 1,1
----------
  O X X X 
O O X     
  O X X X 
O O O O O 
          
----------

Black 1,3
----------
  O X X X 
O O X X   
  O X X X 
O O O O O 
          
----------

White 1,4
----------
  O       
O O     O 
  O       
O O O O O 
          
----------

Black 2,2
----------
  O       
O O     O 
  O X     
O O O O O 
          
----------

White 1,2
----------
  O       
O O O   O 
  O X     
O O O O O 
          
----------

Black 2,3
----------
  O       
O O O   O 
  O X X   
O O O O O 
          
----------

White 1,3
----------
  O       
O O O O O 
  O X X   
O O O O O 
          
----------

Game end.
The winner is O
ta time: 3.8
student time: 0.69
White(You) win!
=====Round 2=====
Black:You White:TA
Wed Oct 28 07:13:46 PDT 2020
Clean up...
Start Playing...
Black 2,2
----------
          
          
    X     
          
          
----------

White 2,1
----------
          
          
  O X     
          
          
----------

Black 1,2
----------
          
    X     
  O X     
          
          
----------

White 3,2
----------
          
    X     
  O X     
    O     
          
----------

Black 1,1
----------
          
  X X     
  O X     
    O     
          
----------

White 2,3
----------
          
  X X     
  O X O   
    O     
          
----------

Black 3,1
----------
          
  X X     
  O X O   
  X O     
          
----------

White 2,4
----------
          
  X X     
  O X O O 
  X O     
          
----------

Black 2,0
----------
          
  X X     
X   X O O 
  X O     
          
----------

White 0,2
----------
    O     
  X X     
X   X O O 
  X O     
          
----------

Black 0,1
----------
  X O     
  X X     
X   X O O 
  X O     
          
----------

White 4,2
----------
  X O     
  X X     
X   X O O 
  X O     
    O     
----------

Black 0,3
----------
  X   X   
  X X     
X   X O O 
  X O     
    O     
----------

White 3,3
----------
  X   X   
  X X     
X   X O O 
  X O O   
    O     
----------

Black 1,3
----------
  X   X   
  X X X   
X   X O O 
  X O O   
    O     
----------

White 4,3
----------
  X   X   
  X X X   
X   X O O 
  X O O   
    O O   
----------

Black 2,1
----------
  X   X   
  X X X   
X X X O O 
  X O O   
    O O   
----------

White 1,0
----------
  X   X   
O X X X   
X X X O O 
  X O O   
    O O   
----------

Black 0,0
----------
X X   X   
  X X X   
X X X O O 
  X O O   
    O O   
----------

White 4,1
----------
X X   X   
  X X X   
X X X O O 
  X O O   
  O O O   
----------

Black 3,0
----------
X X   X   
  X X X   
X X X O O 
X X O O   
  O O O   
----------

White 3,4
----------
X X   X   
  X X X   
X X X O O 
X X O O O 
  O O O   
----------

Black 0,2
----------
X X X X   
  X X X   
X X X O O 
X X O O O 
  O O O   
----------

White 1,4
----------
X X X X   
  X X X O 
X X X O O 
X X O O O 
  O O O   
----------

Game end.
The winner is X
ta time: 7.43
student time: 1.24
Black(You) win!
=====Round 3=====
Black:TA White:You
Wed Oct 28 07:13:53 PDT 2020
Clean up...
Start Playing...
Black 1,2
----------
          
    X     
          
          
          
----------

White 2,1
----------
          
    X     
  O       
          
          
----------

Black 2,2
----------
          
    X     
  O X     
          
          
----------

White 3,1
----------
          
    X     
  O X     
  O       
          
----------

Black 0,0
----------
X         
    X     
  O X     
  O       
          
----------

White 0,1
----------
X O       
    X     
  O X     
  O       
          
----------

Black 2,3
----------
X O       
    X     
  O X X   
  O       
          
----------

White 1,0
----------
  O       
O   X     
  O X X   
  O       
          
----------

Black 0,2
----------
  O X     
O   X     
  O X X   
  O       
          
----------

White 3,2
----------
  O X     
O   X     
  O X X   
  O O     
          
----------

Black 0,3
----------
  O X X   
O   X     
  O X X   
  O O     
          
----------

White 3,3
----------
  O X X   
O   X     
  O X X   
  O O O   
          
----------

Black 0,4
----------
  O X X X 
O   X     
  O X X   
  O O O   
          
----------

White 3,4
----------
  O X X X 
O   X     
  O X X   
  O O O O 
          
----------

Black 2,4
----------
  O X X X 
O   X     
  O X X X 
  O O O O 
          
----------

White 1,1
----------
  O X X X 
O O X     
  O X X X 
  O O O O 
          
----------

Black 1,3
----------
  O X X X 
O O X X   
  O X X X 
  O O O O 
          
----------

White 1,4
----------
  O       
O O     O 
  O       
  O O O O 
          
----------

Black 2,2
----------
  O       
O O     O 
  O X     
  O O O O 
          
----------

White 1,2
----------
  O       
O O O   O 
  O X     
  O O O O 
          
----------

Black 2,3
----------
  O       
O O O   O 
  O X X   
  O O O O 
          
----------

White 1,3
----------
  O       
O O O O O 
  O X X   
  O O O O 
          
----------

Black 4,2
----------
  O       
O O O O O 
  O X X   
  O O O O 
    X     
----------

White 2,4
----------
  O       
O O O O O 
  O     O 
  O O O O 
    X     
----------

Game end.
The winner is O
ta time: 11.46
student time: 2.01
White(You) win!
=====Round 4=====
Black:You White:TA
Wed Oct 28 07:14:01 PDT 2020
Clean up...
Start Playing...
Black 2,2
----------
          
          
    X     
          
          
----------

White 2,1
----------
          
          
  O X     
          
          
----------

Black 1,2
----------
          
    X     
  O X     
          
          
----------

White 3,2
----------
          
    X     
  O X     
    O     
          
----------

Black 1,1
----------
          
  X X     
  O X     
    O     
          
----------

White 2,3
----------
          
  X X     
  O X O   
    O     
          
----------

Black 3,1
----------
          
  X X     
  O X O   
  X O     
          
----------

White 3,3
----------
          
  X X     
  O X O   
  X O O   
          
----------

Black 2,0
----------
          
  X X     
X   X O   
  X O O   
          
----------

White 2,4
----------
          
  X X     
X   X O O 
  X O O   
          
----------

Black 1,3
----------
          
  X X X   
X   X O O 
  X O O   
          
----------

White 4,2
----------
          
  X X X   
X   X O O 
  X O O   
    O     
----------

Black 0,1
----------
  X       
  X X X   
X   X O O 
  X O O   
    O     
----------

White 0,2
----------
  X O     
  X X X   
X   X O O 
  X O O   
    O     
----------

Black 0,3
----------
  X   X   
  X X X   
X   X O O 
  X O O   
    O     
----------

White 1,0
----------
  X   X   
O X X X   
X   X O O 
  X O O   
    O     
----------

Black 0,0
----------
X X   X   
  X X X   
X   X O O 
  X O O   
    O     
----------

White 3,4
----------
X X   X   
  X X X   
X   X O O 
  X O O O 
    O     
----------

Black 2,1
----------
X X   X   
  X X X   
X X X O O 
  X O O O 
    O     
----------

White 1,4
----------
X X   X   
  X X X O 
X X X O O 
  X O O O 
    O     
----------

Black 3,0
----------
X X   X   
  X X X O 
X X X O O 
X X O O O 
    O     
----------

White 4,3
----------
X X   X   
  X X X O 
X X X O O 
X X O O O 
    O O   
----------

Black 0,2
----------
X X X X   
  X X X O 
X X X O O 
X X O O O 
    O O   
----------

White 4,1
----------
X X X X   
  X X X O 
X X X O O 
X X O O O 
  O O O   
----------

Game end.
The winner is X
ta time: 15.19
student time: 2.64
Black(You) win!
=====Round 5=====
Black:TA White:You
Wed Oct 28 07:14:10 PDT 2020
Clean up...
Start Playing...
Black 1,2
----------
          
    X     
          
          
          
----------

White 2,1
----------
          
    X     
  O       
          
          
----------

Black 2,2
----------
          
    X     
  O X     
          
          
----------

White 3,1
----------
          
    X     
  O X     
  O       
          
----------

Black 0,0
----------
X         
    X     
  O X     
  O       
          
----------

White 0,1
----------
X O       
    X     
  O X     
  O       
          
----------

Black 3,2
----------
X O       
    X     
  O X     
  O X     
          
----------

White 1,0
----------
  O       
O   X     
  O X     
  O X     
          
----------

Black 0,2
----------
  O X     
O   X     
  O X     
  O X     
          
----------

White 4,1
----------
  O X     
O   X     
  O X     
  O X     
  O       
----------

Black 2,3
----------
  O X     
O   X     
  O X X   
  O X     
  O       
----------

White 4,2
----------
  O X     
O   X     
  O X X   
  O X     
  O O     
----------

Black 1,3
----------
  O X     
O   X X   
  O X X   
  O X     
  O O     
----------

White 4,3
----------
  O X     
O   X X   
  O X X   
  O X     
  O O O   
----------

Black 1,1
----------
  O X     
O X X X   
  O X X   
  O X     
  O O O   
----------

White 3,3
----------
  O X     
O X X X   
  O X X   
  O X O   
  O O O   
----------

Black 0,0
----------
X   X     
O X X X   
  O X X   
  O X O   
  O O O   
----------

White 3,4
----------
X   X     
O X X X   
  O X X   
  O X O O 
  O O O   
----------

Black 2,0
----------
X   X     
  X X X   
X O X X   
  O X O O 
  O O O   
----------

White 3,0
----------
X   X     
  X X X   
X O X X   
O O X O O 
  O O O   
----------

Black 2,4
----------
X   X     
  X X X   
X O X X X 
O O X O O 
  O O O   
----------

White 0,4
----------
X   X   O 
  X X X   
X O X X X 
O O X O O 
  O O O   
----------

Black 0,3
----------
X   X X O 
  X X X   
X O X X X 
O O X O O 
  O O O   
----------

White 1,0
----------
X   X X O 
O X X X   
  O X X X 
O O X O O 
  O O O   
----------

Game end.
The winner is O
ta time: 18.88
student time: 3.25
White(You) win!
=====Round 6=====
Black:You White:TA
Wed Oct 28 07:14:17 PDT 2020
Clean up...
Start Playing...
Black 2,2
----------
          
          
    X     
          
          
----------

White 2,1
----------
          
          
  O X     
          
          
----------

Black 1,2
----------
          
    X     
  O X     
          
          
----------

White 3,2
----------
          
    X     
  O X     
    O     
          
----------

Black 1,1
----------
          
  X X     
  O X     
    O     
          
----------

White 2,3
----------
          
  X X     
  O X O   
    O     
          
----------

Black 3,1
----------
          
  X X     
  O X O   
  X O     
          
----------

White 0,2
----------
    O     
  X X     
  O X O   
  X O     
          
----------

Black 2,0
----------
    O     
  X X     
X   X O   
  X O     
          
----------

White 3,3
----------
    O     
  X X     
X   X O   
  X O O   
          
----------

Black 0,1
----------
  X O     
  X X     
X   X O   
  X O O   
          
----------

White 2,4
----------
  X O     
  X X     
X   X O O 
  X O O   
          
----------

Black 0,3
----------
  X   X   
  X X     
X   X O O 
  X O O   
          
----------

White 1,3
----------
  X   X   
  X X O   
X   X O O 
  X O O   
          
----------

Black 4,1
----------
  X   X   
  X X O   
X   X O O 
  X O O   
  X       
----------

White 4,2
----------
  X   X   
  X X O   
X   X O O 
  X O O   
  X O     
----------

Black 0,4
----------
  X   X X 
  X X O   
X   X O O 
  X O O   
  X O     
----------

White 3,0
----------
  X   X X 
  X X O   
X   X O O 
O X O O   
  X O     
----------

Black 2,1
----------
  X   X X 
  X X O   
X X X O O 
O X O O   
  X O     
----------

White 1,4
----------
  X   X X 
  X X O O 
X X X O O 
O X O O   
  X O     
----------

Black 4,0
----------
  X   X X 
  X X O O 
X X X O O 
  X O O   
X X O     
----------

White 0,2
----------
  X O     
  X X O O 
X X X O O 
  X O O   
X X O     
----------

Black 0,0
----------
X X O     
  X X O O 
X X X O O 
  X O O   
X X O     
----------

White 4,3
----------
X X O     
  X X O O 
X X X O O 
  X O O   
X X O O   
----------

Game end.
The winner is O
ta time: 22.59
student time: 3.77
Black(You) lose.
=====Round 7=====
Black:TA White:You
Wed Oct 28 07:14:25 PDT 2020
Clean up...
Start Playing...
Black 1,2
----------
          
    X     
          
          
          
----------

White 2,1
----------
          
    X     
  O       
          
          
----------

Black 2,2
----------
          
    X     
  O X     
          
          
----------

White 3,1
----------
          
    X     
  O X     
  O       
          
----------

Black 0,0
----------
X         
    X     
  O X     
  O       
          
----------

White 0,1
----------
X O       
    X     
  O X     
  O       
          
----------

Black 3,2
----------
X O       
    X     
  O X     
  O X     
          
----------

White 1,0
----------
  O       
O   X     
  O X     
  O X     
          
----------

Black 0,2
----------
  O X     
O   X     
  O X     
  O X     
          
----------

White 4,1
----------
  O X     
O   X     
  O X     
  O X     
  O       
----------

Black 2,3
----------
  O X     
O   X     
  O X X   
  O X     
  O       
----------

White 4,2
----------
  O X     
O   X     
  O X X   
  O X     
  O O     
----------

Black 3,3
----------
  O X     
O   X     
  O X X   
  O X X   
  O O     
----------

White 4,3
----------
  O X     
O   X     
  O X X   
  O X X   
  O O O   
----------

Black 1,1
----------
  O X     
O X X     
  O X X   
  O X X   
  O O O   
----------

White 4,4
----------
  O X     
O X X     
  O X X   
  O X X   
  O O O O 
----------

Black 0,0
----------
X   X     
O X X     
  O X X   
  O X X   
  O O O O 
----------

White 3,4
----------
X   X     
O X X     
  O X X   
  O X X O 
  O O O O 
----------

Black 2,0
----------
X   X     
  X X     
X O X X   
  O X X O 
  O O O O 
----------

White 3,0
----------
X   X     
  X X     
X O X X   
O O X X O 
  O O O O 
----------

Black 1,3
----------
X   X     
  X X X   
X O X X   
O O X X O 
  O O O O 
----------

White 2,4
----------
X   X     
  X X X   
X O X X O 
O O X X O 
  O O O O 
----------

Black 1,4
----------
X   X     
  X X X X 
X O X X O 
O O X X O 
  O O O O 
----------

White 1,0
----------
X   X     
O X X X X 
  O X X O 
O O X X O 
  O O O O 
----------

Game end.
The winner is O
ta time: 26.53
student time: 4.42
White(You) win!
=====Round 8=====
Black:You White:TA
Wed Oct 28 07:14:33 PDT 2020
Clean up...
Start Playing...
Black 2,2
----------
          
          
    X     
          
          
----------

White 2,1
----------
          
          
  O X     
          
          
----------

Black 1,2
----------
          
    X     
  O X     
          
          
----------

White 3,2
----------
          
    X     
  O X     
    O     
          
----------

Black 1,1
----------
          
  X X     
  O X     
    O     
          
----------

White 2,3
----------
          
  X X     
  O X O   
    O     
          
----------

Black 3,1
----------
          
  X X     
  O X O   
  X O     
          
----------

White 1,3
----------
          
  X X O   
  O X O   
  X O     
          
----------

Black 2,0
----------
          
  X X O   
X   X O   
  X O     
          
----------

White 3,3
----------
          
  X X O   
X   X O   
  X O O   
          
----------

Black 4,1
----------
          
  X X O   
X   X O   
  X O O   
  X       
----------

White 2,4
----------
          
  X X O   
X   X O O 
  X O O   
  X       
----------

Black 2,1
----------
          
  X X O   
X X X O O 
  X O O   
  X       
----------

White 0,2
----------
    O     
  X X O   
X X X O O 
  X O O   
  X       
----------

Black 0,1
----------
  X O     
  X X O   
X X X O O 
  X O O   
  X       
----------

White 4,2
----------
  X O     
  X X O   
X X X O O 
  X O O   
  X O     
----------

Black 0,0
----------
X X O     
  X X O   
X X X O O 
  X O O   
  X O     
----------

White 0,3
----------
X X O O   
  X X O   
X X X O O 
  X O O   
  X O     
----------

Black 1,0
----------
X X O O   
X X X O   
X X X O O 
  X O O   
  X O     
----------

White 3,0
----------
X X O O   
X X X O   
X X X O O 
O X O O   
  X O     
----------

Black 4,4
----------
X X O O   
X X X O   
X X X O O 
O X O O   
  X O   X 
----------

White 4,0
----------
    O O   
      O   
      O O 
O   O O   
O   O   X 
----------

Black 1,1
----------
    O O   
  X   O   
      O O 
O   O O   
O   O   X 
----------

White 2,2
----------
    O O   
  X   O   
    O O O 
O   O O   
O   O   X 
----------

Game end.
The winner is O
ta time: 30.21
student time: 5.11
Black(You) lose.
=====Round 9=====
Black:TA White:You
Wed Oct 28 07:14:41 PDT 2020
Clean up...
Start Playing...
Black 1,2
----------
          
    X     
          
          
          
----------

White 2,1
----------
          
    X     
  O       
          
          
----------

Black 2,2
----------
          
    X     
  O X     
          
          
----------

White 3,1
----------
          
    X     
  O X     
  O       
          
----------

Black 0,0
----------
X         
    X     
  O X     
  O       
          
----------

White 0,1
----------
X O       
    X     
  O X     
  O       
          
----------

Black 3,2
----------
X O       
    X     
  O X     
  O X     
          
----------

White 1,0
----------
  O       
O   X     
  O X     
  O X     
          
----------

Black 0,2
----------
  O X     
O   X     
  O X     
  O X     
          
----------

White 4,1
----------
  O X     
O   X     
  O X     
  O X     
  O       
----------

Black 2,3
----------
  O X     
O   X     
  O X X   
  O X     
  O       
----------

White 4,2
----------
  O X     
O   X     
  O X X   
  O X     
  O O     
----------

Black 2,4
----------
  O X     
O   X     
  O X X X 
  O X     
  O O     
----------

White 4,3
----------
  O X     
O   X     
  O X X X 
  O X     
  O O O   
----------

Black 3,3
----------
  O X     
O   X     
  O X X X 
  O X X   
  O O O   
----------

White 4,4
----------
  O X     
O   X     
  O X X X 
  O X X   
  O O O O 
----------

Black 1,3
----------
  O X     
O   X X   
  O X X X 
  O X X   
  O O O O 
----------

White 1,1
----------
  O X     
O O X X   
  O X X X 
  O X X   
  O O O O 
----------

Black 2,0
----------
  O X     
O O X X   
X O X X X 
  O X X   
  O O O O 
----------

White 3,0
----------
  O X     
O O X X   
  O X X X 
O O X X   
  O O O O 
----------

Black 1,4
----------
  O X     
O O X X X 
  O X X X 
O O X X   
  O O O O 
----------

White 0,0
----------
O O X     
O O X X X 
  O X X X 
O O X X   
  O O O O 
----------

Black 0,3
----------
O O X X   
O O X X X 
  O X X X 
O O X X   
  O O O O 
----------

White 3,4
----------
O O X X   
O O X X X 
  O X X X 
O O X X O 
  O O O O 
----------

Game end.
The winner is O
ta time: 34.33
student time: 5.69
White(You) win!
=====Round 10=====
Black:You White:TA
Wed Oct 28 07:14:48 PDT 2020
Clean up...
Start Playing...
Black 2,2
----------
          
          
    X     
          
          
----------

White 2,1
----------
          
          
  O X     
          
          
----------

Black 1,2
----------
          
    X     
  O X     
          
          
----------

White 3,2
----------
          
    X     
  O X     
    O     
          
----------

Black 1,1
----------
          
  X X     
  O X     
    O     
          
----------

White 2,3
----------
          
  X X     
  O X O   
    O     
          
----------

Black 3,1
----------
          
  X X     
  O X O   
  X O     
          
----------

White 3,3
----------
          
  X X     
  O X O   
  X O O   
          
----------

Black 2,0
----------
          
  X X     
X   X O   
  X O O   
          
----------

White 1,3
----------
          
  X X O   
X   X O   
  X O O   
          
----------

Black 4,1
----------
          
  X X O   
X   X O   
  X O O   
  X       
----------

White 2,4
----------
          
  X X O   
X   X O O 
  X O O   
  X       
----------

Black 2,1
----------
          
  X X O   
X X X O O 
  X O O   
  X       
----------

White 0,2
----------
    O     
  X X O   
X X X O O 
  X O O   
  X       
----------

Black 0,1
----------
  X O     
  X X O   
X X X O O 
  X O O   
  X       
----------

White 4,2
----------
  X O     
  X X O   
X X X O O 
  X O O   
  X O     
----------

Black 0,0
----------
X X O     
  X X O   
X X X O O 
  X O O   
  X O     
----------

White 3,0
----------
X X O     
  X X O   
X X X O O 
O X O O   
  X O     
----------

Black 4,0
----------
X X O     
  X X O   
X X X O O 
  X O O   
X X O     
----------

White 1,4
----------
X X O     
  X X O O 
X X X O O 
  X O O   
X X O     
----------

Black 4,4
----------
X X O     
  X X O O 
X X X O O 
  X O O   
X X O   X 
----------

White 0,3
----------
X X O O   
  X X O O 
X X X O O 
  X O O   
X X O   X 
----------

Black 1,0
----------
X X O O   
X X X O O 
X X X O O 
  X O O   
X X O   X 
----------

White 3,0
----------
    O O   
      O O 
      O O 
O   O O   
    O   X 
----------

Game end.
The winner is O
ta time: 37.99
student time: 6.3
Black(You) lose.

==Playing with championship_player==
=====Round 1=====
Black:TA White:You
Wed Oct 28 07:14:56 PDT 2020
Clean up...
Start Playing...
Black 2,2
----------
          
          
    X     
          
          
----------

White 1,1
----------
          
  O       
    X     
          
          
----------

Black 2,1
----------
          
  O       
  X X     
          
          
----------

White 1,2
----------
          
  O O     
  X X     
          
          
----------

Black 1,3
----------
          
  O O X   
  X X     
          
          
----------

White 1,0
----------
          
O O O X   
  X X     
          
          
----------

Black 0,3
----------
      X   
O O O X   
  X X     
          
          
----------

White 2,0
----------
      X   
O O O X   
O X X     
          
          
----------

Black 3,1
----------
      X   
O O O X   
O X X     
  X       
          
----------

White 3,0
----------
      X   
O O O X   
O X X     
O X       
          
----------

Black 4,1
----------
      X   
O O O X   
O X X     
O X       
  X       
----------

White 0,0
----------
O     X   
O O O X   
O X X     
O X       
  X       
----------

Black 0,2
----------
O   X X   
O O O X   
O X X     
O X       
  X       
----------

White 3,3
----------
O   X X   
O O O X   
O X X     
O X   O   
  X       
----------

Black 4,0
----------
O   X X   
O O O X   
O X X     
O X   O   
X X       
----------

White 2,3
----------
O   X X   
O O O X   
O X X O   
O X   O   
X X       
----------

Black 0,1
----------
  X X X   
      X   
  X X O   
  X   O   
X X       
----------

White 3,2
----------
  X X X   
      X   
  X X O   
  X O O   
X X       
----------

Black 1,2
----------
  X X X   
    X X   
  X X O   
  X O O   
X X       
----------

White 2,4
----------
  X X X   
    X X   
  X X O O 
  X O O   
X X       
----------

Black 4,3
----------
  X X X   
    X X   
  X X O O 
  X O O   
X X   X   
----------

White 4,2
----------
  X X X   
    X X   
  X X O O 
  X O O   
X X O X   
----------

Black 0,0
----------
X X X X   
    X X   
  X X O O 
  X O O   
X X O X   
----------

White 1,4
----------
X X X X   
    X X O 
  X X O O 
  X O O   
X X O X   
----------

Game end.
The winner is X
ta time: 77.8
student time: 7.03
White(You) lose.
=====Round 2=====
Black:You White:TA
Wed Oct 28 07:15:23 PDT 2020
Clean up...
Start Playing...
Black 2,2
----------
          
          
    X     
          
          
----------

White 3,2
----------
          
          
    X     
    O     
          
----------

Black 1,2
----------
          
    X     
    X     
    O     
          
----------

White 3,3
----------
          
    X     
    X     
    O O   
          
----------

Black 1,1
----------
          
  X X     
    X     
    O O   
          
----------

White 3,1
----------
          
  X X     
    X     
  O O O   
          
----------

Black 1,3
----------
          
  X X X   
    X     
  O O O   
          
----------

White 2,4
----------
          
  X X X   
    X   O 
  O O O   
          
----------

Black 1,0
----------
          
X X X X   
    X   O 
  O O O   
          
----------

White 2,3
----------
          
X X X X   
    X O O 
  O O O   
          
----------

Black 0,3
----------
      X   
X X X X   
    X O O 
  O O O   
          
----------

White 2,0
----------
      X   
X X X X   
O   X O O 
  O O O   
          
----------

Black 2,1
----------
      X   
X X X X   
O X X O O 
  O O O   
          
----------

White 3,0
----------
      X   
X X X X   
O X X O O 
O O O O   
          
----------

Black 0,0
----------
X     X   
X X X X   
O X X O O 
O O O O   
          
----------

White 1,4
----------
X     X   
X X X X O 
O X X O O 
O O O O   
          
----------

Black 0,1
----------
X X   X   
X X X X O 
O X X O O 
O O O O   
          
----------

White 4,3
----------
X X   X   
X X X X O 
O X X O O 
O O O O   
      O   
----------

Black 4,1
----------
X X   X   
X X X X O 
O X X O O 
O O O O   
  X   O   
----------

White 4,0
----------
X X   X   
X X X X O 
O X X O O 
O O O O   
O X   O   
----------

Black 0,2
----------
X X X X   
X X X X O 
O X X O O 
O O O O   
O X   O   
----------

White 0,4
----------
        O 
        O 
O     O O 
O O O O   
O X   O   
----------

Black 1,1
----------
        O 
  X     O 
O     O O 
O O O O   
O X   O   
----------

White 2,2
----------
        O 
  X     O 
O   O O O 
O O O O   
O X   O   
----------

Game end.
The winner is O
ta time: 110.49
student time: 7.62
Black(You) lose.
=====Round 3=====
Black:TA White:You
Wed Oct 28 07:15:46 PDT 2020
Clean up...
Start Playing...
Black 2,2
----------
          
          
    X     
          
          
----------

White 1,1
----------
          
  O       
    X     
          
          
----------

Black 2,1
----------
          
  O       
  X X     
          
          
----------

White 1,2
----------
          
  O O     
  X X     
          
          
----------

Black 1,3
----------
          
  O O X   
  X X     
          
          
----------

White 1,0
----------
          
O O O X   
  X X     
          
          
----------

Black 0,3
----------
      X   
O O O X   
  X X     
          
          
----------

White 2,0
----------
      X   
O O O X   
O X X     
          
          
----------

Black 3,1
----------
      X   
O O O X   
O X X     
  X       
          
----------

White 3,0
----------
      X   
O O O X   
O X X     
O X       
          
----------

Black 4,1
----------
      X   
O O O X   
O X X     
O X       
  X       
----------

White 0,0
----------
O     X   
O O O X   
O X X     
O X       
  X       
----------

Black 0,2
----------
O   X X   
O O O X   
O X X     
O X       
  X       
----------

White 3,3
----------
O   X X   
O O O X   
O X X     
O X   O   
  X       
----------

Black 4,0
----------
O   X X   
O O O X   
O X X     
O X   O   
X X       
----------

White 2,3
----------
O   X X   
O O O X   
O X X O   
O X   O   
X X       
----------

Black 0,1
----------
  X X X   
      X   
  X X O   
  X   O   
X X       
----------

White 3,2
----------
  X X X   
      X   
  X X O   
  X O O   
X X       
----------

Black 4,2
----------
  X X X   
      X   
  X X O   
  X O O   
X X X     
----------

White 2,4
----------
  X X X   
      X   
  X X O O 
  X O O   
X X X     
----------

Black 1,4
----------
  X X X   
      X X 
  X X O O 
  X O O   
X X X     
----------

White 3,4
----------
  X X X   
      X X 
  X X O O 
  X O O O 
X X X     
----------

Black 1,1
----------
  X X X   
  X   X X 
  X X O O 
  X O O O 
X X X     
----------

White 1,0
----------
  X X X   
O X   X X 
  X X O O 
  X O O O 
X X X     
----------

Game end.
The winner is X
ta time: 147.18
student time: 8.21
White(You) lose.
=====Round 4=====
Black:You White:TA
Wed Oct 28 07:16:13 PDT 2020
Clean up...
Start Playing...
Black 2,2
----------
          
          
    X     
          
          
----------

White 3,2
----------
          
          
    X     
    O     
          
----------

Black 1,2
----------
          
    X     
    X     
    O     
          
----------

White 3,3
----------
          
    X     
    X     
    O O   
          
----------

Black 1,1
----------
          
  X X     
    X     
    O O   
          
----------

White 3,1
----------
          
  X X     
    X     
  O O O   
          
----------

Black 1,3
----------
          
  X X X   
    X     
  O O O   
          
----------

White 2,0
----------
          
  X X X   
O   X     
  O O O   
          
----------

Black 1,4
----------
          
  X X X X 
O   X     
  O O O   
          
----------

White 2,1
----------
          
  X X X X 
O O X     
  O O O   
          
----------

Black 0,1
----------
  X       
  X X X X 
O O X     
  O O O   
          
----------

White 2,4
----------
  X       
  X X X X 
O O X   O 
  O O O   
          
----------

Black 2,3
----------
  X       
  X X X X 
O O X X O 
  O O O   
          
----------

White 3,4
----------
  X       
  X X X X 
O O X X O 
  O O O O 
          
----------

Black 0,0
----------
X X       
  X X X X 
O O X X O 
  O O O O 
          
----------

White 0,3
----------
X X   O   
  X X X X 
O O X X O 
  O O O O 
          
----------

Black 0,2
----------
X X X O   
  X X X X 
O O X X O 
  O O O O 
          
----------

White 4,1
----------
X X X O   
  X X X X 
O O X X O 
  O O O O 
  O       
----------

Black 4,3
----------
X X X O   
  X X X X 
O O X X O 
  O O O O 
  O   X   
----------

White 4,2
----------
X X X O   
  X X X X 
O O X X O 
  O O O O 
  O O X   
----------

Black 0,4
----------
X X X   X 
  X X X X 
O O X X O 
  O O O O 
  O O X   
----------

White 4,4
----------
X X X   X 
  X X X X 
O O X X O 
  O O O O 
  O O   O 
----------

Black 0,3
----------
X X X X X 
  X X X X 
O O X X O 
  O O O O 
  O O   O 
----------

White 3,0
----------
X X X X X 
  X X X X 
O O X X O 
O O O O O 
  O O   O 
----------

Game end.
The winner is O
ta time: 178.87
student time: 8.82
Black(You) lose.
=====Round 5=====
Black:TA White:You
Wed Oct 28 07:16:37 PDT 2020
Clean up...
Start Playing...
Black 2,2
----------
          
          
    X     
          
          
----------

White 1,1
----------
          
  O       
    X     
          
          
----------

Black 1,2
----------
          
  O X     
    X     
          
          
----------

White 2,1
----------
          
  O X     
  O X     
          
          
----------

Black 3,1
----------
          
  O X     
  O X     
  X       
          
----------

White 0,1
----------
  O       
  O X     
  O X     
  X       
          
----------

Black 3,0
----------
  O       
  O X     
  O X     
X X       
          
----------

White 0,2
----------
  O O     
  O X     
  O X     
X X       
          
----------

Black 1,3
----------
  O O     
  O X X   
  O X     
X X       
          
----------

White 0,3
----------
  O O O   
  O X X   
  O X     
X X       
          
----------

Black 1,4
----------
  O O O   
  O X X X 
  O X     
X X       
          
----------

White 0,0
----------
O O O O   
  O X X X 
  O X     
X X       
          
----------

Black 2,0
----------
O O O O   
  O X X X 
X O X     
X X       
          
----------

White 3,3
----------
O O O O   
  O X X X 
X O X     
X X   O   
          
----------

Black 0,4
----------
O O O O X 
  O X X X 
X O X     
X X   O   
          
----------

White 2,3
----------
O O O O X 
  O X X X 
X O X O   
X X   O   
          
----------

Black 1,0
----------
        X 
X   X X X 
X   X O   
X X   O   
          
----------

White 3,2
----------
        X 
X   X X X 
X   X O   
X X O O   
          
----------

Black 2,1
----------
        X 
X   X X X 
X X X O   
X X O O   
          
----------

White 3,4
----------
        X 
X   X X X 
X X X O   
X X O O O 
          
----------

Black 2,4
----------
        X 
X   X X X 
X X X O X 
X X O O O 
          
----------

White 4,2
----------
        X 
X   X X X 
X X X O X 
X X O O O 
    O     
----------

Black 1,1
----------
        X 
X X X X X 
X X X O X 
X X O O O 
    O     
----------

White 4,1
----------
        X 
X X X X X 
X X X O X 
X X O O O 
  O O     
----------

Game end.
The winner is X
ta time: 211.91
student time: 9.51
White(You) lose.
=====Round 6=====
Black:You White:TA
Wed Oct 28 07:17:03 PDT 2020
Clean up...
Start Playing...
Black 2,2
----------
          
          
    X     
          
          
----------

White 1,2
----------
          
    O     
    X     
          
          
----------

Black 2,1
----------
          
    O     
  X X     
          
          
----------

White 1,3
----------
          
    O O   
  X X     
          
          
----------

Black 1,1
----------
          
  X O O   
  X X     
          
          
----------

White 2,3
----------
          
  X O O   
  X X O   
          
          
----------

Black 3,1
----------
          
  X O O   
  X X O   
  X       
          
----------

White 3,3
----------
          
  X O O   
  X X O   
  X   O   
          
----------

Black 0,1
----------
  X       
  X O O   
  X X O   
  X   O   
          
----------

White 0,2
----------
  X O     
  X O O   
  X X O   
  X   O   
          
----------

Black 3,2
----------
  X O     
  X O O   
  X X O   
  X X O   
          
----------

White 4,3
----------
  X O     
  X O O   
  X X O   
  X X O   
      O   
----------

Black 3,0
----------
  X O     
  X O O   
  X X O   
X X X O   
      O   
----------

White 1,4
----------
  X O     
  X O O O 
  X X O   
X X X O   
      O   
----------

Black 0,0
----------
X X O     
  X O O O 
  X X O   
X X X O   
      O   
----------

White 3,4
----------
X X O     
  X O O O 
  X X O   
X X X O O 
      O   
----------

Black 1,0
----------
X X O     
X X O O O 
  X X O   
X X X O O 
      O   
----------

White 0,3
----------
X X O O   
X X O O O 
  X X O   
X X X O O 
      O   
----------

Black 2,0
----------
X X O O   
X X O O O 
X X X O   
X X X O O 
      O   
----------

White 4,2
----------
X X O O   
X X O O O 
X X X O   
X X X O O 
    O O   
----------

Black 4,0
----------
X X O O   
X X O O O 
X X X O   
X X X O O 
X   O O   
----------

White 4,1
----------
    O O   
    O O O 
      O   
      O O 
  O O O   
----------

Black 2,1
----------
    O O   
    O O O 
  X   O   
      O O 
  O O O   
----------

White 3,0
----------
    O O   
    O O O 
  X   O   
O     O O 
  O O O   
----------

Game end.
The winner is O
ta time: 244.2
student time: 10.15
Black(You) lose.
=====Round 7=====
Black:TA White:You
Wed Oct 28 07:17:29 PDT 2020
Clean up...
Start Playing...
Black 2,2
----------
          
          
    X     
          
          
----------

White 1,1
----------
          
  O       
    X     
          
          
----------

Black 2,1
----------
          
  O       
  X X     
          
          
----------

White 1,2
----------
          
  O O     
  X X     
          
          
----------

Black 1,3
----------
          
  O O X   
  X X     
          
          
----------

White 1,0
----------
          
O O O X   
  X X     
          
          
----------

Black 0,3
----------
      X   
O O O X   
  X X     
          
          
----------

White 2,0
----------
      X   
O O O X   
O X X     
          
          
----------

Black 3,1
----------
      X   
O O O X   
O X X     
  X       
          
----------

White 3,0
----------
      X   
O O O X   
O X X     
O X       
          
----------

Black 4,1
----------
      X   
O O O X   
O X X     
O X       
  X       
----------

White 0,0
----------
O     X   
O O O X   
O X X     
O X       
  X       
----------

Black 0,2
----------
O   X X   
O O O X   
O X X     
O X       
  X       
----------

White 3,3
----------
O   X X   
O O O X   
O X X     
O X   O   
  X       
----------

Black 4,0
----------
O   X X   
O O O X   
O X X     
O X   O   
X X       
----------

White 2,3
----------
O   X X   
O O O X   
O X X O   
O X   O   
X X       
----------

Black 0,1
----------
  X X X   
      X   
  X X O   
  X   O   
X X       
----------

White 3,2
----------
  X X X   
      X   
  X X O   
  X O O   
X X       
----------

Black 1,4
----------
  X X X   
      X X 
  X X O   
  X O O   
X X       
----------

White 3,4
----------
  X X X   
      X X 
  X X O   
  X O O O 
X X       
----------

Black 1,2
----------
  X X X   
    X X X 
  X X O   
  X O O O 
X X       
----------

White 2,4
----------
  X X X   
    X X X 
  X X O O 
  X O O O 
X X       
----------

Black 2,0
----------
  X X X   
    X X X 
X X X O O 
  X O O O 
X X       
----------

White 4,2
----------
  X X X   
    X X X 
X X X O O 
  X O O O 
X X O     
----------

Game end.
The winner is X
ta time: 282.88
student time: 10.79
White(You) lose.
=====Round 8=====
Black:You White:TA
Wed Oct 28 07:17:56 PDT 2020
Clean up...
Start Playing...
Black 2,2
----------
          
          
    X     
          
          
----------

White 2,1
----------
          
          
  O X     
          
          
----------

Black 1,2
----------
          
    X     
  O X     
          
          
----------

White 3,1
----------
          
    X     
  O X     
  O       
          
----------

Black 1,1
----------
          
  X X     
  O X     
  O       
          
----------

White 3,2
----------
          
  X X     
  O X     
  O O     
          
----------

Black 1,3
----------
          
  X X X   
  O X     
  O O     
          
----------

White 3,3
----------
          
  X X X   
  O X     
  O O O   
          
----------

Black 1,0
----------
          
X X X X   
  O X     
  O O O   
          
----------

White 2,0
----------
          
X X X X   
O O X     
  O O O   
          
----------

Black 1,4
----------
          
X X X X X 
O O X     
  O O O   
          
----------

White 3,4
----------
          
X X X X X 
O O X     
  O O O O 
          
----------

Black 2,3
----------
          
X X X X X 
O O X X   
  O O O O 
          
----------

White 4,1
----------
          
X X X X X 
O O X X   
  O O O O 
  O       
----------

Black 0,0
----------
X         
X X X X X 
O O X X   
  O O O O 
  O       
----------

White 4,3
----------
X         
X X X X X 
O O X X   
  O O O O 
  O   O   
----------

Black 0,1
----------
X X       
X X X X X 
O O X X   
  O O O O 
  O   O   
----------

White 0,3
----------
X X   O   
X X X X X 
O O X X   
  O O O O 
  O   O   
----------

Black 0,2
----------
X X X O   
X X X X X 
O O X X   
  O O O O 
  O   O   
----------

White 3,0
----------
X X X O   
X X X X X 
O O X X   
O O O O O 
  O   O   
----------

Black 0,4
----------
X X X   X 
X X X X X 
O O X X   
O O O O O 
  O   O   
----------

White 2,4
----------
X X X   X 
X X X X X 
O O X X O 
O O O O O 
  O   O   
----------

Black PASS
----------
X X X   X 
X X X X X 
O O X X O 
O O O O O 
  O   O   
----------

White 4,0
----------
X X X   X 
X X X X X 
O O X X O 
O O O O O 
O O   O   
----------

Game end.
The winner is O
ta time: 319.4
student time: 11.33
Black(You) lose.
=====Round 9=====
Black:TA White:You
Wed Oct 28 07:18:23 PDT 2020
Clean up...
Start Playing...
Black 2,2
----------
          
          
    X     
          
          
----------

White 1,1
----------
          
  O       
    X     
          
          
----------

Black 2,1
----------
          
  O       
  X X     
          
          
----------

White 1,2
----------
          
  O O     
  X X     
          
          
----------

Black 1,3
----------
          
  O O X   
  X X     
          
          
----------

White 1,0
----------
          
O O O X   
  X X     
          
          
----------

Black 0,3
----------
      X   
O O O X   
  X X     
          
          
----------

White 2,0
----------
      X   
O O O X   
O X X     
          
          
----------

Black 3,1
----------
      X   
O O O X   
O X X     
  X       
          
----------

White 3,0
----------
      X   
O O O X   
O X X     
O X       
          
----------

Black 4,1
----------
      X   
O O O X   
O X X     
O X       
  X       
----------

White 0,0
----------
O     X   
O O O X   
O X X     
O X       
  X       
----------

Black 0,2
----------
O   X X   
O O O X   
O X X     
O X       
  X       
----------

White 3,3
----------
O   X X   
O O O X   
O X X     
O X   O   
  X       
----------

Black 4,0
----------
O   X X   
O O O X   
O X X     
O X   O   
X X       
----------

White 2,3
----------
O   X X   
O O O X   
O X X O   
O X   O   
X X       
----------

Black 0,1
----------
  X X X   
      X   
  X X O   
  X   O   
X X       
----------

White 3,2
----------
  X X X   
      X   
  X X O   
  X O O   
X X       
----------

Black 1,2
----------
  X X X   
    X X   
  X X O   
  X O O   
X X       
----------

White 2,4
----------
  X X X   
    X X   
  X X O O 
  X O O   
X X       
----------

Black 4,3
----------
  X X X   
    X X   
  X X O O 
  X O O   
X X   X   
----------

White 4,2
----------
  X X X   
    X X   
  X X O O 
  X O O   
X X O X   
----------

Black 1,4
----------
  X X X   
    X X X 
  X X O O 
  X O O   
X X O X   
----------

White 1,0
----------
  X X X   
O   X X X 
  X X O O 
  X O O   
X X O X   
----------

Game end.
The winner is X
ta time: 353.07
student time: 11.94
White(You) lose.
=====Round 10=====
Black:You White:TA
Wed Oct 28 07:18:49 PDT 2020
Clean up...
Start Playing...
Black 2,2
----------
          
          
    X     
          
          
----------

White 2,3
----------
          
          
    X O   
          
          
----------

Black 1,2
----------
          
    X     
    X O   
          
          
----------

White 3,3
----------
          
    X     
    X O   
      O   
          
----------

Black 1,1
----------
          
  X X     
    X O   
      O   
          
----------

White 3,2
----------
          
  X X     
    X O   
    O O   
          
----------

Black 1,3
----------
          
  X X X   
    X O   
    O O   
          
----------

White 3,1
----------
          
  X X X   
    X O   
  O O O   
          
----------

Black 1,0
----------
          
X X X X   
    X O   
  O O O   
          
----------

White 1,4
----------
          
X X X X O 
    X O   
  O O O   
          
----------

Black 0,3
----------
      X   
X X X X O 
    X O   
  O O O   
          
----------

White 2,1
----------
      X   
X X X X O 
  O X O   
  O O O   
          
----------

Black 0,4
----------
      X X 
X X X X O 
  O X O   
  O O O   
          
----------

White 2,4
----------
      X X 
X X X X O 
  O X O O 
  O O O   
          
----------

Black 2,0
----------
      X X 
X X X X O 
X O X O O 
  O O O   
          
----------

White 3,0
----------
      X X 
X X X X O 
X O X O O 
O O O O   
          
----------

Black 0,0
----------
X     X X 
X X X X O 
X O X O O 
O O O O   
          
----------

White 4,2
----------
X     X X 
X X X X O 
X O X O O 
O O O O   
    O     
----------

Black 4,4
----------
X     X X 
X X X X O 
X O X O O 
O O O O   
    O   X 
----------

White 0,2
----------
X   O X X 
X X X X O 
X O X O O 
O O O O   
    O   X 
----------

Black 0,1
----------
X X   X X 
X X X X O 
X O X O O 
O O O O   
    O   X 
----------

White 3,4
----------
X X   X X 
X X X X O 
X O X O O 
O O O O O 
    O   X 
----------

Black 4,0
----------
X X   X X 
X X X X O 
X O X O O 
O O O O O 
X   O   X 
----------

White 0,2
----------
    O     
        O 
  O   O O 
O O O O O 
X   O   X 
----------

Game end.
The winner is O
ta time: 385.24
student time: 12.51
Black(You) lose.
