Wed Oct 28 16:38:24 PDT 2020

==Playing with qlearning_player==
=====Round 1=====
Black:TA White:You
Wed Oct 28 16:38:24 PDT 2020
Clean up...
Start Playing...
Black 1,2
----------
          
    X     
          
          
          
----------

White 2,1
----------
          
    X     
  O       
          
          
----------

Black 2,2
----------
          
    X     
  O X     
          
          
----------

White 3,1
----------
          
    X     
  O X     
  O       
          
----------

Black 0,0
----------
X         
    X     
  O X     
  O       
          
----------

White 1,1
----------
X         
  O X     
  O X     
  O       
          
----------

Black 0,1
----------
X X       
  O X     
  O X     
  O       
          
----------

White 3,2
----------
X X       
  O X     
  O X     
  O O     
          
----------

Black 2,3
----------
X X       
  O X     
  O X X   
  O O     
          
----------

White 3,3
----------
X X       
  O X     
  O X X   
  O O O   
          
----------

Black 2,0
----------
X X       
  O X     
X O X X   
  O O O   
          
----------

White 3,4
----------
X X       
  O X     
X O X X   
  O O O O 
          
----------

Black 1,3
----------
X X       
  O X X   
X O X X   
  O O O O 
          
----------

White 2,4
----------
X X       
  O X X   
X O X X O 
  O O O O 
          
----------

Black 4,2
----------
X X       
  O X X   
X O X X O 
  O O O O 
    X     
----------

White 1,4
----------
X X       
  O X X O 
X O X X O 
  O O O O 
    X     
----------

Black 0,2
----------
X X X     
  O X X O 
X O X X O 
  O O O O 
    X     
----------

White 0,4
----------
X X X   O 
  O X X O 
X O X X O 
  O O O O 
    X     
----------

Black 3,0
----------
X X X   O 
  O X X O 
X O X X O 
X O O O O 
    X     
----------

White 4,1
----------
X X X   O 
  O X X O 
X O X X O 
X O O O O 
  O X     
----------

Black 1,0
----------
X X X   O 
X O X X O 
X O X X O 
X O O O O 
  O X     
----------

White 4,3
----------
X X X   O 
X O X X O 
X O X X O 
X O O O O 
  O   O   
----------

Black 0,3
----------
X X X X O 
X O X X O 
X O X X O 
X O O O O 
  O   O   
----------

White 4,0
----------
        O 
  O     O 
  O     O 
  O O O O 
O O   O   
----------

Game end.
The winner is O
ta time: 3.96
student time: 0.59
White(You) win!
=====Round 2=====
Black:You White:TA
Wed Oct 28 16:38:33 PDT 2020
Clean up...
Start Playing...
Black 2,2
----------
          
          
    X     
          
          
----------

White 2,1
----------
          
          
  O X     
          
          
----------

Black 1,2
----------
          
    X     
  O X     
          
          
----------

White 3,2
----------
          
    X     
  O X     
    O     
          
----------

Black 1,1
----------
          
  X X     
  O X     
    O     
          
----------

White 2,3
----------
          
  X X     
  O X O   
    O     
          
----------

Black 1,3
----------
          
  X X X   
  O X O   
    O     
          
----------

White 0,2
----------
    O     
  X X X   
  O X O   
    O     
          
----------

Black 1,0
----------
    O     
X X X X   
  O X O   
    O     
          
----------

White 2,0
----------
    O     
X X X X   
O O X O   
    O     
          
----------

Black 1,4
----------
    O     
X X X X X 
O O X O   
    O     
          
----------

White 4,2
----------
    O     
X X X X X 
O O X O   
    O     
    O     
----------

Black 2,4
----------
    O     
X X X X X 
O O X O X 
    O     
    O     
----------

White 3,3
----------
    O     
X X X X X 
O O X O X 
    O O   
    O     
----------

Black 3,4
----------
    O     
X X X X X 
O O X O X 
    O O X 
    O     
----------

White 3,1
----------
    O     
X X X X X 
O O X O X 
  O O O X 
    O     
----------

Black 4,4
----------
    O     
X X X X X 
O O X O X 
  O O O X 
    O   X 
----------

White 0,1
----------
  O O     
X X X X X 
O O X O X 
  O O O X 
    O   X 
----------

Black 0,0
----------
X O O     
X X X X X 
O O X O X 
  O O O X 
    O   X 
----------

White 0,3
----------
X O O O   
X X X X X 
O O X O X 
  O O O X 
    O   X 
----------

Black 0,4
----------
X       X 
X X X X X 
O O X O X 
  O O O X 
    O   X 
----------

White 0,2
----------
X   O   X 
X X X X X 
O O X O X 
  O O O X 
    O   X 
----------

Black 0,1
----------
X X O   X 
X X X X X 
O O X O X 
  O O O X 
    O   X 
----------

White 3,0
----------
X X O   X 
X X X X X 
O O X O X 
O O O O X 
    O   X 
----------

Game end.
The winner is X
ta time: 7.6
student time: 1.24
Black(You) win!
=====Round 3=====
Black:TA White:You
Wed Oct 28 16:38:41 PDT 2020
Clean up...
Start Playing...
Black 1,2
----------
          
    X     
          
          
          
----------

White 2,1
----------
          
    X     
  O       
          
          
----------

Black 2,2
----------
          
    X     
  O X     
          
          
----------

White 3,1
----------
          
    X     
  O X     
  O       
          
----------

Black 0,0
----------
X         
    X     
  O X     
  O       
          
----------

White 1,1
----------
X         
  O X     
  O X     
  O       
          
----------

Black 0,1
----------
X X       
  O X     
  O X     
  O       
          
----------

White 3,2
----------
X X       
  O X     
  O X     
  O O     
          
----------

Black 2,3
----------
X X       
  O X     
  O X X   
  O O     
          
----------

White 3,3
----------
X X       
  O X     
  O X X   
  O O O   
          
----------

Black 2,0
----------
X X       
  O X     
X O X X   
  O O O   
          
----------

White 3,4
----------
X X       
  O X     
X O X X   
  O O O O 
          
----------

Black 4,2
----------
X X       
  O X     
X O X X   
  O O O O 
    X     
----------

White 2,4
----------
X X       
  O X     
X O X X O 
  O O O O 
    X     
----------

Black 1,3
----------
X X       
  O X X   
X O X X O 
  O O O O 
    X     
----------

White 1,4
----------
X X       
  O X X O 
X O X X O 
  O O O O 
    X     
----------

Black 0,2
----------
X X X     
  O X X O 
X O X X O 
  O O O O 
    X     
----------

White 0,4
----------
X X X   O 
  O X X O 
X O X X O 
  O O O O 
    X     
----------

Black 1,0
----------
X X X   O 
X O X X O 
X O X X O 
  O O O O 
    X     
----------

White 3,0
----------
X X X   O 
X O X X O 
X O X X O 
O O O O O 
    X     
----------

Black 4,1
----------
X X X   O 
X O X X O 
X O X X O 
O O O O O 
  X X     
----------

White 0,3
----------
      O O 
  O     O 
  O     O 
O O O O O 
  X X     
----------

Black 2,2
----------
      O O 
  O     O 
  O X   O 
O O O O O 
  X X     
----------

White 0,1
----------
  O   O O 
  O     O 
  O X   O 
O O O O O 
  X X     
----------

Game end.
The winner is O
ta time: 11.64
student time: 1.7
White(You) win!
=====Round 4=====
Black:You White:TA
Wed Oct 28 16:38:50 PDT 2020
Clean up...
Start Playing...
Black 2,2
----------
          
          
    X     
          
          
----------

White 2,1
----------
          
          
  O X     
          
          
----------

Black 1,2
----------
          
    X     
  O X     
          
          
----------

White 3,2
----------
          
    X     
  O X     
    O     
          
----------

Black 1,1
----------
          
  X X     
  O X     
    O     
          
----------

White 2,3
----------
          
  X X     
  O X O   
    O     
          
----------

Black 1,3
----------
          
  X X X   
  O X O   
    O     
          
----------

White 3,3
----------
          
  X X X   
  O X O   
    O O   
          
----------

Black 1,0
----------
          
X X X X   
  O X O   
    O O   
          
----------

White 2,0
----------
          
X X X X   
O O X O   
    O O   
          
----------

Black 1,4
----------
          
X X X X X 
O O X O   
    O O   
          
----------

White 4,2
----------
          
X X X X X 
O O X O   
    O O   
    O     
----------

Black 2,4
----------
          
X X X X X 
O O X O X 
    O O   
    O     
----------

White 3,1
----------
          
X X X X X 
O O X O X 
  O O O   
    O     
----------

Black 3,4
----------
          
X X X X X 
O O X O X 
  O O O X 
    O     
----------

White 0,2
----------
    O     
X X X X X 
O O X O X 
  O O O X 
    O     
----------

Black 4,4
----------
    O     
X X X X X 
O O X O X 
  O O O X 
    O   X 
----------

White 4,3
----------
    O     
X X X X X 
O O X O X 
  O O O X 
    O O X 
----------

Black 0,0
----------
X   O     
X X X X X 
O O X O X 
  O O O X 
    O O X 
----------

White 0,1
----------
X O O     
X X X X X 
O O X O X 
  O O O X 
    O O X 
----------

Black 0,3
----------
X     X   
X X X X X 
O O X O X 
  O O O X 
    O O X 
----------

White 0,2
----------
X   O X   
X X X X X 
O O X O X 
  O O O X 
    O O X 
----------

Black 0,1
----------
X X   X   
X X X X X 
O O X O X 
  O O O X 
    O O X 
----------

White 4,1
----------
X X   X   
X X X X X 
O O X O X 
  O O O X 
  O O O X 
----------

Game end.
The winner is X
ta time: 15.08
student time: 2.22
Black(You) win!
=====Round 5=====
Black:TA White:You
Wed Oct 28 16:38:57 PDT 2020
Clean up...
Start Playing...
Black 1,2
----------
          
    X     
          
          
          
----------

White 2,1
----------
          
    X     
  O       
          
          
----------

Black 2,2
----------
          
    X     
  O X     
          
          
----------

White 3,1
----------
          
    X     
  O X     
  O       
          
----------

Black 0,0
----------
X         
    X     
  O X     
  O       
          
----------

White 1,1
----------
X         
  O X     
  O X     
  O       
          
----------

Black 0,1
----------
X X       
  O X     
  O X     
  O       
          
----------

White 3,2
----------
X X       
  O X     
  O X     
  O O     
          
----------

Black 2,3
----------
X X       
  O X     
  O X X   
  O O     
          
----------

White 3,3
----------
X X       
  O X     
  O X X   
  O O O   
          
----------

Black 2,4
----------
X X       
  O X     
  O X X X 
  O O O   
          
----------

White 3,0
----------
X X       
  O X     
  O X X X 
O O O O   
          
----------

Black 2,0
----------
X X       
  O X     
X O X X X 
O O O O   
          
----------

White 1,0
----------
X X       
O O X     
  O X X X 
O O O O   
          
----------

Black 0,2
----------
X X X     
O O X     
  O X X X 
O O O O   
          
----------

White 3,4
----------
X X X     
O O X     
  O X X X 
O O O O O 
          
----------

Black 1,3
----------
X X X     
O O X X   
  O X X X 
O O O O O 
          
----------

White 2,0
----------
X X X     
O O X X   
O O X X X 
O O O O O 
          
----------

Black 4,2
----------
X X X     
O O X X   
O O X X X 
O O O O O 
    X     
----------

White 4,0
----------
X X X     
O O X X   
O O X X X 
O O O O O 
O   X     
----------

Black 4,1
----------
X X X     
O O X X   
O O X X X 
O O O O O 
O X X     
----------

White 4,3
----------
X X X     
O O X X   
O O X X X 
O O O O O 
O     O   
----------

Black 4,2
----------
X X X     
O O X X   
O O X X X 
O O O O O 
O   X O   
----------

White 4,1
----------
X X X     
O O X X   
O O X X X 
O O O O O 
O O   O   
----------

Game end.
The winner is O
ta time: 19.02
student time: 2.78
White(You) win!
=====Round 6=====
Black:You White:TA
Wed Oct 28 16:39:06 PDT 2020
Clean up...
Start Playing...
Black 2,2
----------
          
          
    X     
          
          
----------

White 2,1
----------
          
          
  O X     
          
          
----------

Black 1,2
----------
          
    X     
  O X     
          
          
----------

White 3,2
----------
          
    X     
  O X     
    O     
          
----------

Black 1,1
----------
          
  X X     
  O X     
    O     
          
----------

White 2,3
----------
          
  X X     
  O X O   
    O     
          
----------

Black 1,3
----------
          
  X X X   
  O X O   
    O     
          
----------

White 0,2
----------
    O     
  X X X   
  O X O   
    O     
          
----------

Black 1,0
----------
    O     
X X X X   
  O X O   
    O     
          
----------

White 4,2
----------
    O     
X X X X   
  O X O   
    O     
    O     
----------

Black 1,4
----------
    O     
X X X X X 
  O X O   
    O     
    O     
----------

White 2,4
----------
    O     
X X X X X 
  O X O O 
    O     
    O     
----------

Black 2,0
----------
    O     
X X X X X 
X O X O O 
    O     
    O     
----------

White 3,3
----------
    O     
X X X X X 
X O X O O 
    O O   
    O     
----------

Black 3,1
----------
    O     
X X X X X 
X   X O O 
  X O O   
    O     
----------

White 3,4
----------
    O     
X X X X X 
X   X O O 
  X O O O 
    O     
----------

Black 2,1
----------
    O     
X X X X X 
X X X O O 
  X O O O 
    O     
----------

White 0,3
----------
    O O   
X X X X X 
X X X O O 
  X O O O 
    O     
----------

Black 3,0
----------
    O O   
X X X X X 
X X X O O 
X X O O O 
    O     
----------

White 4,3
----------
    O O   
X X X X X 
X X X O O 
X X O O O 
    O O   
----------

Black 0,0
----------
X   O O   
X X X X X 
X X X O O 
X X O O O 
    O O   
----------

White 4,1
----------
X   O O   
X X X X X 
X X X O O 
X X O O O 
  O O O   
----------

Black 0,1
----------
X X O O   
X X X X X 
X X X O O 
X X O O O 
  O O O   
----------

White 4,0
----------
X X O O   
X X X X X 
X X X O O 
X X O O O 
O O O O   
----------

Game end.
The winner is O
ta time: 22.65
student time: 3.33
Black(You) lose.
=====Round 7=====
Black:TA White:You
Wed Oct 28 16:39:14 PDT 2020
Clean up...
Start Playing...
Black 1,2
----------
          
    X     
          
          
          
----------

White 2,1
----------
          
    X     
  O       
          
          
----------

Black 2,2
----------
          
    X     
  O X     
          
          
----------

White 3,1
----------
          
    X     
  O X     
  O       
          
----------

Black 0,0
----------
X         
    X     
  O X     
  O       
          
----------

White 1,1
----------
X         
  O X     
  O X     
  O       
          
----------

Black 0,1
----------
X X       
  O X     
  O X     
  O       
          
----------

White 3,2
----------
X X       
  O X     
  O X     
  O O     
          
----------

Black 2,3
----------
X X       
  O X     
  O X X   
  O O     
          
----------

White 3,3
----------
X X       
  O X     
  O X X   
  O O O   
          
----------

Black 0,2
----------
X X X     
  O X     
  O X X   
  O O O   
          
----------

White 3,4
----------
X X X     
  O X     
  O X X   
  O O O O 
          
----------

Black 2,4
----------
X X X     
  O X     
  O X X X 
  O O O O 
          
----------

White 3,0
----------
X X X     
  O X     
  O X X X 
O O O O O 
          
----------

Black 2,0
----------
X X X     
  O X     
X O X X X 
O O O O O 
          
----------

White 1,0
----------
X X X     
O O X     
  O X X X 
O O O O O 
          
----------

Black 4,2
----------
X X X     
O O X     
  O X X X 
O O O O O 
    X     
----------

White 2,0
----------
X X X     
O O X     
O O X X X 
O O O O O 
    X     
----------

Black 1,3
----------
X X X     
O O X X   
O O X X X 
O O O O O 
    X     
----------

White 4,0
----------
X X X     
O O X X   
O O X X X 
O O O O O 
O   X     
----------

Black 0,3
----------
X X X X   
O O X X   
O O X X X 
O O O O O 
O   X     
----------

White 4,1
----------
X X X X   
O O X X   
O O X X X 
O O O O O 
O O X     
----------

Black 1,4
----------
X X X X   
O O X X X 
O O X X X 
O O O O O 
O O X     
----------

White 4,3
----------
X X X X   
O O X X X 
O O X X X 
O O O O O 
O O   O   
----------

Game end.
The winner is O
ta time: 26.55
student time: 3.84
White(You) win!
=====Round 8=====
Black:You White:TA
Wed Oct 28 16:39:22 PDT 2020
Clean up...
Start Playing...
Black 2,2
----------
          
          
    X     
          
          
----------

White 2,1
----------
          
          
  O X     
          
          
----------

Black 1,2
----------
          
    X     
  O X     
          
          
----------

White 3,2
----------
          
    X     
  O X     
    O     
          
----------

Black 1,1
----------
          
  X X     
  O X     
    O     
          
----------

White 2,3
----------
          
  X X     
  O X O   
    O     
          
----------

Black 1,3
----------
          
  X X X   
  O X O   
    O     
          
----------

White 2,0
----------
          
  X X X   
O O X O   
    O     
          
----------

Black 1,4
----------
          
  X X X X 
O O X O   
    O     
          
----------

White 2,4
----------
          
  X X X X 
O O X O O 
    O     
          
----------

Black 0,1
----------
  X       
  X X X X 
O O X O O 
    O     
          
----------

White 3,1
----------
  X       
  X X X X 
O O X O O 
  O O     
          
----------

Black 0,0
----------
X X       
  X X X X 
O O X O O 
  O O     
          
----------

White 0,2
----------
X X O     
  X X X X 
O O X O O 
  O O     
          
----------

Black 0,3
----------
X X   X   
  X X X X 
O O X O O 
  O O     
          
----------

White 4,2
----------
X X   X   
  X X X X 
O O X O O 
  O O     
    O     
----------

Black 0,2
----------
X X X X   
  X X X X 
O O X O O 
  O O     
    O     
----------

White 3,3
----------
X X X X   
  X X X X 
O O X O O 
  O O O   
    O     
----------

Black 1,0
----------
X X X X   
X X X X X 
O O X O O 
  O O O   
    O     
----------

White 0,4
----------
        O 
          
O O   O O 
  O O O   
    O     
----------

Black 1,2
----------
        O 
    X     
O O   O O 
  O O O   
    O     
----------

White 2,2
----------
        O 
    X     
O O O O O 
  O O O   
    O     
----------

Black 1,1
----------
        O 
  X X     
O O O O O 
  O O O   
    O     
----------

White 1,3
----------
        O 
  X X O   
O O O O O 
  O O O   
    O     
----------

Game end.
The winner is O
ta time: 30.24
student time: 4.39
Black(You) lose.
=====Round 9=====
Black:TA White:You
Wed Oct 28 16:39:30 PDT 2020
Clean up...
Start Playing...
Black 1,2
----------
          
    X     
          
          
          
----------

White 2,1
----------
          
    X     
  O       
          
          
----------

Black 2,2
----------
          
    X     
  O X     
          
          
----------

White 3,1
----------
          
    X     
  O X     
  O       
          
----------

Black 0,0
----------
X         
    X     
  O X     
  O       
          
----------

White 1,1
----------
X         
  O X     
  O X     
  O       
          
----------

Black 0,1
----------
X X       
  O X     
  O X     
  O       
          
----------

White 3,2
----------
X X       
  O X     
  O X     
  O O     
          
----------

Black 2,3
----------
X X       
  O X     
  O X X   
  O O     
          
----------

White 3,3
----------
X X       
  O X     
  O X X   
  O O O   
          
----------

Black 0,2
----------
X X X     
  O X     
  O X X   
  O O O   
          
----------

White 3,4
----------
X X X     
  O X     
  O X X   
  O O O O 
          
----------

Black 1,3
----------
X X X     
  O X X   
  O X X   
  O O O O 
          
----------

White 2,4
----------
X X X     
  O X X   
  O X X O 
  O O O O 
          
----------

Black 4,2
----------
X X X     
  O X X   
  O X X O 
  O O O O 
    X     
----------

White 1,4
----------
X X X     
  O X X O 
  O X X O 
  O O O O 
    X     
----------

Black 2,0
----------
X X X     
  O X X O 
X O X X O 
  O O O O 
    X     
----------

White 0,4
----------
X X X   O 
  O X X O 
X O X X O 
  O O O O 
    X     
----------

Black 1,0
----------
X X X   O 
X O X X O 
X O X X O 
  O O O O 
    X     
----------

White 3,0
----------
X X X   O 
X O X X O 
X O X X O 
O O O O O 
    X     
----------

Black 4,3
----------
X X X   O 
X O X X O 
X O X X O 
O O O O O 
    X X   
----------

White 0,3
----------
      O O 
  O     O 
  O     O 
O O O O O 
    X X   
----------

Black 2,2
----------
      O O 
  O     O 
  O X   O 
O O O O O 
    X X   
----------

White 0,1
----------
  O   O O 
  O     O 
  O X   O 
O O O O O 
    X X   
----------

Game end.
The winner is O
ta time: 34.11
student time: 4.88
White(You) win!
=====Round 10=====
Black:You White:TA
Wed Oct 28 16:39:38 PDT 2020
Clean up...
Start Playing...
Black 2,2
----------
          
          
    X     
          
          
----------

White 2,1
----------
          
          
  O X     
          
          
----------

Black 1,2
----------
          
    X     
  O X     
          
          
----------

White 3,2
----------
          
    X     
  O X     
    O     
          
----------

Black 1,1
----------
          
  X X     
  O X     
    O     
          
----------

White 2,3
----------
          
  X X     
  O X O   
    O     
          
----------

Black 1,3
----------
          
  X X X   
  O X O   
    O     
          
----------

White 2,0
----------
          
  X X X   
O O X O   
    O     
          
----------

Black 1,4
----------
          
  X X X X 
O O X O   
    O     
          
----------

White 2,4
----------
          
  X X X X 
O O X O O 
    O     
          
----------

Black 0,1
----------
  X       
  X X X X 
O O X O O 
    O     
          
----------

White 0,2
----------
  X O     
  X X X X 
O O X O O 
    O     
          
----------

Black 0,3
----------
  X   X   
  X X X X 
O O X O O 
    O     
          
----------

White 4,2
----------
  X   X   
  X X X X 
O O X O O 
    O     
    O     
----------

Black 0,0
----------
X X   X   
  X X X X 
O O X O O 
    O     
    O     
----------

White 3,3
----------
X X   X   
  X X X X 
O O X O O 
    O O   
    O     
----------

Black 0,2
----------
X X X X   
  X X X X 
O O X O O 
    O O   
    O     
----------

White 3,1
----------
X X X X   
  X X X X 
O O X O O 
  O O O   
    O     
----------

Black 1,0
----------
X X X X   
X X X X X 
O O X O O 
  O O O   
    O     
----------

White 0,4
----------
        O 
          
O O   O O 
  O O O   
    O     
----------

Black 1,2
----------
        O 
    X     
O O   O O 
  O O O   
    O     
----------

White 2,2
----------
        O 
    X     
O O O O O 
  O O O   
    O     
----------

Black 1,1
----------
        O 
  X X     
O O O O O 
  O O O   
    O     
----------

White 1,3
----------
        O 
  X X O   
O O O O O 
  O O O   
    O     
----------

Game end.
The winner is O
ta time: 38.04
student time: 5.34
Black(You) lose.

==Playing with championship_player==
=====Round 1=====
Black:TA White:You
Wed Oct 28 16:39:46 PDT 2020
Clean up...
Start Playing...
Black 2,2
----------
          
          
    X     
          
          
----------

White 1,1
----------
          
  O       
    X     
          
          
----------

Black 2,1
----------
          
  O       
  X X     
          
          
----------

White 1,2
----------
          
  O O     
  X X     
          
          
----------

Black 1,3
----------
          
  O O X   
  X X     
          
          
----------

White 1,0
----------
          
O O O X   
  X X     
          
          
----------

Black 0,3
----------
      X   
O O O X   
  X X     
          
          
----------

White 2,0
----------
      X   
O O O X   
O X X     
          
          
----------

Black 3,1
----------
      X   
O O O X   
O X X     
  X       
          
----------

White 3,0
----------
      X   
O O O X   
O X X     
O X       
          
----------

Black 4,1
----------
      X   
O O O X   
O X X     
O X       
  X       
----------

White 0,0
----------
O     X   
O O O X   
O X X     
O X       
  X       
----------

Black 0,2
----------
O   X X   
O O O X   
O X X     
O X       
  X       
----------

White 3,3
----------
O   X X   
O O O X   
O X X     
O X   O   
  X       
----------

Black 4,0
----------
O   X X   
O O O X   
O X X     
O X   O   
X X       
----------

White 2,3
----------
O   X X   
O O O X   
O X X O   
O X   O   
X X       
----------

Black 0,1
----------
  X X X   
      X   
  X X O   
  X   O   
X X       
----------

White 3,2
----------
  X X X   
      X   
  X X O   
  X O O   
X X       
----------

Black 2,4
----------
  X X X   
      X   
  X X O X 
  X O O   
X X       
----------

White 3,4
----------
  X X X   
      X   
  X X O X 
  X O O O 
X X       
----------

Black 1,4
----------
  X X X   
      X X 
  X X O X 
  X O O O 
X X       
----------

White 4,2
----------
  X X X   
      X X 
  X X O X 
  X O O O 
X X O     
----------

Black 1,1
----------
  X X X   
  X   X X 
  X X O X 
  X O O O 
X X O     
----------

White 4,3
----------
  X X X   
  X   X X 
  X X O X 
  X O O O 
X X O O   
----------

Game end.
The winner is X
ta time: 75.11
student time: 5.94
White(You) lose.
=====Round 2=====
Black:You White:TA
Wed Oct 28 16:40:14 PDT 2020
Clean up...
Start Playing...
Black 2,2
----------
          
          
    X     
          
          
----------

White 2,3
----------
          
          
    X O   
          
          
----------

Black 1,2
----------
          
    X     
    X O   
          
          
----------

White 3,3
----------
          
    X     
    X O   
      O   
          
----------

Black 1,1
----------
          
  X X     
    X O   
      O   
          
----------

White 3,2
----------
          
  X X     
    X O   
    O O   
          
----------

Black 1,3
----------
          
  X X X   
    X O   
    O O   
          
----------

White 3,1
----------
          
  X X X   
    X O   
  O O O   
          
----------

Black 1,0
----------
          
X X X X   
    X O   
  O O O   
          
----------

White 1,4
----------
          
X X X X O 
    X O   
  O O O   
          
----------

Black 0,3
----------
      X   
X X X X O 
    X O   
  O O O   
          
----------

White 2,1
----------
      X   
X X X X O 
  O X O   
  O O O   
          
----------

Black 2,0
----------
      X   
X X X X O 
X O X O   
  O O O   
          
----------

White 3,0
----------
      X   
X X X X O 
X O X O   
O O O O   
          
----------

Black 0,0
----------
X     X   
X X X X O 
X O X O   
O O O O   
          
----------

White 2,4
----------
X     X   
X X X X O 
X O X O O 
O O O O   
          
----------

Black 0,1
----------
X X   X   
X X X X O 
X O X O O 
O O O O   
          
----------

White 4,3
----------
X X   X   
X X X X O 
X O X O O 
O O O O   
      O   
----------

Black 0,4
----------
X X   X X 
X X X X O 
X O X O O 
O O O O   
      O   
----------

White 4,2
----------
X X   X X 
X X X X O 
X O X O O 
O O O O   
    O O   
----------

Black 3,4
----------
X X   X X 
X X X X O 
X O X O O 
O O O O X 
    O O   
----------

White 0,2
----------
    O     
        O 
  O   O O 
O O O O X 
    O O   
----------

Black 1,1
----------
    O     
  X     O 
  O   O O 
O O O O X 
    O O   
----------

White 1,0
----------
    O     
O X     O 
  O   O O 
O O O O X 
    O O   
----------

Game end.
The winner is O
ta time: 113.8
student time: 6.54
Black(You) lose.
=====Round 3=====
Black:TA White:You
Wed Oct 28 16:40:42 PDT 2020
Clean up...
Start Playing...
Black 2,2
----------
          
          
    X     
          
          
----------

White 1,1
----------
          
  O       
    X     
          
          
----------

Black 1,3
----------
          
  O   X   
    X     
          
          
----------

White 2,1
----------
          
  O   X   
  O X     
          
          
----------

Black 3,1
----------
          
  O   X   
  O X     
  X       
          
----------

White 0,1
----------
  O       
  O   X   
  O X     
  X       
          
----------

Black 3,0
----------
  O       
  O   X   
  O X     
X X       
          
----------

White 0,2
----------
  O O     
  O   X   
  O X     
X X       
          
----------

Black 0,3
----------
  O O X   
  O   X   
  O X     
X X       
          
----------

White 1,2
----------
  O O X   
  O O X   
  O X     
X X       
          
----------

Black 2,0
----------
  O O X   
  O O X   
X O X     
X X       
          
----------

White 1,0
----------
  O O X   
O O O X   
X O X     
X X       
          
----------

Black 0,0
----------
X     X   
      X   
X   X     
X X       
          
----------

White 1,1
----------
X     X   
  O   X   
X   X     
X X       
          
----------

Black 1,0
----------
X     X   
X O   X   
X   X     
X X       
          
----------

White 1,2
----------
X     X   
X O O X   
X   X     
X X       
          
----------

Black 2,3
----------
X     X   
X O O X   
X   X X   
X X       
          
----------

White 2,1
----------
X     X   
X O O X   
X O X X   
X X       
          
----------

Black 3,2
----------
X     X   
X O O X   
X O X X   
X X X     
          
----------

White 3,3
----------
X     X   
X O O X   
X O X X   
X X X O   
          
----------

Black 4,2
----------
X     X   
X O O X   
X O X X   
X X X O   
    X     
----------

White 3,4
----------
X     X   
X O O X   
X O X X   
X X X O O 
    X     
----------

Black 4,3
----------
X     X   
X O O X   
X O X X   
X X X O O 
    X X   
----------

White 2,4
----------
X     X   
X O O X   
X O X X O 
X X X O O 
    X X   
----------

Game end.
The winner is X
ta time: 146.86
student time: 7.04
White(You) lose.
=====Round 4=====
Black:You White:TA
Wed Oct 28 16:41:07 PDT 2020
Clean up...
Start Playing...
Black 2,2
----------
          
          
    X     
          
          
----------

White 3,2
----------
          
          
    X     
    O     
          
----------

Black 1,2
----------
          
    X     
    X     
    O     
          
----------

White 3,1
----------
          
    X     
    X     
  O O     
          
----------

Black 1,1
----------
          
  X X     
    X     
  O O     
          
----------

White 3,3
----------
          
  X X     
    X     
  O O O   
          
----------

Black 1,3
----------
          
  X X X   
    X     
  O O O   
          
----------

White 2,4
----------
          
  X X X   
    X   O 
  O O O   
          
----------

Black 1,0
----------
          
X X X X   
    X   O 
  O O O   
          
----------

White 2,3
----------
          
X X X X   
    X O O 
  O O O   
          
----------

Black 0,3
----------
      X   
X X X X   
    X O O 
  O O O   
          
----------

White 1,4
----------
      X   
X X X X O 
    X O O 
  O O O   
          
----------

Black 2,0
----------
      X   
X X X X O 
X   X O O 
  O O O   
          
----------

White 3,0
----------
      X   
X X X X O 
X   X O O 
O O O O   
          
----------

Black 2,1
----------
      X   
X X X X O 
X X X O O 
O O O O   
          
----------

White 0,1
----------
  O   X   
X X X X O 
X X X O O 
O O O O   
          
----------

Black 0,0
----------
X O   X   
X X X X O 
X X X O O 
O O O O   
          
----------

White 4,3
----------
X O   X   
X X X X O 
X X X O O 
O O O O   
      O   
----------

Black 0,4
----------
X O   X X 
X X X X O 
X X X O O 
O O O O   
      O   
----------

White 0,2
----------
  O O     
        O 
      O O 
O O O O   
      O   
----------

Black 1,1
----------
  O O     
  X     O 
      O O 
O O O O   
      O   
----------

White 2,2
----------
  O O     
  X     O 
    O O O 
O O O O   
      O   
----------

Black 1,2
----------
  O O     
  X X   O 
    O O O 
O O O O   
      O   
----------

White 2,0
----------
  O O     
  X X   O 
O   O O O 
O O O O   
      O   
----------

Game end.
The winner is O
ta time: 182.05
student time: 7.69
Black(You) lose.
=====Round 5=====
Black:TA White:You
Wed Oct 28 16:41:36 PDT 2020
Clean up...
Start Playing...
Black 2,2
----------
          
          
    X     
          
          
----------

White 1,1
----------
          
  O       
    X     
          
          
----------

Black 1,2
----------
          
  O X     
    X     
          
          
----------

White 2,1
----------
          
  O X     
  O X     
          
          
----------

Black 3,1
----------
          
  O X     
  O X     
  X       
          
----------

White 0,1
----------
  O       
  O X     
  O X     
  X       
          
----------

Black 3,0
----------
  O       
  O X     
  O X     
X X       
          
----------

White 0,2
----------
  O O     
  O X     
  O X     
X X       
          
----------

Black 1,3
----------
  O O     
  O X X   
  O X     
X X       
          
----------

White 0,3
----------
  O O O   
  O X X   
  O X     
X X       
          
----------

Black 1,4
----------
  O O O   
  O X X X 
  O X     
X X       
          
----------

White 0,0
----------
O O O O   
  O X X X 
  O X     
X X       
          
----------

Black 2,0
----------
O O O O   
  O X X X 
X O X     
X X       
          
----------

White 3,3
----------
O O O O   
  O X X X 
X O X     
X X   O   
          
----------

Black 0,4
----------
O O O O X 
  O X X X 
X O X     
X X   O   
          
----------

White 2,3
----------
O O O O X 
  O X X X 
X O X O   
X X   O   
          
----------

Black 1,0
----------
        X 
X   X X X 
X   X O   
X X   O   
          
----------

White 3,2
----------
        X 
X   X X X 
X   X O   
X X O O   
          
----------

Black 4,1
----------
        X 
X   X X X 
X   X O   
X X O O   
  X       
----------

White 3,4
----------
        X 
X   X X X 
X   X O   
X X O O O 
  X       
----------

Black 4,2
----------
        X 
X   X X X 
X   X O   
X X O O O 
  X X     
----------

White 2,4
----------
        X 
X   X X X 
X   X O O 
X X O O O 
  X X     
----------

Black 0,0
----------
X       X 
X   X X X 
X   X O O 
X X O O O 
  X X     
----------

White 4,3
----------
X       X 
X   X X X 
X   X O O 
X X O O O 
  X X O   
----------

Game end.
The winner is X
ta time: 215.33
student time: 8.21
White(You) lose.
=====Round 6=====
Black:You White:TA
Wed Oct 28 16:42:02 PDT 2020
Clean up...
Start Playing...
Black 2,2
----------
          
          
    X     
          
          
----------

White 1,1
----------
          
  O       
    X     
          
          
----------

Black 2,3
----------
          
  O       
    X X   
          
          
----------

White 1,2
----------
          
  O O     
    X X   
          
          
----------

Black 1,3
----------
          
  O O X   
    X X   
          
          
----------

White 2,1
----------
          
  O O X   
  O X X   
          
          
----------

Black 3,2
----------
          
  O O X   
  O X X   
    X     
          
----------

White 3,1
----------
          
  O O X   
  O X X   
  O X     
          
----------

Black 3,3
----------
          
  O O X   
  O X X   
  O X X   
          
----------

White 0,3
----------
      O   
  O O X   
  O X X   
  O X X   
          
----------

Black 1,4
----------
      O   
  O O X X 
  O X X   
  O X X   
          
----------

White 4,1
----------
      O   
  O O X X 
  O X X   
  O X X   
  O       
----------

Black 3,4
----------
      O   
  O O X X 
  O X X   
  O X X X 
  O       
----------

White 0,2
----------
    O O   
  O O X X 
  O X X   
  O X X X 
  O       
----------

Black 0,4
----------
    O O X 
  O O X X 
  O X X   
  O X X X 
  O       
----------

White 4,2
----------
    O O X 
  O O X X 
  O X X   
  O X X X 
  O O     
----------

Black 2,4
----------
    O O X 
  O O X X 
  O X X X 
  O X X X 
  O O     
----------

White 0,0
----------
O   O O X 
  O O X X 
  O X X X 
  O X X X 
  O O     
----------

Black 4,3
----------
O   O O X 
  O O X X 
  O X X X 
  O X X X 
  O O X   
----------

White 3,0
----------
O   O O X 
  O O X X 
  O X X X 
O O X X X 
  O O X   
----------

Black 1,0
----------
O   O O X 
X O O X X 
  O X X X 
O O X X X 
  O O X   
----------

White 2,0
----------
O   O O X 
  O O X X 
O O X X X 
O O X X X 
  O O X   
----------

Black PASS
----------
O   O O X 
  O O X X 
O O X X X 
O O X X X 
  O O X   
----------

White 0,1
----------
O O O O X 
  O O X X 
O O X X X 
O O X X X 
  O O X   
----------

Game end.
The winner is O
ta time: 253.38
student time: 8.81
Black(You) lose.
=====Round 7=====
Black:TA White:You
Wed Oct 28 16:42:30 PDT 2020
Clean up...
Start Playing...
Black 2,2
----------
          
          
    X     
          
          
----------

White 1,1
----------
          
  O       
    X     
          
          
----------

Black 2,1
----------
          
  O       
  X X     
          
          
----------

White 1,2
----------
          
  O O     
  X X     
          
          
----------

Black 1,3
----------
          
  O O X   
  X X     
          
          
----------

White 1,0
----------
          
O O O X   
  X X     
          
          
----------

Black 0,3
----------
      X   
O O O X   
  X X     
          
          
----------

White 2,0
----------
      X   
O O O X   
O X X     
          
          
----------

Black 3,1
----------
      X   
O O O X   
O X X     
  X       
          
----------

White 3,0
----------
      X   
O O O X   
O X X     
O X       
          
----------

Black 4,1
----------
      X   
O O O X   
O X X     
O X       
  X       
----------

White 0,0
----------
O     X   
O O O X   
O X X     
O X       
  X       
----------

Black 0,2
----------
O   X X   
O O O X   
O X X     
O X       
  X       
----------

White 3,3
----------
O   X X   
O O O X   
O X X     
O X   O   
  X       
----------

Black 4,0
----------
O   X X   
O O O X   
O X X     
O X   O   
X X       
----------

White 2,3
----------
O   X X   
O O O X   
O X X O   
O X   O   
X X       
----------

Black 0,1
----------
  X X X   
      X   
  X X O   
  X   O   
X X       
----------

White 3,2
----------
  X X X   
      X   
  X X O   
  X O O   
X X       
----------

Black 1,4
----------
  X X X   
      X X 
  X X O   
  X O O   
X X       
----------

White 3,4
----------
  X X X   
      X X 
  X X O   
  X O O O 
X X       
----------

Black 1,2
----------
  X X X   
    X X X 
  X X O   
  X O O O 
X X       
----------

White 2,4
----------
  X X X   
    X X X 
  X X O O 
  X O O O 
X X       
----------

Black 0,0
----------
X X X X   
    X X X 
  X X O O 
  X O O O 
X X       
----------

White 4,2
----------
X X X X   
    X X X 
  X X O O 
  X O O O 
X X O     
----------

Game end.
The winner is X
ta time: 288.29
student time: 9.15
White(You) lose.
=====Round 8=====
Black:You White:TA
Wed Oct 28 16:42:57 PDT 2020
Clean up...
Start Playing...
Black 2,2
----------
          
          
    X     
          
          
----------

White 2,3
----------
          
          
    X O   
          
          
----------

Black 1,2
----------
          
    X     
    X O   
          
          
----------

White 3,3
----------
          
    X     
    X O   
      O   
          
----------

Black 1,1
----------
          
  X X     
    X O   
      O   
          
----------

White 1,3
----------
          
  X X O   
    X O   
      O   
          
----------

Black 2,1
----------
          
  X X O   
  X X O   
      O   
          
----------

White 0,2
----------
    O     
  X X O   
  X X O   
      O   
          
----------

Black 3,1
----------
    O     
  X X O   
  X X O   
  X   O   
          
----------

White 3,2
----------
    O     
  X X O   
  X X O   
  X O O   
          
----------

Black 4,1
----------
    O     
  X X O   
  X X O   
  X O O   
  X       
----------

White 0,3
----------
    O O   
  X X O   
  X X O   
  X O O   
  X       
----------

Black 0,1
----------
  X O O   
  X X O   
  X X O   
  X O O   
  X       
----------

White 4,2
----------
  X O O   
  X X O   
  X X O   
  X O O   
  X O     
----------

Black 0,0
----------
X X O O   
  X X O   
  X X O   
  X O O   
  X O     
----------

White 3,0
----------
X X O O   
  X X O   
  X X O   
O X O O   
  X O     
----------

Black 1,0
----------
X X O O   
X X X O   
  X X O   
O X O O   
  X O     
----------

White 1,4
----------
X X O O   
X X X O O 
  X X O   
O X O O   
  X O     
----------

Black 2,0
----------
X X O O   
X X X O O 
X X X O   
O X O O   
  X O     
----------

White 4,0
----------
    O O   
      O O 
      O   
O   O O   
O   O     
----------

Black 1,1
----------
    O O   
  X   O O 
      O   
O   O O   
O   O     
----------

White 1,2
----------
    O O   
  X O O O 
      O   
O   O O   
O   O     
----------

Black 2,1
----------
    O O   
  X O O O 
  X   O   
O   O O   
O   O     
----------

White 3,1
----------
    O O   
  X O O O 
  X   O   
O O O O   
O   O     
----------

Game end.
The winner is O
ta time: 325.77
student time: 9.77
Black(You) lose.
=====Round 9=====
Black:TA White:You
Wed Oct 28 16:43:24 PDT 2020
Clean up...
Start Playing...
Black 2,2
----------
          
          
    X     
          
          
----------

White 1,1
----------
          
  O       
    X     
          
          
----------

Black 1,2
----------
          
  O X     
    X     
          
          
----------

White 2,1
----------
          
  O X     
  O X     
          
          
----------

Black 3,1
----------
          
  O X     
  O X     
  X       
          
----------

White 0,1
----------
  O       
  O X     
  O X     
  X       
          
----------

Black 3,0
----------
  O       
  O X     
  O X     
X X       
          
----------

White 0,2
----------
  O O     
  O X     
  O X     
X X       
          
----------

Black 1,3
----------
  O O     
  O X X   
  O X     
X X       
          
----------

White 0,3
----------
  O O O   
  O X X   
  O X     
X X       
          
----------

Black 1,4
----------
  O O O   
  O X X X 
  O X     
X X       
          
----------

White 0,0
----------
O O O O   
  O X X X 
  O X     
X X       
          
----------

Black 2,0
----------
O O O O   
  O X X X 
X O X     
X X       
          
----------

White 3,3
----------
O O O O   
  O X X X 
X O X     
X X   O   
          
----------

Black 0,4
----------
O O O O X 
  O X X X 
X O X     
X X   O   
          
----------

White 2,3
----------
O O O O X 
  O X X X 
X O X O   
X X   O   
          
----------

Black 1,0
----------
        X 
X   X X X 
X   X O   
X X   O   
          
----------

White 3,2
----------
        X 
X   X X X 
X   X O   
X X O O   
          
----------

Black 2,4
----------
        X 
X   X X X 
X   X O X 
X X O O   
          
----------

White 3,4
----------
        X 
X   X X X 
X   X O X 
X X O O O 
          
----------

Black 4,2
----------
        X 
X   X X X 
X   X O X 
X X O O O 
    X     
----------

White 4,3
----------
        X 
X   X X X 
X   X O X 
X X O O O 
    X O   
----------

Black 4,4
----------
        X 
X   X X X 
X   X   X 
X X       
    X   X 
----------

White 3,3
----------
        X 
X   X X X 
X   X   X 
X X   O   
    X   X 
----------

Game end.
The winner is X
ta time: 362.53
student time: 10.19
White(You) lose.
=====Round 10=====
Black:You White:TA
Wed Oct 28 16:43:51 PDT 2020
Clean up...
Start Playing...
Black 2,2
----------
          
          
    X     
          
          
----------

White 1,2
----------
          
    O     
    X     
          
          
----------

Black 2,1
----------
          
    O     
  X X     
          
          
----------

White 1,3
----------
          
    O O   
  X X     
          
          
----------

Black 1,1
----------
          
  X O O   
  X X     
          
          
----------

White 2,3
----------
          
  X O O   
  X X O   
          
          
----------

Black 3,1
----------
          
  X O O   
  X X O   
  X       
          
----------

White 3,3
----------
          
  X O O   
  X X O   
  X   O   
          
----------

Black 0,1
----------
  X       
  X O O   
  X X O   
  X   O   
          
----------

White 0,2
----------
  X O     
  X O O   
  X X O   
  X   O   
          
----------

Black 3,2
----------
  X O     
  X O O   
  X X O   
  X X O   
          
----------

White 4,3
----------
  X O     
  X O O   
  X X O   
  X X O   
      O   
----------

Black 3,0
----------
  X O     
  X O O   
  X X O   
X X X O   
      O   
----------

White 1,4
----------
  X O     
  X O O O 
  X X O   
X X X O   
      O   
----------

Black 0,0
----------
X X O     
  X O O O 
  X X O   
X X X O   
      O   
----------

White 3,4
----------
X X O     
  X O O O 
  X X O   
X X X O O 
      O   
----------

Black 1,0
----------
X X O     
X X O O O 
  X X O   
X X X O O 
      O   
----------

White 4,1
----------
X X O     
X X O O O 
  X X O   
X X X O O 
  O   O   
----------

Black 2,0
----------
X X O     
X X O O O 
X X X O   
X X X O O 
  O   O   
----------

White 0,3
----------
X X O O   
X X O O O 
X X X O   
X X X O O 
  O   O   
----------

Black 4,2
----------
X X O O   
X X O O O 
X X X O   
X X X O O 
  O X O   
----------

White 4,0
----------
    O O   
    O O O 
      O   
      O O 
O O   O   
----------

Black 2,1
----------
    O O   
    O O O 
  X   O   
      O O 
O O   O   
----------

White 3,2
----------
    O O   
    O O O 
  X   O   
    O O O 
O O   O   
----------

Game end.
The winner is O
ta time: 397.61
student time: 10.87
Black(You) lose.
