Thu Oct 29 23:22:46 PDT 2020

==Playing with qlearning_player==
=====Round 1=====
Black:TA White:You
Thu Oct 29 23:22:46 PDT 2020
Clean up...
Start Playing...
Black 1,2
----------
          
    X     
          
          
          
----------

White 2,1
----------
          
    X     
  O       
          
          
----------

Black 2,2
----------
          
    X     
  O X     
          
          
----------

White 3,1
----------
          
    X     
  O X     
  O       
          
----------

Black 0,0
----------
X         
    X     
  O X     
  O       
          
----------

White 1,1
----------
X         
  O X     
  O X     
  O       
          
----------

Black 0,1
----------
X X       
  O X     
  O X     
  O       
          
----------

White 1,0
----------
X X       
O O X     
  O X     
  O       
          
----------

Black 3,2
----------
X X       
O O X     
  O X     
  O X     
          
----------

White 0,2
----------
    O     
O O X     
  O X     
  O X     
          
----------

Black 2,3
----------
    O     
O O X     
  O X X   
  O X     
          
----------

White 0,3
----------
    O O   
O O X     
  O X X   
  O X     
          
----------

Black 3,3
----------
    O O   
O O X     
  O X X   
  O X X   
          
----------

White 4,1
----------
    O O   
O O X     
  O X X   
  O X X   
  O       
----------

Black 1,3
----------
    O O   
O O X X   
  O X X   
  O X X   
  O       
----------

White 0,4
----------
    O O O 
O O X X   
  O X X   
  O X X   
  O       
----------

Black 4,2
----------
    O O O 
O O X X   
  O X X   
  O X X   
  O X     
----------

White 1,4
----------
    O O O 
O O X X O 
  O X X   
  O X X   
  O X     
----------

Black 2,4
----------
    O O O 
O O X X O 
  O X X X 
  O X X   
  O X     
----------

White 3,4
----------
    O O O 
O O X X O 
  O X X X 
  O X X O 
  O X     
----------

Black 0,1
----------
  X       
O O X X   
  O X X X 
  O X X O 
  O X     
----------

White 0,0
----------
O X       
O O X X   
  O X X X 
  O X X O 
  O X     
----------

Black 4,4
----------
O X       
O O X X   
  O X X X 
  O X X   
  O X   X 
----------

White 2,0
----------
O X       
O O X X   
O O X X X 
  O X X   
  O X   X 
----------

Game end.
The winner is X
ta time: 3.73
student time: 3.44
White(You) lose.
=====Round 2=====
Black:You White:TA
Thu Oct 29 23:23:08 PDT 2020
Clean up...
Start Playing...
Black 2,2
----------
          
          
    X     
          
          
----------

White 2,1
----------
          
          
  O X     
          
          
----------

Black 1,2
----------
          
    X     
  O X     
          
          
----------

White 3,2
----------
          
    X     
  O X     
    O     
          
----------

Black 1,1
----------
          
  X X     
  O X     
    O     
          
----------

White 2,3
----------
          
  X X     
  O X O   
    O     
          
----------

Black 3,1
----------
          
  X X     
  O X O   
  X O     
          
----------

White 1,3
----------
          
  X X O   
  O X O   
  X O     
          
----------

Black 2,0
----------
          
  X X O   
X   X O   
  X O     
          
----------

White 2,4
----------
          
  X X O   
X   X O O 
  X O     
          
----------

Black 3,3
----------
          
  X X O   
X   X O O 
  X O X   
          
----------

White 4,2
----------
          
  X X O   
X   X O O 
  X O X   
    O     
----------

Black 4,1
----------
          
  X X O   
X   X O O 
  X O X   
  X O     
----------

White 0,2
----------
    O     
  X X O   
X   X O O 
  X O X   
  X O     
----------

Black 4,3
----------
    O     
  X X O   
X   X O O 
  X   X   
  X   X   
----------

White 3,2
----------
    O     
  X X O   
X   X O O 
  X O X   
  X   X   
----------

Black 4,2
----------
    O     
  X X O   
X   X O O 
  X   X   
  X X X   
----------

White 0,1
----------
  O O     
  X X O   
X   X O O 
  X   X   
  X X X   
----------

Black 1,0
----------
  O O     
X X X O   
X   X O O 
  X   X   
  X X X   
----------

White 3,0
----------
  O O     
X X X O   
X   X O O 
O X   X   
  X X X   
----------

Black 4,0
----------
  O O     
X X X O   
X   X O O 
  X   X   
X X X X   
----------

White 3,4
----------
  O O     
X X X O   
X   X O O 
  X   X O 
X X X X   
----------

Black 0,0
----------
X O O     
X X X O   
X   X O O 
  X   X O 
X X X X   
----------

White 0,3
----------
X O O O   
X X X O   
X   X O O 
  X   X O 
X X X X   
----------

Game end.
The winner is X
ta time: 7.48
student time: 6.66
Black(You) win!
=====Round 3=====
Black:TA White:You
Thu Oct 29 23:23:26 PDT 2020
Clean up...
Start Playing...
Black 1,2
----------
          
    X     
          
          
          
----------

White 2,1
----------
          
    X     
  O       
          
          
----------

Black 2,2
----------
          
    X     
  O X     
          
          
----------

White 3,1
----------
          
    X     
  O X     
  O       
          
----------

Black 0,0
----------
X         
    X     
  O X     
  O       
          
----------

White 1,1
----------
X         
  O X     
  O X     
  O       
          
----------

Black 0,1
----------
X X       
  O X     
  O X     
  O       
          
----------

White 1,0
----------
X X       
O O X     
  O X     
  O       
          
----------

Black 2,3
----------
X X       
O O X     
  O X X   
  O       
          
----------

White 0,2
----------
    O     
O O X     
  O X X   
  O       
          
----------

Black 3,2
----------
    O     
O O X     
  O X X   
  O X     
          
----------

White 0,3
----------
    O O   
O O X     
  O X X   
  O X     
          
----------

Black 2,4
----------
    O O   
O O X     
  O X X X 
  O X     
          
----------

White 4,1
----------
    O O   
O O X     
  O X X X 
  O X     
  O       
----------

Black 3,3
----------
    O O   
O O X     
  O X X X 
  O X X   
  O       
----------

White 1,3
----------
    O O   
O O X O   
  O X X X 
  O X X   
  O       
----------

Black 2,0
----------
    O O   
O O X O   
X O X X X 
  O X X   
  O       
----------

White 3,0
----------
    O O   
O O X O   
  O X X X 
O O X X   
  O       
----------

Black 4,2
----------
    O O   
O O X O   
  O X X X 
O O X X   
  O X     
----------

White 0,0
----------
O   O O   
O O X O   
  O X X X 
O O X X   
  O X     
----------

Black 4,3
----------
O   O O   
O O X O   
  O X X X 
O O X X   
  O X X   
----------

White 0,1
----------
O O O O   
O O X O   
  O X X X 
O O X X   
  O X X   
----------

Black 1,4
----------
O O O O   
O O X O X 
  O X X X 
O O X X   
  O X X   
----------

White 0,4
----------
O O O O O 
O O X O X 
  O X X X 
O O X X   
  O X X   
----------

Game end.
The winner is O
ta time: 11.42
student time: 10.3
White(You) win!
=====Round 4=====
Black:You White:TA
Thu Oct 29 23:23:45 PDT 2020
Clean up...
Start Playing...
Black 2,2
----------
          
          
    X     
          
          
----------

White 2,1
----------
          
          
  O X     
          
          
----------

Black 1,2
----------
          
    X     
  O X     
          
          
----------

White 3,2
----------
          
    X     
  O X     
    O     
          
----------

Black 1,1
----------
          
  X X     
  O X     
    O     
          
----------

White 2,3
----------
          
  X X     
  O X O   
    O     
          
----------

Black 3,1
----------
          
  X X     
  O X O   
  X O     
          
----------

White 2,4
----------
          
  X X     
  O X O O 
  X O     
          
----------

Black 2,0
----------
          
  X X     
X   X O O 
  X O     
          
----------

White 1,3
----------
          
  X X O   
X   X O O 
  X O     
          
----------

Black 3,3
----------
          
  X X O   
X   X O O 
  X O X   
          
----------

White 4,2
----------
          
  X X O   
X   X O O 
  X O X   
    O     
----------

Black 4,1
----------
          
  X X O   
X   X O O 
  X O X   
  X O     
----------

White 0,2
----------
    O     
  X X O   
X   X O O 
  X O X   
  X O     
----------

Black 4,3
----------
    O     
  X X O   
X   X O O 
  X   X   
  X   X   
----------

White 3,2
----------
    O     
  X X O   
X   X O O 
  X O X   
  X   X   
----------

Black 4,2
----------
    O     
  X X O   
X   X O O 
  X   X   
  X X X   
----------

White 3,0
----------
    O     
  X X O   
X   X O O 
O X   X   
  X X X   
----------

Black 4,0
----------
    O     
  X X O   
X   X O O 
  X   X   
X X X X   
----------

White 0,3
----------
    O O   
  X X O   
X   X O O 
  X   X   
X X X X   
----------

Black 0,1
----------
  X O O   
  X X O   
X   X O O 
  X   X   
X X X X   
----------

White 3,4
----------
  X O O   
  X X O   
X   X O O 
  X   X O 
X X X X   
----------

Black 2,1
----------
  X O O   
  X X O   
X X X O O 
  X   X O 
X X X X   
----------

White 1,4
----------
  X O O   
  X X O O 
X X X O O 
  X   X O 
X X X X   
----------

Game end.
The winner is X
ta time: 15.3
student time: 13.66
Black(You) win!
=====Round 5=====
Black:TA White:You
Thu Oct 29 23:24:02 PDT 2020
Clean up...
Start Playing...
Black 1,2
----------
          
    X     
          
          
          
----------

White 2,1
----------
          
    X     
  O       
          
          
----------

Black 2,2
----------
          
    X     
  O X     
          
          
----------

White 3,1
----------
          
    X     
  O X     
  O       
          
----------

Black 0,0
----------
X         
    X     
  O X     
  O       
          
----------

White 1,1
----------
X         
  O X     
  O X     
  O       
          
----------

Black 0,1
----------
X X       
  O X     
  O X     
  O       
          
----------

White 1,0
----------
X X       
O O X     
  O X     
  O       
          
----------

Black 2,3
----------
X X       
O O X     
  O X X   
  O       
          
----------

White 0,2
----------
    O     
O O X     
  O X X   
  O       
          
----------

Black 3,2
----------
    O     
O O X     
  O X X   
  O X     
          
----------

White 0,3
----------
    O O   
O O X     
  O X X   
  O X     
          
----------

Black 2,4
----------
    O O   
O O X     
  O X X X 
  O X     
          
----------

White 4,1
----------
    O O   
O O X     
  O X X X 
  O X     
  O       
----------

Black 3,3
----------
    O O   
O O X     
  O X X X 
  O X X   
  O       
----------

White 1,3
----------
    O O   
O O X O   
  O X X X 
  O X X   
  O       
----------

Black 2,0
----------
    O O   
O O X O   
X O X X X 
  O X X   
  O       
----------

White 3,0
----------
    O O   
O O X O   
  O X X X 
O O X X   
  O       
----------

Black 4,2
----------
    O O   
O O X O   
  O X X X 
O O X X   
  O X     
----------

White 0,0
----------
O   O O   
O O X O   
  O X X X 
O O X X   
  O X     
----------

Black 4,3
----------
O   O O   
O O X O   
  O X X X 
O O X X   
  O X X   
----------

White 0,1
----------
O O O O   
O O X O   
  O X X X 
O O X X   
  O X X   
----------

Black 1,4
----------
O O O O   
O O X O X 
  O X X X 
O O X X   
  O X X   
----------

White 0,4
----------
O O O O O 
O O X O X 
  O X X X 
O O X X   
  O X X   
----------

Game end.
The winner is O
ta time: 19.08
student time: 17.33
White(You) win!
=====Round 6=====
Black:You White:TA
Thu Oct 29 23:24:21 PDT 2020
Clean up...
Start Playing...
Black 2,2
----------
          
          
    X     
          
          
----------

White 2,1
----------
          
          
  O X     
          
          
----------

Black 1,2
----------
          
    X     
  O X     
          
          
----------

White 3,2
----------
          
    X     
  O X     
    O     
          
----------

Black 1,1
----------
          
  X X     
  O X     
    O     
          
----------

White 2,3
----------
          
  X X     
  O X O   
    O     
          
----------

Black 3,1
----------
          
  X X     
  O X O   
  X O     
          
----------

White 0,2
----------
    O     
  X X     
  O X O   
  X O     
          
----------

Black 2,0
----------
    O     
  X X     
X   X O   
  X O     
          
----------

White 3,3
----------
    O     
  X X     
X   X O   
  X O O   
          
----------

Black 0,1
----------
  X O     
  X X     
X   X O   
  X O O   
          
----------

White 2,4
----------
  X O     
  X X     
X   X O O 
  X O O   
          
----------

Black 0,3
----------
  X   X   
  X X     
X   X O O 
  X O O   
          
----------

White 4,2
----------
  X   X   
  X X     
X   X O O 
  X O O   
    O     
----------

Black 1,3
----------
  X   X   
  X X X   
X   X O O 
  X O O   
    O     
----------

White 1,0
----------
  X   X   
O X X X   
X   X O O 
  X O O   
    O     
----------

Black 0,0
----------
X X   X   
  X X X   
X   X O O 
  X O O   
    O     
----------

White 4,3
----------
X X   X   
  X X X   
X   X O O 
  X O O   
    O O   
----------

Black 2,1
----------
X X   X   
  X X X   
X X X O O 
  X O O   
    O O   
----------

White 3,4
----------
X X   X   
  X X X   
X X X O O 
  X O O O 
    O O   
----------

Black 3,0
----------
X X   X   
  X X X   
X X X O O 
X X O O O 
    O O   
----------

White 1,4
----------
X X   X   
  X X X O 
X X X O O 
X X O O O 
    O O   
----------

Black 0,4
----------
X X   X X 
  X X X O 
X X X O O 
X X O O O 
    O O   
----------

White 4,1
----------
X X   X X 
  X X X O 
X X X O O 
X X O O O 
  O O O   
----------

Game end.
The winner is X
ta time: 22.72
student time: 20.79
Black(You) win!
=====Round 7=====
Black:TA White:You
Thu Oct 29 23:24:39 PDT 2020
Clean up...
Start Playing...
Black 1,2
----------
          
    X     
          
          
          
----------

White 2,1
----------
          
    X     
  O       
          
          
----------

Black 2,2
----------
          
    X     
  O X     
          
          
----------

White 3,1
----------
          
    X     
  O X     
  O       
          
----------

Black 0,0
----------
X         
    X     
  O X     
  O       
          
----------

White 1,1
----------
X         
  O X     
  O X     
  O       
          
----------

Black 0,1
----------
X X       
  O X     
  O X     
  O       
          
----------

White 1,0
----------
X X       
O O X     
  O X     
  O       
          
----------

Black 3,2
----------
X X       
O O X     
  O X     
  O X     
          
----------

White 0,2
----------
    O     
O O X     
  O X     
  O X     
          
----------

Black 2,3
----------
    O     
O O X     
  O X X   
  O X     
          
----------

White 0,3
----------
    O O   
O O X     
  O X X   
  O X     
          
----------

Black 2,0
----------
    O O   
O O X     
X O X X   
  O X     
          
----------

White 3,0
----------
    O O   
O O X     
  O X X   
O O X     
          
----------

Black 2,4
----------
    O O   
O O X     
  O X X X 
O O X     
          
----------

White 1,3
----------
    O O   
O O X O   
  O X X X 
O O X     
          
----------

Black 3,3
----------
    O O   
O O X O   
  O X X X 
O O X X   
          
----------

White 4,1
----------
    O O   
O O X O   
  O X X X 
O O X X   
  O       
----------

Black 4,2
----------
    O O   
O O X O   
  O X X X 
O O X X   
  O X     
----------

White 0,0
----------
O   O O   
O O X O   
  O X X X 
O O X X   
  O X     
----------

Black 4,3
----------
O   O O   
O O X O   
  O X X X 
O O X X   
  O X X   
----------

White 0,1
----------
O O O O   
O O X O   
  O X X X 
O O X X   
  O X X   
----------

Black 1,4
----------
O O O O   
O O X O X 
  O X X X 
O O X X   
  O X X   
----------

White 0,4
----------
O O O O O 
O O X O X 
  O X X X 
O O X X   
  O X X   
----------

Game end.
The winner is O
ta time: 26.59
student time: 24.18
White(You) win!
=====Round 8=====
Black:You White:TA
Thu Oct 29 23:24:57 PDT 2020
Clean up...
Start Playing...
Black 2,2
----------
          
          
    X     
          
          
----------

White 2,1
----------
          
          
  O X     
          
          
----------

Black 1,2
----------
          
    X     
  O X     
          
          
----------

White 3,2
----------
          
    X     
  O X     
    O     
          
----------

Black 1,1
----------
          
  X X     
  O X     
    O     
          
----------

White 2,3
----------
          
  X X     
  O X O   
    O     
          
----------

Black 3,1
----------
          
  X X     
  O X O   
  X O     
          
----------

White 4,2
----------
          
  X X     
  O X O   
  X O     
    O     
----------

Black 2,0
----------
          
  X X     
X   X O   
  X O     
    O     
----------

White 1,3
----------
          
  X X O   
X   X O   
  X O     
    O     
----------

Black 0,1
----------
  X       
  X X O   
X   X O   
  X O     
    O     
----------

White 2,4
----------
  X       
  X X O   
X   X O O 
  X O     
    O     
----------

Black 0,2
----------
  X X     
  X X O   
X   X O O 
  X O     
    O     
----------

White 3,3
----------
  X X     
  X X O   
X   X O O 
  X O O   
    O     
----------

Black 0,3
----------
  X X X   
  X X O   
X   X O O 
  X O O   
    O     
----------

White 1,4
----------
  X X X   
  X X O O 
X   X O O 
  X O O   
    O     
----------

Black 2,1
----------
  X X X   
  X X O O 
X X X O O 
  X O O   
    O     
----------

White 3,0
----------
  X X X   
  X X O O 
X X X O O 
O X O O   
    O     
----------

Black 4,1
----------
  X X X   
  X X O O 
X X X O O 
O X O O   
  X O     
----------

White 4,3
----------
  X X X   
  X X O O 
X X X O O 
O X O O   
  X O O   
----------

Black 4,0
----------
  X X X   
  X X O O 
X X X O O 
  X O O   
X X O O   
----------

White 3,4
----------
  X X X   
  X X O O 
X X X O O 
  X O O O 
X X O O   
----------

Black 0,4
----------
  X X X X 
  X X O O 
X X X O O 
  X O O O 
X X O O   
----------

White 1,0
----------
  X X X X 
O X X O O 
X X X O O 
  X O O O 
X X O O   
----------

Game end.
The winner is O
ta time: 30.04
student time: 27.69
Black(You) lose.
=====Round 9=====
Black:TA White:You
Thu Oct 29 23:25:15 PDT 2020
Clean up...
Start Playing...
Black 1,2
----------
          
    X     
          
          
          
----------

White 2,1
----------
          
    X     
  O       
          
          
----------

Black 2,2
----------
          
    X     
  O X     
          
          
----------

White 3,1
----------
          
    X     
  O X     
  O       
          
----------

Black 0,0
----------
X         
    X     
  O X     
  O       
          
----------

White 1,1
----------
X         
  O X     
  O X     
  O       
          
----------

Black 0,1
----------
X X       
  O X     
  O X     
  O       
          
----------

White 1,0
----------
X X       
O O X     
  O X     
  O       
          
----------

Black 3,2
----------
X X       
O O X     
  O X     
  O X     
          
----------

White 0,2
----------
    O     
O O X     
  O X     
  O X     
          
----------

Black 2,3
----------
    O     
O O X     
  O X X   
  O X     
          
----------

White 0,3
----------
    O O   
O O X     
  O X X   
  O X     
          
----------

Black 1,3
----------
    O O   
O O X X   
  O X X   
  O X     
          
----------

White 4,1
----------
    O O   
O O X X   
  O X X   
  O X     
  O       
----------

Black 3,3
----------
    O O   
O O X X   
  O X X   
  O X X   
  O       
----------

White 0,4
----------
    O O O 
O O X X   
  O X X   
  O X X   
  O       
----------

Black 2,4
----------
    O O O 
O O X X   
  O X X X 
  O X X   
  O       
----------

White 4,2
----------
    O O O 
O O X X   
  O X X X 
  O X X   
  O O     
----------

Black 2,0
----------
    O O O 
O O X X   
X O X X X 
  O X X   
  O O     
----------

White 3,0
----------
    O O O 
O O X X   
  O X X X 
O O X X   
  O O     
----------

Black 3,4
----------
    O O O 
O O X X   
  O X X X 
O O X X X 
  O O     
----------

White 4,3
----------
    O O O 
O O X X   
  O X X X 
O O X X X 
  O O O   
----------

Black 0,1
----------
  X O O O 
O O X X   
  O X X X 
O O X X X 
  O O O   
----------

White 4,4
----------
  X O O O 
O O X X   
  O X X X 
O O X X X 
  O O O O 
----------

Game end.
The winner is O
ta time: 34.12
student time: 31.28
White(You) win!
=====Round 10=====
Black:You White:TA
Thu Oct 29 23:25:34 PDT 2020
Clean up...
Start Playing...
Black 2,2
----------
          
          
    X     
          
          
----------

White 2,1
----------
          
          
  O X     
          
          
----------

Black 1,2
----------
          
    X     
  O X     
          
          
----------

White 3,2
----------
          
    X     
  O X     
    O     
          
----------

Black 1,1
----------
          
  X X     
  O X     
    O     
          
----------

White 2,3
----------
          
  X X     
  O X O   
    O     
          
----------

Black 3,1
----------
          
  X X     
  O X O   
  X O     
          
----------

White 4,2
----------
          
  X X     
  O X O   
  X O     
    O     
----------

Black 2,0
----------
          
  X X     
X   X O   
  X O     
    O     
----------

White 1,3
----------
          
  X X O   
X   X O   
  X O     
    O     
----------

Black 0,1
----------
  X       
  X X O   
X   X O   
  X O     
    O     
----------

White 3,3
----------
  X       
  X X O   
X   X O   
  X O O   
    O     
----------

Black 0,2
----------
  X X     
  X X O   
X   X O   
  X O O   
    O     
----------

White 2,4
----------
  X X     
  X X O   
X   X O O 
  X O O   
    O     
----------

Black 0,3
----------
  X X X   
  X X O   
X   X O O 
  X O O   
    O     
----------

White 1,0
----------
  X X X   
O X X O   
X   X O O 
  X O O   
    O     
----------

Black 0,0
----------
X X X X   
  X X O   
X   X O O 
  X O O   
    O     
----------

White 4,3
----------
X X X X   
  X X O   
X   X O O 
  X O O   
    O O   
----------

Black 0,4
----------
X X X X X 
  X X O   
X   X O O 
  X O O   
    O O   
----------

White 4,1
----------
X X X X X 
  X X O   
X   X O O 
  X O O   
  O O O   
----------

Black 2,1
----------
X X X X X 
  X X O   
X X X O O 
  X O O   
  O O O   
----------

White 3,0
----------
X X X X X 
  X X O   
X X X O O 
O X O O   
  O O O   
----------

Black 4,0
----------
X X X X X 
  X X O   
X X X O O 
  X O O   
X O O O   
----------

White 1,4
----------
X X X X X 
  X X O O 
X X X O O 
  X O O   
X O O O   
----------

Game end.
The winner is X
ta time: 37.93
student time: 34.62
Black(You) win!

==Playing with championship_player==
=====Round 1=====
Black:TA White:You
Thu Oct 29 23:25:56 PDT 2020
Clean up...
Start Playing...
Black 2,2
----------
          
          
    X     
          
          
----------

White 0,2
----------
    O     
          
    X     
          
          
----------

Black 2,1
----------
    O     
          
  X X     
          
          
----------

White 1,2
----------
    O     
    O     
  X X     
          
          
----------

Black 2,3
----------
    O     
    O     
  X X X   
          
          
----------

White 1,1
----------
    O     
  O O     
  X X X   
          
          
----------

Black 2,0
----------
    O     
  O O     
X X X X   
          
          
----------

White 1,3
----------
    O     
  O O O   
X X X X   
          
          
----------

Black 2,4
----------
    O     
  O O O   
X X X X X 
          
          
----------

White 0,1
----------
  O O     
  O O O   
X X X X X 
          
          
----------

Black 1,0
----------
  O O     
X O O O   
X X X X X 
          
          
----------

White 0,3
----------
  O O O   
X O O O   
X X X X X 
          
          
----------

Black 1,4
----------
  O O O   
X O O O X 
X X X X X 
          
          
----------

White 3,1
----------
  O O O   
X O O O X 
X X X X X 
  O       
          
----------

Black 0,0
----------
X O O O   
X O O O X 
X X X X X 
  O       
          
----------

White 3,2
----------
X O O O   
X O O O X 
X X X X X 
  O O     
          
----------

Black 0,4
----------
X       X 
X       X 
X X X X X 
  O O     
          
----------

White 3,3
----------
X       X 
X       X 
X X X X X 
  O O O   
          
----------

Black 1,1
----------
X       X 
X X     X 
X X X X X 
  O O O   
          
----------

White 3,0
----------
X       X 
X X     X 
X X X X X 
O O O O   
          
----------

Black 0,1
----------
X X     X 
X X     X 
X X X X X 
O O O O   
          
----------

White 3,4
----------
X X     X 
X X     X 
X X X X X 
O O O O O 
          
----------

Black 4,1
----------
X X     X 
X X     X 
X X X X X 
O O O O O 
  X       
----------

White 4,0
----------
X X     X 
X X     X 
X X X X X 
O O O O O 
O X       
----------

Game end.
The winner is X
ta time: 75.52
student time: 38.32
White(You) lose.
=====Round 2=====
Black:You White:TA
Thu Oct 29 23:26:41 PDT 2020
Clean up...
Start Playing...
Black 2,2
----------
          
          
    X     
          
          
----------

White 3,2
----------
          
          
    X     
    O     
          
----------

Black 1,2
----------
          
    X     
    X     
    O     
          
----------

White 3,3
----------
          
    X     
    X     
    O O   
          
----------

Black 1,1
----------
          
  X X     
    X     
    O O   
          
----------

White 3,1
----------
          
  X X     
    X     
  O O O   
          
----------

Black 1,3
----------
          
  X X X   
    X     
  O O O   
          
----------

White 2,4
----------
          
  X X X   
    X   O 
  O O O   
          
----------

Black 1,0
----------
          
X X X X   
    X   O 
  O O O   
          
----------

White 2,3
----------
          
X X X X   
    X O O 
  O O O   
          
----------

Black 2,1
----------
          
X X X X   
  X X O O 
  O O O   
          
----------

White 3,0
----------
          
X X X X   
  X X O O 
O O O O   
          
----------

Black 0,3
----------
      X   
X X X X   
  X X O O 
O O O O   
          
----------

White 4,3
----------
      X   
X X X X   
  X X O O 
O O O O   
      O   
----------

Black 0,0
----------
X     X   
X X X X   
  X X O O 
O O O O   
      O   
----------

White 4,1
----------
X     X   
X X X X   
  X X O O 
O O O O   
  O   O   
----------

Black 0,1
----------
X X   X   
X X X X   
  X X O O 
O O O O   
  O   O   
----------

White 3,4
----------
X X   X   
X X X X   
  X X O O 
O O O O O 
  O   O   
----------

Black 0,4
----------
X X   X X 
X X X X   
  X X O O 
O O O O O 
  O   O   
----------

White 1,4
----------
X X   X X 
X X X X O 
  X X O O 
O O O O O 
  O   O   
----------

Black PASS
----------
X X   X X 
X X X X O 
  X X O O 
O O O O O 
  O   O   
----------

White 2,0
----------
X X   X X 
X X X X O 
O X X O O 
O O O O O 
  O   O   
----------

Black PASS
----------
X X   X X 
X X X X O 
O X X O O 
O O O O O 
  O   O   
----------

White 0,2
----------
    O     
        O 
O     O O 
O O O O O 
  O   O   
----------

Game end.
The winner is O
ta time: 108.76
student time: 41.82
Black(You) lose.
=====Round 3=====
Black:TA White:You
Thu Oct 29 23:27:26 PDT 2020
Clean up...
Start Playing...
Black 2,2
----------
          
          
    X     
          
          
----------

White 0,2
----------
    O     
          
    X     
          
          
----------

Black 1,3
----------
    O     
      X   
    X     
          
          
----------

White 0,1
----------
  O O     
      X   
    X     
          
          
----------

Black 1,1
----------
  O O     
  X   X   
    X     
          
          
----------

White 1,2
----------
  O O     
  X O X   
    X     
          
          
----------

Black 0,3
----------
  O O X   
  X O X   
    X     
          
          
----------

White 2,1
----------
  O O X   
  X O X   
  O X     
          
          
----------

Black 0,0
----------
X     X   
  X   X   
  O X     
          
          
----------

White 3,1
----------
X     X   
  X   X   
  O X     
  O       
          
----------

Black 3,2
----------
X     X   
  X   X   
  O X     
  O X     
          
----------

White 4,1
----------
X     X   
  X   X   
  O X     
  O X     
  O       
----------

Black 1,0
----------
X     X   
X X   X   
  O X     
  O X     
  O       
----------

White 4,2
----------
X     X   
X X   X   
  O X     
  O X     
  O O     
----------

Black 3,3
----------
X     X   
X X   X   
  O X     
  O X X   
  O O     
----------

White 4,3
----------
X     X   
X X   X   
  O X     
  O X X   
  O O O   
----------

Black 2,0
----------
X     X   
X X   X   
X O X     
  O X X   
  O O O   
----------

White 4,4
----------
X     X   
X X   X   
X O X     
  O X X   
  O O O O 
----------

Black 3,4
----------
X     X   
X X   X   
X O X     
  O X X X 
  O O O O 
----------

White 0,2
----------
X   O X   
X X   X   
X O X     
  O X X X 
  O O O O 
----------

Black 1,2
----------
X   O X   
X X X X   
X O X     
  O X X X 
  O O O O 
----------

White 1,4
----------
X   O X   
X X X X O 
X O X     
  O X X X 
  O O O O 
----------

Black 0,4
----------
X   O X X 
X X X X O 
X O X     
  O X X X 
  O O O O 
----------

White PASS
----------
X   O X X 
X X X X O 
X O X     
  O X X X 
  O O O O 
----------

Game end.
The winner is X
ta time: 139.16
student time: 44.92
White(You) lose.
=====Round 4=====
Black:You White:TA
Thu Oct 29 23:28:00 PDT 2020
Clean up...
Start Playing...
Black 2,2
----------
          
          
    X     
          
          
----------

White 3,2
----------
          
          
    X     
    O     
          
----------

Black 1,2
----------
          
    X     
    X     
    O     
          
----------

White 3,3
----------
          
    X     
    X     
    O O   
          
----------

Black 1,1
----------
          
  X X     
    X     
    O O   
          
----------

White 3,1
----------
          
  X X     
    X     
  O O O   
          
----------

Black 1,3
----------
          
  X X X   
    X     
  O O O   
          
----------

White 2,4
----------
          
  X X X   
    X   O 
  O O O   
          
----------

Black 1,0
----------
          
X X X X   
    X   O 
  O O O   
          
----------

White 2,3
----------
          
X X X X   
    X O O 
  O O O   
          
----------

Black 2,1
----------
          
X X X X   
  X X O O 
  O O O   
          
----------

White 3,0
----------
          
X X X X   
  X X O O 
O O O O   
          
----------

Black 0,3
----------
      X   
X X X X   
  X X O O 
O O O O   
          
----------

White 4,3
----------
      X   
X X X X   
  X X O O 
O O O O   
      O   
----------

Black 0,0
----------
X     X   
X X X X   
  X X O O 
O O O O   
      O   
----------

White 4,1
----------
X     X   
X X X X   
  X X O O 
O O O O   
  O   O   
----------

Black 0,1
----------
X X   X   
X X X X   
  X X O O 
O O O O   
  O   O   
----------

White 1,4
----------
X X   X   
X X X X O 
  X X O O 
O O O O   
  O   O   
----------

Black 0,4
----------
X X   X X 
X X X X O 
  X X O O 
O O O O   
  O   O   
----------

White 3,4
----------
X X   X X 
X X X X O 
  X X O O 
O O O O O 
  O   O   
----------

Black PASS
----------
X X   X X 
X X X X O 
  X X O O 
O O O O O 
  O   O   
----------

White 2,0
----------
X X   X X 
X X X X O 
O X X O O 
O O O O O 
  O   O   
----------

Black PASS
----------
X X   X X 
X X X X O 
O X X O O 
O O O O O 
  O   O   
----------

White 4,2
----------
X X   X X 
X X X X O 
O X X O O 
O O O O O 
  O O O   
----------

Game end.
The winner is O
ta time: 172.95
student time: 48.05
Black(You) lose.
=====Round 5=====
Black:TA White:You
Thu Oct 29 23:28:38 PDT 2020
Clean up...
Start Playing...
Black 2,2
----------
          
          
    X     
          
          
----------

White 0,2
----------
    O     
          
    X     
          
          
----------

Black 1,3
----------
    O     
      X   
    X     
          
          
----------

White 0,1
----------
  O O     
      X   
    X     
          
          
----------

Black 1,1
----------
  O O     
  X   X   
    X     
          
          
----------

White 1,2
----------
  O O     
  X O X   
    X     
          
          
----------

Black 0,3
----------
  O O X   
  X O X   
    X     
          
          
----------

White 2,1
----------
  O O X   
  X O X   
  O X     
          
          
----------

Black 0,0
----------
X     X   
  X   X   
  O X     
          
          
----------

White 3,1
----------
X     X   
  X   X   
  O X     
  O       
          
----------

Black 3,2
----------
X     X   
  X   X   
  O X     
  O X     
          
----------

White 4,1
----------
X     X   
  X   X   
  O X     
  O X     
  O       
----------

Black 1,0
----------
X     X   
X X   X   
  O X     
  O X     
  O       
----------

White 4,2
----------
X     X   
X X   X   
  O X     
  O X     
  O O     
----------

Black 3,3
----------
X     X   
X X   X   
  O X     
  O X X   
  O O     
----------

White 4,3
----------
X     X   
X X   X   
  O X     
  O X X   
  O O O   
----------

Black 2,0
----------
X     X   
X X   X   
X O X     
  O X X   
  O O O   
----------

White 4,4
----------
X     X   
X X   X   
X O X     
  O X X   
  O O O O 
----------

Black 3,4
----------
X     X   
X X   X   
X O X     
  O X X X 
  O O O O 
----------

White 0,2
----------
X   O X   
X X   X   
X O X     
  O X X X 
  O O O O 
----------

Black 1,2
----------
X   O X   
X X X X   
X O X     
  O X X X 
  O O O O 
----------

White 1,4
----------
X   O X   
X X X X O 
X O X     
  O X X X 
  O O O O 
----------

Black 0,1
----------
X X   X   
X X X X O 
X O X     
  O X X X 
  O O O O 
----------

White 2,4
----------
X X   X   
X X X X O 
X O X   O 
  O X X X 
  O O O O 
----------

Game end.
The winner is X
ta time: 202.43
student time: 50.97
White(You) lose.
=====Round 6=====
Black:You White:TA
Thu Oct 29 23:29:11 PDT 2020
Clean up...
Start Playing...
Black 2,2
----------
          
          
    X     
          
          
----------

White 2,1
----------
          
          
  O X     
          
          
----------

Black 1,2
----------
          
    X     
  O X     
          
          
----------

White 3,1
----------
          
    X     
  O X     
  O       
          
----------

Black 1,1
----------
          
  X X     
  O X     
  O       
          
----------

White 3,2
----------
          
  X X     
  O X     
  O O     
          
----------

Black 1,3
----------
          
  X X X   
  O X     
  O O     
          
----------

White 3,3
----------
          
  X X X   
  O X     
  O O O   
          
----------

Black 2,3
----------
          
  X X X   
  O X X   
  O O O   
          
----------

White 1,0
----------
          
O X X X   
  O X X   
  O O O   
          
----------

Black 0,1
----------
  X       
O X X X   
  O X X   
  O O O   
          
----------

White 3,4
----------
  X       
O X X X   
  O X X   
  O O O O 
          
----------

Black 0,0
----------
X X       
O X X X   
  O X X   
  O O O O 
          
----------

White 2,0
----------
X X       
O X X X   
O O X X   
  O O O O 
          
----------

Black 0,3
----------
X X   X   
O X X X   
O O X X   
  O O O O 
          
----------

White 2,4
----------
X X   X   
O X X X   
O O X X O 
  O O O O 
          
----------

Black 0,4
----------
X X   X X 
O X X X   
O O X X O 
  O O O O 
          
----------

White 4,2
----------
X X   X X 
O X X X   
O O X X O 
  O O O O 
    O     
----------

Black 4,0
----------
X X   X X 
O X X X   
O O X X O 
  O O O O 
X   O     
----------

White 4,1
----------
X X   X X 
O X X X   
O O X X O 
  O O O O 
X O O     
----------

Black PASS
----------
X X   X X 
O X X X   
O O X X O 
  O O O O 
X O O     
----------

White 1,4
----------
X X   X X 
O X X X O 
O O X X O 
  O O O O 
X O O     
----------

Black PASS
----------
X X   X X 
O X X X O 
O O X X O 
  O O O O 
X O O     
----------

White 0,2
----------
    O     
O       O 
O O     O 
  O O O O 
X O O     
----------

Game end.
The winner is O
ta time: 232.9
student time: 54.2
Black(You) lose.
=====Round 7=====
Black:TA White:You
Thu Oct 29 23:29:46 PDT 2020
Clean up...
Start Playing...
Black 2,2
----------
          
          
    X     
          
          
----------

White 0,2
----------
    O     
          
    X     
          
          
----------

Black 2,1
----------
    O     
          
  X X     
          
          
----------

White 1,2
----------
    O     
    O     
  X X     
          
          
----------

Black 2,3
----------
    O     
    O     
  X X X   
          
          
----------

White 1,1
----------
    O     
  O O     
  X X X   
          
          
----------

Black 2,0
----------
    O     
  O O     
X X X X   
          
          
----------

White 1,3
----------
    O     
  O O O   
X X X X   
          
          
----------

Black 2,4
----------
    O     
  O O O   
X X X X X 
          
          
----------

White 0,1
----------
  O O     
  O O O   
X X X X X 
          
          
----------

Black 1,0
----------
  O O     
X O O O   
X X X X X 
          
          
----------

White 0,3
----------
  O O O   
X O O O   
X X X X X 
          
          
----------

Black 1,4
----------
  O O O   
X O O O X 
X X X X X 
          
          
----------

White 3,1
----------
  O O O   
X O O O X 
X X X X X 
  O       
          
----------

Black 0,4
----------
  O O O X 
X O O O X 
X X X X X 
  O       
          
----------

White 3,2
----------
  O O O X 
X O O O X 
X X X X X 
  O O     
          
----------

Black 0,0
----------
X       X 
X       X 
X X X X X 
  O O     
          
----------

White 3,3
----------
X       X 
X       X 
X X X X X 
  O O O   
          
----------

Black 4,0
----------
X       X 
X       X 
X X X X X 
  O O O   
X         
----------

White 3,0
----------
X       X 
X       X 
X X X X X 
O O O O   
X         
----------

Black 1,1
----------
X       X 
X X     X 
X X X X X 
O O O O   
X         
----------

White 4,1
----------
X       X 
X X     X 
X X X X X 
O O O O   
  O       
----------

Black 1,3
----------
X       X 
X X   X X 
X X X X X 
O O O O   
  O       
----------

White 3,4
----------
X       X 
X X   X X 
X X X X X 
O O O O O 
  O       
----------

Game end.
The winner is X
ta time: 274.46
student time: 57.6
White(You) lose.
=====Round 8=====
Black:You White:TA
Thu Oct 29 23:30:30 PDT 2020
Clean up...
Start Playing...
Black 2,2
----------
          
          
    X     
          
          
----------

White 1,2
----------
          
    O     
    X     
          
          
----------

Black 1,1
----------
          
  X O     
    X     
          
          
----------

White 1,3
----------
          
  X O O   
    X     
          
          
----------

Black 2,3
----------
          
  X O O   
    X X   
          
          
----------

White 2,1
----------
          
  X O O   
  O X X   
          
          
----------

Black 3,1
----------
          
  X O O   
  O X X   
  X       
          
----------

White 2,0
----------
          
  X O O   
O O X X   
  X       
          
----------

Black 1,0
----------
          
X X O O   
O O X X   
  X       
          
----------

White 2,4
----------
          
X X O O   
O O X X O 
  X       
          
----------

Black 3,0
----------
          
X X O O   
    X X O 
X X       
          
----------

White 3,3
----------
          
X X O O   
    X X O 
X X   O   
          
----------

Black 3,2
----------
          
X X O O   
    X X O 
X X X O   
          
----------

White 4,2
----------
          
X X O O   
    X X O 
X X X O   
    O     
----------

Black 4,1
----------
          
X X O O   
    X X O 
X X X O   
  X O     
----------

White 4,3
----------
          
X X O O   
    X X O 
X X X O   
  X O O   
----------

Black 0,1
----------
  X       
X X O O   
    X X O 
X X X O   
  X O O   
----------

White 1,4
----------
  X       
X X O O O 
    X X O 
X X X O   
  X O O   
----------

Black 0,2
----------
  X X     
X X O O O 
    X X O 
X X X O   
  X O O   
----------

White 0,3
----------
  X X O   
X X O O O 
    X X O 
X X X O   
  X O O   
----------

Black 2,1
----------
  X X O   
X X O O O 
  X X X O 
X X X O   
  X O O   
----------

White 3,4
----------
  X X O   
X X O O O 
  X X X O 
X X X O O 
  X O O   
----------

Black PASS
----------
  X X O   
X X O O O 
  X X X O 
X X X O O 
  X O O   
----------

White 0,4
----------
  X X O O 
X X O O O 
  X X X O 
X X X O O 
  X O O   
----------

Game end.
The winner is O
ta time: 298.3
student time: 60.87
Black(You) lose.
=====Round 9=====
Black:TA White:You
Thu Oct 29 23:31:01 PDT 2020
Clean up...
Start Playing...
Black 2,2
----------
          
          
    X     
          
          
----------

White 0,2
----------
    O     
          
    X     
          
          
----------

Black 2,3
----------
    O     
          
    X X   
          
          
----------

White 1,2
----------
    O     
    O     
    X X   
          
          
----------

Black 2,1
----------
    O     
    O     
  X X X   
          
          
----------

White 1,1
----------
    O     
  O O     
  X X X   
          
          
----------

Black 2,0
----------
    O     
  O O     
X X X X   
          
          
----------

White 1,3
----------
    O     
  O O O   
X X X X   
          
          
----------

Black 2,4
----------
    O     
  O O O   
X X X X X 
          
          
----------

White 0,1
----------
  O O     
  O O O   
X X X X X 
          
          
----------

Black 1,0
----------
  O O     
X O O O   
X X X X X 
          
          
----------

White 0,3
----------
  O O O   
X O O O   
X X X X X 
          
          
----------

Black 1,4
----------
  O O O   
X O O O X 
X X X X X 
          
          
----------

White 3,1
----------
  O O O   
X O O O X 
X X X X X 
  O       
          
----------

Black 0,4
----------
  O O O X 
X O O O X 
X X X X X 
  O       
          
----------

White 3,2
----------
  O O O X 
X O O O X 
X X X X X 
  O O     
          
----------

Black 0,0
----------
X       X 
X       X 
X X X X X 
  O O     
          
----------

White 3,3
----------
X       X 
X       X 
X X X X X 
  O O O   
          
----------

Black 4,3
----------
X       X 
X       X 
X X X X X 
  O O O   
      X   
----------

White 4,2
----------
X       X 
X       X 
X X X X X 
  O O O   
    O X   
----------

Black 1,3
----------
X       X 
X     X X 
X X X X X 
  O O O   
    O X   
----------

White 3,0
----------
X       X 
X     X X 
X X X X X 
O O O O   
    O X   
----------

Black 0,2
----------
X   X   X 
X     X X 
X X X X X 
O O O O   
    O X   
----------

White 3,4
----------
X   X   X 
X     X X 
X X X X X 
O O O O O 
    O X   
----------

Game end.
The winner is X
ta time: 336.93
student time: 64.28
White(You) lose.
=====Round 10=====
Black:You White:TA
Thu Oct 29 23:31:50 PDT 2020
Clean up...
Start Playing...
Black 2,2
----------
          
          
    X     
          
          
----------

White 1,2
----------
          
    O     
    X     
          
          
----------

Black 1,1
----------
          
  X O     
    X     
          
          
----------

White 1,3
----------
          
  X O O   
    X     
          
          
----------

Black 2,3
----------
          
  X O O   
    X X   
          
          
----------

White 2,1
----------
          
  X O O   
  O X X   
          
          
----------

Black 3,1
----------
          
  X O O   
  O X X   
  X       
          
----------

White 2,0
----------
          
  X O O   
O O X X   
  X       
          
----------

Black 1,0
----------
          
X X O O   
O O X X   
  X       
          
----------

White 2,4
----------
          
X X O O   
O O X X O 
  X       
          
----------

Black 3,0
----------
          
X X O O   
    X X O 
X X       
          
----------

White 3,3
----------
          
X X O O   
    X X O 
X X   O   
          
----------

Black 3,2
----------
          
X X O O   
    X X O 
X X X O   
          
----------

White 4,2
----------
          
X X O O   
    X X O 
X X X O   
    O     
----------

Black 4,1
----------
          
X X O O   
    X X O 
X X X O   
  X O     
----------

White 4,3
----------
          
X X O O   
    X X O 
X X X O   
  X O O   
----------

Black 0,1
----------
  X       
X X O O   
    X X O 
X X X O   
  X O O   
----------

White 1,4
----------
  X       
X X O O O 
    X X O 
X X X O   
  X O O   
----------

Black 0,2
----------
  X X     
X X O O O 
    X X O 
X X X O   
  X O O   
----------

White 0,3
----------
  X X O   
X X O O O 
    X X O 
X X X O   
  X O O   
----------

Black 2,1
----------
  X X O   
X X O O O 
  X X X O 
X X X O   
  X O O   
----------

White 3,4
----------
  X X O   
X X O O O 
  X X X O 
X X X O O 
  X O O   
----------

Black PASS
----------
  X X O   
X X O O O 
  X X X O 
X X X O O 
  X O O   
----------

White 0,4
----------
  X X O O 
X X O O O 
  X X X O 
X X X O O 
  X O O   
----------

Game end.
The winner is O
ta time: 361
student time: 67.44
Black(You) lose.
