Wed Oct 28 05:29:45 PDT 2020

==Playing with qlearning_player==
=====Round 1=====
Black:TA White:You
Wed Oct 28 05:29:45 PDT 2020
Clean up...
Start Playing...
Black 1,2
----------
          
    X     
          
          
          
----------

White 2,1
----------
          
    X     
  O       
          
          
----------

Black 2,2
----------
          
    X     
  O X     
          
          
----------

White 3,1
----------
          
    X     
  O X     
  O       
          
----------

Black 0,0
----------
X         
    X     
  O X     
  O       
          
----------

White 0,1
----------
X O       
    X     
  O X     
  O       
          
----------

Black 2,3
----------
X O       
    X     
  O X X   
  O       
          
----------

White 1,0
----------
  O       
O   X     
  O X X   
  O       
          
----------

Black 0,2
----------
  O X     
O   X     
  O X X   
  O       
          
----------

White 3,2
----------
  O X     
O   X     
  O X X   
  O O     
          
----------

Black 0,3
----------
  O X X   
O   X     
  O X X   
  O O     
          
----------

White 3,3
----------
  O X X   
O   X     
  O X X   
  O O O   
          
----------

Black 0,4
----------
  O X X X 
O   X     
  O X X   
  O O O   
          
----------

White 3,4
----------
  O X X X 
O   X     
  O X X   
  O O O O 
          
----------

Black 2,0
----------
  O X X X 
O   X     
X O X X   
  O O O O 
          
----------

White 3,0
----------
  O X X X 
O   X     
  O X X   
O O O O O 
          
----------

Black 4,2
----------
  O X X X 
O   X     
  O X X   
O O O O O 
    X     
----------

White 4,1
----------
  O X X X 
O   X     
  O X X   
O O O O O 
  O X     
----------

Black 1,3
----------
  O X X X 
O   X X   
  O X X   
O O O O O 
  O X     
----------

White 4,3
----------
  O X X X 
O   X X   
  O X X   
O O O O O 
  O   O   
----------

Black 1,1
----------
  O X X X 
O X X X   
  O X X   
O O O O O 
  O   O   
----------

White 2,4
----------
  O X X X 
O X X X   
  O X X O 
O O O O O 
  O   O   
----------

Black 0,0
----------
X   X X X 
O X X X   
  O X X O 
O O O O O 
  O   O   
----------

White 1,4
----------
X   X X X 
O X X X O 
  O X X O 
O O O O O 
  O   O   
----------

Game end.
The winner is O
ta time: 3.94
student time: 0.74
White(You) win!
=====Round 2=====
Black:You White:TA
Wed Oct 28 05:29:52 PDT 2020
Clean up...
Start Playing...
Black 2,2
----------
          
          
    X     
          
          
----------

White 2,1
----------
          
          
  O X     
          
          
----------

Black 1,2
----------
          
    X     
  O X     
          
          
----------

White 3,2
----------
          
    X     
  O X     
    O     
          
----------

Black 1,1
----------
          
  X X     
  O X     
    O     
          
----------

White 2,3
----------
          
  X X     
  O X O   
    O     
          
----------

Black 3,1
----------
          
  X X     
  O X O   
  X O     
          
----------

White 4,2
----------
          
  X X     
  O X O   
  X O     
    O     
----------

Black 2,0
----------
          
  X X     
X   X O   
  X O     
    O     
----------

White 0,2
----------
    O     
  X X     
X   X O   
  X O     
    O     
----------

Black 0,1
----------
  X O     
  X X     
X   X O   
  X O     
    O     
----------

White 3,3
----------
  X O     
  X X     
X   X O   
  X O O   
    O     
----------

Black 0,3
----------
  X   X   
  X X     
X   X O   
  X O O   
    O     
----------

White 0,0
----------
O X   X   
  X X     
X   X O   
  X O O   
    O     
----------

Black 1,0
----------
  X   X   
X X X     
X   X O   
  X O O   
    O     
----------

White 0,4
----------
  X   X O 
X X X     
X   X O   
  X O O   
    O     
----------

Black 1,4
----------
  X   X   
X X X   X 
X   X O   
  X O O   
    O     
----------

White 1,3
----------
  X   X   
X X X O X 
X   X O   
  X O O   
    O     
----------

Black 2,1
----------
  X   X   
X X X O X 
X X X O   
  X O O   
    O     
----------

White 2,4
----------
  X   X   
X X X O X 
X X X O O 
  X O O   
    O     
----------

Black 3,0
----------
  X   X   
X X X O X 
X X X O O 
X X O O   
    O     
----------

White 0,4
----------
  X   X O 
X X X O   
X X X O O 
X X O O   
    O     
----------

Black 0,0
----------
X X   X O 
X X X O   
X X X O O 
X X O O   
    O     
----------

White 0,2
----------
X X O   O 
X X X O   
X X X O O 
X X O O   
    O     
----------

Game end.
The winner is O
ta time: 7.84
student time: 1.43
Black(You) lose.
=====Round 3=====
Black:TA White:You
Wed Oct 28 05:30:00 PDT 2020
Clean up...
Start Playing...
Black 1,2
----------
          
    X     
          
          
          
----------

White 2,1
----------
          
    X     
  O       
          
          
----------

Black 2,2
----------
          
    X     
  O X     
          
          
----------

White 3,1
----------
          
    X     
  O X     
  O       
          
----------

Black 0,0
----------
X         
    X     
  O X     
  O       
          
----------

White 0,1
----------
X O       
    X     
  O X     
  O       
          
----------

Black 3,2
----------
X O       
    X     
  O X     
  O X     
          
----------

White 1,0
----------
  O       
O   X     
  O X     
  O X     
          
----------

Black 0,2
----------
  O X     
O   X     
  O X     
  O X     
          
----------

White 4,1
----------
  O X     
O   X     
  O X     
  O X     
  O       
----------

Black 2,3
----------
  O X     
O   X     
  O X X   
  O X     
  O       
----------

White 4,2
----------
  O X     
O   X     
  O X X   
  O X     
  O O     
----------

Black 1,3
----------
  O X     
O   X X   
  O X X   
  O X     
  O O     
----------

White 4,3
----------
  O X     
O   X X   
  O X X   
  O X     
  O O O   
----------

Black 2,4
----------
  O X     
O   X X   
  O X X X 
  O X     
  O O O   
----------

White 3,3
----------
  O X     
O   X X   
  O X X X 
  O X O   
  O O O   
----------

Black 1,1
----------
  O X     
O X X X   
  O X X X 
  O X O   
  O O O   
----------

White 2,0
----------
  O X     
O X X X   
O O X X X 
  O X O   
  O O O   
----------

Black 0,0
----------
X   X     
O X X X   
O O X X X 
  O X O   
  O O O   
----------

White 3,0
----------
X   X     
O X X X   
O O X X X 
O O X O   
  O O O   
----------

Black 0,1
----------
X X X     
O X X X   
O O X X X 
O O X O   
  O O O   
----------

White 3,4
----------
X X X     
O X X X   
O O X X X 
O O X O O 
  O O O   
----------

Black 0,3
----------
X X X X   
O X X X   
O O X X X 
O O X O O 
  O O O   
----------

White 0,4
----------
X X X X O 
O X X X   
O O X X X 
O O X O O 
  O O O   
----------

Game end.
The winner is O
ta time: 12.01
student time: 2.18
White(You) win!
=====Round 4=====
Black:You White:TA
Wed Oct 28 05:30:10 PDT 2020
Clean up...
Start Playing...
Black 2,2
----------
          
          
    X     
          
          
----------

White 2,1
----------
          
          
  O X     
          
          
----------

Black 1,2
----------
          
    X     
  O X     
          
          
----------

White 3,2
----------
          
    X     
  O X     
    O     
          
----------

Black 1,1
----------
          
  X X     
  O X     
    O     
          
----------

White 2,3
----------
          
  X X     
  O X O   
    O     
          
----------

Black 3,1
----------
          
  X X     
  O X O   
  X O     
          
----------

White 3,3
----------
          
  X X     
  O X O   
  X O O   
          
----------

Black 2,0
----------
          
  X X     
X   X O   
  X O O   
          
----------

White 1,3
----------
          
  X X O   
X   X O   
  X O O   
          
----------

Black 4,1
----------
          
  X X O   
X   X O   
  X O O   
  X       
----------

White 0,2
----------
    O     
  X X O   
X   X O   
  X O O   
  X       
----------

Black 0,1
----------
  X O     
  X X O   
X   X O   
  X O O   
  X       
----------

White 2,4
----------
  X O     
  X X O   
X   X O O 
  X O O   
  X       
----------

Black 4,2
----------
  X O     
  X X O   
X   X O O 
  X O O   
  X X     
----------

White 0,3
----------
  X O O   
  X X O   
X   X O O 
  X O O   
  X X     
----------

Black 2,1
----------
  X O O   
  X X O   
X X X O O 
  X O O   
  X X     
----------

White 1,0
----------
  X O O   
O X X O   
X X X O O 
  X O O   
  X X     
----------

Black 0,0
----------
X X O O   
  X X O   
X X X O O 
  X O O   
  X X     
----------

White 1,4
----------
X X O O   
  X X O O 
X X X O O 
  X O O   
  X X     
----------

Black 4,3
----------
X X O O   
  X X O O 
X X X O O 
  X O O   
  X X X   
----------

White 3,0
----------
X X O O   
  X X O O 
X X X O O 
O X O O   
  X X X   
----------

Black 4,0
----------
X X O O   
  X X O O 
X X X O O 
  X O O   
X X X X   
----------

White 3,4
----------
X X O O   
  X X O O 
X X X O O 
  X O O O 
X X X X   
----------

Game end.
The winner is X
ta time: 15.86
student time: 2.85
Black(You) win!
=====Round 5=====
Black:TA White:You
Wed Oct 28 05:30:18 PDT 2020
Clean up...
Start Playing...
Black 1,2
----------
          
    X     
          
          
          
----------

White 2,1
----------
          
    X     
  O       
          
          
----------

Black 2,2
----------
          
    X     
  O X     
          
          
----------

White 3,1
----------
          
    X     
  O X     
  O       
          
----------

Black 0,0
----------
X         
    X     
  O X     
  O       
          
----------

White 0,1
----------
X O       
    X     
  O X     
  O       
          
----------

Black 2,3
----------
X O       
    X     
  O X X   
  O       
          
----------

White 1,0
----------
  O       
O   X     
  O X X   
  O       
          
----------

Black 0,2
----------
  O X     
O   X     
  O X X   
  O       
          
----------

White 3,2
----------
  O X     
O   X     
  O X X   
  O O     
          
----------

Black 0,3
----------
  O X X   
O   X     
  O X X   
  O O     
          
----------

White 3,3
----------
  O X X   
O   X     
  O X X   
  O O O   
          
----------

Black 0,4
----------
  O X X X 
O   X     
  O X X   
  O O O   
          
----------

White 3,4
----------
  O X X X 
O   X     
  O X X   
  O O O O 
          
----------

Black 2,0
----------
  O X X X 
O   X     
X O X X   
  O O O O 
          
----------

White 3,0
----------
  O X X X 
O   X     
  O X X   
O O O O O 
          
----------

Black 2,4
----------
  O X X X 
O   X     
  O X X X 
O O O O O 
          
----------

White 1,1
----------
  O X X X 
O O X     
  O X X X 
O O O O O 
          
----------

Black 4,2
----------
  O X X X 
O O X     
  O X X X 
O O O O O 
    X     
----------

White 1,3
----------
  O X X X 
O O X O   
  O X X X 
O O O O O 
    X     
----------

Black 1,4
----------
  O X X X 
O O X   X 
  O X X X 
O O O O O 
    X     
----------

White 1,3
----------
  O       
O O   O   
  O       
O O O O O 
    X     
----------

Black 2,2
----------
  O       
O O   O   
  O X     
O O O O O 
    X     
----------

White 1,2
----------
  O       
O O O O   
  O X     
O O O O O 
    X     
----------

Game end.
The winner is O
ta time: 19.89
student time: 3.64
White(You) win!
=====Round 6=====
Black:You White:TA
Wed Oct 28 05:30:25 PDT 2020
Clean up...
Start Playing...
Black 2,2
----------
          
          
    X     
          
          
----------

White 2,1
----------
          
          
  O X     
          
          
----------

Black 1,2
----------
          
    X     
  O X     
          
          
----------

White 3,2
----------
          
    X     
  O X     
    O     
          
----------

Black 1,1
----------
          
  X X     
  O X     
    O     
          
----------

White 2,3
----------
          
  X X     
  O X O   
    O     
          
----------

Black 3,1
----------
          
  X X     
  O X O   
  X O     
          
----------

White 2,4
----------
          
  X X     
  O X O O 
  X O     
          
----------

Black 2,0
----------
          
  X X     
X   X O O 
  X O     
          
----------

White 3,3
----------
          
  X X     
X   X O O 
  X O O   
          
----------

Black 1,3
----------
          
  X X X   
X   X O O 
  X O O   
          
----------

White 4,2
----------
          
  X X X   
X   X O O 
  X O O   
    O     
----------

Black 0,1
----------
  X       
  X X X   
X   X O O 
  X O O   
    O     
----------

White 0,2
----------
  X O     
  X X X   
X   X O O 
  X O O   
    O     
----------

Black 0,3
----------
  X   X   
  X X X   
X   X O O 
  X O O   
    O     
----------

White 4,3
----------
  X   X   
  X X X   
X   X O O 
  X O O   
    O O   
----------

Black 2,1
----------
  X   X   
  X X X   
X X X O O 
  X O O   
    O O   
----------

White 1,4
----------
  X   X   
  X X X O 
X X X O O 
  X O O   
    O O   
----------

Black 3,0
----------
  X   X   
  X X X O 
X X X O O 
X X O O   
    O O   
----------

White 4,1
----------
  X   X   
  X X X O 
X X X O O 
X X O O   
  O O O   
----------

Black 0,0
----------
X X   X   
  X X X O 
X X X O O 
X X O O   
  O O O   
----------

White 3,4
----------
X X   X   
  X X X O 
X X X O O 
X X O O O 
  O O O   
----------

Black 0,2
----------
X X X X   
  X X X O 
X X X O O 
X X O O O 
  O O O   
----------

White 4,0
----------
X X X X   
  X X X O 
X X X O O 
X X O O O 
O O O O   
----------

Game end.
The winner is O
ta time: 23.79
student time: 4.35
Black(You) lose.
=====Round 7=====
Black:TA White:You
Wed Oct 28 05:30:33 PDT 2020
Clean up...
Start Playing...
Black 1,2
----------
          
    X     
          
          
          
----------

White 2,1
----------
          
    X     
  O       
          
          
----------

Black 2,2
----------
          
    X     
  O X     
          
          
----------

White 3,1
----------
          
    X     
  O X     
  O       
          
----------

Black 0,0
----------
X         
    X     
  O X     
  O       
          
----------

White 0,1
----------
X O       
    X     
  O X     
  O       
          
----------

Black 2,3
----------
X O       
    X     
  O X X   
  O       
          
----------

White 1,0
----------
  O       
O   X     
  O X X   
  O       
          
----------

Black 0,2
----------
  O X     
O   X     
  O X X   
  O       
          
----------

White 3,2
----------
  O X     
O   X     
  O X X   
  O O     
          
----------

Black 0,3
----------
  O X X   
O   X     
  O X X   
  O O     
          
----------

White 3,3
----------
  O X X   
O   X     
  O X X   
  O O O   
          
----------

Black 0,4
----------
  O X X X 
O   X     
  O X X   
  O O O   
          
----------

White 3,4
----------
  O X X X 
O   X     
  O X X   
  O O O O 
          
----------

Black 2,0
----------
  O X X X 
O   X     
X O X X   
  O O O O 
          
----------

White 3,0
----------
  O X X X 
O   X     
  O X X   
O O O O O 
          
----------

Black 1,1
----------
  O X X X 
O X X     
  O X X   
O O O O O 
          
----------

White 2,4
----------
  O X X X 
O X X     
  O X X O 
O O O O O 
          
----------

Black 0,0
----------
X   X X X 
O X X     
  O X X O 
O O O O O 
          
----------

White 1,4
----------
X   X X X 
O X X   O 
  O X X O 
O O O O O 
          
----------

Black 2,0
----------
X   X X X 
  X X   O 
X O X X O 
O O O O O 
          
----------

White 1,3
----------
X   X X X 
  X X O O 
X O X X O 
O O O O O 
          
----------

Black 4,2
----------
X   X X X 
  X X O O 
X O X X O 
O O O O O 
    X     
----------

White 1,0
----------
X   X X X 
O X X O O 
  O X X O 
O O O O O 
    X     
----------

Game end.
The winner is O
ta time: 27.91
student time: 5.08
White(You) win!
=====Round 8=====
Black:You White:TA
Wed Oct 28 05:30:41 PDT 2020
Clean up...
Start Playing...
Black 2,2
----------
          
          
    X     
          
          
----------

White 2,1
----------
          
          
  O X     
          
          
----------

Black 1,2
----------
          
    X     
  O X     
          
          
----------

White 3,2
----------
          
    X     
  O X     
    O     
          
----------

Black 1,1
----------
          
  X X     
  O X     
    O     
          
----------

White 2,3
----------
          
  X X     
  O X O   
    O     
          
----------

Black 3,1
----------
          
  X X     
  O X O   
  X O     
          
----------

White 0,2
----------
    O     
  X X     
  O X O   
  X O     
          
----------

Black 2,0
----------
    O     
  X X     
X   X O   
  X O     
          
----------

White 2,4
----------
    O     
  X X     
X   X O O 
  X O     
          
----------

Black 0,1
----------
  X O     
  X X     
X   X O O 
  X O     
          
----------

White 3,3
----------
  X O     
  X X     
X   X O O 
  X O O   
          
----------

Black 0,3
----------
  X   X   
  X X     
X   X O O 
  X O O   
          
----------

White 1,3
----------
  X   X   
  X X O   
X   X O O 
  X O O   
          
----------

Black 4,1
----------
  X   X   
  X X O   
X   X O O 
  X O O   
  X       
----------

White 4,2
----------
  X   X   
  X X O   
X   X O O 
  X O O   
  X O     
----------

Black 0,4
----------
  X   X X 
  X X O   
X   X O O 
  X O O   
  X O     
----------

White 3,4
----------
  X   X X 
  X X O   
X   X O O 
  X O O O 
  X O     
----------

Black 2,1
----------
  X   X X 
  X X O   
X X X O O 
  X O O O 
  X O     
----------

White 4,3
----------
  X   X X 
  X X O   
X X X O O 
  X O O O 
  X O O   
----------

Black 1,4
----------
  X   X X 
  X X O X 
X X X O O 
  X O O O 
  X O O   
----------

White 0,2
----------
  X O     
  X X O   
X X X O O 
  X O O O 
  X O O   
----------

Black 0,0
----------
X X O     
  X X O   
X X X O O 
  X O O O 
  X O O   
----------

White 0,3
----------
X X O O   
  X X O   
X X X O O 
  X O O O 
  X O O   
----------

Game end.
The winner is O
ta time: 31.8
student time: 5.8
Black(You) lose.
=====Round 9=====
Black:TA White:You
Wed Oct 28 05:30:49 PDT 2020
Clean up...
Start Playing...
Black 1,2
----------
          
    X     
          
          
          
----------

White 2,1
----------
          
    X     
  O       
          
          
----------

Black 2,2
----------
          
    X     
  O X     
          
          
----------

White 3,1
----------
          
    X     
  O X     
  O       
          
----------

Black 0,0
----------
X         
    X     
  O X     
  O       
          
----------

White 0,1
----------
X O       
    X     
  O X     
  O       
          
----------

Black 3,2
----------
X O       
    X     
  O X     
  O X     
          
----------

White 1,0
----------
  O       
O   X     
  O X     
  O X     
          
----------

Black 0,2
----------
  O X     
O   X     
  O X     
  O X     
          
----------

White 4,1
----------
  O X     
O   X     
  O X     
  O X     
  O       
----------

Black 2,3
----------
  O X     
O   X     
  O X X   
  O X     
  O       
----------

White 4,2
----------
  O X     
O   X     
  O X X   
  O X     
  O O     
----------

Black 2,0
----------
  O X     
O   X     
X O X X   
  O X     
  O O     
----------

White 3,0
----------
  O X     
O   X     
  O X X   
O O X     
  O O     
----------

Black 1,1
----------
  O X     
O X X     
  O X X   
O O X     
  O O     
----------

White 4,3
----------
  O X     
O X X     
  O X X   
O O X     
  O O O   
----------

Black 0,0
----------
X   X     
O X X     
  O X X   
O O X     
  O O O   
----------

White 3,3
----------
X   X     
O X X     
  O X X   
O O X O   
  O O O   
----------

Black 2,0
----------
X   X     
  X X     
X O X X   
O O X O   
  O O O   
----------

White 3,4
----------
X   X     
  X X     
X O X X   
O O X O O 
  O O O   
----------

Black 1,3
----------
X   X     
  X X X   
X O X X   
O O X O O 
  O O O   
----------

White 2,4
----------
X   X     
  X X X   
X O X X O 
O O X O O 
  O O O   
----------

Black 1,4
----------
X   X     
  X X X X 
X O X X O 
O O X O O 
  O O O   
----------

White 1,0
----------
X   X     
O X X X X 
  O X X O 
O O X O O 
  O O O   
----------

Game end.
The winner is O
ta time: 35.84
student time: 6.62
White(You) win!
=====Round 10=====
Black:You White:TA
Wed Oct 28 05:30:58 PDT 2020
Clean up...
Start Playing...
Black 2,2
----------
          
          
    X     
          
          
----------

White 2,1
----------
          
          
  O X     
          
          
----------

Black 1,2
----------
          
    X     
  O X     
          
          
----------

White 3,2
----------
          
    X     
  O X     
    O     
          
----------

Black 1,1
----------
          
  X X     
  O X     
    O     
          
----------

White 2,3
----------
          
  X X     
  O X O   
    O     
          
----------

Black 3,1
----------
          
  X X     
  O X O   
  X O     
          
----------

White 1,3
----------
          
  X X O   
  O X O   
  X O     
          
----------

Black 2,0
----------
          
  X X O   
X   X O   
  X O     
          
----------

White 0,2
----------
    O     
  X X O   
X   X O   
  X O     
          
----------

Black 0,1
----------
  X O     
  X X O   
X   X O   
  X O     
          
----------

White 2,4
----------
  X O     
  X X O   
X   X O O 
  X O     
          
----------

Black 4,1
----------
  X O     
  X X O   
X   X O O 
  X O     
  X       
----------

White 4,2
----------
  X O     
  X X O   
X   X O O 
  X O     
  X O     
----------

Black 2,1
----------
  X O     
  X X O   
X X X O O 
  X O     
  X O     
----------

White 3,3
----------
  X O     
  X X O   
X X X O O 
  X O O   
  X O     
----------

Black 0,0
----------
X X O     
  X X O   
X X X O O 
  X O O   
  X O     
----------

White 3,4
----------
X X O     
  X X O   
X X X O O 
  X O O O 
  X O     
----------

Black 1,0
----------
X X O     
X X X O   
X X X O O 
  X O O O 
  X O     
----------

White 1,4
----------
X X O     
X X X O O 
X X X O O 
  X O O O 
  X O     
----------

Black 0,3
----------
X X   X   
X X X O O 
X X X O O 
  X O O O 
  X O     
----------

White 4,3
----------
X X   X   
X X X O O 
X X X O O 
  X O O O 
  X O O   
----------

Black 0,4
----------
X X   X X 
X X X O O 
X X X O O 
  X O O O 
  X O O   
----------

White 0,2
----------
X X O     
X X X O O 
X X X O O 
  X O O O 
  X O O   
----------

Game end.
The winner is O
ta time: 39.43
student time: 7.26
Black(You) lose.

==Playing with championship_player==
=====Round 1=====
Black:TA White:You
Wed Oct 28 05:31:05 PDT 2020
Clean up...
Start Playing...
Black 2,2
----------
          
          
    X     
          
          
----------

White 1,1
----------
          
  O       
    X     
          
          
----------

Black 2,1
----------
          
  O       
  X X     
          
          
----------

White 1,2
----------
          
  O O     
  X X     
          
          
----------

Black 1,3
----------
          
  O O X   
  X X     
          
          
----------

White 1,0
----------
          
O O O X   
  X X     
          
          
----------

Black 0,3
----------
      X   
O O O X   
  X X     
          
          
----------

White 2,0
----------
      X   
O O O X   
O X X     
          
          
----------

Black 3,1
----------
      X   
O O O X   
O X X     
  X       
          
----------

White 3,0
----------
      X   
O O O X   
O X X     
O X       
          
----------

Black 4,1
----------
      X   
O O O X   
O X X     
O X       
  X       
----------

White 0,0
----------
O     X   
O O O X   
O X X     
O X       
  X       
----------

Black 0,2
----------
O   X X   
O O O X   
O X X     
O X       
  X       
----------

White 3,3
----------
O   X X   
O O O X   
O X X     
O X   O   
  X       
----------

Black 4,0
----------
O   X X   
O O O X   
O X X     
O X   O   
X X       
----------

White 2,3
----------
O   X X   
O O O X   
O X X O   
O X   O   
X X       
----------

Black 0,1
----------
  X X X   
      X   
  X X O   
  X   O   
X X       
----------

White 3,2
----------
  X X X   
      X   
  X X O   
  X O O   
X X       
----------

Black 1,2
----------
  X X X   
    X X   
  X X O   
  X O O   
X X       
----------

White 2,4
----------
  X X X   
    X X   
  X X O O 
  X O O   
X X       
----------

Black 1,4
----------
  X X X   
    X X X 
  X X O O 
  X O O   
X X       
----------

White 3,4
----------
  X X X   
    X X X 
  X X O O 
  X O O O 
X X       
----------

Black 0,0
----------
X X X X   
    X X X 
  X X O O 
  X O O O 
X X       
----------

White 4,2
----------
X X X X   
    X X X 
  X X O O 
  X O O O 
X X O     
----------

Game end.
The winner is X
ta time: 78.21
student time: 8.07
White(You) lose.
=====Round 2=====
Black:You White:TA
Wed Oct 28 05:31:33 PDT 2020
Clean up...
Start Playing...
Black 2,2
----------
          
          
    X     
          
          
----------

White 1,2
----------
          
    O     
    X     
          
          
----------

Black 2,1
----------
          
    O     
  X X     
          
          
----------

White 1,3
----------
          
    O O   
  X X     
          
          
----------

Black 1,1
----------
          
  X O O   
  X X     
          
          
----------

White 2,3
----------
          
  X O O   
  X X O   
          
          
----------

Black 3,1
----------
          
  X O O   
  X X O   
  X       
          
----------

White 3,3
----------
          
  X O O   
  X X O   
  X   O   
          
----------

Black 0,1
----------
  X       
  X O O   
  X X O   
  X   O   
          
----------

White 0,2
----------
  X O     
  X O O   
  X X O   
  X   O   
          
----------

Black 3,2
----------
  X O     
  X O O   
  X X O   
  X X O   
          
----------

White 4,3
----------
  X O     
  X O O   
  X X O   
  X X O   
      O   
----------

Black 3,0
----------
  X O     
  X O O   
  X X O   
X X X O   
      O   
----------

White 2,4
----------
  X O     
  X O O   
  X X O O 
X X X O   
      O   
----------

Black 0,0
----------
X X O     
  X O O   
  X X O O 
X X X O   
      O   
----------

White 1,4
----------
X X O     
  X O O O 
  X X O O 
X X X O   
      O   
----------

Black 1,0
----------
X X O     
X X O O O 
  X X O O 
X X X O   
      O   
----------

White 4,4
----------
X X O     
X X O O O 
  X X O O 
X X X O   
      O O 
----------

Black 2,0
----------
X X O     
X X O O O 
X X X O O 
X X X O   
      O O 
----------

White 4,1
----------
X X O     
X X O O O 
X X X O O 
X X X O   
  O   O O 
----------

Black 4,0
----------
X X O     
X X O O O 
X X X O O 
X X X O   
X O   O O 
----------

White 4,2
----------
    O     
    O O O 
      O O 
      O   
  O O O O 
----------

Black 2,1
----------
    O     
    O O O 
  X   O O 
      O   
  O O O O 
----------

White 3,2
----------
    O     
    O O O 
  X   O O 
    O O   
  O O O O 
----------

Game end.
The winner is O
ta time: 113.58
student time: 8.89
Black(You) lose.
=====Round 3=====
Black:TA White:You
Wed Oct 28 05:31:59 PDT 2020
Clean up...
Start Playing...
Black 2,2
----------
          
          
    X     
          
          
----------

White 1,1
----------
          
  O       
    X     
          
          
----------

Black 2,1
----------
          
  O       
  X X     
          
          
----------

White 1,2
----------
          
  O O     
  X X     
          
          
----------

Black 1,3
----------
          
  O O X   
  X X     
          
          
----------

White 1,0
----------
          
O O O X   
  X X     
          
          
----------

Black 0,3
----------
      X   
O O O X   
  X X     
          
          
----------

White 2,0
----------
      X   
O O O X   
O X X     
          
          
----------

Black 3,1
----------
      X   
O O O X   
O X X     
  X       
          
----------

White 3,0
----------
      X   
O O O X   
O X X     
O X       
          
----------

Black 4,1
----------
      X   
O O O X   
O X X     
O X       
  X       
----------

White 0,0
----------
O     X   
O O O X   
O X X     
O X       
  X       
----------

Black 0,2
----------
O   X X   
O O O X   
O X X     
O X       
  X       
----------

White 3,3
----------
O   X X   
O O O X   
O X X     
O X   O   
  X       
----------

Black 4,0
----------
O   X X   
O O O X   
O X X     
O X   O   
X X       
----------

White 2,3
----------
O   X X   
O O O X   
O X X O   
O X   O   
X X       
----------

Black 0,1
----------
  X X X   
      X   
  X X O   
  X   O   
X X       
----------

White 3,2
----------
  X X X   
      X   
  X X O   
  X O O   
X X       
----------

Black 1,4
----------
  X X X   
      X X 
  X X O   
  X O O   
X X       
----------

White 3,4
----------
  X X X   
      X X 
  X X O   
  X O O O 
X X       
----------

Black 2,4
----------
  X X X   
      X X 
  X X O X 
  X O O O 
X X       
----------

White 4,2
----------
  X X X   
      X X 
  X X O X 
  X O O O 
X X O     
----------

Black 1,2
----------
  X X X   
    X X X 
  X X O X 
  X O O O 
X X O     
----------

White 1,0
----------
  X X X   
O   X X X 
  X X O X 
  X O O O 
X X O     
----------

Game end.
The winner is X
ta time: 150.96
student time: 9.71
White(You) lose.
=====Round 4=====
Black:You White:TA
Wed Oct 28 05:32:26 PDT 2020
Clean up...
Start Playing...
Black 2,2
----------
          
          
    X     
          
          
----------

White 1,1
----------
          
  O       
    X     
          
          
----------

Black 2,3
----------
          
  O       
    X X   
          
          
----------

White 1,2
----------
          
  O O     
    X X   
          
          
----------

Black 1,3
----------
          
  O O X   
    X X   
          
          
----------

White 2,1
----------
          
  O O X   
  O X X   
          
          
----------

Black 3,2
----------
          
  O O X   
  O X X   
    X     
          
----------

White 3,1
----------
          
  O O X   
  O X X   
  O X     
          
----------

Black 3,3
----------
          
  O O X   
  O X X   
  O X X   
          
----------

White 4,2
----------
          
  O O X   
  O X X   
  O X X   
    O     
----------

Black 4,3
----------
          
  O O X   
  O X X   
  O X X   
    O X   
----------

White 4,1
----------
          
  O O X   
  O X X   
  O X X   
  O O X   
----------

Black 0,3
----------
      X   
  O O X   
  O X X   
  O X X   
  O O X   
----------

White 0,2
----------
    O X   
  O O X   
  O X X   
  O X X   
  O O X   
----------

Black 0,4
----------
    O X X 
  O O X   
  O X X   
  O X X   
  O O X   
----------

White 3,4
----------
    O X X 
  O O X   
  O X X   
  O X X O 
  O O X   
----------

Black 2,4
----------
    O X X 
  O O X   
  O X X X 
  O X X O 
  O O X   
----------

White 1,0
----------
    O X X 
O O O X   
  O X X X 
  O X X O 
  O O X   
----------

Black 3,0
----------
    O X X 
O O O X   
  O X X X 
X O X X O 
  O O X   
----------

White 2,0
----------
    O X X 
O O O X   
O O X X X 
X O X X O 
  O O X   
----------

Black 4,4
----------
    O X X 
O O O X   
O O X X X 
X O X X   
  O O X X 
----------

White 4,0
----------
    O X X 
O O O X   
O O X X X 
  O X X   
O O O X X 
----------

Black 1,4
----------
    O X X 
O O O X X 
O O X X X 
  O X X   
O O O X X 
----------

White 0,0
----------
O   O X X 
O O O X X 
O O X X X 
  O X X   
O O O X X 
----------

Game end.
The winner is O
ta time: 179.8
student time: 10.44
Black(You) lose.
=====Round 5=====
Black:TA White:You
Wed Oct 28 05:32:50 PDT 2020
Clean up...
Start Playing...
Black 2,2
----------
          
          
    X     
          
          
----------

White 1,1
----------
          
  O       
    X     
          
          
----------

Black 2,1
----------
          
  O       
  X X     
          
          
----------

White 1,2
----------
          
  O O     
  X X     
          
          
----------

Black 1,3
----------
          
  O O X   
  X X     
          
          
----------

White 1,0
----------
          
O O O X   
  X X     
          
          
----------

Black 0,3
----------
      X   
O O O X   
  X X     
          
          
----------

White 2,0
----------
      X   
O O O X   
O X X     
          
          
----------

Black 3,1
----------
      X   
O O O X   
O X X     
  X       
          
----------

White 3,0
----------
      X   
O O O X   
O X X     
O X       
          
----------

Black 4,1
----------
      X   
O O O X   
O X X     
O X       
  X       
----------

White 0,0
----------
O     X   
O O O X   
O X X     
O X       
  X       
----------

Black 0,2
----------
O   X X   
O O O X   
O X X     
O X       
  X       
----------

White 3,3
----------
O   X X   
O O O X   
O X X     
O X   O   
  X       
----------

Black 4,0
----------
O   X X   
O O O X   
O X X     
O X   O   
X X       
----------

White 2,3
----------
O   X X   
O O O X   
O X X O   
O X   O   
X X       
----------

Black 0,1
----------
  X X X   
      X   
  X X O   
  X   O   
X X       
----------

White 3,2
----------
  X X X   
      X   
  X X O   
  X O O   
X X       
----------

Black 4,2
----------
  X X X   
      X   
  X X O   
  X O O   
X X X     
----------

White 2,4
----------
  X X X   
      X   
  X X O O 
  X O O   
X X X     
----------

Black 1,4
----------
  X X X   
      X X 
  X X O O 
  X O O   
X X X     
----------

White 3,4
----------
  X X X   
      X X 
  X X O O 
  X O O O 
X X X     
----------

Black 4,4
----------
  X X X   
      X X 
  X X O O 
  X O O O 
X X X   X 
----------

White 1,0
----------
  X X X   
O     X X 
  X X O O 
  X O O O 
X X X   X 
----------

Game end.
The winner is X
ta time: 214.62
student time: 11.21
White(You) lose.
=====Round 6=====
Black:You White:TA
Wed Oct 28 05:33:16 PDT 2020
Clean up...
Start Playing...
Black 2,2
----------
          
          
    X     
          
          
----------

White 1,2
----------
          
    O     
    X     
          
          
----------

Black 2,1
----------
          
    O     
  X X     
          
          
----------

White 1,3
----------
          
    O O   
  X X     
          
          
----------

Black 1,1
----------
          
  X O O   
  X X     
          
          
----------

White 2,3
----------
          
  X O O   
  X X O   
          
          
----------

Black 3,1
----------
          
  X O O   
  X X O   
  X       
          
----------

White 3,3
----------
          
  X O O   
  X X O   
  X   O   
          
----------

Black 0,1
----------
  X       
  X O O   
  X X O   
  X   O   
          
----------

White 0,2
----------
  X O     
  X O O   
  X X O   
  X   O   
          
----------

Black 3,2
----------
  X O     
  X O O   
  X X O   
  X X O   
          
----------

White 4,3
----------
  X O     
  X O O   
  X X O   
  X X O   
      O   
----------

Black 3,0
----------
  X O     
  X O O   
  X X O   
X X X O   
      O   
----------

White 1,4
----------
  X O     
  X O O O 
  X X O   
X X X O   
      O   
----------

Black 0,0
----------
X X O     
  X O O O 
  X X O   
X X X O   
      O   
----------

White 3,4
----------
X X O     
  X O O O 
  X X O   
X X X O O 
      O   
----------

Black 1,0
----------
X X O     
X X O O O 
  X X O   
X X X O O 
      O   
----------

White 0,3
----------
X X O O   
X X O O O 
  X X O   
X X X O O 
      O   
----------

Black 2,0
----------
X X O O   
X X O O O 
X X X O   
X X X O O 
      O   
----------

White 4,2
----------
X X O O   
X X O O O 
X X X O   
X X X O O 
    O O   
----------

Black 4,0
----------
X X O O   
X X O O O 
X X X O   
X X X O O 
X   O O   
----------

White 4,1
----------
    O O   
    O O O 
      O   
      O O 
  O O O   
----------

Black 2,1
----------
    O O   
    O O O 
  X   O   
      O O 
  O O O   
----------

White 3,0
----------
    O O   
    O O O 
  X   O   
O     O O 
  O O O   
----------

Game end.
The winner is O
ta time: 248.19
student time: 12
Black(You) lose.
=====Round 7=====
Black:TA White:You
Wed Oct 28 05:33:43 PDT 2020
Clean up...
Start Playing...
Black 2,2
----------
          
          
    X     
          
          
----------

White 1,1
----------
          
  O       
    X     
          
          
----------

Black 2,1
----------
          
  O       
  X X     
          
          
----------

White 1,2
----------
          
  O O     
  X X     
          
          
----------

Black 1,3
----------
          
  O O X   
  X X     
          
          
----------

White 1,0
----------
          
O O O X   
  X X     
          
          
----------

Black 0,3
----------
      X   
O O O X   
  X X     
          
          
----------

White 2,0
----------
      X   
O O O X   
O X X     
          
          
----------

Black 3,1
----------
      X   
O O O X   
O X X     
  X       
          
----------

White 3,0
----------
      X   
O O O X   
O X X     
O X       
          
----------

Black 4,1
----------
      X   
O O O X   
O X X     
O X       
  X       
----------

White 0,0
----------
O     X   
O O O X   
O X X     
O X       
  X       
----------

Black 0,2
----------
O   X X   
O O O X   
O X X     
O X       
  X       
----------

White 3,3
----------
O   X X   
O O O X   
O X X     
O X   O   
  X       
----------

Black 4,0
----------
O   X X   
O O O X   
O X X     
O X   O   
X X       
----------

White 2,3
----------
O   X X   
O O O X   
O X X O   
O X   O   
X X       
----------

Black 0,1
----------
  X X X   
      X   
  X X O   
  X   O   
X X       
----------

White 3,2
----------
  X X X   
      X   
  X X O   
  X O O   
X X       
----------

Black 2,4
----------
  X X X   
      X   
  X X O X 
  X O O   
X X       
----------

White 3,4
----------
  X X X   
      X   
  X X O X 
  X O O O 
X X       
----------

Black 1,4
----------
  X X X   
      X X 
  X X O X 
  X O O O 
X X       
----------

White 4,2
----------
  X X X   
      X X 
  X X O X 
  X O O O 
X X O     
----------

Black 0,0
----------
X X X X   
      X X 
  X X O X 
  X O O O 
X X O     
----------

White 1,1
----------
X X X X   
  O   X X 
  X X O X 
  X O O O 
X X O     
----------

Game end.
The winner is X
ta time: 282.72
student time: 12.76
White(You) lose.
=====Round 8=====
Black:You White:TA
Wed Oct 28 05:34:09 PDT 2020
Clean up...
Start Playing...
Black 2,2
----------
          
          
    X     
          
          
----------

White 1,2
----------
          
    O     
    X     
          
          
----------

Black 2,1
----------
          
    O     
  X X     
          
          
----------

White 1,3
----------
          
    O O   
  X X     
          
          
----------

Black 1,1
----------
          
  X O O   
  X X     
          
          
----------

White 2,3
----------
          
  X O O   
  X X O   
          
          
----------

Black 3,1
----------
          
  X O O   
  X X O   
  X       
          
----------

White 3,3
----------
          
  X O O   
  X X O   
  X   O   
          
----------

Black 0,1
----------
  X       
  X O O   
  X X O   
  X   O   
          
----------

White 0,2
----------
  X O     
  X O O   
  X X O   
  X   O   
          
----------

Black 3,2
----------
  X O     
  X O O   
  X X O   
  X X O   
          
----------

White 4,3
----------
  X O     
  X O O   
  X X O   
  X X O   
      O   
----------

Black 3,0
----------
  X O     
  X O O   
  X X O   
X X X O   
      O   
----------

White 1,4
----------
  X O     
  X O O O 
  X X O   
X X X O   
      O   
----------

Black 0,0
----------
X X O     
  X O O O 
  X X O   
X X X O   
      O   
----------

White 3,4
----------
X X O     
  X O O O 
  X X O   
X X X O O 
      O   
----------

Black 1,0
----------
X X O     
X X O O O 
  X X O   
X X X O O 
      O   
----------

White 0,3
----------
X X O O   
X X O O O 
  X X O   
X X X O O 
      O   
----------

Black 2,0
----------
X X O O   
X X O O O 
X X X O   
X X X O O 
      O   
----------

White 4,2
----------
X X O O   
X X O O O 
X X X O   
X X X O O 
    O O   
----------

Black 4,0
----------
X X O O   
X X O O O 
X X X O   
X X X O O 
X   O O   
----------

White 4,1
----------
    O O   
    O O O 
      O   
      O O 
  O O O   
----------

Black 2,1
----------
    O O   
    O O O 
  X   O   
      O O 
  O O O   
----------

White 3,1
----------
    O O   
    O O O 
  X   O   
  O   O O 
  O O O   
----------

Game end.
The winner is O
ta time: 316.77
student time: 13.54
Black(You) lose.
=====Round 9=====
Black:TA White:You
Wed Oct 28 05:34:35 PDT 2020
Clean up...
Start Playing...
Black 2,2
----------
          
          
    X     
          
          
----------

White 1,1
----------
          
  O       
    X     
          
          
----------

Black 2,1
----------
          
  O       
  X X     
          
          
----------

White 1,2
----------
          
  O O     
  X X     
          
          
----------

Black 1,3
----------
          
  O O X   
  X X     
          
          
----------

White 1,0
----------
          
O O O X   
  X X     
          
          
----------

Black 0,3
----------
      X   
O O O X   
  X X     
          
          
----------

White 2,0
----------
      X   
O O O X   
O X X     
          
          
----------

Black 3,1
----------
      X   
O O O X   
O X X     
  X       
          
----------

White 3,0
----------
      X   
O O O X   
O X X     
O X       
          
----------

Black 4,1
----------
      X   
O O O X   
O X X     
O X       
  X       
----------

White 0,0
----------
O     X   
O O O X   
O X X     
O X       
  X       
----------

Black 0,2
----------
O   X X   
O O O X   
O X X     
O X       
  X       
----------

White 3,3
----------
O   X X   
O O O X   
O X X     
O X   O   
  X       
----------

Black 4,0
----------
O   X X   
O O O X   
O X X     
O X   O   
X X       
----------

White 2,3
----------
O   X X   
O O O X   
O X X O   
O X   O   
X X       
----------

Black 0,1
----------
  X X X   
      X   
  X X O   
  X   O   
X X       
----------

White 3,2
----------
  X X X   
      X   
  X X O   
  X O O   
X X       
----------

Black 4,2
----------
  X X X   
      X   
  X X O   
  X O O   
X X X     
----------

White 2,4
----------
  X X X   
      X   
  X X O O 
  X O O   
X X X     
----------

Black 1,2
----------
  X X X   
    X X   
  X X O O 
  X O O   
X X X     
----------

White 1,4
----------
  X X X   
    X X O 
  X X O O 
  X O O   
X X X     
----------

Black 0,4
----------
  X X X X 
    X X O 
  X X O O 
  X O O   
X X X     
----------

White 3,4
----------
  X X X X 
    X X O 
  X X O O 
  X O O O 
X X X     
----------

Game end.
The winner is X
ta time: 354.06
student time: 14.39
White(You) lose.
=====Round 10=====
Black:You White:TA
Wed Oct 28 05:35:02 PDT 2020
Clean up...
Start Playing...
Black 2,2
----------
          
          
    X     
          
          
----------

White 3,2
----------
          
          
    X     
    O     
          
----------

Black 1,2
----------
          
    X     
    X     
    O     
          
----------

White 3,1
----------
          
    X     
    X     
  O O     
          
----------

Black 1,1
----------
          
  X X     
    X     
  O O     
          
----------

White 3,3
----------
          
  X X     
    X     
  O O O   
          
----------

Black 1,3
----------
          
  X X X   
    X     
  O O O   
          
----------

White 2,4
----------
          
  X X X   
    X   O 
  O O O   
          
----------

Black 1,0
----------
          
X X X X   
    X   O 
  O O O   
          
----------

White 2,3
----------
          
X X X X   
    X O O 
  O O O   
          
----------

Black 0,3
----------
      X   
X X X X   
    X O O 
  O O O   
          
----------

White 1,4
----------
      X   
X X X X O 
    X O O 
  O O O   
          
----------

Black 2,0
----------
      X   
X X X X O 
X   X O O 
  O O O   
          
----------

White 3,0
----------
      X   
X X X X O 
X   X O O 
O O O O   
          
----------

Black 2,1
----------
      X   
X X X X O 
X X X O O 
O O O O   
          
----------

White 0,1
----------
  O   X   
X X X X O 
X X X O O 
O O O O   
          
----------

Black 0,0
----------
X O   X   
X X X X O 
X X X O O 
O O O O   
          
----------

White 4,2
----------
X O   X   
X X X X O 
X X X O O 
O O O O   
    O     
----------

Black 4,4
----------
X O   X   
X X X X O 
X X X O O 
O O O O   
    O   X 
----------

White 3,4
----------
X O   X   
X X X X O 
X X X O O 
O O O O O 
    O   X 
----------

Black 0,2
----------
X   X X   
X X X X O 
X X X O O 
O O O O O 
    O   X 
----------

White 4,3
----------
X   X X   
X X X X O 
X X X O O 
O O O O O 
    O O   
----------

Black 0,1
----------
X X X X   
X X X X O 
X X X O O 
O O O O O 
    O O   
----------

White 0,4
----------
        O 
        O 
      O O 
O O O O O 
    O O   
----------

Game end.
The winner is O
ta time: 389.67
student time: 15.15
Black(You) lose.
