Thu Oct 29 17:25:24 PDT 2020

==Playing with qlearning_player==
=====Round 1=====
Black:TA White:You
Thu Oct 29 17:25:24 PDT 2020
Clean up...
Start Playing...
Black 1,2
----------
          
    X     
          
          
          
----------

White 2,1
----------
          
    X     
  O       
          
          
----------

Black 2,2
----------
          
    X     
  O X     
          
          
----------

White 0,0
----------
O         
    X     
  O X     
          
          
----------

Black 3,0
----------
O         
    X     
  O X     
X         
          
----------

White 3,1
----------
O         
    X     
  O X     
X O       
          
----------

Black 2,3
----------
O         
    X     
  O X X   
X O       
          
----------

White 2,0
----------
O         
    X     
O O X X   
X O       
          
----------

Black 3,2
----------
O         
    X     
O O X X   
X O X     
          
----------

White 4,1
----------
O         
    X     
O O X X   
X O X     
  O       
----------

Black 1,1
----------
O         
  X X     
O O X X   
X O X     
  O       
----------

White 4,0
----------
O         
  X X     
O O X X   
  O X     
O O       
----------

Black 1,3
----------
O         
  X X X   
O O X X   
  O X     
O O       
----------

White 0,1
----------
O O       
  X X X   
O O X X   
  O X     
O O       
----------

Black 3,3
----------
O O       
  X X X   
O O X X   
  O X X   
O O       
----------

White 0,2
----------
O O O     
  X X X   
O O X X   
  O X X   
O O       
----------

Black 2,4
----------
O O O     
  X X X   
O O X X X 
  O X X   
O O       
----------

White 0,3
----------
O O O O   
  X X X   
O O X X X 
  O X X   
O O       
----------

Black 4,2
----------
O O O O   
  X X X   
O O X X X 
  O X X   
O O X     
----------

White 0,4
----------
O O O O O 
  X X X   
O O X X X 
  O X X   
O O X     
----------

Black 1,4
----------
O O O O O 
  X X X X 
O O X X X 
  O X X   
O O X     
----------

White 4,4
----------
O O O O O 
  X X X X 
O O X X X 
  O X X   
O O X   O 
----------

Black 1,0
----------
          
X X X X X 
O O X X X 
  O X X   
O O X   O 
----------

White 0,1
----------
  O       
X X X X X 
O O X X X 
  O X X   
O O X   O 
----------

Game end.
The winner is X
ta time: 3.53
student time: 3.15
White(You) lose.
=====Round 2=====
Black:You White:TA
Thu Oct 29 17:25:38 PDT 2020
Clean up...
Start Playing...
Black 2,2
----------
          
          
    X     
          
          
----------

White 2,1
----------
          
          
  O X     
          
          
----------

Black 0,0
----------
X         
          
  O X     
          
          
----------

White 1,2
----------
X         
    O     
  O X     
          
          
----------

Black 2,3
----------
X         
    O     
  O X X   
          
          
----------

White 3,2
----------
X         
    O     
  O X X   
    O     
          
----------

Black 1,3
----------
X         
    O X   
  O X X   
    O     
          
----------

White 3,1
----------
X         
    O X   
  O X X   
  O O     
          
----------

Black 3,3
----------
X         
    O X   
  O X X   
  O O X   
          
----------

White 2,4
----------
X         
    O X   
  O X X O 
  O O X   
          
----------

Black 1,4
----------
X         
    O X X 
  O X X O 
  O O X   
          
----------

White 0,2
----------
X   O     
    O X X 
  O X X O 
  O O X   
          
----------

Black 3,4
----------
X   O     
    O X X 
  O X X   
  O O X X 
          
----------

White 4,2
----------
X   O     
    O X X 
  O X X   
  O O X X 
    O     
----------

Black 1,0
----------
X   O     
X   O X X 
  O X X   
  O O X X 
    O     
----------

White 1,1
----------
X   O     
X O O X X 
  O X X   
  O O X X 
    O     
----------

Black 2,0
----------
X   O     
X O O X X 
X O X X   
  O O X X 
    O     
----------

White 4,3
----------
X   O     
X O O X X 
X O X X   
  O O X X 
    O O   
----------

Black 3,0
----------
X   O     
X O O X X 
X O X X   
X O O X X 
    O O   
----------

White 0,3
----------
X   O O   
X O O X X 
X O X X   
X O O X X 
    O O   
----------

Black 4,0
----------
X   O O   
X O O X X 
X O X X   
X O O X X 
X   O O   
----------

White 0,1
----------
X O O O   
X O O X X 
X O X X   
X O O X X 
X   O O   
----------

Black 0,4
----------
X O O O X 
X O O X X 
X O X X   
X O O X X 
X   O O   
----------

White 4,1
----------
  O O O X 
  O O X X 
  O X X   
  O O X X 
  O O O   
----------

Game end.
The winner is O
ta time: 6.94
student time: 6.4
Black(You) lose.
=====Round 3=====
Black:TA White:You
Thu Oct 29 17:25:51 PDT 2020
Clean up...
Start Playing...
Black 1,2
----------
          
    X     
          
          
          
----------

White 2,1
----------
          
    X     
  O       
          
          
----------

Black 2,2
----------
          
    X     
  O X     
          
          
----------

White 0,0
----------
O         
    X     
  O X     
          
          
----------

Black 3,0
----------
O         
    X     
  O X     
X         
          
----------

White 3,1
----------
O         
    X     
  O X     
X O       
          
----------

Black 2,3
----------
O         
    X     
  O X X   
X O       
          
----------

White 2,0
----------
O         
    X     
O O X X   
X O       
          
----------

Black 3,2
----------
O         
    X     
O O X X   
X O X     
          
----------

White 4,1
----------
O         
    X     
O O X X   
X O X     
  O       
----------

Black 0,2
----------
O   X     
    X     
O O X X   
X O X     
  O       
----------

White 4,0
----------
O   X     
    X     
O O X X   
  O X     
O O       
----------

Black 1,1
----------
O   X     
  X X     
O O X X   
  O X     
O O       
----------

White 4,2
----------
O   X     
  X X     
O O X X   
  O X     
O O O     
----------

Black 1,3
----------
O   X     
  X X X   
O O X X   
  O X     
O O O     
----------

White 4,3
----------
O   X     
  X X X   
O O X X   
  O X     
O O O O   
----------

Black 3,3
----------
O   X     
  X X X   
O O X X   
  O X X   
O O O O   
----------

White 4,4
----------
O   X     
  X X X   
O O X X   
  O X X   
O O O O O 
----------

Black 2,4
----------
O   X     
  X X X   
O O X X X 
  O X X   
O O O O O 
----------

White 1,0
----------
O   X     
O X X X   
O O X X X 
  O X X   
O O O O O 
----------

Black 0,1
----------
O X X     
O X X X   
O O X X X 
  O X X   
O O O O O 
----------

White 0,4
----------
O X X   O 
O X X X   
O O X X X 
  O X X   
O O O O O 
----------

Black 0,3
----------
O X X X O 
O X X X   
O O X X X 
  O X X   
O O O O O 
----------

White 3,4
----------
O X X X O 
O X X X   
O O X X X 
  O X X O 
O O O O O 
----------

Game end.
The winner is O
ta time: 10.57
student time: 9.88
White(You) win!
=====Round 4=====
Black:You White:TA
Thu Oct 29 17:26:04 PDT 2020
Clean up...
Start Playing...
Black 2,2
----------
          
          
    X     
          
          
----------

White 2,1
----------
          
          
  O X     
          
          
----------

Black 0,0
----------
X         
          
  O X     
          
          
----------

White 1,2
----------
X         
    O     
  O X     
          
          
----------

Black 2,3
----------
X         
    O     
  O X X   
          
          
----------

White 3,2
----------
X         
    O     
  O X X   
    O     
          
----------

Black 1,3
----------
X         
    O X   
  O X X   
    O     
          
----------

White 0,2
----------
X   O     
    O X   
  O X X   
    O     
          
----------

Black 3,3
----------
X   O     
    O X   
  O X X   
    O X   
          
----------

White 4,2
----------
X   O     
    O X   
  O X X   
    O X   
    O     
----------

Black 1,0
----------
X   O     
X   O X   
  O X X   
    O X   
    O     
----------

White 1,1
----------
X   O     
X O O X   
  O X X   
    O X   
    O     
----------

Black 0,3
----------
X   O X   
X O O X   
  O X X   
    O X   
    O     
----------

White 2,0
----------
X   O X   
X O O X   
O O X X   
    O X   
    O     
----------

Black 3,4
----------
X   O X   
X O O X   
O O X X   
    O X X 
    O     
----------

White 0,1
----------
  O O X   
  O O X   
O O X X   
    O X X 
    O     
----------

Black 0,4
----------
  O O X X 
  O O X   
O O X X   
    O X X 
    O     
----------

White 2,4
----------
  O O X X 
  O O X   
O O X X O 
    O X X 
    O     
----------

Black 1,4
----------
  O O X X 
  O O X X 
O O X X   
    O X X 
    O     
----------

White 3,1
----------
  O O X X 
  O O X X 
O O X X   
  O O X X 
    O     
----------

Black 2,4
----------
  O O X X 
  O O X X 
O O X X X 
  O O X X 
    O     
----------

White 3,0
----------
  O O X X 
  O O X X 
O O X X X 
O O O X X 
    O     
----------

Black PASS
----------
  O O X X 
  O O X X 
O O X X X 
O O O X X 
    O     
----------

White 1,0
----------
  O O X X 
O O O X X 
O O X X X 
O O O X X 
    O     
----------

Game end.
The winner is O
ta time: 13.88
student time: 12.93
Black(You) lose.
=====Round 5=====
Black:TA White:You
Thu Oct 29 17:26:16 PDT 2020
Clean up...
Start Playing...
Black 1,2
----------
          
    X     
          
          
          
----------

White 2,1
----------
          
    X     
  O       
          
          
----------

Black 2,2
----------
          
    X     
  O X     
          
          
----------

White 0,0
----------
O         
    X     
  O X     
          
          
----------

Black 3,0
----------
O         
    X     
  O X     
X         
          
----------

White 3,1
----------
O         
    X     
  O X     
X O       
          
----------

Black 2,3
----------
O         
    X     
  O X X   
X O       
          
----------

White 2,0
----------
O         
    X     
O O X X   
X O       
          
----------

Black 3,2
----------
O         
    X     
O O X X   
X O X     
          
----------

White 4,1
----------
O         
    X     
O O X X   
X O X     
  O       
----------

Black 1,1
----------
O         
  X X     
O O X X   
X O X     
  O       
----------

White 4,0
----------
O         
  X X     
O O X X   
  O X     
O O       
----------

Black 3,3
----------
O         
  X X     
O O X X   
  O X X   
O O       
----------

White 0,1
----------
O O       
  X X     
O O X X   
  O X X   
O O       
----------

Black 1,3
----------
O O       
  X X X   
O O X X   
  O X X   
O O       
----------

White 0,2
----------
O O O     
  X X X   
O O X X   
  O X X   
O O       
----------

Black 4,2
----------
O O O     
  X X X   
O O X X   
  O X X   
O O X     
----------

White 0,3
----------
O O O O   
  X X X   
O O X X   
  O X X   
O O X     
----------

Black 2,4
----------
O O O O   
  X X X   
O O X X X 
  O X X   
O O X     
----------

White 0,4
----------
O O O O O 
  X X X   
O O X X X 
  O X X   
O O X     
----------

Black 3,4
----------
O O O O O 
  X X X   
O O X X X 
  O X X X 
O O X     
----------

White 1,0
----------
O O O O O 
O X X X   
O O X X X 
  O X X X 
O O X     
----------

Black 4,3
----------
O O O O O 
O X X X   
O O X X X 
  O X X X 
O O X X   
----------

White 1,4
----------
O O O O O 
O X X X O 
O O X X X 
  O X X X 
O O X X   
----------

Game end.
The winner is O
ta time: 17.56
student time: 16
White(You) win!
=====Round 6=====
Black:You White:TA
Thu Oct 29 17:26:28 PDT 2020
Clean up...
Start Playing...
Black 2,2
----------
          
          
    X     
          
          
----------

White 2,1
----------
          
          
  O X     
          
          
----------

Black 0,0
----------
X         
          
  O X     
          
          
----------

White 1,2
----------
X         
    O     
  O X     
          
          
----------

Black 2,3
----------
X         
    O     
  O X X   
          
          
----------

White 3,2
----------
X         
    O     
  O X X   
    O     
          
----------

Black 1,3
----------
X         
    O X   
  O X X   
    O     
          
----------

White 3,3
----------
X         
    O X   
  O X X   
    O O   
          
----------

Black 0,1
----------
X X       
    O X   
  O X X   
    O O   
          
----------

White 3,1
----------
X X       
    O X   
  O X X   
  O O O   
          
----------

Black 1,1
----------
X X       
  X O X   
  O X X   
  O O O   
          
----------

White 0,2
----------
X X O     
  X O X   
  O X X   
  O O O   
          
----------

Black 0,3
----------
X X   X   
  X   X   
  O X X   
  O O O   
          
----------

White 1,2
----------
X X   X   
  X O X   
  O X X   
  O O O   
          
----------

Black 0,2
----------
X X X X   
  X   X   
  O X X   
  O O O   
          
----------

White 4,2
----------
X X X X   
  X   X   
  O X X   
  O O O   
    O     
----------

Black 1,0
----------
X X X X   
X X   X   
  O X X   
  O O O   
    O     
----------

White 2,0
----------
X X X X   
X X   X   
O O X X   
  O O O   
    O     
----------

Black 1,2
----------
X X X X   
X X X X   
O O X X   
  O O O   
    O     
----------

White 2,4
----------
X X X X   
X X X X   
O O X X O 
  O O O   
    O     
----------

Black 4,0
----------
X X X X   
X X X X   
O O X X O 
  O O O   
X   O     
----------

White 3,4
----------
X X X X   
X X X X   
O O X X O 
  O O O O 
X   O     
----------

Black PASS
----------
X X X X   
X X X X   
O O X X O 
  O O O O 
X   O     
----------

White 3,0
----------
X X X X   
X X X X   
O O X X O 
O O O O O 
X   O     
----------

Game end.
The winner is O
ta time: 20.97
student time: 19.45
Black(You) lose.
=====Round 7=====
Black:TA White:You
Thu Oct 29 17:26:39 PDT 2020
Clean up...
Start Playing...
Black 1,2
----------
          
    X     
          
          
          
----------

White 2,1
----------
          
    X     
  O       
          
          
----------

Black 2,2
----------
          
    X     
  O X     
          
          
----------

White 0,0
----------
O         
    X     
  O X     
          
          
----------

Black 3,0
----------
O         
    X     
  O X     
X         
          
----------

White 3,1
----------
O         
    X     
  O X     
X O       
          
----------

Black 2,3
----------
O         
    X     
  O X X   
X O       
          
----------

White 2,0
----------
O         
    X     
O O X X   
X O       
          
----------

Black 3,2
----------
O         
    X     
O O X X   
X O X     
          
----------

White 4,1
----------
O         
    X     
O O X X   
X O X     
  O       
----------

Black 2,4
----------
O         
    X     
O O X X X 
X O X     
  O       
----------

White 4,0
----------
O         
    X     
O O X X X 
  O X     
O O       
----------

Black 1,3
----------
O         
    X X   
O O X X X 
  O X     
O O       
----------

White 1,1
----------
O         
  O X X   
O O X X X 
  O X     
O O       
----------

Black 0,2
----------
O   X     
  O X X   
O O X X X 
  O X     
O O       
----------

White 4,2
----------
O   X     
  O X X   
O O X X X 
  O X     
O O O     
----------

Black 3,3
----------
O   X     
  O X X   
O O X X X 
  O X X   
O O O     
----------

White 4,3
----------
O   X     
  O X X   
O O X X X 
  O X X   
O O O O   
----------

Black 1,4
----------
O   X     
  O X X X 
O O X X X 
  O X X   
O O O O   
----------

White 4,4
----------
O   X     
  O X X X 
O O X X X 
  O X X   
O O O O O 
----------

Black 0,3
----------
O   X X   
  O X X X 
O O X X X 
  O X X   
O O O O O 
----------

White 0,1
----------
O O X X   
  O X X X 
O O X X X 
  O X X   
O O O O O 
----------

Black 3,4
----------
O O X X   
  O X X X 
O O X X X 
  O X X X 
O O O O O 
----------

White 0,4
----------
O O     O 
  O       
O O       
  O       
O O O O O 
----------

Game end.
The winner is O
ta time: 24.67
student time: 22.89
White(You) win!
=====Round 8=====
Black:You White:TA
Thu Oct 29 17:26:52 PDT 2020
Clean up...
Start Playing...
Black 2,2
----------
          
          
    X     
          
          
----------

White 2,1
----------
          
          
  O X     
          
          
----------

Black 0,0
----------
X         
          
  O X     
          
          
----------

White 1,2
----------
X         
    O     
  O X     
          
          
----------

Black 2,3
----------
X         
    O     
  O X X   
          
          
----------

White 3,2
----------
X         
    O     
  O X X   
    O     
          
----------

Black 1,3
----------
X         
    O X   
  O X X   
    O     
          
----------

White 2,4
----------
X         
    O X   
  O X X O 
    O     
          
----------

Black 1,4
----------
X         
    O X X 
  O X X O 
    O     
          
----------

White 2,0
----------
X         
    O X X 
O O X X O 
    O     
          
----------

Black 3,4
----------
X         
    O X X 
O O X X   
    O   X 
          
----------

White 1,1
----------
X         
  O O X X 
O O X X   
    O   X 
          
----------

Black 3,3
----------
X         
  O O X X 
O O X X   
    O X X 
          
----------

White 3,1
----------
X         
  O O X X 
O O X X   
  O O X X 
          
----------

Black 0,1
----------
X X       
  O O X X 
O O X X   
  O O X X 
          
----------

White 4,2
----------
X X       
  O O X X 
O O X X   
  O O X X 
    O     
----------

Black 0,2
----------
X X X     
  O O X X 
O O X X   
  O O X X 
    O     
----------

White 4,3
----------
X X X     
  O O X X 
O O X X   
  O O X X 
    O O   
----------

Black 0,3
----------
X X X X   
  O O X X 
O O X X   
  O O X X 
    O O   
----------

White 1,0
----------
X X X X   
O O O X X 
O O X X   
  O O X X 
    O O   
----------

Black 0,4
----------
X X X X X 
O O O X X 
O O X X   
  O O X X 
    O O   
----------

White 4,1
----------
X X X X X 
O O O X X 
O O X X   
  O O X X 
  O O O   
----------

Black PASS
----------
X X X X X 
O O O X X 
O O X X   
  O O X X 
  O O O   
----------

White 3,0
----------
X X X X X 
O O O X X 
O O X X   
O O O X X 
  O O O   
----------

Game end.
The winner is O
ta time: 28.14
student time: 26.09
Black(You) lose.
=====Round 9=====
Black:TA White:You
Thu Oct 29 17:27:06 PDT 2020
Clean up...
Start Playing...
Black 1,2
----------
          
    X     
          
          
          
----------

White 2,1
----------
          
    X     
  O       
          
          
----------

Black 2,2
----------
          
    X     
  O X     
          
          
----------

White 0,0
----------
O         
    X     
  O X     
          
          
----------

Black 3,0
----------
O         
    X     
  O X     
X         
          
----------

White 3,1
----------
O         
    X     
  O X     
X O       
          
----------

Black 3,2
----------
O         
    X     
  O X     
X O X     
          
----------

White 2,0
----------
O         
    X     
O O X     
X O X     
          
----------

Black 2,3
----------
O         
    X     
O O X X   
X O X     
          
----------

White 4,1
----------
O         
    X     
O O X X   
X O X     
  O       
----------

Black 4,2
----------
O         
    X     
O O X X   
X O X     
  O X     
----------

White 4,0
----------
O         
    X     
O O X X   
  O X     
O O X     
----------

Black 1,1
----------
O         
  X X     
O O X X   
  O X     
O O X     
----------

White 0,1
----------
O O       
  X X     
O O X X   
  O X     
O O X     
----------

Black 0,2
----------
O O X     
  X X     
O O X X   
  O X     
O O X     
----------

White 1,3
----------
O O X     
  X X O   
O O X X   
  O X     
O O X     
----------

Black 1,0
----------
    X     
X X X O   
O O X X   
  O X     
O O X     
----------

White 1,4
----------
    X     
X X X O O 
O O X X   
  O X     
O O X     
----------

Black 3,0
----------
    X     
X X X O O 
    X X   
X   X     
    X     
----------

White 2,4
----------
    X     
X X X O O 
    X X O 
X   X     
    X     
----------

Black 2,1
----------
    X     
X X X O O 
  X X X O 
X   X     
    X     
----------

White 3,4
----------
    X     
X X X O O 
  X X X O 
X   X   O 
    X     
----------

Black 2,0
----------
    X     
X X X O O 
X X X X O 
X   X   O 
    X     
----------

White 3,3
----------
    X     
X X X O O 
X X X X O 
X   X O O 
    X     
----------

Game end.
The winner is X
ta time: 31.89
student time: 29.29
White(You) lose.
=====Round 10=====
Black:You White:TA
Thu Oct 29 17:27:19 PDT 2020
Clean up...
Start Playing...
Black 2,2
----------
          
          
    X     
          
          
----------

White 2,1
----------
          
          
  O X     
          
          
----------

Black 0,0
----------
X         
          
  O X     
          
          
----------

White 1,2
----------
X         
    O     
  O X     
          
          
----------

Black 2,3
----------
X         
    O     
  O X X   
          
          
----------

White 3,2
----------
X         
    O     
  O X X   
    O     
          
----------

Black 1,3
----------
X         
    O X   
  O X X   
    O     
          
----------

White 2,4
----------
X         
    O X   
  O X X O 
    O     
          
----------

Black 1,4
----------
X         
    O X X 
  O X X O 
    O     
          
----------

White 0,2
----------
X   O     
    O X X 
  O X X O 
    O     
          
----------

Black 3,4
----------
X   O     
    O X X 
  O X X   
    O   X 
          
----------

White 2,0
----------
X   O     
    O X X 
O O X X   
    O   X 
          
----------

Black 3,3
----------
X   O     
    O X X 
O O X X   
    O X X 
          
----------

White 3,1
----------
X   O     
    O X X 
O O X X   
  O O X X 
          
----------

Black 0,1
----------
X X O     
    O X X 
O O X X   
  O O X X 
          
----------

White 1,1
----------
X X O     
  O O X X 
O O X X   
  O O X X 
          
----------

Black 4,3
----------
X X O     
  O O X X 
O O X X   
  O O X X 
      X   
----------

White 1,0
----------
    O     
O O O X X 
O O X X   
  O O X X 
      X   
----------

Black 4,2
----------
    O     
O O O X X 
O O X X   
  O O X X 
    X X   
----------

White 0,1
----------
  O O     
O O O X X 
O O X X   
  O O X X 
    X X   
----------

Black 4,1
----------
  O O     
O O O X X 
O O X X   
  O O X X 
  X X X   
----------

White 0,3
----------
  O O O   
O O O X X 
O O X X   
  O O X X 
  X X X   
----------

Black 4,0
----------
  O O O   
O O O X X 
O O X X   
  O O X X 
X X X X   
----------

White 3,0
----------
  O O O   
O O O X X 
O O X X   
O O O X X 
X X X X   
----------

Game end.
The winner is O
ta time: 35.24
student time: 32.64
Black(You) lose.

==Playing with championship_player==
=====Round 1=====
Black:TA White:You
Thu Oct 29 17:27:31 PDT 2020
Clean up...
Start Playing...
Black 2,2
----------
          
          
    X     
          
          
----------

White 0,2
----------
    O     
          
    X     
          
          
----------

Black 1,3
----------
    O     
      X   
    X     
          
          
----------

White 0,1
----------
  O O     
      X   
    X     
          
          
----------

Black 1,1
----------
  O O     
  X   X   
    X     
          
          
----------

White 1,2
----------
  O O     
  X O X   
    X     
          
          
----------

Black 0,3
----------
  O O X   
  X O X   
    X     
          
          
----------

White 2,1
----------
  O O X   
  X O X   
  O X     
          
          
----------

Black 0,0
----------
X     X   
  X   X   
  O X     
          
          
----------

White 3,1
----------
X     X   
  X   X   
  O X     
  O       
          
----------

Black 3,2
----------
X     X   
  X   X   
  O X     
  O X     
          
----------

White 4,1
----------
X     X   
  X   X   
  O X     
  O X     
  O       
----------

Black 1,0
----------
X     X   
X X   X   
  O X     
  O X     
  O       
----------

White 4,2
----------
X     X   
X X   X   
  O X     
  O X     
  O O     
----------

Black 3,3
----------
X     X   
X X   X   
  O X     
  O X X   
  O O     
----------

White 4,3
----------
X     X   
X X   X   
  O X     
  O X X   
  O O O   
----------

Black 2,0
----------
X     X   
X X   X   
X O X     
  O X X   
  O O O   
----------

White 4,4
----------
X     X   
X X   X   
X O X     
  O X X   
  O O O O 
----------

Black 3,4
----------
X     X   
X X   X   
X O X     
  O X X X 
  O O O O 
----------

White 0,2
----------
X   O X   
X X   X   
X O X     
  O X X X 
  O O O O 
----------

Black 0,1
----------
X X O X   
X X   X   
X O X     
  O X X X 
  O O O O 
----------

White 3,0
----------
X X O X   
X X   X   
X O X     
O O X X X 
  O O O O 
----------

Black 1,2
----------
X X   X   
X X X X   
X O X     
O O X X X 
  O O O O 
----------

White PASS
----------
X X   X   
X X X X   
X O X     
O O X X X 
  O O O O 
----------

Game end.
The winner is X
ta time: 71.12
student time: 35.91
White(You) lose.
=====Round 2=====
Black:You White:TA
Thu Oct 29 17:28:00 PDT 2020
Clean up...
Start Playing...
Black 2,2
----------
          
          
    X     
          
          
----------

White 2,3
----------
          
          
    X O   
          
          
----------

Black 0,0
----------
X         
          
    X O   
          
          
----------

White 1,2
----------
X         
    O     
    X O   
          
          
----------

Black 2,1
----------
X         
    O     
  X X O   
          
          
----------

White 1,3
----------
X         
    O O   
  X X O   
          
          
----------

Black 3,1
----------
X         
    O O   
  X X O   
  X       
          
----------

White 3,3
----------
X         
    O O   
  X X O   
  X   O   
          
----------

Black 3,2
----------
X         
    O O   
  X X O   
  X X O   
          
----------

White 1,1
----------
X         
  O O O   
  X X O   
  X X O   
          
----------

Black 0,1
----------
X X       
  O O O   
  X X O   
  X X O   
          
----------

White 1,0
----------
X X       
O O O O   
  X X O   
  X X O   
          
----------

Black 3,0
----------
X X       
O O O O   
  X X O   
X X X O   
          
----------

White 0,2
----------
    O     
O O O O   
  X X O   
X X X O   
          
----------

Black 4,2
----------
    O     
O O O O   
  X X O   
X X X O   
    X     
----------

White 0,1
----------
  O O     
O O O O   
  X X O   
X X X O   
    X     
----------

Black 4,3
----------
  O O     
O O O O   
  X X O   
X X X O   
    X X   
----------

White 3,4
----------
  O O     
O O O O   
  X X O   
X X X O O 
    X X   
----------

Black 2,0
----------
  O O     
O O O O   
X X X O   
X X X O O 
    X X   
----------

White 0,4
----------
  O O   O 
O O O O   
X X X O   
X X X O O 
    X X   
----------

Black 4,0
----------
  O O   O 
O O O O   
X X X O   
X X X O O 
X   X X   
----------

White 2,4
----------
  O O   O 
O O O O   
X X X O O 
X X X O O 
X   X X   
----------

Black PASS
----------
  O O   O 
O O O O   
X X X O O 
X X X O O 
X   X X   
----------

White 0,3
----------
  O O O O 
O O O O   
X X X O O 
X X X O O 
X   X X   
----------

Game end.
The winner is O
ta time: 103.46
student time: 39.14
Black(You) lose.
=====Round 3=====
Black:TA White:You
Thu Oct 29 17:28:29 PDT 2020
Clean up...
Start Playing...
Black 2,2
----------
          
          
    X     
          
          
----------

White 0,2
----------
    O     
          
    X     
          
          
----------

Black 1,1
----------
    O     
  X       
    X     
          
          
----------

White 0,3
----------
    O O   
  X       
    X     
          
          
----------

Black 1,3
----------
    O O   
  X   X   
    X     
          
          
----------

White 1,2
----------
    O O   
  X O X   
    X     
          
          
----------

Black 0,1
----------
  X O O   
  X O X   
    X     
          
          
----------

White 2,3
----------
  X O O   
  X O X   
    X O   
          
          
----------

Black 0,4
----------
  X     X 
  X   X   
    X O   
          
          
----------

White 3,3
----------
  X     X 
  X   X   
    X O   
      O   
          
----------

Black 3,2
----------
  X     X 
  X   X   
    X O   
    X O   
          
----------

White 4,3
----------
  X     X 
  X   X   
    X O   
    X O   
      O   
----------

Black 1,4
----------
  X     X 
  X   X X 
    X O   
    X O   
      O   
----------

White 4,2
----------
  X     X 
  X   X X 
    X O   
    X O   
    O O   
----------

Black 3,1
----------
  X     X 
  X   X X 
    X O   
  X X O   
    O O   
----------

White 4,1
----------
  X     X 
  X   X X 
    X O   
  X X O   
  O O O   
----------

Black 2,4
----------
  X     X 
  X   X X 
    X O X 
  X X O   
  O O O   
----------

White 4,0
----------
  X     X 
  X   X X 
    X O X 
  X X O   
O O O O   
----------

Black 3,0
----------
  X     X 
  X   X X 
    X O X 
X X X O   
O O O O   
----------

White 0,2
----------
  X O   X 
  X   X X 
    X O X 
X X X O   
O O O O   
----------

Black 0,3
----------
  X O X X 
  X   X X 
    X O X 
X X X O   
O O O O   
----------

White 3,4
----------
  X O X X 
  X   X X 
    X O X 
X X X O O 
O O O O   
----------

Black 1,2
----------
  X   X X 
  X X X X 
    X O X 
X X X O O 
O O O O   
----------

White PASS
----------
  X   X X 
  X X X X 
    X O X 
X X X O O 
O O O O   
----------

Game end.
The winner is X
ta time: 136.22
student time: 42.29
White(You) lose.
=====Round 4=====
Black:You White:TA
Thu Oct 29 17:28:56 PDT 2020
Clean up...
Start Playing...
Black 2,2
----------
          
          
    X     
          
          
----------

White 1,3
----------
          
      O   
    X     
          
          
----------

Black 0,0
----------
X         
      O   
    X     
          
          
----------

White 1,2
----------
X         
    O O   
    X     
          
          
----------

Black 2,1
----------
X         
    O O   
  X X     
          
          
----------

White 2,3
----------
X         
    O O   
  X X O   
          
          
----------

Black 3,1
----------
X         
    O O   
  X X O   
  X       
          
----------

White 3,3
----------
X         
    O O   
  X X O   
  X   O   
          
----------

Black 3,2
----------
X         
    O O   
  X X O   
  X X O   
          
----------

White 1,1
----------
X         
  O O O   
  X X O   
  X X O   
          
----------

Black 0,1
----------
X X       
  O O O   
  X X O   
  X X O   
          
----------

White 1,0
----------
X X       
O O O O   
  X X O   
  X X O   
          
----------

Black 3,0
----------
X X       
O O O O   
  X X O   
X X X O   
          
----------

White 0,2
----------
    O     
O O O O   
  X X O   
X X X O   
          
----------

Black 4,2
----------
    O     
O O O O   
  X X O   
X X X O   
    X     
----------

White 2,0
----------
    O     
O O O O   
O X X O   
X X X O   
    X     
----------

Black 4,3
----------
    O     
O O O O   
O X X O   
X X X O   
    X X   
----------

White 2,4
----------
    O     
O O O O   
O X X O O 
X X X O   
    X X   
----------

Black 4,4
----------
    O     
O O O O   
O X X O O 
X X X O   
    X X X 
----------

White 1,4
----------
    O     
O O O O O 
O X X O O 
X X X O   
    X X X 
----------

Black 3,4
----------
    O     
O O O O O 
O X X O O 
X X X O X 
    X X X 
----------

White 0,4
----------
    O   O 
O O O O O 
O X X O O 
X X X O X 
    X X X 
----------

Black PASS
----------
    O   O 
O O O O O 
O X X O O 
X X X O X 
    X X X 
----------

White 0,0
----------
O   O   O 
O O O O O 
O X X O O 
X X X O X 
    X X X 
----------

Game end.
The winner is O
ta time: 170.27
student time: 45.66
Black(You) lose.
=====Round 5=====
Black:TA White:You
Thu Oct 29 17:29:28 PDT 2020
Clean up...
Start Playing...
Black 2,2
----------
          
          
    X     
          
          
----------

White 0,2
----------
    O     
          
    X     
          
          
----------

Black 1,3
----------
    O     
      X   
    X     
          
          
----------

White 0,1
----------
  O O     
      X   
    X     
          
          
----------

Black 1,1
----------
  O O     
  X   X   
    X     
          
          
----------

White 1,2
----------
  O O     
  X O X   
    X     
          
          
----------

Black 0,3
----------
  O O X   
  X O X   
    X     
          
          
----------

White 2,1
----------
  O O X   
  X O X   
  O X     
          
          
----------

Black 0,0
----------
X     X   
  X   X   
  O X     
          
          
----------

White 3,1
----------
X     X   
  X   X   
  O X     
  O       
          
----------

Black 3,2
----------
X     X   
  X   X   
  O X     
  O X     
          
----------

White 4,1
----------
X     X   
  X   X   
  O X     
  O X     
  O       
----------

Black 1,0
----------
X     X   
X X   X   
  O X     
  O X     
  O       
----------

White 4,2
----------
X     X   
X X   X   
  O X     
  O X     
  O O     
----------

Black 3,3
----------
X     X   
X X   X   
  O X     
  O X X   
  O O     
----------

White 4,3
----------
X     X   
X X   X   
  O X     
  O X X   
  O O O   
----------

Black 2,0
----------
X     X   
X X   X   
X O X     
  O X X   
  O O O   
----------

White 4,4
----------
X     X   
X X   X   
X O X     
  O X X   
  O O O O 
----------

Black 3,4
----------
X     X   
X X   X   
X O X     
  O X X X 
  O O O O 
----------

White 0,2
----------
X   O X   
X X   X   
X O X     
  O X X X 
  O O O O 
----------

Black 3,0
----------
X   O X   
X X   X   
X O X     
X O X X X 
  O O O O 
----------

White 1,4
----------
X   O X   
X X   X O 
X O X     
X O X X X 
  O O O O 
----------

Black 1,2
----------
X   O X   
X X X X O 
X O X     
X O X X X 
  O O O O 
----------

White 2,4
----------
X   O X   
X X X X O 
X O X   O 
X O X X X 
  O O O O 
----------

Game end.
The winner is X
ta time: 199.09
student time: 48.97
White(You) lose.
=====Round 6=====
Black:You White:TA
Thu Oct 29 17:29:56 PDT 2020
Clean up...
Start Playing...
Black 2,2
----------
          
          
    X     
          
          
----------

White 1,2
----------
          
    O     
    X     
          
          
----------

Black 0,0
----------
X         
    O     
    X     
          
          
----------

White 2,1
----------
X         
    O     
  O X     
          
          
----------

Black 2,3
----------
X         
    O     
  O X X   
          
          
----------

White 1,1
----------
X         
  O O     
  O X X   
          
          
----------

Black 1,3
----------
X         
  O O X   
  O X X   
          
          
----------

White 3,1
----------
X         
  O O X   
  O X X   
  O       
          
----------

Black 3,3
----------
X         
  O O X   
  O X X   
  O   X   
          
----------

White 0,2
----------
X   O     
  O O X   
  O X X   
  O   X   
          
----------

Black 3,2
----------
X   O     
  O O X   
  O X X   
  O X X   
          
----------

White 4,1
----------
X   O     
  O O X   
  O X X   
  O X X   
  O       
----------

Black 0,3
----------
X   O X   
  O O X   
  O X X   
  O X X   
  O       
----------

White 1,0
----------
X   O X   
O O O X   
  O X X   
  O X X   
  O       
----------

Black 3,4
----------
X   O X   
O O O X   
  O X X   
  O X X X 
  O       
----------

White 3,0
----------
X   O X   
O O O X   
  O X X   
O O X X X 
  O       
----------

Black 0,4
----------
X   O X X 
O O O X   
  O X X   
O O X X X 
  O       
----------

White 0,1
----------
  O O X X 
O O O X   
  O X X   
O O X X X 
  O       
----------

Black 1,4
----------
  O O X X 
O O O X X 
  O X X   
O O X X X 
  O       
----------

White 4,3
----------
  O O X X 
O O O X X 
  O X X   
O O X X X 
  O   O   
----------

Black 4,2
----------
  O O X X 
O O O X X 
  O X X   
O O X X X 
  O X O   
----------

White PASS
----------
  O O X X 
O O O X X 
  O X X   
O O X X X 
  O X O   
----------

Black 4,4
----------
  O O X X 
O O O X X 
  O X X   
O O X X X 
  O X   X 
----------

White 2,0
----------
  O O X X 
O O O X X 
O O X X   
O O X X X 
  O X   X 
----------

Game end.
The winner is O
ta time: 236.47
student time: 51.96
Black(You) lose.
=====Round 7=====
Black:TA White:You
Thu Oct 29 17:30:27 PDT 2020
Clean up...
Start Playing...
Black 2,2
----------
          
          
    X     
          
          
----------

White 0,2
----------
    O     
          
    X     
          
          
----------

Black 2,1
----------
    O     
          
  X X     
          
          
----------

White 1,2
----------
    O     
    O     
  X X     
          
          
----------

Black 2,3
----------
    O     
    O     
  X X X   
          
          
----------

White 1,1
----------
    O     
  O O     
  X X X   
          
          
----------

Black 2,0
----------
    O     
  O O     
X X X X   
          
          
----------

White 1,3
----------
    O     
  O O O   
X X X X   
          
          
----------

Black 2,4
----------
    O     
  O O O   
X X X X X 
          
          
----------

White 0,1
----------
  O O     
  O O O   
X X X X X 
          
          
----------

Black 1,0
----------
  O O     
X O O O   
X X X X X 
          
          
----------

White 0,3
----------
  O O O   
X O O O   
X X X X X 
          
          
----------

Black 1,4
----------
  O O O   
X O O O X 
X X X X X 
          
          
----------

White 3,1
----------
  O O O   
X O O O X 
X X X X X 
  O       
          
----------

Black 0,0
----------
X O O O   
X O O O X 
X X X X X 
  O       
          
----------

White 3,2
----------
X O O O   
X O O O X 
X X X X X 
  O O     
          
----------

Black 0,4
----------
X       X 
X       X 
X X X X X 
  O O     
          
----------

White 3,3
----------
X       X 
X       X 
X X X X X 
  O O O   
          
----------

Black 4,2
----------
X       X 
X       X 
X X X X X 
  O O O   
    X     
----------

White 4,1
----------
X       X 
X       X 
X X X X X 
  O O O   
  O X     
----------

Black 1,1
----------
X       X 
X X     X 
X X X X X 
  O O O   
  O X     
----------

White 4,3
----------
X       X 
X X     X 
X X X X X 
  O O O   
  O   O   
----------

Black 3,0
----------
X       X 
X X     X 
X X X X X 
X O O O   
  O   O   
----------

White 3,4
----------
X       X 
X X     X 
X X X X X 
X O O O O 
  O   O   
----------

Game end.
The winner is X
ta time: 275.42
student time: 55.29
White(You) lose.
=====Round 8=====
Black:You White:TA
Thu Oct 29 17:31:00 PDT 2020
Clean up...
Start Playing...
Black 2,2
----------
          
          
    X     
          
          
----------

White 3,2
----------
          
          
    X     
    O     
          
----------

Black 0,0
----------
X         
          
    X     
    O     
          
----------

White 2,1
----------
X         
          
  O X     
    O     
          
----------

Black 1,2
----------
X         
    X     
  O X     
    O     
          
----------

White 3,1
----------
X         
    X     
  O X     
  O O     
          
----------

Black 1,3
----------
X         
    X X   
  O X     
  O O     
          
----------

White 3,3
----------
X         
    X X   
  O X     
  O O O   
          
----------

Black 1,4
----------
X         
    X X X 
  O X     
  O O O   
          
----------

White 1,1
----------
X         
  O X X X 
  O X     
  O O O   
          
----------

Black 2,3
----------
X         
  O X X X 
  O X X   
  O O O   
          
----------

White 0,1
----------
X O       
  O X X X 
  O X X   
  O O O   
          
----------

Black 2,4
----------
X O       
  O X X X 
  O X X X 
  O O O   
          
----------

White 1,0
----------
  O       
O O X X X 
  O X X X 
  O O O   
          
----------

Black 3,4
----------
  O       
O O X X X 
  O X X X 
  O O O X 
          
----------

White 4,3
----------
  O       
O O X X X 
  O X X X 
  O O O X 
      O   
----------

Black 0,2
----------
  O X     
O O X X X 
  O X X X 
  O O O X 
      O   
----------

White 4,1
----------
  O X     
O O X X X 
  O X X X 
  O O O X 
  O   O   
----------

Black 0,3
----------
  O X X   
O O X X X 
  O X X X 
  O O O X 
  O   O   
----------

White 3,0
----------
  O X X   
O O X X X 
  O X X X 
O O O O X 
  O   O   
----------

Black PASS
----------
  O X X   
O O X X X 
  O X X X 
O O O O X 
  O   O   
----------

White 4,4
----------
  O X X   
O O X X X 
  O X X X 
O O O O X 
  O   O O 
----------

Black PASS
----------
  O X X   
O O X X X 
  O X X X 
O O O O X 
  O   O O 
----------

White 4,2
----------
  O X X   
O O X X X 
  O X X X 
O O O O X 
  O O O O 
----------

Game end.
The winner is O
ta time: 310.78
student time: 58.54
Black(You) lose.
=====Round 9=====
Black:TA White:You
Thu Oct 29 17:31:29 PDT 2020
Clean up...
Start Playing...
Black 2,2
----------
          
          
    X     
          
          
----------

White 0,2
----------
    O     
          
    X     
          
          
----------

Black 2,1
----------
    O     
          
  X X     
          
          
----------

White 1,2
----------
    O     
    O     
  X X     
          
          
----------

Black 2,3
----------
    O     
    O     
  X X X   
          
          
----------

White 1,1
----------
    O     
  O O     
  X X X   
          
          
----------

Black 2,0
----------
    O     
  O O     
X X X X   
          
          
----------

White 1,3
----------
    O     
  O O O   
X X X X   
          
          
----------

Black 2,4
----------
    O     
  O O O   
X X X X X 
          
          
----------

White 0,1
----------
  O O     
  O O O   
X X X X X 
          
          
----------

Black 1,0
----------
  O O     
X O O O   
X X X X X 
          
          
----------

White 0,3
----------
  O O O   
X O O O   
X X X X X 
          
          
----------

Black 1,4
----------
  O O O   
X O O O X 
X X X X X 
          
          
----------

White 3,1
----------
  O O O   
X O O O X 
X X X X X 
  O       
          
----------

Black 0,0
----------
X O O O   
X O O O X 
X X X X X 
  O       
          
----------

White 3,2
----------
X O O O   
X O O O X 
X X X X X 
  O O     
          
----------

Black 0,4
----------
X       X 
X       X 
X X X X X 
  O O     
          
----------

White 3,3
----------
X       X 
X       X 
X X X X X 
  O O O   
          
----------

Black 0,1
----------
X X     X 
X       X 
X X X X X 
  O O O   
          
----------

White 3,0
----------
X X     X 
X       X 
X X X X X 
O O O O   
          
----------

Black 4,4
----------
X X     X 
X       X 
X X X X X 
O O O O   
        X 
----------

White 3,4
----------
X X     X 
X       X 
X X X X X 
O O O O O 
        X 
----------

Black 4,2
----------
X X     X 
X       X 
X X X X X 
O O O O O 
    X   X 
----------

White 4,3
----------
X X     X 
X       X 
X X X X X 
O O O O O 
    X O   
----------

Game end.
The winner is X
ta time: 352.75
student time: 62.12
White(You) lose.
=====Round 10=====
Black:You White:TA
Thu Oct 29 17:32:03 PDT 2020
Clean up...
Start Playing...
Black 2,2
----------
          
          
    X     
          
          
----------

White 1,1
----------
          
  O       
    X     
          
          
----------

Black 0,0
----------
X         
  O       
    X     
          
          
----------

White 2,1
----------
X         
  O       
  O X     
          
          
----------

Black 2,3
----------
X         
  O       
  O X X   
          
          
----------

White 3,1
----------
X         
  O       
  O X X   
  O       
          
----------

Black 1,3
----------
X         
  O   X   
  O X X   
  O       
          
----------

White 0,1
----------
X O       
  O   X   
  O X X   
  O       
          
----------

Black 3,3
----------
X O       
  O   X   
  O X X   
  O   X   
          
----------

White 1,0
----------
  O       
O O   X   
  O X X   
  O   X   
          
----------

Black 1,2
----------
  O       
O O X X   
  O X X   
  O   X   
          
----------

White 0,2
----------
  O O     
O O X X   
  O X X   
  O   X   
          
----------

Black 3,2
----------
  O O     
O O X X   
  O X X   
  O X X   
          
----------

White 4,1
----------
  O O     
O O X X   
  O X X   
  O X X   
  O       
----------

Black 0,3
----------
  O O X   
O O X X   
  O X X   
  O X X   
  O       
----------

White 4,2
----------
  O O X   
O O X X   
  O X X   
  O X X   
  O O     
----------

Black 3,4
----------
  O O X   
O O X X   
  O X X   
  O X X X 
  O O     
----------

White 3,0
----------
  O O X   
O O X X   
  O X X   
O O X X X 
  O O     
----------

Black 0,4
----------
  O O X X 
O O X X   
  O X X   
O O X X X 
  O O     
----------

White 4,3
----------
  O O X X 
O O X X   
  O X X   
O O X X X 
  O O O   
----------

Black 1,4
----------
  O O X X 
O O X X X 
  O X X   
O O X X X 
  O O O   
----------

White 4,4
----------
  O O X X 
O O X X X 
  O X X   
O O X X X 
  O O O O 
----------

Black PASS
----------
  O O X X 
O O X X X 
  O X X   
O O X X X 
  O O O O 
----------

White 0,0
----------
O O O X X 
O O X X X 
  O X X   
O O X X X 
  O O O O 
----------

Game end.
The winner is O
ta time: 383.54
student time: 65.47
Black(You) lose.
