Wed Oct 28 07:45:23 PDT 2020

==Playing with qlearning_player==
=====Round 1=====
Black:TA White:You
Wed Oct 28 07:45:23 PDT 2020
Clean up...
Start Playing...
Black 1,2
----------
          
    X     
          
          
          
----------

White 2,1
----------
          
    X     
  O       
          
          
----------

Black 2,2
----------
          
    X     
  O X     
          
          
----------

White 3,1
----------
          
    X     
  O X     
  O       
          
----------

Black 0,0
----------
X         
    X     
  O X     
  O       
          
----------

White 0,1
----------
X O       
    X     
  O X     
  O       
          
----------

Black 2,3
----------
X O       
    X     
  O X X   
  O       
          
----------

White 1,0
----------
  O       
O   X     
  O X X   
  O       
          
----------

Black 0,2
----------
  O X     
O   X     
  O X X   
  O       
          
----------

White 3,2
----------
  O X     
O   X     
  O X X   
  O O     
          
----------

Black 0,3
----------
  O X X   
O   X     
  O X X   
  O O     
          
----------

White 3,3
----------
  O X X   
O   X     
  O X X   
  O O O   
          
----------

Black 0,4
----------
  O X X X 
O   X     
  O X X   
  O O O   
          
----------

White 3,4
----------
  O X X X 
O   X     
  O X X   
  O O O O 
          
----------

Black 1,3
----------
  O X X X 
O   X X   
  O X X   
  O O O O 
          
----------

White 1,1
----------
  O X X X 
O O X X   
  O X X   
  O O O O 
          
----------

Black 2,0
----------
  O X X X 
O O X X   
X O X X   
  O O O O 
          
----------

White 2,4
----------
  O X X X 
O O X X   
X O X X O 
  O O O O 
          
----------

Black 4,2
----------
  O X X X 
O O X X   
X O X X O 
  O O O O 
    X     
----------

White 1,4
----------
  O       
O O     O 
X O     O 
  O O O O 
    X     
----------

Black 2,2
----------
  O       
O O     O 
X O X   O 
  O O O O 
    X     
----------

White 3,0
----------
  O       
O O     O 
  O X   O 
O O O O O 
    X     
----------

Black 1,2
----------
  O       
O O X   O 
  O X   O 
O O O O O 
    X     
----------

White 4,1
----------
  O       
O O X   O 
  O X   O 
O O O O O 
  O X     
----------

Game end.
The winner is O
ta time: 4.01
student time: 0.72
White(You) win!
=====Round 2=====
Black:You White:TA
Wed Oct 28 07:45:30 PDT 2020
Clean up...
Start Playing...
Black 2,2
----------
          
          
    X     
          
          
----------

White 2,1
----------
          
          
  O X     
          
          
----------

Black 1,2
----------
          
    X     
  O X     
          
          
----------

White 3,2
----------
          
    X     
  O X     
    O     
          
----------

Black 1,1
----------
          
  X X     
  O X     
    O     
          
----------

White 2,3
----------
          
  X X     
  O X O   
    O     
          
----------

Black 3,1
----------
          
  X X     
  O X O   
  X O     
          
----------

White 2,0
----------
          
  X X     
O O X O   
  X O     
          
----------

Black 1,0
----------
          
X X X     
O O X O   
  X O     
          
----------

White 3,3
----------
          
X X X     
O O X O   
  X O O   
          
----------

Black 3,0
----------
          
X X X     
    X O   
X X O O   
          
----------

White 2,1
----------
          
X X X     
  O X O   
X X O O   
          
----------

Black 2,0
----------
          
X X X     
X   X O   
X X O O   
          
----------

White 0,2
----------
    O     
X X X     
X   X O   
X X O O   
          
----------

Black 0,1
----------
  X O     
X X X     
X   X O   
X X O O   
          
----------

White 2,4
----------
  X O     
X X X     
X   X O O 
X X O O   
          
----------

Black 0,3
----------
  X   X   
X X X     
X   X O O 
X X O O   
          
----------

White 4,2
----------
  X   X   
X X X     
X   X O O 
X X O O   
    O     
----------

Black 1,3
----------
  X   X   
X X X X   
X   X O O 
X X O O   
    O     
----------

White 4,3
----------
  X   X   
X X X X   
X   X O O 
X X O O   
    O O   
----------

Black 2,1
----------
  X   X   
X X X X   
X X X O O 
X X O O   
    O O   
----------

White 4,1
----------
  X   X   
X X X X   
X X X O O 
X X O O   
  O O O   
----------

Black 0,0
----------
X X   X   
X X X X   
X X X O O 
X X O O   
  O O O   
----------

White 3,4
----------
X X   X   
X X X X   
X X X O O 
X X O O O 
  O O O   
----------

Game end.
The winner is X
ta time: 7.82
student time: 1.37
Black(You) win!
=====Round 3=====
Black:TA White:You
Wed Oct 28 07:45:37 PDT 2020
Clean up...
Start Playing...
Black 1,2
----------
          
    X     
          
          
          
----------

White 2,1
----------
          
    X     
  O       
          
          
----------

Black 2,2
----------
          
    X     
  O X     
          
          
----------

White 3,1
----------
          
    X     
  O X     
  O       
          
----------

Black 0,0
----------
X         
    X     
  O X     
  O       
          
----------

White 0,1
----------
X O       
    X     
  O X     
  O       
          
----------

Black 2,3
----------
X O       
    X     
  O X X   
  O       
          
----------

White 1,0
----------
  O       
O   X     
  O X X   
  O       
          
----------

Black 0,2
----------
  O X     
O   X     
  O X X   
  O       
          
----------

White 3,2
----------
  O X     
O   X     
  O X X   
  O O     
          
----------

Black 0,3
----------
  O X X   
O   X     
  O X X   
  O O     
          
----------

White 3,3
----------
  O X X   
O   X     
  O X X   
  O O O   
          
----------

Black 0,4
----------
  O X X X 
O   X     
  O X X   
  O O O   
          
----------

White 3,4
----------
  O X X X 
O   X     
  O X X   
  O O O O 
          
----------

Black 2,0
----------
  O X X X 
O   X     
X O X X   
  O O O O 
          
----------

White 3,0
----------
  O X X X 
O   X     
  O X X   
O O O O O 
          
----------

Black 4,2
----------
  O X X X 
O   X     
  O X X   
O O O O O 
    X     
----------

White 4,1
----------
  O X X X 
O   X     
  O X X   
O O O O O 
  O X     
----------

Black 2,4
----------
  O X X X 
O   X     
  O X X X 
O O O O O 
  O X     
----------

White 4,3
----------
  O X X X 
O   X     
  O X X X 
O O O O O 
  O   O   
----------

Black 1,3
----------
  O X X X 
O   X X   
  O X X X 
O O O O O 
  O   O   
----------

White 1,1
----------
  O X X X 
O O X X   
  O X X X 
O O O O O 
  O   O   
----------

Black PASS
----------
  O X X X 
O O X X   
  O X X X 
O O O O O 
  O   O   
----------

White 0,0
----------
O O X X X 
O O X X   
  O X X X 
O O O O O 
  O   O   
----------

Game end.
The winner is O
ta time: 11.74
student time: 1.99
White(You) win!
=====Round 4=====
Black:You White:TA
Wed Oct 28 07:45:44 PDT 2020
Clean up...
Start Playing...
Black 2,2
----------
          
          
    X     
          
          
----------

White 2,1
----------
          
          
  O X     
          
          
----------

Black 1,2
----------
          
    X     
  O X     
          
          
----------

White 3,2
----------
          
    X     
  O X     
    O     
          
----------

Black 1,1
----------
          
  X X     
  O X     
    O     
          
----------

White 2,3
----------
          
  X X     
  O X O   
    O     
          
----------

Black 3,1
----------
          
  X X     
  O X O   
  X O     
          
----------

White 0,2
----------
    O     
  X X     
  O X O   
  X O     
          
----------

Black 2,0
----------
    O     
  X X     
X   X O   
  X O     
          
----------

White 1,3
----------
    O     
  X X O   
X   X O   
  X O     
          
----------

Black 0,1
----------
  X O     
  X X O   
X   X O   
  X O     
          
----------

White 2,4
----------
  X O     
  X X O   
X   X O O 
  X O     
          
----------

Black 4,1
----------
  X O     
  X X O   
X   X O O 
  X O     
  X       
----------

White 4,2
----------
  X O     
  X X O   
X   X O O 
  X O     
  X O     
----------

Black 2,1
----------
  X O     
  X X O   
X X X O O 
  X O     
  X O     
----------

White 3,3
----------
  X O     
  X X O   
X X X O O 
  X O O   
  X O     
----------

Black 0,0
----------
X X O     
  X X O   
X X X O O 
  X O O   
  X O     
----------

White 4,3
----------
X X O     
  X X O   
X X X O O 
  X O O   
  X O O   
----------

Black 1,0
----------
X X O     
X X X O   
X X X O O 
  X O O   
  X O O   
----------

White 3,0
----------
X X O     
X X X O   
X X X O O 
O X O O   
  X O O   
----------

Black 0,4
----------
X X O   X 
X X X O   
X X X O O 
O X O O   
  X O O   
----------

White 4,0
----------
    O   X 
      O   
      O O 
O   O O   
O   O O   
----------

Black 1,1
----------
    O   X 
  X   O   
      O O 
O   O O   
O   O O   
----------

White 2,2
----------
    O   X 
  X   O   
    O O O 
O   O O   
O   O O   
----------

Game end.
The winner is O
ta time: 15.62
student time: 2.53
Black(You) lose.
=====Round 5=====
Black:TA White:You
Wed Oct 28 07:45:51 PDT 2020
Clean up...
Start Playing...
Black 1,2
----------
          
    X     
          
          
          
----------

White 2,1
----------
          
    X     
  O       
          
          
----------

Black 2,2
----------
          
    X     
  O X     
          
          
----------

White 3,1
----------
          
    X     
  O X     
  O       
          
----------

Black 0,0
----------
X         
    X     
  O X     
  O       
          
----------

White 0,1
----------
X O       
    X     
  O X     
  O       
          
----------

Black 3,2
----------
X O       
    X     
  O X     
  O X     
          
----------

White 1,0
----------
  O       
O   X     
  O X     
  O X     
          
----------

Black 0,2
----------
  O X     
O   X     
  O X     
  O X     
          
----------

White 4,1
----------
  O X     
O   X     
  O X     
  O X     
  O       
----------

Black 2,3
----------
  O X     
O   X     
  O X X   
  O X     
  O       
----------

White 4,2
----------
  O X     
O   X     
  O X X   
  O X     
  O O     
----------

Black 2,4
----------
  O X     
O   X     
  O X X X 
  O X     
  O O     
----------

White 4,3
----------
  O X     
O   X     
  O X X X 
  O X     
  O O O   
----------

Black 2,0
----------
  O X     
O   X     
X O X X X 
  O X     
  O O O   
----------

White 3,0
----------
  O X     
O   X     
  O X X X 
O O X     
  O O O   
----------

Black 3,3
----------
  O X     
O   X     
  O X X X 
O O X X   
  O O O   
----------

White 1,1
----------
  O X     
O O X     
  O X X X 
O O X X   
  O O O   
----------

Black 1,3
----------
  O X     
O O X X   
  O X X X 
O O X X   
  O O O   
----------

White 4,4
----------
  O X     
O O X X   
  O X X X 
O O X X   
  O O O O 
----------

Black 1,4
----------
  O X     
O O X X X 
  O X X X 
O O X X   
  O O O O 
----------

White 0,0
----------
O O X     
O O X X X 
  O X X X 
O O X X   
  O O O O 
----------

Black 3,4
----------
O O X     
O O X X X 
  O X X X 
O O X X X 
  O O O O 
----------

White 2,0
----------
O O X     
O O X X X 
O O X X X 
O O X X X 
  O O O O 
----------

Game end.
The winner is O
ta time: 19.6
student time: 3.17
White(You) win!
=====Round 6=====
Black:You White:TA
Wed Oct 28 07:45:58 PDT 2020
Clean up...
Start Playing...
Black 2,2
----------
          
          
    X     
          
          
----------

White 2,1
----------
          
          
  O X     
          
          
----------

Black 1,2
----------
          
    X     
  O X     
          
          
----------

White 3,2
----------
          
    X     
  O X     
    O     
          
----------

Black 1,1
----------
          
  X X     
  O X     
    O     
          
----------

White 2,3
----------
          
  X X     
  O X O   
    O     
          
----------

Black 3,1
----------
          
  X X     
  O X O   
  X O     
          
----------

White 4,2
----------
          
  X X     
  O X O   
  X O     
    O     
----------

Black 2,0
----------
          
  X X     
X   X O   
  X O     
    O     
----------

White 2,4
----------
          
  X X     
X   X O O 
  X O     
    O     
----------

Black 1,3
----------
          
  X X X   
X   X O O 
  X O     
    O     
----------

White 3,3
----------
          
  X X X   
X   X O O 
  X O O   
    O     
----------

Black 0,1
----------
  X       
  X X X   
X   X O O 
  X O O   
    O     
----------

White 0,2
----------
  X O     
  X X X   
X   X O O 
  X O O   
    O     
----------

Black 0,3
----------
  X   X   
  X X X   
X   X O O 
  X O O   
    O     
----------

White 1,4
----------
  X   X   
  X X X O 
X   X O O 
  X O O   
    O     
----------

Black 2,1
----------
  X   X   
  X X X O 
X X X O O 
  X O O   
    O     
----------

White 3,4
----------
  X   X   
  X X X O 
X X X O O 
  X O O O 
    O     
----------

Black 3,0
----------
  X   X   
  X X X O 
X X X O O 
X X O O O 
    O     
----------

White 1,0
----------
  X   X   
O X X X O 
X X X O O 
X X O O O 
    O     
----------

Black 0,0
----------
X X   X   
  X X X O 
X X X O O 
X X O O O 
    O     
----------

White 4,1
----------
X X   X   
  X X X O 
X X X O O 
X X O O O 
  O O     
----------

Black 0,2
----------
X X X X   
  X X X O 
X X X O O 
X X O O O 
  O O     
----------

White 4,3
----------
X X X X   
  X X X O 
X X X O O 
X X O O O 
  O O O   
----------

Game end.
The winner is X
ta time: 23.45
student time: 3.74
Black(You) win!
=====Round 7=====
Black:TA White:You
Wed Oct 28 07:46:05 PDT 2020
Clean up...
Start Playing...
Black 1,2
----------
          
    X     
          
          
          
----------

White 2,1
----------
          
    X     
  O       
          
          
----------

Black 2,2
----------
          
    X     
  O X     
          
          
----------

White 3,1
----------
          
    X     
  O X     
  O       
          
----------

Black 0,0
----------
X         
    X     
  O X     
  O       
          
----------

White 0,1
----------
X O       
    X     
  O X     
  O       
          
----------

Black 3,2
----------
X O       
    X     
  O X     
  O X     
          
----------

White 1,0
----------
  O       
O   X     
  O X     
  O X     
          
----------

Black 0,2
----------
  O X     
O   X     
  O X     
  O X     
          
----------

White 4,1
----------
  O X     
O   X     
  O X     
  O X     
  O       
----------

Black 2,3
----------
  O X     
O   X     
  O X X   
  O X     
  O       
----------

White 4,2
----------
  O X     
O   X     
  O X X   
  O X     
  O O     
----------

Black 2,4
----------
  O X     
O   X     
  O X X X 
  O X     
  O O     
----------

White 4,3
----------
  O X     
O   X     
  O X X X 
  O X     
  O O O   
----------

Black 1,3
----------
  O X     
O   X X   
  O X X X 
  O X     
  O O O   
----------

White 3,3
----------
  O X     
O   X X   
  O X X X 
  O X O   
  O O O   
----------

Black 1,1
----------
  O X     
O X X X   
  O X X X 
  O X O   
  O O O   
----------

White 2,0
----------
  O X     
O X X X   
O O X X X 
  O X O   
  O O O   
----------

Black 0,0
----------
X   X     
O X X X   
O O X X X 
  O X O   
  O O O   
----------

White 3,0
----------
X   X     
O X X X   
O O X X X 
O O X O   
  O O O   
----------

Black 0,1
----------
X X X     
O X X X   
O O X X X 
O O X O   
  O O O   
----------

White 3,4
----------
X X X     
O X X X   
O O X X X 
O O X O O 
  O O O   
----------

Black 1,4
----------
X X X     
O X X X X 
O O X X X 
O O X O O 
  O O O   
----------

White 4,0
----------
X X X     
O X X X X 
O O X X X 
O O X O O 
O O O O   
----------

Game end.
The winner is O
ta time: 27.54
student time: 4.37
White(You) win!
=====Round 8=====
Black:You White:TA
Wed Oct 28 07:46:12 PDT 2020
Clean up...
Start Playing...
Black 2,2
----------
          
          
    X     
          
          
----------

White 2,1
----------
          
          
  O X     
          
          
----------

Black 1,2
----------
          
    X     
  O X     
          
          
----------

White 3,2
----------
          
    X     
  O X     
    O     
          
----------

Black 1,1
----------
          
  X X     
  O X     
    O     
          
----------

White 2,3
----------
          
  X X     
  O X O   
    O     
          
----------

Black 3,1
----------
          
  X X     
  O X O   
  X O     
          
----------

White 0,2
----------
    O     
  X X     
  O X O   
  X O     
          
----------

Black 2,0
----------
    O     
  X X     
X   X O   
  X O     
          
----------

White 3,3
----------
    O     
  X X     
X   X O   
  X O O   
          
----------

Black 0,1
----------
  X O     
  X X     
X   X O   
  X O O   
          
----------

White 1,3
----------
  X O     
  X X O   
X   X O   
  X O O   
          
----------

Black 4,1
----------
  X O     
  X X O   
X   X O   
  X O O   
  X       
----------

White 2,4
----------
  X O     
  X X O   
X   X O O 
  X O O   
  X       
----------

Black 4,2
----------
  X O     
  X X O   
X   X O O 
  X O O   
  X X     
----------

White 1,0
----------
  X O     
O X X O   
X   X O O 
  X O O   
  X X     
----------

Black 0,0
----------
X X O     
  X X O   
X   X O O 
  X O O   
  X X     
----------

White 4,3
----------
X X O     
  X X O   
X   X O O 
  X O O   
  X X O   
----------

Black 2,1
----------
X X O     
  X X O   
X X X O O 
  X O O   
  X X O   
----------

White 0,3
----------
X X O O   
  X X O   
X X X O O 
  X O O   
  X X O   
----------

Black 1,0
----------
X X O O   
X X X O   
X X X O O 
  X O O   
  X X O   
----------

White 1,4
----------
X X O O   
X X X O O 
X X X O O 
  X O O   
  X X O   
----------

Black 3,0
----------
X X O O   
X X X O O 
X X X O O 
X X O O   
  X X O   
----------

White 4,0
----------
    O O   
      O O 
      O O 
    O O   
O     O   
----------

Game end.
The winner is O
ta time: 31.27
student time: 4.89
Black(You) lose.
=====Round 9=====
Black:TA White:You
Wed Oct 28 07:46:18 PDT 2020
Clean up...
Start Playing...
Black 1,2
----------
          
    X     
          
          
          
----------

White 2,1
----------
          
    X     
  O       
          
          
----------

Black 2,2
----------
          
    X     
  O X     
          
          
----------

White 3,1
----------
          
    X     
  O X     
  O       
          
----------

Black 0,0
----------
X         
    X     
  O X     
  O       
          
----------

White 0,1
----------
X O       
    X     
  O X     
  O       
          
----------

Black 2,3
----------
X O       
    X     
  O X X   
  O       
          
----------

White 1,0
----------
  O       
O   X     
  O X X   
  O       
          
----------

Black 0,2
----------
  O X     
O   X     
  O X X   
  O       
          
----------

White 3,2
----------
  O X     
O   X     
  O X X   
  O O     
          
----------

Black 0,3
----------
  O X X   
O   X     
  O X X   
  O O     
          
----------

White 3,3
----------
  O X X   
O   X     
  O X X   
  O O O   
          
----------

Black 0,4
----------
  O X X X 
O   X     
  O X X   
  O O O   
          
----------

White 3,4
----------
  O X X X 
O   X     
  O X X   
  O O O O 
          
----------

Black 2,4
----------
  O X X X 
O   X     
  O X X X 
  O O O O 
          
----------

White 1,1
----------
  O X X X 
O O X     
  O X X X 
  O O O O 
          
----------

Black 4,2
----------
  O X X X 
O O X     
  O X X X 
  O O O O 
    X     
----------

White 4,1
----------
  O X X X 
O O X     
  O X X X 
  O O O O 
  O X     
----------

Black 2,0
----------
  O X X X 
O O X     
X O X X X 
  O O O O 
  O X     
----------

White 3,0
----------
  O X X X 
O O X     
  O X X X 
O O O O O 
  O X     
----------

Black 1,3
----------
  O X X X 
O O X X   
  O X X X 
O O O O O 
  O X     
----------

White 4,3
----------
  O X X X 
O O X X   
  O X X X 
O O O O O 
  O   O   
----------

Black PASS
----------
  O X X X 
O O X X   
  O X X X 
O O O O O 
  O   O   
----------

White 0,0
----------
O O X X X 
O O X X   
  O X X X 
O O O O O 
  O   O   
----------

Game end.
The winner is O
ta time: 35.46
student time: 5.49
White(You) win!
=====Round 10=====
Black:You White:TA
Wed Oct 28 07:46:25 PDT 2020
Clean up...
Start Playing...
Black 2,2
----------
          
          
    X     
          
          
----------

White 2,1
----------
          
          
  O X     
          
          
----------

Black 1,2
----------
          
    X     
  O X     
          
          
----------

White 3,2
----------
          
    X     
  O X     
    O     
          
----------

Black 1,1
----------
          
  X X     
  O X     
    O     
          
----------

White 2,3
----------
          
  X X     
  O X O   
    O     
          
----------

Black 3,1
----------
          
  X X     
  O X O   
  X O     
          
----------

White 1,3
----------
          
  X X O   
  O X O   
  X O     
          
----------

Black 2,0
----------
          
  X X O   
X   X O   
  X O     
          
----------

White 2,4
----------
          
  X X O   
X   X O O 
  X O     
          
----------

Black 3,3
----------
          
  X X O   
X   X O O 
  X O X   
          
----------

White 4,2
----------
          
  X X O   
X   X O O 
  X O X   
    O     
----------

Black 4,1
----------
          
  X X O   
X   X O O 
  X O X   
  X O     
----------

White 0,2
----------
    O     
  X X O   
X   X O O 
  X O X   
  X O     
----------

Black 4,3
----------
    O     
  X X O   
X   X O O 
  X   X   
  X   X   
----------

White 3,2
----------
    O     
  X X O   
X   X O O 
  X O X   
  X   X   
----------

Black 4,2
----------
    O     
  X X O   
X   X O O 
  X   X   
  X X X   
----------

White 3,0
----------
    O     
  X X O   
X   X O O 
O X   X   
  X X X   
----------

Black 4,0
----------
    O     
  X X O   
X   X O O 
  X   X   
X X X X   
----------

White 0,1
----------
  O O     
  X X O   
X   X O O 
  X   X   
X X X X   
----------

Black 0,0
----------
X O O     
  X X O   
X   X O O 
  X   X   
X X X X   
----------

White 1,0
----------
  O O     
O X X O   
X   X O O 
  X   X   
X X X X   
----------

Black 2,1
----------
  O O     
O X X O   
X X X O O 
  X   X   
X X X X   
----------

White 1,4
----------
  O O     
O X X O O 
X X X O O 
  X   X   
X X X X   
----------

Game end.
The winner is X
ta time: 39.2
student time: 6.1
Black(You) win!

==Playing with championship_player==
=====Round 1=====
Black:TA White:You
Wed Oct 28 07:46:33 PDT 2020
Clean up...
Start Playing...
Black 2,2
----------
          
          
    X     
          
          
----------

White 1,1
----------
          
  O       
    X     
          
          
----------

Black 2,1
----------
          
  O       
  X X     
          
          
----------

White 1,2
----------
          
  O O     
  X X     
          
          
----------

Black 1,3
----------
          
  O O X   
  X X     
          
          
----------

White 1,0
----------
          
O O O X   
  X X     
          
          
----------

Black 0,3
----------
      X   
O O O X   
  X X     
          
          
----------

White 2,0
----------
      X   
O O O X   
O X X     
          
          
----------

Black 3,1
----------
      X   
O O O X   
O X X     
  X       
          
----------

White 3,0
----------
      X   
O O O X   
O X X     
O X       
          
----------

Black 4,1
----------
      X   
O O O X   
O X X     
O X       
  X       
----------

White 0,0
----------
O     X   
O O O X   
O X X     
O X       
  X       
----------

Black 0,2
----------
O   X X   
O O O X   
O X X     
O X       
  X       
----------

White 3,3
----------
O   X X   
O O O X   
O X X     
O X   O   
  X       
----------

Black 4,0
----------
O   X X   
O O O X   
O X X     
O X   O   
X X       
----------

White 2,3
----------
O   X X   
O O O X   
O X X O   
O X   O   
X X       
----------

Black 0,1
----------
  X X X   
      X   
  X X O   
  X   O   
X X       
----------

White 3,2
----------
  X X X   
      X   
  X X O   
  X O O   
X X       
----------

Black 4,2
----------
  X X X   
      X   
  X X O   
  X O O   
X X X     
----------

White 2,4
----------
  X X X   
      X   
  X X O O 
  X O O   
X X X     
----------

Black 4,3
----------
  X X X   
      X   
  X X O O 
  X O O   
X X X X   
----------

White 1,4
----------
  X X X   
      X O 
  X X O O 
  X O O   
X X X X   
----------

Black 4,4
----------
  X X X   
      X O 
  X X O O 
  X O O   
X X X X X 
----------

White 1,0
----------
  X X X   
O     X O 
  X X O O 
  X O O   
X X X X X 
----------

Game end.
The winner is X
ta time: 77.68
student time: 6.9
White(You) lose.
=====Round 2=====
Black:You White:TA
Wed Oct 28 07:47:00 PDT 2020
Clean up...
Start Playing...
Black 2,2
----------
          
          
    X     
          
          
----------

White 1,1
----------
          
  O       
    X     
          
          
----------

Black 2,3
----------
          
  O       
    X X   
          
          
----------

White 1,2
----------
          
  O O     
    X X   
          
          
----------

Black 1,3
----------
          
  O O X   
    X X   
          
          
----------

White 2,1
----------
          
  O O X   
  O X X   
          
          
----------

Black 3,2
----------
          
  O O X   
  O X X   
    X     
          
----------

White 3,1
----------
          
  O O X   
  O X X   
  O X     
          
----------

Black 3,3
----------
          
  O O X   
  O X X   
  O X X   
          
----------

White 4,2
----------
          
  O O X   
  O X X   
  O X X   
    O     
----------

Black 4,3
----------
          
  O O X   
  O X X   
  O X X   
    O X   
----------

White 4,1
----------
          
  O O X   
  O X X   
  O X X   
  O O X   
----------

Black 0,3
----------
      X   
  O O X   
  O X X   
  O X X   
  O O X   
----------

White 0,1
----------
  O   X   
  O O X   
  O X X   
  O X X   
  O O X   
----------

Black 0,2
----------
  O X X   
  O O X   
  O X X   
  O X X   
  O O X   
----------

White 2,0
----------
  O X X   
  O O X   
O O X X   
  O X X   
  O O X   
----------

Black 0,4
----------
  O X X X 
  O O X   
O O X X   
  O X X   
  O O X   
----------

White 0,0
----------
O O X X X 
  O O X   
O O X X   
  O X X   
  O O X   
----------

Black 1,4
----------
O O X X X 
  O O X X 
O O X X   
  O X X   
  O O X   
----------

White 3,4
----------
O O X X X 
  O O X X 
O O X X   
  O X X O 
  O O X   
----------

Black 2,4
----------
O O X X X 
  O O X X 
O O X X X 
  O X X O 
  O O X   
----------

White 4,4
----------
O O       
  O O     
O O       
  O     O 
  O O   O 
----------

Black 2,3
----------
O O       
  O O     
O O   X   
  O     O 
  O O   O 
----------

White 3,3
----------
O O       
  O O     
O O   X   
  O   O O 
  O O   O 
----------

Game end.
The winner is O
ta time: 110.12
student time: 7.93
Black(You) lose.
=====Round 3=====
Black:TA White:You
Wed Oct 28 07:47:25 PDT 2020
Clean up...
Start Playing...
Black 2,2
----------
          
          
    X     
          
          
----------

White 1,1
----------
          
  O       
    X     
          
          
----------

Black 2,1
----------
          
  O       
  X X     
          
          
----------

White 1,2
----------
          
  O O     
  X X     
          
          
----------

Black 1,3
----------
          
  O O X   
  X X     
          
          
----------

White 1,0
----------
          
O O O X   
  X X     
          
          
----------

Black 0,3
----------
      X   
O O O X   
  X X     
          
          
----------

White 2,0
----------
      X   
O O O X   
O X X     
          
          
----------

Black 3,1
----------
      X   
O O O X   
O X X     
  X       
          
----------

White 3,0
----------
      X   
O O O X   
O X X     
O X       
          
----------

Black 4,1
----------
      X   
O O O X   
O X X     
O X       
  X       
----------

White 0,0
----------
O     X   
O O O X   
O X X     
O X       
  X       
----------

Black 0,2
----------
O   X X   
O O O X   
O X X     
O X       
  X       
----------

White 3,3
----------
O   X X   
O O O X   
O X X     
O X   O   
  X       
----------

Black 4,0
----------
O   X X   
O O O X   
O X X     
O X   O   
X X       
----------

White 2,3
----------
O   X X   
O O O X   
O X X O   
O X   O   
X X       
----------

Black 0,1
----------
  X X X   
      X   
  X X O   
  X   O   
X X       
----------

White 3,2
----------
  X X X   
      X   
  X X O   
  X O O   
X X       
----------

Black 1,4
----------
  X X X   
      X X 
  X X O   
  X O O   
X X       
----------

White 3,4
----------
  X X X   
      X X 
  X X O   
  X O O O 
X X       
----------

Black 1,2
----------
  X X X   
    X X X 
  X X O   
  X O O O 
X X       
----------

White 2,4
----------
  X X X   
    X X X 
  X X O O 
  X O O O 
X X       
----------

Black 0,0
----------
X X X X   
    X X X 
  X X O O 
  X O O O 
X X       
----------

White 4,2
----------
X X X X   
    X X X 
  X X O O 
  X O O O 
X X O     
----------

Game end.
The winner is X
ta time: 151.64
student time: 8.92
White(You) lose.
=====Round 4=====
Black:You White:TA
Wed Oct 28 07:47:54 PDT 2020
Clean up...
Start Playing...
Black 2,2
----------
          
          
    X     
          
          
----------

White 1,2
----------
          
    O     
    X     
          
          
----------

Black 2,1
----------
          
    O     
  X X     
          
          
----------

White 1,3
----------
          
    O O   
  X X     
          
          
----------

Black 1,1
----------
          
  X O O   
  X X     
          
          
----------

White 2,3
----------
          
  X O O   
  X X O   
          
          
----------

Black 3,1
----------
          
  X O O   
  X X O   
  X       
          
----------

White 3,3
----------
          
  X O O   
  X X O   
  X   O   
          
----------

Black 0,1
----------
  X       
  X O O   
  X X O   
  X   O   
          
----------

White 0,2
----------
  X O     
  X O O   
  X X O   
  X   O   
          
----------

Black 3,2
----------
  X O     
  X O O   
  X X O   
  X X O   
          
----------

White 4,3
----------
  X O     
  X O O   
  X X O   
  X X O   
      O   
----------

Black 3,0
----------
  X O     
  X O O   
  X X O   
X X X O   
      O   
----------

White 1,4
----------
  X O     
  X O O O 
  X X O   
X X X O   
      O   
----------

Black 0,0
----------
X X O     
  X O O O 
  X X O   
X X X O   
      O   
----------

White 3,4
----------
X X O     
  X O O O 
  X X O   
X X X O O 
      O   
----------

Black 1,0
----------
X X O     
X X O O O 
  X X O   
X X X O O 
      O   
----------

White 0,4
----------
X X O   O 
X X O O O 
  X X O   
X X X O O 
      O   
----------

Black 2,0
----------
X X O   O 
X X O O O 
X X X O   
X X X O O 
      O   
----------

White 4,1
----------
X X O   O 
X X O O O 
X X X O   
X X X O O 
  O   O   
----------

Black 4,2
----------
X X O   O 
X X O O O 
X X X O   
X X X O O 
  O X O   
----------

White 4,0
----------
    O   O 
    O O O 
      O   
      O O 
O O   O   
----------

Black 2,1
----------
    O   O 
    O O O 
  X   O   
      O O 
O O   O   
----------

White 3,0
----------
    O   O 
    O O O 
  X   O   
O     O O 
O O   O   
----------

Game end.
The winner is O
ta time: 190.2
student time: 9.9
Black(You) lose.
=====Round 5=====
Black:TA White:You
Wed Oct 28 07:48:22 PDT 2020
Clean up...
Start Playing...
Black 2,2
----------
          
          
    X     
          
          
----------

White 1,1
----------
          
  O       
    X     
          
          
----------

Black 2,1
----------
          
  O       
  X X     
          
          
----------

White 1,2
----------
          
  O O     
  X X     
          
          
----------

Black 1,3
----------
          
  O O X   
  X X     
          
          
----------

White 1,0
----------
          
O O O X   
  X X     
          
          
----------

Black 0,2
----------
    X     
O O O X   
  X X     
          
          
----------

White 0,1
----------
  O X     
O O O X   
  X X     
          
          
----------

Black 0,3
----------
  O X X   
O O O X   
  X X     
          
          
----------

White 2,0
----------
  O X X   
O O O X   
O X X     
          
          
----------

Black 3,1
----------
  O X X   
O O O X   
O X X     
  X       
          
----------

White 3,0
----------
  O X X   
O O O X   
O X X     
O X       
          
----------

Black 4,1
----------
  O X X   
O O O X   
O X X     
O X       
  X       
----------

White 4,0
----------
  O X X   
O O O X   
O X X     
O X       
O X       
----------

Black 0,0
----------
X   X X   
      X   
  X X     
  X       
  X       
----------

White 1,0
----------
X   X X   
O     X   
  X X     
  X       
  X       
----------

Black 0,1
----------
X X X X   
O     X   
  X X     
  X       
  X       
----------

White 1,1
----------
X X X X   
O O   X   
  X X     
  X       
  X       
----------

Black 2,3
----------
X X X X   
O O   X   
  X X X   
  X       
  X       
----------

White 2,0
----------
X X X X   
O O   X   
O X X X   
  X       
  X       
----------

Black 0,4
----------
X X X X X 
O O   X   
O X X X   
  X       
  X       
----------

White 3,0
----------
X X X X X 
O O   X   
O X X X   
O X       
  X       
----------

Black 1,4
----------
X X X X X 
O O   X X 
O X X X   
O X       
  X       
----------

White 3,3
----------
X X X X X 
O O   X X 
O X X X   
O X   O   
  X       
----------

Game end.
The winner is X
ta time: 220.26
student time: 10.94
White(You) lose.
=====Round 6=====
Black:You White:TA
Wed Oct 28 07:48:44 PDT 2020
Clean up...
Start Playing...
Black 2,2
----------
          
          
    X     
          
          
----------

White 3,2
----------
          
          
    X     
    O     
          
----------

Black 1,2
----------
          
    X     
    X     
    O     
          
----------

White 3,3
----------
          
    X     
    X     
    O O   
          
----------

Black 1,1
----------
          
  X X     
    X     
    O O   
          
----------

White 3,1
----------
          
  X X     
    X     
  O O O   
          
----------

Black 1,3
----------
          
  X X X   
    X     
  O O O   
          
----------

White 2,4
----------
          
  X X X   
    X   O 
  O O O   
          
----------

Black 1,0
----------
          
X X X X   
    X   O 
  O O O   
          
----------

White 2,3
----------
          
X X X X   
    X O O 
  O O O   
          
----------

Black 0,3
----------
      X   
X X X X   
    X O O 
  O O O   
          
----------

White 2,0
----------
      X   
X X X X   
O   X O O 
  O O O   
          
----------

Black 2,1
----------
      X   
X X X X   
O X X O O 
  O O O   
          
----------

White 3,0
----------
      X   
X X X X   
O X X O O 
O O O O   
          
----------

Black 0,0
----------
X     X   
X X X X   
O X X O O 
O O O O   
          
----------

White 1,4
----------
X     X   
X X X X O 
O X X O O 
O O O O   
          
----------

Black 0,1
----------
X X   X   
X X X X O 
O X X O O 
O O O O   
          
----------

White 4,2
----------
X X   X   
X X X X O 
O X X O O 
O O O O   
    O     
----------

Black 0,4
----------
X X   X X 
X X X X O 
O X X O O 
O O O O   
    O     
----------

White 4,4
----------
X X   X X 
X X X X O 
O X X O O 
O O O O   
    O   O 
----------

Black 4,0
----------
X X   X X 
X X X X O 
O X X O O 
O O O O   
X   O   O 
----------

White 0,2
----------
    O     
        O 
O     O O 
O O O O   
X   O   O 
----------

Black 1,1
----------
    O     
  X     O 
O     O O 
O O O O   
X   O   O 
----------

White 2,1
----------
    O     
  X     O 
O O   O O 
O O O O   
X   O   O 
----------

Game end.
The winner is O
ta time: 253.79
student time: 11.78
Black(You) lose.
=====Round 7=====
Black:TA White:You
Wed Oct 28 07:49:09 PDT 2020
Clean up...
Start Playing...
Black 2,2
----------
          
          
    X     
          
          
----------

White 1,1
----------
          
  O       
    X     
          
          
----------

Black 1,2
----------
          
  O X     
    X     
          
          
----------

White 2,1
----------
          
  O X     
  O X     
          
          
----------

Black 3,1
----------
          
  O X     
  O X     
  X       
          
----------

White 0,1
----------
  O       
  O X     
  O X     
  X       
          
----------

Black 3,0
----------
  O       
  O X     
  O X     
X X       
          
----------

White 0,2
----------
  O O     
  O X     
  O X     
X X       
          
----------

Black 1,3
----------
  O O     
  O X X   
  O X     
X X       
          
----------

White 0,3
----------
  O O O   
  O X X   
  O X     
X X       
          
----------

Black 1,4
----------
  O O O   
  O X X X 
  O X     
X X       
          
----------

White 0,0
----------
O O O O   
  O X X X 
  O X     
X X       
          
----------

Black 2,0
----------
O O O O   
  O X X X 
X O X     
X X       
          
----------

White 3,3
----------
O O O O   
  O X X X 
X O X     
X X   O   
          
----------

Black 0,4
----------
O O O O X 
  O X X X 
X O X     
X X   O   
          
----------

White 2,3
----------
O O O O X 
  O X X X 
X O X O   
X X   O   
          
----------

Black 1,0
----------
        X 
X   X X X 
X   X O   
X X   O   
          
----------

White 3,2
----------
        X 
X   X X X 
X   X O   
X X O O   
          
----------

Black 4,2
----------
        X 
X   X X X 
X   X O   
X X O O   
    X     
----------

White 4,3
----------
        X 
X   X X X 
X   X O   
X X O O   
    X O   
----------

Black 4,1
----------
        X 
X   X X X 
X   X O   
X X O O   
  X X O   
----------

White 2,4
----------
        X 
X   X X X 
X   X O O 
X X O O   
  X X O   
----------

Black 2,1
----------
        X 
X   X X X 
X X X O O 
X X O O   
  X X O   
----------

White 3,4
----------
        X 
X   X X X 
X X X O O 
X X O O O 
  X X O   
----------

Game end.
The winner is X
ta time: 289.17
student time: 12.56
White(You) lose.
=====Round 8=====
Black:You White:TA
Wed Oct 28 07:49:36 PDT 2020
Clean up...
Start Playing...
Black 2,2
----------
          
          
    X     
          
          
----------

White 3,2
----------
          
          
    X     
    O     
          
----------

Black 1,2
----------
          
    X     
    X     
    O     
          
----------

White 3,1
----------
          
    X     
    X     
  O O     
          
----------

Black 1,1
----------
          
  X X     
    X     
  O O     
          
----------

White 3,3
----------
          
  X X     
    X     
  O O O   
          
----------

Black 1,3
----------
          
  X X X   
    X     
  O O O   
          
----------

White 2,0
----------
          
  X X X   
O   X     
  O O O   
          
----------

Black 1,4
----------
          
  X X X X 
O   X     
  O O O   
          
----------

White 2,1
----------
          
  X X X X 
O O X     
  O O O   
          
----------

Black 0,1
----------
  X       
  X X X X 
O O X     
  O O O   
          
----------

White 1,0
----------
  X       
O X X X X 
O O X     
  O O O   
          
----------

Black 2,3
----------
  X       
O X X X X 
O O X X   
  O O O   
          
----------

White 3,4
----------
  X       
O X X X X 
O O X X   
  O O O O 
          
----------

Black 0,0
----------
X X       
O X X X X 
O O X X   
  O O O O 
          
----------

White 0,3
----------
X X   O   
O X X X X 
O O X X   
  O O O O 
          
----------

Black 0,2
----------
X X X O   
O X X X X 
O O X X   
  O O O O 
          
----------

White 4,1
----------
X X X O   
O X X X X 
O O X X   
  O O O O 
  O       
----------

Black 4,3
----------
X X X O   
O X X X X 
O O X X   
  O O O O 
  O   X   
----------

White 4,4
----------
X X X O   
O X X X X 
O O X X   
  O O O O 
  O   X O 
----------

Black 0,4
----------
X X X   X 
O X X X X 
O O X X   
  O O O O 
  O   X O 
----------

White 2,4
----------
X X X   X 
O X X X X 
O O X X O 
  O O O O 
  O   X O 
----------

Black 3,0
----------
X X X   X 
O X X X X 
O O X X O 
X O O O O 
  O   X O 
----------

White 0,3
----------
      O   
O         
O O     O 
X O O O O 
  O   X O 
----------

Game end.
The winner is O
ta time: 328.14
student time: 13.2
Black(You) lose.
=====Round 9=====
Black:TA White:You
Wed Oct 28 07:50:03 PDT 2020
Clean up...
Start Playing...
Black 2,2
----------
          
          
    X     
          
          
----------

White 1,1
----------
          
  O       
    X     
          
          
----------

Black 1,2
----------
          
  O X     
    X     
          
          
----------

White 2,1
----------
          
  O X     
  O X     
          
          
----------

Black 3,1
----------
          
  O X     
  O X     
  X       
          
----------

White 0,1
----------
  O       
  O X     
  O X     
  X       
          
----------

Black 3,0
----------
  O       
  O X     
  O X     
X X       
          
----------

White 0,2
----------
  O O     
  O X     
  O X     
X X       
          
----------

Black 1,3
----------
  O O     
  O X X   
  O X     
X X       
          
----------

White 0,3
----------
  O O O   
  O X X   
  O X     
X X       
          
----------

Black 1,4
----------
  O O O   
  O X X X 
  O X     
X X       
          
----------

White 0,0
----------
O O O O   
  O X X X 
  O X     
X X       
          
----------

Black 2,0
----------
O O O O   
  O X X X 
X O X     
X X       
          
----------

White 3,3
----------
O O O O   
  O X X X 
X O X     
X X   O   
          
----------

Black 0,4
----------
O O O O X 
  O X X X 
X O X     
X X   O   
          
----------

White 2,3
----------
O O O O X 
  O X X X 
X O X O   
X X   O   
          
----------

Black 1,0
----------
        X 
X   X X X 
X   X O   
X X   O   
          
----------

White 3,2
----------
        X 
X   X X X 
X   X O   
X X O O   
          
----------

Black 2,1
----------
        X 
X   X X X 
X X X O   
X X O O   
          
----------

White 3,4
----------
        X 
X   X X X 
X X X O   
X X O O O 
          
----------

Black 4,1
----------
        X 
X   X X X 
X X X O   
X X O O O 
  X       
----------

White 2,4
----------
        X 
X   X X X 
X X X O O 
X X O O O 
  X       
----------

Black 0,0
----------
X       X 
X   X X X 
X X X O O 
X X O O O 
  X       
----------

White 4,2
----------
X       X 
X   X X X 
X X X O O 
X X O O O 
  X O     
----------

Game end.
The winner is X
ta time: 364.51
student time: 14.06
White(You) lose.
=====Round 10=====
Black:You White:TA
Wed Oct 28 07:50:29 PDT 2020
Clean up...
Start Playing...
Black 2,2
----------
          
          
    X     
          
          
----------

White 2,3
----------
          
          
    X O   
          
          
----------

Black 1,2
----------
          
    X     
    X O   
          
          
----------

White 3,3
----------
          
    X     
    X O   
      O   
          
----------

Black 1,1
----------
          
  X X     
    X O   
      O   
          
----------

White 3,2
----------
          
  X X     
    X O   
    O O   
          
----------

Black 1,3
----------
          
  X X X   
    X O   
    O O   
          
----------

White 3,1
----------
          
  X X X   
    X O   
  O O O   
          
----------

Black 1,0
----------
          
X X X X   
    X O   
  O O O   
          
----------

White 1,4
----------
          
X X X X O 
    X O   
  O O O   
          
----------

Black 0,3
----------
      X   
X X X X O 
    X O   
  O O O   
          
----------

White 2,1
----------
      X   
X X X X O 
  O X O   
  O O O   
          
----------

Black 0,4
----------
      X X 
X X X X O 
  O X O   
  O O O   
          
----------

White 2,4
----------
      X X 
X X X X O 
  O X O O 
  O O O   
          
----------

Black 2,0
----------
      X X 
X X X X O 
X O X O O 
  O O O   
          
----------

White 3,0
----------
      X X 
X X X X O 
X O X O O 
O O O O   
          
----------

Black 0,0
----------
X     X X 
X X X X O 
X O X O O 
O O O O   
          
----------

White 4,2
----------
X     X X 
X X X X O 
X O X O O 
O O O O   
    O     
----------

Black 0,1
----------
X X   X X 
X X X X O 
X O X O O 
O O O O   
    O     
----------

White 3,4
----------
X X   X X 
X X X X O 
X O X O O 
O O O O O 
    O     
----------

Black 4,0
----------
X X   X X 
X X X X O 
X O X O O 
O O O O O 
X   O     
----------

White 0,2
----------
    O     
        O 
  O   O O 
O O O O O 
X   O     
----------

Black 1,1
----------
    O     
  X     O 
  O   O O 
O O O O O 
X   O     
----------

White 0,1
----------
  O O     
  X     O 
  O   O O 
O O O O O 
X   O     
----------

Game end.
The winner is O
ta time: 399.62
student time: 14.89
Black(You) lose.
