Wed Oct 28 01:10:49 PDT 2020

==Playing with qlearning_player==
=====Round 1=====
Black:TA White:You
Wed Oct 28 01:10:49 PDT 2020
Clean up...
Start Playing...
Black 1,2
----------
          
    X     
          
          
          
----------

White 2,1
----------
          
    X     
  O       
          
          
----------

Black 2,2
----------
          
    X     
  O X     
          
          
----------

White 3,1
----------
          
    X     
  O X     
  O       
          
----------

Black 0,0
----------
X         
    X     
  O X     
  O       
          
----------

White 0,1
----------
X O       
    X     
  O X     
  O       
          
----------

Black 2,3
----------
X O       
    X     
  O X X   
  O       
          
----------

White 1,0
----------
  O       
O   X     
  O X X   
  O       
          
----------

Black 0,2
----------
  O X     
O   X     
  O X X   
  O       
          
----------

White 3,2
----------
  O X     
O   X     
  O X X   
  O O     
          
----------

Black 0,3
----------
  O X X   
O   X     
  O X X   
  O O     
          
----------

White 3,3
----------
  O X X   
O   X     
  O X X   
  O O O   
          
----------

Black 0,4
----------
  O X X X 
O   X     
  O X X   
  O O O   
          
----------

White 3,4
----------
  O X X X 
O   X     
  O X X   
  O O O O 
          
----------

Black 2,4
----------
  O X X X 
O   X     
  O X X X 
  O O O O 
          
----------

White 1,1
----------
  O X X X 
O O X     
  O X X X 
  O O O O 
          
----------

Black 4,2
----------
  O X X X 
O O X     
  O X X X 
  O O O O 
    X     
----------

White 1,3
----------
  O X X X 
O O X O   
  O X X X 
  O O O O 
    X     
----------

Black 1,4
----------
  O X X X 
O O X   X 
  O X X X 
  O O O O 
    X     
----------

White 1,3
----------
  O       
O O   O   
  O       
  O O O O 
    X     
----------

Black 2,2
----------
  O       
O O   O   
  O X     
  O O O O 
    X     
----------

White 4,1
----------
  O       
O O   O   
  O X     
  O O O O 
  O X     
----------

Black 2,3
----------
  O       
O O   O   
  O X X   
  O O O O 
  O X     
----------

White 4,3
----------
  O       
O O   O   
  O X X   
  O O O O 
  O   O   
----------

Game end.
The winner is O
ta time: 3.95
student time: 0.84
White(You) win!
=====Round 2=====
Black:You White:TA
Wed Oct 28 01:10:58 PDT 2020
Clean up...
Start Playing...
Black 2,2
----------
          
          
    X     
          
          
----------

White 2,1
----------
          
          
  O X     
          
          
----------

Black 1,2
----------
          
    X     
  O X     
          
          
----------

White 3,2
----------
          
    X     
  O X     
    O     
          
----------

Black 1,1
----------
          
  X X     
  O X     
    O     
          
----------

White 2,3
----------
          
  X X     
  O X O   
    O     
          
----------

Black 3,1
----------
          
  X X     
  O X O   
  X O     
          
----------

White 1,3
----------
          
  X X O   
  O X O   
  X O     
          
----------

Black 2,0
----------
          
  X X O   
X   X O   
  X O     
          
----------

White 4,2
----------
          
  X X O   
X   X O   
  X O     
    O     
----------

Black 0,1
----------
  X       
  X X O   
X   X O   
  X O     
    O     
----------

White 2,4
----------
  X       
  X X O   
X   X O O 
  X O     
    O     
----------

Black 0,2
----------
  X X     
  X X O   
X   X O O 
  X O     
    O     
----------

White 3,3
----------
  X X     
  X X O   
X   X O O 
  X O O   
    O     
----------

Black 0,3
----------
  X X X   
  X X O   
X   X O O 
  X O O   
    O     
----------

White 1,0
----------
  X X X   
O X X O   
X   X O O 
  X O O   
    O     
----------

Black 0,0
----------
X X X X   
  X X O   
X   X O O 
  X O O   
    O     
----------

White 1,4
----------
X X X X   
  X X O O 
X   X O O 
  X O O   
    O     
----------

Black 2,1
----------
X X X X   
  X X O O 
X X X O O 
  X O O   
    O     
----------

White 3,0
----------
X X X X   
  X X O O 
X X X O O 
O X O O   
    O     
----------

Black 4,1
----------
X X X X   
  X X O O 
X X X O O 
O X O O   
  X O     
----------

White 4,3
----------
X X X X   
  X X O O 
X X X O O 
O X O O   
  X O O   
----------

Black 4,0
----------
X X X X   
  X X O O 
X X X O O 
  X O O   
X X O O   
----------

White 3,4
----------
X X X X   
  X X O O 
X X X O O 
  X O O O 
X X O O   
----------

Game end.
The winner is X
ta time: 7.54
student time: 1.59
Black(You) win!
=====Round 3=====
Black:TA White:You
Wed Oct 28 01:11:06 PDT 2020
Clean up...
Start Playing...
Black 1,2
----------
          
    X     
          
          
          
----------

White 2,1
----------
          
    X     
  O       
          
          
----------

Black 2,2
----------
          
    X     
  O X     
          
          
----------

White 3,1
----------
          
    X     
  O X     
  O       
          
----------

Black 0,0
----------
X         
    X     
  O X     
  O       
          
----------

White 0,1
----------
X O       
    X     
  O X     
  O       
          
----------

Black 3,2
----------
X O       
    X     
  O X     
  O X     
          
----------

White 1,0
----------
  O       
O   X     
  O X     
  O X     
          
----------

Black 0,2
----------
  O X     
O   X     
  O X     
  O X     
          
----------

White 4,1
----------
  O X     
O   X     
  O X     
  O X     
  O       
----------

Black 2,3
----------
  O X     
O   X     
  O X X   
  O X     
  O       
----------

White 4,2
----------
  O X     
O   X     
  O X X   
  O X     
  O O     
----------

Black 2,4
----------
  O X     
O   X     
  O X X X 
  O X     
  O O     
----------

White 4,3
----------
  O X     
O   X     
  O X X X 
  O X     
  O O O   
----------

Black 2,0
----------
  O X     
O   X     
X O X X X 
  O X     
  O O O   
----------

White 3,0
----------
  O X     
O   X     
  O X X X 
O O X     
  O O O   
----------

Black 3,3
----------
  O X     
O   X     
  O X X X 
O O X X   
  O O O   
----------

White 1,1
----------
  O X     
O O X     
  O X X X 
O O X X   
  O O O   
----------

Black 1,3
----------
  O X     
O O X X   
  O X X X 
O O X X   
  O O O   
----------

White 4,4
----------
  O X     
O O X X   
  O X X X 
O O X X   
  O O O O 
----------

Black 0,3
----------
  O X X   
O O X X   
  O X X X 
O O X X   
  O O O O 
----------

White 0,0
----------
O O X X   
O O X X   
  O X X X 
O O X X   
  O O O O 
----------

Black 1,4
----------
O O X X   
O O X X X 
  O X X X 
O O X X   
  O O O O 
----------

White 3,4
----------
O O X X   
O O X X X 
  O X X X 
O O X X O 
  O O O O 
----------

Game end.
The winner is O
ta time: 11.48
student time: 2.28
White(You) win!
=====Round 4=====
Black:You White:TA
Wed Oct 28 01:11:14 PDT 2020
Clean up...
Start Playing...
Black 2,2
----------
          
          
    X     
          
          
----------

White 2,1
----------
          
          
  O X     
          
          
----------

Black 1,2
----------
          
    X     
  O X     
          
          
----------

White 3,2
----------
          
    X     
  O X     
    O     
          
----------

Black 1,1
----------
          
  X X     
  O X     
    O     
          
----------

White 2,3
----------
          
  X X     
  O X O   
    O     
          
----------

Black 3,1
----------
          
  X X     
  O X O   
  X O     
          
----------

White 0,2
----------
    O     
  X X     
  O X O   
  X O     
          
----------

Black 2,0
----------
    O     
  X X     
X   X O   
  X O     
          
----------

White 1,3
----------
    O     
  X X O   
X   X O   
  X O     
          
----------

Black 0,1
----------
  X O     
  X X O   
X   X O   
  X O     
          
----------

White 3,3
----------
  X O     
  X X O   
X   X O   
  X O O   
          
----------

Black 4,1
----------
  X O     
  X X O   
X   X O   
  X O O   
  X       
----------

White 4,2
----------
  X O     
  X X O   
X   X O   
  X O O   
  X O     
----------

Black 2,1
----------
  X O     
  X X O   
X X X O   
  X O O   
  X O     
----------

White 2,4
----------
  X O     
  X X O   
X X X O O 
  X O O   
  X O     
----------

Black 0,0
----------
X X O     
  X X O   
X X X O O 
  X O O   
  X O     
----------

White 1,4
----------
X X O     
  X X O O 
X X X O O 
  X O O   
  X O     
----------

Black 1,0
----------
X X O     
X X X O O 
X X X O O 
  X O O   
  X O     
----------

White 4,3
----------
X X O     
X X X O O 
X X X O O 
  X O O   
  X O O   
----------

Black 0,3
----------
X X   X   
X X X O O 
X X X O O 
  X O O   
  X O O   
----------

White 3,0
----------
X X   X   
X X X O O 
X X X O O 
O X O O   
  X O O   
----------

Black 0,2
----------
X X X X   
X X X O O 
X X X O O 
O X O O   
  X O O   
----------

White 3,4
----------
X X X X   
X X X O O 
X X X O O 
O X O O O 
  X O O   
----------

Game end.
The winner is O
ta time: 15.13
student time: 2.9
Black(You) lose.
=====Round 5=====
Black:TA White:You
Wed Oct 28 01:11:22 PDT 2020
Clean up...
Start Playing...
Black 1,2
----------
          
    X     
          
          
          
----------

White 2,1
----------
          
    X     
  O       
          
          
----------

Black 2,2
----------
          
    X     
  O X     
          
          
----------

White 3,1
----------
          
    X     
  O X     
  O       
          
----------

Black 0,0
----------
X         
    X     
  O X     
  O       
          
----------

White 0,1
----------
X O       
    X     
  O X     
  O       
          
----------

Black 2,3
----------
X O       
    X     
  O X X   
  O       
          
----------

White 1,0
----------
  O       
O   X     
  O X X   
  O       
          
----------

Black 0,2
----------
  O X     
O   X     
  O X X   
  O       
          
----------

White 3,2
----------
  O X     
O   X     
  O X X   
  O O     
          
----------

Black 0,3
----------
  O X X   
O   X     
  O X X   
  O O     
          
----------

White 3,3
----------
  O X X   
O   X     
  O X X   
  O O O   
          
----------

Black 0,4
----------
  O X X X 
O   X     
  O X X   
  O O O   
          
----------

White 3,4
----------
  O X X X 
O   X     
  O X X   
  O O O O 
          
----------

Black 1,3
----------
  O X X X 
O   X X   
  O X X   
  O O O O 
          
----------

White 1,1
----------
  O X X X 
O O X X   
  O X X   
  O O O O 
          
----------

Black 2,0
----------
  O X X X 
O O X X   
X O X X   
  O O O O 
          
----------

White 2,4
----------
  O X X X 
O O X X   
X O X X O 
  O O O O 
          
----------

Black 4,2
----------
  O X X X 
O O X X   
X O X X O 
  O O O O 
    X     
----------

White 1,4
----------
  O       
O O     O 
X O     O 
  O O O O 
    X     
----------

Black 2,2
----------
  O       
O O     O 
X O X   O 
  O O O O 
    X     
----------

White 3,0
----------
  O       
O O     O 
  O X   O 
O O O O O 
    X     
----------

Black 2,3
----------
  O       
O O     O 
  O X X O 
O O O O O 
    X     
----------

White 1,3
----------
  O       
O O   O O 
  O X X O 
O O O O O 
    X     
----------

Game end.
The winner is O
ta time: 18.79
student time: 3.68
White(You) win!
=====Round 6=====
Black:You White:TA
Wed Oct 28 01:11:30 PDT 2020
Clean up...
Start Playing...
Black 2,2
----------
          
          
    X     
          
          
----------

White 2,1
----------
          
          
  O X     
          
          
----------

Black 1,2
----------
          
    X     
  O X     
          
          
----------

White 3,2
----------
          
    X     
  O X     
    O     
          
----------

Black 1,1
----------
          
  X X     
  O X     
    O     
          
----------

White 2,3
----------
          
  X X     
  O X O   
    O     
          
----------

Black 3,1
----------
          
  X X     
  O X O   
  X O     
          
----------

White 2,4
----------
          
  X X     
  O X O O 
  X O     
          
----------

Black 2,0
----------
          
  X X     
X   X O O 
  X O     
          
----------

White 0,2
----------
    O     
  X X     
X   X O O 
  X O     
          
----------

Black 0,1
----------
  X O     
  X X     
X   X O O 
  X O     
          
----------

White 1,3
----------
  X O     
  X X O   
X   X O O 
  X O     
          
----------

Black 4,1
----------
  X O     
  X X O   
X   X O O 
  X O     
  X       
----------

White 4,2
----------
  X O     
  X X O   
X   X O O 
  X O     
  X O     
----------

Black 2,1
----------
  X O     
  X X O   
X X X O O 
  X O     
  X O     
----------

White 3,3
----------
  X O     
  X X O   
X X X O O 
  X O O   
  X O     
----------

Black 0,0
----------
X X O     
  X X O   
X X X O O 
  X O O   
  X O     
----------

White 3,4
----------
X X O     
  X X O   
X X X O O 
  X O O O 
  X O     
----------

Black 1,0
----------
X X O     
X X X O   
X X X O O 
  X O O O 
  X O     
----------

White 0,3
----------
X X O O   
X X X O   
X X X O O 
  X O O O 
  X O     
----------

Black 3,0
----------
X X O O   
X X X O   
X X X O O 
X X O O O 
  X O     
----------

White 4,0
----------
    O O   
      O   
      O O 
    O O O 
O   O     
----------

Black 3,0
----------
    O O   
      O   
      O O 
X   O O O 
O   O     
----------

White 2,2
----------
    O O   
      O   
    O O O 
X   O O O 
O   O     
----------

Game end.
The winner is O
ta time: 22.41
student time: 4.34
Black(You) lose.
=====Round 7=====
Black:TA White:You
Wed Oct 28 01:11:38 PDT 2020
Clean up...
Start Playing...
Black 1,2
----------
          
    X     
          
          
          
----------

White 2,1
----------
          
    X     
  O       
          
          
----------

Black 2,2
----------
          
    X     
  O X     
          
          
----------

White 3,1
----------
          
    X     
  O X     
  O       
          
----------

Black 0,0
----------
X         
    X     
  O X     
  O       
          
----------

White 0,1
----------
X O       
    X     
  O X     
  O       
          
----------

Black 3,2
----------
X O       
    X     
  O X     
  O X     
          
----------

White 1,0
----------
  O       
O   X     
  O X     
  O X     
          
----------

Black 0,2
----------
  O X     
O   X     
  O X     
  O X     
          
----------

White 4,1
----------
  O X     
O   X     
  O X     
  O X     
  O       
----------

Black 2,3
----------
  O X     
O   X     
  O X X   
  O X     
  O       
----------

White 4,2
----------
  O X     
O   X     
  O X X   
  O X     
  O O     
----------

Black 1,3
----------
  O X     
O   X X   
  O X X   
  O X     
  O O     
----------

White 4,3
----------
  O X     
O   X X   
  O X X   
  O X     
  O O O   
----------

Black 2,4
----------
  O X     
O   X X   
  O X X X 
  O X     
  O O O   
----------

White 3,3
----------
  O X     
O   X X   
  O X X X 
  O X O   
  O O O   
----------

Black 1,1
----------
  O X     
O X X X   
  O X X X 
  O X O   
  O O O   
----------

White 2,0
----------
  O X     
O X X X   
O O X X X 
  O X O   
  O O O   
----------

Black 0,0
----------
X   X     
O X X X   
O O X X X 
  O X O   
  O O O   
----------

White 3,0
----------
X   X     
O X X X   
O O X X X 
O O X O   
  O O O   
----------

Black 3,4
----------
X   X     
O X X X   
O O X X X 
O O X O X 
  O O O   
----------

White 0,4
----------
X   X   O 
O X X X   
O O X X X 
O O X O X 
  O O O   
----------

Black 0,1
----------
X X X   O 
O X X X   
O O X X X 
O O X O X 
  O O O   
----------

White 0,3
----------
X X X O O 
O X X X   
O O X X X 
O O X O X 
  O O O   
----------

Game end.
The winner is O
ta time: 26.24
student time: 5.03
White(You) win!
=====Round 8=====
Black:You White:TA
Wed Oct 28 01:11:45 PDT 2020
Clean up...
Start Playing...
Black 2,2
----------
          
          
    X     
          
          
----------

White 2,1
----------
          
          
  O X     
          
          
----------

Black 1,2
----------
          
    X     
  O X     
          
          
----------

White 3,2
----------
          
    X     
  O X     
    O     
          
----------

Black 1,1
----------
          
  X X     
  O X     
    O     
          
----------

White 2,3
----------
          
  X X     
  O X O   
    O     
          
----------

Black 3,1
----------
          
  X X     
  O X O   
  X O     
          
----------

White 1,3
----------
          
  X X O   
  O X O   
  X O     
          
----------

Black 2,0
----------
          
  X X O   
X   X O   
  X O     
          
----------

White 2,4
----------
          
  X X O   
X   X O O 
  X O     
          
----------

Black 3,3
----------
          
  X X O   
X   X O O 
  X O X   
          
----------

White 0,2
----------
    O     
  X X O   
X   X O O 
  X O X   
          
----------

Black 4,2
----------
    O     
  X X O   
X   X O O 
  X   X   
    X     
----------

White 3,0
----------
    O     
  X X O   
X   X O O 
O X   X   
    X     
----------

Black 0,1
----------
  X O     
  X X O   
X   X O O 
O X   X   
    X     
----------

White 0,3
----------
  X O O   
  X X O   
X   X O O 
O X   X   
    X     
----------

Black 2,1
----------
  X O O   
  X X O   
X X X O O 
O X   X   
    X     
----------

White 1,0
----------
  X O O   
O X X O   
X X X O O 
O X   X   
    X     
----------

Black 0,0
----------
X X O O   
  X X O   
X X X O O 
O X   X   
    X     
----------

White 3,4
----------
X X O O   
  X X O   
X X X O O 
O X   X O 
    X     
----------

Black 3,2
----------
X X O O   
  X X O   
X X X O O 
O X X X O 
    X     
----------

White 4,3
----------
X X O O   
  X X O   
X X X O O 
O X X X O 
    X O   
----------

Black 4,1
----------
X X O O   
  X X O   
X X X O O 
O X X X O 
  X X O   
----------

White 1,4
----------
X X O O   
  X X O O 
X X X O O 
O X X X O 
  X X O   
----------

Game end.
The winner is X
ta time: 29.9
student time: 5.65
Black(You) win!
=====Round 9=====
Black:TA White:You
Wed Oct 28 01:11:53 PDT 2020
Clean up...
Start Playing...
Black 1,2
----------
          
    X     
          
          
          
----------

White 2,1
----------
          
    X     
  O       
          
          
----------

Black 2,2
----------
          
    X     
  O X     
          
          
----------

White 3,1
----------
          
    X     
  O X     
  O       
          
----------

Black 0,0
----------
X         
    X     
  O X     
  O       
          
----------

White 0,1
----------
X O       
    X     
  O X     
  O       
          
----------

Black 3,2
----------
X O       
    X     
  O X     
  O X     
          
----------

White 1,0
----------
  O       
O   X     
  O X     
  O X     
          
----------

Black 0,2
----------
  O X     
O   X     
  O X     
  O X     
          
----------

White 4,1
----------
  O X     
O   X     
  O X     
  O X     
  O       
----------

Black 2,3
----------
  O X     
O   X     
  O X X   
  O X     
  O       
----------

White 4,2
----------
  O X     
O   X     
  O X X   
  O X     
  O O     
----------

Black 1,1
----------
  O X     
O X X     
  O X X   
  O X     
  O O     
----------

White 4,3
----------
  O X     
O X X     
  O X X   
  O X     
  O O O   
----------

Black 0,0
----------
X   X     
O X X     
  O X X   
  O X     
  O O O   
----------

White 3,3
----------
X   X     
O X X     
  O X X   
  O X O   
  O O O   
----------

Black 2,0
----------
X   X     
  X X     
X O X X   
  O X O   
  O O O   
----------

White 3,0
----------
X   X     
  X X     
X O X X   
O O X O   
  O O O   
----------

Black 2,4
----------
X   X     
  X X     
X O X X X 
O O X O   
  O O O   
----------

White 3,4
----------
X   X     
  X X     
X O X X X 
O O X O O 
  O O O   
----------

Black 1,3
----------
X   X     
  X X X   
X O X X X 
O O X O O 
  O O O   
----------

White 0,4
----------
X   X   O 
  X X X   
X O X X X 
O O X O O 
  O O O   
----------

Black 1,0
----------
X   X   O 
X X X X   
X O X X X 
O O X O O 
  O O O   
----------

White 0,3
----------
X   X O O 
X X X X   
X O X X X 
O O X O O 
  O O O   
----------

Game end.
The winner is O
ta time: 33.69
student time: 6.35
White(You) win!
=====Round 10=====
Black:You White:TA
Wed Oct 28 01:12:01 PDT 2020
Clean up...
Start Playing...
Black 2,2
----------
          
          
    X     
          
          
----------

White 2,1
----------
          
          
  O X     
          
          
----------

Black 1,2
----------
          
    X     
  O X     
          
          
----------

White 3,2
----------
          
    X     
  O X     
    O     
          
----------

Black 1,1
----------
          
  X X     
  O X     
    O     
          
----------

White 2,3
----------
          
  X X     
  O X O   
    O     
          
----------

Black 3,1
----------
          
  X X     
  O X O   
  X O     
          
----------

White 2,0
----------
          
  X X     
O O X O   
  X O     
          
----------

Black 1,0
----------
          
X X X     
O O X O   
  X O     
          
----------

White 2,4
----------
          
X X X     
O O X O O 
  X O     
          
----------

Black 3,0
----------
          
X X X     
    X O O 
X X O     
          
----------

White 2,1
----------
          
X X X     
  O X O O 
X X O     
          
----------

Black 2,0
----------
          
X X X     
X   X O O 
X X O     
          
----------

White 1,3
----------
          
X X X O   
X   X O O 
X X O     
          
----------

Black 3,3
----------
          
X X X O   
X   X O O 
X X O X   
          
----------

White 4,2
----------
          
X X X O   
X   X O O 
X X O X   
    O     
----------

Black 4,3
----------
          
X X X O   
X   X O O 
X X O X   
    O X   
----------

White 0,2
----------
    O     
X X X O   
X   X O O 
X X O X   
    O X   
----------

Black 4,1
----------
    O     
X X X O   
X   X O O 
X X   X   
  X   X   
----------

White 3,2
----------
    O     
X X X O   
X   X O O 
X X O X   
  X   X   
----------

Black 4,2
----------
    O     
X X X O   
X   X O O 
X X   X   
  X X X   
----------

White 3,4
----------
    O     
X X X O   
X   X O O 
X X   X O 
  X X X   
----------

Black 0,1
----------
  X O     
X X X O   
X   X O O 
X X   X O 
  X X X   
----------

White 0,3
----------
  X O O   
X X X O   
X   X O O 
X X   X O 
  X X X   
----------

Game end.
The winner is X
ta time: 37.23
student time: 7.04
Black(You) win!

==Playing with championship_player==
=====Round 1=====
Black:TA White:You
Wed Oct 28 01:12:09 PDT 2020
Clean up...
Start Playing...
Black 2,2
----------
          
          
    X     
          
          
----------

White 1,1
----------
          
  O       
    X     
          
          
----------

Black 2,1
----------
          
  O       
  X X     
          
          
----------

White 1,2
----------
          
  O O     
  X X     
          
          
----------

Black 1,3
----------
          
  O O X   
  X X     
          
          
----------

White 1,0
----------
          
O O O X   
  X X     
          
          
----------

Black 0,2
----------
    X     
O O O X   
  X X     
          
          
----------

White 0,1
----------
  O X     
O O O X   
  X X     
          
          
----------

Black 0,3
----------
  O X X   
O O O X   
  X X     
          
          
----------

White 2,0
----------
  O X X   
O O O X   
O X X     
          
          
----------

Black 3,1
----------
  O X X   
O O O X   
O X X     
  X       
          
----------

White 3,0
----------
  O X X   
O O O X   
O X X     
O X       
          
----------

Black 4,1
----------
  O X X   
O O O X   
O X X     
O X       
  X       
----------

White 3,3
----------
  O X X   
O O O X   
O X X     
O X   O   
  X       
----------

Black 4,0
----------
  O X X   
O O O X   
O X X     
O X   O   
X X       
----------

White 2,3
----------
  O X X   
O O O X   
O X X O   
O X   O   
X X       
----------

Black 1,4
----------
  O X X   
O O O X X 
O X X O   
O X   O   
X X       
----------

White 3,2
----------
  O X X   
O O O X X 
O X X O   
O X O O   
X X       
----------

Black 0,0
----------
X   X X   
      X X 
  X X O   
  X O O   
X X       
----------

White 1,0
----------
X   X X   
O     X X 
  X X O   
  X O O   
X X       
----------

Black 0,1
----------
X X X X   
O     X X 
  X X O   
  X O O   
X X       
----------

White 1,1
----------
X X X X   
O O   X X 
  X X O   
  X O O   
X X       
----------

Black 2,4
----------
X X X X   
O O   X X 
  X X O X 
  X O O   
X X       
----------

White 2,0
----------
X X X X   
O O   X X 
O X X O X 
  X O O   
X X       
----------

Game end.
The winner is X
ta time: 68.89
student time: 7.74
White(You) lose.
=====Round 2=====
Black:You White:TA
Wed Oct 28 01:12:32 PDT 2020
Clean up...
Start Playing...
Black 2,2
----------
          
          
    X     
          
          
----------

White 2,3
----------
          
          
    X O   
          
          
----------

Black 1,2
----------
          
    X     
    X O   
          
          
----------

White 3,3
----------
          
    X     
    X O   
      O   
          
----------

Black 1,1
----------
          
  X X     
    X O   
      O   
          
----------

White 3,2
----------
          
  X X     
    X O   
    O O   
          
----------

Black 1,3
----------
          
  X X X   
    X O   
    O O   
          
----------

White 3,1
----------
          
  X X X   
    X O   
  O O O   
          
----------

Black 1,0
----------
          
X X X X   
    X O   
  O O O   
          
----------

White 1,4
----------
          
X X X X O 
    X O   
  O O O   
          
----------

Black 0,3
----------
      X   
X X X X O 
    X O   
  O O O   
          
----------

White 2,1
----------
      X   
X X X X O 
  O X O   
  O O O   
          
----------

Black 0,4
----------
      X X 
X X X X O 
  O X O   
  O O O   
          
----------

White 2,4
----------
      X X 
X X X X O 
  O X O O 
  O O O   
          
----------

Black 2,0
----------
      X X 
X X X X O 
X O X O O 
  O O O   
          
----------

White 3,0
----------
      X X 
X X X X O 
X O X O O 
O O O O   
          
----------

Black 0,0
----------
X     X X 
X X X X O 
X O X O O 
O O O O   
          
----------

White 4,2
----------
X     X X 
X X X X O 
X O X O O 
O O O O   
    O     
----------

Black 4,4
----------
X     X X 
X X X X O 
X O X O O 
O O O O   
    O   X 
----------

White 0,2
----------
X   O X X 
X X X X O 
X O X O O 
O O O O   
    O   X 
----------

Black 0,1
----------
X X   X X 
X X X X O 
X O X O O 
O O O O   
    O   X 
----------

White 4,0
----------
X X   X X 
X X X X O 
X O X O O 
O O O O   
O   O   X 
----------

Black 3,4
----------
X X   X X 
X X X X O 
X O X O O 
O O O O X 
O   O   X 
----------

White 0,2
----------
    O     
        O 
  O   O O 
O O O O X 
O   O   X 
----------

Game end.
The winner is O
ta time: 98.57
student time: 8.43
Black(You) lose.
=====Round 3=====
Black:TA White:You
Wed Oct 28 01:12:57 PDT 2020
Clean up...
Start Playing...
Black 2,2
----------
          
          
    X     
          
          
----------

White 1,1
----------
          
  O       
    X     
          
          
----------

Black 1,2
----------
          
  O X     
    X     
          
          
----------

White 2,1
----------
          
  O X     
  O X     
          
          
----------

Black 3,1
----------
          
  O X     
  O X     
  X       
          
----------

White 0,1
----------
  O       
  O X     
  O X     
  X       
          
----------

Black 3,0
----------
  O       
  O X     
  O X     
X X       
          
----------

White 0,2
----------
  O O     
  O X     
  O X     
X X       
          
----------

Black 1,3
----------
  O O     
  O X X   
  O X     
X X       
          
----------

White 0,3
----------
  O O O   
  O X X   
  O X     
X X       
          
----------

Black 1,4
----------
  O O O   
  O X X X 
  O X     
X X       
          
----------

White 0,0
----------
O O O O   
  O X X X 
  O X     
X X       
          
----------

Black 2,0
----------
O O O O   
  O X X X 
X O X     
X X       
          
----------

White 3,3
----------
O O O O   
  O X X X 
X O X     
X X   O   
          
----------

Black 0,4
----------
O O O O X 
  O X X X 
X O X     
X X   O   
          
----------

White 2,3
----------
O O O O X 
  O X X X 
X O X O   
X X   O   
          
----------

Black 1,0
----------
        X 
X   X X X 
X   X O   
X X   O   
          
----------

White 3,2
----------
        X 
X   X X X 
X   X O   
X X O O   
          
----------

Black 2,1
----------
        X 
X   X X X 
X X X O   
X X O O   
          
----------

White 3,4
----------
        X 
X   X X X 
X X X O   
X X O O O 
          
----------

Black 4,1
----------
        X 
X   X X X 
X X X O   
X X O O O 
  X       
----------

White 2,4
----------
        X 
X   X X X 
X X X O O 
X X O O O 
  X       
----------

Black 0,0
----------
X       X 
X   X X X 
X X X O O 
X X O O O 
  X       
----------

White 4,2
----------
X       X 
X   X X X 
X X X O O 
X X O O O 
  X O     
----------

Game end.
The winner is X
ta time: 132.49
student time: 9.23
White(You) lose.
=====Round 4=====
Black:You White:TA
Wed Oct 28 01:13:23 PDT 2020
Clean up...
Start Playing...
Black 2,2
----------
          
          
    X     
          
          
----------

White 3,1
----------
          
          
    X     
  O       
          
----------

Black 1,2
----------
          
    X     
    X     
  O       
          
----------

White 2,1
----------
          
    X     
  O X     
  O       
          
----------

Black 1,1
----------
          
  X X     
  O X     
  O       
          
----------

White 3,2
----------
          
  X X     
  O X     
  O O     
          
----------

Black 1,3
----------
          
  X X X   
  O X     
  O O     
          
----------

White 3,3
----------
          
  X X X   
  O X     
  O O O   
          
----------

Black 1,0
----------
          
X X X X   
  O X     
  O O O   
          
----------

White 2,0
----------
          
X X X X   
O O X     
  O O O   
          
----------

Black 1,4
----------
          
X X X X X 
O O X     
  O O O   
          
----------

White 3,4
----------
          
X X X X X 
O O X     
  O O O O 
          
----------

Black 2,3
----------
          
X X X X X 
O O X X   
  O O O O 
          
----------

White 4,1
----------
          
X X X X X 
O O X X   
  O O O O 
  O       
----------

Black 0,0
----------
X         
X X X X X 
O O X X   
  O O O O 
  O       
----------

White 4,3
----------
X         
X X X X X 
O O X X   
  O O O O 
  O   O   
----------

Black 0,1
----------
X X       
X X X X X 
O O X X   
  O O O O 
  O   O   
----------

White 2,4
----------
X X       
X X X X X 
O O X X O 
  O O O O 
  O   O   
----------

Black 0,2
----------
X X X     
X X X X X 
O O X X O 
  O O O O 
  O   O   
----------

White 3,0
----------
X X X     
X X X X X 
O O X X O 
O O O O O 
  O   O   
----------

Black 0,3
----------
X X X X   
X X X X X 
O O X X O 
O O O O O 
  O   O   
----------

White 0,4
----------
        O 
          
O O     O 
O O O O O 
  O   O   
----------

Black 0,3
----------
      X O 
          
O O     O 
O O O O O 
  O   O   
----------

White 1,4
----------
      X O 
        O 
O O     O 
O O O O O 
  O   O   
----------

Game end.
The winner is O
ta time: 170.7
student time: 9.97
Black(You) lose.
=====Round 5=====
Black:TA White:You
Wed Oct 28 01:13:50 PDT 2020
Clean up...
Start Playing...
Black 2,2
----------
          
          
    X     
          
          
----------

White 1,1
----------
          
  O       
    X     
          
          
----------

Black 1,2
----------
          
  O X     
    X     
          
          
----------

White 2,1
----------
          
  O X     
  O X     
          
          
----------

Black 3,1
----------
          
  O X     
  O X     
  X       
          
----------

White 0,1
----------
  O       
  O X     
  O X     
  X       
          
----------

Black 3,0
----------
  O       
  O X     
  O X     
X X       
          
----------

White 0,2
----------
  O O     
  O X     
  O X     
X X       
          
----------

Black 1,3
----------
  O O     
  O X X   
  O X     
X X       
          
----------

White 0,3
----------
  O O O   
  O X X   
  O X     
X X       
          
----------

Black 1,4
----------
  O O O   
  O X X X 
  O X     
X X       
          
----------

White 0,0
----------
O O O O   
  O X X X 
  O X     
X X       
          
----------

Black 2,0
----------
O O O O   
  O X X X 
X O X     
X X       
          
----------

White 3,3
----------
O O O O   
  O X X X 
X O X     
X X   O   
          
----------

Black 0,4
----------
O O O O X 
  O X X X 
X O X     
X X   O   
          
----------

White 2,3
----------
O O O O X 
  O X X X 
X O X O   
X X   O   
          
----------

Black 1,0
----------
        X 
X   X X X 
X   X O   
X X   O   
          
----------

White 3,2
----------
        X 
X   X X X 
X   X O   
X X O O   
          
----------

Black 4,1
----------
        X 
X   X X X 
X   X O   
X X O O   
  X       
----------

White 3,4
----------
        X 
X   X X X 
X   X O   
X X O O O 
  X       
----------

Black 4,2
----------
        X 
X   X X X 
X   X O   
X X O O O 
  X X     
----------

White 2,4
----------
        X 
X   X X X 
X   X O O 
X X O O O 
  X X     
----------

Black 0,0
----------
X       X 
X   X X X 
X   X O O 
X X O O O 
  X X     
----------

White 1,1
----------
X       X 
X O X X X 
X   X O O 
X X O O O 
  X X     
----------

Game end.
The winner is X
ta time: 205.04
student time: 10.71
White(You) lose.
=====Round 6=====
Black:You White:TA
Wed Oct 28 01:14:24 PDT 2020
Clean up...
Start Playing...
Black 2,2
----------
          
          
    X     
          
          
----------

White 2,3
----------
          
          
    X O   
          
          
----------

Black 1,2
----------
          
    X     
    X O   
          
          
----------

White 3,3
----------
          
    X     
    X O   
      O   
          
----------

Black 1,1
----------
          
  X X     
    X O   
      O   
          
----------

White 3,2
----------
          
  X X     
    X O   
    O O   
          
----------

Black 1,3
----------
          
  X X X   
    X O   
    O O   
          
----------

White 3,1
----------
          
  X X X   
    X O   
  O O O   
          
----------

Black 1,0
----------
          
X X X X   
    X O   
  O O O   
          
----------

White 1,4
----------
          
X X X X O 
    X O   
  O O O   
          
----------

Black 0,3
----------
      X   
X X X X O 
    X O   
  O O O   
          
----------

White 2,4
----------
      X   
X X X X O 
    X O O 
  O O O   
          
----------

Black 2,0
----------
      X   
X X X X O 
X   X O O 
  O O O   
          
----------

White 3,0
----------
      X   
X X X X O 
X   X O O 
O O O O   
          
----------

Black 2,1
----------
      X   
X X X X O 
X X X O O 
O O O O   
          
----------

White 0,1
----------
  O   X   
X X X X O 
X X X O O 
O O O O   
          
----------

Black 0,0
----------
X O   X   
X X X X O 
X X X O O 
O O O O   
          
----------

White 4,3
----------
X O   X   
X X X X O 
X X X O O 
O O O O   
      O   
----------

Black 4,1
----------
X O   X   
X X X X O 
X X X O O 
O O O O   
  X   O   
----------

White 4,0
----------
X O   X   
X X X X O 
X X X O O 
O O O O   
O X   O   
----------

Black 0,2
----------
X   X X   
X X X X O 
X X X O O 
O O O O   
O X   O   
----------

White 4,4
----------
X   X X   
X X X X O 
X X X O O 
O O O O   
O X   O O 
----------

Black 0,1
----------
X X X X   
X X X X O 
X X X O O 
O O O O   
O X   O O 
----------

White 0,4
----------
        O 
        O 
      O O 
O O O O   
O X   O O 
----------

Game end.
The winner is O
ta time: 243.43
student time: 11.44
Black(You) lose.
=====Round 7=====
Black:TA White:You
Wed Oct 28 01:14:52 PDT 2020
Clean up...
Start Playing...
Black 2,2
----------
          
          
    X     
          
          
----------

White 1,1
----------
          
  O       
    X     
          
          
----------

Black 2,1
----------
          
  O       
  X X     
          
          
----------

White 1,2
----------
          
  O O     
  X X     
          
          
----------

Black 1,3
----------
          
  O O X   
  X X     
          
          
----------

White 1,0
----------
          
O O O X   
  X X     
          
          
----------

Black 0,3
----------
      X   
O O O X   
  X X     
          
          
----------

White 2,0
----------
      X   
O O O X   
O X X     
          
          
----------

Black 3,1
----------
      X   
O O O X   
O X X     
  X       
          
----------

White 3,0
----------
      X   
O O O X   
O X X     
O X       
          
----------

Black 4,1
----------
      X   
O O O X   
O X X     
O X       
  X       
----------

White 0,0
----------
O     X   
O O O X   
O X X     
O X       
  X       
----------

Black 0,2
----------
O   X X   
O O O X   
O X X     
O X       
  X       
----------

White 3,3
----------
O   X X   
O O O X   
O X X     
O X   O   
  X       
----------

Black 4,0
----------
O   X X   
O O O X   
O X X     
O X   O   
X X       
----------

White 2,3
----------
O   X X   
O O O X   
O X X O   
O X   O   
X X       
----------

Black 0,1
----------
  X X X   
      X   
  X X O   
  X   O   
X X       
----------

White 3,2
----------
  X X X   
      X   
  X X O   
  X O O   
X X       
----------

Black 4,2
----------
  X X X   
      X   
  X X O   
  X O O   
X X X     
----------

White 2,4
----------
  X X X   
      X   
  X X O O 
  X O O   
X X X     
----------

Black 1,4
----------
  X X X   
      X X 
  X X O O 
  X O O   
X X X     
----------

White 3,4
----------
  X X X   
      X X 
  X X O O 
  X O O O 
X X X     
----------

Black 3,0
----------
  X X X   
      X X 
  X X O O 
X X O O O 
X X X     
----------

White 1,0
----------
  X X X   
O     X X 
  X X O O 
X X O O O 
X X X     
----------

Game end.
The winner is X
ta time: 280.21
student time: 12.23
White(You) lose.
=====Round 8=====
Black:You White:TA
Wed Oct 28 01:15:19 PDT 2020
Clean up...
Start Playing...
Black 2,2
----------
          
          
    X     
          
          
----------

White 3,2
----------
          
          
    X     
    O     
          
----------

Black 1,2
----------
          
    X     
    X     
    O     
          
----------

White 3,1
----------
          
    X     
    X     
  O O     
          
----------

Black 1,1
----------
          
  X X     
    X     
  O O     
          
----------

White 3,3
----------
          
  X X     
    X     
  O O O   
          
----------

Black 1,3
----------
          
  X X X   
    X     
  O O O   
          
----------

White 2,4
----------
          
  X X X   
    X   O 
  O O O   
          
----------

Black 1,0
----------
          
X X X X   
    X   O 
  O O O   
          
----------

White 2,3
----------
          
X X X X   
    X O O 
  O O O   
          
----------

Black 0,3
----------
      X   
X X X X   
    X O O 
  O O O   
          
----------

White 1,4
----------
      X   
X X X X O 
    X O O 
  O O O   
          
----------

Black 2,0
----------
      X   
X X X X O 
X   X O O 
  O O O   
          
----------

White 3,0
----------
      X   
X X X X O 
X   X O O 
O O O O   
          
----------

Black 2,1
----------
      X   
X X X X O 
X X X O O 
O O O O   
          
----------

White 0,1
----------
  O   X   
X X X X O 
X X X O O 
O O O O   
          
----------

Black 0,0
----------
X O   X   
X X X X O 
X X X O O 
O O O O   
          
----------

White 4,2
----------
X O   X   
X X X X O 
X X X O O 
O O O O   
    O     
----------

Black 4,4
----------
X O   X   
X X X X O 
X X X O O 
O O O O   
    O   X 
----------

White 4,3
----------
X O   X   
X X X X O 
X X X O O 
O O O O   
    O O X 
----------

Black 0,2
----------
X   X X   
X X X X O 
X X X O O 
O O O O   
    O O X 
----------

White 4,1
----------
X   X X   
X X X X O 
X X X O O 
O O O O   
  O O O X 
----------

Black 0,1
----------
X X X X   
X X X X O 
X X X O O 
O O O O   
  O O O X 
----------

White 0,4
----------
        O 
        O 
      O O 
O O O O   
  O O O X 
----------

Game end.
The winner is O
ta time: 316.27
student time: 12.98
Black(You) lose.
=====Round 9=====
Black:TA White:You
Wed Oct 28 01:15:47 PDT 2020
Clean up...
Start Playing...
Black 2,2
----------
          
          
    X     
          
          
----------

White 1,1
----------
          
  O       
    X     
          
          
----------

Black 1,2
----------
          
  O X     
    X     
          
          
----------

White 2,1
----------
          
  O X     
  O X     
          
          
----------

Black 3,1
----------
          
  O X     
  O X     
  X       
          
----------

White 0,1
----------
  O       
  O X     
  O X     
  X       
          
----------

Black 3,0
----------
  O       
  O X     
  O X     
X X       
          
----------

White 0,2
----------
  O O     
  O X     
  O X     
X X       
          
----------

Black 1,3
----------
  O O     
  O X X   
  O X     
X X       
          
----------

White 0,3
----------
  O O O   
  O X X   
  O X     
X X       
          
----------

Black 1,4
----------
  O O O   
  O X X X 
  O X     
X X       
          
----------

White 0,0
----------
O O O O   
  O X X X 
  O X     
X X       
          
----------

Black 2,0
----------
O O O O   
  O X X X 
X O X     
X X       
          
----------

White 3,3
----------
O O O O   
  O X X X 
X O X     
X X   O   
          
----------

Black 0,4
----------
O O O O X 
  O X X X 
X O X     
X X   O   
          
----------

White 2,3
----------
O O O O X 
  O X X X 
X O X O   
X X   O   
          
----------

Black 1,0
----------
        X 
X   X X X 
X   X O   
X X   O   
          
----------

White 3,2
----------
        X 
X   X X X 
X   X O   
X X O O   
          
----------

Black 4,2
----------
        X 
X   X X X 
X   X O   
X X O O   
    X     
----------

White 4,3
----------
        X 
X   X X X 
X   X O   
X X O O   
    X O   
----------

Black 4,1
----------
        X 
X   X X X 
X   X O   
X X O O   
  X X O   
----------

White 2,4
----------
        X 
X   X X X 
X   X O O 
X X O O   
  X X O   
----------

Black 4,4
----------
        X 
X   X X X 
X   X O O 
X X O O   
  X X O X 
----------

White 0,1
----------
  O     X 
X   X X X 
X   X O O 
X X O O   
  X X O X 
----------

Game end.
The winner is X
ta time: 349.84
student time: 13.77
White(You) lose.
=====Round 10=====
Black:You White:TA
Wed Oct 28 01:16:13 PDT 2020
Clean up...
Start Playing...
Black 2,2
----------
          
          
    X     
          
          
----------

White 2,1
----------
          
          
  O X     
          
          
----------

Black 1,2
----------
          
    X     
  O X     
          
          
----------

White 3,1
----------
          
    X     
  O X     
  O       
          
----------

Black 1,1
----------
          
  X X     
  O X     
  O       
          
----------

White 3,2
----------
          
  X X     
  O X     
  O O     
          
----------

Black 1,3
----------
          
  X X X   
  O X     
  O O     
          
----------

White 3,3
----------
          
  X X X   
  O X     
  O O O   
          
----------

Black 1,0
----------
          
X X X X   
  O X     
  O O O   
          
----------

White 2,0
----------
          
X X X X   
O O X     
  O O O   
          
----------

Black 1,4
----------
          
X X X X X 
O O X     
  O O O   
          
----------

White 3,4
----------
          
X X X X X 
O O X     
  O O O O 
          
----------

Black 2,3
----------
          
X X X X X 
O O X X   
  O O O O 
          
----------

White 4,2
----------
          
X X X X X 
O O X X   
  O O O O 
    O     
----------

Black 0,0
----------
X         
X X X X X 
O O X X   
  O O O O 
    O     
----------

White 4,0
----------
X         
X X X X X 
O O X X   
  O O O O 
O   O     
----------

Black 0,1
----------
X X       
X X X X X 
O O X X   
  O O O O 
O   O     
----------

White 0,3
----------
X X   O   
X X X X X 
O O X X   
  O O O O 
O   O     
----------

Black 0,2
----------
X X X O   
X X X X X 
O O X X   
  O O O O 
O   O     
----------

White 4,3
----------
X X X O   
X X X X X 
O O X X   
  O O O O 
O   O O   
----------

Black 0,4
----------
X X X   X 
X X X X X 
O O X X   
  O O O O 
O   O O   
----------

White 2,4
----------
X X X   X 
X X X X X 
O O X X O 
  O O O O 
O   O O   
----------

Black PASS
----------
X X X   X 
X X X X X 
O O X X O 
  O O O O 
O   O O   
----------

White 3,0
----------
X X X   X 
X X X X X 
O O X X O 
O O O O O 
O   O O   
----------

Game end.
The winner is O
ta time: 384.76
student time: 14.46
Black(You) lose.
