Thu Oct 29 03:51:12 PDT 2020

==Playing with qlearning_player==
=====Round 1=====
Black:TA White:You
Thu Oct 29 03:51:12 PDT 2020
Clean up...
Start Playing...
Black 1,2
----------
          
    X     
          
          
          
----------

White 3,1
----------
          
    X     
          
  O       
          
----------

Black 2,2
----------
          
    X     
    X     
  O       
          
----------

White 2,1
----------
          
    X     
  O X     
  O       
          
----------

Black 0,0
----------
X         
    X     
  O X     
  O       
          
----------

White 1,1
----------
X         
  O X     
  O X     
  O       
          
----------

Black 0,1
----------
X X       
  O X     
  O X     
  O       
          
----------

White 3,2
----------
X X       
  O X     
  O X     
  O O     
          
----------

Black 2,3
----------
X X       
  O X     
  O X X   
  O O     
          
----------

White 3,3
----------
X X       
  O X     
  O X X   
  O O O   
          
----------

Black 4,2
----------
X X       
  O X     
  O X X   
  O O O   
    X     
----------

White 3,4
----------
X X       
  O X     
  O X X   
  O O O O 
    X     
----------

Black 2,4
----------
X X       
  O X     
  O X X X 
  O O O O 
    X     
----------

White 3,0
----------
X X       
  O X     
  O X X X 
O O O O O 
    X     
----------

Black 0,2
----------
X X X     
  O X     
  O X X X 
O O O O O 
    X     
----------

White 1,0
----------
X X X     
O O X     
  O X X X 
O O O O O 
    X     
----------

Black 1,3
----------
X X X     
O O X X   
  O X X X 
O O O O O 
    X     
----------

White 2,0
----------
X X X     
O O X X   
O O X X X 
O O O O O 
    X     
----------

Black 4,3
----------
X X X     
O O X X   
O O X X X 
O O O O O 
    X X   
----------

White 4,0
----------
X X X     
O O X X   
O O X X X 
O O O O O 
O   X X   
----------

Black 0,3
----------
X X X X   
O O X X   
O O X X X 
O O O O O 
O   X X   
----------

White 4,1
----------
X X X X   
O O X X   
O O X X X 
O O O O O 
O O X X   
----------

Black 4,4
----------
X X X X   
    X X   
    X X X 
          
    X X X 
----------

White 3,1
----------
X X X X   
    X X   
    X X X 
  O       
    X X X 
----------

Game end.
The winner is X
ta time: 3.87
student time: 2.73
White(You) lose.
=====Round 2=====
Black:You White:TA
Thu Oct 29 03:51:22 PDT 2020
Clean up...
Start Playing...
Black 2,2
----------
          
          
    X     
          
          
----------

White 2,1
----------
          
          
  O X     
          
          
----------

Black 1,2
----------
          
    X     
  O X     
          
          
----------

White 3,2
----------
          
    X     
  O X     
    O     
          
----------

Black 1,1
----------
          
  X X     
  O X     
    O     
          
----------

White 2,3
----------
          
  X X     
  O X O   
    O     
          
----------

Black 1,3
----------
          
  X X X   
  O X O   
    O     
          
----------

White 2,0
----------
          
  X X X   
O O X O   
    O     
          
----------

Black 1,4
----------
          
  X X X X 
O O X O   
    O     
          
----------

White 2,4
----------
          
  X X X X 
O O X O O 
    O     
          
----------

Black 0,1
----------
  X       
  X X X X 
O O X O O 
    O     
          
----------

White 0,2
----------
  X O     
  X X X X 
O O X O O 
    O     
          
----------

Black 0,3
----------
  X   X   
  X X X X 
O O X O O 
    O     
          
----------

White 4,2
----------
  X   X   
  X X X X 
O O X O O 
    O     
    O     
----------

Black 0,0
----------
X X   X   
  X X X X 
O O X O O 
    O     
    O     
----------

White 3,1
----------
X X   X   
  X X X X 
O O X O O 
  O O     
    O     
----------

Black 0,2
----------
X X X X   
  X X X X 
O O X O O 
  O O     
    O     
----------

White 3,3
----------
X X X X   
  X X X X 
O O X O O 
  O O O   
    O     
----------

Black 4,0
----------
X X X X   
  X X X X 
O O X O O 
  O O O   
X   O     
----------

White 4,1
----------
X X X X   
  X X X X 
O O X O O 
  O O O   
X O O     
----------

Black 4,4
----------
X X X X   
  X X X X 
O O X O O 
  O O O   
X O O   X 
----------

White 3,0
----------
X X X X   
  X X X X 
O O X O O 
O O O O   
  O O   X 
----------

Black 0,4
----------
X X X X X 
  X X X X 
O O X O O 
O O O O   
  O O   X 
----------

White 1,0
----------
          
O         
O O   O O 
O O O O   
  O O   X 
----------

Game end.
The winner is O
ta time: 7.52
student time: 5.6
Black(You) lose.
=====Round 3=====
Black:TA White:You
Thu Oct 29 03:51:32 PDT 2020
Clean up...
Start Playing...
Black 1,2
----------
          
    X     
          
          
          
----------

White 3,1
----------
          
    X     
          
  O       
          
----------

Black 2,2
----------
          
    X     
    X     
  O       
          
----------

White 2,1
----------
          
    X     
  O X     
  O       
          
----------

Black 0,0
----------
X         
    X     
  O X     
  O       
          
----------

White 1,1
----------
X         
  O X     
  O X     
  O       
          
----------

Black 0,1
----------
X X       
  O X     
  O X     
  O       
          
----------

White 3,2
----------
X X       
  O X     
  O X     
  O O     
          
----------

Black 2,3
----------
X X       
  O X     
  O X X   
  O O     
          
----------

White 3,3
----------
X X       
  O X     
  O X X   
  O O O   
          
----------

Black 1,3
----------
X X       
  O X X   
  O X X   
  O O O   
          
----------

White 3,4
----------
X X       
  O X X   
  O X X   
  O O O O 
          
----------

Black 0,2
----------
X X X     
  O X X   
  O X X   
  O O O O 
          
----------

White 2,4
----------
X X X     
  O X X   
  O X X O 
  O O O O 
          
----------

Black 2,0
----------
X X X     
  O X X   
X O X X O 
  O O O O 
          
----------

White 1,4
----------
X X X     
  O X X O 
X O X X O 
  O O O O 
          
----------

Black 4,2
----------
X X X     
  O X X O 
X O X X O 
  O O O O 
    X     
----------

White 0,4
----------
X X X   O 
  O X X O 
X O X X O 
  O O O O 
    X     
----------

Black 3,0
----------
X X X   O 
  O X X O 
X O X X O 
X O O O O 
    X     
----------

White 4,1
----------
X X X   O 
  O X X O 
X O X X O 
X O O O O 
  O X     
----------

Black 0,3
----------
X X X X O 
  O X X O 
X O X X O 
X O O O O 
  O X     
----------

White 1,0
----------
        O 
O O     O 
X O     O 
X O O O O 
  O X     
----------

Black 2,2
----------
        O 
O O     O 
X O X   O 
X O O O O 
  O X     
----------

White 4,0
----------
        O 
O O     O 
  O X   O 
  O O O O 
O O X     
----------

Game end.
The winner is O
ta time: 11.53
student time: 8.6
White(You) win!
=====Round 4=====
Black:You White:TA
Thu Oct 29 03:51:41 PDT 2020
Clean up...
Start Playing...
Black 2,2
----------
          
          
    X     
          
          
----------

White 2,1
----------
          
          
  O X     
          
          
----------

Black 1,2
----------
          
    X     
  O X     
          
          
----------

White 3,2
----------
          
    X     
  O X     
    O     
          
----------

Black 1,1
----------
          
  X X     
  O X     
    O     
          
----------

White 2,3
----------
          
  X X     
  O X O   
    O     
          
----------

Black 1,3
----------
          
  X X X   
  O X O   
    O     
          
----------

White 2,0
----------
          
  X X X   
O O X O   
    O     
          
----------

Black 1,4
----------
          
  X X X X 
O O X O   
    O     
          
----------

White 2,4
----------
          
  X X X X 
O O X O O 
    O     
          
----------

Black 0,1
----------
  X       
  X X X X 
O O X O O 
    O     
          
----------

White 3,1
----------
  X       
  X X X X 
O O X O O 
  O O     
          
----------

Black 0,0
----------
X X       
  X X X X 
O O X O O 
  O O     
          
----------

White 3,3
----------
X X       
  X X X X 
O O X O O 
  O O O   
          
----------

Black 0,2
----------
X X X     
  X X X X 
O O X O O 
  O O O   
          
----------

White 4,2
----------
X X X     
  X X X X 
O O X O O 
  O O O   
    O     
----------

Black 0,3
----------
X X X X   
  X X X X 
O O X O O 
  O O O   
    O     
----------

White 4,1
----------
X X X X   
  X X X X 
O O X O O 
  O O O   
  O O     
----------

Black 0,4
----------
X X X X X 
  X X X X 
O O X O O 
  O O O   
  O O     
----------

White 1,0
----------
          
O         
O O   O O 
  O O O   
  O O     
----------

Black PASS
----------
          
O         
O O   O O 
  O O O   
  O O     
----------

White 2,2
----------
          
O         
O O O O O 
  O O O   
  O O     
----------

Black PASS
----------
          
O         
O O O O O 
  O O O   
  O O     
----------

White 1,2
----------
          
O   O     
O O O O O 
  O O O   
  O O     
----------

Game end.
The winner is O
ta time: 15.15
student time: 12.19
Black(You) lose.
=====Round 5=====
Black:TA White:You
Thu Oct 29 03:51:50 PDT 2020
Clean up...
Start Playing...
Black 1,2
----------
          
    X     
          
          
          
----------

White 3,1
----------
          
    X     
          
  O       
          
----------

Black 2,2
----------
          
    X     
    X     
  O       
          
----------

White 2,1
----------
          
    X     
  O X     
  O       
          
----------

Black 0,0
----------
X         
    X     
  O X     
  O       
          
----------

White 1,1
----------
X         
  O X     
  O X     
  O       
          
----------

Black 0,1
----------
X X       
  O X     
  O X     
  O       
          
----------

White 3,2
----------
X X       
  O X     
  O X     
  O O     
          
----------

Black 2,3
----------
X X       
  O X     
  O X X   
  O O     
          
----------

White 3,3
----------
X X       
  O X     
  O X X   
  O O O   
          
----------

Black 4,2
----------
X X       
  O X     
  O X X   
  O O O   
    X     
----------

White 3,4
----------
X X       
  O X     
  O X X   
  O O O O 
    X     
----------

Black 1,3
----------
X X       
  O X X   
  O X X   
  O O O O 
    X     
----------

White 2,4
----------
X X       
  O X X   
  O X X O 
  O O O O 
    X     
----------

Black 0,2
----------
X X X     
  O X X   
  O X X O 
  O O O O 
    X     
----------

White 1,4
----------
X X X     
  O X X O 
  O X X O 
  O O O O 
    X     
----------

Black 2,0
----------
X X X     
  O X X O 
X O X X O 
  O O O O 
    X     
----------

White 0,4
----------
X X X   O 
  O X X O 
X O X X O 
  O O O O 
    X     
----------

Black 0,3
----------
X X X X O 
  O X X O 
X O X X O 
  O O O O 
    X     
----------

White 1,0
----------
        O 
O O     O 
X O     O 
  O O O O 
    X     
----------

Black 2,2
----------
        O 
O O     O 
X O X   O 
  O O O O 
    X     
----------

White 3,0
----------
        O 
O O     O 
  O X   O 
O O O O O 
    X     
----------

Black 2,3
----------
        O 
O O     O 
  O X X O 
O O O O O 
    X     
----------

White 1,2
----------
        O 
O O O   O 
  O X X O 
O O O O O 
    X     
----------

Game end.
The winner is O
ta time: 19.03
student time: 15.17
White(You) win!
=====Round 6=====
Black:You White:TA
Thu Oct 29 03:52:00 PDT 2020
Clean up...
Start Playing...
Black 2,2
----------
          
          
    X     
          
          
----------

White 2,1
----------
          
          
  O X     
          
          
----------

Black 1,2
----------
          
    X     
  O X     
          
          
----------

White 3,2
----------
          
    X     
  O X     
    O     
          
----------

Black 1,1
----------
          
  X X     
  O X     
    O     
          
----------

White 2,3
----------
          
  X X     
  O X O   
    O     
          
----------

Black 1,3
----------
          
  X X X   
  O X O   
    O     
          
----------

White 0,2
----------
    O     
  X X X   
  O X O   
    O     
          
----------

Black 1,0
----------
    O     
X X X X   
  O X O   
    O     
          
----------

White 4,2
----------
    O     
X X X X   
  O X O   
    O     
    O     
----------

Black 1,4
----------
    O     
X X X X X 
  O X O   
    O     
    O     
----------

White 3,3
----------
    O     
X X X X X 
  O X O   
    O O   
    O     
----------

Black 2,0
----------
    O     
X X X X X 
X O X O   
    O O   
    O     
----------

White 2,4
----------
    O     
X X X X X 
X O X O O 
    O O   
    O     
----------

Black 3,1
----------
    O     
X X X X X 
X   X O O 
  X O O   
    O     
----------

White 3,4
----------
    O     
X X X X X 
X   X O O 
  X O O O 
    O     
----------

Black 2,1
----------
    O     
X X X X X 
X X X O O 
  X O O O 
    O     
----------

White 4,1
----------
    O     
X X X X X 
X X X O O 
  X O O O 
  O O     
----------

Black 0,1
----------
  X O     
X X X X X 
X X X O O 
  X O O O 
  O O     
----------

White 0,3
----------
  X O O   
X X X X X 
X X X O O 
  X O O O 
  O O     
----------

Black 0,4
----------
  X     X 
X X X X X 
X X X O O 
  X O O O 
  O O     
----------

White 0,2
----------
  X O   X 
X X X X X 
X X X O O 
  X O O O 
  O O     
----------

Black 0,3
----------
  X   X X 
X X X X X 
X X X O O 
  X O O O 
  O O     
----------

White 3,0
----------
  X   X X 
X X X X X 
X X X O O 
O X O O O 
  O O     
----------

Game end.
The winner is X
ta time: 22.68
student time: 18.24
Black(You) win!
=====Round 7=====
Black:TA White:You
Thu Oct 29 03:52:09 PDT 2020
Clean up...
Start Playing...
Black 1,2
----------
          
    X     
          
          
          
----------

White 3,1
----------
          
    X     
          
  O       
          
----------

Black 2,2
----------
          
    X     
    X     
  O       
          
----------

White 2,1
----------
          
    X     
  O X     
  O       
          
----------

Black 0,0
----------
X         
    X     
  O X     
  O       
          
----------

White 1,1
----------
X         
  O X     
  O X     
  O       
          
----------

Black 0,1
----------
X X       
  O X     
  O X     
  O       
          
----------

White 3,2
----------
X X       
  O X     
  O X     
  O O     
          
----------

Black 2,3
----------
X X       
  O X     
  O X X   
  O O     
          
----------

White 3,3
----------
X X       
  O X     
  O X X   
  O O O   
          
----------

Black 0,2
----------
X X X     
  O X     
  O X X   
  O O O   
          
----------

White 3,4
----------
X X X     
  O X     
  O X X   
  O O O O 
          
----------

Black 2,0
----------
X X X     
  O X     
X O X X   
  O O O O 
          
----------

White 2,4
----------
X X X     
  O X     
X O X X O 
  O O O O 
          
----------

Black 4,2
----------
X X X     
  O X     
X O X X O 
  O O O O 
    X     
----------

White 1,4
----------
X X X     
  O X   O 
X O X X O 
  O O O O 
    X     
----------

Black 1,3
----------
X X X     
  O X X O 
X O X X O 
  O O O O 
    X     
----------

White 0,4
----------
X X X   O 
  O X X O 
X O X X O 
  O O O O 
    X     
----------

Black 0,3
----------
X X X X O 
  O X X O 
X O X X O 
  O O O O 
    X     
----------

White 1,0
----------
        O 
O O     O 
X O     O 
  O O O O 
    X     
----------

Black 2,2
----------
        O 
O O     O 
X O X   O 
  O O O O 
    X     
----------

White 3,0
----------
        O 
O O     O 
  O X   O 
O O O O O 
    X     
----------

Black 1,2
----------
        O 
O O X   O 
  O X   O 
O O O O O 
    X     
----------

White 0,1
----------
  O     O 
O O X   O 
  O X   O 
O O O O O 
    X     
----------

Game end.
The winner is O
ta time: 26.61
student time: 21.14
White(You) win!
=====Round 8=====
Black:You White:TA
Thu Oct 29 03:52:19 PDT 2020
Clean up...
Start Playing...
Black 2,2
----------
          
          
    X     
          
          
----------

White 2,1
----------
          
          
  O X     
          
          
----------

Black 1,2
----------
          
    X     
  O X     
          
          
----------

White 3,2
----------
          
    X     
  O X     
    O     
          
----------

Black 1,1
----------
          
  X X     
  O X     
    O     
          
----------

White 2,3
----------
          
  X X     
  O X O   
    O     
          
----------

Black 1,3
----------
          
  X X X   
  O X O   
    O     
          
----------

White 2,0
----------
          
  X X X   
O O X O   
    O     
          
----------

Black 1,4
----------
          
  X X X X 
O O X O   
    O     
          
----------

White 0,2
----------
    O     
  X X X X 
O O X O   
    O     
          
----------

Black 0,1
----------
  X O     
  X X X X 
O O X O   
    O     
          
----------

White 4,2
----------
  X O     
  X X X X 
O O X O   
    O     
    O     
----------

Black 0,3
----------
  X   X   
  X X X X 
O O X O   
    O     
    O     
----------

White 3,3
----------
  X   X   
  X X X X 
O O X O   
    O O   
    O     
----------

Black 3,1
----------
  X   X   
  X X X X 
O O X O   
  X O O   
    O     
----------

White 2,4
----------
  X   X   
  X X X X 
O O X O O 
  X O O   
    O     
----------

Black 3,0
----------
  X   X   
  X X X X 
O O X O O 
X X O O   
    O     
----------

White 1,0
----------
  X   X   
O X X X X 
O O X O O 
X X O O   
    O     
----------

Black 0,0
----------
X X   X   
  X X X X 
    X O O 
X X O O   
    O     
----------

White 2,1
----------
X X   X   
  X X X X 
  O X O O 
X X O O   
    O     
----------

Black 2,0
----------
X X   X   
  X X X X 
X   X O O 
X X O O   
    O     
----------

White 4,3
----------
X X   X   
  X X X X 
X   X O O 
X X O O   
    O O   
----------

Black 2,1
----------
X X   X   
  X X X X 
X X X O O 
X X O O   
    O O   
----------

White 3,4
----------
X X   X   
  X X X X 
X X X O O 
X X O O O 
    O O   
----------

Game end.
The winner is X
ta time: 30.17
student time: 24.5
Black(You) win!
=====Round 9=====
Black:TA White:You
Thu Oct 29 03:52:28 PDT 2020
Clean up...
Start Playing...
Black 1,2
----------
          
    X     
          
          
          
----------

White 3,1
----------
          
    X     
          
  O       
          
----------

Black 2,2
----------
          
    X     
    X     
  O       
          
----------

White 2,1
----------
          
    X     
  O X     
  O       
          
----------

Black 0,0
----------
X         
    X     
  O X     
  O       
          
----------

White 1,1
----------
X         
  O X     
  O X     
  O       
          
----------

Black 0,1
----------
X X       
  O X     
  O X     
  O       
          
----------

White 3,2
----------
X X       
  O X     
  O X     
  O O     
          
----------

Black 2,3
----------
X X       
  O X     
  O X X   
  O O     
          
----------

White 3,3
----------
X X       
  O X     
  O X X   
  O O O   
          
----------

Black 0,2
----------
X X X     
  O X     
  O X X   
  O O O   
          
----------

White 3,4
----------
X X X     
  O X     
  O X X   
  O O O O 
          
----------

Black 1,3
----------
X X X     
  O X X   
  O X X   
  O O O O 
          
----------

White 2,4
----------
X X X     
  O X X   
  O X X O 
  O O O O 
          
----------

Black 2,0
----------
X X X     
  O X X   
X O X X O 
  O O O O 
          
----------

White 1,4
----------
X X X     
  O X X O 
X O X X O 
  O O O O 
          
----------

Black 4,2
----------
X X X     
  O X X O 
X O X X O 
  O O O O 
    X     
----------

White 0,4
----------
X X X   O 
  O X X O 
X O X X O 
  O O O O 
    X     
----------

Black 1,0
----------
X X X   O 
X O X X O 
X O X X O 
  O O O O 
    X     
----------

White 3,0
----------
X X X   O 
X O X X O 
X O X X O 
O O O O O 
    X     
----------

Black 4,1
----------
X X X   O 
X O X X O 
X O X X O 
O O O O O 
  X X     
----------

White 0,3
----------
      O O 
  O     O 
  O     O 
O O O O O 
  X X     
----------

Black 2,2
----------
      O O 
  O     O 
  O X   O 
O O O O O 
  X X     
----------

White 0,1
----------
  O   O O 
  O     O 
  O X   O 
O O O O O 
  X X     
----------

Game end.
The winner is O
ta time: 33.98
student time: 27.32
White(You) win!
=====Round 10=====
Black:You White:TA
Thu Oct 29 03:52:38 PDT 2020
Clean up...
Start Playing...
Black 2,2
----------
          
          
    X     
          
          
----------

White 2,1
----------
          
          
  O X     
          
          
----------

Black 1,2
----------
          
    X     
  O X     
          
          
----------

White 3,2
----------
          
    X     
  O X     
    O     
          
----------

Black 1,1
----------
          
  X X     
  O X     
    O     
          
----------

White 2,3
----------
          
  X X     
  O X O   
    O     
          
----------

Black 1,3
----------
          
  X X X   
  O X O   
    O     
          
----------

White 3,3
----------
          
  X X X   
  O X O   
    O O   
          
----------

Black 1,0
----------
          
X X X X   
  O X O   
    O O   
          
----------

White 2,4
----------
          
X X X X   
  O X O O 
    O O   
          
----------

Black 0,3
----------
      X   
X X X X   
  O X O O 
    O O   
          
----------

White 4,2
----------
      X   
X X X X   
  O X O O 
    O O   
    O     
----------

Black 2,0
----------
      X   
X X X X   
X O X O O 
    O O   
    O     
----------

White 0,2
----------
    O X   
X X X X   
X O X O O 
    O O   
    O     
----------

Black 0,1
----------
  X   X   
X X X X   
X O X O O 
    O O   
    O     
----------

White 3,1
----------
  X   X   
X X X X   
X O X O O 
  O O O   
    O     
----------

Black 3,0
----------
  X   X   
X X X X   
X O X O O 
X O O O   
    O     
----------

White 1,4
----------
  X   X   
X X X X O 
X O X O O 
X O O O   
    O     
----------

Black 4,0
----------
  X   X   
X X X X O 
X O X O O 
X O O O   
X   O     
----------

White 3,4
----------
  X   X   
X X X X O 
X O X O O 
X O O O O 
X   O     
----------

Black 0,0
----------
X X   X   
X X X X O 
X O X O O 
X O O O O 
X   O     
----------

White 4,3
----------
X X   X   
X X X X O 
X O X O O 
X O O O O 
X   O O   
----------

Black 0,2
----------
X X X X   
X X X X O 
X O X O O 
X O O O O 
X   O O   
----------

White 4,1
----------
X X X X   
X X X X O 
X O X O O 
X O O O O 
X O O O   
----------

Game end.
The winner is O
ta time: 37.57
student time: 30.26
Black(You) lose.

==Playing with championship_player==
=====Round 1=====
Black:TA White:You
Thu Oct 29 03:52:47 PDT 2020
Clean up...
Start Playing...
Black 2,2
----------
          
          
    X     
          
          
----------

White 1,3
----------
          
      O   
    X     
          
          
----------

Black 2,3
----------
          
      O   
    X X   
          
          
----------

White 0,0
----------
O         
      O   
    X X   
          
          
----------

Black 1,2
----------
O         
    X O   
    X X   
          
          
----------

White 3,1
----------
O         
    X O   
    X X   
  O       
          
----------

Black 2,1
----------
O         
    X O   
  X X X   
  O       
          
----------

White 3,4
----------
O         
    X O   
  X X X   
  O     O 
          
----------

Black 2,4
----------
O         
    X O   
  X X X X 
  O     O 
          
----------

White 0,1
----------
O O       
    X O   
  X X X X 
  O     O 
          
----------

Black 2,0
----------
O O       
    X O   
X X X X X 
  O     O 
          
----------

White 4,1
----------
O O       
    X O   
X X X X X 
  O     O 
  O       
----------

Black 0,3
----------
O O   X   
    X O   
X X X X X 
  O     O 
  O       
----------

White 0,2
----------
O O O X   
    X O   
X X X X X 
  O     O 
  O       
----------

Black 1,4
----------
O O O X   
    X   X 
X X X X X 
  O     O 
  O       
----------

White 3,3
----------
O O O X   
    X   X 
X X X X X 
  O   O O 
  O       
----------

Black 1,3
----------
O O O X   
    X X X 
X X X X X 
  O   O O 
  O       
----------

White 3,2
----------
O O O X   
    X X X 
X X X X X 
  O O O O 
  O       
----------

Black 1,1
----------
O O O X   
  X X X X 
X X X X X 
  O O O O 
  O       
----------

White 3,0
----------
O O O X   
  X X X X 
X X X X X 
O O O O O 
  O       
----------

Black 1,0
----------
      X   
X X X X X 
X X X X X 
O O O O O 
  O       
----------

White 0,1
----------
  O   X   
X X X X X 
X X X X X 
O O O O O 
  O       
----------

Black 0,2
----------
  O X X   
X X X X X 
X X X X X 
O O O O O 
  O       
----------

White 4,0
----------
  O X X   
X X X X X 
X X X X X 
O O O O O 
O O       
----------

Game end.
The winner is X
ta time: 64.72
student time: 33.73
White(You) lose.
=====Round 2=====
Black:You White:TA
Thu Oct 29 03:53:13 PDT 2020
Clean up...
Start Playing...
Black 2,2
----------
          
          
    X     
          
          
----------

White 2,1
----------
          
          
  O X     
          
          
----------

Black 1,2
----------
          
    X     
  O X     
          
          
----------

White 3,1
----------
          
    X     
  O X     
  O       
          
----------

Black 0,0
----------
X         
    X     
  O X     
  O       
          
----------

White 3,2
----------
X         
    X     
  O X     
  O O     
          
----------

Black 1,3
----------
X         
    X X   
  O X     
  O O     
          
----------

White 3,3
----------
X         
    X X   
  O X     
  O O O   
          
----------

Black 1,4
----------
X         
    X X X 
  O X     
  O O O   
          
----------

White 1,1
----------
X         
  O X X X 
  O X     
  O O O   
          
----------

Black 1,0
----------
X         
X O X X X 
  O X     
  O O O   
          
----------

White 0,1
----------
X O       
X O X X X 
  O X     
  O O O   
          
----------

Black 0,2
----------
X O X     
X O X X X 
  O X     
  O O O   
          
----------

White 2,0
----------
  O X     
  O X X X 
O O X     
  O O O   
          
----------

Black PASS
----------
  O X     
  O X X X 
O O X     
  O O O   
          
----------

White 2,4
----------
  O X     
  O X X X 
O O X   O 
  O O O   
          
----------

Black PASS
----------
  O X     
  O X X X 
O O X   O 
  O O O   
          
----------

White 4,3
----------
  O X     
  O X X X 
O O X   O 
  O O O   
      O   
----------

Black PASS
----------
  O X     
  O X X X 
O O X   O 
  O O O   
      O   
----------

White 2,3
----------
  O X     
  O X X X 
O O X O O 
  O O O   
      O   
----------

Black PASS
----------
  O X     
  O X X X 
O O X O O 
  O O O   
      O   
----------

White 3,4
----------
  O X     
  O X X X 
O O X O O 
  O O O O 
      O   
----------

Black PASS
----------
  O X     
  O X X X 
O O X O O 
  O O O O 
      O   
----------

White 0,0
----------
O O X     
  O X X X 
O O X O O 
  O O O O 
      O   
----------

Game end.
The winner is O
ta time: 99.2
student time: 37.32
Black(You) lose.
=====Round 3=====
Black:TA White:You
Thu Oct 29 03:53:43 PDT 2020
Clean up...
Start Playing...
Black 2,2
----------
          
          
    X     
          
          
----------

White 1,3
----------
          
      O   
    X     
          
          
----------

Black 1,2
----------
          
    X O   
    X     
          
          
----------

White 0,0
----------
O         
    X O   
    X     
          
          
----------

Black 2,3
----------
O         
    X O   
    X X   
          
          
----------

White 3,1
----------
O         
    X O   
    X X   
  O       
          
----------

Black 2,1
----------
O         
    X O   
  X X X   
  O       
          
----------

White 3,4
----------
O         
    X O   
  X X X   
  O     O 
          
----------

Black 2,4
----------
O         
    X O   
  X X X X 
  O     O 
          
----------

White 0,1
----------
O O       
    X O   
  X X X X 
  O     O 
          
----------

Black 2,0
----------
O O       
    X O   
X X X X X 
  O     O 
          
----------

White 4,1
----------
O O       
    X O   
X X X X X 
  O     O 
  O       
----------

Black 0,3
----------
O O   X   
    X O   
X X X X X 
  O     O 
  O       
----------

White 0,2
----------
O O O X   
    X O   
X X X X X 
  O     O 
  O       
----------

Black 1,4
----------
O O O X   
    X   X 
X X X X X 
  O     O 
  O       
----------

White 3,3
----------
O O O X   
    X   X 
X X X X X 
  O   O O 
  O       
----------

Black 1,3
----------
O O O X   
    X X X 
X X X X X 
  O   O O 
  O       
----------

White 3,2
----------
O O O X   
    X X X 
X X X X X 
  O O O O 
  O       
----------

Black 1,0
----------
O O O X   
X   X X X 
X X X X X 
  O O O O 
  O       
----------

White 3,0
----------
O O O X   
X   X X X 
X X X X X 
O O O O O 
  O       
----------

Black 1,1
----------
      X   
X X X X X 
X X X X X 
O O O O O 
  O       
----------

White 0,1
----------
  O   X   
X X X X X 
X X X X X 
O O O O O 
  O       
----------

Black 0,2
----------
  O X X   
X X X X X 
X X X X X 
O O O O O 
  O       
----------

White 4,0
----------
  O X X   
X X X X X 
X X X X X 
O O O O O 
O O       
----------

Game end.
The winner is X
ta time: 125.02
student time: 40.88
White(You) lose.
=====Round 4=====
Black:You White:TA
Thu Oct 29 03:54:08 PDT 2020
Clean up...
Start Playing...
Black 2,2
----------
          
          
    X     
          
          
----------

White 2,3
----------
          
          
    X O   
          
          
----------

Black 1,2
----------
          
    X     
    X O   
          
          
----------

White 3,3
----------
          
    X     
    X O   
      O   
          
----------

Black 1,1
----------
          
  X X     
    X O   
      O   
          
----------

White 3,2
----------
          
  X X     
    X O   
    O O   
          
----------

Black 1,3
----------
          
  X X X   
    X O   
    O O   
          
----------

White 3,1
----------
          
  X X X   
    X O   
  O O O   
          
----------

Black 1,0
----------
          
X X X X   
    X O   
  O O O   
          
----------

White 1,4
----------
          
X X X X O 
    X O   
  O O O   
          
----------

Black 0,3
----------
      X   
X X X X O 
    X O   
  O O O   
          
----------

White 2,1
----------
      X   
X X X X O 
  O X O   
  O O O   
          
----------

Black 0,4
----------
      X X 
X X X X O 
  O X O   
  O O O   
          
----------

White 2,4
----------
      X X 
X X X X O 
  O X O O 
  O O O   
          
----------

Black 2,0
----------
      X X 
X X X X O 
X O X O O 
  O O O   
          
----------

White 3,0
----------
      X X 
X X X X O 
X O X O O 
O O O O   
          
----------

Black 0,0
----------
X     X X 
X X X X O 
X O X O O 
O O O O   
          
----------

White 4,3
----------
X     X X 
X X X X O 
X O X O O 
O O O O   
      O   
----------

Black 4,1
----------
X     X X 
X X X X O 
X O X O O 
O O O O   
  X   O   
----------

White 0,2
----------
X   O X X 
X X X X O 
X O X O O 
O O O O   
  X   O   
----------

Black 0,1
----------
X X   X X 
X X X X O 
X O X O O 
O O O O   
  X   O   
----------

White 4,2
----------
X X   X X 
X X X X O 
X O X O O 
O O O O   
  X O O   
----------

Black PASS
----------
X X   X X 
X X X X O 
X O X O O 
O O O O   
  X O O   
----------

White 0,2
----------
    O     
        O 
  O   O O 
O O O O   
  X O O   
----------

Game end.
The winner is O
ta time: 156.42
student time: 43.92
Black(You) lose.
=====Round 5=====
Black:TA White:You
Thu Oct 29 03:54:35 PDT 2020
Clean up...
Start Playing...
Black 2,2
----------
          
          
    X     
          
          
----------

White 1,3
----------
          
      O   
    X     
          
          
----------

Black 2,3
----------
          
      O   
    X X   
          
          
----------

White 0,0
----------
O         
      O   
    X X   
          
          
----------

Black 1,2
----------
O         
    X O   
    X X   
          
          
----------

White 3,1
----------
O         
    X O   
    X X   
  O       
          
----------

Black 2,1
----------
O         
    X O   
  X X X   
  O       
          
----------

White 3,4
----------
O         
    X O   
  X X X   
  O     O 
          
----------

Black 2,4
----------
O         
    X O   
  X X X X 
  O     O 
          
----------

White 0,1
----------
O O       
    X O   
  X X X X 
  O     O 
          
----------

Black 2,0
----------
O O       
    X O   
X X X X X 
  O     O 
          
----------

White 4,1
----------
O O       
    X O   
X X X X X 
  O     O 
  O       
----------

Black 0,3
----------
O O   X   
    X O   
X X X X X 
  O     O 
  O       
----------

White 0,2
----------
O O O X   
    X O   
X X X X X 
  O     O 
  O       
----------

Black 1,4
----------
O O O X   
    X   X 
X X X X X 
  O     O 
  O       
----------

White 3,3
----------
O O O X   
    X   X 
X X X X X 
  O   O O 
  O       
----------

Black 1,3
----------
O O O X   
    X X X 
X X X X X 
  O   O O 
  O       
----------

White 3,2
----------
O O O X   
    X X X 
X X X X X 
  O O O O 
  O       
----------

Black 1,1
----------
O O O X   
  X X X X 
X X X X X 
  O O O O 
  O       
----------

White 3,0
----------
O O O X   
  X X X X 
X X X X X 
O O O O O 
  O       
----------

Black 1,0
----------
      X   
X X X X X 
X X X X X 
O O O O O 
  O       
----------

White 0,1
----------
  O   X   
X X X X X 
X X X X X 
O O O O O 
  O       
----------

Black 0,2
----------
  O X X   
X X X X X 
X X X X X 
O O O O O 
  O       
----------

White 4,0
----------
  O X X   
X X X X X 
X X X X X 
O O O O O 
O O       
----------

Game end.
The winner is X
ta time: 183.25
student time: 47.08
White(You) lose.
=====Round 6=====
Black:You White:TA
Thu Oct 29 03:55:00 PDT 2020
Clean up...
Start Playing...
Black 2,2
----------
          
          
    X     
          
          
----------

White 3,2
----------
          
          
    X     
    O     
          
----------

Black 1,2
----------
          
    X     
    X     
    O     
          
----------

White 3,1
----------
          
    X     
    X     
  O O     
          
----------

Black 1,1
----------
          
  X X     
    X     
  O O     
          
----------

White 3,3
----------
          
  X X     
    X     
  O O O   
          
----------

Black 1,3
----------
          
  X X X   
    X     
  O O O   
          
----------

White 2,4
----------
          
  X X X   
    X   O 
  O O O   
          
----------

Black 1,0
----------
          
X X X X   
    X   O 
  O O O   
          
----------

White 2,3
----------
          
X X X X   
    X O O 
  O O O   
          
----------

Black 0,3
----------
      X   
X X X X   
    X O O 
  O O O   
          
----------

White 1,4
----------
      X   
X X X X O 
    X O O 
  O O O   
          
----------

Black 2,0
----------
      X   
X X X X O 
X   X O O 
  O O O   
          
----------

White 3,0
----------
      X   
X X X X O 
X   X O O 
O O O O   
          
----------

Black 2,1
----------
      X   
X X X X O 
X X X O O 
O O O O   
          
----------

White 0,1
----------
  O   X   
X X X X O 
X X X O O 
O O O O   
          
----------

Black 0,0
----------
X O   X   
X X X X O 
X X X O O 
O O O O   
          
----------

White 4,3
----------
X O   X   
X X X X O 
X X X O O 
O O O O   
      O   
----------

Black 0,4
----------
X O   X X 
X X X X O 
X X X O O 
O O O O   
      O   
----------

White 0,2
----------
  O O     
        O 
      O O 
O O O O   
      O   
----------

Black 1,1
----------
  O O     
  X     O 
      O O 
O O O O   
      O   
----------

White 1,2
----------
  O O     
  X O   O 
      O O 
O O O O   
      O   
----------

Black 2,1
----------
  O O     
  X O   O 
  X   O O 
O O O O   
      O   
----------

White 1,0
----------
  O O     
O X O   O 
  X   O O 
O O O O   
      O   
----------

Game end.
The winner is O
ta time: 221.88
student time: 50.1
Black(You) lose.
=====Round 7=====
Black:TA White:You
Thu Oct 29 03:55:31 PDT 2020
Clean up...
Start Playing...
Black 2,2
----------
          
          
    X     
          
          
----------

White 1,3
----------
          
      O   
    X     
          
          
----------

Black 1,2
----------
          
    X O   
    X     
          
          
----------

White 0,0
----------
O         
    X O   
    X     
          
          
----------

Black 2,3
----------
O         
    X O   
    X X   
          
          
----------

White 3,1
----------
O         
    X O   
    X X   
  O       
          
----------

Black 2,1
----------
O         
    X O   
  X X X   
  O       
          
----------

White 3,4
----------
O         
    X O   
  X X X   
  O     O 
          
----------

Black 2,4
----------
O         
    X O   
  X X X X 
  O     O 
          
----------

White 0,1
----------
O O       
    X O   
  X X X X 
  O     O 
          
----------

Black 2,0
----------
O O       
    X O   
X X X X X 
  O     O 
          
----------

White 4,1
----------
O O       
    X O   
X X X X X 
  O     O 
  O       
----------

Black 0,3
----------
O O   X   
    X O   
X X X X X 
  O     O 
  O       
----------

White 0,2
----------
O O O X   
    X O   
X X X X X 
  O     O 
  O       
----------

Black 1,4
----------
O O O X   
    X   X 
X X X X X 
  O     O 
  O       
----------

White 3,3
----------
O O O X   
    X   X 
X X X X X 
  O   O O 
  O       
----------

Black 1,3
----------
O O O X   
    X X X 
X X X X X 
  O   O O 
  O       
----------

White 3,2
----------
O O O X   
    X X X 
X X X X X 
  O O O O 
  O       
----------

Black 1,0
----------
O O O X   
X   X X X 
X X X X X 
  O O O O 
  O       
----------

White 3,0
----------
O O O X   
X   X X X 
X X X X X 
O O O O O 
  O       
----------

Black 1,1
----------
      X   
X X X X X 
X X X X X 
O O O O O 
  O       
----------

White 0,1
----------
  O   X   
X X X X X 
X X X X X 
O O O O O 
  O       
----------

Black 0,2
----------
  O X X   
X X X X X 
X X X X X 
O O O O O 
  O       
----------

White 4,0
----------
  O X X   
X X X X X 
X X X X X 
O O O O O 
O O       
----------

Game end.
The winner is X
ta time: 248.31
student time: 53.61
White(You) lose.
=====Round 8=====
Black:You White:TA
Thu Oct 29 03:55:57 PDT 2020
Clean up...
Start Playing...
Black 2,2
----------
          
          
    X     
          
          
----------

White 1,2
----------
          
    O     
    X     
          
          
----------

Black 2,1
----------
          
    O     
  X X     
          
          
----------

White 1,3
----------
          
    O O   
  X X     
          
          
----------

Black 1,1
----------
          
  X O O   
  X X     
          
          
----------

White 2,3
----------
          
  X O O   
  X X O   
          
          
----------

Black 3,1
----------
          
  X O O   
  X X O   
  X       
          
----------

White 3,3
----------
          
  X O O   
  X X O   
  X   O   
          
----------

Black 0,1
----------
  X       
  X O O   
  X X O   
  X   O   
          
----------

White 0,2
----------
  X O     
  X O O   
  X X O   
  X   O   
          
----------

Black 3,2
----------
  X O     
  X O O   
  X X O   
  X X O   
          
----------

White 4,3
----------
  X O     
  X O O   
  X X O   
  X X O   
      O   
----------

Black 3,0
----------
  X O     
  X O O   
  X X O   
X X X O   
      O   
----------

White 1,4
----------
  X O     
  X O O O 
  X X O   
X X X O   
      O   
----------

Black 0,0
----------
X X O     
  X O O O 
  X X O   
X X X O   
      O   
----------

White 3,4
----------
X X O     
  X O O O 
  X X O   
X X X O O 
      O   
----------

Black 1,0
----------
X X O     
X X O O O 
  X X O   
X X X O O 
      O   
----------

White 0,4
----------
X X O   O 
X X O O O 
  X X O   
X X X O O 
      O   
----------

Black 2,0
----------
X X O   O 
X X O O O 
X X X O   
X X X O O 
      O   
----------

White 4,1
----------
X X O   O 
X X O O O 
X X X O   
X X X O O 
  O   O   
----------

Black 4,2
----------
X X O   O 
X X O O O 
X X X O   
X X X O O 
  O X O   
----------

White 4,0
----------
    O   O 
    O O O 
      O   
      O O 
O O   O   
----------

Black 2,1
----------
    O   O 
    O O O 
  X   O   
      O O 
O O   O   
----------

White 3,0
----------
    O   O 
    O O O 
  X   O   
O     O O 
O O   O   
----------

Game end.
The winner is O
ta time: 285.92
student time: 56.57
Black(You) lose.
=====Round 9=====
Black:TA White:You
Thu Oct 29 03:56:26 PDT 2020
Clean up...
Start Playing...
Black 2,2
----------
          
          
    X     
          
          
----------

White 1,3
----------
          
      O   
    X     
          
          
----------

Black 2,3
----------
          
      O   
    X X   
          
          
----------

White 0,0
----------
O         
      O   
    X X   
          
          
----------

Black 1,2
----------
O         
    X O   
    X X   
          
          
----------

White 3,1
----------
O         
    X O   
    X X   
  O       
          
----------

Black 2,1
----------
O         
    X O   
  X X X   
  O       
          
----------

White 3,4
----------
O         
    X O   
  X X X   
  O     O 
          
----------

Black 2,4
----------
O         
    X O   
  X X X X 
  O     O 
          
----------

White 0,1
----------
O O       
    X O   
  X X X X 
  O     O 
          
----------

Black 2,0
----------
O O       
    X O   
X X X X X 
  O     O 
          
----------

White 4,1
----------
O O       
    X O   
X X X X X 
  O     O 
  O       
----------

Black 0,3
----------
O O   X   
    X O   
X X X X X 
  O     O 
  O       
----------

White 0,2
----------
O O O X   
    X O   
X X X X X 
  O     O 
  O       
----------

Black 1,4
----------
O O O X   
    X   X 
X X X X X 
  O     O 
  O       
----------

White 3,3
----------
O O O X   
    X   X 
X X X X X 
  O   O O 
  O       
----------

Black 1,3
----------
O O O X   
    X X X 
X X X X X 
  O   O O 
  O       
----------

White 3,2
----------
O O O X   
    X X X 
X X X X X 
  O O O O 
  O       
----------

Black 1,0
----------
O O O X   
X   X X X 
X X X X X 
  O O O O 
  O       
----------

White 3,0
----------
O O O X   
X   X X X 
X X X X X 
O O O O O 
  O       
----------

Black 1,1
----------
      X   
X X X X X 
X X X X X 
O O O O O 
  O       
----------

White 0,1
----------
  O   X   
X X X X X 
X X X X X 
O O O O O 
  O       
----------

Black 4,3
----------
  O   X   
X X X X X 
X X X X X 
O O O O O 
  O   X   
----------

White 4,2
----------
  O   X   
X X X X X 
X X X X X 
O O O O O 
  O O X   
----------

Game end.
The winner is X
ta time: 313.75
student time: 60.08
White(You) lose.
=====Round 10=====
Black:You White:TA
Thu Oct 29 03:56:51 PDT 2020
Clean up...
Start Playing...
Black 2,2
----------
          
          
    X     
          
          
----------

White 2,1
----------
          
          
  O X     
          
          
----------

Black 1,2
----------
          
    X     
  O X     
          
          
----------

White 3,1
----------
          
    X     
  O X     
  O       
          
----------

Black 0,0
----------
X         
    X     
  O X     
  O       
          
----------

White 3,2
----------
X         
    X     
  O X     
  O O     
          
----------

Black 1,3
----------
X         
    X X   
  O X     
  O O     
          
----------

White 3,3
----------
X         
    X X   
  O X     
  O O O   
          
----------

Black 1,4
----------
X         
    X X X 
  O X     
  O O O   
          
----------

White 1,1
----------
X         
  O X X X 
  O X     
  O O O   
          
----------

Black 1,0
----------
X         
X O X X X 
  O X     
  O O O   
          
----------

White 0,1
----------
X O       
X O X X X 
  O X     
  O O O   
          
----------

Black 0,2
----------
X O X     
X O X X X 
  O X     
  O O O   
          
----------

White 2,0
----------
  O X     
  O X X X 
O O X     
  O O O   
          
----------

Black PASS
----------
  O X     
  O X X X 
O O X     
  O O O   
          
----------

White 0,0
----------
O O X     
  O X X X 
O O X     
  O O O   
          
----------

Black PASS
----------
O O X     
  O X X X 
O O X     
  O O O   
          
----------

White 4,0
----------
O O X     
  O X X X 
O O X     
  O O O   
O         
----------

Black PASS
----------
O O X     
  O X X X 
O O X     
  O O O   
O         
----------

White 4,3
----------
O O X     
  O X X X 
O O X     
  O O O   
O     O   
----------

Black PASS
----------
O O X     
  O X X X 
O O X     
  O O O   
O     O   
----------

White 4,2
----------
O O X     
  O X X X 
O O X     
  O O O   
O   O O   
----------

Black PASS
----------
O O X     
  O X X X 
O O X     
  O O O   
O   O O   
----------

White 2,4
----------
O O X     
  O X X X 
O O X   O 
  O O O   
O   O O   
----------

Game end.
The winner is O
ta time: 349.37
student time: 63.48
Black(You) lose.
