Wed Oct 28 21:03:08 PDT 2020

==Playing with qlearning_player==
=====Round 1=====
Black:TA White:You
Wed Oct 28 21:03:08 PDT 2020
Clean up...
Start Playing...
Black 1,2
----------
          
    X     
          
          
          
----------

White 2,1
----------
          
    X     
  O       
          
          
----------

Black 2,2
----------
          
    X     
  O X     
          
          
----------

White 3,1
----------
          
    X     
  O X     
  O       
          
----------

Black 0,0
----------
X         
    X     
  O X     
  O       
          
----------

White 1,1
----------
X         
  O X     
  O X     
  O       
          
----------

Black 0,1
----------
X X       
  O X     
  O X     
  O       
          
----------

White 3,2
----------
X X       
  O X     
  O X     
  O O     
          
----------

Black 2,3
----------
X X       
  O X     
  O X X   
  O O     
          
----------

White 3,3
----------
X X       
  O X     
  O X X   
  O O O   
          
----------

Black 1,3
----------
X X       
  O X X   
  O X X   
  O O O   
          
----------

White 3,4
----------
X X       
  O X X   
  O X X   
  O O O O 
          
----------

Black 0,2
----------
X X X     
  O X X   
  O X X   
  O O O O 
          
----------

White 2,4
----------
X X X     
  O X X   
  O X X O 
  O O O O 
          
----------

Black 2,0
----------
X X X     
  O X X   
X O X X O 
  O O O O 
          
----------

White 1,4
----------
X X X     
  O X X O 
X O X X O 
  O O O O 
          
----------

Black 4,2
----------
X X X     
  O X X O 
X O X X O 
  O O O O 
    X     
----------

White 0,4
----------
X X X   O 
  O X X O 
X O X X O 
  O O O O 
    X     
----------

Black 1,0
----------
X X X   O 
X O X X O 
X O X X O 
  O O O O 
    X     
----------

White 3,0
----------
X X X   O 
X O X X O 
X O X X O 
O O O O O 
    X     
----------

Black 4,1
----------
X X X   O 
X O X X O 
X O X X O 
O O O O O 
  X X     
----------

White 0,3
----------
      O O 
  O     O 
  O     O 
O O O O O 
  X X     
----------

Black 2,2
----------
      O O 
  O     O 
  O X   O 
O O O O O 
  X X     
----------

White 0,1
----------
  O   O O 
  O     O 
  O X   O 
O O O O O 
  X X     
----------

Game end.
The winner is O
ta time: 3.57
student time: 0.66
White(You) win!
=====Round 2=====
Black:You White:TA
Wed Oct 28 21:03:17 PDT 2020
Clean up...
Start Playing...
Black 2,2
----------
          
          
    X     
          
          
----------

White 2,1
----------
          
          
  O X     
          
          
----------

Black 1,2
----------
          
    X     
  O X     
          
          
----------

White 3,2
----------
          
    X     
  O X     
    O     
          
----------

Black 1,1
----------
          
  X X     
  O X     
    O     
          
----------

White 2,3
----------
          
  X X     
  O X O   
    O     
          
----------

Black 1,3
----------
          
  X X X   
  O X O   
    O     
          
----------

White 0,2
----------
    O     
  X X X   
  O X O   
    O     
          
----------

Black 1,0
----------
    O     
X X X X   
  O X O   
    O     
          
----------

White 2,0
----------
    O     
X X X X   
O O X O   
    O     
          
----------

Black 1,4
----------
    O     
X X X X X 
O O X O   
    O     
          
----------

White 4,2
----------
    O     
X X X X X 
O O X O   
    O     
    O     
----------

Black 2,4
----------
    O     
X X X X X 
O O X O X 
    O     
    O     
----------

White 3,1
----------
    O     
X X X X X 
O O X O X 
  O O     
    O     
----------

Black 3,3
----------
    O     
X X X X X 
O O X   X 
  O O X   
    O     
----------

White 3,4
----------
    O     
X X X X X 
O O X   X 
  O O X O 
    O     
----------

Black 2,3
----------
    O     
X X X X X 
O O X X X 
  O O X O 
    O     
----------

White 0,1
----------
  O O     
X X X X X 
O O X X X 
  O O X O 
    O     
----------

Black 4,3
----------
  O O     
X X X X X 
O O X X X 
  O O X O 
    O X   
----------

White 4,1
----------
  O O     
X X X X X 
O O X X X 
  O O X O 
  O O X   
----------

Black 4,4
----------
  O O     
X X X X X 
O O X X X 
  O O X   
  O O X X 
----------

White 3,0
----------
  O O     
X X X X X 
O O X X X 
O O O X   
  O O X X 
----------

Black 4,0
----------
  O O     
X X X X X 
    X X X 
      X   
X     X X 
----------

White 2,1
----------
  O O     
X X X X X 
  O X X X 
      X   
X     X X 
----------

Game end.
The winner is X
ta time: 6.76
student time: 1.2
Black(You) win!
=====Round 3=====
Black:TA White:You
Wed Oct 28 21:03:25 PDT 2020
Clean up...
Start Playing...
Black 1,2
----------
          
    X     
          
          
          
----------

White 2,1
----------
          
    X     
  O       
          
          
----------

Black 2,2
----------
          
    X     
  O X     
          
          
----------

White 3,1
----------
          
    X     
  O X     
  O       
          
----------

Black 0,0
----------
X         
    X     
  O X     
  O       
          
----------

White 1,1
----------
X         
  O X     
  O X     
  O       
          
----------

Black 0,1
----------
X X       
  O X     
  O X     
  O       
          
----------

White 3,2
----------
X X       
  O X     
  O X     
  O O     
          
----------

Black 2,3
----------
X X       
  O X     
  O X X   
  O O     
          
----------

White 3,3
----------
X X       
  O X     
  O X X   
  O O O   
          
----------

Black 4,2
----------
X X       
  O X     
  O X X   
  O O O   
    X     
----------

White 3,4
----------
X X       
  O X     
  O X X   
  O O O O 
    X     
----------

Black 0,2
----------
X X X     
  O X     
  O X X   
  O O O O 
    X     
----------

White 2,4
----------
X X X     
  O X     
  O X X O 
  O O O O 
    X     
----------

Black 1,3
----------
X X X     
  O X X   
  O X X O 
  O O O O 
    X     
----------

White 1,4
----------
X X X     
  O X X O 
  O X X O 
  O O O O 
    X     
----------

Black 2,0
----------
X X X     
  O X X O 
X O X X O 
  O O O O 
    X     
----------

White 0,4
----------
X X X   O 
  O X X O 
X O X X O 
  O O O O 
    X     
----------

Black 4,1
----------
X X X   O 
  O X X O 
X O X X O 
  O O O O 
  X X     
----------

White 3,0
----------
X X X   O 
  O X X O 
X O X X O 
O O O O O 
  X X     
----------

Black 4,3
----------
X X X   O 
  O X X O 
X O X X O 
O O O O O 
  X X X   
----------

White 1,0
----------
X X X   O 
O O X X O 
  O X X O 
O O O O O 
  X X X   
----------

Black 4,4
----------
X X X   O 
O O X X O 
  O X X O 
O O O O O 
  X X X X 
----------

White 0,3
----------
      O O 
O O     O 
  O     O 
O O O O O 
  X X X X 
----------

Game end.
The winner is O
ta time: 10.48
student time: 1.6
White(You) win!
=====Round 4=====
Black:You White:TA
Wed Oct 28 21:03:33 PDT 2020
Clean up...
Start Playing...
Black 2,2
----------
          
          
    X     
          
          
----------

White 2,1
----------
          
          
  O X     
          
          
----------

Black 1,2
----------
          
    X     
  O X     
          
          
----------

White 3,2
----------
          
    X     
  O X     
    O     
          
----------

Black 1,1
----------
          
  X X     
  O X     
    O     
          
----------

White 2,3
----------
          
  X X     
  O X O   
    O     
          
----------

Black 1,3
----------
          
  X X X   
  O X O   
    O     
          
----------

White 0,2
----------
    O     
  X X X   
  O X O   
    O     
          
----------

Black 1,0
----------
    O     
X X X X   
  O X O   
    O     
          
----------

White 2,4
----------
    O     
X X X X   
  O X O O 
    O     
          
----------

Black 0,3
----------
    O X   
X X X X   
  O X O O 
    O     
          
----------

White 2,0
----------
    O X   
X X X X   
O O X O O 
    O     
          
----------

Black 0,1
----------
  X   X   
X X X X   
O O X O O 
    O     
          
----------

White 3,1
----------
  X   X   
X X X X   
O O X O O 
  O O     
          
----------

Black 0,0
----------
X X   X   
X X X X   
O O X O O 
  O O     
          
----------

White 4,2
----------
X X   X   
X X X X   
O O X O O 
  O O     
    O     
----------

Black 0,2
----------
X X X X   
X X X X   
O O X O O 
  O O     
    O     
----------

White 3,3
----------
X X X X   
X X X X   
O O X O O 
  O O O   
    O     
----------

Black 4,0
----------
X X X X   
X X X X   
O O X O O 
  O O O   
X   O     
----------

White 1,4
----------
X X X X   
X X X X O 
O O X O O 
  O O O   
X   O     
----------

Black 4,4
----------
X X X X   
X X X X O 
O O X O O 
  O O O   
X   O   X 
----------

White 0,4
----------
        O 
        O 
O O   O O 
  O O O   
X   O   X 
----------

Black 1,2
----------
        O 
    X   O 
O O   O O 
  O O O   
X   O   X 
----------

White 2,2
----------
        O 
    X   O 
O O O O O 
  O O O   
X   O   X 
----------

Game end.
The winner is O
ta time: 13.84
student time: 2.05
Black(You) lose.
=====Round 5=====
Black:TA White:You
Wed Oct 28 21:03:41 PDT 2020
Clean up...
Start Playing...
Black 1,2
----------
          
    X     
          
          
          
----------

White 2,1
----------
          
    X     
  O       
          
          
----------

Black 2,2
----------
          
    X     
  O X     
          
          
----------

White 3,1
----------
          
    X     
  O X     
  O       
          
----------

Black 0,0
----------
X         
    X     
  O X     
  O       
          
----------

White 1,1
----------
X         
  O X     
  O X     
  O       
          
----------

Black 0,1
----------
X X       
  O X     
  O X     
  O       
          
----------

White 3,2
----------
X X       
  O X     
  O X     
  O O     
          
----------

Black 2,3
----------
X X       
  O X     
  O X X   
  O O     
          
----------

White 3,3
----------
X X       
  O X     
  O X X   
  O O O   
          
----------

Black 1,3
----------
X X       
  O X X   
  O X X   
  O O O   
          
----------

White 3,4
----------
X X       
  O X X   
  O X X   
  O O O O 
          
----------

Black 4,2
----------
X X       
  O X X   
  O X X   
  O O O O 
    X     
----------

White 2,4
----------
X X       
  O X X   
  O X X O 
  O O O O 
    X     
----------

Black 0,2
----------
X X X     
  O X X   
  O X X O 
  O O O O 
    X     
----------

White 1,4
----------
X X X     
  O X X O 
  O X X O 
  O O O O 
    X     
----------

Black 2,0
----------
X X X     
  O X X O 
X O X X O 
  O O O O 
    X     
----------

White 0,4
----------
X X X   O 
  O X X O 
X O X X O 
  O O O O 
    X     
----------

Black 3,0
----------
X X X   O 
  O X X O 
X O X X O 
X O O O O 
    X     
----------

White 4,1
----------
X X X   O 
  O X X O 
X O X X O 
X O O O O 
  O X     
----------

Black 4,3
----------
X X X   O 
  O X X O 
X O X X O 
X O O O O 
  O X X   
----------

White 4,4
----------
X X X   O 
  O X X O 
X O X X O 
X O O O O 
  O     O 
----------

Black 4,2
----------
X X X   O 
  O X X O 
X O X X O 
X O O O O 
  O X   O 
----------

White 4,3
----------
X X X   O 
  O X X O 
X O X X O 
X O O O O 
  O   O O 
----------

Game end.
The winner is O
ta time: 17.61
student time: 2.37
White(You) win!
=====Round 6=====
Black:You White:TA
Wed Oct 28 21:03:50 PDT 2020
Clean up...
Start Playing...
Black 2,2
----------
          
          
    X     
          
          
----------

White 2,1
----------
          
          
  O X     
          
          
----------

Black 1,2
----------
          
    X     
  O X     
          
          
----------

White 3,2
----------
          
    X     
  O X     
    O     
          
----------

Black 1,1
----------
          
  X X     
  O X     
    O     
          
----------

White 2,3
----------
          
  X X     
  O X O   
    O     
          
----------

Black 1,3
----------
          
  X X X   
  O X O   
    O     
          
----------

White 4,2
----------
          
  X X X   
  O X O   
    O     
    O     
----------

Black 1,0
----------
          
X X X X   
  O X O   
    O     
    O     
----------

White 3,1
----------
          
X X X X   
  O X O   
  O O     
    O     
----------

Black 1,4
----------
          
X X X X X 
  O X O   
  O O     
    O     
----------

White 0,2
----------
    O     
X X X X X 
  O X O   
  O O     
    O     
----------

Black 2,0
----------
    O     
X X X X X 
X O X O   
  O O     
    O     
----------

White 3,3
----------
    O     
X X X X X 
X O X O   
  O O O   
    O     
----------

Black 2,4
----------
    O     
X X X X X 
X O X O X 
  O O O   
    O     
----------

White 4,3
----------
    O     
X X X X X 
X O X O X 
  O O O   
    O O   
----------

Black 3,0
----------
    O     
X X X X X 
X O X O X 
X O O O   
    O O   
----------

White 4,1
----------
    O     
X X X X X 
X O X O X 
X O O O   
  O O O   
----------

Black 3,4
----------
    O     
X X X X X 
X O X O X 
X O O O X 
  O O O   
----------

White 0,3
----------
    O O   
X X X X X 
X O X O X 
X O O O X 
  O O O   
----------

Black 0,0
----------
X   O O   
X X X X X 
X O X O X 
X O O O X 
  O O O   
----------

White 0,1
----------
X O O O   
X X X X X 
X O X O X 
X O O O X 
  O O O   
----------

Black 0,4
----------
X       X 
X X X X X 
X O X O X 
X O O O X 
  O O O   
----------

White 0,2
----------
X   O   X 
X X X X X 
X O X O X 
X O O O X 
  O O O   
----------

Game end.
The winner is X
ta time: 21.08
student time: 2.83
Black(You) win!
=====Round 7=====
Black:TA White:You
Wed Oct 28 21:03:58 PDT 2020
Clean up...
Start Playing...
Black 1,2
----------
          
    X     
          
          
          
----------

White 2,1
----------
          
    X     
  O       
          
          
----------

Black 2,2
----------
          
    X     
  O X     
          
          
----------

White 3,1
----------
          
    X     
  O X     
  O       
          
----------

Black 0,0
----------
X         
    X     
  O X     
  O       
          
----------

White 1,1
----------
X         
  O X     
  O X     
  O       
          
----------

Black 0,1
----------
X X       
  O X     
  O X     
  O       
          
----------

White 3,2
----------
X X       
  O X     
  O X     
  O O     
          
----------

Black 2,3
----------
X X       
  O X     
  O X X   
  O O     
          
----------

White 3,3
----------
X X       
  O X     
  O X X   
  O O O   
          
----------

Black 2,0
----------
X X       
  O X     
X O X X   
  O O O   
          
----------

White 3,4
----------
X X       
  O X     
X O X X   
  O O O O 
          
----------

Black 0,2
----------
X X X     
  O X     
X O X X   
  O O O O 
          
----------

White 2,4
----------
X X X     
  O X     
X O X X O 
  O O O O 
          
----------

Black 4,2
----------
X X X     
  O X     
X O X X O 
  O O O O 
    X     
----------

White 1,4
----------
X X X     
  O X   O 
X O X X O 
  O O O O 
    X     
----------

Black 1,3
----------
X X X     
  O X X O 
X O X X O 
  O O O O 
    X     
----------

White 0,4
----------
X X X   O 
  O X X O 
X O X X O 
  O O O O 
    X     
----------

Black 4,1
----------
X X X   O 
  O X X O 
X O X X O 
  O O O O 
  X X     
----------

White 3,0
----------
X X X   O 
  O X X O 
X O X X O 
O O O O O 
  X X     
----------

Black 4,3
----------
X X X   O 
  O X X O 
X O X X O 
O O O O O 
  X X X   
----------

White 1,0
----------
X X X   O 
O O X X O 
  O X X O 
O O O O O 
  X X X   
----------

Black 4,0
----------
X X X   O 
O O X X O 
  O X X O 
O O O O O 
X X X X   
----------

White 0,3
----------
      O O 
O O     O 
  O     O 
O O O O O 
X X X X   
----------

Game end.
The winner is O
ta time: 24.72
student time: 3.19
White(You) win!
=====Round 8=====
Black:You White:TA
Wed Oct 28 21:04:06 PDT 2020
Clean up...
Start Playing...
Black 2,2
----------
          
          
    X     
          
          
----------

White 2,1
----------
          
          
  O X     
          
          
----------

Black 1,2
----------
          
    X     
  O X     
          
          
----------

White 3,2
----------
          
    X     
  O X     
    O     
          
----------

Black 1,1
----------
          
  X X     
  O X     
    O     
          
----------

White 2,3
----------
          
  X X     
  O X O   
    O     
          
----------

Black 1,3
----------
          
  X X X   
  O X O   
    O     
          
----------

White 3,1
----------
          
  X X X   
  O X O   
  O O     
          
----------

Black 1,0
----------
          
X X X X   
  O X O   
  O O     
          
----------

White 2,4
----------
          
X X X X   
  O X O O 
  O O     
          
----------

Black 0,3
----------
      X   
X X X X   
  O X O O 
  O O     
          
----------

White 2,0
----------
      X   
X X X X   
O O X O O 
  O O     
          
----------

Black 0,0
----------
X     X   
X X X X   
O O X O O 
  O O     
          
----------

White 3,3
----------
X     X   
X X X X   
O O X O O 
  O O O   
          
----------

Black 0,1
----------
X X   X   
X X X X   
O O X O O 
  O O O   
          
----------

White 4,2
----------
X X   X   
X X X X   
O O X O O 
  O O O   
    O     
----------

Black 0,2
----------
X X X X   
X X X X   
O O X O O 
  O O O   
    O     
----------

White 3,0
----------
X X X X   
X X X X   
O O X O O 
O O O O   
    O     
----------

Black 4,4
----------
X X X X   
X X X X   
O O X O O 
O O O O   
    O   X 
----------

White 1,4
----------
X X X X   
X X X X O 
O O X O O 
O O O O   
    O   X 
----------

Black 3,4
----------
X X X X   
X X X X O 
O O X O O 
O O O O X 
    O   X 
----------

White 0,4
----------
        O 
        O 
O O   O O 
O O O O X 
    O   X 
----------

Black 1,2
----------
        O 
    X   O 
O O   O O 
O O O O X 
    O   X 
----------

White 4,3
----------
        O 
    X   O 
O O   O O 
O O O O   
    O O   
----------

Game end.
The winner is O
ta time: 28.03
student time: 3.68
Black(You) lose.
=====Round 9=====
Black:TA White:You
Wed Oct 28 21:04:14 PDT 2020
Clean up...
Start Playing...
Black 1,2
----------
          
    X     
          
          
          
----------

White 2,1
----------
          
    X     
  O       
          
          
----------

Black 2,2
----------
          
    X     
  O X     
          
          
----------

White 3,1
----------
          
    X     
  O X     
  O       
          
----------

Black 0,0
----------
X         
    X     
  O X     
  O       
          
----------

White 1,1
----------
X         
  O X     
  O X     
  O       
          
----------

Black 0,1
----------
X X       
  O X     
  O X     
  O       
          
----------

White 3,2
----------
X X       
  O X     
  O X     
  O O     
          
----------

Black 2,3
----------
X X       
  O X     
  O X X   
  O O     
          
----------

White 3,3
----------
X X       
  O X     
  O X X   
  O O O   
          
----------

Black 0,2
----------
X X X     
  O X     
  O X X   
  O O O   
          
----------

White 3,4
----------
X X X     
  O X     
  O X X   
  O O O O 
          
----------

Black 1,3
----------
X X X     
  O X X   
  O X X   
  O O O O 
          
----------

White 2,4
----------
X X X     
  O X X   
  O X X O 
  O O O O 
          
----------

Black 4,2
----------
X X X     
  O X X   
  O X X O 
  O O O O 
    X     
----------

White 1,4
----------
X X X     
  O X X O 
  O X X O 
  O O O O 
    X     
----------

Black 2,0
----------
X X X     
  O X X O 
X O X X O 
  O O O O 
    X     
----------

White 0,4
----------
X X X   O 
  O X X O 
X O X X O 
  O O O O 
    X     
----------

Black 4,3
----------
X X X   O 
  O X X O 
X O X X O 
  O O O O 
    X X   
----------

White 3,0
----------
X X X   O 
  O X X O 
X O X X O 
O O O O O 
    X X   
----------

Black 4,1
----------
X X X   O 
  O X X O 
X O X X O 
O O O O O 
  X X X   
----------

White 1,0
----------
X X X   O 
O O X X O 
  O X X O 
O O O O O 
  X X X   
----------

Black 4,0
----------
X X X   O 
O O X X O 
  O X X O 
O O O O O 
X X X X   
----------

White 0,3
----------
      O O 
O O     O 
  O     O 
O O O O O 
X X X X   
----------

Game end.
The winner is O
ta time: 31.59
student time: 4.03
White(You) win!
=====Round 10=====
Black:You White:TA
Wed Oct 28 21:04:22 PDT 2020
Clean up...
Start Playing...
Black 2,2
----------
          
          
    X     
          
          
----------

White 2,1
----------
          
          
  O X     
          
          
----------

Black 1,2
----------
          
    X     
  O X     
          
          
----------

White 3,2
----------
          
    X     
  O X     
    O     
          
----------

Black 1,1
----------
          
  X X     
  O X     
    O     
          
----------

White 2,3
----------
          
  X X     
  O X O   
    O     
          
----------

Black 1,3
----------
          
  X X X   
  O X O   
    O     
          
----------

White 3,3
----------
          
  X X X   
  O X O   
    O O   
          
----------

Black 1,0
----------
          
X X X X   
  O X O   
    O O   
          
----------

White 0,2
----------
    O     
X X X X   
  O X O   
    O O   
          
----------

Black 1,4
----------
    O     
X X X X X 
  O X O   
    O O   
          
----------

White 2,0
----------
    O     
X X X X X 
O O X O   
    O O   
          
----------

Black 2,4
----------
    O     
X X X X X 
O O X O X 
    O O   
          
----------

White 3,1
----------
    O     
X X X X X 
O O X O X 
  O O O   
          
----------

Black 3,4
----------
    O     
X X X X X 
O O X O X 
  O O O X 
          
----------

White 4,2
----------
    O     
X X X X X 
O O X O X 
  O O O X 
    O     
----------

Black 4,4
----------
    O     
X X X X X 
O O X O X 
  O O O X 
    O   X 
----------

White 4,3
----------
    O     
X X X X X 
O O X O X 
  O O O X 
    O O X 
----------

Black 0,0
----------
X   O     
X X X X X 
O O X O X 
  O O O X 
    O O X 
----------

White 0,3
----------
X   O O   
X X X X X 
O O X O X 
  O O O X 
    O O X 
----------

Black 4,0
----------
X   O O   
X X X X X 
O O X O X 
  O O O X 
X   O O X 
----------

White 3,0
----------
X   O O   
X X X X X 
O O X O X 
O O O O X 
X   O O X 
----------

Black 4,1
----------
X   O O   
X X X X X 
    X   X 
        X 
X X     X 
----------

White 2,3
----------
X   O O   
X X X X X 
    X O X 
        X 
X X     X 
----------

Game end.
The winner is X
ta time: 34.91
student time: 4.49
Black(You) win!

==Playing with championship_player==
=====Round 1=====
Black:TA White:You
Wed Oct 28 21:04:29 PDT 2020
Clean up...
Start Playing...
Black 2,2
----------
          
          
    X     
          
          
----------

White 1,1
----------
          
  O       
    X     
          
          
----------

Black 1,2
----------
          
  O X     
    X     
          
          
----------

White 2,1
----------
          
  O X     
  O X     
          
          
----------

Black 3,1
----------
          
  O X     
  O X     
  X       
          
----------

White 0,1
----------
  O       
  O X     
  O X     
  X       
          
----------

Black 3,0
----------
  O       
  O X     
  O X     
X X       
          
----------

White 0,2
----------
  O O     
  O X     
  O X     
X X       
          
----------

Black 1,3
----------
  O O     
  O X X   
  O X     
X X       
          
----------

White 0,3
----------
  O O O   
  O X X   
  O X     
X X       
          
----------

Black 1,4
----------
  O O O   
  O X X X 
  O X     
X X       
          
----------

White 0,0
----------
O O O O   
  O X X X 
  O X     
X X       
          
----------

Black 2,0
----------
O O O O   
  O X X X 
X O X     
X X       
          
----------

White 3,3
----------
O O O O   
  O X X X 
X O X     
X X   O   
          
----------

Black 0,4
----------
O O O O X 
  O X X X 
X O X     
X X   O   
          
----------

White 2,3
----------
O O O O X 
  O X X X 
X O X O   
X X   O   
          
----------

Black 1,0
----------
        X 
X   X X X 
X   X O   
X X   O   
          
----------

White 3,2
----------
        X 
X   X X X 
X   X O   
X X O O   
          
----------

Black 2,1
----------
        X 
X   X X X 
X X X O   
X X O O   
          
----------

White 3,4
----------
        X 
X   X X X 
X X X O   
X X O O O 
          
----------

Black 4,2
----------
        X 
X   X X X 
X X X O   
X X O O O 
    X     
----------

White 2,4
----------
        X 
X   X X X 
X X X O O 
X X O O O 
    X     
----------

Black 4,0
----------
        X 
X   X X X 
X X X O O 
X X O O O 
X   X     
----------

White 0,1
----------
  O     X 
X   X X X 
X X X O O 
X X O O O 
X   X     
----------

Game end.
The winner is X
ta time: 69.23
student time: 5
White(You) lose.
=====Round 2=====
Black:You White:TA
Wed Oct 28 21:04:56 PDT 2020
Clean up...
Start Playing...
Black 2,2
----------
          
          
    X     
          
          
----------

White 2,3
----------
          
          
    X O   
          
          
----------

Black 1,2
----------
          
    X     
    X O   
          
          
----------

White 3,3
----------
          
    X     
    X O   
      O   
          
----------

Black 1,1
----------
          
  X X     
    X O   
      O   
          
----------

White 3,2
----------
          
  X X     
    X O   
    O O   
          
----------

Black 1,3
----------
          
  X X X   
    X O   
    O O   
          
----------

White 3,1
----------
          
  X X X   
    X O   
  O O O   
          
----------

Black 1,0
----------
          
X X X X   
    X O   
  O O O   
          
----------

White 1,4
----------
          
X X X X O 
    X O   
  O O O   
          
----------

Black 0,3
----------
      X   
X X X X O 
    X O   
  O O O   
          
----------

White 2,1
----------
      X   
X X X X O 
  O X O   
  O O O   
          
----------

Black 2,0
----------
      X   
X X X X O 
X O X O   
  O O O   
          
----------

White 3,0
----------
      X   
X X X X O 
X O X O   
O O O O   
          
----------

Black 0,0
----------
X     X   
X X X X O 
X O X O   
O O O O   
          
----------

White 2,4
----------
X     X   
X X X X O 
X O X O O 
O O O O   
          
----------

Black 0,1
----------
X X   X   
X X X X O 
X O X O O 
O O O O   
          
----------

White 4,2
----------
X X   X   
X X X X O 
X O X O O 
O O O O   
    O     
----------

Black 4,4
----------
X X   X   
X X X X O 
X O X O O 
O O O O   
    O   X 
----------

White 3,4
----------
X X   X   
X X X X O 
X O X O O 
O O O O O 
    O   X 
----------

Black 0,2
----------
X X X X   
X X X X O 
X O X O O 
O O O O O 
    O   X 
----------

White 0,4
----------
        O 
        O 
  O   O O 
O O O O O 
    O   X 
----------

Black 1,2
----------
        O 
    X   O 
  O   O O 
O O O O O 
    O   X 
----------

White 4,3
----------
        O 
    X   O 
  O   O O 
O O O O O 
    O O   
----------

Game end.
The winner is O
ta time: 104.44
student time: 5.54
Black(You) lose.
=====Round 3=====
Black:TA White:You
Wed Oct 28 21:05:24 PDT 2020
Clean up...
Start Playing...
Black 2,2
----------
          
          
    X     
          
          
----------

White 1,1
----------
          
  O       
    X     
          
          
----------

Black 2,1
----------
          
  O       
  X X     
          
          
----------

White 1,2
----------
          
  O O     
  X X     
          
          
----------

Black 1,3
----------
          
  O O X   
  X X     
          
          
----------

White 1,0
----------
          
O O O X   
  X X     
          
          
----------

Black 0,3
----------
      X   
O O O X   
  X X     
          
          
----------

White 2,0
----------
      X   
O O O X   
O X X     
          
          
----------

Black 3,1
----------
      X   
O O O X   
O X X     
  X       
          
----------

White 3,0
----------
      X   
O O O X   
O X X     
O X       
          
----------

Black 4,1
----------
      X   
O O O X   
O X X     
O X       
  X       
----------

White 0,0
----------
O     X   
O O O X   
O X X     
O X       
  X       
----------

Black 0,2
----------
O   X X   
O O O X   
O X X     
O X       
  X       
----------

White 3,3
----------
O   X X   
O O O X   
O X X     
O X   O   
  X       
----------

Black 4,0
----------
O   X X   
O O O X   
O X X     
O X   O   
X X       
----------

White 2,3
----------
O   X X   
O O O X   
O X X O   
O X   O   
X X       
----------

Black 0,1
----------
  X X X   
      X   
  X X O   
  X   O   
X X       
----------

White 3,2
----------
  X X X   
      X   
  X X O   
  X O O   
X X       
----------

Black 1,4
----------
  X X X   
      X X 
  X X O   
  X O O   
X X       
----------

White 3,4
----------
  X X X   
      X X 
  X X O   
  X O O O 
X X       
----------

Black 2,4
----------
  X X X   
      X X 
  X X O X 
  X O O O 
X X       
----------

White 4,2
----------
  X X X   
      X X 
  X X O X 
  X O O O 
X X O     
----------

Black 1,2
----------
  X X X   
    X X X 
  X X O X 
  X O O O 
X X O     
----------

White 1,0
----------
  X X X   
O   X X X 
  X X O X 
  X O O O 
X X O     
----------

Game end.
The winner is X
ta time: 142.59
student time: 6
White(You) lose.
=====Round 4=====
Black:You White:TA
Wed Oct 28 21:05:51 PDT 2020
Clean up...
Start Playing...
Black 2,2
----------
          
          
    X     
          
          
----------

White 3,3
----------
          
          
    X     
      O   
          
----------

Black 1,2
----------
          
    X     
    X     
      O   
          
----------

White 2,3
----------
          
    X     
    X O   
      O   
          
----------

Black 1,1
----------
          
  X X     
    X O   
      O   
          
----------

White 3,2
----------
          
  X X     
    X O   
    O O   
          
----------

Black 1,3
----------
          
  X X X   
    X O   
    O O   
          
----------

White 3,1
----------
          
  X X X   
    X O   
  O O O   
          
----------

Black 1,0
----------
          
X X X X   
    X O   
  O O O   
          
----------

White 1,4
----------
          
X X X X O 
    X O   
  O O O   
          
----------

Black 0,3
----------
      X   
X X X X O 
    X O   
  O O O   
          
----------

White 2,1
----------
      X   
X X X X O 
  O X O   
  O O O   
          
----------

Black 2,0
----------
      X   
X X X X O 
X O X O   
  O O O   
          
----------

White 3,0
----------
      X   
X X X X O 
X O X O   
O O O O   
          
----------

Black 0,0
----------
X     X   
X X X X O 
X O X O   
O O O O   
          
----------

White 2,4
----------
X     X   
X X X X O 
X O X O O 
O O O O   
          
----------

Black 0,1
----------
X X   X   
X X X X O 
X O X O O 
O O O O   
          
----------

White 4,3
----------
X X   X   
X X X X O 
X O X O O 
O O O O   
      O   
----------

Black 4,1
----------
X X   X   
X X X X O 
X O X O O 
O O O O   
  X   O   
----------

White 0,4
----------
X X   X O 
X X X X O 
X O X O O 
O O O O   
  X   O   
----------

Black 4,0
----------
X X   X O 
X X X X O 
X O X O O 
O O O O   
X X   O   
----------

White 0,2
----------
    O   O 
        O 
  O   O O 
O O O O   
X X   O   
----------

Black 1,1
----------
    O   O 
  X     O 
  O   O O 
O O O O   
X X   O   
----------

White 4,2
----------
    O   O 
  X     O 
  O   O O 
O O O O   
    O O   
----------

Game end.
The winner is O
ta time: 183.18
student time: 6.32
Black(You) lose.
=====Round 5=====
Black:TA White:You
Wed Oct 28 21:06:18 PDT 2020
Clean up...
Start Playing...
Black 2,2
----------
          
          
    X     
          
          
----------

White 1,1
----------
          
  O       
    X     
          
          
----------

Black 2,1
----------
          
  O       
  X X     
          
          
----------

White 1,2
----------
          
  O O     
  X X     
          
          
----------

Black 1,3
----------
          
  O O X   
  X X     
          
          
----------

White 1,0
----------
          
O O O X   
  X X     
          
          
----------

Black 0,2
----------
    X     
O O O X   
  X X     
          
          
----------

White 2,0
----------
    X     
O O O X   
O X X     
          
          
----------

Black 3,0
----------
    X     
O O O X   
O X X     
X         
          
----------

White 3,3
----------
    X     
O O O X   
O X X     
X     O   
          
----------

Black 3,1
----------
    X     
O O O X   
O X X     
X X   O   
          
----------

White 2,3
----------
    X     
O O O X   
O X X O   
X X   O   
          
----------

Black 0,1
----------
  X X     
O O O X   
O X X O   
X X   O   
          
----------

White 3,2
----------
  X X     
O O O X   
O X X O   
X X O O   
          
----------

Black 0,0
----------
X X X     
      X   
  X X O   
X X O O   
          
----------

White 2,4
----------
X X X     
      X   
  X X O O 
X X O O   
          
----------

Black 1,4
----------
X X X     
      X X 
  X X O O 
X X O O   
          
----------

White 3,4
----------
X X X     
      X X 
  X X O O 
X X O O O 
          
----------

Black 4,2
----------
X X X     
      X X 
  X X O O 
X X O O O 
    X     
----------

White 1,1
----------
X X X     
  O   X X 
  X X O O 
X X O O O 
    X     
----------

Black 2,0
----------
X X X     
  O   X X 
X X X O O 
X X O O O 
    X     
----------

White 1,2
----------
X X X     
  O O X X 
X X X O O 
X X O O O 
    X     
----------

Black 0,3
----------
X X X X   
  O O X X 
X X X O O 
X X O O O 
    X     
----------

White 4,3
----------
X X X X   
  O O X X 
X X X O O 
X X O O O 
    X O   
----------

Game end.
The winner is X
ta time: 212.75
student time: 6.76
White(You) lose.
=====Round 6=====
Black:You White:TA
Wed Oct 28 21:06:41 PDT 2020
Clean up...
Start Playing...
Black 2,2
----------
          
          
    X     
          
          
----------

White 1,2
----------
          
    O     
    X     
          
          
----------

Black 2,1
----------
          
    O     
  X X     
          
          
----------

White 1,3
----------
          
    O O   
  X X     
          
          
----------

Black 1,1
----------
          
  X O O   
  X X     
          
          
----------

White 0,1
----------
  O       
  X O O   
  X X     
          
          
----------

Black 2,3
----------
  O       
  X O O   
  X X X   
          
          
----------

White 1,4
----------
  O       
  X O O O 
  X X X   
          
          
----------

Black 3,1
----------
  O       
  X O O O 
  X X X   
  X       
          
----------

White 2,4
----------
  O       
  X O O O 
  X X X O 
  X       
          
----------

Black 3,3
----------
  O       
  X O O O 
  X X X O 
  X   X   
          
----------

White 3,4
----------
  O       
  X O O O 
  X X X O 
  X   X O 
          
----------

Black 3,2
----------
  O       
  X O O O 
  X X X O 
  X X X O 
          
----------

White 4,3
----------
  O       
  X O O O 
  X X X O 
  X X X O 
      O   
----------

Black 1,0
----------
  O       
X X O O O 
  X X X O 
  X X X O 
      O   
----------

White 4,2
----------
  O       
X X O O O 
  X X X O 
  X X X O 
    O O   
----------

Black 3,0
----------
  O       
X X O O O 
  X X X O 
X X X X O 
    O O   
----------

White 4,4
----------
  O       
X X O O O 
  X X X O 
X X X X O 
    O O O 
----------

Black 0,0
----------
X O       
X X O O O 
  X X X O 
X X X X O 
    O O O 
----------

White 0,2
----------
X O O     
X X O O O 
  X X X O 
X X X X O 
    O O O 
----------

Black 2,0
----------
X O O     
X X O O O 
X X X X O 
X X X X O 
    O O O 
----------

White 4,0
----------
X O O     
X X O O O 
X X X X O 
X X X X O 
O   O O O 
----------

Black 4,1
----------
X O O     
X X O O O 
X X X X O 
X X X X O 
  X O O O 
----------

White 4,0
----------
  O O     
    O O O 
        O 
        O 
O   O O O 
----------

Game end.
The winner is O
ta time: 249.42
student time: 7.3
Black(You) lose.
=====Round 7=====
Black:TA White:You
Wed Oct 28 21:07:08 PDT 2020
Clean up...
Start Playing...
Black 2,2
----------
          
          
    X     
          
          
----------

White 1,1
----------
          
  O       
    X     
          
          
----------

Black 2,1
----------
          
  O       
  X X     
          
          
----------

White 1,2
----------
          
  O O     
  X X     
          
          
----------

Black 1,3
----------
          
  O O X   
  X X     
          
          
----------

White 1,0
----------
          
O O O X   
  X X     
          
          
----------

Black 0,3
----------
      X   
O O O X   
  X X     
          
          
----------

White 2,0
----------
      X   
O O O X   
O X X     
          
          
----------

Black 3,1
----------
      X   
O O O X   
O X X     
  X       
          
----------

White 3,0
----------
      X   
O O O X   
O X X     
O X       
          
----------

Black 4,1
----------
      X   
O O O X   
O X X     
O X       
  X       
----------

White 0,0
----------
O     X   
O O O X   
O X X     
O X       
  X       
----------

Black 0,2
----------
O   X X   
O O O X   
O X X     
O X       
  X       
----------

White 3,3
----------
O   X X   
O O O X   
O X X     
O X   O   
  X       
----------

Black 4,0
----------
O   X X   
O O O X   
O X X     
O X   O   
X X       
----------

White 2,3
----------
O   X X   
O O O X   
O X X O   
O X   O   
X X       
----------

Black 0,1
----------
  X X X   
      X   
  X X O   
  X   O   
X X       
----------

White 3,2
----------
  X X X   
      X   
  X X O   
  X O O   
X X       
----------

Black 4,2
----------
  X X X   
      X   
  X X O   
  X O O   
X X X     
----------

White 2,4
----------
  X X X   
      X   
  X X O O 
  X O O   
X X X     
----------

Black 4,3
----------
  X X X   
      X   
  X X O O 
  X O O   
X X X X   
----------

White 1,4
----------
  X X X   
      X O 
  X X O O 
  X O O   
X X X X   
----------

Black 3,4
----------
  X X X   
      X O 
  X X O O 
  X O O X 
X X X X   
----------

White 1,0
----------
  X X X   
O     X O 
  X X O O 
  X O O X 
X X X X   
----------

Game end.
The winner is X
ta time: 286.55
student time: 7.63
White(You) lose.
=====Round 8=====
Black:You White:TA
Wed Oct 28 21:07:35 PDT 2020
Clean up...
Start Playing...
Black 2,2
----------
          
          
    X     
          
          
----------

White 3,2
----------
          
          
    X     
    O     
          
----------

Black 1,2
----------
          
    X     
    X     
    O     
          
----------

White 3,3
----------
          
    X     
    X     
    O O   
          
----------

Black 1,1
----------
          
  X X     
    X     
    O O   
          
----------

White 3,1
----------
          
  X X     
    X     
  O O O   
          
----------

Black 1,3
----------
          
  X X X   
    X     
  O O O   
          
----------

White 2,0
----------
          
  X X X   
O   X     
  O O O   
          
----------

Black 1,4
----------
          
  X X X X 
O   X     
  O O O   
          
----------

White 2,1
----------
          
  X X X X 
O O X     
  O O O   
          
----------

Black 0,1
----------
  X       
  X X X X 
O O X     
  O O O   
          
----------

White 1,0
----------
  X       
O X X X X 
O O X     
  O O O   
          
----------

Black 2,3
----------
  X       
O X X X X 
O O X X   
  O O O   
          
----------

White 3,4
----------
  X       
O X X X X 
O O X X   
  O O O O 
          
----------

Black 0,0
----------
X X       
O X X X X 
O O X X   
  O O O O 
          
----------

White 0,3
----------
X X   O   
O X X X X 
O O X X   
  O O O O 
          
----------

Black 0,2
----------
X X X O   
O X X X X 
O O X X   
  O O O O 
          
----------

White 4,2
----------
X X X O   
O X X X X 
O O X X   
  O O O O 
    O     
----------

Black 4,0
----------
X X X O   
O X X X X 
O O X X   
  O O O O 
X   O     
----------

White 4,1
----------
X X X O   
O X X X X 
O O X X   
  O O O O 
X O O     
----------

Black 0,4
----------
X X X   X 
O X X X X 
O O X X   
  O O O O 
X O O     
----------

White 4,4
----------
X X X   X 
O X X X X 
O O X X   
  O O O O 
X O O   O 
----------

Black 0,3
----------
X X X X X 
O X X X X 
O O X X   
  O O O O 
X O O   O 
----------

White 2,4
----------
          
O         
O O     O 
  O O O O 
X O O   O 
----------

Game end.
The winner is O
ta time: 322.26
student time: 8.15
Black(You) lose.
=====Round 9=====
Black:TA White:You
Wed Oct 28 21:08:02 PDT 2020
Clean up...
Start Playing...
Black 2,2
----------
          
          
    X     
          
          
----------

White 1,1
----------
          
  O       
    X     
          
          
----------

Black 2,1
----------
          
  O       
  X X     
          
          
----------

White 1,2
----------
          
  O O     
  X X     
          
          
----------

Black 1,3
----------
          
  O O X   
  X X     
          
          
----------

White 1,0
----------
          
O O O X   
  X X     
          
          
----------

Black 0,3
----------
      X   
O O O X   
  X X     
          
          
----------

White 2,0
----------
      X   
O O O X   
O X X     
          
          
----------

Black 3,1
----------
      X   
O O O X   
O X X     
  X       
          
----------

White 3,0
----------
      X   
O O O X   
O X X     
O X       
          
----------

Black 4,1
----------
      X   
O O O X   
O X X     
O X       
  X       
----------

White 0,0
----------
O     X   
O O O X   
O X X     
O X       
  X       
----------

Black 0,2
----------
O   X X   
O O O X   
O X X     
O X       
  X       
----------

White 3,3
----------
O   X X   
O O O X   
O X X     
O X   O   
  X       
----------

Black 4,0
----------
O   X X   
O O O X   
O X X     
O X   O   
X X       
----------

White 2,3
----------
O   X X   
O O O X   
O X X O   
O X   O   
X X       
----------

Black 0,1
----------
  X X X   
      X   
  X X O   
  X   O   
X X       
----------

White 3,2
----------
  X X X   
      X   
  X X O   
  X O O   
X X       
----------

Black 1,2
----------
  X X X   
    X X   
  X X O   
  X O O   
X X       
----------

White 2,4
----------
  X X X   
    X X   
  X X O O 
  X O O   
X X       
----------

Black 3,0
----------
  X X X   
    X X   
  X X O O 
X X O O   
X X       
----------

White 1,4
----------
  X X X   
    X X O 
  X X O O 
X X O O   
X X       
----------

Black 4,3
----------
  X X X   
    X X O 
  X X O O 
X X O O   
X X   X   
----------

White 3,4
----------
  X X X   
    X X O 
  X X O O 
X X O O O 
X X   X   
----------

Game end.
The winner is X
ta time: 356.25
student time: 8.5
White(You) lose.
=====Round 10=====
Black:You White:TA
Wed Oct 28 21:08:29 PDT 2020
Clean up...
Start Playing...
Black 2,2
----------
          
          
    X     
          
          
----------

White 2,1
----------
          
          
  O X     
          
          
----------

Black 1,2
----------
          
    X     
  O X     
          
          
----------

White 3,1
----------
          
    X     
  O X     
  O       
          
----------

Black 1,1
----------
          
  X X     
  O X     
  O       
          
----------

White 3,2
----------
          
  X X     
  O X     
  O O     
          
----------

Black 1,3
----------
          
  X X X   
  O X     
  O O     
          
----------

White 3,3
----------
          
  X X X   
  O X     
  O O O   
          
----------

Black 1,0
----------
          
X X X X   
  O X     
  O O O   
          
----------

White 2,0
----------
          
X X X X   
O O X     
  O O O   
          
----------

Black 1,4
----------
          
X X X X X 
O O X     
  O O O   
          
----------

White 3,4
----------
          
X X X X X 
O O X     
  O O O O 
          
----------

Black 2,3
----------
          
X X X X X 
O O X X   
  O O O O 
          
----------

White 4,1
----------
          
X X X X X 
O O X X   
  O O O O 
  O       
----------

Black 0,0
----------
X         
X X X X X 
O O X X   
  O O O O 
  O       
----------

White 4,3
----------
X         
X X X X X 
O O X X   
  O O O O 
  O   O   
----------

Black 0,1
----------
X X       
X X X X X 
O O X X   
  O O O O 
  O   O   
----------

White 4,0
----------
X X       
X X X X X 
O O X X   
  O O O O 
O O   O   
----------

Black 0,2
----------
X X X     
X X X X X 
O O X X   
  O O O O 
O O   O   
----------

White 2,4
----------
X X X     
X X X X X 
O O X X O 
  O O O O 
O O   O   
----------

Black 0,3
----------
X X X X   
X X X X X 
O O X X O 
  O O O O 
O O   O   
----------

White 0,4
----------
        O 
          
O O     O 
  O O O O 
O O   O   
----------

Black 1,2
----------
        O 
    X     
O O     O 
  O O O O 
O O   O   
----------

White 0,3
----------
      O O 
    X     
O O     O 
  O O O O 
O O   O   
----------

Game end.
The winner is O
ta time: 391.3
student time: 8.96
Black(You) lose.
