Thu Oct 29 13:20:37 PDT 2020

==Playing with qlearning_player==
=====Round 1=====
Black:TA White:You
Thu Oct 29 13:20:37 PDT 2020
Clean up...
Start Playing...
Black 1,2
----------
          
    X     
          
          
          
----------

White 2,1
----------
          
    X     
  O       
          
          
----------

Black 2,2
----------
          
    X     
  O X     
          
          
----------

White 3,3
----------
          
    X     
  O X     
      O   
          
----------

Black 3,2
----------
          
    X     
  O X     
    X O   
          
----------

White 0,3
----------
      O   
    X     
  O X     
    X O   
          
----------

Black 2,3
----------
      O   
    X     
  O X X   
    X O   
          
----------

White 1,1
----------
      O   
  O X     
  O X X   
    X O   
          
----------

Black 0,2
----------
    X O   
  O X     
  O X X   
    X O   
          
----------

White 3,1
----------
    X O   
  O X     
  O X X   
  O X O   
          
----------

Black 2,0
----------
    X O   
  O X     
X O X X   
  O X O   
          
----------

White 1,0
----------
    X O   
O O X     
X O X X   
  O X O   
          
----------

Black 2,4
----------
    X O   
O O X     
X O X X X 
  O X O   
          
----------

White 3,0
----------
    X O   
O O X     
  O X X X 
O O X O   
          
----------

Black 1,3
----------
    X O   
O O X X   
  O X X X 
O O X O   
          
----------

White 3,4
----------
    X O   
O O X X   
  O X X X 
O O X O O 
          
----------

Black 0,4
----------
    X   X 
O O X X   
  O X X X 
O O X O O 
          
----------

White 4,1
----------
    X   X 
O O X X   
  O X X X 
O O X O O 
  O       
----------

Black 4,2
----------
    X   X 
O O X X   
  O X X X 
O O X O O 
  O X     
----------

White 0,0
----------
O   X   X 
O O X X   
  O X X X 
O O X O O 
  O X     
----------

Black 1,4
----------
O   X   X 
O O X X X 
  O X X X 
O O X O O 
  O X     
----------

White 0,1
----------
O O X   X 
O O X X X 
  O X X X 
O O X O O 
  O X     
----------

Black 4,3
----------
O O X   X 
O O X X X 
  O X X X 
O O X O O 
  O X X   
----------

White PASS
----------
O O X   X 
O O X X X 
  O X X X 
O O X O O 
  O X X   
----------

Game end.
The winner is O
ta time: 3.99
student time: 3.56
White(You) win!
=====Round 2=====
Black:You White:TA
Thu Oct 29 13:20:50 PDT 2020
Clean up...
Start Playing...
Black 2,2
----------
          
          
    X     
          
          
----------

White 2,1
----------
          
          
  O X     
          
          
----------

Black 1,2
----------
          
    X     
  O X     
          
          
----------

White 3,2
----------
          
    X     
  O X     
    O     
          
----------

Black 3,0
----------
          
    X     
  O X     
X   O     
          
----------

White 2,3
----------
          
    X     
  O X O   
X   O     
          
----------

Black 3,4
----------
          
    X     
  O X O   
X   O   X 
          
----------

White 2,4
----------
          
    X     
  O X O O 
X   O   X 
          
----------

Black 1,1
----------
          
  X X     
  O X O O 
X   O   X 
          
----------

White 1,3
----------
          
  X X O   
  O X O O 
X   O   X 
          
----------

Black 3,1
----------
          
  X X O   
  O X O O 
X X O   X 
          
----------

White 3,3
----------
          
  X X O   
  O X O O 
X X O O X 
          
----------

Black 2,0
----------
          
  X X O   
X   X O O 
X X O O X 
          
----------

White 4,4
----------
          
  X X O   
X   X O O 
X X O O   
        O 
----------

Black 0,4
----------
        X 
  X X O   
X   X O O 
X X O O   
        O 
----------

White 4,2
----------
        X 
  X X O   
X   X O O 
X X O O   
    O   O 
----------

Black 0,1
----------
  X     X 
  X X O   
X   X O O 
X X O O   
    O   O 
----------

White 0,2
----------
  X O   X 
  X X O   
X   X O O 
X X O O   
    O   O 
----------

Black 2,1
----------
  X O   X 
  X X O   
X X X O O 
X X O O   
    O   O 
----------

White 1,4
----------
  X O   X 
  X X O O 
X X X O O 
X X O O   
    O   O 
----------

Black 0,0
----------
X X O   X 
  X X O O 
X X X O O 
X X O O   
    O   O 
----------

White 0,3
----------
X X O O   
  X X O O 
X X X O O 
X X O O   
    O   O 
----------

Black PASS
----------
X X O O   
  X X O O 
X X X O O 
X X O O   
    O   O 
----------

White 4,3
----------
X X O O   
  X X O O 
X X X O O 
X X O O   
    O O O 
----------

Game end.
The winner is O
ta time: 7.88
student time: 6.79
Black(You) lose.
=====Round 3=====
Black:TA White:You
Thu Oct 29 13:21:02 PDT 2020
Clean up...
Start Playing...
Black 1,2
----------
          
    X     
          
          
          
----------

White 2,1
----------
          
    X     
  O       
          
          
----------

Black 2,2
----------
          
    X     
  O X     
          
          
----------

White 3,3
----------
          
    X     
  O X     
      O   
          
----------

Black 3,2
----------
          
    X     
  O X     
    X O   
          
----------

White 0,3
----------
      O   
    X     
  O X     
    X O   
          
----------

Black 2,3
----------
      O   
    X     
  O X X   
    X O   
          
----------

White 1,1
----------
      O   
  O X     
  O X X   
    X O   
          
----------

Black 1,3
----------
      O   
  O X X   
  O X X   
    X O   
          
----------

White 3,1
----------
      O   
  O X X   
  O X X   
  O X O   
          
----------

Black 2,0
----------
      O   
  O X X   
X O X X   
  O X O   
          
----------

White 1,0
----------
      O   
O O X X   
X O X X   
  O X O   
          
----------

Black 4,2
----------
      O   
O O X X   
X O X X   
  O X O   
    X     
----------

White 3,0
----------
      O   
O O X X   
  O X X   
O O X O   
    X     
----------

Black 2,4
----------
      O   
O O X X   
  O X X X 
O O X O   
    X     
----------

White 0,4
----------
      O O 
O O X X   
  O X X X 
O O X O   
    X     
----------

Black 0,2
----------
    X O O 
O O X X   
  O X X X 
O O X O   
    X     
----------

White 3,4
----------
    X O O 
O O X X   
  O X X X 
O O X O O 
    X     
----------

Black 1,4
----------
    X     
O O X X X 
  O X X X 
O O X O O 
    X     
----------

White 0,0
----------
O   X     
O O X X X 
  O X X X 
O O X O O 
    X     
----------

Black 4,1
----------
O   X     
O O X X X 
  O X X X 
O O X O O 
  X X     
----------

White 0,1
----------
O O X     
O O X X X 
  O X X X 
O O X O O 
  X X     
----------

Black 0,3
----------
O O X X   
O O X X X 
  O X X X 
O O X O O 
  X X     
----------

White PASS
----------
O O X X   
O O X X X 
  O X X X 
O O X O O 
  X X     
----------

Game end.
The winner is O
ta time: 11.92
student time: 10.29
White(You) win!
=====Round 4=====
Black:You White:TA
Thu Oct 29 13:21:16 PDT 2020
Clean up...
Start Playing...
Black 2,2
----------
          
          
    X     
          
          
----------

White 2,1
----------
          
          
  O X     
          
          
----------

Black 1,2
----------
          
    X     
  O X     
          
          
----------

White 3,2
----------
          
    X     
  O X     
    O     
          
----------

Black 3,0
----------
          
    X     
  O X     
X   O     
          
----------

White 2,3
----------
          
    X     
  O X O   
X   O     
          
----------

Black 3,4
----------
          
    X     
  O X O   
X   O   X 
          
----------

White 2,0
----------
          
    X     
O O X O   
X   O   X 
          
----------

Black 1,1
----------
          
  X X     
O O X O   
X   O   X 
          
----------

White 1,3
----------
          
  X X O   
O O X O   
X   O   X 
          
----------

Black 3,1
----------
          
  X X O   
O O X O   
X X O   X 
          
----------

White 3,3
----------
          
  X X O   
O O X O   
X X O O X 
          
----------

Black 1,0
----------
          
X X X O   
    X O   
X X O O X 
          
----------

White 2,1
----------
          
X X X O   
  O X O   
X X O O X 
          
----------

Black 2,0
----------
          
X X X O   
X   X O   
X X O O X 
          
----------

White 2,4
----------
          
X X X O   
X   X O O 
X X O O X 
          
----------

Black 0,2
----------
    X     
X X X O   
X   X O O 
X X O O X 
          
----------

White 4,4
----------
    X     
X X X O   
X   X O O 
X X O O   
        O 
----------

Black 0,3
----------
    X X   
X X X O   
X   X O O 
X X O O   
        O 
----------

White 4,2
----------
    X X   
X X X O   
X   X O O 
X X O O   
    O   O 
----------

Black 0,4
----------
    X X X 
X X X O   
X   X O O 
X X O O   
    O   O 
----------

White 1,4
----------
    X X X 
X X X O O 
X   X O O 
X X O O   
    O   O 
----------

Black 2,1
----------
    X X X 
X X X O O 
X X X O O 
X X O O   
    O   O 
----------

White 4,3
----------
    X X X 
X X X O O 
X X X O O 
X X O O   
    O O O 
----------

Game end.
The winner is O
ta time: 15.68
student time: 13.65
Black(You) lose.
=====Round 5=====
Black:TA White:You
Thu Oct 29 13:21:29 PDT 2020
Clean up...
Start Playing...
Black 1,2
----------
          
    X     
          
          
          
----------

White 2,1
----------
          
    X     
  O       
          
          
----------

Black 2,2
----------
          
    X     
  O X     
          
          
----------

White 3,3
----------
          
    X     
  O X     
      O   
          
----------

Black 3,2
----------
          
    X     
  O X     
    X O   
          
----------

White 0,3
----------
      O   
    X     
  O X     
    X O   
          
----------

Black 2,3
----------
      O   
    X     
  O X X   
    X O   
          
----------

White 1,1
----------
      O   
  O X     
  O X X   
    X O   
          
----------

Black 1,3
----------
      O   
  O X X   
  O X X   
    X O   
          
----------

White 3,1
----------
      O   
  O X X   
  O X X   
  O X O   
          
----------

Black 4,2
----------
      O   
  O X X   
  O X X   
  O X O   
    X     
----------

White 0,1
----------
  O   O   
  O X X   
  O X X   
  O X O   
    X     
----------

Black 2,4
----------
  O   O   
  O X X   
  O X X X 
  O X O   
    X     
----------

White 0,4
----------
  O   O O 
  O X X   
  O X X X 
  O X O   
    X     
----------

Black 2,0
----------
  O   O O 
  O X X   
X O X X X 
  O X O   
    X     
----------

White 3,0
----------
  O   O O 
  O X X   
X O X X X 
O O X O   
    X     
----------

Black 0,2
----------
  O X O O 
  O X X   
X O X X X 
O O X O   
    X     
----------

White 1,0
----------
  O X O O 
O O X X   
  O X X X 
O O X O   
    X     
----------

Black 1,4
----------
  O X     
O O X X X 
  O X X X 
O O X O   
    X     
----------

White 3,4
----------
  O X     
O O X X X 
  O X X X 
O O X O O 
    X     
----------

Black 0,3
----------
  O X X   
O O X X X 
  O X X X 
O O X O O 
    X     
----------

White 0,0
----------
O O X X   
O O X X X 
  O X X X 
O O X O O 
    X     
----------

Black 4,1
----------
O O X X   
O O X X X 
  O X X X 
O O X O O 
  X X     
----------

White PASS
----------
O O X X   
O O X X X 
  O X X X 
O O X O O 
  X X     
----------

Game end.
The winner is O
ta time: 19.63
student time: 17.08
White(You) win!
=====Round 6=====
Black:You White:TA
Thu Oct 29 13:21:41 PDT 2020
Clean up...
Start Playing...
Black 2,2
----------
          
          
    X     
          
          
----------

White 2,1
----------
          
          
  O X     
          
          
----------

Black 1,2
----------
          
    X     
  O X     
          
          
----------

White 3,2
----------
          
    X     
  O X     
    O     
          
----------

Black 3,0
----------
          
    X     
  O X     
X   O     
          
----------

White 2,3
----------
          
    X     
  O X O   
X   O     
          
----------

Black 3,4
----------
          
    X     
  O X O   
X   O   X 
          
----------

White 3,1
----------
          
    X     
  O X O   
X O O   X 
          
----------

Black 1,1
----------
          
  X X     
  O X O   
X O O   X 
          
----------

White 1,3
----------
          
  X X O   
  O X O   
X O O   X 
          
----------

Black 0,4
----------
        X 
  X X O   
  O X O   
X O O   X 
          
----------

White 3,3
----------
        X 
  X X O   
  O X O   
X O O O X 
          
----------

Black 4,2
----------
        X 
  X X O   
  O X O   
X O O O X 
    X     
----------

White 2,4
----------
        X 
  X X O   
  O X O O 
X O O O X 
    X     
----------

Black 0,2
----------
    X   X 
  X X O   
  O X O O 
X O O O X 
    X     
----------

White 4,4
----------
    X   X 
  X X O   
  O X O O 
X O O O   
    X   O 
----------

Black 0,1
----------
  X X   X 
  X X O   
  O X O O 
X O O O   
    X   O 
----------

White 2,0
----------
  X X   X 
  X X O   
O O X O O 
X O O O   
    X   O 
----------

Black 0,0
----------
X X X   X 
  X X O   
O O X O O 
X O O O   
    X   O 
----------

White 4,0
----------
X X X   X 
  X X O   
O O X O O 
  O O O   
O   X   O 
----------

Black PASS
----------
X X X   X 
  X X O   
O O X O O 
  O O O   
O   X   O 
----------

White 3,4
----------
X X X   X 
  X X O   
O O X O O 
  O O O O 
O   X   O 
----------

Black PASS
----------
X X X   X 
  X X O   
O O X O O 
  O O O O 
O   X   O 
----------

White 3,0
----------
X X X   X 
  X X O   
O O X O O 
O O O O O 
O   X   O 
----------

Game end.
The winner is O
ta time: 23.24
student time: 20.38
Black(You) lose.
=====Round 7=====
Black:TA White:You
Thu Oct 29 13:21:52 PDT 2020
Clean up...
Start Playing...
Black 1,2
----------
          
    X     
          
          
          
----------

White 2,1
----------
          
    X     
  O       
          
          
----------

Black 2,2
----------
          
    X     
  O X     
          
          
----------

White 3,3
----------
          
    X     
  O X     
      O   
          
----------

Black 3,2
----------
          
    X     
  O X     
    X O   
          
----------

White 0,3
----------
      O   
    X     
  O X     
    X O   
          
----------

Black 2,3
----------
      O   
    X     
  O X X   
    X O   
          
----------

White 1,1
----------
      O   
  O X     
  O X X   
    X O   
          
----------

Black 0,2
----------
    X O   
  O X     
  O X X   
    X O   
          
----------

White 3,1
----------
    X O   
  O X     
  O X X   
  O X O   
          
----------

Black 4,2
----------
    X O   
  O X     
  O X X   
  O X O   
    X     
----------

White 1,3
----------
    X O   
  O X O   
  O X X   
  O X O   
    X     
----------

Black 2,0
----------
    X O   
  O X O   
X O X X   
  O X O   
    X     
----------

White 1,0
----------
    X O   
O O X O   
X O X X   
  O X O   
    X     
----------

Black 2,4
----------
    X O   
O O X O   
X O X X X 
  O X O   
    X     
----------

White 3,0
----------
    X O   
O O X O   
  O X X X 
O O X O   
    X     
----------

Black 0,1
----------
  X X O   
O O X O   
  O X X X 
O O X O   
    X     
----------

White 3,4
----------
  X X O   
O O X O   
  O X X X 
O O X O O 
    X     
----------

Black 1,4
----------
  X X O   
O O X O X 
  O X X X 
O O X O O 
    X     
----------

White 0,0
----------
O X X O   
O O X O X 
  O X X X 
O O X O O 
    X     
----------

Black 0,4
----------
O X X   X 
O O X   X 
  O X X X 
O O X O O 
    X     
----------

White 2,0
----------
O X X   X 
O O X   X 
O O X X X 
O O X O O 
    X     
----------

Black 1,3
----------
O X X   X 
O O X X X 
O O X X X 
O O X O O 
    X     
----------

White PASS
----------
O X X   X 
O O X X X 
O O X X X 
O O X O O 
    X     
----------

Game end.
The winner is O
ta time: 27.36
student time: 23.87
White(You) win!
=====Round 8=====
Black:You White:TA
Thu Oct 29 13:22:04 PDT 2020
Clean up...
Start Playing...
Black 2,2
----------
          
          
    X     
          
          
----------

White 2,1
----------
          
          
  O X     
          
          
----------

Black 1,2
----------
          
    X     
  O X     
          
          
----------

White 3,2
----------
          
    X     
  O X     
    O     
          
----------

Black 3,0
----------
          
    X     
  O X     
X   O     
          
----------

White 2,3
----------
          
    X     
  O X O   
X   O     
          
----------

Black 3,4
----------
          
    X     
  O X O   
X   O   X 
          
----------

White 4,2
----------
          
    X     
  O X O   
X   O   X 
    O     
----------

Black 1,1
----------
          
  X X     
  O X O   
X   O   X 
    O     
----------

White 0,2
----------
    O     
  X X     
  O X O   
X   O   X 
    O     
----------

Black 3,1
----------
    O     
  X X     
  O X O   
X X O   X 
    O     
----------

White 3,3
----------
    O     
  X X     
  O X O   
X X O O X 
    O     
----------

Black 2,0
----------
    O     
  X X     
X   X O   
X X O O X 
    O     
----------

White 2,4
----------
    O     
  X X     
X   X O O 
X X O O X 
    O     
----------

Black 0,1
----------
  X O     
  X X     
X   X O O 
X X O O X 
    O     
----------

White 4,4
----------
  X O     
  X X     
X   X O O 
X X O O   
    O   O 
----------

Black 0,3
----------
  X   X   
  X X     
X   X O O 
X X O O   
    O   O 
----------

White 1,3
----------
  X   X   
  X X O   
X   X O O 
X X O O   
    O   O 
----------

Black 0,4
----------
  X   X X 
  X X O   
X   X O O 
X X O O   
    O   O 
----------

White 4,3
----------
  X   X X 
  X X O   
X   X O O 
X X O O   
    O O O 
----------

Black 2,1
----------
  X   X X 
  X X O   
X X X O O 
X X O O   
    O O O 
----------

White 4,1
----------
  X   X X 
  X X O   
X X X O O 
X X O O   
  O O O O 
----------

Black 0,0
----------
X X   X X 
  X X O   
X X X O O 
X X O O   
  O O O O 
----------

White 3,4
----------
X X   X X 
  X X O   
X X X O O 
X X O O O 
  O O O O 
----------

Game end.
The winner is O
ta time: 31.19
student time: 27.4
Black(You) lose.
=====Round 9=====
Black:TA White:You
Thu Oct 29 13:22:21 PDT 2020
Clean up...
Start Playing...
Black 1,2
----------
          
    X     
          
          
          
----------

White 2,1
----------
          
    X     
  O       
          
          
----------

Black 2,2
----------
          
    X     
  O X     
          
          
----------

White 3,3
----------
          
    X     
  O X     
      O   
          
----------

Black 3,2
----------
          
    X     
  O X     
    X O   
          
----------

White 0,3
----------
      O   
    X     
  O X     
    X O   
          
----------

Black 2,3
----------
      O   
    X     
  O X X   
    X O   
          
----------

White 1,1
----------
      O   
  O X     
  O X X   
    X O   
          
----------

Black 0,2
----------
    X O   
  O X     
  O X X   
    X O   
          
----------

White 3,1
----------
    X O   
  O X     
  O X X   
  O X O   
          
----------

Black 1,3
----------
    X O   
  O X X   
  O X X   
  O X O   
          
----------

White 0,1
----------
  O X O   
  O X X   
  O X X   
  O X O   
          
----------

Black 0,4
----------
  O X   X 
  O X X   
  O X X   
  O X O   
          
----------

White 3,4
----------
  O X   X 
  O X X   
  O X X   
  O X O O 
          
----------

Black 4,2
----------
  O X   X 
  O X X   
  O X X   
  O X O O 
    X     
----------

White 2,4
----------
  O X   X 
  O X X   
  O X X O 
  O X O O 
    X     
----------

Black 2,0
----------
  O X   X 
  O X X   
X O X X O 
  O X O O 
    X     
----------

White 3,0
----------
  O X   X 
  O X X   
X O X X O 
O O X O O 
    X     
----------

Black 4,3
----------
  O X   X 
  O X X   
X O X X O 
O O X O O 
    X X   
----------

White 1,0
----------
  O X   X 
O O X X   
  O X X O 
O O X O O 
    X X   
----------

Black 1,4
----------
  O X   X 
O O X X X 
  O X X O 
O O X O O 
    X X   
----------

White 0,0
----------
O O X   X 
O O X X X 
  O X X O 
O O X O O 
    X X   
----------

Black 4,4
----------
O O X   X 
O O X X X 
  O X X   
O O X     
    X X X 
----------

White PASS
----------
O O X   X 
O O X X X 
  O X X   
O O X     
    X X X 
----------

Game end.
The winner is X
ta time: 35.25
student time: 31.04
White(You) lose.
=====Round 10=====
Black:You White:TA
Thu Oct 29 13:22:33 PDT 2020
Clean up...
Start Playing...
Black 2,2
----------
          
          
    X     
          
          
----------

White 2,1
----------
          
          
  O X     
          
          
----------

Black 1,2
----------
          
    X     
  O X     
          
          
----------

White 3,2
----------
          
    X     
  O X     
    O     
          
----------

Black 3,0
----------
          
    X     
  O X     
X   O     
          
----------

White 2,3
----------
          
    X     
  O X O   
X   O     
          
----------

Black 3,4
----------
          
    X     
  O X O   
X   O   X 
          
----------

White 4,2
----------
          
    X     
  O X O   
X   O   X 
    O     
----------

Black 1,1
----------
          
  X X     
  O X O   
X   O   X 
    O     
----------

White 1,3
----------
          
  X X O   
  O X O   
X   O   X 
    O     
----------

Black 3,1
----------
          
  X X O   
  O X O   
X X O   X 
    O     
----------

White 3,3
----------
          
  X X O   
  O X O   
X X O O X 
    O     
----------

Black 2,0
----------
          
  X X O   
X   X O   
X X O O X 
    O     
----------

White 2,4
----------
          
  X X O   
X   X O O 
X X O O X 
    O     
----------

Black 0,1
----------
  X       
  X X O   
X   X O O 
X X O O X 
    O     
----------

White 4,4
----------
  X       
  X X O   
X   X O O 
X X O O   
    O   O 
----------

Black 0,4
----------
  X     X 
  X X O   
X   X O O 
X X O O   
    O   O 
----------

White 0,2
----------
  X O   X 
  X X O   
X   X O O 
X X O O   
    O   O 
----------

Black 2,1
----------
  X O   X 
  X X O   
X X X O O 
X X O O   
    O   O 
----------

White 0,3
----------
  X O O X 
  X X O   
X X X O O 
X X O O   
    O   O 
----------

Black 0,0
----------
X X O O X 
  X X O   
X X X O O 
X X O O   
    O   O 
----------

White 1,4
----------
X X O O   
  X X O O 
X X X O O 
X X O O   
    O   O 
----------

Black PASS
----------
X X O O   
  X X O O 
X X X O O 
X X O O   
    O   O 
----------

White 3,4
----------
X X O O   
  X X O O 
X X X O O 
X X O O O 
    O   O 
----------

Game end.
The winner is O
ta time: 39.04
student time: 34.56
Black(You) lose.

==Playing with championship_player==
=====Round 1=====
Black:TA White:You
Thu Oct 29 13:22:45 PDT 2020
Clean up...
Start Playing...
Black 2,2
----------
          
          
    X     
          
          
----------

White 0,0
----------
O         
          
    X     
          
          
----------

Black 1,3
----------
O         
      X   
    X     
          
          
----------

White 3,1
----------
O         
      X   
    X     
  O       
          
----------

Black 3,2
----------
O         
      X   
    X     
  O X     
          
----------

White 3,3
----------
O         
      X   
    X     
  O X O   
          
----------

Black 2,1
----------
O         
      X   
  X X     
  O X O   
          
----------

White 1,2
----------
O         
    O X   
  X X     
  O X O   
          
----------

Black 2,3
----------
O         
    O X   
  X X X   
  O X O   
          
----------

White 0,4
----------
O       O 
    O X   
  X X X   
  O X O   
          
----------

Black 1,1
----------
O       O 
  X O X   
  X X X   
  O X O   
          
----------

White 3,0
----------
O       O 
  X O X   
  X X X   
O O X O   
          
----------

Black 0,2
----------
O   X   O 
  X   X   
  X X X   
O O X O   
          
----------

White 3,4
----------
O   X   O 
  X   X   
  X X X   
O O X O O 
          
----------

Black 4,2
----------
O   X   O 
  X   X   
  X X X   
O O X O O 
    X     
----------

White 1,0
----------
O   X   O 
O X   X   
  X X X   
O O X O O 
    X     
----------

Black 2,0
----------
O   X   O 
O X   X   
X X X X   
O O X O O 
    X     
----------

White 1,4
----------
O   X   O 
O X   X O 
X X X X   
O O X O O 
    X     
----------

Black 0,3
----------
O   X X O 
O X   X O 
X X X X   
O O X O O 
    X     
----------

White 2,4
----------
O   X X O 
O X   X O 
X X X X O 
O O X O O 
    X     
----------

Black 0,1
----------
  X X X O 
  X   X O 
X X X X O 
O O X O O 
    X     
----------

White PASS
----------
  X X X O 
  X   X O 
X X X X O 
O O X O O 
    X     
----------

Black 4,1
----------
  X X X O 
  X   X O 
X X X X O 
O O X O O 
  X X     
----------

White PASS
----------
  X X X O 
  X   X O 
X X X X O 
O O X O O 
  X X     
----------

Game end.
The winner is X
ta time: 70.15
student time: 37.78
White(You) lose.
=====Round 2=====
Black:You White:TA
Thu Oct 29 13:23:11 PDT 2020
Clean up...
Start Playing...
Black 2,2
----------
          
          
    X     
          
          
----------

White 1,2
----------
          
    O     
    X     
          
          
----------

Black 2,1
----------
          
    O     
  X X     
          
          
----------

White 1,3
----------
          
    O O   
  X X     
          
          
----------

Black 3,4
----------
          
    O O   
  X X     
        X 
          
----------

White 1,1
----------
          
  O O O   
  X X     
        X 
          
----------

Black 3,1
----------
          
  O O O   
  X X     
  X     X 
          
----------

White 2,0
----------
          
  O O O   
O X X     
  X     X 
          
----------

Black 3,0
----------
          
  O O O   
O X X     
X X     X 
          
----------

White 1,0
----------
          
O O O O   
O X X     
X X     X 
          
----------

Black 0,1
----------
  X       
O O O O   
O X X     
X X     X 
          
----------

White 2,3
----------
  X       
O O O O   
O X X O   
X X     X 
          
----------

Black 0,4
----------
  X     X 
O O O O   
O X X O   
X X     X 
          
----------

White 1,4
----------
  X     X 
O O O O O 
O X X O   
X X     X 
          
----------

Black 3,2
----------
  X     X 
O O O O O 
O X X O   
X X X   X 
          
----------

White 3,3
----------
  X     X 
O O O O O 
O X X O   
X X X O X 
          
----------

Black 4,2
----------
  X     X 
O O O O O 
O X X O   
X X X O X 
    X     
----------

White 4,3
----------
  X     X 
O O O O O 
O X X O   
X X X O X 
    X O   
----------

Black 0,2
----------
  X X   X 
O O O O O 
O X X O   
X X X O X 
    X O   
----------

White 0,0
----------
O X X   X 
O O O O O 
O X X O   
X X X O X 
    X O   
----------

Black PASS
----------
O X X   X 
O O O O O 
O X X O   
X X X O X 
    X O   
----------

White 4,4
----------
O X X   X 
O O O O O 
O X X O   
X X X O X 
    X O O 
----------

Black PASS
----------
O X X   X 
O O O O O 
O X X O   
X X X O X 
    X O O 
----------

White 0,3
----------
O     O   
O O O O O 
O X X O   
X X X O X 
    X O O 
----------

Game end.
The winner is O
ta time: 101.58
student time: 41.38
Black(You) lose.
=====Round 3=====
Black:TA White:You
Thu Oct 29 13:23:39 PDT 2020
Clean up...
Start Playing...
Black 2,2
----------
          
          
    X     
          
          
----------

White 0,0
----------
O         
          
    X     
          
          
----------

Black 1,2
----------
O         
    X     
    X     
          
          
----------

White 3,1
----------
O         
    X     
    X     
  O       
          
----------

Black 3,2
----------
O         
    X     
    X     
  O X     
          
----------

White 1,3
----------
O         
    X O   
    X     
  O X     
          
----------

Black 4,2
----------
O         
    X O   
    X     
  O X     
    X     
----------

White 3,4
----------
O         
    X O   
    X     
  O X   O 
    X     
----------

Black 0,2
----------
O   X     
    X O   
    X     
  O X   O 
    X     
----------

White 2,1
----------
O   X     
    X O   
  O X     
  O X   O 
    X     
----------

Black 1,1
----------
O   X     
  X X O   
  O X     
  O X   O 
    X     
----------

White 3,3
----------
O   X     
  X X O   
  O X     
  O X O O 
    X     
----------

Black 4,1
----------
O   X     
  X X O   
  O X     
  O X O O 
  X X     
----------

White 0,3
----------
O   X O   
  X X O   
  O X     
  O X O O 
  X X     
----------

Black 3,0
----------
O   X O   
  X X O   
  O X     
X O X O O 
  X X     
----------

White 2,3
----------
O   X O   
  X X O   
  O X O   
X O X O O 
  X X     
----------

Black 2,0
----------
O   X O   
  X X O   
X   X O   
X   X O O 
  X X     
----------

White 0,4
----------
O   X O O 
  X X O   
X   X O   
X   X O O 
  X X     
----------

Black 4,3
----------
O   X O O 
  X X O   
X   X O   
X   X O O 
  X X X   
----------

White PASS
----------
O   X O O 
  X X O   
X   X O   
X   X O O 
  X X X   
----------

Black 4,4
----------
O   X O O 
  X X O   
X   X O   
X   X O O 
  X X X X 
----------

White PASS
----------
O   X O O 
  X X O   
X   X O   
X   X O O 
  X X X X 
----------

Black 1,4
----------
O   X O O 
  X X O X 
X   X O   
X   X O O 
  X X X X 
----------

White PASS
----------
O   X O O 
  X X O X 
X   X O   
X   X O O 
  X X X X 
----------

Game end.
The winner is X
ta time: 133.63
student time: 45.09
White(You) lose.
=====Round 4=====
Black:You White:TA
Thu Oct 29 13:24:07 PDT 2020
Clean up...
Start Playing...
Black 2,2
----------
          
          
    X     
          
          
----------

White 3,2
----------
          
          
    X     
    O     
          
----------

Black 1,2
----------
          
    X     
    X     
    O     
          
----------

White 3,1
----------
          
    X     
    X     
  O O     
          
----------

Black 3,4
----------
          
    X     
    X     
  O O   X 
          
----------

White 3,3
----------
          
    X     
    X     
  O O O X 
          
----------

Black 1,1
----------
          
  X X     
    X     
  O O O X 
          
----------

White 2,3
----------
          
  X X     
    X O   
  O O O X 
          
----------

Black 1,3
----------
          
  X X X   
    X O   
  O O O X 
          
----------

White 2,4
----------
          
  X X X   
    X O O 
  O O O X 
          
----------

Black 1,0
----------
          
X X X X   
    X O O 
  O O O X 
          
----------

White 4,4
----------
          
X X X X   
    X O O 
  O O O   
        O 
----------

Black 4,0
----------
          
X X X X   
    X O O 
  O O O   
X       O 
----------

White 3,0
----------
          
X X X X   
    X O O 
O O O O   
X       O 
----------

Black 0,3
----------
      X   
X X X X   
    X O O 
O O O O   
X       O 
----------

White 2,0
----------
      X   
X X X X   
O   X O O 
O O O O   
X       O 
----------

Black 4,2
----------
      X   
X X X X   
O   X O O 
O O O O   
X   X   O 
----------

White 4,3
----------
      X   
X X X X   
O   X O O 
O O O O   
X   X O O 
----------

Black 2,1
----------
      X   
X X X X   
O X X O O 
O O O O   
X   X O O 
----------

White 4,1
----------
      X   
X X X X   
O X X O O 
O O O O   
  O   O O 
----------

Black PASS
----------
      X   
X X X X   
O X X O O 
O O O O   
  O   O O 
----------

White 0,1
----------
  O   X   
X X X X   
O X X O O 
O O O O   
  O   O O 
----------

Black PASS
----------
  O   X   
X X X X   
O X X O O 
O O O O   
  O   O O 
----------

White 0,2
----------
  O O X   
X X X X   
O X X O O 
O O O O   
  O   O O 
----------

Game end.
The winner is O
ta time: 163.31
student time: 48.61
Black(You) lose.
=====Round 5=====
Black:TA White:You
Thu Oct 29 13:24:34 PDT 2020
Clean up...
Start Playing...
Black 2,2
----------
          
          
    X     
          
          
----------

White 0,0
----------
O         
          
    X     
          
          
----------

Black 1,3
----------
O         
      X   
    X     
          
          
----------

White 3,1
----------
O         
      X   
    X     
  O       
          
----------

Black 3,2
----------
O         
      X   
    X     
  O X     
          
----------

White 3,3
----------
O         
      X   
    X     
  O X O   
          
----------

Black 2,1
----------
O         
      X   
  X X     
  O X O   
          
----------

White 1,2
----------
O         
    O X   
  X X     
  O X O   
          
----------

Black 2,3
----------
O         
    O X   
  X X X   
  O X O   
          
----------

White 0,4
----------
O       O 
    O X   
  X X X   
  O X O   
          
----------

Black 1,1
----------
O       O 
  X O X   
  X X X   
  O X O   
          
----------

White 3,0
----------
O       O 
  X O X   
  X X X   
O O X O   
          
----------

Black 0,2
----------
O   X   O 
  X   X   
  X X X   
O O X O   
          
----------

White 3,4
----------
O   X   O 
  X   X   
  X X X   
O O X O O 
          
----------

Black 4,2
----------
O   X   O 
  X   X   
  X X X   
O O X O O 
    X     
----------

White 1,0
----------
O   X   O 
O X   X   
  X X X   
O O X O O 
    X     
----------

Black 2,0
----------
O   X   O 
O X   X   
X X X X   
O O X O O 
    X     
----------

White 1,4
----------
O   X   O 
O X   X O 
X X X X   
O O X O O 
    X     
----------

Black 0,3
----------
O   X X O 
O X   X O 
X X X X   
O O X O O 
    X     
----------

White 2,4
----------
O   X X O 
O X   X O 
X X X X O 
O O X O O 
    X     
----------

Black 4,3
----------
O   X X O 
O X   X O 
X X X X O 
O O X O O 
    X X   
----------

White PASS
----------
O   X X O 
O X   X O 
X X X X O 
O O X O O 
    X X   
----------

Black 4,4
----------
O   X X   
O X   X   
X X X X   
O O X     
    X X X 
----------

White PASS
----------
O   X X   
O X   X   
X X X X   
O O X     
    X X X 
----------

Game end.
The winner is X
ta time: 190.78
student time: 51.97
White(You) lose.
=====Round 6=====
Black:You White:TA
Thu Oct 29 13:25:00 PDT 2020
Clean up...
Start Playing...
Black 2,2
----------
          
          
    X     
          
          
----------

White 1,2
----------
          
    O     
    X     
          
          
----------

Black 2,1
----------
          
    O     
  X X     
          
          
----------

White 1,3
----------
          
    O O   
  X X     
          
          
----------

Black 3,4
----------
          
    O O   
  X X     
        X 
          
----------

White 1,1
----------
          
  O O O   
  X X     
        X 
          
----------

Black 3,1
----------
          
  O O O   
  X X     
  X     X 
          
----------

White 2,0
----------
          
  O O O   
O X X     
  X     X 
          
----------

Black 3,0
----------
          
  O O O   
O X X     
X X     X 
          
----------

White 1,0
----------
          
O O O O   
O X X     
X X     X 
          
----------

Black 0,1
----------
  X       
O O O O   
O X X     
X X     X 
          
----------

White 0,2
----------
  X O     
O O O O   
O X X     
X X     X 
          
----------

Black 3,2
----------
  X O     
O O O O   
O X X     
X X X   X 
          
----------

White 0,0
----------
O   O     
O O O O   
O X X     
X X X   X 
          
----------

Black 3,3
----------
O   O     
O O O O   
O X X     
X X X X X 
          
----------

White 2,3
----------
O   O     
O O O O   
O X X O   
X X X X X 
          
----------

Black 0,4
----------
O   O   X 
O O O O   
O X X O   
X X X X X 
          
----------

White 2,4
----------
O   O   X 
O O O O   
O X X O O 
X X X X X 
          
----------

Black 4,0
----------
O   O   X 
O O O O   
O X X O O 
X X X X X 
X         
----------

White 4,2
----------
O   O   X 
O O O O   
O X X O O 
X X X X X 
X   O     
----------

Black 4,1
----------
O   O   X 
O O O O   
O X X O O 
X X X X X 
X X O     
----------

White 1,4
----------
O   O   X 
O O O O O 
O X X O O 
X X X X X 
X X O     
----------

Black 4,3
----------
O   O   X 
O O O O O 
O X X O O 
X X X X X 
X X   X   
----------

White 0,3
----------
O   O O   
O O O O O 
O X X O O 
X X X X X 
X X   X   
----------

Game end.
The winner is O
ta time: 219.07
student time: 55.51
Black(You) lose.
=====Round 7=====
Black:TA White:You
Thu Oct 29 13:25:25 PDT 2020
Clean up...
Start Playing...
Black 2,2
----------
          
          
    X     
          
          
----------

White 0,0
----------
O         
          
    X     
          
          
----------

Black 3,1
----------
O         
          
    X     
  X       
          
----------

White 1,3
----------
O         
      O   
    X     
  X       
          
----------

Black 2,3
----------
O         
      O   
    X X   
  X       
          
----------

White 3,3
----------
O         
      O   
    X X   
  X   O   
          
----------

Black 2,4
----------
O         
      O   
    X X X 
  X   O   
          
----------

White 1,2
----------
O         
    O O   
    X X X 
  X   O   
          
----------

Black 1,1
----------
O         
  X O O   
    X X X 
  X   O   
          
----------

White 2,0
----------
O         
  X O O   
O   X X X 
  X   O   
          
----------

Black 1,0
----------
O         
X X O O   
O   X X X 
  X   O   
          
----------

White 4,1
----------
O         
X X O O   
O   X X X 
  X   O   
  O       
----------

Black 0,1
----------
  X       
X X O O   
O   X X X 
  X   O   
  O       
----------

White 0,3
----------
  X   O   
X X O O   
O   X X X 
  X   O   
  O       
----------

Black 3,0
----------
  X   O   
X X O O   
O   X X X 
X X   O   
  O       
----------

White 3,4
----------
  X   O   
X X O O   
O   X X X 
X X   O O 
  O       
----------

Black 3,2
----------
  X   O   
X X O O   
O   X X X 
X X X O O 
  O       
----------

White 0,2
----------
  X O O   
X X O O   
O   X X X 
X X X O O 
  O       
----------

Black 2,1
----------
  X O O   
X X O O   
  X X X X 
X X X O O 
  O       
----------

White 4,2
----------
  X O O   
X X O O   
  X X X X 
X X X O O 
  O O     
----------

Black 1,4
----------
  X O O   
X X O O X 
  X X X X 
X X X O O 
  O O     
----------

White 4,3
----------
  X O O   
X X O O X 
  X X X X 
X X X O O 
  O O O   
----------

Black 0,4
----------
  X     X 
X X     X 
  X X X X 
X X X O O 
  O O O   
----------

White PASS
----------
  X     X 
X X     X 
  X X X X 
X X X O O 
  O O O   
----------

Game end.
The winner is X
ta time: 246.25
student time: 58.8
White(You) lose.
=====Round 8=====
Black:You White:TA
Thu Oct 29 13:25:50 PDT 2020
Clean up...
Start Playing...
Black 2,2
----------
          
          
    X     
          
          
----------

White 3,2
----------
          
          
    X     
    O     
          
----------

Black 1,2
----------
          
    X     
    X     
    O     
          
----------

White 3,1
----------
          
    X     
    X     
  O O     
          
----------

Black 3,4
----------
          
    X     
    X     
  O O   X 
          
----------

White 3,3
----------
          
    X     
    X     
  O O O X 
          
----------

Black 1,1
----------
          
  X X     
    X     
  O O O X 
          
----------

White 2,3
----------
          
  X X     
    X O   
  O O O X 
          
----------

Black 1,3
----------
          
  X X X   
    X O   
  O O O X 
          
----------

White 2,4
----------
          
  X X X   
    X O O 
  O O O X 
          
----------

Black 1,0
----------
          
X X X X   
    X O O 
  O O O X 
          
----------

White 4,4
----------
          
X X X X   
    X O O 
  O O O   
        O 
----------

Black 4,0
----------
          
X X X X   
    X O O 
  O O O   
X       O 
----------

White 3,0
----------
          
X X X X   
    X O O 
O O O O   
X       O 
----------

Black 0,3
----------
      X   
X X X X   
    X O O 
O O O O   
X       O 
----------

White 2,0
----------
      X   
X X X X   
O   X O O 
O O O O   
X       O 
----------

Black 4,2
----------
      X   
X X X X   
O   X O O 
O O O O   
X   X   O 
----------

White 4,3
----------
      X   
X X X X   
O   X O O 
O O O O   
X   X O O 
----------

Black 2,1
----------
      X   
X X X X   
O X X O O 
O O O O   
X   X O O 
----------

White 4,1
----------
      X   
X X X X   
O X X O O 
O O O O   
  O   O O 
----------

Black PASS
----------
      X   
X X X X   
O X X O O 
O O O O   
  O   O O 
----------

White 1,4
----------
      X   
X X X X O 
O X X O O 
O O O O   
  O   O O 
----------

Black PASS
----------
      X   
X X X X O 
O X X O O 
O O O O   
  O   O O 
----------

White 4,0
----------
      X   
X X X X O 
O X X O O 
O O O O   
O O   O O 
----------

Game end.
The winner is O
ta time: 279.03
student time: 62.44
Black(You) lose.
=====Round 9=====
Black:TA White:You
Thu Oct 29 13:26:18 PDT 2020
Clean up...
Start Playing...
Black 2,2
----------
          
          
    X     
          
          
----------

White 0,0
----------
O         
          
    X     
          
          
----------

Black 2,1
----------
O         
          
  X X     
          
          
----------

White 1,3
----------
O         
      O   
  X X     
          
          
----------

Black 2,3
----------
O         
      O   
  X X X   
          
          
----------

White 3,1
----------
O         
      O   
  X X X   
  O       
          
----------

Black 2,4
----------
O         
      O   
  X X X X 
  O       
          
----------

White 4,3
----------
O         
      O   
  X X X X 
  O       
      O   
----------

Black 2,0
----------
O         
      O   
X X X X X 
  O       
      O   
----------

White 1,2
----------
O         
    O O   
X X X X X 
  O       
      O   
----------

Black 1,1
----------
O         
  X O O   
X X X X X 
  O       
      O   
----------

White 3,3
----------
O         
  X O O   
X X X X X 
  O   O   
      O   
----------

Black 1,4
----------
O         
  X O O X 
X X X X X 
  O   O   
      O   
----------

White 0,3
----------
O     O   
  X O O X 
X X X X X 
  O   O   
      O   
----------

Black 0,4
----------
O     O X 
  X O O X 
X X X X X 
  O   O   
      O   
----------

White 3,0
----------
O     O X 
  X O O X 
X X X X X 
O O   O   
      O   
----------

Black 0,2
----------
O   X   X 
  X     X 
X X X X X 
O O   O   
      O   
----------

White 1,3
----------
O   X   X 
  X   O X 
X X X X X 
O O   O   
      O   
----------

Black 3,4
----------
O   X   X 
  X   O X 
X X X X X 
O O   O X 
      O   
----------

White 3,2
----------
O   X   X 
  X   O X 
X X X X X 
O O O O X 
      O   
----------

Black 0,1
----------
O X X   X 
  X   O X 
X X X X X 
O O O O X 
      O   
----------

White 4,0
----------
O X X   X 
  X   O X 
X X X X X 
O O O O X 
O     O   
----------

Black 0,3
----------
O X X X X 
  X   O X 
X X X X X 
O O O O X 
O     O   
----------

White 4,1
----------
O X X X X 
  X   O X 
X X X X X 
O O O O X 
O O   O   
----------

Game end.
The winner is X
ta time: 312.15
student time: 65.83
White(You) lose.
=====Round 10=====
Black:You White:TA
Thu Oct 29 13:26:46 PDT 2020
Clean up...
Start Playing...
Black 2,2
----------
          
          
    X     
          
          
----------

White 1,3
----------
          
      O   
    X     
          
          
----------

Black 0,0
----------
X         
      O   
    X     
          
          
----------

White 1,2
----------
X         
    O O   
    X     
          
          
----------

Black 2,1
----------
X         
    O O   
  X X     
          
          
----------

White 2,3
----------
X         
    O O   
  X X O   
          
          
----------

Black 3,4
----------
X         
    O O   
  X X O   
        X 
          
----------

White 3,3
----------
X         
    O O   
  X X O   
      O X 
          
----------

Black 3,1
----------
X         
    O O   
  X X O   
  X   O X 
          
----------

White 1,1
----------
X         
  O O O   
  X X O   
  X   O X 
          
----------

Black 0,3
----------
X     X   
  O O O   
  X X O   
  X   O X 
          
----------

White 1,0
----------
X     X   
O O O O   
  X X O   
  X   O X 
          
----------

Black 4,1
----------
X     X   
O O O O   
  X X O   
  X   O X 
  X       
----------

White 0,1
----------
  O   X   
O O O O   
  X X O   
  X   O X 
  X       
----------

Black 0,4
----------
  O   X X 
O O O O   
  X X O   
  X   O X 
  X       
----------

White 4,3
----------
  O   X X 
O O O O   
  X X O   
  X   O X 
  X   O   
----------

Black 3,2
----------
  O   X X 
O O O O   
  X X O   
  X X O X 
  X   O   
----------

White 2,0
----------
  O   X X 
O O O O   
O X X O   
  X X O X 
  X   O   
----------

Black 1,4
----------
  O   X X 
O O O O X 
O X X O   
  X X O X 
  X   O   
----------

White 0,2
----------
  O O X X 
O O O O X 
O X X O   
  X X O X 
  X   O   
----------

Black 3,0
----------
  O O X X 
O O O O X 
O X X O   
X X X O X 
  X   O   
----------

White 4,4
----------
  O O X X 
O O O O X 
O X X O   
X X X O X 
  X   O O 
----------

Black PASS
----------
  O O X X 
O O O O X 
O X X O   
X X X O X 
  X   O O 
----------

White 2,4
----------
  O O     
O O O O   
O X X O O 
X X X O   
  X   O O 
----------

Game end.
The winner is O
ta time: 343.56
student time: 69.41
Black(You) lose.
