Thu Oct 29 00:05:02 PDT 2020

==Playing with qlearning_player==
=====Round 1=====
Black:TA White:You
Thu Oct 29 00:05:02 PDT 2020
Clean up...
Start Playing...
Black 1,2
----------
          
    X     
          
          
          
----------

White 2,1
----------
          
    X     
  O       
          
          
----------

Black 2,2
----------
          
    X     
  O X     
          
          
----------

White 3,1
----------
          
    X     
  O X     
  O       
          
----------

Black 0,0
----------
X         
    X     
  O X     
  O       
          
----------

White 1,1
----------
X         
  O X     
  O X     
  O       
          
----------

Black 0,1
----------
X X       
  O X     
  O X     
  O       
          
----------

White 3,2
----------
X X       
  O X     
  O X     
  O O     
          
----------

Black 2,3
----------
X X       
  O X     
  O X X   
  O O     
          
----------

White 3,3
----------
X X       
  O X     
  O X X   
  O O O   
          
----------

Black 2,0
----------
X X       
  O X     
X O X X   
  O O O   
          
----------

White 3,4
----------
X X       
  O X     
X O X X   
  O O O O 
          
----------

Black 0,2
----------
X X X     
  O X     
X O X X   
  O O O O 
          
----------

White 2,4
----------
X X X     
  O X     
X O X X O 
  O O O O 
          
----------

Black 4,2
----------
X X X     
  O X     
X O X X O 
  O O O O 
    X     
----------

White 1,4
----------
X X X     
  O X   O 
X O X X O 
  O O O O 
    X     
----------

Black 1,3
----------
X X X     
  O X X O 
X O X X O 
  O O O O 
    X     
----------

White 0,4
----------
X X X   O 
  O X X O 
X O X X O 
  O O O O 
    X     
----------

Black 4,3
----------
X X X   O 
  O X X O 
X O X X O 
  O O O O 
    X X   
----------

White 3,0
----------
X X X   O 
  O X X O 
X O X X O 
O O O O O 
    X X   
----------

Black 4,1
----------
X X X   O 
  O X X O 
X O X X O 
O O O O O 
  X X X   
----------

White 1,0
----------
X X X   O 
O O X X O 
  O X X O 
O O O O O 
  X X X   
----------

Black 4,4
----------
X X X   O 
O O X X O 
  O X X O 
O O O O O 
  X X X X 
----------

White 0,3
----------
      O O 
O O     O 
  O     O 
O O O O O 
  X X X X 
----------

Game end.
The winner is O
ta time: 3.47
student time: 0.53
White(You) win!
=====Round 2=====
Black:You White:TA
Thu Oct 29 00:05:11 PDT 2020
Clean up...
Start Playing...
Black 2,2
----------
          
          
    X     
          
          
----------

White 2,1
----------
          
          
  O X     
          
          
----------

Black 1,2
----------
          
    X     
  O X     
          
          
----------

White 3,2
----------
          
    X     
  O X     
    O     
          
----------

Black 1,1
----------
          
  X X     
  O X     
    O     
          
----------

White 2,3
----------
          
  X X     
  O X O   
    O     
          
----------

Black 1,3
----------
          
  X X X   
  O X O   
    O     
          
----------

White 2,4
----------
          
  X X X   
  O X O O 
    O     
          
----------

Black 1,0
----------
          
X X X X   
  O X O O 
    O     
          
----------

White 0,2
----------
    O     
X X X X   
  O X O O 
    O     
          
----------

Black 0,3
----------
    O X   
X X X X   
  O X O O 
    O     
          
----------

White 4,2
----------
    O X   
X X X X   
  O X O O 
    O     
    O     
----------

Black 0,1
----------
  X   X   
X X X X   
  O X O O 
    O     
    O     
----------

White 2,0
----------
  X   X   
X X X X   
O O X O O 
    O     
    O     
----------

Black 0,0
----------
X X   X   
X X X X   
O O X O O 
    O     
    O     
----------

White 3,1
----------
X X   X   
X X X X   
O O X O O 
  O O     
    O     
----------

Black 0,2
----------
X X X X   
X X X X   
O O X O O 
  O O     
    O     
----------

White 3,3
----------
X X X X   
X X X X   
O O X O O 
  O O O   
    O     
----------

Black 4,0
----------
X X X X   
X X X X   
O O X O O 
  O O O   
X   O     
----------

White 3,4
----------
X X X X   
X X X X   
O O X O O 
  O O O O 
X   O     
----------

Black 0,4
----------
X X X X X 
X X X X   
O O X O O 
  O O O O 
X   O     
----------

White 1,4
----------
          
        O 
O O   O O 
  O O O O 
X   O     
----------

Black 1,2
----------
          
    X   O 
O O   O O 
  O O O O 
X   O     
----------

White 2,2
----------
          
    X   O 
O O O O O 
  O O O O 
X   O     
----------

Game end.
The winner is O
ta time: 6.74
student time: 1.09
Black(You) lose.
=====Round 3=====
Black:TA White:You
Thu Oct 29 00:05:19 PDT 2020
Clean up...
Start Playing...
Black 1,2
----------
          
    X     
          
          
          
----------

White 2,1
----------
          
    X     
  O       
          
          
----------

Black 2,2
----------
          
    X     
  O X     
          
          
----------

White 3,1
----------
          
    X     
  O X     
  O       
          
----------

Black 0,0
----------
X         
    X     
  O X     
  O       
          
----------

White 1,1
----------
X         
  O X     
  O X     
  O       
          
----------

Black 0,1
----------
X X       
  O X     
  O X     
  O       
          
----------

White 3,2
----------
X X       
  O X     
  O X     
  O O     
          
----------

Black 2,3
----------
X X       
  O X     
  O X X   
  O O     
          
----------

White 3,3
----------
X X       
  O X     
  O X X   
  O O O   
          
----------

Black 2,4
----------
X X       
  O X     
  O X X X 
  O O O   
          
----------

White 3,0
----------
X X       
  O X     
  O X X X 
O O O O   
          
----------

Black 0,2
----------
X X X     
  O X     
  O X X X 
O O O O   
          
----------

White 3,4
----------
X X X     
  O X     
  O X X X 
O O O O O 
          
----------

Black 1,3
----------
X X X     
  O X X   
  O X X X 
O O O O O 
          
----------

White 1,0
----------
X X X     
O O X X   
  O X X X 
O O O O O 
          
----------

Black 4,2
----------
X X X     
O O X X   
  O X X X 
O O O O O 
    X     
----------

White 2,0
----------
X X X     
O O X X   
O O X X X 
O O O O O 
    X     
----------

Black 1,4
----------
X X X     
O O X X X 
O O X X X 
O O O O O 
    X     
----------

White 4,0
----------
X X X     
O O X X X 
O O X X X 
O O O O O 
O   X     
----------

Black 4,1
----------
X X X     
O O X X X 
O O X X X 
O O O O O 
O X X     
----------

White 4,3
----------
X X X     
O O X X X 
O O X X X 
O O O O O 
O     O   
----------

Black 4,2
----------
X X X     
O O X X X 
O O X X X 
O O O O O 
O   X O   
----------

White 4,1
----------
X X X     
O O X X X 
O O X X X 
O O O O O 
O O   O   
----------

Game end.
The winner is O
ta time: 10.24
student time: 1.48
White(You) win!
=====Round 4=====
Black:You White:TA
Thu Oct 29 00:05:28 PDT 2020
Clean up...
Start Playing...
Black 2,2
----------
          
          
    X     
          
          
----------

White 2,1
----------
          
          
  O X     
          
          
----------

Black 1,2
----------
          
    X     
  O X     
          
          
----------

White 3,2
----------
          
    X     
  O X     
    O     
          
----------

Black 1,1
----------
          
  X X     
  O X     
    O     
          
----------

White 2,3
----------
          
  X X     
  O X O   
    O     
          
----------

Black 1,3
----------
          
  X X X   
  O X O   
    O     
          
----------

White 0,2
----------
    O     
  X X X   
  O X O   
    O     
          
----------

Black 1,0
----------
    O     
X X X X   
  O X O   
    O     
          
----------

White 3,3
----------
    O     
X X X X   
  O X O   
    O O   
          
----------

Black 1,4
----------
    O     
X X X X X 
  O X O   
    O O   
          
----------

White 2,4
----------
    O     
X X X X X 
  O X O O 
    O O   
          
----------

Black 2,0
----------
    O     
X X X X X 
X O X O O 
    O O   
          
----------

White 3,1
----------
    O     
X X X X X 
X O X O O 
  O O O   
          
----------

Black 3,0
----------
    O     
X X X X X 
X O X O O 
X O O O   
          
----------

White 4,2
----------
    O     
X X X X X 
X O X O O 
X O O O   
    O     
----------

Black 4,0
----------
    O     
X X X X X 
X O X O O 
X O O O   
X   O     
----------

White 0,3
----------
    O O   
X X X X X 
X O X O O 
X O O O   
X   O     
----------

Black 0,0
----------
X   O O   
X X X X X 
X O X O O 
X O O O   
X   O     
----------

White 3,4
----------
X   O O   
X X X X X 
X O X O O 
X O O O O 
X   O     
----------

Black 0,1
----------
X X O O   
X X X X X 
X O X O O 
X O O O O 
X   O     
----------

White 4,1
----------
X X O O   
X X X X X 
X O X O O 
X O O O O 
X O O     
----------

Black 0,4
----------
X X     X 
X X X X X 
X O X O O 
X O O O O 
X O O     
----------

White 0,2
----------
X X O   X 
X X X X X 
X O X O O 
X O O O O 
X O O     
----------

Game end.
The winner is O
ta time: 13.43
student time: 1.97
Black(You) lose.
=====Round 5=====
Black:TA White:You
Thu Oct 29 00:05:36 PDT 2020
Clean up...
Start Playing...
Black 1,2
----------
          
    X     
          
          
          
----------

White 2,1
----------
          
    X     
  O       
          
          
----------

Black 2,2
----------
          
    X     
  O X     
          
          
----------

White 3,1
----------
          
    X     
  O X     
  O       
          
----------

Black 0,0
----------
X         
    X     
  O X     
  O       
          
----------

White 1,1
----------
X         
  O X     
  O X     
  O       
          
----------

Black 0,1
----------
X X       
  O X     
  O X     
  O       
          
----------

White 3,2
----------
X X       
  O X     
  O X     
  O O     
          
----------

Black 2,3
----------
X X       
  O X     
  O X X   
  O O     
          
----------

White 3,3
----------
X X       
  O X     
  O X X   
  O O O   
          
----------

Black 2,4
----------
X X       
  O X     
  O X X X 
  O O O   
          
----------

White 3,0
----------
X X       
  O X     
  O X X X 
O O O O   
          
----------

Black 4,2
----------
X X       
  O X     
  O X X X 
O O O O   
    X     
----------

White 3,4
----------
X X       
  O X     
  O X X X 
O O O O O 
    X     
----------

Black 1,3
----------
X X       
  O X X   
  O X X X 
O O O O O 
    X     
----------

White 1,0
----------
X X       
O O X X   
  O X X X 
O O O O O 
    X     
----------

Black 0,2
----------
X X X     
O O X X   
  O X X X 
O O O O O 
    X     
----------

White 2,0
----------
X X X     
O O X X   
O O X X X 
O O O O O 
    X     
----------

Black 1,4
----------
X X X     
O O X X X 
O O X X X 
O O O O O 
    X     
----------

White 4,0
----------
X X X     
O O X X X 
O O X X X 
O O O O O 
O   X     
----------

Black 4,3
----------
X X X     
O O X X X 
O O X X X 
O O O O O 
O   X X   
----------

White 4,1
----------
X X X     
O O X X X 
O O X X X 
O O O O O 
O O X X   
----------

Black 4,4
----------
X X X     
    X X X 
    X X X 
          
    X X X 
----------

White 3,1
----------
X X X     
    X X X 
    X X X 
  O       
    X X X 
----------

Game end.
The winner is X
ta time: 16.76
student time: 2.34
White(You) lose.
=====Round 6=====
Black:You White:TA
Thu Oct 29 00:05:44 PDT 2020
Clean up...
Start Playing...
Black 2,2
----------
          
          
    X     
          
          
----------

White 2,1
----------
          
          
  O X     
          
          
----------

Black 1,2
----------
          
    X     
  O X     
          
          
----------

White 3,2
----------
          
    X     
  O X     
    O     
          
----------

Black 1,1
----------
          
  X X     
  O X     
    O     
          
----------

White 2,3
----------
          
  X X     
  O X O   
    O     
          
----------

Black 1,3
----------
          
  X X X   
  O X O   
    O     
          
----------

White 0,2
----------
    O     
  X X X   
  O X O   
    O     
          
----------

Black 1,0
----------
    O     
X X X X   
  O X O   
    O     
          
----------

White 3,1
----------
    O     
X X X X   
  O X O   
  O O     
          
----------

Black 1,4
----------
    O     
X X X X X 
  O X O   
  O O     
          
----------

White 3,3
----------
    O     
X X X X X 
  O X O   
  O O O   
          
----------

Black 2,0
----------
    O     
X X X X X 
X O X O   
  O O O   
          
----------

White 2,4
----------
    O     
X X X X X 
X O X O O 
  O O O   
          
----------

Black 3,0
----------
    O     
X X X X X 
X O X O O 
X O O O   
          
----------

White 4,2
----------
    O     
X X X X X 
X O X O O 
X O O O   
    O     
----------

Black 4,0
----------
    O     
X X X X X 
X O X O O 
X O O O   
X   O     
----------

White 0,1
----------
  O O     
X X X X X 
X O X O O 
X O O O   
X   O     
----------

Black 0,0
----------
X O O     
X X X X X 
X O X O O 
X O O O   
X   O     
----------

White 4,3
----------
X O O     
X X X X X 
X O X O O 
X O O O   
X   O O   
----------

Black 0,3
----------
X     X   
X X X X X 
X O X O O 
X O O O   
X   O O   
----------

White 0,2
----------
X   O X   
X X X X X 
X O X O O 
X O O O   
X   O O   
----------

Black 0,1
----------
X X   X   
X X X X X 
X O X O O 
X O O O   
X   O O   
----------

White 3,4
----------
X X   X   
X X X X X 
X O X O O 
X O O O O 
X   O O   
----------

Game end.
The winner is X
ta time: 19.86
student time: 2.73
Black(You) win!
=====Round 7=====
Black:TA White:You
Thu Oct 29 00:05:51 PDT 2020
Clean up...
Start Playing...
Black 1,2
----------
          
    X     
          
          
          
----------

White 2,1
----------
          
    X     
  O       
          
          
----------

Black 2,2
----------
          
    X     
  O X     
          
          
----------

White 3,1
----------
          
    X     
  O X     
  O       
          
----------

Black 0,0
----------
X         
    X     
  O X     
  O       
          
----------

White 1,1
----------
X         
  O X     
  O X     
  O       
          
----------

Black 0,1
----------
X X       
  O X     
  O X     
  O       
          
----------

White 3,2
----------
X X       
  O X     
  O X     
  O O     
          
----------

Black 2,3
----------
X X       
  O X     
  O X X   
  O O     
          
----------

White 3,3
----------
X X       
  O X     
  O X X   
  O O O   
          
----------

Black 0,2
----------
X X X     
  O X     
  O X X   
  O O O   
          
----------

White 3,4
----------
X X X     
  O X     
  O X X   
  O O O O 
          
----------

Black 1,3
----------
X X X     
  O X X   
  O X X   
  O O O O 
          
----------

White 2,4
----------
X X X     
  O X X   
  O X X O 
  O O O O 
          
----------

Black 4,2
----------
X X X     
  O X X   
  O X X O 
  O O O O 
    X     
----------

White 1,4
----------
X X X     
  O X X O 
  O X X O 
  O O O O 
    X     
----------

Black 2,0
----------
X X X     
  O X X O 
X O X X O 
  O O O O 
    X     
----------

White 0,4
----------
X X X   O 
  O X X O 
X O X X O 
  O O O O 
    X     
----------

Black 1,0
----------
X X X   O 
X O X X O 
X O X X O 
  O O O O 
    X     
----------

White 3,0
----------
X X X   O 
X O X X O 
X O X X O 
O O O O O 
    X     
----------

Black 4,1
----------
X X X   O 
X O X X O 
X O X X O 
O O O O O 
  X X     
----------

White 0,3
----------
      O O 
  O     O 
  O     O 
O O O O O 
  X X     
----------

Black 2,2
----------
      O O 
  O     O 
  O X   O 
O O O O O 
  X X     
----------

White 0,1
----------
  O   O O 
  O     O 
  O X   O 
O O O O O 
  X X     
----------

Game end.
The winner is O
ta time: 23.22
student time: 3.21
White(You) win!
=====Round 8=====
Black:You White:TA
Thu Oct 29 00:05:59 PDT 2020
Clean up...
Start Playing...
Black 2,2
----------
          
          
    X     
          
          
----------

White 2,1
----------
          
          
  O X     
          
          
----------

Black 1,2
----------
          
    X     
  O X     
          
          
----------

White 3,2
----------
          
    X     
  O X     
    O     
          
----------

Black 1,1
----------
          
  X X     
  O X     
    O     
          
----------

White 2,3
----------
          
  X X     
  O X O   
    O     
          
----------

Black 1,3
----------
          
  X X X   
  O X O   
    O     
          
----------

White 2,0
----------
          
  X X X   
O O X O   
    O     
          
----------

Black 1,4
----------
          
  X X X X 
O O X O   
    O     
          
----------

White 4,2
----------
          
  X X X X 
O O X O   
    O     
    O     
----------

Black 0,1
----------
  X       
  X X X X 
O O X O   
    O     
    O     
----------

White 0,2
----------
  X O     
  X X X X 
O O X O   
    O     
    O     
----------

Black 0,3
----------
  X   X   
  X X X X 
O O X O   
    O     
    O     
----------

White 3,1
----------
  X   X   
  X X X X 
O O X O   
  O O     
    O     
----------

Black 2,4
----------
  X   X   
  X X X X 
O O X O X 
  O O     
    O     
----------

White 3,3
----------
  X   X   
  X X X X 
O O X O X 
  O O O   
    O     
----------

Black 3,4
----------
  X   X   
  X X X X 
O O X O X 
  O O O X 
    O     
----------

White 4,3
----------
  X   X   
  X X X X 
O O X O X 
  O O O X 
    O O   
----------

Black 0,0
----------
X X   X   
  X X X X 
O O X O X 
  O O O X 
    O O   
----------

White 1,0
----------
X X   X   
O X X X X 
O O X O X 
  O O O X 
    O O   
----------

Black 0,2
----------
X X X X   
O X X X X 
O O X O X 
  O O O X 
    O O   
----------

White 4,1
----------
X X X X   
O X X X X 
O O X O X 
  O O O X 
  O O O   
----------

Black 0,4
----------
X X X X X 
O X X X X 
O O X O X 
  O O O X 
  O O O   
----------

White 4,4
----------
          
O         
O O   O   
  O O O   
  O O O O 
----------

Game end.
The winner is O
ta time: 26.6
student time: 3.68
Black(You) lose.
=====Round 9=====
Black:TA White:You
Thu Oct 29 00:06:08 PDT 2020
Clean up...
Start Playing...
Black 1,2
----------
          
    X     
          
          
          
----------

White 2,1
----------
          
    X     
  O       
          
          
----------

Black 2,2
----------
          
    X     
  O X     
          
          
----------

White 3,1
----------
          
    X     
  O X     
  O       
          
----------

Black 0,0
----------
X         
    X     
  O X     
  O       
          
----------

White 1,1
----------
X         
  O X     
  O X     
  O       
          
----------

Black 0,1
----------
X X       
  O X     
  O X     
  O       
          
----------

White 3,2
----------
X X       
  O X     
  O X     
  O O     
          
----------

Black 2,3
----------
X X       
  O X     
  O X X   
  O O     
          
----------

White 3,3
----------
X X       
  O X     
  O X X   
  O O O   
          
----------

Black 2,0
----------
X X       
  O X     
X O X X   
  O O O   
          
----------

White 3,4
----------
X X       
  O X     
X O X X   
  O O O O 
          
----------

Black 2,4
----------
X X       
  O X     
X O X X X 
  O O O O 
          
----------

White 3,0
----------
X X       
  O X     
X O X X X 
O O O O O 
          
----------

Black 0,2
----------
X X X     
  O X     
X O X X X 
O O O O O 
          
----------

White 1,0
----------
X X X     
O O X     
  O X X X 
O O O O O 
          
----------

Black 1,3
----------
X X X     
O O X X   
  O X X X 
O O O O O 
          
----------

White 2,0
----------
X X X     
O O X X   
O O X X X 
O O O O O 
          
----------

Black 4,2
----------
X X X     
O O X X   
O O X X X 
O O O O O 
    X     
----------

White 4,0
----------
X X X     
O O X X   
O O X X X 
O O O O O 
O   X     
----------

Black 4,3
----------
X X X     
O O X X   
O O X X X 
O O O O O 
O   X X   
----------

White 0,4
----------
X X X   O 
O O X X   
O O X X X 
O O O O O 
O   X X   
----------

Black 4,1
----------
X X X   O 
O O X X   
O O X X X 
O O O O O 
O X X X   
----------

White 4,4
----------
X X X   O 
O O X X   
O O X X X 
O O O O O 
O       O 
----------

Game end.
The winner is O
ta time: 30.23
student time: 4.06
White(You) win!
=====Round 10=====
Black:You White:TA
Thu Oct 29 00:06:16 PDT 2020
Clean up...
Start Playing...
Black 2,2
----------
          
          
    X     
          
          
----------

White 2,1
----------
          
          
  O X     
          
          
----------

Black 1,2
----------
          
    X     
  O X     
          
          
----------

White 3,2
----------
          
    X     
  O X     
    O     
          
----------

Black 1,1
----------
          
  X X     
  O X     
    O     
          
----------

White 2,3
----------
          
  X X     
  O X O   
    O     
          
----------

Black 1,3
----------
          
  X X X   
  O X O   
    O     
          
----------

White 2,4
----------
          
  X X X   
  O X O O 
    O     
          
----------

Black 1,0
----------
          
X X X X   
  O X O O 
    O     
          
----------

White 3,1
----------
          
X X X X   
  O X O O 
  O O     
          
----------

Black 0,3
----------
      X   
X X X X   
  O X O O 
  O O     
          
----------

White 3,3
----------
      X   
X X X X   
  O X O O 
  O O O   
          
----------

Black 2,0
----------
      X   
X X X X   
X O X O O 
  O O O   
          
----------

White 4,2
----------
      X   
X X X X   
X O X O O 
  O O O   
    O     
----------

Black 3,0
----------
      X   
X X X X   
X O X O O 
X O O O   
    O     
----------

White 0,2
----------
    O X   
X X X X   
X O X O O 
X O O O   
    O     
----------

Black 0,1
----------
  X   X   
X X X X   
X O X O O 
X O O O   
    O     
----------

White 4,1
----------
  X   X   
X X X X   
X O X O O 
X O O O   
  O O     
----------

Black 0,0
----------
X X   X   
X X X X   
X O X O O 
X O O O   
  O O     
----------

White 1,4
----------
X X   X   
X X X X O 
X O X O O 
X O O O   
  O O     
----------

Black 0,2
----------
X X X X   
X X X X O 
X O X O O 
X O O O   
  O O     
----------

White 4,3
----------
X X X X   
X X X X O 
X O X O O 
X O O O   
  O O O   
----------

Black 0,4
----------
X X X X X 
X X X X O 
X O X O O 
X O O O   
  O O O   
----------

White 4,0
----------
          
        O 
  O   O O 
  O O O   
O O O O   
----------

Game end.
The winner is O
ta time: 33.3
student time: 4.52
Black(You) lose.

==Playing with championship_player==
=====Round 1=====
Black:TA White:You
Thu Oct 29 00:06:23 PDT 2020
Clean up...
Start Playing...
Black 2,2
----------
          
          
    X     
          
          
----------

White 1,1
----------
          
  O       
    X     
          
          
----------

Black 1,2
----------
          
  O X     
    X     
          
          
----------

White 2,1
----------
          
  O X     
  O X     
          
          
----------

Black 3,1
----------
          
  O X     
  O X     
  X       
          
----------

White 0,1
----------
  O       
  O X     
  O X     
  X       
          
----------

Black 3,0
----------
  O       
  O X     
  O X     
X X       
          
----------

White 0,2
----------
  O O     
  O X     
  O X     
X X       
          
----------

Black 1,3
----------
  O O     
  O X X   
  O X     
X X       
          
----------

White 0,3
----------
  O O O   
  O X X   
  O X     
X X       
          
----------

Black 1,4
----------
  O O O   
  O X X X 
  O X     
X X       
          
----------

White 0,0
----------
O O O O   
  O X X X 
  O X     
X X       
          
----------

Black 2,0
----------
O O O O   
  O X X X 
X O X     
X X       
          
----------

White 3,3
----------
O O O O   
  O X X X 
X O X     
X X   O   
          
----------

Black 0,4
----------
O O O O X 
  O X X X 
X O X     
X X   O   
          
----------

White 2,3
----------
O O O O X 
  O X X X 
X O X O   
X X   O   
          
----------

Black 1,0
----------
        X 
X   X X X 
X   X O   
X X   O   
          
----------

White 3,2
----------
        X 
X   X X X 
X   X O   
X X O O   
          
----------

Black 4,1
----------
        X 
X   X X X 
X   X O   
X X O O   
  X       
----------

White 3,4
----------
        X 
X   X X X 
X   X O   
X X O O O 
  X       
----------

Black 4,2
----------
        X 
X   X X X 
X   X O   
X X O O O 
  X X     
----------

White 2,4
----------
        X 
X   X X X 
X   X O O 
X X O O O 
  X X     
----------

Black 0,0
----------
X       X 
X   X X X 
X   X O O 
X X O O O 
  X X     
----------

White 1,1
----------
X       X 
X O X X X 
X   X O O 
X X O O O 
  X X     
----------

Game end.
The winner is X
ta time: 68.74
student time: 5.03
White(You) lose.
=====Round 2=====
Black:You White:TA
Thu Oct 29 00:06:49 PDT 2020
Clean up...
Start Playing...
Black 2,2
----------
          
          
    X     
          
          
----------

White 2,3
----------
          
          
    X O   
          
          
----------

Black 1,2
----------
          
    X     
    X O   
          
          
----------

White 3,3
----------
          
    X     
    X O   
      O   
          
----------

Black 1,1
----------
          
  X X     
    X O   
      O   
          
----------

White 3,2
----------
          
  X X     
    X O   
    O O   
          
----------

Black 1,3
----------
          
  X X X   
    X O   
    O O   
          
----------

White 3,1
----------
          
  X X X   
    X O   
  O O O   
          
----------

Black 1,0
----------
          
X X X X   
    X O   
  O O O   
          
----------

White 1,4
----------
          
X X X X O 
    X O   
  O O O   
          
----------

Black 0,3
----------
      X   
X X X X O 
    X O   
  O O O   
          
----------

White 2,1
----------
      X   
X X X X O 
  O X O   
  O O O   
          
----------

Black 2,0
----------
      X   
X X X X O 
X O X O   
  O O O   
          
----------

White 3,0
----------
      X   
X X X X O 
X O X O   
O O O O   
          
----------

Black 0,0
----------
X     X   
X X X X O 
X O X O   
O O O O   
          
----------

White 2,4
----------
X     X   
X X X X O 
X O X O O 
O O O O   
          
----------

Black 0,1
----------
X X   X   
X X X X O 
X O X O O 
O O O O   
          
----------

White 4,3
----------
X X   X   
X X X X O 
X O X O O 
O O O O   
      O   
----------

Black 4,1
----------
X X   X   
X X X X O 
X O X O O 
O O O O   
  X   O   
----------

White 0,4
----------
X X   X O 
X X X X O 
X O X O O 
O O O O   
  X   O   
----------

Black 4,0
----------
X X   X O 
X X X X O 
X O X O O 
O O O O   
X X   O   
----------

White 0,2
----------
    O   O 
        O 
  O   O O 
O O O O   
X X   O   
----------

Black 1,1
----------
    O   O 
  X     O 
  O   O O 
O O O O   
X X   O   
----------

White 1,0
----------
    O   O 
O X     O 
  O   O O 
O O O O   
X X   O   
----------

Game end.
The winner is O
ta time: 107.34
student time: 5.58
Black(You) lose.
=====Round 3=====
Black:TA White:You
Thu Oct 29 00:07:16 PDT 2020
Clean up...
Start Playing...
Black 2,2
----------
          
          
    X     
          
          
----------

White 1,1
----------
          
  O       
    X     
          
          
----------

Black 1,2
----------
          
  O X     
    X     
          
          
----------

White 2,1
----------
          
  O X     
  O X     
          
          
----------

Black 3,1
----------
          
  O X     
  O X     
  X       
          
----------

White 0,1
----------
  O       
  O X     
  O X     
  X       
          
----------

Black 3,0
----------
  O       
  O X     
  O X     
X X       
          
----------

White 0,2
----------
  O O     
  O X     
  O X     
X X       
          
----------

Black 1,3
----------
  O O     
  O X X   
  O X     
X X       
          
----------

White 0,3
----------
  O O O   
  O X X   
  O X     
X X       
          
----------

Black 1,4
----------
  O O O   
  O X X X 
  O X     
X X       
          
----------

White 0,0
----------
O O O O   
  O X X X 
  O X     
X X       
          
----------

Black 2,0
----------
O O O O   
  O X X X 
X O X     
X X       
          
----------

White 3,3
----------
O O O O   
  O X X X 
X O X     
X X   O   
          
----------

Black 0,4
----------
O O O O X 
  O X X X 
X O X     
X X   O   
          
----------

White 2,3
----------
O O O O X 
  O X X X 
X O X O   
X X   O   
          
----------

Black 1,0
----------
        X 
X   X X X 
X   X O   
X X   O   
          
----------

White 3,2
----------
        X 
X   X X X 
X   X O   
X X O O   
          
----------

Black 4,2
----------
        X 
X   X X X 
X   X O   
X X O O   
    X     
----------

White 3,4
----------
        X 
X   X X X 
X   X O   
X X O O O 
    X     
----------

Black 4,1
----------
        X 
X   X X X 
X   X O   
X X O O O 
  X X     
----------

White 2,4
----------
        X 
X   X X X 
X   X O O 
X X O O O 
  X X     
----------

Black 4,3
----------
        X 
X   X X X 
X   X O O 
X X O O O 
  X X X   
----------

White 0,1
----------
  O     X 
X   X X X 
X   X O O 
X X O O O 
  X X X   
----------

Game end.
The winner is X
ta time: 140.61
student time: 5.89
White(You) lose.
=====Round 4=====
Black:You White:TA
Thu Oct 29 00:07:42 PDT 2020
Clean up...
Start Playing...
Black 2,2
----------
          
          
    X     
          
          
----------

White 2,3
----------
          
          
    X O   
          
          
----------

Black 1,2
----------
          
    X     
    X O   
          
          
----------

White 3,3
----------
          
    X     
    X O   
      O   
          
----------

Black 1,1
----------
          
  X X     
    X O   
      O   
          
----------

White 3,2
----------
          
  X X     
    X O   
    O O   
          
----------

Black 1,3
----------
          
  X X X   
    X O   
    O O   
          
----------

White 3,1
----------
          
  X X X   
    X O   
  O O O   
          
----------

Black 1,0
----------
          
X X X X   
    X O   
  O O O   
          
----------

White 1,4
----------
          
X X X X O 
    X O   
  O O O   
          
----------

Black 0,3
----------
      X   
X X X X O 
    X O   
  O O O   
          
----------

White 2,1
----------
      X   
X X X X O 
  O X O   
  O O O   
          
----------

Black 2,0
----------
      X   
X X X X O 
X O X O   
  O O O   
          
----------

White 3,0
----------
      X   
X X X X O 
X O X O   
O O O O   
          
----------

Black 0,0
----------
X     X   
X X X X O 
X O X O   
O O O O   
          
----------

White 2,4
----------
X     X   
X X X X O 
X O X O O 
O O O O   
          
----------

Black 0,1
----------
X X   X   
X X X X O 
X O X O O 
O O O O   
          
----------

White 4,3
----------
X X   X   
X X X X O 
X O X O O 
O O O O   
      O   
----------

Black 4,1
----------
X X   X   
X X X X O 
X O X O O 
O O O O   
  X   O   
----------

White 0,4
----------
X X   X O 
X X X X O 
X O X O O 
O O O O   
  X   O   
----------

Black 4,0
----------
X X   X O 
X X X X O 
X O X O O 
O O O O   
X X   O   
----------

White 0,2
----------
    O   O 
        O 
  O   O O 
O O O O   
X X   O   
----------

Black 1,1
----------
    O   O 
  X     O 
  O   O O 
O O O O   
X X   O   
----------

White 4,2
----------
    O   O 
  X     O 
  O   O O 
O O O O   
    O O   
----------

Game end.
The winner is O
ta time: 178.05
student time: 6.17
Black(You) lose.
=====Round 5=====
Black:TA White:You
Thu Oct 29 00:08:09 PDT 2020
Clean up...
Start Playing...
Black 2,2
----------
          
          
    X     
          
          
----------

White 1,1
----------
          
  O       
    X     
          
          
----------

Black 2,1
----------
          
  O       
  X X     
          
          
----------

White 1,2
----------
          
  O O     
  X X     
          
          
----------

Black 1,3
----------
          
  O O X   
  X X     
          
          
----------

White 1,0
----------
          
O O O X   
  X X     
          
          
----------

Black 0,3
----------
      X   
O O O X   
  X X     
          
          
----------

White 2,0
----------
      X   
O O O X   
O X X     
          
          
----------

Black 3,1
----------
      X   
O O O X   
O X X     
  X       
          
----------

White 3,0
----------
      X   
O O O X   
O X X     
O X       
          
----------

Black 4,1
----------
      X   
O O O X   
O X X     
O X       
  X       
----------

White 0,0
----------
O     X   
O O O X   
O X X     
O X       
  X       
----------

Black 0,2
----------
O   X X   
O O O X   
O X X     
O X       
  X       
----------

White 3,3
----------
O   X X   
O O O X   
O X X     
O X   O   
  X       
----------

Black 4,0
----------
O   X X   
O O O X   
O X X     
O X   O   
X X       
----------

White 2,3
----------
O   X X   
O O O X   
O X X O   
O X   O   
X X       
----------

Black 0,1
----------
  X X X   
      X   
  X X O   
  X   O   
X X       
----------

White 3,2
----------
  X X X   
      X   
  X X O   
  X O O   
X X       
----------

Black 4,2
----------
  X X X   
      X   
  X X O   
  X O O   
X X X     
----------

White 2,4
----------
  X X X   
      X   
  X X O O 
  X O O   
X X X     
----------

Black 1,4
----------
  X X X   
      X X 
  X X O O 
  X O O   
X X X     
----------

White 3,4
----------
  X X X   
      X X 
  X X O O 
  X O O O 
X X X     
----------

Black 0,0
----------
X X X X   
      X X 
  X X O O 
  X O O O 
X X X     
----------

White 1,1
----------
X X X X   
  O   X X 
  X X O O 
  X O O O 
X X X     
----------

Game end.
The winner is X
ta time: 214.5
student time: 6.78
White(You) lose.
=====Round 6=====
Black:You White:TA
Thu Oct 29 00:08:39 PDT 2020
Clean up...
Start Playing...
Black 2,2
----------
          
          
    X     
          
          
----------

White 3,1
----------
          
          
    X     
  O       
          
----------

Black 1,2
----------
          
    X     
    X     
  O       
          
----------

White 2,1
----------
          
    X     
  O X     
  O       
          
----------

Black 1,1
----------
          
  X X     
  O X     
  O       
          
----------

White 3,2
----------
          
  X X     
  O X     
  O O     
          
----------

Black 1,3
----------
          
  X X X   
  O X     
  O O     
          
----------

White 3,3
----------
          
  X X X   
  O X     
  O O O   
          
----------

Black 1,0
----------
          
X X X X   
  O X     
  O O O   
          
----------

White 2,0
----------
          
X X X X   
O O X     
  O O O   
          
----------

Black 1,4
----------
          
X X X X X 
O O X     
  O O O   
          
----------

White 3,4
----------
          
X X X X X 
O O X     
  O O O O 
          
----------

Black 2,3
----------
          
X X X X X 
O O X X   
  O O O O 
          
----------

White 4,2
----------
          
X X X X X 
O O X X   
  O O O O 
    O     
----------

Black 0,0
----------
X         
X X X X X 
O O X X   
  O O O O 
    O     
----------

White 3,0
----------
X         
X X X X X 
O O X X   
O O O O O 
    O     
----------

Black 0,1
----------
X X       
X X X X X 
O O X X   
O O O O O 
    O     
----------

White 0,3
----------
X X   O   
X X X X X 
O O X X   
O O O O O 
    O     
----------

Black 0,2
----------
X X X O   
X X X X X 
O O X X   
O O O O O 
    O     
----------

White 4,3
----------
X X X O   
X X X X X 
O O X X   
O O O O O 
    O O   
----------

Black 0,4
----------
X X X   X 
X X X X X 
O O X X   
O O O O O 
    O O   
----------

White 4,1
----------
X X X   X 
X X X X X 
O O X X   
O O O O O 
  O O O   
----------

Black 0,3
----------
X X X X X 
X X X X X 
O O X X   
O O O O O 
  O O O   
----------

White 4,4
----------
X X X X X 
X X X X X 
O O X X   
O O O O O 
  O O O O 
----------

Game end.
The winner is O
ta time: 255.02
student time: 7.57
Black(You) lose.
=====Round 7=====
Black:TA White:You
Thu Oct 29 00:09:09 PDT 2020
Clean up...
Start Playing...
Black 2,2
----------
          
          
    X     
          
          
----------

White 1,1
----------
          
  O       
    X     
          
          
----------

Black 2,1
----------
          
  O       
  X X     
          
          
----------

White 1,2
----------
          
  O O     
  X X     
          
          
----------

Black 1,3
----------
          
  O O X   
  X X     
          
          
----------

White 1,0
----------
          
O O O X   
  X X     
          
          
----------

Black 0,2
----------
    X     
O O O X   
  X X     
          
          
----------

White 2,0
----------
    X     
O O O X   
O X X     
          
          
----------

Black 3,0
----------
    X     
O O O X   
O X X     
X         
          
----------

White 3,3
----------
    X     
O O O X   
O X X     
X     O   
          
----------

Black 3,1
----------
    X     
O O O X   
O X X     
X X   O   
          
----------

White 2,3
----------
    X     
O O O X   
O X X O   
X X   O   
          
----------

Black 0,1
----------
  X X     
O O O X   
O X X O   
X X   O   
          
----------

White 3,2
----------
  X X     
O O O X   
O X X O   
X X O O   
          
----------

Black 0,0
----------
X X X     
      X   
  X X O   
X X O O   
          
----------

White 2,4
----------
X X X     
      X   
  X X O O 
X X O O   
          
----------

Black 1,4
----------
X X X     
      X X 
  X X O O 
X X O O   
          
----------

White 3,4
----------
X X X     
      X X 
  X X O O 
X X O O O 
          
----------

Black 4,1
----------
X X X     
      X X 
  X X O O 
X X O O O 
  X       
----------

White 4,2
----------
X X X     
      X X 
  X X O O 
X X O O O 
  X O     
----------

Black 2,0
----------
X X X     
      X X 
X X X O O 
X X O O O 
  X O     
----------

White 1,1
----------
X X X     
  O   X X 
X X X O O 
X X O O O 
  X O     
----------

Black 1,0
----------
X X X     
X O   X X 
X X X O O 
X X O O O 
  X O     
----------

White 4,3
----------
X X X     
X O   X X 
X X X O O 
X X O O O 
  X O O   
----------

Game end.
The winner is X
ta time: 280.8
student time: 8.16
White(You) lose.
=====Round 8=====
Black:You White:TA
Thu Oct 29 00:09:33 PDT 2020
Clean up...
Start Playing...
Black 2,2
----------
          
          
    X     
          
          
----------

White 2,3
----------
          
          
    X O   
          
          
----------

Black 1,2
----------
          
    X     
    X O   
          
          
----------

White 3,3
----------
          
    X     
    X O   
      O   
          
----------

Black 1,1
----------
          
  X X     
    X O   
      O   
          
----------

White 3,2
----------
          
  X X     
    X O   
    O O   
          
----------

Black 1,3
----------
          
  X X X   
    X O   
    O O   
          
----------

White 3,1
----------
          
  X X X   
    X O   
  O O O   
          
----------

Black 1,0
----------
          
X X X X   
    X O   
  O O O   
          
----------

White 1,4
----------
          
X X X X O 
    X O   
  O O O   
          
----------

Black 0,3
----------
      X   
X X X X O 
    X O   
  O O O   
          
----------

White 2,1
----------
      X   
X X X X O 
  O X O   
  O O O   
          
----------

Black 2,0
----------
      X   
X X X X O 
X O X O   
  O O O   
          
----------

White 3,0
----------
      X   
X X X X O 
X O X O   
O O O O   
          
----------

Black 0,0
----------
X     X   
X X X X O 
X O X O   
O O O O   
          
----------

White 2,4
----------
X     X   
X X X X O 
X O X O O 
O O O O   
          
----------

Black 0,1
----------
X X   X   
X X X X O 
X O X O O 
O O O O   
          
----------

White 4,3
----------
X X   X   
X X X X O 
X O X O O 
O O O O   
      O   
----------

Black 4,1
----------
X X   X   
X X X X O 
X O X O O 
O O O O   
  X   O   
----------

White 0,4
----------
X X   X O 
X X X X O 
X O X O O 
O O O O   
  X   O   
----------

Black 4,0
----------
X X   X O 
X X X X O 
X O X O O 
O O O O   
X X   O   
----------

White 0,2
----------
    O   O 
        O 
  O   O O 
O O O O   
X X   O   
----------

Black 1,1
----------
    O   O 
  X     O 
  O   O O 
O O O O   
X X   O   
----------

White 2,2
----------
    O   O 
  X     O 
  O O O O 
O O O O   
X X   O   
----------

Game end.
The winner is O
ta time: 319.31
student time: 8.55
Black(You) lose.
=====Round 9=====
Black:TA White:You
Thu Oct 29 00:10:03 PDT 2020
Clean up...
Start Playing...
Black 2,2
----------
          
          
    X     
          
          
----------

White 1,1
----------
          
  O       
    X     
          
          
----------

Black 2,1
----------
          
  O       
  X X     
          
          
----------

White 1,2
----------
          
  O O     
  X X     
          
          
----------

Black 1,3
----------
          
  O O X   
  X X     
          
          
----------

White 1,0
----------
          
O O O X   
  X X     
          
          
----------

Black 0,3
----------
      X   
O O O X   
  X X     
          
          
----------

White 2,0
----------
      X   
O O O X   
O X X     
          
          
----------

Black 3,1
----------
      X   
O O O X   
O X X     
  X       
          
----------

White 3,0
----------
      X   
O O O X   
O X X     
O X       
          
----------

Black 4,1
----------
      X   
O O O X   
O X X     
O X       
  X       
----------

White 0,0
----------
O     X   
O O O X   
O X X     
O X       
  X       
----------

Black 0,2
----------
O   X X   
O O O X   
O X X     
O X       
  X       
----------

White 3,3
----------
O   X X   
O O O X   
O X X     
O X   O   
  X       
----------

Black 4,0
----------
O   X X   
O O O X   
O X X     
O X   O   
X X       
----------

White 2,3
----------
O   X X   
O O O X   
O X X O   
O X   O   
X X       
----------

Black 0,1
----------
  X X X   
      X   
  X X O   
  X   O   
X X       
----------

White 3,2
----------
  X X X   
      X   
  X X O   
  X O O   
X X       
----------

Black 1,4
----------
  X X X   
      X X 
  X X O   
  X O O   
X X       
----------

White 3,4
----------
  X X X   
      X X 
  X X O   
  X O O O 
X X       
----------

Black 1,2
----------
  X X X   
    X X X 
  X X O   
  X O O O 
X X       
----------

White 2,4
----------
  X X X   
    X X X 
  X X O O 
  X O O O 
X X       
----------

Black 1,0
----------
  X X X   
X   X X X 
  X X O O 
  X O O O 
X X       
----------

White 4,2
----------
  X X X   
X   X X X 
  X X O O 
  X O O O 
X X O     
----------

Game end.
The winner is X
ta time: 358.54
student time: 9.01
White(You) lose.
=====Round 10=====
Black:You White:TA
Thu Oct 29 00:10:32 PDT 2020
Clean up...
Start Playing...
Black 2,2
----------
          
          
    X     
          
          
----------

White 2,3
----------
          
          
    X O   
          
          
----------

Black 1,2
----------
          
    X     
    X O   
          
          
----------

White 3,3
----------
          
    X     
    X O   
      O   
          
----------

Black 1,1
----------
          
  X X     
    X O   
      O   
          
----------

White 3,2
----------
          
  X X     
    X O   
    O O   
          
----------

Black 1,3
----------
          
  X X X   
    X O   
    O O   
          
----------

White 3,1
----------
          
  X X X   
    X O   
  O O O   
          
----------

Black 1,0
----------
          
X X X X   
    X O   
  O O O   
          
----------

White 1,4
----------
          
X X X X O 
    X O   
  O O O   
          
----------

Black 0,3
----------
      X   
X X X X O 
    X O   
  O O O   
          
----------

White 2,1
----------
      X   
X X X X O 
  O X O   
  O O O   
          
----------

Black 2,0
----------
      X   
X X X X O 
X O X O   
  O O O   
          
----------

White 3,0
----------
      X   
X X X X O 
X O X O   
O O O O   
          
----------

Black 0,0
----------
X     X   
X X X X O 
X O X O   
O O O O   
          
----------

White 2,4
----------
X     X   
X X X X O 
X O X O O 
O O O O   
          
----------

Black 0,1
----------
X X   X   
X X X X O 
X O X O O 
O O O O   
          
----------

White 4,2
----------
X X   X   
X X X X O 
X O X O O 
O O O O   
    O     
----------

Black 4,4
----------
X X   X   
X X X X O 
X O X O O 
O O O O   
    O   X 
----------

White 0,4
----------
X X   X O 
X X X X O 
X O X O O 
O O O O   
    O   X 
----------

Black 3,4
----------
X X   X O 
X X X X O 
X O X O O 
O O O O X 
    O   X 
----------

White 0,2
----------
    O   O 
        O 
  O   O O 
O O O O X 
    O   X 
----------

Black 1,1
----------
    O   O 
  X     O 
  O   O O 
O O O O X 
    O   X 
----------

White 4,3
----------
    O   O 
  X     O 
  O   O O 
O O O O   
    O O   
----------

Game end.
The winner is O
ta time: 397.85
student time: 9.51
Black(You) lose.
