Thu Oct 29 21:28:20 PDT 2020

==Playing with qlearning_player==
=====Round 1=====
Black:TA White:You
Thu Oct 29 21:28:20 PDT 2020
Clean up...
Start Playing...
Black 1,2
----------
          
    X     
          
          
          
----------

White 2,1
----------
          
    X     
  O       
          
          
----------

Black 2,2
----------
          
    X     
  O X     
          
          
----------

White 3,1
----------
          
    X     
  O X     
  O       
          
----------

Black 0,0
----------
X         
    X     
  O X     
  O       
          
----------

White 0,1
----------
X O       
    X     
  O X     
  O       
          
----------

Black 2,3
----------
X O       
    X     
  O X X   
  O       
          
----------

White 1,0
----------
  O       
O   X     
  O X X   
  O       
          
----------

Black 0,2
----------
  O X     
O   X     
  O X X   
  O       
          
----------

White 3,2
----------
  O X     
O   X     
  O X X   
  O O     
          
----------

Black 0,3
----------
  O X X   
O   X     
  O X X   
  O O     
          
----------

White 3,3
----------
  O X X   
O   X     
  O X X   
  O O O   
          
----------

Black 0,4
----------
  O X X X 
O   X     
  O X X   
  O O O   
          
----------

White 3,4
----------
  O X X X 
O   X     
  O X X   
  O O O O 
          
----------

Black 2,0
----------
  O X X X 
O   X     
X O X X   
  O O O O 
          
----------

White 3,0
----------
  O X X X 
O   X     
  O X X   
O O O O O 
          
----------

Black 1,3
----------
  O X X X 
O   X X   
  O X X   
O O O O O 
          
----------

White 1,1
----------
  O X X X 
O O X X   
  O X X   
O O O O O 
          
----------

Black 4,2
----------
  O X X X 
O O X X   
  O X X   
O O O O O 
    X     
----------

White 2,4
----------
  O X X X 
O O X X   
  O X X O 
O O O O O 
    X     
----------

Black 4,1
----------
  O X X X 
O O X X   
  O X X O 
O O O O O 
  X X     
----------

White 1,4
----------
  O       
O O     O 
  O     O 
O O O O O 
  X X     
----------

Black 2,2
----------
  O       
O O     O 
  O X   O 
O O O O O 
  X X     
----------

White 4,0
----------
  O       
O O     O 
  O X   O 
O O O O O 
O X X     
----------

Game end.
The winner is O
ta time: 3.95
student time: 3.46
White(You) win!
=====Round 2=====
Black:You White:TA
Thu Oct 29 21:28:39 PDT 2020
Clean up...
Start Playing...
Black 2,2
----------
          
          
    X     
          
          
----------

White 2,1
----------
          
          
  O X     
          
          
----------

Black 1,1
----------
          
  X       
  O X     
          
          
----------

White 3,4
----------
          
  X       
  O X     
        O 
          
----------

Black 3,1
----------
          
  X       
  O X     
  X     O 
          
----------

White 1,2
----------
          
  X O     
  O X     
  X     O 
          
----------

Black 2,0
----------
          
  X O     
X   X     
  X     O 
          
----------

White 3,2
----------
          
  X O     
X   X     
  X O   O 
          
----------

Black 1,3
----------
          
  X O X   
X   X     
  X O   O 
          
----------

White 2,3
----------
          
  X O X   
X   X O   
  X O   O 
          
----------

Black 0,2
----------
    X     
  X   X   
X   X O   
  X O   O 
          
----------

White 3,3
----------
    X     
  X   X   
X   X O   
  X O O O 
          
----------

Black 1,4
----------
    X     
  X   X X 
X   X O   
  X O O O 
          
----------

White 4,2
----------
    X     
  X   X X 
X   X O   
  X O O O 
    O     
----------

Black 1,2
----------
    X     
  X X X X 
X   X O   
  X O O O 
    O     
----------

White 2,4
----------
    X     
  X X X X 
X   X O O 
  X O O O 
    O     
----------

Black 0,1
----------
  X X     
  X X X X 
X   X O O 
  X O O O 
    O     
----------

White 0,3
----------
  X X O   
  X X X X 
X   X O O 
  X O O O 
    O     
----------

Black 0,4
----------
  X X   X 
  X X X X 
X   X O O 
  X O O O 
    O     
----------

White 4,3
----------
  X X   X 
  X X X X 
X   X O O 
  X O O O 
    O O   
----------

Black 4,1
----------
  X X   X 
  X X X X 
X   X O O 
  X O O O 
  X O O   
----------

White 3,0
----------
  X X   X 
  X X X X 
X   X O O 
O X O O O 
  X O O   
----------

Black 4,4
----------
  X X   X 
  X X X X 
X   X     
O X       
  X     X 
----------

White 2,3
----------
  X X   X 
  X X X X 
X   X O   
O X       
  X     X 
----------

Game end.
The winner is X
ta time: 7.46
student time: 6.54
Black(You) win!
=====Round 3=====
Black:TA White:You
Thu Oct 29 21:28:58 PDT 2020
Clean up...
Start Playing...
Black 1,2
----------
          
    X     
          
          
          
----------

White 2,1
----------
          
    X     
  O       
          
          
----------

Black 2,2
----------
          
    X     
  O X     
          
          
----------

White 3,1
----------
          
    X     
  O X     
  O       
          
----------

Black 0,0
----------
X         
    X     
  O X     
  O       
          
----------

White 0,1
----------
X O       
    X     
  O X     
  O       
          
----------

Black 2,3
----------
X O       
    X     
  O X X   
  O       
          
----------

White 1,0
----------
  O       
O   X     
  O X X   
  O       
          
----------

Black 0,2
----------
  O X     
O   X     
  O X X   
  O       
          
----------

White 3,2
----------
  O X     
O   X     
  O X X   
  O O     
          
----------

Black 0,3
----------
  O X X   
O   X     
  O X X   
  O O     
          
----------

White 3,3
----------
  O X X   
O   X     
  O X X   
  O O O   
          
----------

Black 0,4
----------
  O X X X 
O   X     
  O X X   
  O O O   
          
----------

White 3,4
----------
  O X X X 
O   X     
  O X X   
  O O O O 
          
----------

Black 2,0
----------
  O X X X 
O   X     
X O X X   
  O O O O 
          
----------

White 3,0
----------
  O X X X 
O   X     
  O X X   
O O O O O 
          
----------

Black 4,2
----------
  O X X X 
O   X     
  O X X   
O O O O O 
    X     
----------

White 4,1
----------
  O X X X 
O   X     
  O X X   
O O O O O 
  O X     
----------

Black 1,3
----------
  O X X X 
O   X X   
  O X X   
O O O O O 
  O X     
----------

White 4,3
----------
  O X X X 
O   X X   
  O X X   
O O O O O 
  O   O   
----------

Black 2,4
----------
  O X X X 
O   X X   
  O X X X 
O O O O O 
  O   O   
----------

White 1,1
----------
  O X X X 
O O X X   
  O X X X 
O O O O O 
  O   O   
----------

Black PASS
----------
  O X X X 
O O X X   
  O X X X 
O O O O O 
  O   O   
----------

White 1,4
----------
  O       
O O     O 
  O       
O O O O O 
  O   O   
----------

Game end.
The winner is O
ta time: 11.5
student time: 9.93
White(You) win!
=====Round 4=====
Black:You White:TA
Thu Oct 29 21:29:21 PDT 2020
Clean up...
Start Playing...
Black 2,2
----------
          
          
    X     
          
          
----------

White 2,1
----------
          
          
  O X     
          
          
----------

Black 1,1
----------
          
  X       
  O X     
          
          
----------

White 3,4
----------
          
  X       
  O X     
        O 
          
----------

Black 3,1
----------
          
  X       
  O X     
  X     O 
          
----------

White 3,2
----------
          
  X       
  O X     
  X O   O 
          
----------

Black 2,0
----------
          
  X       
X   X     
  X O   O 
          
----------

White 1,2
----------
          
  X O     
X   X     
  X O   O 
          
----------

Black 1,3
----------
          
  X O X   
X   X     
  X O   O 
          
----------

White 2,3
----------
          
  X O X   
X   X O   
  X O   O 
          
----------

Black 0,2
----------
    X     
  X   X   
X   X O   
  X O   O 
          
----------

White 2,4
----------
    X     
  X   X   
X   X O O 
  X O   O 
          
----------

Black 4,2
----------
    X     
  X   X   
X   X O O 
  X O   O 
    X     
----------

White 3,3
----------
    X     
  X   X   
X   X O O 
  X O O O 
    X     
----------

Black 1,2
----------
    X     
  X X X   
X   X O O 
  X O O O 
    X     
----------

White 1,4
----------
    X     
  X X X O 
X   X O O 
  X O O O 
    X     
----------

Black 0,1
----------
  X X     
  X X X O 
X   X O O 
  X O O O 
    X     
----------

White 4,3
----------
  X X     
  X X X O 
X   X O O 
  X O O O 
    X O   
----------

Black 0,4
----------
  X X   X 
  X X X O 
X   X O O 
  X O O O 
    X O   
----------

White 0,3
----------
  X X O   
  X X X O 
X   X O O 
  X O O O 
    X O   
----------

Black 2,1
----------
  X X O   
  X X X O 
X X X O O 
  X O O O 
    X O   
----------

White 4,1
----------
  X X O   
  X X X O 
X X X O O 
  X O O O 
  O   O   
----------

Black 3,0
----------
  X X O   
  X X X O 
X X X O O 
X X O O O 
  O   O   
----------

White 4,2
----------
  X X O   
  X X X O 
X X X O O 
X X O O O 
  O O O   
----------

Game end.
The winner is O
ta time: 15.05
student time: 13.1
Black(You) lose.
=====Round 5=====
Black:TA White:You
Thu Oct 29 21:29:38 PDT 2020
Clean up...
Start Playing...
Black 1,2
----------
          
    X     
          
          
          
----------

White 2,1
----------
          
    X     
  O       
          
          
----------

Black 2,2
----------
          
    X     
  O X     
          
          
----------

White 3,1
----------
          
    X     
  O X     
  O       
          
----------

Black 0,0
----------
X         
    X     
  O X     
  O       
          
----------

White 0,1
----------
X O       
    X     
  O X     
  O       
          
----------

Black 2,3
----------
X O       
    X     
  O X X   
  O       
          
----------

White 1,0
----------
  O       
O   X     
  O X X   
  O       
          
----------

Black 0,2
----------
  O X     
O   X     
  O X X   
  O       
          
----------

White 3,2
----------
  O X     
O   X     
  O X X   
  O O     
          
----------

Black 0,3
----------
  O X X   
O   X     
  O X X   
  O O     
          
----------

White 3,3
----------
  O X X   
O   X     
  O X X   
  O O O   
          
----------

Black 0,4
----------
  O X X X 
O   X     
  O X X   
  O O O   
          
----------

White 3,4
----------
  O X X X 
O   X     
  O X X   
  O O O O 
          
----------

Black 2,4
----------
  O X X X 
O   X     
  O X X X 
  O O O O 
          
----------

White 1,1
----------
  O X X X 
O O X     
  O X X X 
  O O O O 
          
----------

Black 1,3
----------
  O X X X 
O O X X   
  O X X X 
  O O O O 
          
----------

White 1,4
----------
  O       
O O     O 
  O       
  O O O O 
          
----------

Black 2,2
----------
  O       
O O     O 
  O X     
  O O O O 
          
----------

White 1,2
----------
  O       
O O O   O 
  O X     
  O O O O 
          
----------

Black 2,3
----------
  O       
O O O   O 
  O X X   
  O O O O 
          
----------

White 1,3
----------
  O       
O O O O O 
  O X X   
  O O O O 
          
----------

Black 2,0
----------
  O       
O O O O O 
X O X X   
  O O O O 
          
----------

White 2,4
----------
  O       
O O O O O 
X O     O 
  O O O O 
          
----------

Game end.
The winner is O
ta time: 18.94
student time: 16.69
White(You) win!
=====Round 6=====
Black:You White:TA
Thu Oct 29 21:29:55 PDT 2020
Clean up...
Start Playing...
Black 2,2
----------
          
          
    X     
          
          
----------

White 2,1
----------
          
          
  O X     
          
          
----------

Black 1,1
----------
          
  X       
  O X     
          
          
----------

White 3,4
----------
          
  X       
  O X     
        O 
          
----------

Black 3,1
----------
          
  X       
  O X     
  X     O 
          
----------

White 2,3
----------
          
  X       
  O X O   
  X     O 
          
----------

Black 2,0
----------
          
  X       
X   X O   
  X     O 
          
----------

White 3,2
----------
          
  X       
X   X O   
  X O   O 
          
----------

Black 4,2
----------
          
  X       
X   X O   
  X O   O 
    X     
----------

White 1,2
----------
          
  X O     
X   X O   
  X O   O 
    X     
----------

Black 0,1
----------
  X       
  X O     
X   X O   
  X O   O 
    X     
----------

White 2,1
----------
  X       
  X O     
X O   O   
  X O   O 
    X     
----------

Black 4,3
----------
  X       
  X O     
X O   O   
  X O   O 
    X X   
----------

White 2,2
----------
  X       
  X O     
X O O O   
  X O   O 
    X X   
----------

Black 3,3
----------
  X       
  X O     
X O O O   
  X O X O 
    X X   
----------

White 1,3
----------
  X       
  X O O   
X O O O   
  X O X O 
    X X   
----------

Black 0,2
----------
  X X     
  X O O   
X O O O   
  X O X O 
    X X   
----------

White 2,4
----------
  X X     
  X O O   
X O O O O 
  X O X O 
    X X   
----------

Black 0,3
----------
  X X X   
  X O O   
X O O O O 
  X O X O 
    X X   
----------

White 1,0
----------
  X X X   
O X O O   
X O O O O 
  X O X O 
    X X   
----------

Black 4,4
----------
  X X X   
O X O O   
X O O O O 
  X O X O 
    X X X 
----------

White 4,1
----------
  X X X   
O X O O   
X O O O O 
  X O   O 
  O       
----------

Black 0,4
----------
  X X X X 
O X O O   
X O O O O 
  X O   O 
  O       
----------

White 3,0
----------
  X X X X 
O X O O   
  O O O O 
O   O   O 
  O       
----------

Game end.
The winner is O
ta time: 22.67
student time: 19.81
Black(You) lose.
=====Round 7=====
Black:TA White:You
Thu Oct 29 21:30:14 PDT 2020
Clean up...
Start Playing...
Black 1,2
----------
          
    X     
          
          
          
----------

White 2,1
----------
          
    X     
  O       
          
          
----------

Black 2,2
----------
          
    X     
  O X     
          
          
----------

White 3,1
----------
          
    X     
  O X     
  O       
          
----------

Black 0,0
----------
X         
    X     
  O X     
  O       
          
----------

White 0,1
----------
X O       
    X     
  O X     
  O       
          
----------

Black 2,3
----------
X O       
    X     
  O X X   
  O       
          
----------

White 1,0
----------
  O       
O   X     
  O X X   
  O       
          
----------

Black 0,2
----------
  O X     
O   X     
  O X X   
  O       
          
----------

White 3,2
----------
  O X     
O   X     
  O X X   
  O O     
          
----------

Black 0,3
----------
  O X X   
O   X     
  O X X   
  O O     
          
----------

White 3,3
----------
  O X X   
O   X     
  O X X   
  O O O   
          
----------

Black 0,4
----------
  O X X X 
O   X     
  O X X   
  O O O   
          
----------

White 3,4
----------
  O X X X 
O   X     
  O X X   
  O O O O 
          
----------

Black 1,3
----------
  O X X X 
O   X X   
  O X X   
  O O O O 
          
----------

White 1,1
----------
  O X X X 
O O X X   
  O X X   
  O O O O 
          
----------

Black 2,4
----------
  O X X X 
O O X X   
  O X X X 
  O O O O 
          
----------

White 1,4
----------
  O       
O O     O 
  O       
  O O O O 
          
----------

Black 2,2
----------
  O       
O O     O 
  O X     
  O O O O 
          
----------

White 1,2
----------
  O       
O O O   O 
  O X     
  O O O O 
          
----------

Black 2,3
----------
  O       
O O O   O 
  O X X   
  O O O O 
          
----------

White 1,3
----------
  O       
O O O O O 
  O X X   
  O O O O 
          
----------

Black 2,0
----------
  O       
O O O O O 
X O X X   
  O O O O 
          
----------

White 2,4
----------
  O       
O O O O O 
X O     O 
  O O O O 
          
----------

Game end.
The winner is O
ta time: 26.43
student time: 23.41
White(You) win!
=====Round 8=====
Black:You White:TA
Thu Oct 29 21:30:38 PDT 2020
Clean up...
Start Playing...
Black 2,2
----------
          
          
    X     
          
          
----------

White 2,1
----------
          
          
  O X     
          
          
----------

Black 1,1
----------
          
  X       
  O X     
          
          
----------

White 3,4
----------
          
  X       
  O X     
        O 
          
----------

Black 3,1
----------
          
  X       
  O X     
  X     O 
          
----------

White 2,3
----------
          
  X       
  O X O   
  X     O 
          
----------

Black 2,0
----------
          
  X       
X   X O   
  X     O 
          
----------

White 1,2
----------
          
  X O     
X   X O   
  X     O 
          
----------

Black 1,3
----------
          
  X O X   
X   X O   
  X     O 
          
----------

White 3,2
----------
          
  X O X   
X   X O   
  X O   O 
          
----------

Black 0,2
----------
    X     
  X   X   
X   X O   
  X O   O 
          
----------

White 3,3
----------
    X     
  X   X   
X   X O   
  X O O O 
          
----------

Black 1,4
----------
    X     
  X   X X 
X   X O   
  X O O O 
          
----------

White 4,2
----------
    X     
  X   X X 
X   X O   
  X O O O 
    O     
----------

Black 1,2
----------
    X     
  X X X X 
X   X O   
  X O O O 
    O     
----------

White 2,4
----------
    X     
  X X X X 
X   X O O 
  X O O O 
    O     
----------

Black 0,1
----------
  X X     
  X X X X 
X   X O O 
  X O O O 
    O     
----------

White 4,3
----------
  X X     
  X X X X 
X   X O O 
  X O O O 
    O O   
----------

Black 4,1
----------
  X X     
  X X X X 
X   X O O 
  X O O O 
  X O O   
----------

White 3,0
----------
  X X     
  X X X X 
X   X O O 
O X O O O 
  X O O   
----------

Black 4,4
----------
  X X     
  X X X X 
X   X     
O X       
  X     X 
----------

White 2,3
----------
  X X     
  X X X X 
X   X O   
O X       
  X     X 
----------

Black 4,0
----------
  X X     
  X X X X 
X   X O   
  X       
X X     X 
----------

White 3,2
----------
  X X     
  X X X X 
X   X O   
  X O     
X X     X 
----------

Game end.
The winner is X
ta time: 29.98
student time: 26.63
Black(You) win!
=====Round 9=====
Black:TA White:You
Thu Oct 29 21:30:57 PDT 2020
Clean up...
Start Playing...
Black 1,2
----------
          
    X     
          
          
          
----------

White 2,1
----------
          
    X     
  O       
          
          
----------

Black 2,2
----------
          
    X     
  O X     
          
          
----------

White 3,1
----------
          
    X     
  O X     
  O       
          
----------

Black 0,0
----------
X         
    X     
  O X     
  O       
          
----------

White 0,1
----------
X O       
    X     
  O X     
  O       
          
----------

Black 2,3
----------
X O       
    X     
  O X X   
  O       
          
----------

White 1,0
----------
  O       
O   X     
  O X X   
  O       
          
----------

Black 0,2
----------
  O X     
O   X     
  O X X   
  O       
          
----------

White 3,2
----------
  O X     
O   X     
  O X X   
  O O     
          
----------

Black 0,3
----------
  O X X   
O   X     
  O X X   
  O O     
          
----------

White 3,3
----------
  O X X   
O   X     
  O X X   
  O O O   
          
----------

Black 0,4
----------
  O X X X 
O   X     
  O X X   
  O O O   
          
----------

White 3,4
----------
  O X X X 
O   X     
  O X X   
  O O O O 
          
----------

Black 4,2
----------
  O X X X 
O   X     
  O X X   
  O O O O 
    X     
----------

White 4,1
----------
  O X X X 
O   X     
  O X X   
  O O O O 
  O X     
----------

Black 1,1
----------
  O X X X 
O X X     
  O X X   
  O O O O 
  O X     
----------

White 4,3
----------
  O X X X 
O X X     
  O X X   
  O O O O 
  O   O   
----------

Black 0,0
----------
X   X X X 
O X X     
  O X X   
  O O O O 
  O   O   
----------

White 2,4
----------
X   X X X 
O X X     
  O X X O 
  O O O O 
  O   O   
----------

Black 2,0
----------
X   X X X 
  X X     
X O X X O 
  O O O O 
  O   O   
----------

White 3,0
----------
X   X X X 
  X X     
X O X X O 
O O O O O 
  O   O   
----------

Black 1,3
----------
X   X X X 
  X X X   
X O X X O 
O O O O O 
  O   O   
----------

White 1,0
----------
X   X X X 
O X X X   
  O X X O 
O O O O O 
  O   O   
----------

Game end.
The winner is O
ta time: 34.05
student time: 29.94
White(You) win!
=====Round 10=====
Black:You White:TA
Thu Oct 29 21:31:14 PDT 2020
Clean up...
Start Playing...
Black 2,2
----------
          
          
    X     
          
          
----------

White 2,1
----------
          
          
  O X     
          
          
----------

Black 1,1
----------
          
  X       
  O X     
          
          
----------

White 3,4
----------
          
  X       
  O X     
        O 
          
----------

Black 3,1
----------
          
  X       
  O X     
  X     O 
          
----------

White 1,2
----------
          
  X O     
  O X     
  X     O 
          
----------

Black 2,0
----------
          
  X O     
X   X     
  X     O 
          
----------

White 2,3
----------
          
  X O     
X   X O   
  X     O 
          
----------

Black 1,3
----------
          
  X O X   
X   X O   
  X     O 
          
----------

White 3,2
----------
          
  X O X   
X   X O   
  X O   O 
          
----------

Black 0,2
----------
    X     
  X   X   
X   X O   
  X O   O 
          
----------

White 2,4
----------
    X     
  X   X   
X   X O O 
  X O   O 
          
----------

Black 4,2
----------
    X     
  X   X   
X   X O O 
  X O   O 
    X     
----------

White 3,3
----------
    X     
  X   X   
X   X O O 
  X O O O 
    X     
----------

Black 1,2
----------
    X     
  X X X   
X   X O O 
  X O O O 
    X     
----------

White 1,0
----------
    X     
O X X X   
X   X O O 
  X O O O 
    X     
----------

Black 0,1
----------
  X X     
O X X X   
X   X O O 
  X O O O 
    X     
----------

White 0,3
----------
  X X O   
O X X X   
X   X O O 
  X O O O 
    X     
----------

Black 0,0
----------
X X X O   
  X X X   
X   X O O 
  X O O O 
    X     
----------

White 4,1
----------
X X X O   
  X X X   
X   X O O 
  X O O O 
  O X     
----------

Black 0,4
----------
X X X   X 
  X X X   
X   X O O 
  X O O O 
  O X     
----------

White 4,3
----------
X X X   X 
  X X X   
X   X O O 
  X O O O 
  O   O   
----------

Black 2,1
----------
X X X   X 
  X X X   
X X X O O 
  X O O O 
  O   O   
----------

White 4,2
----------
X X X   X 
  X X X   
X X X O O 
  X O O O 
  O O O   
----------

Game end.
The winner is X
ta time: 37.76
student time: 33.32
Black(You) win!

==Playing with championship_player==
=====Round 1=====
Black:TA White:You
Thu Oct 29 21:31:32 PDT 2020
Clean up...
Start Playing...
Black 2,2
----------
          
          
    X     
          
          
----------

White 1,1
----------
          
  O       
    X     
          
          
----------

Black 1,2
----------
          
  O X     
    X     
          
          
----------

White 3,3
----------
          
  O X     
    X     
      O   
          
----------

Black 3,2
----------
          
  O X     
    X     
    X O   
          
----------

White 0,3
----------
      O   
  O X     
    X     
    X O   
          
----------

Black 0,2
----------
    X O   
  O X     
    X     
    X O   
          
----------

White 3,0
----------
    X O   
  O X     
    X     
O   X O   
          
----------

Black 4,2
----------
    X O   
  O X     
    X     
O   X O   
    X     
----------

White 1,3
----------
    X O   
  O X O   
    X     
O   X O   
    X     
----------

Black 2,3
----------
    X O   
  O X O   
    X X   
O   X O   
    X     
----------

White 3,1
----------
    X O   
  O X O   
    X X   
O O X O   
    X     
----------

Black 3,4
----------
    X O   
  O X O   
    X X   
O O X O X 
    X     
----------

White 0,1
----------
  O X O   
  O X O   
    X X   
O O X O X 
    X     
----------

Black 4,3
----------
  O X O   
  O X O   
    X X   
O O X   X 
    X X   
----------

White 1,4
----------
  O X O   
  O X O O 
    X X   
O O X   X 
    X X   
----------

Black 2,1
----------
  O X O   
  O X O O 
  X X X   
O O X   X 
    X X   
----------

White 1,0
----------
  O X O   
O O X O O 
  X X X   
O O X   X 
    X X   
----------

Black 2,4
----------
  O X O   
O O X O O 
  X X X X 
O O X   X 
    X X   
----------

White 2,0
----------
  O X O   
O O X O O 
O X X X X 
O O X   X 
    X X   
----------

Black 0,4
----------
  O X   X 
O O X     
O X X X X 
O O X   X 
    X X   
----------

White 0,0
----------
O O X   X 
O O X     
O X X X X 
O O X   X 
    X X   
----------

Black 0,3
----------
O O X X X 
O O X     
O X X X X 
O O X   X 
    X X   
----------

White PASS
----------
O O X X X 
O O X     
O X X X X 
O O X   X 
    X X   
----------

Game end.
The winner is X
ta time: 70.95
student time: 36.4
White(You) lose.
=====Round 2=====
Black:You White:TA
Thu Oct 29 21:32:06 PDT 2020
Clean up...
Start Playing...
Black 2,2
----------
          
          
    X     
          
          
----------

White 1,3
----------
          
      O   
    X     
          
          
----------

Black 2,3
----------
          
      O   
    X X   
          
          
----------

White 1,2
----------
          
    O O   
    X X   
          
          
----------

Black 3,1
----------
          
    O O   
    X X   
  X       
          
----------

White 1,1
----------
          
  O O O   
    X X   
  X       
          
----------

Black 3,3
----------
          
  O O O   
    X X   
  X   X   
          
----------

White 2,4
----------
          
  O O O   
    X X O 
  X   X   
          
----------

Black 3,4
----------
          
  O O O   
    X X O 
  X   X X 
          
----------

White 1,4
----------
          
  O O O O 
    X X O 
  X   X X 
          
----------

Black 2,1
----------
          
  O O O O 
  X X X O 
  X   X X 
          
----------

White 1,0
----------
          
O O O O O 
  X X X O 
  X   X X 
          
----------

Black 3,2
----------
          
O O O O O 
  X X X O 
  X X X X 
          
----------

White 0,2
----------
    O     
O O O O O 
  X X X O 
  X X X X 
          
----------

Black 3,0
----------
    O     
O O O O O 
  X X X O 
X X X X X 
          
----------

White 2,0
----------
    O     
O O O O O 
O X X X O 
X X X X X 
          
----------

Black 4,0
----------
    O     
O O O O O 
O X X X O 
X X X X X 
X         
----------

White 0,0
----------
O   O     
O O O O O 
O X X X O 
X X X X X 
X         
----------

Black 4,1
----------
O   O     
O O O O O 
O X X X O 
X X X X X 
X X       
----------

White 4,3
----------
O   O     
O O O O O 
O X X X O 
X X X X X 
X X   O   
----------

Black 4,2
----------
O   O     
O O O O O 
O X X X O 
X X X X X 
X X X O   
----------

White 4,4
----------
O   O     
O O O O O 
O       O 
          
      O O 
----------

Black PASS
----------
O   O     
O O O O O 
O       O 
          
      O O 
----------

White 4,2
----------
O   O     
O O O O O 
O       O 
          
    O O O 
----------

Game end.
The winner is O
ta time: 103.42
student time: 39.77
Black(You) lose.
=====Round 3=====
Black:TA White:You
Thu Oct 29 21:32:45 PDT 2020
Clean up...
Start Playing...
Black 2,2
----------
          
          
    X     
          
          
----------

White 1,1
----------
          
  O       
    X     
          
          
----------

Black 1,2
----------
          
  O X     
    X     
          
          
----------

White 3,3
----------
          
  O X     
    X     
      O   
          
----------

Black 3,2
----------
          
  O X     
    X     
    X O   
          
----------

White 0,3
----------
      O   
  O X     
    X     
    X O   
          
----------

Black 0,2
----------
    X O   
  O X     
    X     
    X O   
          
----------

White 3,0
----------
    X O   
  O X     
    X     
O   X O   
          
----------

Black 4,2
----------
    X O   
  O X     
    X     
O   X O   
    X     
----------

White 1,3
----------
    X O   
  O X O   
    X     
O   X O   
    X     
----------

Black 2,3
----------
    X O   
  O X O   
    X X   
O   X O   
    X     
----------

White 3,1
----------
    X O   
  O X O   
    X X   
O O X O   
    X     
----------

Black 3,4
----------
    X O   
  O X O   
    X X   
O O X O X 
    X     
----------

White 0,1
----------
  O X O   
  O X O   
    X X   
O O X O X 
    X     
----------

Black 4,3
----------
  O X O   
  O X O   
    X X   
O O X   X 
    X X   
----------

White 1,4
----------
  O X O   
  O X O O 
    X X   
O O X   X 
    X X   
----------

Black 2,1
----------
  O X O   
  O X O O 
  X X X   
O O X   X 
    X X   
----------

White 1,0
----------
  O X O   
O O X O O 
  X X X   
O O X   X 
    X X   
----------

Black 2,4
----------
  O X O   
O O X O O 
  X X X X 
O O X   X 
    X X   
----------

White 2,0
----------
  O X O   
O O X O O 
O X X X X 
O O X   X 
    X X   
----------

Black 4,4
----------
  O X O   
O O X O O 
O X X X X 
O O X   X 
    X X X 
----------

White 4,1
----------
  O X O   
O O X O O 
O X X X X 
O O X   X 
  O X X X 
----------

Black 0,4
----------
  O X   X 
O O X     
O X X X X 
O O X   X 
  O X X X 
----------

White 1,3
----------
  O X   X 
O O X O   
O X X X X 
O O X   X 
  O X X X 
----------

Game end.
The winner is X
ta time: 134.15
student time: 42.95
White(You) lose.
=====Round 4=====
Black:You White:TA
Thu Oct 29 21:33:17 PDT 2020
Clean up...
Start Playing...
Black 2,2
----------
          
          
    X     
          
          
----------

White 1,2
----------
          
    O     
    X     
          
          
----------

Black 1,1
----------
          
  X O     
    X     
          
          
----------

White 1,3
----------
          
  X O O   
    X     
          
          
----------

Black 2,3
----------
          
  X O O   
    X X   
          
          
----------

White 2,1
----------
          
  X O O   
  O X X   
          
          
----------

Black 3,1
----------
          
  X O O   
  O X X   
  X       
          
----------

White 2,0
----------
          
  X O O   
O O X X   
  X       
          
----------

Black 1,0
----------
          
X X O O   
O O X X   
  X       
          
----------

White 2,4
----------
          
X X O O   
O O X X O 
  X       
          
----------

Black 3,0
----------
          
X X O O   
    X X O 
X X       
          
----------

White 3,3
----------
          
X X O O   
    X X O 
X X   O   
          
----------

Black 3,2
----------
          
X X O O   
    X X O 
X X X O   
          
----------

White 4,2
----------
          
X X O O   
    X X O 
X X X O   
    O     
----------

Black 4,1
----------
          
X X O O   
    X X O 
X X X O   
  X O     
----------

White 4,3
----------
          
X X O O   
    X X O 
X X X O   
  X O O   
----------

Black 3,4
----------
          
X X O O   
    X X O 
X X X O X 
  X O O   
----------

White 1,4
----------
          
X X O O O 
    X X O 
X X X O X 
  X O O   
----------

Black 4,4
----------
          
X X O O O 
    X X O 
X X X   X 
  X     X 
----------

White 4,3
----------
          
X X O O O 
    X X O 
X X X   X 
  X   O X 
----------

Black 3,3
----------
          
X X O O O 
    X X O 
X X X X X 
  X   O X 
----------

White 0,4
----------
        O 
X X O O O 
    X X O 
X X X X X 
  X   O X 
----------

Black 0,2
----------
    X   O 
X X O O O 
    X X O 
X X X X X 
  X   O X 
----------

White 0,1
----------
  O X   O 
X X O O O 
    X X O 
X X X X X 
  X   O X 
----------

Game end.
The winner is X
ta time: 157.96
student time: 46.17
Black(You) win!
=====Round 5=====
Black:TA White:You
Thu Oct 29 21:33:46 PDT 2020
Clean up...
Start Playing...
Black 2,2
----------
          
          
    X     
          
          
----------

White 1,1
----------
          
  O       
    X     
          
          
----------

Black 1,2
----------
          
  O X     
    X     
          
          
----------

White 3,3
----------
          
  O X     
    X     
      O   
          
----------

Black 3,2
----------
          
  O X     
    X     
    X O   
          
----------

White 0,3
----------
      O   
  O X     
    X     
    X O   
          
----------

Black 0,2
----------
    X O   
  O X     
    X     
    X O   
          
----------

White 3,0
----------
    X O   
  O X     
    X     
O   X O   
          
----------

Black 4,2
----------
    X O   
  O X     
    X     
O   X O   
    X     
----------

White 1,3
----------
    X O   
  O X O   
    X     
O   X O   
    X     
----------

Black 2,3
----------
    X O   
  O X O   
    X X   
O   X O   
    X     
----------

White 3,1
----------
    X O   
  O X O   
    X X   
O O X O   
    X     
----------

Black 3,4
----------
    X O   
  O X O   
    X X   
O O X O X 
    X     
----------

White 0,1
----------
  O X O   
  O X O   
    X X   
O O X O X 
    X     
----------

Black 4,3
----------
  O X O   
  O X O   
    X X   
O O X   X 
    X X   
----------

White 1,4
----------
  O X O   
  O X O O 
    X X   
O O X   X 
    X X   
----------

Black 2,1
----------
  O X O   
  O X O O 
  X X X   
O O X   X 
    X X   
----------

White 1,0
----------
  O X O   
O O X O O 
  X X X   
O O X   X 
    X X   
----------

Black 2,4
----------
  O X O   
O O X O O 
  X X X X 
O O X   X 
    X X   
----------

White 2,0
----------
  O X O   
O O X O O 
O X X X X 
O O X   X 
    X X   
----------

Black 4,4
----------
  O X O   
O O X O O 
O X X X X 
O O X   X 
    X X X 
----------

White 4,1
----------
  O X O   
O O X O O 
O X X X X 
O O X   X 
  O X X X 
----------

Black 0,4
----------
  O X   X 
O O X     
O X X X X 
O O X   X 
  O X X X 
----------

White 1,3
----------
  O X   X 
O O X O   
O X X X X 
O O X   X 
  O X X X 
----------

Game end.
The winner is X
ta time: 186.61
student time: 49.35
White(You) lose.
=====Round 6=====
Black:You White:TA
Thu Oct 29 21:34:18 PDT 2020
Clean up...
Start Playing...
Black 2,2
----------
          
          
    X     
          
          
----------

White 2,1
----------
          
          
  O X     
          
          
----------

Black 1,1
----------
          
  X       
  O X     
          
          
----------

White 3,1
----------
          
  X       
  O X     
  O       
          
----------

Black 2,3
----------
          
  X       
  O X X   
  O       
          
----------

White 3,2
----------
          
  X       
  O X X   
  O O     
          
----------

Black 1,3
----------
          
  X   X   
  O X X   
  O O     
          
----------

White 3,3
----------
          
  X   X   
  O X X   
  O O O   
          
----------

Black 1,2
----------
          
  X X X   
  O X X   
  O O O   
          
----------

White 1,0
----------
          
O X X X   
  O X X   
  O O O   
          
----------

Black 0,1
----------
  X       
O X X X   
  O X X   
  O O O   
          
----------

White 3,4
----------
  X       
O X X X   
  O X X   
  O O O O 
          
----------

Black 0,0
----------
X X       
O X X X   
  O X X   
  O O O O 
          
----------

White 2,0
----------
X X       
O X X X   
O O X X   
  O O O O 
          
----------

Black 0,3
----------
X X   X   
O X X X   
O O X X   
  O O O O 
          
----------

White 2,4
----------
X X   X   
O X X X   
O O X X O 
  O O O O 
          
----------

Black 0,2
----------
X X X X   
O X X X   
O O X X O 
  O O O O 
          
----------

White 3,0
----------
X X X X   
O X X X   
O O X X O 
O O O O O 
          
----------

Black 4,1
----------
X X X X   
O X X X   
O O X X O 
O O O O O 
  X       
----------

White 4,2
----------
X X X X   
O X X X   
O O X X O 
O O O O O 
  X O     
----------

Black PASS
----------
X X X X   
O X X X   
O O X X O 
O O O O O 
  X O     
----------

White 4,0
----------
X X X X   
O X X X   
O O X X O 
O O O O O 
O   O     
----------

Black PASS
----------
X X X X   
O X X X   
O O X X O 
O O O O O 
O   O     
----------

White 4,3
----------
X X X X   
O X X X   
O O X X O 
O O O O O 
O   O O   
----------

Game end.
The winner is O
ta time: 215.23
student time: 52.63
Black(You) lose.
=====Round 7=====
Black:TA White:You
Thu Oct 29 21:34:50 PDT 2020
Clean up...
Start Playing...
Black 2,2
----------
          
          
    X     
          
          
----------

White 1,1
----------
          
  O       
    X     
          
          
----------

Black 2,1
----------
          
  O       
  X X     
          
          
----------

White 1,2
----------
          
  O O     
  X X     
          
          
----------

Black 1,3
----------
          
  O O X   
  X X     
          
          
----------

White 1,0
----------
          
O O O X   
  X X     
          
          
----------

Black 0,3
----------
      X   
O O O X   
  X X     
          
          
----------

White 2,0
----------
      X   
O O O X   
O X X     
          
          
----------

Black 3,1
----------
      X   
O O O X   
O X X     
  X       
          
----------

White 3,0
----------
      X   
O O O X   
O X X     
O X       
          
----------

Black 4,1
----------
      X   
O O O X   
O X X     
O X       
  X       
----------

White 3,3
----------
      X   
O O O X   
O X X     
O X   O   
  X       
----------

Black 0,2
----------
    X X   
O O O X   
O X X     
O X   O   
  X       
----------

White 3,4
----------
    X X   
O O O X   
O X X     
O X   O O 
  X       
----------

Black 0,1
----------
  X X X   
O O O X   
O X X     
O X   O O 
  X       
----------

White 3,2
----------
  X X X   
O O O X   
O X X     
O X O O O 
  X       
----------

Black 4,0
----------
  X X X   
O O O X   
O X X     
O X O O O 
X X       
----------

White 2,3
----------
  X X X   
O O O X   
O X X O   
O X O O O 
X X       
----------

Black 0,0
----------
X X X X   
      X   
  X X O   
  X O O O 
X X       
----------

White 2,4
----------
X X X X   
      X   
  X X O O 
  X O O O 
X X       
----------

Black 1,2
----------
X X X X   
    X X   
  X X O O 
  X O O O 
X X       
----------

White 1,4
----------
X X X X   
    X X O 
  X X O O 
  X O O O 
X X       
----------

Black 4,3
----------
X X X X   
    X X O 
  X X O O 
  X O O O 
X X   X   
----------

White 4,2
----------
X X X X   
    X X O 
  X X O O 
  X O O O 
X X O X   
----------

Game end.
The winner is X
ta time: 250.75
student time: 55.41
White(You) lose.
=====Round 8=====
Black:You White:TA
Thu Oct 29 21:35:24 PDT 2020
Clean up...
Start Playing...
Black 2,2
----------
          
          
    X     
          
          
----------

White 3,2
----------
          
          
    X     
    O     
          
----------

Black 1,1
----------
          
  X       
    X     
    O     
          
----------

White 2,3
----------
          
  X       
    X O   
    O     
          
----------

Black 1,2
----------
          
  X X     
    X O   
    O     
          
----------

White 3,3
----------
          
  X X     
    X O   
    O O   
          
----------

Black 1,3
----------
          
  X X X   
    X O   
    O O   
          
----------

White 3,1
----------
          
  X X X   
    X O   
  O O O   
          
----------

Black 2,1
----------
          
  X X X   
  X X O   
  O O O   
          
----------

White 2,0
----------
          
  X X X   
O X X O   
  O O O   
          
----------

Black 1,0
----------
          
X X X X   
O X X O   
  O O O   
          
----------

White 3,0
----------
          
X X X X   
O X X O   
O O O O   
          
----------

Black 1,4
----------
          
X X X X X 
O X X O   
O O O O   
          
----------

White 2,4
----------
          
X X X X X 
O X X O O 
O O O O   
          
----------

Black 0,0
----------
X         
X X X X X 
O X X O O 
O O O O   
          
----------

White 0,2
----------
X   O     
X X X X X 
O X X O O 
O O O O   
          
----------

Black 0,1
----------
X X O     
X X X X X 
O X X O O 
O O O O   
          
----------

White 4,3
----------
X X O     
X X X X X 
O X X O O 
O O O O   
      O   
----------

Black 4,1
----------
X X O     
X X X X X 
O X X O O 
O O O O   
  X   O   
----------

White 4,4
----------
X X O     
X X X X X 
O X X O O 
O O O O   
  X   O O 
----------

Black 0,3
----------
X X   X   
X X X X X 
O X X O O 
O O O O   
  X   O O 
----------

White 4,2
----------
X X   X   
X X X X X 
O X X O O 
O O O O   
  X O O O 
----------

Black PASS
----------
X X   X   
X X X X X 
O X X O O 
O O O O   
  X O O O 
----------

White 4,0
----------
X X   X   
X X X X X 
O X X O O 
O O O O   
O   O O O 
----------

Game end.
The winner is O
ta time: 285.01
student time: 58.62
Black(You) lose.
=====Round 9=====
Black:TA White:You
Thu Oct 29 21:35:58 PDT 2020
Clean up...
Start Playing...
Black 2,2
----------
          
          
    X     
          
          
----------

White 1,1
----------
          
  O       
    X     
          
          
----------

Black 1,2
----------
          
  O X     
    X     
          
          
----------

White 3,3
----------
          
  O X     
    X     
      O   
          
----------

Black 3,2
----------
          
  O X     
    X     
    X O   
          
----------

White 0,3
----------
      O   
  O X     
    X     
    X O   
          
----------

Black 0,2
----------
    X O   
  O X     
    X     
    X O   
          
----------

White 3,0
----------
    X O   
  O X     
    X     
O   X O   
          
----------

Black 4,2
----------
    X O   
  O X     
    X     
O   X O   
    X     
----------

White 1,3
----------
    X O   
  O X O   
    X     
O   X O   
    X     
----------

Black 2,3
----------
    X O   
  O X O   
    X X   
O   X O   
    X     
----------

White 3,1
----------
    X O   
  O X O   
    X X   
O O X O   
    X     
----------

Black 3,4
----------
    X O   
  O X O   
    X X   
O O X O X 
    X     
----------

White 0,1
----------
  O X O   
  O X O   
    X X   
O O X O X 
    X     
----------

Black 4,3
----------
  O X O   
  O X O   
    X X   
O O X   X 
    X X   
----------

White 1,4
----------
  O X O   
  O X O O 
    X X   
O O X   X 
    X X   
----------

Black 2,1
----------
  O X O   
  O X O O 
  X X X   
O O X   X 
    X X   
----------

White 1,0
----------
  O X O   
O O X O O 
  X X X   
O O X   X 
    X X   
----------

Black 2,4
----------
  O X O   
O O X O O 
  X X X X 
O O X   X 
    X X   
----------

White 2,0
----------
  O X O   
O O X O O 
O X X X X 
O O X   X 
    X X   
----------

Black 0,4
----------
  O X   X 
O O X     
O X X X X 
O O X   X 
    X X   
----------

White 0,0
----------
O O X   X 
O O X     
O X X X X 
O O X   X 
    X X   
----------

Black 1,3
----------
O O X   X 
O O X X   
O X X X X 
O O X   X 
    X X   
----------

White PASS
----------
O O X   X 
O O X X   
O X X X X 
O O X   X 
    X X   
----------

Game end.
The winner is X
ta time: 316.66
student time: 61.76
White(You) lose.
=====Round 10=====
Black:You White:TA
Thu Oct 29 21:36:29 PDT 2020
Clean up...
Start Playing...
Black 2,2
----------
          
          
    X     
          
          
----------

White 2,3
----------
          
          
    X O   
          
          
----------

Black 1,1
----------
          
  X       
    X O   
          
          
----------

White 3,2
----------
          
  X       
    X O   
    O     
          
----------

Black 1,2
----------
          
  X X     
    X O   
    O     
          
----------

White 3,3
----------
          
  X X     
    X O   
    O O   
          
----------

Black 1,3
----------
          
  X X X   
    X O   
    O O   
          
----------

White 3,1
----------
          
  X X X   
    X O   
  O O O   
          
----------

Black 2,1
----------
          
  X X X   
  X X O   
  O O O   
          
----------

White 2,0
----------
          
  X X X   
O X X O   
  O O O   
          
----------

Black 1,0
----------
          
X X X X   
O X X O   
  O O O   
          
----------

White 3,0
----------
          
X X X X   
O X X O   
O O O O   
          
----------

Black 1,4
----------
          
X X X X X 
O X X O   
O O O O   
          
----------

White 2,4
----------
          
X X X X X 
O X X O O 
O O O O   
          
----------

Black 0,0
----------
X         
X X X X X 
O X X O O 
O O O O   
          
----------

White 0,2
----------
X   O     
X X X X X 
O X X O O 
O O O O   
          
----------

Black 0,1
----------
X X O     
X X X X X 
O X X O O 
O O O O   
          
----------

White 4,2
----------
X X O     
X X X X X 
O X X O O 
O O O O   
    O     
----------

Black 4,4
----------
X X O     
X X X X X 
O X X O O 
O O O O   
    O   X 
----------

White 4,0
----------
X X O     
X X X X X 
O X X O O 
O O O O   
O   O   X 
----------

Black 0,3
----------
X X   X   
X X X X X 
O X X O O 
O O O O   
O   O   X 
----------

White 4,3
----------
X X   X   
X X X X X 
O X X O O 
O O O O   
O   O O X 
----------

Black PASS
----------
X X   X   
X X X X X 
O X X O O 
O O O O   
O   O O X 
----------

White 3,4
----------
X X   X   
X X X X X 
O X X O O 
O O O O O 
O   O O   
----------

Game end.
The winner is O
ta time: 350.59
student time: 64.99
Black(You) lose.
