Wed Oct 28 17:05:14 PDT 2020

==Playing with qlearning_player==
=====Round 1=====
Black:TA White:You
Wed Oct 28 17:05:14 PDT 2020
Clean up...
Start Playing...
Black 1,2
----------
          
    X     
          
          
          
----------

White 2,1
----------
          
    X     
  O       
          
          
----------

Black 2,2
----------
          
    X     
  O X     
          
          
----------

White 3,1
----------
          
    X     
  O X     
  O       
          
----------

Black 0,0
----------
X         
    X     
  O X     
  O       
          
----------

White 1,1
----------
X         
  O X     
  O X     
  O       
          
----------

Black 0,1
----------
X X       
  O X     
  O X     
  O       
          
----------

White 3,2
----------
X X       
  O X     
  O X     
  O O     
          
----------

Black 2,3
----------
X X       
  O X     
  O X X   
  O O     
          
----------

White 3,3
----------
X X       
  O X     
  O X X   
  O O O   
          
----------

Black 1,3
----------
X X       
  O X X   
  O X X   
  O O O   
          
----------

White 3,4
----------
X X       
  O X X   
  O X X   
  O O O O 
          
----------

Black 4,2
----------
X X       
  O X X   
  O X X   
  O O O O 
    X     
----------

White 2,4
----------
X X       
  O X X   
  O X X O 
  O O O O 
    X     
----------

Black 0,2
----------
X X X     
  O X X   
  O X X O 
  O O O O 
    X     
----------

White 1,4
----------
X X X     
  O X X O 
  O X X O 
  O O O O 
    X     
----------

Black 2,0
----------
X X X     
  O X X O 
X O X X O 
  O O O O 
    X     
----------

White 0,4
----------
X X X   O 
  O X X O 
X O X X O 
  O O O O 
    X     
----------

Black 3,0
----------
X X X   O 
  O X X O 
X O X X O 
X O O O O 
    X     
----------

White 4,1
----------
X X X   O 
  O X X O 
X O X X O 
X O O O O 
  O X     
----------

Black 1,0
----------
X X X   O 
X O X X O 
X O X X O 
X O O O O 
  O X     
----------

White 4,3
----------
X X X   O 
X O X X O 
X O X X O 
X O O O O 
  O   O   
----------

Black 0,3
----------
X X X X O 
X O X X O 
X O X X O 
X O O O O 
  O   O   
----------

White 4,0
----------
        O 
  O     O 
  O     O 
  O O O O 
O O   O   
----------

Game end.
The winner is O
ta time: 4.15
student time: 0.6
White(You) win!
=====Round 2=====
Black:You White:TA
Wed Oct 28 17:05:23 PDT 2020
Clean up...
Start Playing...
Black 2,2
----------
          
          
    X     
          
          
----------

White 2,1
----------
          
          
  O X     
          
          
----------

Black 1,2
----------
          
    X     
  O X     
          
          
----------

White 3,2
----------
          
    X     
  O X     
    O     
          
----------

Black 1,1
----------
          
  X X     
  O X     
    O     
          
----------

White 2,3
----------
          
  X X     
  O X O   
    O     
          
----------

Black 1,3
----------
          
  X X X   
  O X O   
    O     
          
----------

White 2,4
----------
          
  X X X   
  O X O O 
    O     
          
----------

Black 1,0
----------
          
X X X X   
  O X O O 
    O     
          
----------

White 4,2
----------
          
X X X X   
  O X O O 
    O     
    O     
----------

Black 0,3
----------
      X   
X X X X   
  O X O O 
    O     
    O     
----------

White 3,3
----------
      X   
X X X X   
  O X O O 
    O O   
    O     
----------

Black 2,0
----------
      X   
X X X X   
X O X O O 
    O O   
    O     
----------

White 0,2
----------
    O X   
X X X X   
X O X O O 
    O O   
    O     
----------

Black 0,1
----------
  X   X   
X X X X   
X O X O O 
    O O   
    O     
----------

White 3,1
----------
  X   X   
X X X X   
X O X O O 
  O O O   
    O     
----------

Black 3,0
----------
  X   X   
X X X X   
X O X O O 
X O O O   
    O     
----------

White 3,4
----------
  X   X   
X X X X   
X O X O O 
X O O O O 
    O     
----------

Black 4,0
----------
  X   X   
X X X X   
X O X O O 
X O O O O 
X   O     
----------

White 4,3
----------
  X   X   
X X X X   
X O X O O 
X O O O O 
X   O O   
----------

Black 0,0
----------
X X   X   
X X X X   
X O X O O 
X O O O O 
X   O O   
----------

White 4,1
----------
X X   X   
X X X X   
X O X O O 
X O O O O 
X O O O   
----------

Black 0,2
----------
X X X X   
X X X X   
X O X O O 
X O O O O 
X O O O   
----------

White 1,4
----------
X X X X   
X X X X O 
X O X O O 
X O O O O 
X O O O   
----------

Game end.
The winner is O
ta time: 7.85
student time: 1.23
Black(You) lose.
=====Round 3=====
Black:TA White:You
Wed Oct 28 17:05:31 PDT 2020
Clean up...
Start Playing...
Black 1,2
----------
          
    X     
          
          
          
----------

White 2,1
----------
          
    X     
  O       
          
          
----------

Black 2,2
----------
          
    X     
  O X     
          
          
----------

White 3,1
----------
          
    X     
  O X     
  O       
          
----------

Black 0,0
----------
X         
    X     
  O X     
  O       
          
----------

White 1,1
----------
X         
  O X     
  O X     
  O       
          
----------

Black 0,1
----------
X X       
  O X     
  O X     
  O       
          
----------

White 3,2
----------
X X       
  O X     
  O X     
  O O     
          
----------

Black 2,3
----------
X X       
  O X     
  O X X   
  O O     
          
----------

White 3,3
----------
X X       
  O X     
  O X X   
  O O O   
          
----------

Black 1,3
----------
X X       
  O X X   
  O X X   
  O O O   
          
----------

White 3,4
----------
X X       
  O X X   
  O X X   
  O O O O 
          
----------

Black 0,2
----------
X X X     
  O X X   
  O X X   
  O O O O 
          
----------

White 2,4
----------
X X X     
  O X X   
  O X X O 
  O O O O 
          
----------

Black 2,0
----------
X X X     
  O X X   
X O X X O 
  O O O O 
          
----------

White 1,4
----------
X X X     
  O X X O 
X O X X O 
  O O O O 
          
----------

Black 4,2
----------
X X X     
  O X X O 
X O X X O 
  O O O O 
    X     
----------

White 0,4
----------
X X X   O 
  O X X O 
X O X X O 
  O O O O 
    X     
----------

Black 4,3
----------
X X X   O 
  O X X O 
X O X X O 
  O O O O 
    X X   
----------

White 3,0
----------
X X X   O 
  O X X O 
X O X X O 
O O O O O 
    X X   
----------

Black 4,1
----------
X X X   O 
  O X X O 
X O X X O 
O O O O O 
  X X X   
----------

White 1,0
----------
X X X   O 
O O X X O 
  O X X O 
O O O O O 
  X X X   
----------

Black 4,4
----------
X X X   O 
O O X X O 
  O X X O 
O O O O O 
  X X X X 
----------

White 0,3
----------
      O O 
O O     O 
  O     O 
O O O O O 
  X X X X 
----------

Game end.
The winner is O
ta time: 11.91
student time: 1.64
White(You) win!
=====Round 4=====
Black:You White:TA
Wed Oct 28 17:05:47 PDT 2020
Clean up...
Start Playing...
Black 2,2
----------
          
          
    X     
          
          
----------

White 2,1
----------
          
          
  O X     
          
          
----------

Black 1,2
----------
          
    X     
  O X     
          
          
----------

White 3,2
----------
          
    X     
  O X     
    O     
          
----------

Black 1,1
----------
          
  X X     
  O X     
    O     
          
----------

White 2,3
----------
          
  X X     
  O X O   
    O     
          
----------

Black 1,3
----------
          
  X X X   
  O X O   
    O     
          
----------

White 0,2
----------
    O     
  X X X   
  O X O   
    O     
          
----------

Black 1,0
----------
    O     
X X X X   
  O X O   
    O     
          
----------

White 3,1
----------
    O     
X X X X   
  O X O   
  O O     
          
----------

Black 1,4
----------
    O     
X X X X X 
  O X O   
  O O     
          
----------

White 2,4
----------
    O     
X X X X X 
  O X O O 
  O O     
          
----------

Black 2,0
----------
    O     
X X X X X 
X O X O O 
  O O     
          
----------

White 4,2
----------
    O     
X X X X X 
X O X O O 
  O O     
    O     
----------

Black 3,0
----------
    O     
X X X X X 
X O X O O 
X O O     
    O     
----------

White 3,3
----------
    O     
X X X X X 
X O X O O 
X O O O   
    O     
----------

Black 4,0
----------
    O     
X X X X X 
X O X O O 
X O O O   
X   O     
----------

White 0,1
----------
  O O     
X X X X X 
X O X O O 
X O O O   
X   O     
----------

Black 0,0
----------
X O O     
X X X X X 
X O X O O 
X O O O   
X   O     
----------

White 4,1
----------
X O O     
X X X X X 
X O X O O 
X O O O   
X O O     
----------

Black 0,3
----------
X     X   
X X X X X 
X O X O O 
X O O O   
X O O     
----------

White 0,2
----------
X   O X   
X X X X X 
X O X O O 
X O O O   
X O O     
----------

Black 0,1
----------
X X   X   
X X X X X 
X O X O O 
X O O O   
X O O     
----------

White 3,4
----------
X X   X   
X X X X X 
X O X O O 
X O O O O 
X O O     
----------

Game end.
The winner is X
ta time: 15.57
student time: 2.21
Black(You) win!
=====Round 5=====
Black:TA White:You
Wed Oct 28 17:05:56 PDT 2020
Clean up...
Start Playing...
Black 1,2
----------
          
    X     
          
          
          
----------

White 2,1
----------
          
    X     
  O       
          
          
----------

Black 2,2
----------
          
    X     
  O X     
          
          
----------

White 3,1
----------
          
    X     
  O X     
  O       
          
----------

Black 0,0
----------
X         
    X     
  O X     
  O       
          
----------

White 1,1
----------
X         
  O X     
  O X     
  O       
          
----------

Black 0,1
----------
X X       
  O X     
  O X     
  O       
          
----------

White 3,2
----------
X X       
  O X     
  O X     
  O O     
          
----------

Black 2,3
----------
X X       
  O X     
  O X X   
  O O     
          
----------

White 3,3
----------
X X       
  O X     
  O X X   
  O O O   
          
----------

Black 1,3
----------
X X       
  O X X   
  O X X   
  O O O   
          
----------

White 3,4
----------
X X       
  O X X   
  O X X   
  O O O O 
          
----------

Black 4,2
----------
X X       
  O X X   
  O X X   
  O O O O 
    X     
----------

White 2,4
----------
X X       
  O X X   
  O X X O 
  O O O O 
    X     
----------

Black 0,2
----------
X X X     
  O X X   
  O X X O 
  O O O O 
    X     
----------

White 1,4
----------
X X X     
  O X X O 
  O X X O 
  O O O O 
    X     
----------

Black 2,0
----------
X X X     
  O X X O 
X O X X O 
  O O O O 
    X     
----------

White 0,4
----------
X X X   O 
  O X X O 
X O X X O 
  O O O O 
    X     
----------

Black 4,1
----------
X X X   O 
  O X X O 
X O X X O 
  O O O O 
  X X     
----------

White 3,0
----------
X X X   O 
  O X X O 
X O X X O 
O O O O O 
  X X     
----------

Black 4,3
----------
X X X   O 
  O X X O 
X O X X O 
O O O O O 
  X X X   
----------

White 1,0
----------
X X X   O 
O O X X O 
  O X X O 
O O O O O 
  X X X   
----------

Black 4,0
----------
X X X   O 
O O X X O 
  O X X O 
O O O O O 
X X X X   
----------

White 0,3
----------
      O O 
O O     O 
  O     O 
O O O O O 
X X X X   
----------

Game end.
The winner is O
ta time: 19.61
student time: 2.56
White(You) win!
=====Round 6=====
Black:You White:TA
Wed Oct 28 17:06:05 PDT 2020
Clean up...
Start Playing...
Black 2,2
----------
          
          
    X     
          
          
----------

White 2,1
----------
          
          
  O X     
          
          
----------

Black 1,2
----------
          
    X     
  O X     
          
          
----------

White 3,2
----------
          
    X     
  O X     
    O     
          
----------

Black 1,1
----------
          
  X X     
  O X     
    O     
          
----------

White 2,3
----------
          
  X X     
  O X O   
    O     
          
----------

Black 1,3
----------
          
  X X X   
  O X O   
    O     
          
----------

White 3,3
----------
          
  X X X   
  O X O   
    O O   
          
----------

Black 1,0
----------
          
X X X X   
  O X O   
    O O   
          
----------

White 3,1
----------
          
X X X X   
  O X O   
  O O O   
          
----------

Black 1,4
----------
          
X X X X X 
  O X O   
  O O O   
          
----------

White 2,0
----------
          
X X X X X 
O O X O   
  O O O   
          
----------

Black 2,4
----------
          
X X X X X 
O O X O X 
  O O O   
          
----------

White 4,2
----------
          
X X X X X 
O O X O X 
  O O O   
    O     
----------

Black 3,4
----------
          
X X X X X 
O O X O X 
  O O O X 
    O     
----------

White 0,2
----------
    O     
X X X X X 
O O X O X 
  O O O X 
    O     
----------

Black 4,4
----------
    O     
X X X X X 
O O X O X 
  O O O X 
    O   X 
----------

White 0,3
----------
    O O   
X X X X X 
O O X O X 
  O O O X 
    O   X 
----------

Black 0,0
----------
X   O O   
X X X X X 
O O X O X 
  O O O X 
    O   X 
----------

White 3,0
----------
X   O O   
X X X X X 
O O X O X 
O O O O X 
    O   X 
----------

Black 0,1
----------
X X O O   
X X X X X 
O O X O X 
O O O O X 
    O   X 
----------

White 4,3
----------
X X O O   
X X X X X 
O O X O X 
O O O O X 
    O O X 
----------

Black 4,0
----------
X X O O   
X X X X X 
O O X O X 
O O O O X 
X   O O X 
----------

White 0,4
----------
    O O O 
          
O O   O   
O O O O   
X   O O   
----------

Game end.
The winner is O
ta time: 23.31
student time: 3.07
Black(You) lose.
=====Round 7=====
Black:TA White:You
Wed Oct 28 17:06:13 PDT 2020
Clean up...
Start Playing...
Black 1,2
----------
          
    X     
          
          
          
----------

White 2,1
----------
          
    X     
  O       
          
          
----------

Black 2,2
----------
          
    X     
  O X     
          
          
----------

White 3,1
----------
          
    X     
  O X     
  O       
          
----------

Black 0,0
----------
X         
    X     
  O X     
  O       
          
----------

White 1,1
----------
X         
  O X     
  O X     
  O       
          
----------

Black 0,1
----------
X X       
  O X     
  O X     
  O       
          
----------

White 3,2
----------
X X       
  O X     
  O X     
  O O     
          
----------

Black 2,3
----------
X X       
  O X     
  O X X   
  O O     
          
----------

White 3,3
----------
X X       
  O X     
  O X X   
  O O O   
          
----------

Black 4,2
----------
X X       
  O X     
  O X X   
  O O O   
    X     
----------

White 3,4
----------
X X       
  O X     
  O X X   
  O O O O 
    X     
----------

Black 1,3
----------
X X       
  O X X   
  O X X   
  O O O O 
    X     
----------

White 2,4
----------
X X       
  O X X   
  O X X O 
  O O O O 
    X     
----------

Black 2,0
----------
X X       
  O X X   
X O X X O 
  O O O O 
    X     
----------

White 1,4
----------
X X       
  O X X O 
X O X X O 
  O O O O 
    X     
----------

Black 0,2
----------
X X X     
  O X X O 
X O X X O 
  O O O O 
    X     
----------

White 0,4
----------
X X X   O 
  O X X O 
X O X X O 
  O O O O 
    X     
----------

Black 1,0
----------
X X X   O 
X O X X O 
X O X X O 
  O O O O 
    X     
----------

White 3,0
----------
X X X   O 
X O X X O 
X O X X O 
O O O O O 
    X     
----------

Black 4,1
----------
X X X   O 
X O X X O 
X O X X O 
O O O O O 
  X X     
----------

White 0,3
----------
      O O 
  O     O 
  O     O 
O O O O O 
  X X     
----------

Black 2,2
----------
      O O 
  O     O 
  O X   O 
O O O O O 
  X X     
----------

White 0,1
----------
  O   O O 
  O     O 
  O X   O 
O O O O O 
  X X     
----------

Game end.
The winner is O
ta time: 27.4
student time: 3.53
White(You) win!
=====Round 8=====
Black:You White:TA
Wed Oct 28 17:06:21 PDT 2020
Clean up...
Start Playing...
Black 2,2
----------
          
          
    X     
          
          
----------

White 2,1
----------
          
          
  O X     
          
          
----------

Black 1,2
----------
          
    X     
  O X     
          
          
----------

White 3,2
----------
          
    X     
  O X     
    O     
          
----------

Black 1,1
----------
          
  X X     
  O X     
    O     
          
----------

White 2,3
----------
          
  X X     
  O X O   
    O     
          
----------

Black 1,3
----------
          
  X X X   
  O X O   
    O     
          
----------

White 2,4
----------
          
  X X X   
  O X O O 
    O     
          
----------

Black 1,0
----------
          
X X X X   
  O X O O 
    O     
          
----------

White 3,3
----------
          
X X X X   
  O X O O 
    O O   
          
----------

Black 0,3
----------
      X   
X X X X   
  O X O O 
    O O   
          
----------

White 0,2
----------
    O X   
X X X X   
  O X O O 
    O O   
          
----------

Black 0,1
----------
  X   X   
X X X X   
  O X O O 
    O O   
          
----------

White 3,1
----------
  X   X   
X X X X   
  O X O O 
  O O O   
          
----------

Black 2,0
----------
  X   X   
X X X X   
X O X O O 
  O O O   
          
----------

White 4,2
----------
  X   X   
X X X X   
X O X O O 
  O O O   
    O     
----------

Black 3,0
----------
  X   X   
X X X X   
X O X O O 
X O O O   
    O     
----------

White 4,3
----------
  X   X   
X X X X   
X O X O O 
X O O O   
    O O   
----------

Black 4,0
----------
  X   X   
X X X X   
X O X O O 
X O O O   
X   O O   
----------

White 1,4
----------
  X   X   
X X X X O 
X O X O O 
X O O O   
X   O O   
----------

Black 0,0
----------
X X   X   
X X X X O 
X O X O O 
X O O O   
X   O O   
----------

White 3,4
----------
X X   X   
X X X X O 
X O X O O 
X O O O O 
X   O O   
----------

Black 0,2
----------
X X X X   
X X X X O 
X O X O O 
X O O O O 
X   O O   
----------

White 4,1
----------
X X X X   
X X X X O 
X O X O O 
X O O O O 
X O O O   
----------

Game end.
The winner is O
ta time: 31.36
student time: 4.1
Black(You) lose.
=====Round 9=====
Black:TA White:You
Wed Oct 28 17:06:30 PDT 2020
Clean up...
Start Playing...
Black 1,2
----------
          
    X     
          
          
          
----------

White 2,1
----------
          
    X     
  O       
          
          
----------

Black 2,2
----------
          
    X     
  O X     
          
          
----------

White 3,1
----------
          
    X     
  O X     
  O       
          
----------

Black 0,0
----------
X         
    X     
  O X     
  O       
          
----------

White 1,1
----------
X         
  O X     
  O X     
  O       
          
----------

Black 0,1
----------
X X       
  O X     
  O X     
  O       
          
----------

White 3,2
----------
X X       
  O X     
  O X     
  O O     
          
----------

Black 2,3
----------
X X       
  O X     
  O X X   
  O O     
          
----------

White 3,3
----------
X X       
  O X     
  O X X   
  O O O   
          
----------

Black 4,2
----------
X X       
  O X     
  O X X   
  O O O   
    X     
----------

White 3,4
----------
X X       
  O X     
  O X X   
  O O O O 
    X     
----------

Black 0,2
----------
X X X     
  O X     
  O X X   
  O O O O 
    X     
----------

White 2,4
----------
X X X     
  O X     
  O X X O 
  O O O O 
    X     
----------

Black 1,3
----------
X X X     
  O X X   
  O X X O 
  O O O O 
    X     
----------

White 1,4
----------
X X X     
  O X X O 
  O X X O 
  O O O O 
    X     
----------

Black 2,0
----------
X X X     
  O X X O 
X O X X O 
  O O O O 
    X     
----------

White 0,4
----------
X X X   O 
  O X X O 
X O X X O 
  O O O O 
    X     
----------

Black 0,3
----------
X X X X O 
  O X X O 
X O X X O 
  O O O O 
    X     
----------

White 1,0
----------
        O 
O O     O 
X O     O 
  O O O O 
    X     
----------

Black 2,2
----------
        O 
O O     O 
X O X   O 
  O O O O 
    X     
----------

White 3,0
----------
        O 
O O     O 
  O X   O 
O O O O O 
    X     
----------

Black 2,3
----------
        O 
O O     O 
  O X X O 
O O O O O 
    X     
----------

White 1,2
----------
        O 
O O O   O 
  O X X O 
O O O O O 
    X     
----------

Game end.
The winner is O
ta time: 35.53
student time: 4.59
White(You) win!
=====Round 10=====
Black:You White:TA
Wed Oct 28 17:06:38 PDT 2020
Clean up...
Start Playing...
Black 2,2
----------
          
          
    X     
          
          
----------

White 2,1
----------
          
          
  O X     
          
          
----------

Black 1,2
----------
          
    X     
  O X     
          
          
----------

White 3,2
----------
          
    X     
  O X     
    O     
          
----------

Black 1,1
----------
          
  X X     
  O X     
    O     
          
----------

White 2,3
----------
          
  X X     
  O X O   
    O     
          
----------

Black 1,3
----------
          
  X X X   
  O X O   
    O     
          
----------

White 3,1
----------
          
  X X X   
  O X O   
  O O     
          
----------

Black 1,0
----------
          
X X X X   
  O X O   
  O O     
          
----------

White 3,3
----------
          
X X X X   
  O X O   
  O O O   
          
----------

Black 1,4
----------
          
X X X X X 
  O X O   
  O O O   
          
----------

White 2,4
----------
          
X X X X X 
  O X O O 
  O O O   
          
----------

Black 2,0
----------
          
X X X X X 
X O X O O 
  O O O   
          
----------

White 4,2
----------
          
X X X X X 
X O X O O 
  O O O   
    O     
----------

Black 3,0
----------
          
X X X X X 
X O X O O 
X O O O   
    O     
----------

White 0,2
----------
    O     
X X X X X 
X O X O O 
X O O O   
    O     
----------

Black 4,0
----------
    O     
X X X X X 
X O X O O 
X O O O   
X   O     
----------

White 0,3
----------
    O O   
X X X X X 
X O X O O 
X O O O   
X   O     
----------

Black 0,0
----------
X   O O   
X X X X X 
X O X O O 
X O O O   
X   O     
----------

White 4,3
----------
X   O O   
X X X X X 
X O X O O 
X O O O   
X   O O   
----------

Black 0,1
----------
X X O O   
X X X X X 
X O X O O 
X O O O   
X   O O   
----------

White 3,4
----------
X X O O   
X X X X X 
X O X O O 
X O O O O 
X   O O   
----------

Black 0,4
----------
X X     X 
X X X X X 
X O X O O 
X O O O O 
X   O O   
----------

White 0,2
----------
X X O   X 
X X X X X 
X O X O O 
X O O O O 
X   O O   
----------

Game end.
The winner is O
ta time: 39.36
student time: 5.07
Black(You) lose.

==Playing with championship_player==
=====Round 1=====
Black:TA White:You
Wed Oct 28 17:06:46 PDT 2020
Clean up...
Start Playing...
Black 2,2
----------
          
          
    X     
          
          
----------

White 1,1
----------
          
  O       
    X     
          
          
----------

Black 2,1
----------
          
  O       
  X X     
          
          
----------

White 1,2
----------
          
  O O     
  X X     
          
          
----------

Black 1,3
----------
          
  O O X   
  X X     
          
          
----------

White 1,0
----------
          
O O O X   
  X X     
          
          
----------

Black 0,3
----------
      X   
O O O X   
  X X     
          
          
----------

White 2,0
----------
      X   
O O O X   
O X X     
          
          
----------

Black 3,1
----------
      X   
O O O X   
O X X     
  X       
          
----------

White 3,0
----------
      X   
O O O X   
O X X     
O X       
          
----------

Black 4,1
----------
      X   
O O O X   
O X X     
O X       
  X       
----------

White 0,0
----------
O     X   
O O O X   
O X X     
O X       
  X       
----------

Black 0,2
----------
O   X X   
O O O X   
O X X     
O X       
  X       
----------

White 3,3
----------
O   X X   
O O O X   
O X X     
O X   O   
  X       
----------

Black 4,0
----------
O   X X   
O O O X   
O X X     
O X   O   
X X       
----------

White 2,3
----------
O   X X   
O O O X   
O X X O   
O X   O   
X X       
----------

Black 0,1
----------
  X X X   
      X   
  X X O   
  X   O   
X X       
----------

White 3,2
----------
  X X X   
      X   
  X X O   
  X O O   
X X       
----------

Black 2,4
----------
  X X X   
      X   
  X X O X 
  X O O   
X X       
----------

White 3,4
----------
  X X X   
      X   
  X X O X 
  X O O O 
X X       
----------

Black 1,4
----------
  X X X   
      X X 
  X X O X 
  X O O O 
X X       
----------

White 4,2
----------
  X X X   
      X X 
  X X O X 
  X O O O 
X X O     
----------

Black 4,4
----------
  X X X   
      X X 
  X X O X 
  X O O O 
X X O   X 
----------

White 1,0
----------
  X X X   
O     X X 
  X X O X 
  X O O O 
X X O   X 
----------

Game end.
The winner is X
ta time: 75.7
student time: 5.57
White(You) lose.
=====Round 2=====
Black:You White:TA
Wed Oct 28 17:07:13 PDT 2020
Clean up...
Start Playing...
Black 2,2
----------
          
          
    X     
          
          
----------

White 3,1
----------
          
          
    X     
  O       
          
----------

Black 1,2
----------
          
    X     
    X     
  O       
          
----------

White 2,1
----------
          
    X     
  O X     
  O       
          
----------

Black 1,1
----------
          
  X X     
  O X     
  O       
          
----------

White 3,2
----------
          
  X X     
  O X     
  O O     
          
----------

Black 1,3
----------
          
  X X X   
  O X     
  O O     
          
----------

White 3,3
----------
          
  X X X   
  O X     
  O O O   
          
----------

Black 1,0
----------
          
X X X X   
  O X     
  O O O   
          
----------

White 2,0
----------
          
X X X X   
O O X     
  O O O   
          
----------

Black 1,4
----------
          
X X X X X 
O O X     
  O O O   
          
----------

White 3,4
----------
          
X X X X X 
O O X     
  O O O O 
          
----------

Black 2,3
----------
          
X X X X X 
O O X X   
  O O O O 
          
----------

White 4,2
----------
          
X X X X X 
O O X X   
  O O O O 
    O     
----------

Black 0,0
----------
X         
X X X X X 
O O X X   
  O O O O 
    O     
----------

White 4,0
----------
X         
X X X X X 
O O X X   
  O O O O 
O   O     
----------

Black 0,1
----------
X X       
X X X X X 
O O X X   
  O O O O 
O   O     
----------

White 0,3
----------
X X   O   
X X X X X 
O O X X   
  O O O O 
O   O     
----------

Black 0,2
----------
X X X O   
X X X X X 
O O X X   
  O O O O 
O   O     
----------

White 4,3
----------
X X X O   
X X X X X 
O O X X   
  O O O O 
O   O O   
----------

Black 2,4
----------
X X X O   
X X X X X 
O O X X X 
  O O O O 
O   O O   
----------

White 0,4
----------
      O O 
          
O O       
  O O O O 
O   O O   
----------

Black 1,2
----------
      O O 
    X     
O O       
  O O O O 
O   O O   
----------

White 1,3
----------
      O O 
    X O   
O O       
  O O O O 
O   O O   
----------

Game end.
The winner is O
ta time: 112.76
student time: 6.13
Black(You) lose.
=====Round 3=====
Black:TA White:You
Wed Oct 28 17:07:41 PDT 2020
Clean up...
Start Playing...
Black 2,2
----------
          
          
    X     
          
          
----------

White 1,1
----------
          
  O       
    X     
          
          
----------

Black 1,2
----------
          
  O X     
    X     
          
          
----------

White 2,1
----------
          
  O X     
  O X     
          
          
----------

Black 3,1
----------
          
  O X     
  O X     
  X       
          
----------

White 0,1
----------
  O       
  O X     
  O X     
  X       
          
----------

Black 2,0
----------
  O       
  O X     
X O X     
  X       
          
----------

White 0,2
----------
  O O     
  O X     
X O X     
  X       
          
----------

Black 0,3
----------
  O O X   
  O X     
X O X     
  X       
          
----------

White 1,0
----------
  O O X   
O O X     
X O X     
  X       
          
----------

Black 0,0
----------
X     X   
    X     
X   X     
  X       
          
----------

White 3,3
----------
X     X   
    X     
X   X     
  X   O   
          
----------

Black 2,3
----------
X     X   
    X     
X   X X   
  X   O   
          
----------

White 3,2
----------
X     X   
    X     
X   X X   
  X O O   
          
----------

Black 2,1
----------
X     X   
    X     
X X X X   
  X O O   
          
----------

White 3,4
----------
X     X   
    X     
X X X X   
  X O O O 
          
----------

Black 2,4
----------
X     X   
    X     
X X X X X 
  X O O O 
          
----------

White 4,2
----------
X     X   
    X     
X X X X X 
  X O O O 
    O     
----------

Black 1,1
----------
X     X   
  X X     
X X X X X 
  X O O O 
    O     
----------

White 4,1
----------
X     X   
  X X     
X X X X X 
  X O O O 
  O O     
----------

Black 1,4
----------
X     X   
  X X   X 
X X X X X 
  X O O O 
  O O     
----------

White 4,0
----------
X     X   
  X X   X 
X X X X X 
  X O O O 
O O O     
----------

Black 0,1
----------
X X   X   
  X X   X 
X X X X X 
  X O O O 
O O O     
----------

White 3,0
----------
X X   X   
  X X   X 
X X X X X 
O X O O O 
O O O     
----------

Game end.
The winner is X
ta time: 146.83
student time: 6.66
White(You) lose.
=====Round 4=====
Black:You White:TA
Wed Oct 28 17:08:08 PDT 2020
Clean up...
Start Playing...
Black 2,2
----------
          
          
    X     
          
          
----------

White 2,3
----------
          
          
    X O   
          
          
----------

Black 1,2
----------
          
    X     
    X O   
          
          
----------

White 3,3
----------
          
    X     
    X O   
      O   
          
----------

Black 1,1
----------
          
  X X     
    X O   
      O   
          
----------

White 3,2
----------
          
  X X     
    X O   
    O O   
          
----------

Black 1,3
----------
          
  X X X   
    X O   
    O O   
          
----------

White 3,1
----------
          
  X X X   
    X O   
  O O O   
          
----------

Black 1,0
----------
          
X X X X   
    X O   
  O O O   
          
----------

White 1,4
----------
          
X X X X O 
    X O   
  O O O   
          
----------

Black 0,3
----------
      X   
X X X X O 
    X O   
  O O O   
          
----------

White 2,1
----------
      X   
X X X X O 
  O X O   
  O O O   
          
----------

Black 2,0
----------
      X   
X X X X O 
X O X O   
  O O O   
          
----------

White 3,0
----------
      X   
X X X X O 
X O X O   
O O O O   
          
----------

Black 0,0
----------
X     X   
X X X X O 
X O X O   
O O O O   
          
----------

White 2,4
----------
X     X   
X X X X O 
X O X O O 
O O O O   
          
----------

Black 0,1
----------
X X   X   
X X X X O 
X O X O O 
O O O O   
          
----------

White 4,2
----------
X X   X   
X X X X O 
X O X O O 
O O O O   
    O     
----------

Black 0,4
----------
X X   X X 
X X X X O 
X O X O O 
O O O O   
    O     
----------

White 3,4
----------
X X   X X 
X X X X O 
X O X O O 
O O O O O 
    O     
----------

Black 4,0
----------
X X   X X 
X X X X O 
X O X O O 
O O O O O 
X   O     
----------

White 0,2
----------
    O     
        O 
  O   O O 
O O O O O 
X   O     
----------

Black 1,1
----------
    O     
  X     O 
  O   O O 
O O O O O 
X   O     
----------

White 1,0
----------
    O     
O X     O 
  O   O O 
O O O O O 
X   O     
----------

Game end.
The winner is O
ta time: 186.06
student time: 7.3
Black(You) lose.
=====Round 5=====
Black:TA White:You
Wed Oct 28 17:08:36 PDT 2020
Clean up...
Start Playing...
Black 2,2
----------
          
          
    X     
          
          
----------

White 1,1
----------
          
  O       
    X     
          
          
----------

Black 1,2
----------
          
  O X     
    X     
          
          
----------

White 2,1
----------
          
  O X     
  O X     
          
          
----------

Black 3,1
----------
          
  O X     
  O X     
  X       
          
----------

White 0,1
----------
  O       
  O X     
  O X     
  X       
          
----------

Black 3,0
----------
  O       
  O X     
  O X     
X X       
          
----------

White 0,2
----------
  O O     
  O X     
  O X     
X X       
          
----------

Black 1,3
----------
  O O     
  O X X   
  O X     
X X       
          
----------

White 0,3
----------
  O O O   
  O X X   
  O X     
X X       
          
----------

Black 1,4
----------
  O O O   
  O X X X 
  O X     
X X       
          
----------

White 0,0
----------
O O O O   
  O X X X 
  O X     
X X       
          
----------

Black 2,0
----------
O O O O   
  O X X X 
X O X     
X X       
          
----------

White 3,3
----------
O O O O   
  O X X X 
X O X     
X X   O   
          
----------

Black 0,4
----------
O O O O X 
  O X X X 
X O X     
X X   O   
          
----------

White 2,3
----------
O O O O X 
  O X X X 
X O X O   
X X   O   
          
----------

Black 1,0
----------
        X 
X   X X X 
X   X O   
X X   O   
          
----------

White 3,2
----------
        X 
X   X X X 
X   X O   
X X O O   
          
----------

Black 2,4
----------
        X 
X   X X X 
X   X O X 
X X O O   
          
----------

White 3,4
----------
        X 
X   X X X 
X   X O X 
X X O O O 
          
----------

Black 4,2
----------
        X 
X   X X X 
X   X O X 
X X O O O 
    X     
----------

White 4,3
----------
        X 
X   X X X 
X   X O X 
X X O O O 
    X O   
----------

Black 4,4
----------
        X 
X   X X X 
X   X   X 
X X       
    X   X 
----------

White 3,3
----------
        X 
X   X X X 
X   X   X 
X X   O   
    X   X 
----------

Game end.
The winner is X
ta time: 222.96
student time: 7.81
White(You) lose.
=====Round 6=====
Black:You White:TA
Wed Oct 28 17:09:04 PDT 2020
Clean up...
Start Playing...
Black 2,2
----------
          
          
    X     
          
          
----------

White 2,1
----------
          
          
  O X     
          
          
----------

Black 1,2
----------
          
    X     
  O X     
          
          
----------

White 3,1
----------
          
    X     
  O X     
  O       
          
----------

Black 1,1
----------
          
  X X     
  O X     
  O       
          
----------

White 3,2
----------
          
  X X     
  O X     
  O O     
          
----------

Black 1,3
----------
          
  X X X   
  O X     
  O O     
          
----------

White 3,3
----------
          
  X X X   
  O X     
  O O O   
          
----------

Black 1,0
----------
          
X X X X   
  O X     
  O O O   
          
----------

White 2,0
----------
          
X X X X   
O O X     
  O O O   
          
----------

Black 1,4
----------
          
X X X X X 
O O X     
  O O O   
          
----------

White 3,4
----------
          
X X X X X 
O O X     
  O O O O 
          
----------

Black 2,3
----------
          
X X X X X 
O O X X   
  O O O O 
          
----------

White 4,2
----------
          
X X X X X 
O O X X   
  O O O O 
    O     
----------

Black 0,0
----------
X         
X X X X X 
O O X X   
  O O O O 
    O     
----------

White 4,1
----------
X         
X X X X X 
O O X X   
  O O O O 
  O O     
----------

Black 0,1
----------
X X       
X X X X X 
O O X X   
  O O O O 
  O O     
----------

White 0,3
----------
X X   O   
X X X X X 
O O X X   
  O O O O 
  O O     
----------

Black 0,2
----------
X X X O   
X X X X X 
O O X X   
  O O O O 
  O O     
----------

White 3,0
----------
X X X O   
X X X X X 
O O X X   
O O O O O 
  O O     
----------

Black 2,4
----------
X X X O   
X X X X X 
O O X X X 
O O O O O 
  O O     
----------

White 0,4
----------
      O O 
          
O O       
O O O O O 
  O O     
----------

Black 1,2
----------
      O O 
    X     
O O       
O O O O O 
  O O     
----------

White 1,3
----------
      O O 
    X O   
O O       
O O O O O 
  O O     
----------

Game end.
The winner is O
ta time: 263.5
student time: 8.22
Black(You) lose.
=====Round 7=====
Black:TA White:You
Wed Oct 28 17:09:39 PDT 2020
Clean up...
Start Playing...
Black 2,2
----------
          
          
    X     
          
          
----------

White 1,1
----------
          
  O       
    X     
          
          
----------

Black 1,2
----------
          
  O X     
    X     
          
          
----------

White 2,1
----------
          
  O X     
  O X     
          
          
----------

Black 3,1
----------
          
  O X     
  O X     
  X       
          
----------

White 0,1
----------
  O       
  O X     
  O X     
  X       
          
----------

Black 3,0
----------
  O       
  O X     
  O X     
X X       
          
----------

White 0,2
----------
  O O     
  O X     
  O X     
X X       
          
----------

Black 1,3
----------
  O O     
  O X X   
  O X     
X X       
          
----------

White 0,3
----------
  O O O   
  O X X   
  O X     
X X       
          
----------

Black 1,4
----------
  O O O   
  O X X X 
  O X     
X X       
          
----------

White 0,0
----------
O O O O   
  O X X X 
  O X     
X X       
          
----------

Black 2,0
----------
O O O O   
  O X X X 
X O X     
X X       
          
----------

White 3,3
----------
O O O O   
  O X X X 
X O X     
X X   O   
          
----------

Black 0,4
----------
O O O O X 
  O X X X 
X O X     
X X   O   
          
----------

White 2,3
----------
O O O O X 
  O X X X 
X O X O   
X X   O   
          
----------

Black 1,0
----------
        X 
X   X X X 
X   X O   
X X   O   
          
----------

White 3,2
----------
        X 
X   X X X 
X   X O   
X X O O   
          
----------

Black 4,2
----------
        X 
X   X X X 
X   X O   
X X O O   
    X     
----------

White 3,4
----------
        X 
X   X X X 
X   X O   
X X O O O 
    X     
----------

Black 2,1
----------
        X 
X   X X X 
X X X O   
X X O O O 
    X     
----------

White 2,4
----------
        X 
X   X X X 
X X X O O 
X X O O O 
    X     
----------

Black 4,3
----------
        X 
X   X X X 
X X X O O 
X X O O O 
    X X   
----------

White 0,1
----------
  O     X 
X   X X X 
X X X O O 
X X O O O 
    X X   
----------

Game end.
The winner is X
ta time: 298.92
student time: 8.65
White(You) lose.
=====Round 8=====
Black:You White:TA
Wed Oct 28 17:10:09 PDT 2020
Clean up...
Start Playing...
Black 2,2
----------
          
          
    X     
          
          
----------

White 2,3
----------
          
          
    X O   
          
          
----------

Black 1,2
----------
          
    X     
    X O   
          
          
----------

White 3,3
----------
          
    X     
    X O   
      O   
          
----------

Black 1,1
----------
          
  X X     
    X O   
      O   
          
----------

White 3,2
----------
          
  X X     
    X O   
    O O   
          
----------

Black 1,3
----------
          
  X X X   
    X O   
    O O   
          
----------

White 3,1
----------
          
  X X X   
    X O   
  O O O   
          
----------

Black 1,0
----------
          
X X X X   
    X O   
  O O O   
          
----------

White 1,4
----------
          
X X X X O 
    X O   
  O O O   
          
----------

Black 0,3
----------
      X   
X X X X O 
    X O   
  O O O   
          
----------

White 2,1
----------
      X   
X X X X O 
  O X O   
  O O O   
          
----------

Black 2,0
----------
      X   
X X X X O 
X O X O   
  O O O   
          
----------

White 3,0
----------
      X   
X X X X O 
X O X O   
O O O O   
          
----------

Black 0,0
----------
X     X   
X X X X O 
X O X O   
O O O O   
          
----------

White 2,4
----------
X     X   
X X X X O 
X O X O O 
O O O O   
          
----------

Black 0,1
----------
X X   X   
X X X X O 
X O X O O 
O O O O   
          
----------

White 4,2
----------
X X   X   
X X X X O 
X O X O O 
O O O O   
    O     
----------

Black 0,4
----------
X X   X X 
X X X X O 
X O X O O 
O O O O   
    O     
----------

White 0,2
----------
    O     
        O 
  O   O O 
O O O O   
    O     
----------

Black 1,1
----------
    O     
  X     O 
  O   O O 
O O O O   
    O     
----------

White 2,0
----------
    O     
  X     O 
O O   O O 
O O O O   
    O     
----------

Black 1,2
----------
    O     
  X X   O 
O O   O O 
O O O O   
    O     
----------

White 0,1
----------
  O O     
  X X   O 
O O   O O 
O O O O   
    O     
----------

Game end.
The winner is O
ta time: 335.91
student time: 9.06
Black(You) lose.
=====Round 9=====
Black:TA White:You
Wed Oct 28 17:10:47 PDT 2020
Clean up...
Start Playing...
Black 2,2
----------
          
          
    X     
          
          
----------

White 1,1
----------
          
  O       
    X     
          
          
----------

Black 2,1
----------
          
  O       
  X X     
          
          
----------

White 1,2
----------
          
  O O     
  X X     
          
          
----------

Black 1,3
----------
          
  O O X   
  X X     
          
          
----------

White 1,0
----------
          
O O O X   
  X X     
          
          
----------

Black 0,3
----------
      X   
O O O X   
  X X     
          
          
----------

White 2,0
----------
      X   
O O O X   
O X X     
          
          
----------

Black 3,1
----------
      X   
O O O X   
O X X     
  X       
          
----------

White 3,0
----------
      X   
O O O X   
O X X     
O X       
          
----------

Black 4,1
----------
      X   
O O O X   
O X X     
O X       
  X       
----------

White 0,0
----------
O     X   
O O O X   
O X X     
O X       
  X       
----------

Black 0,2
----------
O   X X   
O O O X   
O X X     
O X       
  X       
----------

White 3,3
----------
O   X X   
O O O X   
O X X     
O X   O   
  X       
----------

Black 4,0
----------
O   X X   
O O O X   
O X X     
O X   O   
X X       
----------

White 2,3
----------
O   X X   
O O O X   
O X X O   
O X   O   
X X       
----------

Black 0,1
----------
  X X X   
      X   
  X X O   
  X   O   
X X       
----------

White 3,2
----------
  X X X   
      X   
  X X O   
  X O O   
X X       
----------

Black 1,2
----------
  X X X   
    X X   
  X X O   
  X O O   
X X       
----------

White 2,4
----------
  X X X   
    X X   
  X X O O 
  X O O   
X X       
----------

Black 0,4
----------
  X X X X 
    X X   
  X X O O 
  X O O   
X X       
----------

White 3,4
----------
  X X X X 
    X X   
  X X O O 
  X O O O 
X X       
----------

Black 1,0
----------
  X X X X 
X   X X   
  X X O O 
  X O O O 
X X       
----------

White 1,4
----------
  X X X X 
X   X X O 
  X X O O 
  X O O O 
X X       
----------

Game end.
The winner is X
ta time: 373.64
student time: 9.46
White(You) lose.
=====Round 10=====
Black:You White:TA
Wed Oct 28 17:11:21 PDT 2020
Clean up...
Start Playing...
Black 2,2
----------
          
          
    X     
          
          
----------

White 3,2
----------
          
          
    X     
    O     
          
----------

Black 1,2
----------
          
    X     
    X     
    O     
          
----------

White 3,1
----------
          
    X     
    X     
  O O     
          
----------

Black 1,1
----------
          
  X X     
    X     
  O O     
          
----------

White 3,3
----------
          
  X X     
    X     
  O O O   
          
----------

Black 1,3
----------
          
  X X X   
    X     
  O O O   
          
----------

White 2,3
----------
          
  X X X   
    X O   
  O O O   
          
----------

Black 1,0
----------
          
X X X X   
    X O   
  O O O   
          
----------

White 1,4
----------
          
X X X X O 
    X O   
  O O O   
          
----------

Black 0,3
----------
      X   
X X X X O 
    X O   
  O O O   
          
----------

White 2,1
----------
      X   
X X X X O 
  O X O   
  O O O   
          
----------

Black 2,0
----------
      X   
X X X X O 
X O X O   
  O O O   
          
----------

White 3,0
----------
      X   
X X X X O 
X O X O   
O O O O   
          
----------

Black 0,0
----------
X     X   
X X X X O 
X O X O   
O O O O   
          
----------

White 2,4
----------
X     X   
X X X X O 
X O X O O 
O O O O   
          
----------

Black 0,1
----------
X X   X   
X X X X O 
X O X O O 
O O O O   
          
----------

White 4,3
----------
X X   X   
X X X X O 
X O X O O 
O O O O   
      O   
----------

Black 0,4
----------
X X   X X 
X X X X O 
X O X O O 
O O O O   
      O   
----------

White 4,2
----------
X X   X X 
X X X X O 
X O X O O 
O O O O   
    O O   
----------

Black 3,4
----------
X X   X X 
X X X X O 
X O X O O 
O O O O X 
    O O   
----------

White 0,2
----------
    O     
        O 
  O   O O 
O O O O X 
    O O   
----------

Black 1,1
----------
    O     
  X     O 
  O   O O 
O O O O X 
    O O   
----------

White 2,2
----------
    O     
  X     O 
  O O O O 
O O O O X 
    O O   
----------

Game end.
The winner is O
ta time: 412.31
student time: 9.94
Black(You) lose.
