Thu Oct 29 03:11:05 PDT 2020

==Playing with qlearning_player==
=====Round 1=====
Black:TA White:You
Thu Oct 29 03:11:05 PDT 2020
Clean up...
Start Playing...
Black 1,2
----------
          
    X     
          
          
          
----------

White 3,1
----------
          
    X     
          
  O       
          
----------

Black 2,2
----------
          
    X     
    X     
  O       
          
----------

White 2,1
----------
          
    X     
  O X     
  O       
          
----------

Black 0,0
----------
X         
    X     
  O X     
  O       
          
----------

White 1,1
----------
X         
  O X     
  O X     
  O       
          
----------

Black 0,1
----------
X X       
  O X     
  O X     
  O       
          
----------

White 3,2
----------
X X       
  O X     
  O X     
  O O     
          
----------

Black 2,3
----------
X X       
  O X     
  O X X   
  O O     
          
----------

White 3,3
----------
X X       
  O X     
  O X X   
  O O O   
          
----------

Black 4,2
----------
X X       
  O X     
  O X X   
  O O O   
    X     
----------

White 3,4
----------
X X       
  O X     
  O X X   
  O O O O 
    X     
----------

Black 1,3
----------
X X       
  O X X   
  O X X   
  O O O O 
    X     
----------

White 2,4
----------
X X       
  O X X   
  O X X O 
  O O O O 
    X     
----------

Black 2,0
----------
X X       
  O X X   
X O X X O 
  O O O O 
    X     
----------

White 1,4
----------
X X       
  O X X O 
X O X X O 
  O O O O 
    X     
----------

Black 0,2
----------
X X X     
  O X X O 
X O X X O 
  O O O O 
    X     
----------

White 0,4
----------
X X X   O 
  O X X O 
X O X X O 
  O O O O 
    X     
----------

Black 4,3
----------
X X X   O 
  O X X O 
X O X X O 
  O O O O 
    X X   
----------

White 3,0
----------
X X X   O 
  O X X O 
X O X X O 
O O O O O 
    X X   
----------

Black 0,3
----------
X X X X O 
  O X X O 
X O X X O 
O O O O O 
    X X   
----------

White 1,0
----------
        O 
O O     O 
  O     O 
O O O O O 
    X X   
----------

Black 2,2
----------
        O 
O O     O 
  O X   O 
O O O O O 
    X X   
----------

White 1,2
----------
        O 
O O O   O 
  O X   O 
O O O O O 
    X X   
----------

Game end.
The winner is O
ta time: 3.87
student time: 2.89
White(You) win!
=====Round 2=====
Black:You White:TA
Thu Oct 29 03:11:16 PDT 2020
Clean up...
Start Playing...
Black 2,2
----------
          
          
    X     
          
          
----------

White 2,1
----------
          
          
  O X     
          
          
----------

Black 1,2
----------
          
    X     
  O X     
          
          
----------

White 3,2
----------
          
    X     
  O X     
    O     
          
----------

Black 1,1
----------
          
  X X     
  O X     
    O     
          
----------

White 2,3
----------
          
  X X     
  O X O   
    O     
          
----------

Black 1,3
----------
          
  X X X   
  O X O   
    O     
          
----------

White 3,3
----------
          
  X X X   
  O X O   
    O O   
          
----------

Black 1,0
----------
          
X X X X   
  O X O   
    O O   
          
----------

White 4,2
----------
          
X X X X   
  O X O   
    O O   
    O     
----------

Black 1,4
----------
          
X X X X X 
  O X O   
    O O   
    O     
----------

White 0,2
----------
    O     
X X X X X 
  O X O   
    O O   
    O     
----------

Black 2,0
----------
    O     
X X X X X 
X O X O   
    O O   
    O     
----------

White 3,1
----------
    O     
X X X X X 
X O X O   
  O O O   
    O     
----------

Black 2,4
----------
    O     
X X X X X 
X O X O X 
  O O O   
    O     
----------

White 0,3
----------
    O O   
X X X X X 
X O X O X 
  O O O   
    O     
----------

Black 3,0
----------
    O O   
X X X X X 
X O X O X 
X O O O   
    O     
----------

White 4,3
----------
    O O   
X X X X X 
X O X O X 
X O O O   
    O O   
----------

Black 3,4
----------
    O O   
X X X X X 
X O X O X 
X O O O X 
    O O   
----------

White 0,1
----------
  O O O   
X X X X X 
X O X O X 
X O O O X 
    O O   
----------

Black 4,0
----------
  O O O   
X X X X X 
X O X O X 
X O O O X 
X   O O   
----------

White 4,1
----------
  O O O   
X X X X X 
X O X O X 
X O O O X 
X O O O   
----------

Black 4,4
----------
  O O O   
X X X X X 
X   X   X 
X       X 
X       X 
----------

White 2,3
----------
  O O O   
X X X X X 
X   X O X 
X       X 
X       X 
----------

Game end.
The winner is X
ta time: 7.26
student time: 5.78
Black(You) win!
=====Round 3=====
Black:TA White:You
Thu Oct 29 03:11:27 PDT 2020
Clean up...
Start Playing...
Black 1,2
----------
          
    X     
          
          
          
----------

White 3,1
----------
          
    X     
          
  O       
          
----------

Black 2,2
----------
          
    X     
    X     
  O       
          
----------

White 2,1
----------
          
    X     
  O X     
  O       
          
----------

Black 0,0
----------
X         
    X     
  O X     
  O       
          
----------

White 1,1
----------
X         
  O X     
  O X     
  O       
          
----------

Black 0,1
----------
X X       
  O X     
  O X     
  O       
          
----------

White 3,2
----------
X X       
  O X     
  O X     
  O O     
          
----------

Black 2,3
----------
X X       
  O X     
  O X X   
  O O     
          
----------

White 3,3
----------
X X       
  O X     
  O X X   
  O O O   
          
----------

Black 2,0
----------
X X       
  O X     
X O X X   
  O O O   
          
----------

White 3,4
----------
X X       
  O X     
X O X X   
  O O O O 
          
----------

Black 2,4
----------
X X       
  O X     
X O X X X 
  O O O O 
          
----------

White 3,0
----------
X X       
  O X     
X O X X X 
O O O O O 
          
----------

Black 0,2
----------
X X X     
  O X     
X O X X X 
O O O O O 
          
----------

White 1,0
----------
X X X     
O O X     
  O X X X 
O O O O O 
          
----------

Black 4,2
----------
X X X     
O O X     
  O X X X 
O O O O O 
    X     
----------

White 2,0
----------
X X X     
O O X     
O O X X X 
O O O O O 
    X     
----------

Black 1,3
----------
X X X     
O O X X   
O O X X X 
O O O O O 
    X     
----------

White 4,0
----------
X X X     
O O X X   
O O X X X 
O O O O O 
O   X     
----------

Black 0,3
----------
X X X X   
O O X X   
O O X X X 
O O O O O 
O   X     
----------

White 4,1
----------
X X X X   
O O X X   
O O X X X 
O O O O O 
O O X     
----------

Black 1,4
----------
X X X X   
O O X X X 
O O X X X 
O O O O O 
O O X     
----------

White 0,4
----------
        O 
O O       
O O       
O O O O O 
O O X     
----------

Game end.
The winner is O
ta time: 11.01
student time: 8.81
White(You) win!
=====Round 4=====
Black:You White:TA
Thu Oct 29 03:11:37 PDT 2020
Clean up...
Start Playing...
Black 2,2
----------
          
          
    X     
          
          
----------

White 2,1
----------
          
          
  O X     
          
          
----------

Black 1,2
----------
          
    X     
  O X     
          
          
----------

White 3,2
----------
          
    X     
  O X     
    O     
          
----------

Black 1,1
----------
          
  X X     
  O X     
    O     
          
----------

White 2,3
----------
          
  X X     
  O X O   
    O     
          
----------

Black 1,3
----------
          
  X X X   
  O X O   
    O     
          
----------

White 3,3
----------
          
  X X X   
  O X O   
    O O   
          
----------

Black 1,0
----------
          
X X X X   
  O X O   
    O O   
          
----------

White 2,0
----------
          
X X X X   
O O X O   
    O O   
          
----------

Black 1,4
----------
          
X X X X X 
O O X O   
    O O   
          
----------

White 0,2
----------
    O     
X X X X X 
O O X O   
    O O   
          
----------

Black 2,4
----------
    O     
X X X X X 
O O X O X 
    O O   
          
----------

White 3,1
----------
    O     
X X X X X 
O O X O X 
  O O O   
          
----------

Black 3,4
----------
    O     
X X X X X 
O O X O X 
  O O O X 
          
----------

White 4,2
----------
    O     
X X X X X 
O O X O X 
  O O O X 
    O     
----------

Black 4,4
----------
    O     
X X X X X 
O O X O X 
  O O O X 
    O   X 
----------

White 0,3
----------
    O O   
X X X X X 
O O X O X 
  O O O X 
    O   X 
----------

Black 0,0
----------
X   O O   
X X X X X 
O O X O X 
  O O O X 
    O   X 
----------

White 0,1
----------
X O O O   
X X X X X 
O O X O X 
  O O O X 
    O   X 
----------

Black 0,4
----------
X       X 
X X X X X 
O O X O X 
  O O O X 
    O   X 
----------

White 0,2
----------
X   O   X 
X X X X X 
O O X O X 
  O O O X 
    O   X 
----------

Black 0,1
----------
X X O   X 
X X X X X 
O O X O X 
  O O O X 
    O   X 
----------

White 3,0
----------
X X O   X 
X X X X X 
O O X O X 
O O O O X 
    O   X 
----------

Game end.
The winner is X
ta time: 14.56
student time: 11.63
Black(You) win!
=====Round 5=====
Black:TA White:You
Thu Oct 29 03:11:47 PDT 2020
Clean up...
Start Playing...
Black 1,2
----------
          
    X     
          
          
          
----------

White 3,1
----------
          
    X     
          
  O       
          
----------

Black 2,2
----------
          
    X     
    X     
  O       
          
----------

White 2,1
----------
          
    X     
  O X     
  O       
          
----------

Black 0,0
----------
X         
    X     
  O X     
  O       
          
----------

White 1,1
----------
X         
  O X     
  O X     
  O       
          
----------

Black 0,1
----------
X X       
  O X     
  O X     
  O       
          
----------

White 3,2
----------
X X       
  O X     
  O X     
  O O     
          
----------

Black 2,3
----------
X X       
  O X     
  O X X   
  O O     
          
----------

White 3,3
----------
X X       
  O X     
  O X X   
  O O O   
          
----------

Black 0,2
----------
X X X     
  O X     
  O X X   
  O O O   
          
----------

White 3,4
----------
X X X     
  O X     
  O X X   
  O O O O 
          
----------

Black 4,2
----------
X X X     
  O X     
  O X X   
  O O O O 
    X     
----------

White 2,4
----------
X X X     
  O X     
  O X X O 
  O O O O 
    X     
----------

Black 2,0
----------
X X X     
  O X     
X O X X O 
  O O O O 
    X     
----------

White 1,4
----------
X X X     
  O X   O 
X O X X O 
  O O O O 
    X     
----------

Black 1,3
----------
X X X     
  O X X O 
X O X X O 
  O O O O 
    X     
----------

White 0,4
----------
X X X   O 
  O X X O 
X O X X O 
  O O O O 
    X     
----------

Black 0,3
----------
X X X X O 
  O X X O 
X O X X O 
  O O O O 
    X     
----------

White 1,0
----------
        O 
O O     O 
X O     O 
  O O O O 
    X     
----------

Black 2,2
----------
        O 
O O     O 
X O X   O 
  O O O O 
    X     
----------

White 3,0
----------
        O 
O O     O 
  O X   O 
O O O O O 
    X     
----------

Black 1,2
----------
        O 
O O X   O 
  O X   O 
O O O O O 
    X     
----------

White 0,1
----------
  O     O 
O O X   O 
  O X   O 
O O O O O 
    X     
----------

Game end.
The winner is O
ta time: 18.48
student time: 14.54
White(You) win!
=====Round 6=====
Black:You White:TA
Thu Oct 29 03:11:57 PDT 2020
Clean up...
Start Playing...
Black 2,2
----------
          
          
    X     
          
          
----------

White 2,1
----------
          
          
  O X     
          
          
----------

Black 1,2
----------
          
    X     
  O X     
          
          
----------

White 3,2
----------
          
    X     
  O X     
    O     
          
----------

Black 1,1
----------
          
  X X     
  O X     
    O     
          
----------

White 2,3
----------
          
  X X     
  O X O   
    O     
          
----------

Black 1,3
----------
          
  X X X   
  O X O   
    O     
          
----------

White 2,0
----------
          
  X X X   
O O X O   
    O     
          
----------

Black 1,4
----------
          
  X X X X 
O O X O   
    O     
          
----------

White 2,4
----------
          
  X X X X 
O O X O O 
    O     
          
----------

Black 0,1
----------
  X       
  X X X X 
O O X O O 
    O     
          
----------

White 0,2
----------
  X O     
  X X X X 
O O X O O 
    O     
          
----------

Black 0,3
----------
  X   X   
  X X X X 
O O X O O 
    O     
          
----------

White 3,1
----------
  X   X   
  X X X X 
O O X O O 
  O O     
          
----------

Black 0,0
----------
X X   X   
  X X X X 
O O X O O 
  O O     
          
----------

White 3,3
----------
X X   X   
  X X X X 
O O X O O 
  O O O   
          
----------

Black 0,2
----------
X X X X   
  X X X X 
O O X O O 
  O O O   
          
----------

White 4,2
----------
X X X X   
  X X X X 
O O X O O 
  O O O   
    O     
----------

Black 4,0
----------
X X X X   
  X X X X 
O O X O O 
  O O O   
X   O     
----------

White 3,4
----------
X X X X   
  X X X X 
O O X O O 
  O O O O 
X   O     
----------

Black 0,4
----------
X X X X X 
  X X X X 
O O X O O 
  O O O O 
X   O     
----------

White 1,0
----------
          
O         
O O   O O 
  O O O O 
X   O     
----------

Black 0,0
----------
X         
O         
O O   O O 
  O O O O 
X   O     
----------

White 0,1
----------
  O       
O         
O O   O O 
  O O O O 
X   O     
----------

Game end.
The winner is O
ta time: 21.68
student time: 17.61
Black(You) lose.
=====Round 7=====
Black:TA White:You
Thu Oct 29 03:12:07 PDT 2020
Clean up...
Start Playing...
Black 1,2
----------
          
    X     
          
          
          
----------

White 3,1
----------
          
    X     
          
  O       
          
----------

Black 2,2
----------
          
    X     
    X     
  O       
          
----------

White 2,1
----------
          
    X     
  O X     
  O       
          
----------

Black 0,0
----------
X         
    X     
  O X     
  O       
          
----------

White 1,1
----------
X         
  O X     
  O X     
  O       
          
----------

Black 0,1
----------
X X       
  O X     
  O X     
  O       
          
----------

White 3,2
----------
X X       
  O X     
  O X     
  O O     
          
----------

Black 2,3
----------
X X       
  O X     
  O X X   
  O O     
          
----------

White 3,3
----------
X X       
  O X     
  O X X   
  O O O   
          
----------

Black 2,0
----------
X X       
  O X     
X O X X   
  O O O   
          
----------

White 3,4
----------
X X       
  O X     
X O X X   
  O O O O 
          
----------

Black 4,2
----------
X X       
  O X     
X O X X   
  O O O O 
    X     
----------

White 2,4
----------
X X       
  O X     
X O X X O 
  O O O O 
    X     
----------

Black 0,2
----------
X X X     
  O X     
X O X X O 
  O O O O 
    X     
----------

White 1,4
----------
X X X     
  O X   O 
X O X X O 
  O O O O 
    X     
----------

Black 1,3
----------
X X X     
  O X X O 
X O X X O 
  O O O O 
    X     
----------

White 0,4
----------
X X X   O 
  O X X O 
X O X X O 
  O O O O 
    X     
----------

Black 4,1
----------
X X X   O 
  O X X O 
X O X X O 
  O O O O 
  X X     
----------

White 3,0
----------
X X X   O 
  O X X O 
X O X X O 
O O O O O 
  X X     
----------

Black 0,3
----------
X X X X O 
  O X X O 
X O X X O 
O O O O O 
  X X     
----------

White 1,0
----------
        O 
O O     O 
  O     O 
O O O O O 
  X X     
----------

Black 2,2
----------
        O 
O O     O 
  O X   O 
O O O O O 
  X X     
----------

White 1,2
----------
        O 
O O O   O 
  O X   O 
O O O O O 
  X X     
----------

Game end.
The winner is O
ta time: 25.18
student time: 20.56
White(You) win!
=====Round 8=====
Black:You White:TA
Thu Oct 29 03:12:17 PDT 2020
Clean up...
Start Playing...
Black 2,2
----------
          
          
    X     
          
          
----------

White 2,1
----------
          
          
  O X     
          
          
----------

Black 1,2
----------
          
    X     
  O X     
          
          
----------

White 3,2
----------
          
    X     
  O X     
    O     
          
----------

Black 1,1
----------
          
  X X     
  O X     
    O     
          
----------

White 2,3
----------
          
  X X     
  O X O   
    O     
          
----------

Black 1,3
----------
          
  X X X   
  O X O   
    O     
          
----------

White 4,2
----------
          
  X X X   
  O X O   
    O     
    O     
----------

Black 1,0
----------
          
X X X X   
  O X O   
    O     
    O     
----------

White 2,4
----------
          
X X X X   
  O X O O 
    O     
    O     
----------

Black 0,3
----------
      X   
X X X X   
  O X O O 
    O     
    O     
----------

White 0,2
----------
    O X   
X X X X   
  O X O O 
    O     
    O     
----------

Black 0,1
----------
  X   X   
X X X X   
  O X O O 
    O     
    O     
----------

White 3,3
----------
  X   X   
X X X X   
  O X O O 
    O O   
    O     
----------

Black 2,0
----------
  X   X   
X X X X   
X O X O O 
    O O   
    O     
----------

White 3,1
----------
  X   X   
X X X X   
X O X O O 
  O O O   
    O     
----------

Black 3,0
----------
  X   X   
X X X X   
X O X O O 
X O O O   
    O     
----------

White 4,1
----------
  X   X   
X X X X   
X O X O O 
X O O O   
  O O     
----------

Black 0,0
----------
X X   X   
X X X X   
X O X O O 
X O O O   
  O O     
----------

White 3,4
----------
X X   X   
X X X X   
X O X O O 
X O O O O 
  O O     
----------

Black 0,2
----------
X X X X   
X X X X   
X O X O O 
X O O O O 
  O O     
----------

White 1,4
----------
X X X X   
X X X X O 
X O X O O 
X O O O O 
  O O     
----------

Black 0,4
----------
X X X X X 
X X X X O 
X O X O O 
X O O O O 
  O O     
----------

White 4,0
----------
          
        O 
  O   O O 
  O O O O 
O O O     
----------

Game end.
The winner is O
ta time: 28.76
student time: 23.41
Black(You) lose.
=====Round 9=====
Black:TA White:You
Thu Oct 29 03:12:26 PDT 2020
Clean up...
Start Playing...
Black 1,2
----------
          
    X     
          
          
          
----------

White 3,1
----------
          
    X     
          
  O       
          
----------

Black 2,2
----------
          
    X     
    X     
  O       
          
----------

White 2,1
----------
          
    X     
  O X     
  O       
          
----------

Black 0,0
----------
X         
    X     
  O X     
  O       
          
----------

White 1,1
----------
X         
  O X     
  O X     
  O       
          
----------

Black 0,1
----------
X X       
  O X     
  O X     
  O       
          
----------

White 3,2
----------
X X       
  O X     
  O X     
  O O     
          
----------

Black 2,3
----------
X X       
  O X     
  O X X   
  O O     
          
----------

White 3,3
----------
X X       
  O X     
  O X X   
  O O O   
          
----------

Black 0,2
----------
X X X     
  O X     
  O X X   
  O O O   
          
----------

White 3,4
----------
X X X     
  O X     
  O X X   
  O O O O 
          
----------

Black 4,2
----------
X X X     
  O X     
  O X X   
  O O O O 
    X     
----------

White 2,4
----------
X X X     
  O X     
  O X X O 
  O O O O 
    X     
----------

Black 1,3
----------
X X X     
  O X X   
  O X X O 
  O O O O 
    X     
----------

White 1,4
----------
X X X     
  O X X O 
  O X X O 
  O O O O 
    X     
----------

Black 2,0
----------
X X X     
  O X X O 
X O X X O 
  O O O O 
    X     
----------

White 0,4
----------
X X X   O 
  O X X O 
X O X X O 
  O O O O 
    X     
----------

Black 1,0
----------
X X X   O 
X O X X O 
X O X X O 
  O O O O 
    X     
----------

White 3,0
----------
X X X   O 
X O X X O 
X O X X O 
O O O O O 
    X     
----------

Black 4,1
----------
X X X   O 
X O X X O 
X O X X O 
O O O O O 
  X X     
----------

White 0,3
----------
      O O 
  O     O 
  O     O 
O O O O O 
  X X     
----------

Black 2,2
----------
      O O 
  O     O 
  O X   O 
O O O O O 
  X X     
----------

White 0,1
----------
  O   O O 
  O     O 
  O X   O 
O O O O O 
  X X     
----------

Game end.
The winner is O
ta time: 32.61
student time: 26.31
White(You) win!
=====Round 10=====
Black:You White:TA
Thu Oct 29 03:12:37 PDT 2020
Clean up...
Start Playing...
Black 2,2
----------
          
          
    X     
          
          
----------

White 2,1
----------
          
          
  O X     
          
          
----------

Black 1,2
----------
          
    X     
  O X     
          
          
----------

White 3,2
----------
          
    X     
  O X     
    O     
          
----------

Black 1,1
----------
          
  X X     
  O X     
    O     
          
----------

White 2,3
----------
          
  X X     
  O X O   
    O     
          
----------

Black 1,3
----------
          
  X X X   
  O X O   
    O     
          
----------

White 2,0
----------
          
  X X X   
O O X O   
    O     
          
----------

Black 1,4
----------
          
  X X X X 
O O X O   
    O     
          
----------

White 4,2
----------
          
  X X X X 
O O X O   
    O     
    O     
----------

Black 0,1
----------
  X       
  X X X X 
O O X O   
    O     
    O     
----------

White 3,3
----------
  X       
  X X X X 
O O X O   
    O O   
    O     
----------

Black 2,4
----------
  X       
  X X X X 
O O X O X 
    O O   
    O     
----------

White 0,2
----------
  X O     
  X X X X 
O O X O X 
    O O   
    O     
----------

Black 0,3
----------
  X   X   
  X X X X 
O O X O X 
    O O   
    O     
----------

White 3,1
----------
  X   X   
  X X X X 
O O X O X 
  O O O   
    O     
----------

Black 3,4
----------
  X   X   
  X X X X 
O O X O X 
  O O O X 
    O     
----------

White 1,0
----------
  X   X   
O X X X X 
O O X O X 
  O O O X 
    O     
----------

Black 0,0
----------
X X   X   
O X X X X 
O O X O X 
  O O O X 
    O     
----------

White 4,1
----------
X X   X   
O X X X X 
O O X O X 
  O O O X 
  O O     
----------

Black 4,4
----------
X X   X   
O X X X X 
O O X O X 
  O O O X 
  O O   X 
----------

White 3,0
----------
X X   X   
O X X X X 
O O X O X 
O O O O X 
  O O   X 
----------

Black 0,2
----------
X X X X   
O X X X X 
O O X O X 
O O O O X 
  O O   X 
----------

White 4,3
----------
X X X X   
O X X X X 
O O X O X 
O O O O X 
  O O O X 
----------

Game end.
The winner is O
ta time: 36.28
student time: 29.32
Black(You) lose.

==Playing with championship_player==
=====Round 1=====
Black:TA White:You
Thu Oct 29 03:12:46 PDT 2020
Clean up...
Start Playing...
Black 2,2
----------
          
          
    X     
          
          
----------

White 1,3
----------
          
      O   
    X     
          
          
----------

Black 1,2
----------
          
    X O   
    X     
          
          
----------

White 0,0
----------
O         
    X O   
    X     
          
          
----------

Black 2,3
----------
O         
    X O   
    X X   
          
          
----------

White 0,1
----------
O O       
    X O   
    X X   
          
          
----------

Black 0,2
----------
O O X     
    X O   
    X X   
          
          
----------

White 1,1
----------
O O X     
  O X O   
    X X   
          
          
----------

Black 2,1
----------
O O X     
  O X O   
  X X X   
          
          
----------

White 1,4
----------
O O X     
  O X O O 
  X X X   
          
          
----------

Black 1,0
----------
    X     
X   X O O 
  X X X   
          
          
----------

White 2,4
----------
    X     
X   X O O 
  X X X O 
          
          
----------

Black 3,3
----------
    X     
X   X O O 
  X X X O 
      X   
          
----------

White 3,4
----------
    X     
X   X O O 
  X X X O 
      X O 
          
----------

Black 3,1
----------
    X     
X   X O O 
  X X X O 
  X   X O 
          
----------

White 4,4
----------
    X     
X   X O O 
  X X X O 
  X   X O 
        O 
----------

Black 4,1
----------
    X     
X   X O O 
  X X X O 
  X   X O 
  X     O 
----------

White 4,3
----------
    X     
X   X O O 
  X X X O 
  X   X O 
  X   O O 
----------

Black 4,2
----------
    X     
X   X O O 
  X X X O 
  X   X O 
  X X O O 
----------

White 0,1
----------
  O X     
X   X O O 
  X X X O 
  X   X O 
  X X O O 
----------

Black 0,3
----------
  O X X   
X   X O O 
  X X X O 
  X   X O 
  X X O O 
----------

White 3,0
----------
  O X X   
X   X O O 
  X X X O 
O X   X O 
  X X O O 
----------

Black 0,0
----------
X O X X   
X   X O O 
  X X X O 
O X   X O 
  X X O O 
----------

White 2,0
----------
X O X X   
X   X O O 
O X X X O 
O X   X O 
  X X O O 
----------

Game end.
The winner is X
ta time: 69.37
student time: 32.63
White(You) lose.
=====Round 2=====
Black:You White:TA
Thu Oct 29 03:13:13 PDT 2020
Clean up...
Start Playing...
Black 2,2
----------
          
          
    X     
          
          
----------

White 2,1
----------
          
          
  O X     
          
          
----------

Black 1,2
----------
          
    X     
  O X     
          
          
----------

White 3,1
----------
          
    X     
  O X     
  O       
          
----------

Black 0,0
----------
X         
    X     
  O X     
  O       
          
----------

White 3,2
----------
X         
    X     
  O X     
  O O     
          
----------

Black 1,3
----------
X         
    X X   
  O X     
  O O     
          
----------

White 3,3
----------
X         
    X X   
  O X     
  O O O   
          
----------

Black 1,4
----------
X         
    X X X 
  O X     
  O O O   
          
----------

White 1,1
----------
X         
  O X X X 
  O X     
  O O O   
          
----------

Black 1,0
----------
X         
X O X X X 
  O X     
  O O O   
          
----------

White 2,0
----------
X         
X O X X X 
O O X     
  O O O   
          
----------

Black 2,3
----------
X         
X O X X X 
O O X X   
  O O O   
          
----------

White 0,1
----------
  O       
  O X X X 
O O X X   
  O O O   
          
----------

Black 0,0
----------
X O       
  O X X X 
O O X X   
  O O O   
          
----------

White 1,0
----------
  O       
O O X X X 
O O X X   
  O O O   
          
----------

Black 2,4
----------
  O       
O O X X X 
O O X X X 
  O O O   
          
----------

White 3,0
----------
  O       
O O X X X 
O O X X X 
O O O O   
          
----------

Black 3,4
----------
  O       
O O X X X 
O O X X X 
O O O O X 
          
----------

White 0,2
----------
  O O     
O O X X X 
O O X X X 
O O O O X 
          
----------

Black 4,4
----------
  O O     
O O X X X 
O O X X X 
O O O O X 
        X 
----------

White 4,1
----------
  O O     
O O X X X 
O O X X X 
O O O O X 
  O     X 
----------

Black 4,3
----------
  O O     
O O X X X 
O O X X X 
O O O O X 
  O   X X 
----------

White 4,0
----------
  O O     
O O X X X 
O O X X X 
O O O O X 
O O   X X 
----------

Game end.
The winner is O
ta time: 102.68
student time: 35.72
Black(You) lose.
=====Round 3=====
Black:TA White:You
Thu Oct 29 03:13:41 PDT 2020
Clean up...
Start Playing...
Black 2,2
----------
          
          
    X     
          
          
----------

White 1,3
----------
          
      O   
    X     
          
          
----------

Black 2,3
----------
          
      O   
    X X   
          
          
----------

White 0,0
----------
O         
      O   
    X X   
          
          
----------

Black 1,2
----------
O         
    X O   
    X X   
          
          
----------

White 0,1
----------
O O       
    X O   
    X X   
          
          
----------

Black 1,4
----------
O O       
    X O X 
    X X   
          
          
----------

White 1,1
----------
O O       
  O X O X 
    X X   
          
          
----------

Black 0,3
----------
O O   X   
  O X   X 
    X X   
          
          
----------

White 2,1
----------
O O   X   
  O X   X 
  O X X   
          
          
----------

Black 3,1
----------
O O   X   
  O X   X 
  O X X   
  X       
          
----------

White 2,0
----------
O O   X   
  O X   X 
O O X X   
  X       
          
----------

Black 3,0
----------
O O   X   
  O X   X 
O O X X   
X X       
          
----------

White 3,3
----------
O O   X   
  O X   X 
O O X X   
X X   O   
          
----------

Black 4,2
----------
O O   X   
  O X   X 
O O X X   
X X   O   
    X     
----------

White 3,4
----------
O O   X   
  O X   X 
O O X X   
X X   O O 
    X     
----------

Black 4,3
----------
O O   X   
  O X   X 
O O X X   
X X   O O 
    X X   
----------

White 3,2
----------
O O   X   
  O X   X 
O O X X   
X X O O O 
    X X   
----------

Black 4,1
----------
O O   X   
  O X   X 
O O X X   
X X O O O 
  X X X   
----------

White 4,4
----------
O O   X   
  O X   X 
O O X X   
X X O O O 
  X X X O 
----------

Black 2,4
----------
O O   X   
  O X   X 
O O X X X 
X X       
  X X X   
----------

White 3,3
----------
O O   X   
  O X   X 
O O X X X 
X X   O   
  X X X   
----------

Black 3,4
----------
O O   X   
  O X   X 
O O X X X 
X X   O X 
  X X X   
----------

White 0,2
----------
O O O X   
  O X   X 
O O X X X 
X X   O X 
  X X X   
----------

Game end.
The winner is X
ta time: 130.7
student time: 38.84
White(You) lose.
=====Round 4=====
Black:You White:TA
Thu Oct 29 03:14:04 PDT 2020
Clean up...
Start Playing...
Black 2,2
----------
          
          
    X     
          
          
----------

White 1,1
----------
          
  O       
    X     
          
          
----------

Black 2,1
----------
          
  O       
  X X     
          
          
----------

White 1,2
----------
          
  O O     
  X X     
          
          
----------

Black 1,3
----------
          
  O O X   
  X X     
          
          
----------

White 2,3
----------
          
  O O X   
  X X O   
          
          
----------

Black 3,3
----------
          
  O O X   
  X X O   
      X   
          
----------

White 2,4
----------
          
  O O X   
  X X O O 
      X   
          
----------

Black 1,4
----------
          
  O O X X 
  X X O O 
      X   
          
----------

White 2,0
----------
          
  O O X X 
O X X O O 
      X   
          
----------

Black 3,4
----------
          
  O O X X 
O X X     
      X X 
          
----------

White 3,1
----------
          
  O O X X 
O X X     
  O   X X 
          
----------

Black 3,2
----------
          
  O O X X 
O X X     
  O X X X 
          
----------

White 4,2
----------
          
  O O X X 
O X X     
  O X X X 
    O     
----------

Black 4,3
----------
          
  O O X X 
O X X     
  O X X X 
    O X   
----------

White 4,1
----------
          
  O O X X 
O X X     
  O X X X 
  O O X   
----------

Black 0,3
----------
      X   
  O O X X 
O X X     
  O X X X 
  O O X   
----------

White 1,0
----------
      X   
O O O X X 
O X X     
  O X X X 
  O O X   
----------

Black 0,2
----------
    X X   
O O O X X 
O X X     
  O X X X 
  O O X   
----------

White 0,1
----------
  O X X   
O O O X X 
O X X     
  O X X X 
  O O X   
----------

Black 2,3
----------
  O X X   
O O O X X 
O X X X   
  O X X X 
  O O X   
----------

White 3,0
----------
  O X X   
O O O X X 
O X X X   
O O X X X 
  O O X   
----------

Black 0,4
----------
  O X X X 
O O O X X 
O X X X   
O O X X X 
  O O X   
----------

White 4,0
----------
  O X X X 
O O O X X 
O X X X   
O O X X X 
O O O X   
----------

Game end.
The winner is O
ta time: 160.59
student time: 42.2
Black(You) lose.
=====Round 5=====
Black:TA White:You
Thu Oct 29 03:14:28 PDT 2020
Clean up...
Start Playing...
Black 2,2
----------
          
          
    X     
          
          
----------

White 1,3
----------
          
      O   
    X     
          
          
----------

Black 2,3
----------
          
      O   
    X X   
          
          
----------

White 0,0
----------
O         
      O   
    X X   
          
          
----------

Black 1,2
----------
O         
    X O   
    X X   
          
          
----------

White 0,1
----------
O O       
    X O   
    X X   
          
          
----------

Black 0,2
----------
O O X     
    X O   
    X X   
          
          
----------

White 1,1
----------
O O X     
  O X O   
    X X   
          
          
----------

Black 2,1
----------
O O X     
  O X O   
  X X X   
          
          
----------

White 1,4
----------
O O X     
  O X O O 
  X X X   
          
          
----------

Black 1,0
----------
    X     
X   X O O 
  X X X   
          
          
----------

White 2,4
----------
    X     
X   X O O 
  X X X O 
          
          
----------

Black 3,3
----------
    X     
X   X O O 
  X X X O 
      X   
          
----------

White 3,4
----------
    X     
X   X O O 
  X X X O 
      X O 
          
----------

Black 3,2
----------
    X     
X   X O O 
  X X X O 
    X X O 
          
----------

White 4,4
----------
    X     
X   X O O 
  X X X O 
    X X O 
        O 
----------

Black 3,0
----------
    X     
X   X O O 
  X X X O 
X   X X O 
        O 
----------

White 4,3
----------
    X     
X   X O O 
  X X X O 
X   X X O 
      O O 
----------

Black 2,0
----------
    X     
X   X O O 
X X X X O 
X   X X O 
      O O 
----------

White 4,2
----------
    X     
X   X O O 
X X X X O 
X   X X O 
    O O O 
----------

Black 0,3
----------
    X X   
X   X O O 
X X X X O 
X   X X O 
    O O O 
----------

White 4,1
----------
    X X   
X   X O O 
X X X X O 
X   X X O 
  O O O O 
----------

Black 0,4
----------
    X X X 
X   X O O 
X X X X O 
X   X X O 
  O O O O 
----------

White 0,1
----------
  O X X X 
X   X O O 
X X X X O 
X   X X O 
  O O O O 
----------

Game end.
The winner is X
ta time: 195.96
student time: 45.76
White(You) lose.
=====Round 6=====
Black:You White:TA
Thu Oct 29 03:14:53 PDT 2020
Clean up...
Start Playing...
Black 2,2
----------
          
          
    X     
          
          
----------

White 2,1
----------
          
          
  O X     
          
          
----------

Black 1,2
----------
          
    X     
  O X     
          
          
----------

White 3,1
----------
          
    X     
  O X     
  O       
          
----------

Black 0,0
----------
X         
    X     
  O X     
  O       
          
----------

White 3,2
----------
X         
    X     
  O X     
  O O     
          
----------

Black 1,3
----------
X         
    X X   
  O X     
  O O     
          
----------

White 3,3
----------
X         
    X X   
  O X     
  O O O   
          
----------

Black 1,4
----------
X         
    X X X 
  O X     
  O O O   
          
----------

White 1,1
----------
X         
  O X X X 
  O X     
  O O O   
          
----------

Black 1,0
----------
X         
X O X X X 
  O X     
  O O O   
          
----------

White 0,1
----------
X O       
X O X X X 
  O X     
  O O O   
          
----------

Black 0,2
----------
X O X     
X O X X X 
  O X     
  O O O   
          
----------

White 2,0
----------
  O X     
  O X X X 
O O X     
  O O O   
          
----------

Black 2,3
----------
  O X     
  O X X X 
O O X X   
  O O O   
          
----------

White 3,4
----------
  O X     
  O X X X 
O O X X   
  O O O O 
          
----------

Black 0,3
----------
  O X X   
  O X X X 
O O X X   
  O O O O 
          
----------

White 4,2
----------
  O X X   
  O X X X 
O O X X   
  O O O O 
    O     
----------

Black 4,0
----------
  O X X   
  O X X X 
O O X X   
  O O O O 
X   O     
----------

White 4,1
----------
  O X X   
  O X X X 
O O X X   
  O O O O 
X O O     
----------

Black 0,4
----------
  O X X X 
  O X X X 
O O X X   
  O O O O 
X O O     
----------

White 2,4
----------
  O       
  O       
O O     O 
  O O O O 
X O O     
----------

Black 1,3
----------
  O       
  O   X   
O O     O 
  O O O O 
X O O     
----------

White 1,2
----------
  O       
  O O X   
O O     O 
  O O O O 
X O O     
----------

Game end.
The winner is O
ta time: 228.53
student time: 49.06
Black(You) lose.
=====Round 7=====
Black:TA White:You
Thu Oct 29 03:15:20 PDT 2020
Clean up...
Start Playing...
Black 2,2
----------
          
          
    X     
          
          
----------

White 1,3
----------
          
      O   
    X     
          
          
----------

Black 2,3
----------
          
      O   
    X X   
          
          
----------

White 0,0
----------
O         
      O   
    X X   
          
          
----------

Black 1,2
----------
O         
    X O   
    X X   
          
          
----------

White 0,1
----------
O O       
    X O   
    X X   
          
          
----------

Black 0,2
----------
O O X     
    X O   
    X X   
          
          
----------

White 1,1
----------
O O X     
  O X O   
    X X   
          
          
----------

Black 2,1
----------
O O X     
  O X O   
  X X X   
          
          
----------

White 1,4
----------
O O X     
  O X O O 
  X X X   
          
          
----------

Black 1,0
----------
    X     
X   X O O 
  X X X   
          
          
----------

White 2,4
----------
    X     
X   X O O 
  X X X O 
          
          
----------

Black 3,3
----------
    X     
X   X O O 
  X X X O 
      X   
          
----------

White 3,4
----------
    X     
X   X O O 
  X X X O 
      X O 
          
----------

Black 3,1
----------
    X     
X   X O O 
  X X X O 
  X   X O 
          
----------

White 4,4
----------
    X     
X   X O O 
  X X X O 
  X   X O 
        O 
----------

Black 4,1
----------
    X     
X   X O O 
  X X X O 
  X   X O 
  X     O 
----------

White 4,3
----------
    X     
X   X O O 
  X X X O 
  X   X O 
  X   O O 
----------

Black 4,2
----------
    X     
X   X O O 
  X X X O 
  X   X O 
  X X O O 
----------

White 0,1
----------
  O X     
X   X O O 
  X X X O 
  X   X O 
  X X O O 
----------

Black 1,1
----------
  O X     
X X X O O 
  X X X O 
  X   X O 
  X X O O 
----------

White 3,0
----------
  O X     
X X X O O 
  X X X O 
O X   X O 
  X X O O 
----------

Black 4,0
----------
  O X     
X X X O O 
  X X X O 
O X   X O 
X X X O O 
----------

White 0,3
----------
  O X O   
X X X O O 
  X X X O 
O X   X O 
X X X O O 
----------

Game end.
The winner is X
ta time: 256.1
student time: 52.62
White(You) lose.
=====Round 8=====
Black:You White:TA
Thu Oct 29 03:15:45 PDT 2020
Clean up...
Start Playing...
Black 2,2
----------
          
          
    X     
          
          
----------

White 3,3
----------
          
          
    X     
      O   
          
----------

Black 1,2
----------
          
    X     
    X     
      O   
          
----------

White 2,3
----------
          
    X     
    X O   
      O   
          
----------

Black 1,1
----------
          
  X X     
    X O   
      O   
          
----------

White 3,2
----------
          
  X X     
    X O   
    O O   
          
----------

Black 1,3
----------
          
  X X X   
    X O   
    O O   
          
----------

White 3,1
----------
          
  X X X   
    X O   
  O O O   
          
----------

Black 1,0
----------
          
X X X X   
    X O   
  O O O   
          
----------

White 1,4
----------
          
X X X X O 
    X O   
  O O O   
          
----------

Black 0,3
----------
      X   
X X X X O 
    X O   
  O O O   
          
----------

White 2,1
----------
      X   
X X X X O 
  O X O   
  O O O   
          
----------

Black 0,4
----------
      X X 
X X X X O 
  O X O   
  O O O   
          
----------

White 2,4
----------
      X X 
X X X X O 
  O X O O 
  O O O   
          
----------

Black 2,0
----------
      X X 
X X X X O 
X O X O O 
  O O O   
          
----------

White 3,0
----------
      X X 
X X X X O 
X O X O O 
O O O O   
          
----------

Black 0,0
----------
X     X X 
X X X X O 
X O X O O 
O O O O   
          
----------

White 4,3
----------
X     X X 
X X X X O 
X O X O O 
O O O O   
      O   
----------

Black 4,1
----------
X     X X 
X X X X O 
X O X O O 
O O O O   
  X   O   
----------

White 0,1
----------
X O   X X 
X X X X O 
X O X O O 
O O O O   
  X   O   
----------

Black 0,2
----------
X   X X X 
X X X X O 
X O X O O 
O O O O   
  X   O   
----------

White 4,0
----------
X   X X X 
X X X X O 
X O X O O 
O O O O   
O X   O   
----------

Black 3,4
----------
X   X X X 
X X X X O 
X O X O O 
O O O O X 
O X   O   
----------

White 0,1
----------
  O       
        O 
  O   O O 
O O O O X 
O X   O   
----------

Game end.
The winner is O
ta time: 288.13
student time: 55.81
Black(You) lose.
=====Round 9=====
Black:TA White:You
Thu Oct 29 03:16:11 PDT 2020
Clean up...
Start Playing...
Black 2,2
----------
          
          
    X     
          
          
----------

White 1,3
----------
          
      O   
    X     
          
          
----------

Black 2,3
----------
          
      O   
    X X   
          
          
----------

White 0,0
----------
O         
      O   
    X X   
          
          
----------

Black 1,2
----------
O         
    X O   
    X X   
          
          
----------

White 0,1
----------
O O       
    X O   
    X X   
          
          
----------

Black 0,2
----------
O O X     
    X O   
    X X   
          
          
----------

White 1,1
----------
O O X     
  O X O   
    X X   
          
          
----------

Black 2,1
----------
O O X     
  O X O   
  X X X   
          
          
----------

White 1,4
----------
O O X     
  O X O O 
  X X X   
          
          
----------

Black 1,0
----------
    X     
X   X O O 
  X X X   
          
          
----------

White 2,4
----------
    X     
X   X O O 
  X X X O 
          
          
----------

Black 3,3
----------
    X     
X   X O O 
  X X X O 
      X   
          
----------

White 3,4
----------
    X     
X   X O O 
  X X X O 
      X O 
          
----------

Black 3,1
----------
    X     
X   X O O 
  X X X O 
  X   X O 
          
----------

White 4,4
----------
    X     
X   X O O 
  X X X O 
  X   X O 
        O 
----------

Black 4,1
----------
    X     
X   X O O 
  X X X O 
  X   X O 
  X     O 
----------

White 4,3
----------
    X     
X   X O O 
  X X X O 
  X   X O 
  X   O O 
----------

Black 0,3
----------
    X X   
X   X O O 
  X X X O 
  X   X O 
  X   O O 
----------

White 4,2
----------
    X X   
X   X O O 
  X X X O 
  X   X O 
  X O O O 
----------

Black 1,1
----------
    X X   
X X X O O 
  X X X O 
  X   X O 
  X O O O 
----------

White 3,0
----------
    X X   
X X X O O 
  X X X O 
O X   X O 
  X O O O 
----------

Black 0,4
----------
    X X X 
X X X O O 
  X X X O 
O X   X O 
  X O O O 
----------

White 2,0
----------
    X X X 
X X X O O 
O X X X O 
O X   X O 
  X O O O 
----------

Game end.
The winner is X
ta time: 318.3
student time: 59.4
White(You) lose.
=====Round 10=====
Black:You White:TA
Thu Oct 29 03:16:37 PDT 2020
Clean up...
Start Playing...
Black 2,2
----------
          
          
    X     
          
          
----------

White 3,1
----------
          
          
    X     
  O       
          
----------

Black 1,2
----------
          
    X     
    X     
  O       
          
----------

White 2,1
----------
          
    X     
  O X     
  O       
          
----------

Black 0,0
----------
X         
    X     
  O X     
  O       
          
----------

White 3,2
----------
X         
    X     
  O X     
  O O     
          
----------

Black 1,3
----------
X         
    X X   
  O X     
  O O     
          
----------

White 3,3
----------
X         
    X X   
  O X     
  O O O   
          
----------

Black 1,4
----------
X         
    X X X 
  O X     
  O O O   
          
----------

White 1,1
----------
X         
  O X X X 
  O X     
  O O O   
          
----------

Black 1,0
----------
X         
X O X X X 
  O X     
  O O O   
          
----------

White 0,2
----------
X   O     
X O X X X 
  O X     
  O O O   
          
----------

Black 0,3
----------
X   O X   
X O X X X 
  O X     
  O O O   
          
----------

White 0,1
----------
X O O X   
X O X X X 
  O X     
  O O O   
          
----------

Black 2,3
----------
X O O X   
X O X X X 
  O X X   
  O O O   
          
----------

White 2,0
----------
  O O X   
  O X X X 
O O X X   
  O O O   
          
----------

Black 2,4
----------
  O O X   
  O X X X 
O O X X X 
  O O O   
          
----------

White 3,4
----------
  O O X   
  O X X X 
O O X X X 
  O O O O 
          
----------

Black 4,0
----------
  O O X   
  O X X X 
O O X X X 
  O O O O 
X         
----------

White 1,0
----------
  O O X   
O O X X X 
O O X X X 
  O O O O 
X         
----------

Black 4,1
----------
  O O X   
O O X X X 
O O X X X 
  O O O O 
X X       
----------

White 4,3
----------
  O O X   
O O X X X 
O O X X X 
  O O O O 
X X   O   
----------

Black 3,0
----------
  O O X   
O O X X X 
O O X X X 
X O O O O 
X X   O   
----------

White 0,4
----------
  O O   O 
O O       
O O       
X O O O O 
X X   O   
----------

Game end.
The winner is O
ta time: 349.43
student time: 62.6
Black(You) lose.
