Thu Oct 29 21:57:50 PDT 2020

==Playing with qlearning_player==
=====Round 1=====
Black:TA White:You
Thu Oct 29 21:57:50 PDT 2020
Clean up...
Start Playing...
Black 1,2
----------
          
    X     
          
          
          
----------

White 2,1
----------
          
    X     
  O       
          
          
----------

Black 2,2
----------
          
    X     
  O X     
          
          
----------

White 3,1
----------
          
    X     
  O X     
  O       
          
----------

Black 0,0
----------
X         
    X     
  O X     
  O       
          
----------

White 1,1
----------
X         
  O X     
  O X     
  O       
          
----------

Black 0,1
----------
X X       
  O X     
  O X     
  O       
          
----------

White 1,0
----------
X X       
O O X     
  O X     
  O       
          
----------

Black 3,2
----------
X X       
O O X     
  O X     
  O X     
          
----------

White 0,2
----------
    O     
O O X     
  O X     
  O X     
          
----------

Black 2,3
----------
    O     
O O X     
  O X X   
  O X     
          
----------

White 0,3
----------
    O O   
O O X     
  O X X   
  O X     
          
----------

Black 2,4
----------
    O O   
O O X     
  O X X X 
  O X     
          
----------

White 4,1
----------
    O O   
O O X     
  O X X X 
  O X     
  O       
----------

Black 2,0
----------
    O O   
O O X     
X O X X X 
  O X     
  O       
----------

White 3,0
----------
    O O   
O O X     
  O X X X 
O O X     
  O       
----------

Black 4,2
----------
    O O   
O O X     
  O X X X 
O O X     
  O X     
----------

White 1,3
----------
    O O   
O O X O   
  O X X X 
O O X     
  O X     
----------

Black 3,3
----------
    O O   
O O X O   
  O X X X 
O O X X   
  O X     
----------

White 0,0
----------
O   O O   
O O X O   
  O X X X 
O O X X   
  O X     
----------

Black 1,4
----------
O   O O   
O O X O X 
  O X X X 
O O X X   
  O X     
----------

White 0,1
----------
O O O O   
O O X O X 
  O X X X 
O O X X   
  O X     
----------

Black 3,4
----------
O O O O   
O O X O X 
  O X X X 
O O X X X 
  O X     
----------

White 0,4
----------
O O O O O 
O O X O X 
  O X X X 
O O X X X 
  O X     
----------

Game end.
The winner is O
ta time: 3.7
student time: 3.28
White(You) win!
=====Round 2=====
Black:You White:TA
Thu Oct 29 21:58:08 PDT 2020
Clean up...
Start Playing...
Black 2,2
----------
          
          
    X     
          
          
----------

White 2,1
----------
          
          
  O X     
          
          
----------

Black 1,2
----------
          
    X     
  O X     
          
          
----------

White 3,2
----------
          
    X     
  O X     
    O     
          
----------

Black 1,1
----------
          
  X X     
  O X     
    O     
          
----------

White 2,3
----------
          
  X X     
  O X O   
    O     
          
----------

Black 3,1
----------
          
  X X     
  O X O   
  X O     
          
----------

White 4,2
----------
          
  X X     
  O X O   
  X O     
    O     
----------

Black 2,0
----------
          
  X X     
X   X O   
  X O     
    O     
----------

White 3,3
----------
          
  X X     
X   X O   
  X O O   
    O     
----------

Black 1,3
----------
          
  X X X   
X   X O   
  X O O   
    O     
----------

White 2,4
----------
          
  X X X   
X   X O O 
  X O O   
    O     
----------

Black 0,1
----------
  X       
  X X X   
X   X O O 
  X O O   
    O     
----------

White 0,2
----------
  X O     
  X X X   
X   X O O 
  X O O   
    O     
----------

Black 0,3
----------
  X   X   
  X X X   
X   X O O 
  X O O   
    O     
----------

White 3,4
----------
  X   X   
  X X X   
X   X O O 
  X O O O 
    O     
----------

Black 2,1
----------
  X   X   
  X X X   
X X X O O 
  X O O O 
    O     
----------

White 1,0
----------
  X   X   
O X X X   
X X X O O 
  X O O O 
    O     
----------

Black 0,0
----------
X X   X   
  X X X   
X X X O O 
  X O O O 
    O     
----------

White 3,0
----------
X X   X   
  X X X   
X X X O O 
O X O O O 
    O     
----------

Black 4,1
----------
X X   X   
  X X X   
X X X O O 
O X O O O 
  X O     
----------

White 4,3
----------
X X   X   
  X X X   
X X X O O 
O X O O O 
  X O O   
----------

Black 1,4
----------
X X   X   
  X X X X 
X X X O O 
O X O O O 
  X O O   
----------

White PASS
----------
X X   X   
  X X X X 
X X X O O 
O X O O O 
  X O O   
----------

Game end.
The winner is X
ta time: 7.17
student time: 6.66
Black(You) win!
=====Round 3=====
Black:TA White:You
Thu Oct 29 21:58:23 PDT 2020
Clean up...
Start Playing...
Black 1,2
----------
          
    X     
          
          
          
----------

White 2,1
----------
          
    X     
  O       
          
          
----------

Black 2,2
----------
          
    X     
  O X     
          
          
----------

White 3,1
----------
          
    X     
  O X     
  O       
          
----------

Black 0,0
----------
X         
    X     
  O X     
  O       
          
----------

White 1,1
----------
X         
  O X     
  O X     
  O       
          
----------

Black 0,1
----------
X X       
  O X     
  O X     
  O       
          
----------

White 1,0
----------
X X       
O O X     
  O X     
  O       
          
----------

Black 3,2
----------
X X       
O O X     
  O X     
  O X     
          
----------

White 0,2
----------
    O     
O O X     
  O X     
  O X     
          
----------

Black 2,3
----------
    O     
O O X     
  O X X   
  O X     
          
----------

White 0,3
----------
    O O   
O O X     
  O X X   
  O X     
          
----------

Black 3,3
----------
    O O   
O O X     
  O X X   
  O X X   
          
----------

White 4,1
----------
    O O   
O O X     
  O X X   
  O X X   
  O       
----------

Black 1,3
----------
    O O   
O O X X   
  O X X   
  O X X   
  O       
----------

White 0,4
----------
    O O O 
O O X X   
  O X X   
  O X X   
  O       
----------

Black 2,0
----------
    O O O 
O O X X   
X O X X   
  O X X   
  O       
----------

White 3,0
----------
    O O O 
O O X X   
  O X X   
O O X X   
  O       
----------

Black 4,2
----------
    O O O 
O O X X   
  O X X   
O O X X   
  O X     
----------

White 1,4
----------
    O O O 
O O X X O 
  O X X   
O O X X   
  O X     
----------

Black 2,4
----------
    O O O 
O O X X O 
  O X X X 
O O X X   
  O X     
----------

White 3,4
----------
    O O O 
O O X X O 
  O X X X 
O O X X O 
  O X     
----------

Black 0,1
----------
  X       
O O X X   
  O X X X 
O O X X O 
  O X     
----------

White 0,0
----------
O X       
O O X X   
  O X X X 
O O X X O 
  O X     
----------

Game end.
The winner is O
ta time: 10.86
student time: 9.97
White(You) win!
=====Round 4=====
Black:You White:TA
Thu Oct 29 21:58:45 PDT 2020
Clean up...
Start Playing...
Black 2,2
----------
          
          
    X     
          
          
----------

White 2,1
----------
          
          
  O X     
          
          
----------

Black 1,2
----------
          
    X     
  O X     
          
          
----------

White 3,2
----------
          
    X     
  O X     
    O     
          
----------

Black 1,1
----------
          
  X X     
  O X     
    O     
          
----------

White 2,3
----------
          
  X X     
  O X O   
    O     
          
----------

Black 3,1
----------
          
  X X     
  O X O   
  X O     
          
----------

White 2,0
----------
          
  X X     
O O X O   
  X O     
          
----------

Black 1,0
----------
          
X X X     
O O X O   
  X O     
          
----------

White 0,2
----------
    O     
X X X     
O O X O   
  X O     
          
----------

Black 3,0
----------
    O     
X X X     
    X O   
X X O     
          
----------

White 2,1
----------
    O     
X X X     
  O X O   
X X O     
          
----------

Black 2,0
----------
    O     
X X X     
X   X O   
X X O     
          
----------

White 3,3
----------
    O     
X X X     
X   X O   
X X O O   
          
----------

Black 0,1
----------
  X O     
X X X     
X   X O   
X X O O   
          
----------

White 4,2
----------
  X O     
X X X     
X   X O   
X X O O   
    O     
----------

Black 0,3
----------
  X   X   
X X X     
X   X O   
X X O O   
    O     
----------

White 1,3
----------
  X   X   
X X X O   
X   X O   
X X O O   
    O     
----------

Black 0,4
----------
  X   X X 
X X X O   
X   X O   
X X O O   
    O     
----------

White 2,4
----------
  X   X X 
X X X O   
X   X O O 
X X O O   
    O     
----------

Black 2,1
----------
  X   X X 
X X X O   
X X X O O 
X X O O   
    O     
----------

White 4,1
----------
  X   X X 
X X X O   
X X X O O 
X X O O   
  O O     
----------

Black 0,0
----------
X X   X X 
X X X O   
X X X O O 
X X O O   
  O O     
----------

White 4,3
----------
X X   X X 
X X X O   
X X X O O 
X X O O   
  O O O   
----------

Game end.
The winner is X
ta time: 14.17
student time: 13.12
Black(You) win!
=====Round 5=====
Black:TA White:You
Thu Oct 29 21:59:02 PDT 2020
Clean up...
Start Playing...
Black 1,2
----------
          
    X     
          
          
          
----------

White 2,1
----------
          
    X     
  O       
          
          
----------

Black 2,2
----------
          
    X     
  O X     
          
          
----------

White 3,1
----------
          
    X     
  O X     
  O       
          
----------

Black 0,0
----------
X         
    X     
  O X     
  O       
          
----------

White 1,1
----------
X         
  O X     
  O X     
  O       
          
----------

Black 0,1
----------
X X       
  O X     
  O X     
  O       
          
----------

White 1,0
----------
X X       
O O X     
  O X     
  O       
          
----------

Black 2,3
----------
X X       
O O X     
  O X X   
  O       
          
----------

White 0,2
----------
    O     
O O X     
  O X X   
  O       
          
----------

Black 3,2
----------
    O     
O O X     
  O X X   
  O X     
          
----------

White 0,3
----------
    O O   
O O X     
  O X X   
  O X     
          
----------

Black 1,3
----------
    O O   
O O X X   
  O X X   
  O X     
          
----------

White 4,1
----------
    O O   
O O X X   
  O X X   
  O X     
  O       
----------

Black 4,2
----------
    O O   
O O X X   
  O X X   
  O X     
  O X     
----------

White 0,4
----------
    O O O 
O O X X   
  O X X   
  O X     
  O X     
----------

Black 3,3
----------
    O O O 
O O X X   
  O X X   
  O X X   
  O X     
----------

White 1,4
----------
    O O O 
O O X X O 
  O X X   
  O X X   
  O X     
----------

Black 2,0
----------
    O O O 
O O X X O 
X O X X   
  O X X   
  O X     
----------

White 3,0
----------
    O O O 
O O X X O 
  O X X   
O O X X   
  O X     
----------

Black 2,4
----------
    O O O 
O O X X O 
  O X X X 
O O X X   
  O X     
----------

White 3,4
----------
    O O O 
O O X X O 
  O X X X 
O O X X O 
  O X     
----------

Black 0,1
----------
  X       
O O X X   
  O X X X 
O O X X O 
  O X     
----------

White 0,0
----------
O X       
O O X X   
  O X X X 
O O X X O 
  O X     
----------

Game end.
The winner is O
ta time: 17.94
student time: 16.29
White(You) win!
=====Round 6=====
Black:You White:TA
Thu Oct 29 21:59:19 PDT 2020
Clean up...
Start Playing...
Black 2,2
----------
          
          
    X     
          
          
----------

White 2,1
----------
          
          
  O X     
          
          
----------

Black 1,2
----------
          
    X     
  O X     
          
          
----------

White 3,2
----------
          
    X     
  O X     
    O     
          
----------

Black 1,1
----------
          
  X X     
  O X     
    O     
          
----------

White 2,3
----------
          
  X X     
  O X O   
    O     
          
----------

Black 3,1
----------
          
  X X     
  O X O   
  X O     
          
----------

White 2,4
----------
          
  X X     
  O X O O 
  X O     
          
----------

Black 2,0
----------
          
  X X     
X   X O O 
  X O     
          
----------

White 1,3
----------
          
  X X O   
X   X O O 
  X O     
          
----------

Black 3,3
----------
          
  X X O   
X   X O O 
  X O X   
          
----------

White 0,2
----------
    O     
  X X O   
X   X O O 
  X O X   
          
----------

Black 4,2
----------
    O     
  X X O   
X   X O O 
  X   X   
    X     
----------

White 3,4
----------
    O     
  X X O   
X   X O O 
  X   X O 
    X     
----------

Black 0,1
----------
  X O     
  X X O   
X   X O O 
  X   X O 
    X     
----------

White 1,4
----------
  X O     
  X X O O 
X   X O O 
  X   X O 
    X     
----------

Black 2,1
----------
  X O     
  X X O O 
X X X O O 
  X   X O 
    X     
----------

White 4,3
----------
  X O     
  X X O O 
X X X O O 
  X   X O 
    X O   
----------

Black 3,0
----------
  X O     
  X X O O 
X X X O O 
X X   X O 
    X O   
----------

White 3,2
----------
  X O     
  X X O O 
X X X O O 
X X O   O 
    X O   
----------

Black 0,0
----------
X X O     
  X X O O 
X X X O O 
X X O   O 
    X O   
----------

White 4,1
----------
X X O     
  X X O O 
X X X O O 
X X O   O 
  O   O   
----------

Black 0,3
----------
X X   X   
  X X O O 
X X X O O 
X X O   O 
  O   O   
----------

White 3,3
----------
X X   X   
  X X O O 
X X X O O 
X X O O O 
  O   O   
----------

Game end.
The winner is O
ta time: 21.43
student time: 19.36
Black(You) lose.
=====Round 7=====
Black:TA White:You
Thu Oct 29 21:59:36 PDT 2020
Clean up...
Start Playing...
Black 1,2
----------
          
    X     
          
          
          
----------

White 2,1
----------
          
    X     
  O       
          
          
----------

Black 2,2
----------
          
    X     
  O X     
          
          
----------

White 3,1
----------
          
    X     
  O X     
  O       
          
----------

Black 0,0
----------
X         
    X     
  O X     
  O       
          
----------

White 1,1
----------
X         
  O X     
  O X     
  O       
          
----------

Black 0,1
----------
X X       
  O X     
  O X     
  O       
          
----------

White 1,0
----------
X X       
O O X     
  O X     
  O       
          
----------

Black 2,3
----------
X X       
O O X     
  O X X   
  O       
          
----------

White 0,2
----------
    O     
O O X     
  O X X   
  O       
          
----------

Black 3,2
----------
    O     
O O X     
  O X X   
  O X     
          
----------

White 0,3
----------
    O O   
O O X     
  O X X   
  O X     
          
----------

Black 2,4
----------
    O O   
O O X     
  O X X X 
  O X     
          
----------

White 4,1
----------
    O O   
O O X     
  O X X X 
  O X     
  O       
----------

Black 3,3
----------
    O O   
O O X     
  O X X X 
  O X X   
  O       
----------

White 1,3
----------
    O O   
O O X O   
  O X X X 
  O X X   
  O       
----------

Black 4,2
----------
    O O   
O O X O   
  O X X X 
  O X X   
  O X     
----------

White 0,0
----------
O   O O   
O O X O   
  O X X X 
  O X X   
  O X     
----------

Black 2,0
----------
O   O O   
O O X O   
X O X X X 
  O X X   
  O X     
----------

White 3,0
----------
O   O O   
O O X O   
  O X X X 
O O X X   
  O X     
----------

Black 4,3
----------
O   O O   
O O X O   
  O X X X 
O O X X   
  O X X   
----------

White 0,1
----------
O O O O   
O O X O   
  O X X X 
O O X X   
  O X X   
----------

Black 3,4
----------
O O O O   
O O X O   
  O X X X 
O O X X X 
  O X X   
----------

White 1,4
----------
O O O O   
O O X O O 
  O X X X 
O O X X X 
  O X X   
----------

Game end.
The winner is O
ta time: 25.03
student time: 22.44
White(You) win!
=====Round 8=====
Black:You White:TA
Thu Oct 29 21:59:52 PDT 2020
Clean up...
Start Playing...
Black 2,2
----------
          
          
    X     
          
          
----------

White 2,1
----------
          
          
  O X     
          
          
----------

Black 1,2
----------
          
    X     
  O X     
          
          
----------

White 3,2
----------
          
    X     
  O X     
    O     
          
----------

Black 1,1
----------
          
  X X     
  O X     
    O     
          
----------

White 2,3
----------
          
  X X     
  O X O   
    O     
          
----------

Black 3,1
----------
          
  X X     
  O X O   
  X O     
          
----------

White 2,0
----------
          
  X X     
O O X O   
  X O     
          
----------

Black 1,0
----------
          
X X X     
O O X O   
  X O     
          
----------

White 2,4
----------
          
X X X     
O O X O O 
  X O     
          
----------

Black 3,0
----------
          
X X X     
    X O O 
X X O     
          
----------

White 2,1
----------
          
X X X     
  O X O O 
X X O     
          
----------

Black 2,0
----------
          
X X X     
X   X O O 
X X O     
          
----------

White 4,2
----------
          
X X X     
X   X O O 
X X O     
    O     
----------

Black 1,3
----------
          
X X X X   
X   X O O 
X X O     
    O     
----------

White 0,2
----------
    O     
X X X X   
X   X O O 
X X O     
    O     
----------

Black 0,3
----------
    O X   
X X X X   
X   X O O 
X X O     
    O     
----------

White 3,3
----------
    O X   
X X X X   
X   X O O 
X X O O   
    O     
----------

Black 0,1
----------
  X   X   
X X X X   
X   X O O 
X X O O   
    O     
----------

White 4,3
----------
  X   X   
X X X X   
X   X O O 
X X O O   
    O O   
----------

Black 2,1
----------
  X   X   
X X X X   
X X X O O 
X X O O   
    O O   
----------

White 4,1
----------
  X   X   
X X X X   
X X X O O 
X X O O   
  O O O   
----------

Black 0,0
----------
X X   X   
X X X X   
X X X O O 
X X O O   
  O O O   
----------

White 1,4
----------
X X   X   
X X X X O 
X X X O O 
X X O O   
  O O O   
----------

Game end.
The winner is X
ta time: 28.46
student time: 25.68
Black(You) win!
=====Round 9=====
Black:TA White:You
Thu Oct 29 22:00:07 PDT 2020
Clean up...
Start Playing...
Black 1,2
----------
          
    X     
          
          
          
----------

White 2,1
----------
          
    X     
  O       
          
          
----------

Black 2,2
----------
          
    X     
  O X     
          
          
----------

White 3,1
----------
          
    X     
  O X     
  O       
          
----------

Black 0,0
----------
X         
    X     
  O X     
  O       
          
----------

White 1,1
----------
X         
  O X     
  O X     
  O       
          
----------

Black 0,1
----------
X X       
  O X     
  O X     
  O       
          
----------

White 1,0
----------
X X       
O O X     
  O X     
  O       
          
----------

Black 2,3
----------
X X       
O O X     
  O X X   
  O       
          
----------

White 0,2
----------
    O     
O O X     
  O X X   
  O       
          
----------

Black 3,2
----------
    O     
O O X     
  O X X   
  O X     
          
----------

White 0,3
----------
    O O   
O O X     
  O X X   
  O X     
          
----------

Black 2,0
----------
    O O   
O O X     
X O X X   
  O X     
          
----------

White 3,0
----------
    O O   
O O X     
  O X X   
O O X     
          
----------

Black 1,3
----------
    O O   
O O X X   
  O X X   
O O X     
          
----------

White 0,4
----------
    O O O 
O O X X   
  O X X   
O O X     
          
----------

Black 3,3
----------
    O O O 
O O X X   
  O X X   
O O X X   
          
----------

White 1,4
----------
    O O O 
O O X X O 
  O X X   
O O X X   
          
----------

Black 4,2
----------
    O O O 
O O X X O 
  O X X   
O O X X   
    X     
----------

White 2,4
----------
    O O O 
O O X X O 
  O X X O 
O O X X   
    X     
----------

Black 4,1
----------
    O O O 
O O X X O 
  O X X O 
O O X X   
  X X     
----------

White 3,4
----------
    O O O 
O O X X O 
  O X X O 
O O X X O 
  X X     
----------

Black 4,3
----------
    O O O 
O O X X O 
  O X X O 
O O X X O 
  X X X   
----------

White 4,0
----------
    O O O 
O O X X O 
  O X X O 
O O X X O 
O X X X   
----------

Game end.
The winner is O
ta time: 31.98
student time: 29.02
White(You) win!
=====Round 10=====
Black:You White:TA
Thu Oct 29 22:00:27 PDT 2020
Clean up...
Start Playing...
Black 2,2
----------
          
          
    X     
          
          
----------

White 2,1
----------
          
          
  O X     
          
          
----------

Black 1,2
----------
          
    X     
  O X     
          
          
----------

White 3,2
----------
          
    X     
  O X     
    O     
          
----------

Black 1,1
----------
          
  X X     
  O X     
    O     
          
----------

White 2,3
----------
          
  X X     
  O X O   
    O     
          
----------

Black 3,1
----------
          
  X X     
  O X O   
  X O     
          
----------

White 4,2
----------
          
  X X     
  O X O   
  X O     
    O     
----------

Black 2,0
----------
          
  X X     
X   X O   
  X O     
    O     
----------

White 1,3
----------
          
  X X O   
X   X O   
  X O     
    O     
----------

Black 0,1
----------
  X       
  X X O   
X   X O   
  X O     
    O     
----------

White 3,3
----------
  X       
  X X O   
X   X O   
  X O O   
    O     
----------

Black 0,2
----------
  X X     
  X X O   
X   X O   
  X O O   
    O     
----------

White 2,4
----------
  X X     
  X X O   
X   X O O 
  X O O   
    O     
----------

Black 0,3
----------
  X X X   
  X X O   
X   X O O 
  X O O   
    O     
----------

White 1,0
----------
  X X X   
O X X O   
X   X O O 
  X O O   
    O     
----------

Black 0,0
----------
X X X X   
  X X O   
X   X O O 
  X O O   
    O     
----------

White 3,0
----------
X X X X   
  X X O   
X   X O O 
O X O O   
    O     
----------

Black 0,4
----------
X X X X X 
  X X O   
X   X O O 
O X O O   
    O     
----------

White 4,3
----------
X X X X X 
  X X O   
X   X O O 
O X O O   
    O O   
----------

Black 2,1
----------
X X X X X 
  X X O   
X X X O O 
O X O O   
    O O   
----------

White 4,1
----------
X X X X X 
  X X O   
X X X O O 
O X O O   
  O O O   
----------

Black 4,0
----------
X X X X X 
  X X O   
X X X O O 
  X O O   
X O O O   
----------

White 3,4
----------
X X X X X 
  X X O   
X X X O O 
  X O O O 
X O O O   
----------

Game end.
The winner is X
ta time: 35.32
student time: 32.22
Black(You) win!

==Playing with championship_player==
=====Round 1=====
Black:TA White:You
Thu Oct 29 22:00:47 PDT 2020
Clean up...
Start Playing...
Black 2,2
----------
          
          
    X     
          
          
----------

White 1,1
----------
          
  O       
    X     
          
          
----------

Black 2,1
----------
          
  O       
  X X     
          
          
----------

White 1,2
----------
          
  O O     
  X X     
          
          
----------

Black 1,3
----------
          
  O O X   
  X X     
          
          
----------

White 1,0
----------
          
O O O X   
  X X     
          
          
----------

Black 0,3
----------
      X   
O O O X   
  X X     
          
          
----------

White 2,0
----------
      X   
O O O X   
O X X     
          
          
----------

Black 3,1
----------
      X   
O O O X   
O X X     
  X       
          
----------

White 3,0
----------
      X   
O O O X   
O X X     
O X       
          
----------

Black 4,1
----------
      X   
O O O X   
O X X     
O X       
  X       
----------

White 3,3
----------
      X   
O O O X   
O X X     
O X   O   
  X       
----------

Black 0,2
----------
    X X   
O O O X   
O X X     
O X   O   
  X       
----------

White 3,4
----------
    X X   
O O O X   
O X X     
O X   O O 
  X       
----------

Black 0,1
----------
  X X X   
O O O X   
O X X     
O X   O O 
  X       
----------

White 3,2
----------
  X X X   
O O O X   
O X X     
O X O O O 
  X       
----------

Black 4,0
----------
  X X X   
O O O X   
O X X     
O X O O O 
X X       
----------

White 2,3
----------
  X X X   
O O O X   
O X X O   
O X O O O 
X X       
----------

Black 0,0
----------
X X X X   
      X   
  X X O   
  X O O O 
X X       
----------

White 2,4
----------
X X X X   
      X   
  X X O O 
  X O O O 
X X       
----------

Black 1,2
----------
X X X X   
    X X   
  X X O O 
  X O O O 
X X       
----------

White 1,4
----------
X X X X   
    X X O 
  X X O O 
  X O O O 
X X       
----------

Black 4,2
----------
X X X X   
    X X O 
  X X O O 
  X O O O 
X X X     
----------

White 0,4
----------
X X X X O 
    X X O 
  X X O O 
  X O O O 
X X X     
----------

Game end.
The winner is X
ta time: 68.35
student time: 35.05
White(You) lose.
=====Round 2=====
Black:You White:TA
Thu Oct 29 22:01:24 PDT 2020
Clean up...
Start Playing...
Black 2,2
----------
          
          
    X     
          
          
----------

White 2,1
----------
          
          
  O X     
          
          
----------

Black 1,2
----------
          
    X     
  O X     
          
          
----------

White 3,1
----------
          
    X     
  O X     
  O       
          
----------

Black 1,1
----------
          
  X X     
  O X     
  O       
          
----------

White 3,2
----------
          
  X X     
  O X     
  O O     
          
----------

Black 1,3
----------
          
  X X X   
  O X     
  O O     
          
----------

White 3,3
----------
          
  X X X   
  O X     
  O O O   
          
----------

Black 2,3
----------
          
  X X X   
  O X X   
  O O O   
          
----------

White 2,4
----------
          
  X X X   
  O X X O 
  O O O   
          
----------

Black 1,4
----------
          
  X X X X 
  O X X O 
  O O O   
          
----------

White 3,4
----------
          
  X X X X 
  O X X O 
  O O O O 
          
----------

Black 1,0
----------
          
X X X X X 
  O X X O 
  O O O O 
          
----------

White 2,0
----------
          
X X X X X 
O O X X O 
  O O O O 
          
----------

Black 0,0
----------
X         
X X X X X 
O O X X O 
  O O O O 
          
----------

White 0,2
----------
X   O     
X X X X X 
O O X X O 
  O O O O 
          
----------

Black 0,1
----------
X X O     
X X X X X 
O O X X O 
  O O O O 
          
----------

White 4,1
----------
X X O     
X X X X X 
O O X X O 
  O O O O 
  O       
----------

Black 4,3
----------
X X O     
X X X X X 
O O X X O 
  O O O O 
  O   X   
----------

White 3,0
----------
X X O     
X X X X X 
O O X X O 
O O O O O 
  O   X   
----------

Black 0,3
----------
X X   X   
X X X X X 
O O X X O 
O O O O O 
  O   X   
----------

White 4,2
----------
X X   X   
X X X X X 
O O X X O 
O O O O O 
  O O X   
----------

Black PASS
----------
X X   X   
X X X X X 
O O X X O 
O O O O O 
  O O X   
----------

White 4,4
----------
X X   X   
X X X X X 
O O X X O 
O O O O O 
  O O   O 
----------

Game end.
The winner is O
ta time: 97.99
student time: 38.56
Black(You) lose.
=====Round 3=====
Black:TA White:You
Thu Oct 29 22:01:58 PDT 2020
Clean up...
Start Playing...
Black 2,2
----------
          
          
    X     
          
          
----------

White 1,1
----------
          
  O       
    X     
          
          
----------

Black 2,1
----------
          
  O       
  X X     
          
          
----------

White 1,2
----------
          
  O O     
  X X     
          
          
----------

Black 1,3
----------
          
  O O X   
  X X     
          
          
----------

White 1,0
----------
          
O O O X   
  X X     
          
          
----------

Black 0,2
----------
    X     
O O O X   
  X X     
          
          
----------

White 2,0
----------
    X     
O O O X   
O X X     
          
          
----------

Black 3,1
----------
    X     
O O O X   
O X X     
  X       
          
----------

White 0,1
----------
  O X     
O O O X   
O X X     
  X       
          
----------

Black 0,3
----------
  O X X   
O O O X   
O X X     
  X       
          
----------

White 3,0
----------
  O X X   
O O O X   
O X X     
O X       
          
----------

Black 4,1
----------
  O X X   
O O O X   
O X X     
O X       
  X       
----------

White 3,3
----------
  O X X   
O O O X   
O X X     
O X   O   
  X       
----------

Black 4,0
----------
  O X X   
O O O X   
O X X     
O X   O   
X X       
----------

White 3,4
----------
  O X X   
O O O X   
O X X     
O X   O O 
X X       
----------

Black 3,2
----------
  O X X   
O O O X   
O X X     
O X X O O 
X X       
----------

White 2,3
----------
  O X X   
O O O X   
O X X O   
O X X O O 
X X       
----------

Black 0,0
----------
X   X X   
      X   
  X X O   
  X X O O 
X X       
----------

White 1,0
----------
X   X X   
O     X   
  X X O   
  X X O O 
X X       
----------

Black 0,1
----------
X X X X   
O     X   
  X X O   
  X X O O 
X X       
----------

White 1,1
----------
X X X X   
O O   X   
  X X O   
  X X O O 
X X       
----------

Black 4,3
----------
X X X X   
O O   X   
  X X O   
  X X O O 
X X   X   
----------

White 2,0
----------
X X X X   
O O   X   
O X X O   
  X X O O 
X X   X   
----------

Game end.
The winner is X
ta time: 126.21
student time: 41.28
White(You) lose.
=====Round 4=====
Black:You White:TA
Thu Oct 29 22:02:31 PDT 2020
Clean up...
Start Playing...
Black 2,2
----------
          
          
    X     
          
          
----------

White 3,2
----------
          
          
    X     
    O     
          
----------

Black 1,2
----------
          
    X     
    X     
    O     
          
----------

White 3,1
----------
          
    X     
    X     
  O O     
          
----------

Black 1,1
----------
          
  X X     
    X     
  O O     
          
----------

White 3,3
----------
          
  X X     
    X     
  O O O   
          
----------

Black 1,3
----------
          
  X X X   
    X     
  O O O   
          
----------

White 2,1
----------
          
  X X X   
  O X     
  O O O   
          
----------

Black 2,3
----------
          
  X X X   
  O X X   
  O O O   
          
----------

White 2,4
----------
          
  X X X   
  O X X O 
  O O O   
          
----------

Black 1,4
----------
          
  X X X X 
  O X X O 
  O O O   
          
----------

White 3,4
----------
          
  X X X X 
  O X X O 
  O O O O 
          
----------

Black 1,0
----------
          
X X X X X 
  O X X O 
  O O O O 
          
----------

White 2,0
----------
          
X X X X X 
O O X X O 
  O O O O 
          
----------

Black 0,0
----------
X         
X X X X X 
O O X X O 
  O O O O 
          
----------

White 0,3
----------
X     O   
X X X X X 
O O X X O 
  O O O O 
          
----------

Black 0,2
----------
X   X O   
X X X X X 
O O X X O 
  O O O O 
          
----------

White 4,1
----------
X   X O   
X X X X X 
O O X X O 
  O O O O 
  O       
----------

Black 4,3
----------
X   X O   
X X X X X 
O O X X O 
  O O O O 
  O   X   
----------

White 3,0
----------
X   X O   
X X X X X 
O O X X O 
O O O O O 
  O   X   
----------

Black 0,4
----------
X   X   X 
X X X X X 
O O X X O 
O O O O O 
  O   X   
----------

White 4,2
----------
X   X   X 
X X X X X 
O O X X O 
O O O O O 
  O O X   
----------

Black PASS
----------
X   X   X 
X X X X X 
O O X X O 
O O O O O 
  O O X   
----------

White 4,4
----------
X   X   X 
X X X X X 
O O X X O 
O O O O O 
  O O   O 
----------

Game end.
The winner is O
ta time: 157.84
student time: 44.62
Black(You) lose.
=====Round 5=====
Black:TA White:You
Thu Oct 29 22:03:06 PDT 2020
Clean up...
Start Playing...
Black 2,2
----------
          
          
    X     
          
          
----------

White 1,1
----------
          
  O       
    X     
          
          
----------

Black 1,2
----------
          
  O X     
    X     
          
          
----------

White 3,3
----------
          
  O X     
    X     
      O   
          
----------

Black 3,2
----------
          
  O X     
    X     
    X O   
          
----------

White 0,3
----------
      O   
  O X     
    X     
    X O   
          
----------

Black 0,2
----------
    X O   
  O X     
    X     
    X O   
          
----------

White 3,0
----------
    X O   
  O X     
    X     
O   X O   
          
----------

Black 4,2
----------
    X O   
  O X     
    X     
O   X O   
    X     
----------

White 1,3
----------
    X O   
  O X O   
    X     
O   X O   
    X     
----------

Black 2,3
----------
    X O   
  O X O   
    X X   
O   X O   
    X     
----------

White 3,1
----------
    X O   
  O X O   
    X X   
O O X O   
    X     
----------

Black 3,4
----------
    X O   
  O X O   
    X X   
O O X O X 
    X     
----------

White 0,1
----------
  O X O   
  O X O   
    X X   
O O X O X 
    X     
----------

Black 4,3
----------
  O X O   
  O X O   
    X X   
O O X   X 
    X X   
----------

White 1,4
----------
  O X O   
  O X O O 
    X X   
O O X   X 
    X X   
----------

Black 2,1
----------
  O X O   
  O X O O 
  X X X   
O O X   X 
    X X   
----------

White 1,0
----------
  O X O   
O O X O O 
  X X X   
O O X   X 
    X X   
----------

Black 2,4
----------
  O X O   
O O X O O 
  X X X X 
O O X   X 
    X X   
----------

White 2,0
----------
  O X O   
O O X O O 
O X X X X 
O O X   X 
    X X   
----------

Black 4,4
----------
  O X O   
O O X O O 
O X X X X 
O O X   X 
    X X X 
----------

White 4,1
----------
  O X O   
O O X O O 
O X X X X 
O O X   X 
  O X X X 
----------

Black 0,4
----------
  O X   X 
O O X     
O X X X X 
O O X   X 
  O X X X 
----------

White 1,3
----------
  O X   X 
O O X O   
O X X X X 
O O X   X 
  O X X X 
----------

Game end.
The winner is X
ta time: 186.54
student time: 47.69
White(You) lose.
=====Round 6=====
Black:You White:TA
Thu Oct 29 22:03:42 PDT 2020
Clean up...
Start Playing...
Black 2,2
----------
          
          
    X     
          
          
----------

White 2,3
----------
          
          
    X O   
          
          
----------

Black 1,2
----------
          
    X     
    X O   
          
          
----------

White 3,3
----------
          
    X     
    X O   
      O   
          
----------

Black 1,1
----------
          
  X X     
    X O   
      O   
          
----------

White 3,2
----------
          
  X X     
    X O   
    O O   
          
----------

Black 1,3
----------
          
  X X X   
    X O   
    O O   
          
----------

White 3,1
----------
          
  X X X   
    X O   
  O O O   
          
----------

Black 2,1
----------
          
  X X X   
  X X O   
  O O O   
          
----------

White 1,4
----------
          
  X X X O 
  X X O   
  O O O   
          
----------

Black 0,1
----------
  X       
  X X X O 
  X X O   
  O O O   
          
----------

White 2,4
----------
  X       
  X X X O 
  X X O O 
  O O O   
          
----------

Black 0,3
----------
  X   X   
  X X X O 
  X X O O 
  O O O   
          
----------

White 3,0
----------
  X   X   
  X X X O 
  X X O O 
O O O O   
          
----------

Black 0,0
----------
X X   X   
  X X X O 
  X X O O 
O O O O   
          
----------

White 2,0
----------
X X   X   
  X X X O 
O X X O O 
O O O O   
          
----------

Black 0,2
----------
X X X X   
  X X X O 
O X X O O 
O O O O   
          
----------

White 4,3
----------
X X X X   
  X X X O 
O X X O O 
O O O O   
      O   
----------

Black 4,1
----------
X X X X   
  X X X O 
O X X O O 
O O O O   
  X   O   
----------

White 4,2
----------
X X X X   
  X X X O 
O X X O O 
O O O O   
  X O O   
----------

Black PASS
----------
X X X X   
  X X X O 
O X X O O 
O O O O   
  X O O   
----------

White 1,0
----------
X X X X   
O X X X O 
O X X O O 
O O O O   
  X O O   
----------

Black PASS
----------
X X X X   
O X X X O 
O X X O O 
O O O O   
  X O O   
----------

White 0,4
----------
        O 
O       O 
O     O O 
O O O O   
  X O O   
----------

Game end.
The winner is O
ta time: 224.12
student time: 50.91
Black(You) lose.
=====Round 7=====
Black:TA White:You
Thu Oct 29 22:04:19 PDT 2020
Clean up...
Start Playing...
Black 2,2
----------
          
          
    X     
          
          
----------

White 1,1
----------
          
  O       
    X     
          
          
----------

Black 2,1
----------
          
  O       
  X X     
          
          
----------

White 1,2
----------
          
  O O     
  X X     
          
          
----------

Black 1,3
----------
          
  O O X   
  X X     
          
          
----------

White 1,0
----------
          
O O O X   
  X X     
          
          
----------

Black 0,3
----------
      X   
O O O X   
  X X     
          
          
----------

White 2,0
----------
      X   
O O O X   
O X X     
          
          
----------

Black 3,1
----------
      X   
O O O X   
O X X     
  X       
          
----------

White 3,0
----------
      X   
O O O X   
O X X     
O X       
          
----------

Black 4,1
----------
      X   
O O O X   
O X X     
O X       
  X       
----------

White 3,3
----------
      X   
O O O X   
O X X     
O X   O   
  X       
----------

Black 0,2
----------
    X X   
O O O X   
O X X     
O X   O   
  X       
----------

White 3,4
----------
    X X   
O O O X   
O X X     
O X   O O 
  X       
----------

Black 0,1
----------
  X X X   
O O O X   
O X X     
O X   O O 
  X       
----------

White 3,2
----------
  X X X   
O O O X   
O X X     
O X O O O 
  X       
----------

Black 4,0
----------
  X X X   
O O O X   
O X X     
O X O O O 
X X       
----------

White 2,3
----------
  X X X   
O O O X   
O X X O   
O X O O O 
X X       
----------

Black 0,0
----------
X X X X   
      X   
  X X O   
  X O O O 
X X       
----------

White 2,4
----------
X X X X   
      X   
  X X O O 
  X O O O 
X X       
----------

Black 4,2
----------
X X X X   
      X   
  X X O O 
  X O O O 
X X X     
----------

White 1,4
----------
X X X X   
      X O 
  X X O O 
  X O O O 
X X X     
----------

Black 0,4
----------
X X X X X 
      X O 
  X X O O 
  X O O O 
X X X     
----------

White PASS
----------
X X X X X 
      X O 
  X X O O 
  X O O O 
X X X     
----------

Game end.
The winner is X
ta time: 256.63
student time: 53.79
White(You) lose.
=====Round 8=====
Black:You White:TA
Thu Oct 29 22:04:54 PDT 2020
Clean up...
Start Playing...
Black 2,2
----------
          
          
    X     
          
          
----------

White 2,3
----------
          
          
    X O   
          
          
----------

Black 1,2
----------
          
    X     
    X O   
          
          
----------

White 3,3
----------
          
    X     
    X O   
      O   
          
----------

Black 1,1
----------
          
  X X     
    X O   
      O   
          
----------

White 3,2
----------
          
  X X     
    X O   
    O O   
          
----------

Black 1,3
----------
          
  X X X   
    X O   
    O O   
          
----------

White 3,1
----------
          
  X X X   
    X O   
  O O O   
          
----------

Black 2,1
----------
          
  X X X   
  X X O   
  O O O   
          
----------

White 2,0
----------
          
  X X X   
O X X O   
  O O O   
          
----------

Black 1,0
----------
          
X X X X   
O X X O   
  O O O   
          
----------

White 3,0
----------
          
X X X X   
O X X O   
O O O O   
          
----------

Black 1,4
----------
          
X X X X X 
O X X O   
O O O O   
          
----------

White 2,4
----------
          
X X X X X 
O X X O O 
O O O O   
          
----------

Black 0,0
----------
X         
X X X X X 
O X X O O 
O O O O   
          
----------

White 0,2
----------
X   O     
X X X X X 
O X X O O 
O O O O   
          
----------

Black 0,1
----------
X X O     
X X X X X 
O X X O O 
O O O O   
          
----------

White 4,3
----------
X X O     
X X X X X 
O X X O O 
O O O O   
      O   
----------

Black 4,1
----------
X X O     
X X X X X 
O X X O O 
O O O O   
  X   O   
----------

White 3,4
----------
X X O     
X X X X X 
O X X O O 
O O O O O 
  X   O   
----------

Black 0,3
----------
X X   X   
X X X X X 
O X X O O 
O O O O O 
  X   O   
----------

White 4,0
----------
X X   X   
X X X X X 
O X X O O 
O O O O O 
O X   O   
----------

Black PASS
----------
X X   X   
X X X X X 
O X X O O 
O O O O O 
O X   O   
----------

White 4,2
----------
X X   X   
X X X X X 
O X X O O 
O O O O O 
O   O O   
----------

Game end.
The winner is O
ta time: 287.08
student time: 57.08
Black(You) lose.
=====Round 9=====
Black:TA White:You
Thu Oct 29 22:05:31 PDT 2020
Clean up...
Start Playing...
Black 2,2
----------
          
          
    X     
          
          
----------

White 1,1
----------
          
  O       
    X     
          
          
----------

Black 1,2
----------
          
  O X     
    X     
          
          
----------

White 3,3
----------
          
  O X     
    X     
      O   
          
----------

Black 3,2
----------
          
  O X     
    X     
    X O   
          
----------

White 0,3
----------
      O   
  O X     
    X     
    X O   
          
----------

Black 2,1
----------
      O   
  O X     
  X X     
    X O   
          
----------

White 1,0
----------
      O   
O O X     
  X X     
    X O   
          
----------

Black 2,0
----------
      O   
O O X     
X X X     
    X O   
          
----------

White 1,3
----------
      O   
O O X O   
X X X     
    X O   
          
----------

Black 2,3
----------
      O   
O O X O   
X X X X   
    X O   
          
----------

White 3,4
----------
      O   
O O X O   
X X X X   
    X O O 
          
----------

Black 2,4
----------
      O   
O O X O   
X X X X X 
    X O O 
          
----------

White 4,3
----------
      O   
O O X O   
X X X X X 
    X O O 
      O   
----------

Black 0,2
----------
    X O   
O O X O   
X X X X X 
    X O O 
      O   
----------

White 4,2
----------
    X O   
O O X O   
X X X X X 
    X O O 
    O O   
----------

Black 4,1
----------
    X O   
O O X O   
X X X X X 
    X O O 
  X O O   
----------

White 3,0
----------
    X O   
O O X O   
X X X X X 
O   X O O 
  X O O   
----------

Black 4,4
----------
    X O   
O O X O   
X X X X X 
O   X     
  X     X 
----------

White 4,3
----------
    X O   
O O X O   
X X X X X 
O   X     
  X   O X 
----------

Black 3,4
----------
    X O   
O O X O   
X X X X X 
O   X   X 
  X   O X 
----------

White PASS
----------
    X O   
O O X O   
X X X X X 
O   X   X 
  X   O X 
----------

Black 4,2
----------
    X O   
O O X O   
X X X X X 
O   X   X 
  X X O X 
----------

White PASS
----------
    X O   
O O X O   
X X X X X 
O   X   X 
  X X O X 
----------

Game end.
The winner is X
ta time: 317.54
student time: 60.15
White(You) lose.
=====Round 10=====
Black:You White:TA
Thu Oct 29 22:06:12 PDT 2020
Clean up...
Start Playing...
Black 2,2
----------
          
          
    X     
          
          
----------

White 2,3
----------
          
          
    X O   
          
          
----------

Black 1,2
----------
          
    X     
    X O   
          
          
----------

White 3,3
----------
          
    X     
    X O   
      O   
          
----------

Black 1,1
----------
          
  X X     
    X O   
      O   
          
----------

White 3,2
----------
          
  X X     
    X O   
    O O   
          
----------

Black 1,3
----------
          
  X X X   
    X O   
    O O   
          
----------

White 3,1
----------
          
  X X X   
    X O   
  O O O   
          
----------

Black 2,1
----------
          
  X X X   
  X X O   
  O O O   
          
----------

White 1,4
----------
          
  X X X O 
  X X O   
  O O O   
          
----------

Black 0,1
----------
  X       
  X X X O 
  X X O   
  O O O   
          
----------

White 2,4
----------
  X       
  X X X O 
  X X O O 
  O O O   
          
----------

Black 0,3
----------
  X   X   
  X X X O 
  X X O O 
  O O O   
          
----------

White 3,0
----------
  X   X   
  X X X O 
  X X O O 
O O O O   
          
----------

Black 0,0
----------
X X   X   
  X X X O 
  X X O O 
O O O O   
          
----------

White 2,0
----------
X X   X   
  X X X O 
O X X O O 
O O O O   
          
----------

Black 0,2
----------
X X X X   
  X X X O 
O X X O O 
O O O O   
          
----------

White 4,3
----------
X X X X   
  X X X O 
O X X O O 
O O O O   
      O   
----------

Black 4,1
----------
X X X X   
  X X X O 
O X X O O 
O O O O   
  X   O   
----------

White 4,2
----------
X X X X   
  X X X O 
O X X O O 
O O O O   
  X O O   
----------

Black PASS
----------
X X X X   
  X X X O 
O X X O O 
O O O O   
  X O O   
----------

White 0,4
----------
X X X X O 
  X X X O 
O X X O O 
O O O O   
  X O O   
----------

Black PASS
----------
X X X X O 
  X X X O 
O X X O O 
O O O O   
  X O O   
----------

White 1,0
----------
        O 
O       O 
O     O O 
O O O O   
  X O O   
----------

Game end.
The winner is O
ta time: 354.77
student time: 63.31
Black(You) lose.
