Wed Oct 28 21:18:44 PDT 2020

==Playing with qlearning_player==
=====Round 1=====
Black:TA White:You
Wed Oct 28 21:18:44 PDT 2020
Clean up...
Start Playing...
Black 1,2
----------
          
    X     
          
          
          
----------

White 2,1
----------
          
    X     
  O       
          
          
----------

Black 2,2
----------
          
    X     
  O X     
          
          
----------

White 3,1
----------
          
    X     
  O X     
  O       
          
----------

Black 0,0
----------
X         
    X     
  O X     
  O       
          
----------

White 1,1
----------
X         
  O X     
  O X     
  O       
          
----------

Black 0,1
----------
X X       
  O X     
  O X     
  O       
          
----------

White 3,2
----------
X X       
  O X     
  O X     
  O O     
          
----------

Black 2,3
----------
X X       
  O X     
  O X X   
  O O     
          
----------

White 3,3
----------
X X       
  O X     
  O X X   
  O O O   
          
----------

Black 2,4
----------
X X       
  O X     
  O X X X 
  O O O   
          
----------

White 3,0
----------
X X       
  O X     
  O X X X 
O O O O   
          
----------

Black 0,2
----------
X X X     
  O X     
  O X X X 
O O O O   
          
----------

White 3,4
----------
X X X     
  O X     
  O X X X 
O O O O O 
          
----------

Black 2,0
----------
X X X     
  O X     
X O X X X 
O O O O O 
          
----------

White 1,0
----------
X X X     
O O X     
  O X X X 
O O O O O 
          
----------

Black 4,2
----------
X X X     
O O X     
  O X X X 
O O O O O 
    X     
----------

White 2,0
----------
X X X     
O O X     
O O X X X 
O O O O O 
    X     
----------

Black 1,3
----------
X X X     
O O X X   
O O X X X 
O O O O O 
    X     
----------

White 4,0
----------
X X X     
O O X X   
O O X X X 
O O O O O 
O   X     
----------

Black 4,1
----------
X X X     
O O X X   
O O X X X 
O O O O O 
O X X     
----------

White 4,3
----------
X X X     
O O X X   
O O X X X 
O O O O O 
O     O   
----------

Black 4,2
----------
X X X     
O O X X   
O O X X X 
O O O O O 
O   X O   
----------

White 0,4
----------
X X X   O 
O O X X   
O O X X X 
O O O O O 
O   X O   
----------

Game end.
The winner is O
ta time: 3.75
student time: 0.56
White(You) win!
=====Round 2=====
Black:You White:TA
Wed Oct 28 21:18:52 PDT 2020
Clean up...
Start Playing...
Black 2,2
----------
          
          
    X     
          
          
----------

White 2,1
----------
          
          
  O X     
          
          
----------

Black 1,2
----------
          
    X     
  O X     
          
          
----------

White 3,2
----------
          
    X     
  O X     
    O     
          
----------

Black 1,1
----------
          
  X X     
  O X     
    O     
          
----------

White 2,3
----------
          
  X X     
  O X O   
    O     
          
----------

Black 1,3
----------
          
  X X X   
  O X O   
    O     
          
----------

White 2,0
----------
          
  X X X   
O O X O   
    O     
          
----------

Black 1,4
----------
          
  X X X X 
O O X O   
    O     
          
----------

White 0,2
----------
    O     
  X X X X 
O O X O   
    O     
          
----------

Black 0,1
----------
  X O     
  X X X X 
O O X O   
    O     
          
----------

White 2,4
----------
  X O     
  X X X X 
O O X O O 
    O     
          
----------

Black 0,3
----------
  X   X   
  X X X X 
O O X O O 
    O     
          
----------

White 3,1
----------
  X   X   
  X X X X 
O O X O O 
  O O     
          
----------

Black 0,0
----------
X X   X   
  X X X X 
O O X O O 
  O O     
          
----------

White 3,3
----------
X X   X   
  X X X X 
O O X O O 
  O O O   
          
----------

Black 0,2
----------
X X X X   
  X X X X 
O O X O O 
  O O O   
          
----------

White 4,2
----------
X X X X   
  X X X X 
O O X O O 
  O O O   
    O     
----------

Black 4,0
----------
X X X X   
  X X X X 
O O X O O 
  O O O   
X   O     
----------

White 1,0
----------
X X X X   
O X X X X 
O O X O O 
  O O O   
X   O     
----------

Black 4,4
----------
X X X X   
O X X X X 
O O X O O 
  O O O   
X   O   X 
----------

White 0,4
----------
        O 
O         
O O   O O 
  O O O   
X   O   X 
----------

Black 1,2
----------
        O 
O   X     
O O   O O 
  O O O   
X   O   X 
----------

White 2,2
----------
        O 
O   X     
O O O O O 
  O O O   
X   O   X 
----------

Game end.
The winner is O
ta time: 7.44
student time: 1.13
Black(You) lose.
=====Round 3=====
Black:TA White:You
Wed Oct 28 21:19:00 PDT 2020
Clean up...
Start Playing...
Black 1,2
----------
          
    X     
          
          
          
----------

White 2,1
----------
          
    X     
  O       
          
          
----------

Black 2,2
----------
          
    X     
  O X     
          
          
----------

White 3,1
----------
          
    X     
  O X     
  O       
          
----------

Black 0,0
----------
X         
    X     
  O X     
  O       
          
----------

White 1,1
----------
X         
  O X     
  O X     
  O       
          
----------

Black 0,1
----------
X X       
  O X     
  O X     
  O       
          
----------

White 3,2
----------
X X       
  O X     
  O X     
  O O     
          
----------

Black 2,3
----------
X X       
  O X     
  O X X   
  O O     
          
----------

White 3,3
----------
X X       
  O X     
  O X X   
  O O O   
          
----------

Black 1,3
----------
X X       
  O X X   
  O X X   
  O O O   
          
----------

White 3,4
----------
X X       
  O X X   
  O X X   
  O O O O 
          
----------

Black 2,0
----------
X X       
  O X X   
X O X X   
  O O O O 
          
----------

White 2,4
----------
X X       
  O X X   
X O X X O 
  O O O O 
          
----------

Black 4,2
----------
X X       
  O X X   
X O X X O 
  O O O O 
    X     
----------

White 1,4
----------
X X       
  O X X O 
X O X X O 
  O O O O 
    X     
----------

Black 0,2
----------
X X X     
  O X X O 
X O X X O 
  O O O O 
    X     
----------

White 0,4
----------
X X X   O 
  O X X O 
X O X X O 
  O O O O 
    X     
----------

Black 4,3
----------
X X X   O 
  O X X O 
X O X X O 
  O O O O 
    X X   
----------

White 3,0
----------
X X X   O 
  O X X O 
X O X X O 
O O O O O 
    X X   
----------

Black 4,1
----------
X X X   O 
  O X X O 
X O X X O 
O O O O O 
  X X X   
----------

White 1,0
----------
X X X   O 
O O X X O 
  O X X O 
O O O O O 
  X X X   
----------

Black 4,0
----------
X X X   O 
O O X X O 
  O X X O 
O O O O O 
X X X X   
----------

White 0,3
----------
      O O 
O O     O 
  O     O 
O O O O O 
X X X X   
----------

Game end.
The winner is O
ta time: 11.44
student time: 1.54
White(You) win!
=====Round 4=====
Black:You White:TA
Wed Oct 28 21:19:08 PDT 2020
Clean up...
Start Playing...
Black 2,2
----------
          
          
    X     
          
          
----------

White 2,1
----------
          
          
  O X     
          
          
----------

Black 1,2
----------
          
    X     
  O X     
          
          
----------

White 3,2
----------
          
    X     
  O X     
    O     
          
----------

Black 1,1
----------
          
  X X     
  O X     
    O     
          
----------

White 2,3
----------
          
  X X     
  O X O   
    O     
          
----------

Black 1,3
----------
          
  X X X   
  O X O   
    O     
          
----------

White 0,2
----------
    O     
  X X X   
  O X O   
    O     
          
----------

Black 1,0
----------
    O     
X X X X   
  O X O   
    O     
          
----------

White 4,2
----------
    O     
X X X X   
  O X O   
    O     
    O     
----------

Black 1,4
----------
    O     
X X X X X 
  O X O   
    O     
    O     
----------

White 2,4
----------
    O     
X X X X X 
  O X O O 
    O     
    O     
----------

Black 2,0
----------
    O     
X X X X X 
X O X O O 
    O     
    O     
----------

White 3,3
----------
    O     
X X X X X 
X O X O O 
    O O   
    O     
----------

Black 3,1
----------
    O     
X X X X X 
X   X O O 
  X O O   
    O     
----------

White 0,3
----------
    O O   
X X X X X 
X   X O O 
  X O O   
    O     
----------

Black 2,1
----------
    O O   
X X X X X 
X X X O O 
  X O O   
    O     
----------

White 3,4
----------
    O O   
X X X X X 
X X X O O 
  X O O O 
    O     
----------

Black 3,0
----------
    O O   
X X X X X 
X X X O O 
X X O O O 
    O     
----------

White 4,1
----------
    O O   
X X X X X 
X X X O O 
X X O O O 
  O O     
----------

Black 0,0
----------
X   O O   
X X X X X 
X X X O O 
X X O O O 
  O O     
----------

White 4,3
----------
X   O O   
X X X X X 
X X X O O 
X X O O O 
  O O O   
----------

Black 0,1
----------
X X O O   
X X X X X 
X X X O O 
X X O O O 
  O O O   
----------

White 4,0
----------
X X O O   
X X X X X 
X X X O O 
X X O O O 
O O O O   
----------

Game end.
The winner is O
ta time: 15.08
student time: 2.04
Black(You) lose.
=====Round 5=====
Black:TA White:You
Wed Oct 28 21:19:16 PDT 2020
Clean up...
Start Playing...
Black 1,2
----------
          
    X     
          
          
          
----------

White 2,1
----------
          
    X     
  O       
          
          
----------

Black 2,2
----------
          
    X     
  O X     
          
          
----------

White 3,1
----------
          
    X     
  O X     
  O       
          
----------

Black 0,0
----------
X         
    X     
  O X     
  O       
          
----------

White 1,1
----------
X         
  O X     
  O X     
  O       
          
----------

Black 0,1
----------
X X       
  O X     
  O X     
  O       
          
----------

White 3,2
----------
X X       
  O X     
  O X     
  O O     
          
----------

Black 2,3
----------
X X       
  O X     
  O X X   
  O O     
          
----------

White 3,3
----------
X X       
  O X     
  O X X   
  O O O   
          
----------

Black 2,0
----------
X X       
  O X     
X O X X   
  O O O   
          
----------

White 3,4
----------
X X       
  O X     
X O X X   
  O O O O 
          
----------

Black 2,4
----------
X X       
  O X     
X O X X X 
  O O O O 
          
----------

White 3,0
----------
X X       
  O X     
X O X X X 
O O O O O 
          
----------

Black 0,2
----------
X X X     
  O X     
X O X X X 
O O O O O 
          
----------

White 1,0
----------
X X X     
O O X     
  O X X X 
O O O O O 
          
----------

Black 1,3
----------
X X X     
O O X X   
  O X X X 
O O O O O 
          
----------

White 2,0
----------
X X X     
O O X X   
O O X X X 
O O O O O 
          
----------

Black 4,2
----------
X X X     
O O X X   
O O X X X 
O O O O O 
    X     
----------

White 4,0
----------
X X X     
O O X X   
O O X X X 
O O O O O 
O   X     
----------

Black 0,3
----------
X X X X   
O O X X   
O O X X X 
O O O O O 
O   X     
----------

White 4,1
----------
X X X X   
O O X X   
O O X X X 
O O O O O 
O O X     
----------

Black 4,3
----------
X X X X   
O O X X   
O O X X X 
O O O O O 
O O X X   
----------

White 4,4
----------
X X X X   
O O X X   
O O X X X 
O O O O O 
O O     O 
----------

Game end.
The winner is O
ta time: 18.62
student time: 2.42
White(You) win!
=====Round 6=====
Black:You White:TA
Wed Oct 28 21:19:23 PDT 2020
Clean up...
Start Playing...
Black 2,2
----------
          
          
    X     
          
          
----------

White 2,1
----------
          
          
  O X     
          
          
----------

Black 1,2
----------
          
    X     
  O X     
          
          
----------

White 3,2
----------
          
    X     
  O X     
    O     
          
----------

Black 1,1
----------
          
  X X     
  O X     
    O     
          
----------

White 2,3
----------
          
  X X     
  O X O   
    O     
          
----------

Black 1,3
----------
          
  X X X   
  O X O   
    O     
          
----------

White 3,3
----------
          
  X X X   
  O X O   
    O O   
          
----------

Black 1,0
----------
          
X X X X   
  O X O   
    O O   
          
----------

White 2,0
----------
          
X X X X   
O O X O   
    O O   
          
----------

Black 1,4
----------
          
X X X X X 
O O X O   
    O O   
          
----------

White 2,4
----------
          
X X X X X 
O O X O O 
    O O   
          
----------

Black 0,0
----------
X         
X X X X X 
O O X O O 
    O O   
          
----------

White 3,1
----------
X         
X X X X X 
O O X O O 
  O O O   
          
----------

Black 0,1
----------
X X       
X X X X X 
O O X O O 
  O O O   
          
----------

White 0,2
----------
X X O     
X X X X X 
O O X O O 
  O O O   
          
----------

Black 4,0
----------
X X O     
X X X X X 
O O X O O 
  O O O   
X         
----------

White 4,2
----------
X X O     
X X X X X 
O O X O O 
  O O O   
X   O     
----------

Black 4,4
----------
X X O     
X X X X X 
O O X O O 
  O O O   
X   O   X 
----------

White 3,4
----------
X X O     
X X X X X 
O O X O O 
  O O O O 
X   O   X 
----------

Black 0,3
----------
X X   X   
X X X X X 
O O X O O 
  O O O O 
X   O   X 
----------

White 4,3
----------
X X   X   
X X X X X 
O O X O O 
  O O O O 
X   O O   
----------

Black 0,2
----------
X X X X   
X X X X X 
O O X O O 
  O O O O 
X   O O   
----------

White 0,4
----------
        O 
          
O O   O O 
  O O O O 
X   O O   
----------

Game end.
The winner is O
ta time: 22.31
student time: 2.92
Black(You) lose.
=====Round 7=====
Black:TA White:You
Wed Oct 28 21:19:31 PDT 2020
Clean up...
Start Playing...
Black 1,2
----------
          
    X     
          
          
          
----------

White 2,1
----------
          
    X     
  O       
          
          
----------

Black 2,2
----------
          
    X     
  O X     
          
          
----------

White 3,1
----------
          
    X     
  O X     
  O       
          
----------

Black 0,0
----------
X         
    X     
  O X     
  O       
          
----------

White 1,1
----------
X         
  O X     
  O X     
  O       
          
----------

Black 0,1
----------
X X       
  O X     
  O X     
  O       
          
----------

White 3,2
----------
X X       
  O X     
  O X     
  O O     
          
----------

Black 2,3
----------
X X       
  O X     
  O X X   
  O O     
          
----------

White 3,3
----------
X X       
  O X     
  O X X   
  O O O   
          
----------

Black 4,2
----------
X X       
  O X     
  O X X   
  O O O   
    X     
----------

White 3,4
----------
X X       
  O X     
  O X X   
  O O O O 
    X     
----------

Black 2,4
----------
X X       
  O X     
  O X X X 
  O O O O 
    X     
----------

White 3,0
----------
X X       
  O X     
  O X X X 
O O O O O 
    X     
----------

Black 1,3
----------
X X       
  O X X   
  O X X X 
O O O O O 
    X     
----------

White 1,0
----------
X X       
O O X X   
  O X X X 
O O O O O 
    X     
----------

Black 0,2
----------
X X X     
O O X X   
  O X X X 
O O O O O 
    X     
----------

White 2,0
----------
X X X     
O O X X   
O O X X X 
O O O O O 
    X     
----------

Black 4,3
----------
X X X     
O O X X   
O O X X X 
O O O O O 
    X X   
----------

White 4,0
----------
X X X     
O O X X   
O O X X X 
O O O O O 
O   X X   
----------

Black 4,1
----------
X X X     
O O X X   
O O X X X 
O O O O O 
O X X X   
----------

White 4,4
----------
X X X     
O O X X   
O O X X X 
O O O O O 
O       O 
----------

Black 4,2
----------
X X X     
O O X X   
O O X X X 
O O O O O 
O   X   O 
----------

White 0,4
----------
X X X   O 
O O X X   
O O X X X 
O O O O O 
O   X   O 
----------

Game end.
The winner is O
ta time: 26.18
student time: 3.35
White(You) win!
=====Round 8=====
Black:You White:TA
Wed Oct 28 21:19:38 PDT 2020
Clean up...
Start Playing...
Black 2,2
----------
          
          
    X     
          
          
----------

White 2,1
----------
          
          
  O X     
          
          
----------

Black 1,2
----------
          
    X     
  O X     
          
          
----------

White 3,2
----------
          
    X     
  O X     
    O     
          
----------

Black 1,1
----------
          
  X X     
  O X     
    O     
          
----------

White 2,3
----------
          
  X X     
  O X O   
    O     
          
----------

Black 1,3
----------
          
  X X X   
  O X O   
    O     
          
----------

White 0,2
----------
    O     
  X X X   
  O X O   
    O     
          
----------

Black 1,0
----------
    O     
X X X X   
  O X O   
    O     
          
----------

White 4,2
----------
    O     
X X X X   
  O X O   
    O     
    O     
----------

Black 1,4
----------
    O     
X X X X X 
  O X O   
    O     
    O     
----------

White 2,0
----------
    O     
X X X X X 
O O X O   
    O     
    O     
----------

Black 2,4
----------
    O     
X X X X X 
O O X O X 
    O     
    O     
----------

White 3,1
----------
    O     
X X X X X 
O O X O X 
  O O     
    O     
----------

Black 3,3
----------
    O     
X X X X X 
O O X   X 
  O O X   
    O     
----------

White 3,0
----------
    O     
X X X X X 
O O X   X 
O O O X   
    O     
----------

Black 2,3
----------
    O     
X X X X X 
O O X X X 
O O O X   
    O     
----------

White 4,1
----------
    O     
X X X X X 
O O X X X 
O O O X   
  O O     
----------

Black 3,4
----------
    O     
X X X X X 
O O X X X 
O O O X X 
  O O     
----------

White 0,1
----------
  O O     
X X X X X 
O O X X X 
O O O X X 
  O O     
----------

Black 0,0
----------
X O O     
X X X X X 
O O X X X 
O O O X X 
  O O     
----------

White 0,3
----------
X O O O   
X X X X X 
O O X X X 
O O O X X 
  O O     
----------

Black 0,4
----------
X       X 
X X X X X 
O O X X X 
O O O X X 
  O O     
----------

White 0,2
----------
X   O   X 
X X X X X 
O O X X X 
O O O X X 
  O O     
----------

Game end.
The winner is X
ta time: 29.67
student time: 3.87
Black(You) win!
=====Round 9=====
Black:TA White:You
Wed Oct 28 21:19:45 PDT 2020
Clean up...
Start Playing...
Black 1,2
----------
          
    X     
          
          
          
----------

White 2,1
----------
          
    X     
  O       
          
          
----------

Black 2,2
----------
          
    X     
  O X     
          
          
----------

White 3,1
----------
          
    X     
  O X     
  O       
          
----------

Black 0,0
----------
X         
    X     
  O X     
  O       
          
----------

White 1,1
----------
X         
  O X     
  O X     
  O       
          
----------

Black 0,1
----------
X X       
  O X     
  O X     
  O       
          
----------

White 3,2
----------
X X       
  O X     
  O X     
  O O     
          
----------

Black 2,3
----------
X X       
  O X     
  O X X   
  O O     
          
----------

White 3,3
----------
X X       
  O X     
  O X X   
  O O O   
          
----------

Black 2,0
----------
X X       
  O X     
X O X X   
  O O O   
          
----------

White 3,4
----------
X X       
  O X     
X O X X   
  O O O O 
          
----------

Black 0,2
----------
X X X     
  O X     
X O X X   
  O O O O 
          
----------

White 2,4
----------
X X X     
  O X     
X O X X O 
  O O O O 
          
----------

Black 1,3
----------
X X X     
  O X X   
X O X X O 
  O O O O 
          
----------

White 1,4
----------
X X X     
  O X X O 
X O X X O 
  O O O O 
          
----------

Black 4,2
----------
X X X     
  O X X O 
X O X X O 
  O O O O 
    X     
----------

White 0,4
----------
X X X   O 
  O X X O 
X O X X O 
  O O O O 
    X     
----------

Black 4,1
----------
X X X   O 
  O X X O 
X O X X O 
  O O O O 
  X X     
----------

White 3,0
----------
X X X   O 
  O X X O 
X O X X O 
O O O O O 
  X X     
----------

Black 1,0
----------
X X X   O 
X O X X O 
X O X X O 
O O O O O 
  X X     
----------

White 0,3
----------
      O O 
  O     O 
  O     O 
O O O O O 
  X X     
----------

Black 2,2
----------
      O O 
  O     O 
  O X   O 
O O O O O 
  X X     
----------

White 0,1
----------
  O   O O 
  O     O 
  O X   O 
O O O O O 
  X X     
----------

Game end.
The winner is O
ta time: 33.51
student time: 4.28
White(You) win!
=====Round 10=====
Black:You White:TA
Wed Oct 28 21:19:53 PDT 2020
Clean up...
Start Playing...
Black 2,2
----------
          
          
    X     
          
          
----------

White 2,1
----------
          
          
  O X     
          
          
----------

Black 1,2
----------
          
    X     
  O X     
          
          
----------

White 3,2
----------
          
    X     
  O X     
    O     
          
----------

Black 1,1
----------
          
  X X     
  O X     
    O     
          
----------

White 2,3
----------
          
  X X     
  O X O   
    O     
          
----------

Black 1,3
----------
          
  X X X   
  O X O   
    O     
          
----------

White 0,2
----------
    O     
  X X X   
  O X O   
    O     
          
----------

Black 1,0
----------
    O     
X X X X   
  O X O   
    O     
          
----------

White 4,2
----------
    O     
X X X X   
  O X O   
    O     
    O     
----------

Black 1,4
----------
    O     
X X X X X 
  O X O   
    O     
    O     
----------

White 3,1
----------
    O     
X X X X X 
  O X O   
  O O     
    O     
----------

Black 2,0
----------
    O     
X X X X X 
X O X O   
  O O     
    O     
----------

White 2,4
----------
    O     
X X X X X 
X O X O O 
  O O     
    O     
----------

Black 3,0
----------
    O     
X X X X X 
X O X O O 
X O O     
    O     
----------

White 3,3
----------
    O     
X X X X X 
X O X O O 
X O O O   
    O     
----------

Black 4,0
----------
    O     
X X X X X 
X O X O O 
X O O O   
X   O     
----------

White 0,1
----------
  O O     
X X X X X 
X O X O O 
X O O O   
X   O     
----------

Black 0,0
----------
X O O     
X X X X X 
X O X O O 
X O O O   
X   O     
----------

White 0,3
----------
X O O O   
X X X X X 
X O X O O 
X O O O   
X   O     
----------

Black 0,4
----------
X       X 
X X X X X 
X O X O O 
X O O O   
X   O     
----------

White 0,2
----------
X   O   X 
X X X X X 
X O X O O 
X O O O   
X   O     
----------

Black 0,1
----------
X X O   X 
X X X X X 
X O X O O 
X O O O   
X   O     
----------

White 3,4
----------
X X O   X 
X X X X X 
X O X O O 
X O O O O 
X   O     
----------

Game end.
The winner is X
ta time: 37.1
student time: 4.69
Black(You) win!

==Playing with championship_player==
=====Round 1=====
Black:TA White:You
Wed Oct 28 21:20:01 PDT 2020
Clean up...
Start Playing...
Black 2,2
----------
          
          
    X     
          
          
----------

White 1,1
----------
          
  O       
    X     
          
          
----------

Black 1,2
----------
          
  O X     
    X     
          
          
----------

White 2,1
----------
          
  O X     
  O X     
          
          
----------

Black 3,1
----------
          
  O X     
  O X     
  X       
          
----------

White 0,1
----------
  O       
  O X     
  O X     
  X       
          
----------

Black 3,0
----------
  O       
  O X     
  O X     
X X       
          
----------

White 0,2
----------
  O O     
  O X     
  O X     
X X       
          
----------

Black 1,3
----------
  O O     
  O X X   
  O X     
X X       
          
----------

White 0,3
----------
  O O O   
  O X X   
  O X     
X X       
          
----------

Black 1,4
----------
  O O O   
  O X X X 
  O X     
X X       
          
----------

White 0,0
----------
O O O O   
  O X X X 
  O X     
X X       
          
----------

Black 2,0
----------
O O O O   
  O X X X 
X O X     
X X       
          
----------

White 3,3
----------
O O O O   
  O X X X 
X O X     
X X   O   
          
----------

Black 0,4
----------
O O O O X 
  O X X X 
X O X     
X X   O   
          
----------

White 2,3
----------
O O O O X 
  O X X X 
X O X O   
X X   O   
          
----------

Black 1,0
----------
        X 
X   X X X 
X   X O   
X X   O   
          
----------

White 3,2
----------
        X 
X   X X X 
X   X O   
X X O O   
          
----------

Black 2,1
----------
        X 
X   X X X 
X X X O   
X X O O   
          
----------

White 3,4
----------
        X 
X   X X X 
X X X O   
X X O O O 
          
----------

Black 4,2
----------
        X 
X   X X X 
X X X O   
X X O O O 
    X     
----------

White 2,4
----------
        X 
X   X X X 
X X X O O 
X X O O O 
    X     
----------

Black 1,1
----------
        X 
X X X X X 
X X X O O 
X X O O O 
    X     
----------

White 0,1
----------
  O     X 
X X X X X 
X X X O O 
X X O O O 
    X     
----------

Game end.
The winner is X
ta time: 69.46
student time: 5.18
White(You) lose.
=====Round 2=====
Black:You White:TA
Wed Oct 28 21:20:26 PDT 2020
Clean up...
Start Playing...
Black 2,2
----------
          
          
    X     
          
          
----------

White 2,3
----------
          
          
    X O   
          
          
----------

Black 1,2
----------
          
    X     
    X O   
          
          
----------

White 3,3
----------
          
    X     
    X O   
      O   
          
----------

Black 1,1
----------
          
  X X     
    X O   
      O   
          
----------

White 3,2
----------
          
  X X     
    X O   
    O O   
          
----------

Black 1,3
----------
          
  X X X   
    X O   
    O O   
          
----------

White 3,1
----------
          
  X X X   
    X O   
  O O O   
          
----------

Black 1,0
----------
          
X X X X   
    X O   
  O O O   
          
----------

White 1,4
----------
          
X X X X O 
    X O   
  O O O   
          
----------

Black 0,3
----------
      X   
X X X X O 
    X O   
  O O O   
          
----------

White 2,1
----------
      X   
X X X X O 
  O X O   
  O O O   
          
----------

Black 2,0
----------
      X   
X X X X O 
X O X O   
  O O O   
          
----------

White 3,0
----------
      X   
X X X X O 
X O X O   
O O O O   
          
----------

Black 0,0
----------
X     X   
X X X X O 
X O X O   
O O O O   
          
----------

White 2,4
----------
X     X   
X X X X O 
X O X O O 
O O O O   
          
----------

Black 0,1
----------
X X   X   
X X X X O 
X O X O O 
O O O O   
          
----------

White 4,3
----------
X X   X   
X X X X O 
X O X O O 
O O O O   
      O   
----------

Black 4,1
----------
X X   X   
X X X X O 
X O X O O 
O O O O   
  X   O   
----------

White 4,2
----------
X X   X   
X X X X O 
X O X O O 
O O O O   
  X O O   
----------

Black 0,2
----------
X X X X   
X X X X O 
X O X O O 
O O O O   
  X O O   
----------

White 0,4
----------
        O 
        O 
  O   O O 
O O O O   
  X O O   
----------

Black 1,2
----------
        O 
    X   O 
  O   O O 
O O O O   
  X O O   
----------

White 1,3
----------
        O 
    X O O 
  O   O O 
O O O O   
  X O O   
----------

Game end.
The winner is O
ta time: 107.32
student time: 5.73
Black(You) lose.
=====Round 3=====
Black:TA White:You
Wed Oct 28 21:20:53 PDT 2020
Clean up...
Start Playing...
Black 2,2
----------
          
          
    X     
          
          
----------

White 1,1
----------
          
  O       
    X     
          
          
----------

Black 1,2
----------
          
  O X     
    X     
          
          
----------

White 2,1
----------
          
  O X     
  O X     
          
          
----------

Black 3,1
----------
          
  O X     
  O X     
  X       
          
----------

White 0,1
----------
  O       
  O X     
  O X     
  X       
          
----------

Black 3,0
----------
  O       
  O X     
  O X     
X X       
          
----------

White 0,2
----------
  O O     
  O X     
  O X     
X X       
          
----------

Black 1,3
----------
  O O     
  O X X   
  O X     
X X       
          
----------

White 0,3
----------
  O O O   
  O X X   
  O X     
X X       
          
----------

Black 1,4
----------
  O O O   
  O X X X 
  O X     
X X       
          
----------

White 0,0
----------
O O O O   
  O X X X 
  O X     
X X       
          
----------

Black 2,0
----------
O O O O   
  O X X X 
X O X     
X X       
          
----------

White 3,3
----------
O O O O   
  O X X X 
X O X     
X X   O   
          
----------

Black 0,4
----------
O O O O X 
  O X X X 
X O X     
X X   O   
          
----------

White 2,3
----------
O O O O X 
  O X X X 
X O X O   
X X   O   
          
----------

Black 1,0
----------
        X 
X   X X X 
X   X O   
X X   O   
          
----------

White 3,2
----------
        X 
X   X X X 
X   X O   
X X O O   
          
----------

Black 2,1
----------
        X 
X   X X X 
X X X O   
X X O O   
          
----------

White 3,4
----------
        X 
X   X X X 
X X X O   
X X O O O 
          
----------

Black 4,2
----------
        X 
X   X X X 
X X X O   
X X O O O 
    X     
----------

White 2,4
----------
        X 
X   X X X 
X X X O O 
X X O O O 
    X     
----------

Black 0,3
----------
      X X 
X   X X X 
X X X O O 
X X O O O 
    X     
----------

White 0,1
----------
  O   X X 
X   X X X 
X X X O O 
X X O O O 
    X     
----------

Game end.
The winner is X
ta time: 140.1
student time: 5.99
White(You) lose.
=====Round 4=====
Black:You White:TA
Wed Oct 28 21:21:19 PDT 2020
Clean up...
Start Playing...
Black 2,2
----------
          
          
    X     
          
          
----------

White 1,2
----------
          
    O     
    X     
          
          
----------

Black 2,1
----------
          
    O     
  X X     
          
          
----------

White 1,3
----------
          
    O O   
  X X     
          
          
----------

Black 1,1
----------
          
  X O O   
  X X     
          
          
----------

White 2,3
----------
          
  X O O   
  X X O   
          
          
----------

Black 3,1
----------
          
  X O O   
  X X O   
  X       
          
----------

White 3,3
----------
          
  X O O   
  X X O   
  X   O   
          
----------

Black 0,1
----------
  X       
  X O O   
  X X O   
  X   O   
          
----------

White 0,2
----------
  X O     
  X O O   
  X X O   
  X   O   
          
----------

Black 3,2
----------
  X O     
  X O O   
  X X O   
  X X O   
          
----------

White 4,3
----------
  X O     
  X O O   
  X X O   
  X X O   
      O   
----------

Black 3,0
----------
  X O     
  X O O   
  X X O   
X X X O   
      O   
----------

White 2,4
----------
  X O     
  X O O   
  X X O O 
X X X O   
      O   
----------

Black 0,0
----------
X X O     
  X O O   
  X X O O 
X X X O   
      O   
----------

White 1,4
----------
X X O     
  X O O O 
  X X O O 
X X X O   
      O   
----------

Black 1,0
----------
X X O     
X X O O O 
  X X O O 
X X X O   
      O   
----------

White 0,4
----------
X X O   O 
X X O O O 
  X X O O 
X X X O   
      O   
----------

Black 2,0
----------
X X O   O 
X X O O O 
X X X O O 
X X X O   
      O   
----------

White 4,1
----------
X X O   O 
X X O O O 
X X X O O 
X X X O   
  O   O   
----------

Black 4,0
----------
X X O   O 
X X O O O 
X X X O O 
X X X O   
X O   O   
----------

White 4,2
----------
    O   O 
    O O O 
      O O 
      O   
  O O O   
----------

Black 2,1
----------
    O   O 
    O O O 
  X   O O 
      O   
  O O O   
----------

White 1,1
----------
    O   O 
  O O O O 
  X   O O 
      O   
  O O O   
----------

Game end.
The winner is O
ta time: 175.4
student time: 6.55
Black(You) lose.
=====Round 5=====
Black:TA White:You
Wed Oct 28 21:21:46 PDT 2020
Clean up...
Start Playing...
Black 2,2
----------
          
          
    X     
          
          
----------

White 1,1
----------
          
  O       
    X     
          
          
----------

Black 1,2
----------
          
  O X     
    X     
          
          
----------

White 2,1
----------
          
  O X     
  O X     
          
          
----------

Black 3,1
----------
          
  O X     
  O X     
  X       
          
----------

White 0,1
----------
  O       
  O X     
  O X     
  X       
          
----------

Black 3,0
----------
  O       
  O X     
  O X     
X X       
          
----------

White 0,2
----------
  O O     
  O X     
  O X     
X X       
          
----------

Black 1,3
----------
  O O     
  O X X   
  O X     
X X       
          
----------

White 0,3
----------
  O O O   
  O X X   
  O X     
X X       
          
----------

Black 1,4
----------
  O O O   
  O X X X 
  O X     
X X       
          
----------

White 0,0
----------
O O O O   
  O X X X 
  O X     
X X       
          
----------

Black 2,0
----------
O O O O   
  O X X X 
X O X     
X X       
          
----------

White 3,3
----------
O O O O   
  O X X X 
X O X     
X X   O   
          
----------

Black 0,4
----------
O O O O X 
  O X X X 
X O X     
X X   O   
          
----------

White 2,3
----------
O O O O X 
  O X X X 
X O X O   
X X   O   
          
----------

Black 1,0
----------
        X 
X   X X X 
X   X O   
X X   O   
          
----------

White 3,2
----------
        X 
X   X X X 
X   X O   
X X O O   
          
----------

Black 4,1
----------
        X 
X   X X X 
X   X O   
X X O O   
  X       
----------

White 3,4
----------
        X 
X   X X X 
X   X O   
X X O O O 
  X       
----------

Black 4,2
----------
        X 
X   X X X 
X   X O   
X X O O O 
  X X     
----------

White 2,4
----------
        X 
X   X X X 
X   X O O 
X X O O O 
  X X     
----------

Black 0,3
----------
      X X 
X   X X X 
X   X O O 
X X O O O 
  X X     
----------

White 0,1
----------
  O   X X 
X   X X X 
X   X O O 
X X O O O 
  X X     
----------

Game end.
The winner is X
ta time: 208.81
student time: 6.89
White(You) lose.
=====Round 6=====
Black:You White:TA
Wed Oct 28 21:22:11 PDT 2020
Clean up...
Start Playing...
Black 2,2
----------
          
          
    X     
          
          
----------

White 2,3
----------
          
          
    X O   
          
          
----------

Black 1,2
----------
          
    X     
    X O   
          
          
----------

White 3,3
----------
          
    X     
    X O   
      O   
          
----------

Black 1,1
----------
          
  X X     
    X O   
      O   
          
----------

White 3,2
----------
          
  X X     
    X O   
    O O   
          
----------

Black 1,3
----------
          
  X X X   
    X O   
    O O   
          
----------

White 3,1
----------
          
  X X X   
    X O   
  O O O   
          
----------

Black 1,0
----------
          
X X X X   
    X O   
  O O O   
          
----------

White 1,4
----------
          
X X X X O 
    X O   
  O O O   
          
----------

Black 0,3
----------
      X   
X X X X O 
    X O   
  O O O   
          
----------

White 2,1
----------
      X   
X X X X O 
  O X O   
  O O O   
          
----------

Black 2,0
----------
      X   
X X X X O 
X O X O   
  O O O   
          
----------

White 3,0
----------
      X   
X X X X O 
X O X O   
O O O O   
          
----------

Black 0,0
----------
X     X   
X X X X O 
X O X O   
O O O O   
          
----------

White 2,4
----------
X     X   
X X X X O 
X O X O O 
O O O O   
          
----------

Black 0,1
----------
X X   X   
X X X X O 
X O X O O 
O O O O   
          
----------

White 4,3
----------
X X   X   
X X X X O 
X O X O O 
O O O O   
      O   
----------

Black 4,1
----------
X X   X   
X X X X O 
X O X O O 
O O O O   
  X   O   
----------

White 4,0
----------
X X   X   
X X X X O 
X O X O O 
O O O O   
O X   O   
----------

Black 0,2
----------
X X X X   
X X X X O 
X O X O O 
O O O O   
O X   O   
----------

White 0,4
----------
        O 
        O 
  O   O O 
O O O O   
O X   O   
----------

Black 1,2
----------
        O 
    X   O 
  O   O O 
O O O O   
O X   O   
----------

White 4,2
----------
        O 
    X   O 
  O   O O 
O O O O   
O   O O   
----------

Game end.
The winner is O
ta time: 245.26
student time: 7.2
Black(You) lose.
=====Round 7=====
Black:TA White:You
Wed Oct 28 21:22:38 PDT 2020
Clean up...
Start Playing...
Black 2,2
----------
          
          
    X     
          
          
----------

White 1,1
----------
          
  O       
    X     
          
          
----------

Black 2,1
----------
          
  O       
  X X     
          
          
----------

White 1,2
----------
          
  O O     
  X X     
          
          
----------

Black 1,3
----------
          
  O O X   
  X X     
          
          
----------

White 1,0
----------
          
O O O X   
  X X     
          
          
----------

Black 0,3
----------
      X   
O O O X   
  X X     
          
          
----------

White 2,0
----------
      X   
O O O X   
O X X     
          
          
----------

Black 3,1
----------
      X   
O O O X   
O X X     
  X       
          
----------

White 3,0
----------
      X   
O O O X   
O X X     
O X       
          
----------

Black 4,1
----------
      X   
O O O X   
O X X     
O X       
  X       
----------

White 0,0
----------
O     X   
O O O X   
O X X     
O X       
  X       
----------

Black 0,2
----------
O   X X   
O O O X   
O X X     
O X       
  X       
----------

White 3,3
----------
O   X X   
O O O X   
O X X     
O X   O   
  X       
----------

Black 4,0
----------
O   X X   
O O O X   
O X X     
O X   O   
X X       
----------

White 2,3
----------
O   X X   
O O O X   
O X X O   
O X   O   
X X       
----------

Black 0,1
----------
  X X X   
      X   
  X X O   
  X   O   
X X       
----------

White 3,2
----------
  X X X   
      X   
  X X O   
  X O O   
X X       
----------

Black 1,4
----------
  X X X   
      X X 
  X X O   
  X O O   
X X       
----------

White 3,4
----------
  X X X   
      X X 
  X X O   
  X O O O 
X X       
----------

Black 4,2
----------
  X X X   
      X X 
  X X O   
  X O O O 
X X X     
----------

White 2,4
----------
  X X X   
      X X 
  X X O O 
  X O O O 
X X X     
----------

Black 4,4
----------
  X X X   
      X X 
  X X O O 
  X O O O 
X X X   X 
----------

White 1,0
----------
  X X X   
O     X X 
  X X O O 
  X O O O 
X X X   X 
----------

Game end.
The winner is X
ta time: 282.79
student time: 7.67
White(You) lose.
=====Round 8=====
Black:You White:TA
Wed Oct 28 21:23:06 PDT 2020
Clean up...
Start Playing...
Black 2,2
----------
          
          
    X     
          
          
----------

White 2,1
----------
          
          
  O X     
          
          
----------

Black 1,2
----------
          
    X     
  O X     
          
          
----------

White 3,1
----------
          
    X     
  O X     
  O       
          
----------

Black 1,1
----------
          
  X X     
  O X     
  O       
          
----------

White 3,2
----------
          
  X X     
  O X     
  O O     
          
----------

Black 1,3
----------
          
  X X X   
  O X     
  O O     
          
----------

White 3,3
----------
          
  X X X   
  O X     
  O O O   
          
----------

Black 1,0
----------
          
X X X X   
  O X     
  O O O   
          
----------

White 2,0
----------
          
X X X X   
O O X     
  O O O   
          
----------

Black 1,4
----------
          
X X X X X 
O O X     
  O O O   
          
----------

White 3,4
----------
          
X X X X X 
O O X     
  O O O O 
          
----------

Black 2,3
----------
          
X X X X X 
O O X X   
  O O O O 
          
----------

White 4,1
----------
          
X X X X X 
O O X X   
  O O O O 
  O       
----------

Black 0,0
----------
X         
X X X X X 
O O X X   
  O O O O 
  O       
----------

White 4,3
----------
X         
X X X X X 
O O X X   
  O O O O 
  O   O   
----------

Black 0,1
----------
X X       
X X X X X 
O O X X   
  O O O O 
  O   O   
----------

White 3,0
----------
X X       
X X X X X 
O O X X   
O O O O O 
  O   O   
----------

Black 0,2
----------
X X X     
X X X X X 
O O X X   
O O O O O 
  O   O   
----------

White 2,4
----------
X X X     
X X X X X 
O O X X O 
O O O O O 
  O   O   
----------

Black 0,3
----------
X X X X   
X X X X X 
O O X X O 
O O O O O 
  O   O   
----------

White 0,4
----------
        O 
          
O O     O 
O O O O O 
  O   O   
----------

Black 1,2
----------
        O 
    X     
O O     O 
O O O O O 
  O   O   
----------

White 2,2
----------
        O 
    X     
O O O   O 
O O O O O 
  O   O   
----------

Game end.
The winner is O
ta time: 319.77
student time: 8.23
Black(You) lose.
=====Round 9=====
Black:TA White:You
Wed Oct 28 21:23:33 PDT 2020
Clean up...
Start Playing...
Black 2,2
----------
          
          
    X     
          
          
----------

White 1,1
----------
          
  O       
    X     
          
          
----------

Black 2,1
----------
          
  O       
  X X     
          
          
----------

White 1,2
----------
          
  O O     
  X X     
          
          
----------

Black 1,3
----------
          
  O O X   
  X X     
          
          
----------

White 1,0
----------
          
O O O X   
  X X     
          
          
----------

Black 0,3
----------
      X   
O O O X   
  X X     
          
          
----------

White 2,0
----------
      X   
O O O X   
O X X     
          
          
----------

Black 3,1
----------
      X   
O O O X   
O X X     
  X       
          
----------

White 3,0
----------
      X   
O O O X   
O X X     
O X       
          
----------

Black 4,1
----------
      X   
O O O X   
O X X     
O X       
  X       
----------

White 0,0
----------
O     X   
O O O X   
O X X     
O X       
  X       
----------

Black 0,2
----------
O   X X   
O O O X   
O X X     
O X       
  X       
----------

White 3,3
----------
O   X X   
O O O X   
O X X     
O X   O   
  X       
----------

Black 4,0
----------
O   X X   
O O O X   
O X X     
O X   O   
X X       
----------

White 2,3
----------
O   X X   
O O O X   
O X X O   
O X   O   
X X       
----------

Black 0,1
----------
  X X X   
      X   
  X X O   
  X   O   
X X       
----------

White 3,2
----------
  X X X   
      X   
  X X O   
  X O O   
X X       
----------

Black 2,4
----------
  X X X   
      X   
  X X O X 
  X O O   
X X       
----------

White 3,4
----------
  X X X   
      X   
  X X O X 
  X O O O 
X X       
----------

Black 1,4
----------
  X X X   
      X X 
  X X O X 
  X O O O 
X X       
----------

White 4,2
----------
  X X X   
      X X 
  X X O X 
  X O O O 
X X O     
----------

Black 0,0
----------
X X X X   
      X X 
  X X O X 
  X O O O 
X X O     
----------

White 1,1
----------
X X X X   
  O   X X 
  X X O X 
  X O O O 
X X O     
----------

Game end.
The winner is X
ta time: 354.72
student time: 8.57
White(You) lose.
=====Round 10=====
Black:You White:TA
Wed Oct 28 21:23:59 PDT 2020
Clean up...
Start Playing...
Black 2,2
----------
          
          
    X     
          
          
----------

White 3,2
----------
          
          
    X     
    O     
          
----------

Black 1,2
----------
          
    X     
    X     
    O     
          
----------

White 3,3
----------
          
    X     
    X     
    O O   
          
----------

Black 1,1
----------
          
  X X     
    X     
    O O   
          
----------

White 3,1
----------
          
  X X     
    X     
  O O O   
          
----------

Black 1,3
----------
          
  X X X   
    X     
  O O O   
          
----------

White 2,0
----------
          
  X X X   
O   X     
  O O O   
          
----------

Black 1,4
----------
          
  X X X X 
O   X     
  O O O   
          
----------

White 2,1
----------
          
  X X X X 
O O X     
  O O O   
          
----------

Black 0,1
----------
  X       
  X X X X 
O O X     
  O O O   
          
----------

White 1,0
----------
  X       
O X X X X 
O O X     
  O O O   
          
----------

Black 2,3
----------
  X       
O X X X X 
O O X X   
  O O O   
          
----------

White 3,4
----------
  X       
O X X X X 
O O X X   
  O O O O 
          
----------

Black 0,0
----------
X X       
O X X X X 
O O X X   
  O O O O 
          
----------

White 0,3
----------
X X   O   
O X X X X 
O O X X   
  O O O O 
          
----------

Black 0,2
----------
X X X O   
O X X X X 
O O X X   
  O O O O 
          
----------

White 4,2
----------
X X X O   
O X X X X 
O O X X   
  O O O O 
    O     
----------

Black 4,0
----------
X X X O   
O X X X X 
O O X X   
  O O O O 
X   O     
----------

White 3,0
----------
X X X O   
O X X X X 
O O X X   
O O O O O 
X   O     
----------

Black 0,4
----------
X X X   X 
O X X X X 
O O X X   
O O O O O 
X   O     
----------

White 4,4
----------
X X X   X 
O X X X X 
O O X X   
O O O O O 
X   O   O 
----------

Black 0,3
----------
X X X X X 
O X X X X 
O O X X   
O O O O O 
X   O   O 
----------

White 2,4
----------
          
O         
O O     O 
O O O O O 
X   O   O 
----------

Game end.
The winner is O
ta time: 392.03
student time: 9.13
Black(You) lose.
