Thu Oct 29 02:50:32 PDT 2020

==Playing with qlearning_player==
=====Round 1=====
Black:TA White:You
Thu Oct 29 02:50:32 PDT 2020
Clean up...
Start Playing...
Black 1,2
----------
          
    X     
          
          
          
----------

White 3,1
----------
          
    X     
          
  O       
          
----------

Black 2,2
----------
          
    X     
    X     
  O       
          
----------

White 2,1
----------
          
    X     
  O X     
  O       
          
----------

Black 0,0
----------
X         
    X     
  O X     
  O       
          
----------

White 1,1
----------
X         
  O X     
  O X     
  O       
          
----------

Black 0,1
----------
X X       
  O X     
  O X     
  O       
          
----------

White 3,2
----------
X X       
  O X     
  O X     
  O O     
          
----------

Black 2,3
----------
X X       
  O X     
  O X X   
  O O     
          
----------

White 3,3
----------
X X       
  O X     
  O X X   
  O O O   
          
----------

Black 0,2
----------
X X X     
  O X     
  O X X   
  O O O   
          
----------

White 3,4
----------
X X X     
  O X     
  O X X   
  O O O O 
          
----------

Black 2,4
----------
X X X     
  O X     
  O X X X 
  O O O O 
          
----------

White 3,0
----------
X X X     
  O X     
  O X X X 
O O O O O 
          
----------

Black 4,2
----------
X X X     
  O X     
  O X X X 
O O O O O 
    X     
----------

White 1,0
----------
X X X     
O O X     
  O X X X 
O O O O O 
    X     
----------

Black 1,3
----------
X X X     
O O X X   
  O X X X 
O O O O O 
    X     
----------

White 2,0
----------
X X X     
O O X X   
O O X X X 
O O O O O 
    X     
----------

Black 0,3
----------
X X X X   
O O X X   
O O X X X 
O O O O O 
    X     
----------

White 4,0
----------
X X X X   
O O X X   
O O X X X 
O O O O O 
O   X     
----------

Black 4,1
----------
X X X X   
O O X X   
O O X X X 
O O O O O 
O X X     
----------

White 4,3
----------
X X X X   
O O X X   
O O X X X 
O O O O O 
O     O   
----------

Black 4,2
----------
X X X X   
O O X X   
O O X X X 
O O O O O 
O   X O   
----------

White 4,1
----------
X X X X   
O O X X   
O O X X X 
O O O O O 
O O   O   
----------

Game end.
The winner is O
ta time: 3.7
student time: 2.9
White(You) win!
=====Round 2=====
Black:You White:TA
Thu Oct 29 02:50:41 PDT 2020
Clean up...
Start Playing...
Black 2,2
----------
          
          
    X     
          
          
----------

White 2,1
----------
          
          
  O X     
          
          
----------

Black 1,2
----------
          
    X     
  O X     
          
          
----------

White 3,2
----------
          
    X     
  O X     
    O     
          
----------

Black 1,1
----------
          
  X X     
  O X     
    O     
          
----------

White 2,3
----------
          
  X X     
  O X O   
    O     
          
----------

Black 1,3
----------
          
  X X X   
  O X O   
    O     
          
----------

White 2,0
----------
          
  X X X   
O O X O   
    O     
          
----------

Black 1,4
----------
          
  X X X X 
O O X O   
    O     
          
----------

White 3,1
----------
          
  X X X X 
O O X O   
  O O     
          
----------

Black 0,1
----------
  X       
  X X X X 
O O X O   
  O O     
          
----------

White 2,4
----------
  X       
  X X X X 
O O X O O 
  O O     
          
----------

Black 0,0
----------
X X       
  X X X X 
O O X O O 
  O O     
          
----------

White 3,3
----------
X X       
  X X X X 
O O X O O 
  O O O   
          
----------

Black 0,2
----------
X X X     
  X X X X 
O O X O O 
  O O O   
          
----------

White 4,2
----------
X X X     
  X X X X 
O O X O O 
  O O O   
    O     
----------

Black 0,3
----------
X X X X   
  X X X X 
O O X O O 
  O O O   
    O     
----------

White 3,0
----------
X X X X   
  X X X X 
O O X O O 
O O O O   
    O     
----------

Black 4,4
----------
X X X X   
  X X X X 
O O X O O 
O O O O   
    O   X 
----------

White 3,4
----------
X X X X   
  X X X X 
O O X O O 
O O O O O 
    O   X 
----------

Black 0,4
----------
X X X X X 
  X X X X 
O O X O O 
O O O O O 
    O   X 
----------

White 1,0
----------
          
O         
O O   O O 
O O O O O 
    O   X 
----------

Black 1,2
----------
          
O   X     
O O   O O 
O O O O O 
    O   X 
----------

White 4,3
----------
          
O   X     
O O   O O 
O O O O O 
    O O   
----------

Game end.
The winner is O
ta time: 7.21
student time: 5.89
Black(You) lose.
=====Round 3=====
Black:TA White:You
Thu Oct 29 02:50:50 PDT 2020
Clean up...
Start Playing...
Black 1,2
----------
          
    X     
          
          
          
----------

White 3,1
----------
          
    X     
          
  O       
          
----------

Black 2,2
----------
          
    X     
    X     
  O       
          
----------

White 2,1
----------
          
    X     
  O X     
  O       
          
----------

Black 0,0
----------
X         
    X     
  O X     
  O       
          
----------

White 1,1
----------
X         
  O X     
  O X     
  O       
          
----------

Black 0,1
----------
X X       
  O X     
  O X     
  O       
          
----------

White 3,2
----------
X X       
  O X     
  O X     
  O O     
          
----------

Black 2,3
----------
X X       
  O X     
  O X X   
  O O     
          
----------

White 3,3
----------
X X       
  O X     
  O X X   
  O O O   
          
----------

Black 4,2
----------
X X       
  O X     
  O X X   
  O O O   
    X     
----------

White 3,4
----------
X X       
  O X     
  O X X   
  O O O O 
    X     
----------

Black 2,0
----------
X X       
  O X     
X O X X   
  O O O O 
    X     
----------

White 2,4
----------
X X       
  O X     
X O X X O 
  O O O O 
    X     
----------

Black 0,2
----------
X X X     
  O X     
X O X X O 
  O O O O 
    X     
----------

White 1,4
----------
X X X     
  O X   O 
X O X X O 
  O O O O 
    X     
----------

Black 1,3
----------
X X X     
  O X X O 
X O X X O 
  O O O O 
    X     
----------

White 0,4
----------
X X X   O 
  O X X O 
X O X X O 
  O O O O 
    X     
----------

Black 1,0
----------
X X X   O 
X O X X O 
X O X X O 
  O O O O 
    X     
----------

White 3,0
----------
X X X   O 
X O X X O 
X O X X O 
O O O O O 
    X     
----------

Black 4,1
----------
X X X   O 
X O X X O 
X O X X O 
O O O O O 
  X X     
----------

White 0,3
----------
      O O 
  O     O 
  O     O 
O O O O O 
  X X     
----------

Black 2,2
----------
      O O 
  O     O 
  O X   O 
O O O O O 
  X X     
----------

White 0,1
----------
  O   O O 
  O     O 
  O X   O 
O O O O O 
  X X     
----------

Game end.
The winner is O
ta time: 10.93
student time: 8.92
White(You) win!
=====Round 4=====
Black:You White:TA
Thu Oct 29 02:50:58 PDT 2020
Clean up...
Start Playing...
Black 2,2
----------
          
          
    X     
          
          
----------

White 2,1
----------
          
          
  O X     
          
          
----------

Black 1,2
----------
          
    X     
  O X     
          
          
----------

White 3,2
----------
          
    X     
  O X     
    O     
          
----------

Black 1,1
----------
          
  X X     
  O X     
    O     
          
----------

White 2,3
----------
          
  X X     
  O X O   
    O     
          
----------

Black 1,3
----------
          
  X X X   
  O X O   
    O     
          
----------

White 3,1
----------
          
  X X X   
  O X O   
  O O     
          
----------

Black 1,0
----------
          
X X X X   
  O X O   
  O O     
          
----------

White 2,4
----------
          
X X X X   
  O X O O 
  O O     
          
----------

Black 0,3
----------
      X   
X X X X   
  O X O O 
  O O     
          
----------

White 4,2
----------
      X   
X X X X   
  O X O O 
  O O     
    O     
----------

Black 2,0
----------
      X   
X X X X   
X O X O O 
  O O     
    O     
----------

White 0,2
----------
    O X   
X X X X   
X O X O O 
  O O     
    O     
----------

Black 0,1
----------
  X   X   
X X X X   
X O X O O 
  O O     
    O     
----------

White 3,3
----------
  X   X   
X X X X   
X O X O O 
  O O O   
    O     
----------

Black 3,0
----------
  X   X   
X X X X   
X O X O O 
X O O O   
    O     
----------

White 4,1
----------
  X   X   
X X X X   
X O X O O 
X O O O   
  O O     
----------

Black 0,0
----------
X X   X   
X X X X   
X O X O O 
X O O O   
  O O     
----------

White 3,4
----------
X X   X   
X X X X   
X O X O O 
X O O O O 
  O O     
----------

Black 0,2
----------
X X X X   
X X X X   
X O X O O 
X O O O O 
  O O     
----------

White 1,4
----------
X X X X   
X X X X O 
X O X O O 
X O O O O 
  O O     
----------

Black 0,4
----------
X X X X X 
X X X X O 
X O X O O 
X O O O O 
  O O     
----------

White 4,0
----------
          
        O 
  O   O O 
  O O O O 
O O O     
----------

Game end.
The winner is O
ta time: 14.36
student time: 11.81
Black(You) lose.
=====Round 5=====
Black:TA White:You
Thu Oct 29 02:51:08 PDT 2020
Clean up...
Start Playing...
Black 1,2
----------
          
    X     
          
          
          
----------

White 3,1
----------
          
    X     
          
  O       
          
----------

Black 2,2
----------
          
    X     
    X     
  O       
          
----------

White 2,1
----------
          
    X     
  O X     
  O       
          
----------

Black 0,0
----------
X         
    X     
  O X     
  O       
          
----------

White 1,1
----------
X         
  O X     
  O X     
  O       
          
----------

Black 0,1
----------
X X       
  O X     
  O X     
  O       
          
----------

White 3,2
----------
X X       
  O X     
  O X     
  O O     
          
----------

Black 2,3
----------
X X       
  O X     
  O X X   
  O O     
          
----------

White 3,3
----------
X X       
  O X     
  O X X   
  O O O   
          
----------

Black 4,2
----------
X X       
  O X     
  O X X   
  O O O   
    X     
----------

White 3,4
----------
X X       
  O X     
  O X X   
  O O O O 
    X     
----------

Black 0,2
----------
X X X     
  O X     
  O X X   
  O O O O 
    X     
----------

White 2,4
----------
X X X     
  O X     
  O X X O 
  O O O O 
    X     
----------

Black 2,0
----------
X X X     
  O X     
X O X X O 
  O O O O 
    X     
----------

White 1,4
----------
X X X     
  O X   O 
X O X X O 
  O O O O 
    X     
----------

Black 1,3
----------
X X X     
  O X X O 
X O X X O 
  O O O O 
    X     
----------

White 0,4
----------
X X X   O 
  O X X O 
X O X X O 
  O O O O 
    X     
----------

Black 1,0
----------
X X X   O 
X O X X O 
X O X X O 
  O O O O 
    X     
----------

White 3,0
----------
X X X   O 
X O X X O 
X O X X O 
O O O O O 
    X     
----------

Black 4,1
----------
X X X   O 
X O X X O 
X O X X O 
O O O O O 
  X X     
----------

White 0,3
----------
      O O 
  O     O 
  O     O 
O O O O O 
  X X     
----------

Black 2,2
----------
      O O 
  O     O 
  O X   O 
O O O O O 
  X X     
----------

White 0,1
----------
  O   O O 
  O     O 
  O X   O 
O O O O O 
  X X     
----------

Game end.
The winner is O
ta time: 18.19
student time: 14.73
White(You) win!
=====Round 6=====
Black:You White:TA
Thu Oct 29 02:51:17 PDT 2020
Clean up...
Start Playing...
Black 2,2
----------
          
          
    X     
          
          
----------

White 2,1
----------
          
          
  O X     
          
          
----------

Black 1,2
----------
          
    X     
  O X     
          
          
----------

White 3,2
----------
          
    X     
  O X     
    O     
          
----------

Black 1,1
----------
          
  X X     
  O X     
    O     
          
----------

White 2,3
----------
          
  X X     
  O X O   
    O     
          
----------

Black 1,3
----------
          
  X X X   
  O X O   
    O     
          
----------

White 2,0
----------
          
  X X X   
O O X O   
    O     
          
----------

Black 1,4
----------
          
  X X X X 
O O X O   
    O     
          
----------

White 3,3
----------
          
  X X X X 
O O X O   
    O O   
          
----------

Black 0,1
----------
  X       
  X X X X 
O O X O   
    O O   
          
----------

White 2,4
----------
  X       
  X X X X 
O O X O O 
    O O   
          
----------

Black 0,0
----------
X X       
  X X X X 
O O X O O 
    O O   
          
----------

White 3,1
----------
X X       
  X X X X 
O O X O O 
  O O O   
          
----------

Black 0,2
----------
X X X     
  X X X X 
O O X O O 
  O O O   
          
----------

White 4,2
----------
X X X     
  X X X X 
O O X O O 
  O O O   
    O     
----------

Black 0,3
----------
X X X X   
  X X X X 
O O X O O 
  O O O   
    O     
----------

White 3,4
----------
X X X X   
  X X X X 
O O X O O 
  O O O O 
    O     
----------

Black 4,0
----------
X X X X   
  X X X X 
O O X O O 
  O O O O 
X   O     
----------

White 3,0
----------
X X X X   
  X X X X 
O O X O O 
O O O O O 
X   O     
----------

Black 0,4
----------
X X X X X 
  X X X X 
O O X O O 
O O O O O 
X   O     
----------

White 1,0
----------
          
O         
O O   O O 
O O O O O 
X   O     
----------

Black 1,2
----------
          
O   X     
O O   O O 
O O O O O 
X   O     
----------

White 4,1
----------
          
O   X     
O O   O O 
O O O O O 
  O O     
----------

Game end.
The winner is O
ta time: 21.7
student time: 17.9
Black(You) lose.
=====Round 7=====
Black:TA White:You
Thu Oct 29 02:51:25 PDT 2020
Clean up...
Start Playing...
Black 1,2
----------
          
    X     
          
          
          
----------

White 3,1
----------
          
    X     
          
  O       
          
----------

Black 2,2
----------
          
    X     
    X     
  O       
          
----------

White 2,1
----------
          
    X     
  O X     
  O       
          
----------

Black 0,0
----------
X         
    X     
  O X     
  O       
          
----------

White 1,1
----------
X         
  O X     
  O X     
  O       
          
----------

Black 0,1
----------
X X       
  O X     
  O X     
  O       
          
----------

White 3,2
----------
X X       
  O X     
  O X     
  O O     
          
----------

Black 2,3
----------
X X       
  O X     
  O X X   
  O O     
          
----------

White 3,3
----------
X X       
  O X     
  O X X   
  O O O   
          
----------

Black 2,4
----------
X X       
  O X     
  O X X X 
  O O O   
          
----------

White 3,0
----------
X X       
  O X     
  O X X X 
O O O O   
          
----------

Black 2,0
----------
X X       
  O X     
X O X X X 
O O O O   
          
----------

White 1,0
----------
X X       
O O X     
  O X X X 
O O O O   
          
----------

Black 0,2
----------
X X X     
O O X     
  O X X X 
O O O O   
          
----------

White 3,4
----------
X X X     
O O X     
  O X X X 
O O O O O 
          
----------

Black 1,3
----------
X X X     
O O X X   
  O X X X 
O O O O O 
          
----------

White 2,0
----------
X X X     
O O X X   
O O X X X 
O O O O O 
          
----------

Black 4,2
----------
X X X     
O O X X   
O O X X X 
O O O O O 
    X     
----------

White 4,0
----------
X X X     
O O X X   
O O X X X 
O O O O O 
O   X     
----------

Black 4,3
----------
X X X     
O O X X   
O O X X X 
O O O O O 
O   X X   
----------

White 0,4
----------
X X X   O 
O O X X   
O O X X X 
O O O O O 
O   X X   
----------

Black 4,1
----------
X X X   O 
O O X X   
O O X X X 
O O O O O 
O X X X   
----------

White 4,4
----------
X X X   O 
O O X X   
O O X X X 
O O O O O 
O       O 
----------

Game end.
The winner is O
ta time: 25.37
student time: 20.93
White(You) win!
=====Round 8=====
Black:You White:TA
Thu Oct 29 02:51:34 PDT 2020
Clean up...
Start Playing...
Black 2,2
----------
          
          
    X     
          
          
----------

White 2,1
----------
          
          
  O X     
          
          
----------

Black 1,2
----------
          
    X     
  O X     
          
          
----------

White 3,2
----------
          
    X     
  O X     
    O     
          
----------

Black 1,1
----------
          
  X X     
  O X     
    O     
          
----------

White 2,3
----------
          
  X X     
  O X O   
    O     
          
----------

Black 1,3
----------
          
  X X X   
  O X O   
    O     
          
----------

White 3,1
----------
          
  X X X   
  O X O   
  O O     
          
----------

Black 1,0
----------
          
X X X X   
  O X O   
  O O     
          
----------

White 2,0
----------
          
X X X X   
O O X O   
  O O     
          
----------

Black 1,4
----------
          
X X X X X 
O O X O   
  O O     
          
----------

White 4,2
----------
          
X X X X X 
O O X O   
  O O     
    O     
----------

Black 2,4
----------
          
X X X X X 
O O X O X 
  O O     
    O     
----------

White 3,3
----------
          
X X X X X 
O O X O X 
  O O O   
    O     
----------

Black 3,4
----------
          
X X X X X 
O O X O X 
  O O O X 
    O     
----------

White 0,2
----------
    O     
X X X X X 
O O X O X 
  O O O X 
    O     
----------

Black 4,4
----------
    O     
X X X X X 
O O X O X 
  O O O X 
    O   X 
----------

White 4,1
----------
    O     
X X X X X 
O O X O X 
  O O O X 
  O O   X 
----------

Black 0,0
----------
X   O     
X X X X X 
O O X O X 
  O O O X 
  O O   X 
----------

White 4,3
----------
X   O     
X X X X X 
O O X O X 
  O O O X 
  O O O X 
----------

Black 0,1
----------
X X O     
X X X X X 
O O X O X 
  O O O X 
  O O O X 
----------

White 3,0
----------
X X O     
X X X X X 
O O X O X 
O O O O X 
  O O O X 
----------

Black 4,0
----------
X X O     
X X X X X 
    X   X 
        X 
X       X 
----------

White 2,1
----------
X X O     
X X X X X 
  O X   X 
        X 
X       X 
----------

Game end.
The winner is X
ta time: 28.67
student time: 23.71
Black(You) win!
=====Round 9=====
Black:TA White:You
Thu Oct 29 02:51:44 PDT 2020
Clean up...
Start Playing...
Black 1,2
----------
          
    X     
          
          
          
----------

White 3,1
----------
          
    X     
          
  O       
          
----------

Black 2,2
----------
          
    X     
    X     
  O       
          
----------

White 2,1
----------
          
    X     
  O X     
  O       
          
----------

Black 0,0
----------
X         
    X     
  O X     
  O       
          
----------

White 1,1
----------
X         
  O X     
  O X     
  O       
          
----------

Black 0,1
----------
X X       
  O X     
  O X     
  O       
          
----------

White 3,2
----------
X X       
  O X     
  O X     
  O O     
          
----------

Black 2,3
----------
X X       
  O X     
  O X X   
  O O     
          
----------

White 3,3
----------
X X       
  O X     
  O X X   
  O O O   
          
----------

Black 2,4
----------
X X       
  O X     
  O X X X 
  O O O   
          
----------

White 3,0
----------
X X       
  O X     
  O X X X 
O O O O   
          
----------

Black 0,2
----------
X X X     
  O X     
  O X X X 
O O O O   
          
----------

White 3,4
----------
X X X     
  O X     
  O X X X 
O O O O O 
          
----------

Black 4,2
----------
X X X     
  O X     
  O X X X 
O O O O O 
    X     
----------

White 1,0
----------
X X X     
O O X     
  O X X X 
O O O O O 
    X     
----------

Black 1,3
----------
X X X     
O O X X   
  O X X X 
O O O O O 
    X     
----------

White 2,0
----------
X X X     
O O X X   
O O X X X 
O O O O O 
    X     
----------

Black 4,3
----------
X X X     
O O X X   
O O X X X 
O O O O O 
    X X   
----------

White 4,0
----------
X X X     
O O X X   
O O X X X 
O O O O O 
O   X X   
----------

Black 1,4
----------
X X X     
O O X X X 
O O X X X 
O O O O O 
O   X X   
----------

White 4,1
----------
X X X     
O O X X X 
O O X X X 
O O O O O 
O O X X   
----------

Black 4,4
----------
X X X     
    X X X 
    X X X 
          
    X X X 
----------

White 3,1
----------
X X X     
    X X X 
    X X X 
  O       
    X X X 
----------

Game end.
The winner is X
ta time: 32.62
student time: 26.39
White(You) lose.
=====Round 10=====
Black:You White:TA
Thu Oct 29 02:51:54 PDT 2020
Clean up...
Start Playing...
Black 2,2
----------
          
          
    X     
          
          
----------

White 2,1
----------
          
          
  O X     
          
          
----------

Black 1,2
----------
          
    X     
  O X     
          
          
----------

White 3,2
----------
          
    X     
  O X     
    O     
          
----------

Black 1,1
----------
          
  X X     
  O X     
    O     
          
----------

White 2,3
----------
          
  X X     
  O X O   
    O     
          
----------

Black 1,3
----------
          
  X X X   
  O X O   
    O     
          
----------

White 2,0
----------
          
  X X X   
O O X O   
    O     
          
----------

Black 1,4
----------
          
  X X X X 
O O X O   
    O     
          
----------

White 3,1
----------
          
  X X X X 
O O X O   
  O O     
          
----------

Black 0,1
----------
  X       
  X X X X 
O O X O   
  O O     
          
----------

White 3,3
----------
  X       
  X X X X 
O O X O   
  O O O   
          
----------

Black 2,4
----------
  X       
  X X X X 
O O X O X 
  O O O   
          
----------

White 4,2
----------
  X       
  X X X X 
O O X O X 
  O O O   
    O     
----------

Black 3,4
----------
  X       
  X X X X 
O O X O X 
  O O O X 
    O     
----------

White 0,2
----------
  X O     
  X X X X 
O O X O X 
  O O O X 
    O     
----------

Black 0,3
----------
  X   X   
  X X X X 
O O X O X 
  O O O X 
    O     
----------

White 1,0
----------
  X   X   
O X X X X 
O O X O X 
  O O O X 
    O     
----------

Black 0,0
----------
X X   X   
O X X X X 
O O X O X 
  O O O X 
    O     
----------

White 3,0
----------
X X   X   
O X X X X 
O O X O X 
O O O O X 
    O     
----------

Black 4,4
----------
X X   X   
O X X X X 
O O X O X 
O O O O X 
    O   X 
----------

White 4,3
----------
X X   X   
O X X X X 
O O X O X 
O O O O X 
    O O X 
----------

Black 0,2
----------
X X X X   
O X X X X 
O O X O X 
O O O O X 
    O O X 
----------

White 0,4
----------
        O 
O         
O O   O   
O O O O   
    O O   
----------

Game end.
The winner is O
ta time: 36.21
student time: 29.28
Black(You) lose.

==Playing with championship_player==
=====Round 1=====
Black:TA White:You
Thu Oct 29 02:52:04 PDT 2020
Clean up...
Start Playing...
Black 2,2
----------
          
          
    X     
          
          
----------

White 3,1
----------
          
          
    X     
  O       
          
----------

Black 3,2
----------
          
          
    X     
  O X     
          
----------

White 1,2
----------
          
    O     
    X     
  O X     
          
----------

Black 1,1
----------
          
  X O     
    X     
  O X     
          
----------

White 1,3
----------
          
  X O O   
    X     
  O X     
          
----------

Black 0,1
----------
  X       
  X O O   
    X     
  O X     
          
----------

White 2,3
----------
  X       
  X O O   
    X O   
  O X     
          
----------

Black 3,3
----------
  X       
  X O O   
    X O   
  O X X   
          
----------

White 2,1
----------
  X       
  X O O   
  O X O   
  O X X   
          
----------

Black 4,1
----------
  X       
  X O O   
  O X O   
  O X X   
  X       
----------

White 0,3
----------
  X   O   
  X O O   
  O X O   
  O X X   
  X       
----------

Black 3,0
----------
  X   O   
  X O O   
  O X O   
X O X X   
  X       
----------

White 2,4
----------
  X   O   
  X O O   
  O X O O 
X O X X   
  X       
----------

Black 2,0
----------
  X   O   
  X O O   
X   X O O 
X   X X   
  X       
----------

White 3,4
----------
  X   O   
  X O O   
X   X O O 
X   X X O 
  X       
----------

Black 4,3
----------
  X   O   
  X O O   
X   X O O 
X   X X O 
  X   X   
----------

White 0,2
----------
  X O O   
  X O O   
X   X O O 
X   X X O 
  X   X   
----------

Black 4,4
----------
  X O O   
  X O O   
X   X O O 
X   X X O 
  X   X X 
----------

White 0,4
----------
  X O O O 
  X O O   
X   X O O 
X   X X O 
  X   X X 
----------

Black 4,0
----------
  X O O O 
  X O O   
X   X O O 
X   X X O 
X X   X X 
----------

White 2,1
----------
  X O O O 
  X O O   
X O X O O 
X   X X O 
X X   X X 
----------

Black 1,4
----------
  X       
  X     X 
X O X     
X   X X   
X X   X X 
----------

White 1,3
----------
  X       
  X   O X 
X O X     
X   X X   
X X   X X 
----------

Game end.
The winner is X
ta time: 68.11
student time: 32.64
White(You) lose.
=====Round 2=====
Black:You White:TA
Thu Oct 29 02:52:30 PDT 2020
Clean up...
Start Playing...
Black 2,2
----------
          
          
    X     
          
          
----------

White 1,2
----------
          
    O     
    X     
          
          
----------

Black 2,1
----------
          
    O     
  X X     
          
          
----------

White 1,3
----------
          
    O O   
  X X     
          
          
----------

Black 1,1
----------
          
  X O O   
  X X     
          
          
----------

White 2,3
----------
          
  X O O   
  X X O   
          
          
----------

Black 3,1
----------
          
  X O O   
  X X O   
  X       
          
----------

White 3,3
----------
          
  X O O   
  X X O   
  X   O   
          
----------

Black 0,1
----------
  X       
  X O O   
  X X O   
  X   O   
          
----------

White 0,2
----------
  X O     
  X O O   
  X X O   
  X   O   
          
----------

Black 3,2
----------
  X O     
  X O O   
  X X O   
  X X O   
          
----------

White 4,3
----------
  X O     
  X O O   
  X X O   
  X X O   
      O   
----------

Black 3,0
----------
  X O     
  X O O   
  X X O   
X X X O   
      O   
----------

White 2,4
----------
  X O     
  X O O   
  X X O O 
X X X O   
      O   
----------

Black 0,0
----------
X X O     
  X O O   
  X X O O 
X X X O   
      O   
----------

White 0,3
----------
X X O O   
  X O O   
  X X O O 
X X X O   
      O   
----------

Black 1,0
----------
X X O O   
X X O O   
  X X O O 
X X X O   
      O   
----------

White 0,4
----------
X X O O O 
X X O O   
  X X O O 
X X X O   
      O   
----------

Black 2,0
----------
X X O O O 
X X O O   
X X X O O 
X X X O   
      O   
----------

White 4,1
----------
X X O O O 
X X O O   
X X X O O 
X X X O   
  O   O   
----------

Black 4,0
----------
X X O O O 
X X O O   
X X X O O 
X X X O   
X O   O   
----------

White 4,2
----------
    O O O 
    O O   
      O O 
      O   
  O O O   
----------

Black 2,1
----------
    O O O 
    O O   
  X   O O 
      O   
  O O O   
----------

White 2,2
----------
    O O O 
    O O   
  X O O O 
      O   
  O O O   
----------

Game end.
The winner is O
ta time: 103.74
student time: 35.6
Black(You) lose.
=====Round 3=====
Black:TA White:You
Thu Oct 29 02:52:59 PDT 2020
Clean up...
Start Playing...
Black 2,2
----------
          
          
    X     
          
          
----------

White 3,1
----------
          
          
    X     
  O       
          
----------

Black 3,2
----------
          
          
    X     
  O X     
          
----------

White 1,2
----------
          
    O     
    X     
  O X     
          
----------

Black 2,1
----------
          
    O     
  X X     
  O X     
          
----------

White 1,3
----------
          
    O O   
  X X     
  O X     
          
----------

Black 1,1
----------
          
  X O O   
  X X     
  O X     
          
----------

White 2,3
----------
          
  X O O   
  X X O   
  O X     
          
----------

Black 3,3
----------
          
  X O O   
  X X O   
  O X X   
          
----------

White 3,0
----------
          
  X O O   
  X X O   
O O X X   
          
----------

Black 3,4
----------
          
  X O O   
  X X O   
O O X X X 
          
----------

White 0,2
----------
    O     
  X O O   
  X X O   
O O X X X 
          
----------

Black 0,1
----------
  X O     
  X O O   
  X X O   
O O X X X 
          
----------

White 0,3
----------
  X O O   
  X O O   
  X X O   
O O X X X 
          
----------

Black 2,4
----------
  X O O   
  X O O   
  X X O X 
O O X X X 
          
----------

White 2,0
----------
  X O O   
  X O O   
O X X O X 
O O X X X 
          
----------

Black 1,0
----------
  X O O   
X X O O   
O X X O X 
O O X X X 
          
----------

White 4,1
----------
  X O O   
X X O O   
O X X O X 
O O X X X 
  O       
----------

Black 1,4
----------
  X O O   
X X O O X 
O X X O X 
O O X X X 
  O       
----------

White 4,2
----------
  X O O   
X X O O X 
O X X O X 
O O X X X 
  O O     
----------

Black 0,4
----------
  X     X 
X X     X 
O X X   X 
O O X X X 
  O O     
----------

White 4,3
----------
  X     X 
X X     X 
O X X   X 
O O X X X 
  O O O   
----------

Black 0,2
----------
  X X   X 
X X     X 
O X X   X 
O O X X X 
  O O O   
----------

White 1,3
----------
  X X   X 
X X   O X 
O X X   X 
O O X X X 
  O O O   
----------

Game end.
The winner is X
ta time: 138.75
student time: 38.91
White(You) lose.
=====Round 4=====
Black:You White:TA
Thu Oct 29 02:53:27 PDT 2020
Clean up...
Start Playing...
Black 2,2
----------
          
          
    X     
          
          
----------

White 2,1
----------
          
          
  O X     
          
          
----------

Black 1,2
----------
          
    X     
  O X     
          
          
----------

White 3,1
----------
          
    X     
  O X     
  O       
          
----------

Black 0,0
----------
X         
    X     
  O X     
  O       
          
----------

White 3,2
----------
X         
    X     
  O X     
  O O     
          
----------

Black 1,3
----------
X         
    X X   
  O X     
  O O     
          
----------

White 3,3
----------
X         
    X X   
  O X     
  O O O   
          
----------

Black 1,4
----------
X         
    X X X 
  O X     
  O O O   
          
----------

White 1,1
----------
X         
  O X X X 
  O X     
  O O O   
          
----------

Black 1,0
----------
X         
X O X X X 
  O X     
  O O O   
          
----------

White 0,2
----------
X   O     
X O X X X 
  O X     
  O O O   
          
----------

Black 0,3
----------
X   O X   
X O X X X 
  O X     
  O O O   
          
----------

White 0,1
----------
X O O X   
X O X X X 
  O X     
  O O O   
          
----------

Black 2,3
----------
X O O X   
X O X X X 
  O X X   
  O O O   
          
----------

White 2,0
----------
  O O X   
  O X X X 
O O X X   
  O O O   
          
----------

Black 2,4
----------
  O O X   
  O X X X 
O O X X X 
  O O O   
          
----------

White 3,4
----------
  O O X   
  O X X X 
O O X X X 
  O O O O 
          
----------

Black 4,0
----------
  O O X   
  O X X X 
O O X X X 
  O O O O 
X         
----------

White 3,0
----------
  O O X   
  O X X X 
O O X X X 
O O O O O 
X         
----------

Black 4,3
----------
  O O X   
  O X X X 
O O X X X 
O O O O O 
X     X   
----------

White 0,4
----------
  O O   O 
  O       
O O       
O O O O O 
X     X   
----------

Black 1,4
----------
  O O   O 
  O     X 
O O       
O O O O O 
X     X   
----------

White 0,3
----------
  O O O O 
  O     X 
O O       
O O O O O 
X     X   
----------

Game end.
The winner is O
ta time: 174.35
student time: 42.56
Black(You) lose.
=====Round 5=====
Black:TA White:You
Thu Oct 29 02:53:55 PDT 2020
Clean up...
Start Playing...
Black 2,2
----------
          
          
    X     
          
          
----------

White 3,1
----------
          
          
    X     
  O       
          
----------

Black 3,2
----------
          
          
    X     
  O X     
          
----------

White 1,2
----------
          
    O     
    X     
  O X     
          
----------

Black 1,1
----------
          
  X O     
    X     
  O X     
          
----------

White 1,3
----------
          
  X O O   
    X     
  O X     
          
----------

Black 0,1
----------
  X       
  X O O   
    X     
  O X     
          
----------

White 2,3
----------
  X       
  X O O   
    X O   
  O X     
          
----------

Black 3,3
----------
  X       
  X O O   
    X O   
  O X X   
          
----------

White 2,1
----------
  X       
  X O O   
  O X O   
  O X X   
          
----------

Black 4,1
----------
  X       
  X O O   
  O X O   
  O X X   
  X       
----------

White 0,3
----------
  X   O   
  X O O   
  O X O   
  O X X   
  X       
----------

Black 3,0
----------
  X   O   
  X O O   
  O X O   
X O X X   
  X       
----------

White 2,4
----------
  X   O   
  X O O   
  O X O O 
X O X X   
  X       
----------

Black 2,0
----------
  X   O   
  X O O   
X   X O O 
X   X X   
  X       
----------

White 3,4
----------
  X   O   
  X O O   
X   X O O 
X   X X O 
  X       
----------

Black 4,3
----------
  X   O   
  X O O   
X   X O O 
X   X X O 
  X   X   
----------

White 0,2
----------
  X O O   
  X O O   
X   X O O 
X   X X O 
  X   X   
----------

Black 4,4
----------
  X O O   
  X O O   
X   X O O 
X   X X O 
  X   X X 
----------

White 0,4
----------
  X O O O 
  X O O   
X   X O O 
X   X X O 
  X   X X 
----------

Black 1,4
----------
  X       
  X     X 
X   X     
X   X X   
  X   X X 
----------

White 1,3
----------
  X       
  X   O X 
X   X     
X   X X   
  X   X X 
----------

Black 2,3
----------
  X       
  X   O X 
X   X X   
X   X X   
  X   X X 
----------

White 1,2
----------
  X       
  X O O X 
X   X X   
X   X X   
  X   X X 
----------

Game end.
The winner is X
ta time: 207.62
student time: 45.6
White(You) lose.
=====Round 6=====
Black:You White:TA
Thu Oct 29 02:54:21 PDT 2020
Clean up...
Start Playing...
Black 2,2
----------
          
          
    X     
          
          
----------

White 1,2
----------
          
    O     
    X     
          
          
----------

Black 2,1
----------
          
    O     
  X X     
          
          
----------

White 1,3
----------
          
    O O   
  X X     
          
          
----------

Black 1,1
----------
          
  X O O   
  X X     
          
          
----------

White 2,3
----------
          
  X O O   
  X X O   
          
          
----------

Black 3,1
----------
          
  X O O   
  X X O   
  X       
          
----------

White 3,3
----------
          
  X O O   
  X X O   
  X   O   
          
----------

Black 0,1
----------
  X       
  X O O   
  X X O   
  X   O   
          
----------

White 0,2
----------
  X O     
  X O O   
  X X O   
  X   O   
          
----------

Black 3,2
----------
  X O     
  X O O   
  X X O   
  X X O   
          
----------

White 4,3
----------
  X O     
  X O O   
  X X O   
  X X O   
      O   
----------

Black 3,0
----------
  X O     
  X O O   
  X X O   
X X X O   
      O   
----------

White 1,4
----------
  X O     
  X O O O 
  X X O   
X X X O   
      O   
----------

Black 0,0
----------
X X O     
  X O O O 
  X X O   
X X X O   
      O   
----------

White 3,4
----------
X X O     
  X O O O 
  X X O   
X X X O O 
      O   
----------

Black 1,0
----------
X X O     
X X O O O 
  X X O   
X X X O O 
      O   
----------

White 4,1
----------
X X O     
X X O O O 
  X X O   
X X X O O 
  O   O   
----------

Black 4,0
----------
X X O     
X X O O O 
  X X O   
X X X O O 
X O   O   
----------

White 4,2
----------
X X O     
X X O O O 
  X X O   
X X X O O 
X O O O   
----------

Black 0,3
----------
X X O X   
X X O O O 
  X X O   
X X X O O 
X O O O   
----------

White 2,0
----------
    O X   
    O O O 
O     O   
      O O 
  O O O   
----------

Black 1,1
----------
    O X   
  X O O O 
O     O   
      O O 
  O O O   
----------

White 0,4
----------
    O   O 
  X O O O 
O     O   
      O O 
  O O O   
----------

Game end.
The winner is O
ta time: 242.7
student time: 48.47
Black(You) lose.
=====Round 7=====
Black:TA White:You
Thu Oct 29 02:54:50 PDT 2020
Clean up...
Start Playing...
Black 2,2
----------
          
          
    X     
          
          
----------

White 3,1
----------
          
          
    X     
  O       
          
----------

Black 3,2
----------
          
          
    X     
  O X     
          
----------

White 1,2
----------
          
    O     
    X     
  O X     
          
----------

Black 1,1
----------
          
  X O     
    X     
  O X     
          
----------

White 1,3
----------
          
  X O O   
    X     
  O X     
          
----------

Black 0,1
----------
  X       
  X O O   
    X     
  O X     
          
----------

White 2,3
----------
  X       
  X O O   
    X O   
  O X     
          
----------

Black 3,3
----------
  X       
  X O O   
    X O   
  O X X   
          
----------

White 2,1
----------
  X       
  X O O   
  O X O   
  O X X   
          
----------

Black 4,1
----------
  X       
  X O O   
  O X O   
  O X X   
  X       
----------

White 0,3
----------
  X   O   
  X O O   
  O X O   
  O X X   
  X       
----------

Black 2,0
----------
  X   O   
  X O O   
X O X O   
  O X X   
  X       
----------

White 2,4
----------
  X   O   
  X O O   
X O X O O 
  O X X   
  X       
----------

Black 3,0
----------
  X   O   
  X O O   
X   X O O 
X   X X   
  X       
----------

White 3,4
----------
  X   O   
  X O O   
X   X O O 
X   X X O 
  X       
----------

Black 4,3
----------
  X   O   
  X O O   
X   X O O 
X   X X O 
  X   X   
----------

White 0,2
----------
  X O O   
  X O O   
X   X O O 
X   X X O 
  X   X   
----------

Black 4,4
----------
  X O O   
  X O O   
X   X O O 
X   X X O 
  X   X X 
----------

White 0,4
----------
  X O O O 
  X O O   
X   X O O 
X   X X O 
  X   X X 
----------

Black 1,0
----------
  X O O O 
X X O O   
X   X O O 
X   X X O 
  X   X X 
----------

White 2,1
----------
  X O O O 
X X O O   
X O X O O 
X   X X O 
  X   X X 
----------

Black 1,4
----------
  X       
X X     X 
X O X     
X   X X   
  X   X X 
----------

White 1,3
----------
  X       
X X   O X 
X O X     
X   X X   
  X   X X 
----------

Game end.
The winner is X
ta time: 275.33
student time: 51.72
White(You) lose.
=====Round 8=====
Black:You White:TA
Thu Oct 29 02:55:15 PDT 2020
Clean up...
Start Playing...
Black 2,2
----------
          
          
    X     
          
          
----------

White 3,2
----------
          
          
    X     
    O     
          
----------

Black 1,2
----------
          
    X     
    X     
    O     
          
----------

White 3,3
----------
          
    X     
    X     
    O O   
          
----------

Black 1,1
----------
          
  X X     
    X     
    O O   
          
----------

White 3,1
----------
          
  X X     
    X     
  O O O   
          
----------

Black 1,3
----------
          
  X X X   
    X     
  O O O   
          
----------

White 2,4
----------
          
  X X X   
    X   O 
  O O O   
          
----------

Black 1,0
----------
          
X X X X   
    X   O 
  O O O   
          
----------

White 2,3
----------
          
X X X X   
    X O O 
  O O O   
          
----------

Black 0,3
----------
      X   
X X X X   
    X O O 
  O O O   
          
----------

White 1,4
----------
      X   
X X X X O 
    X O O 
  O O O   
          
----------

Black 2,0
----------
      X   
X X X X O 
X   X O O 
  O O O   
          
----------

White 3,0
----------
      X   
X X X X O 
X   X O O 
O O O O   
          
----------

Black 2,1
----------
      X   
X X X X O 
X X X O O 
O O O O   
          
----------

White 0,1
----------
  O   X   
X X X X O 
X X X O O 
O O O O   
          
----------

Black 0,0
----------
X O   X   
X X X X O 
X X X O O 
O O O O   
          
----------

White 4,2
----------
X O   X   
X X X X O 
X X X O O 
O O O O   
    O     
----------

Black 0,4
----------
X O   X X 
X X X X O 
X X X O O 
O O O O   
    O     
----------

White 0,2
----------
  O O     
        O 
      O O 
O O O O   
    O     
----------

Black 1,1
----------
  O O     
  X     O 
      O O 
O O O O   
    O     
----------

White 1,0
----------
  O O     
O X     O 
      O O 
O O O O   
    O     
----------

Black 1,2
----------
  O O     
O X X   O 
      O O 
O O O O   
    O     
----------

White 2,2
----------
  O O     
O X X   O 
    O O O 
O O O O   
    O     
----------

Game end.
The winner is O
ta time: 315.34
student time: 54.8
Black(You) lose.
=====Round 9=====
Black:TA White:You
Thu Oct 29 02:55:45 PDT 2020
Clean up...
Start Playing...
Black 2,2
----------
          
          
    X     
          
          
----------

White 3,1
----------
          
          
    X     
  O       
          
----------

Black 3,2
----------
          
          
    X     
  O X     
          
----------

White 1,2
----------
          
    O     
    X     
  O X     
          
----------

Black 2,1
----------
          
    O     
  X X     
  O X     
          
----------

White 1,3
----------
          
    O O   
  X X     
  O X     
          
----------

Black 1,1
----------
          
  X O O   
  X X     
  O X     
          
----------

White 2,3
----------
          
  X O O   
  X X O   
  O X     
          
----------

Black 3,3
----------
          
  X O O   
  X X O   
  O X X   
          
----------

White 3,0
----------
          
  X O O   
  X X O   
O O X X   
          
----------

Black 0,1
----------
  X       
  X O O   
  X X O   
O O X X   
          
----------

White 0,3
----------
  X   O   
  X O O   
  X X O   
O O X X   
          
----------

Black 3,4
----------
  X   O   
  X O O   
  X X O   
O O X X X 
          
----------

White 2,0
----------
  X   O   
  X O O   
O X X O   
O O X X X 
          
----------

Black 1,0
----------
  X   O   
X X O O   
O X X O   
O O X X X 
          
----------

White 4,1
----------
  X   O   
X X O O   
O X X O   
O O X X X 
  O       
----------

Black 4,2
----------
  X   O   
X X O O   
O X X O   
O O X X X 
  O X     
----------

White 0,2
----------
  X O O   
X X O O   
O X X O   
O O X X X 
  O X     
----------

Black 1,4
----------
  X O O   
X X O O X 
O X X O   
O O X X X 
  O X     
----------

White 0,4
----------
  X O O O 
X X O O X 
O X X O   
O O X X X 
  O X     
----------

Black 2,4
----------
  X       
X X     X 
O X X   X 
O O X X X 
  O X     
----------

White 1,3
----------
  X       
X X   O X 
O X X   X 
O O X X X 
  O X     
----------

Black 2,3
----------
  X       
X X   O X 
O X X X X 
O O X X X 
  O X     
----------

White 0,3
----------
  X   O   
X X   O X 
O X X X X 
O O X X X 
  O X     
----------

Game end.
The winner is X
ta time: 349.67
student time: 58.09
White(You) lose.
=====Round 10=====
Black:You White:TA
Thu Oct 29 02:56:12 PDT 2020
Clean up...
Start Playing...
Black 2,2
----------
          
          
    X     
          
          
----------

White 2,1
----------
          
          
  O X     
          
          
----------

Black 1,2
----------
          
    X     
  O X     
          
          
----------

White 3,1
----------
          
    X     
  O X     
  O       
          
----------

Black 0,0
----------
X         
    X     
  O X     
  O       
          
----------

White 3,2
----------
X         
    X     
  O X     
  O O     
          
----------

Black 1,3
----------
X         
    X X   
  O X     
  O O     
          
----------

White 3,3
----------
X         
    X X   
  O X     
  O O O   
          
----------

Black 1,4
----------
X         
    X X X 
  O X     
  O O O   
          
----------

White 1,1
----------
X         
  O X X X 
  O X     
  O O O   
          
----------

Black 1,0
----------
X         
X O X X X 
  O X     
  O O O   
          
----------

White 0,1
----------
X O       
X O X X X 
  O X     
  O O O   
          
----------

Black 2,3
----------
X O       
X O X X X 
  O X X   
  O O O   
          
----------

White 2,0
----------
  O       
  O X X X 
O O X X   
  O O O   
          
----------

Black 2,4
----------
  O       
  O X X X 
O O X X X 
  O O O   
          
----------

White 0,3
----------
  O   O   
  O X X X 
O O X X X 
  O O O   
          
----------

Black 0,2
----------
  O X O   
  O X X X 
O O X X X 
  O O O   
          
----------

White 4,2
----------
  O X O   
  O X X X 
O O X X X 
  O O O   
    O     
----------

Black 3,4
----------
  O X O   
  O X X X 
O O X X X 
  O O O X 
    O     
----------

White 0,0
----------
O O X O   
  O X X X 
O O X X X 
  O O O X 
    O     
----------

Black 4,4
----------
O O X O   
  O X X X 
O O X X X 
  O O O X 
    O   X 
----------

White 4,0
----------
O O X O   
  O X X X 
O O X X X 
  O O O X 
O   O   X 
----------

Black 0,4
----------
O O X   X 
  O X X X 
O O X X X 
  O O O X 
O   O   X 
----------

White 4,1
----------
O O X   X 
  O X X X 
O O X X X 
  O O O X 
O O O   X 
----------

Game end.
The winner is O
ta time: 384.78
student time: 61.33
Black(You) lose.
