Wed Oct 28 23:28:39 PDT 2020

==Playing with qlearning_player==
=====Round 1=====
Black:TA White:You
Wed Oct 28 23:28:39 PDT 2020
Clean up...
Start Playing...
Black 1,2
----------
          
    X     
          
          
          
----------

White 2,1
----------
          
    X     
  O       
          
          
----------

Black 2,2
----------
          
    X     
  O X     
          
          
----------

White 3,1
----------
          
    X     
  O X     
  O       
          
----------

Black 0,0
----------
X         
    X     
  O X     
  O       
          
----------

White 1,1
----------
X         
  O X     
  O X     
  O       
          
----------

Black 0,1
----------
X X       
  O X     
  O X     
  O       
          
----------

White 3,2
----------
X X       
  O X     
  O X     
  O O     
          
----------

Black 2,3
----------
X X       
  O X     
  O X X   
  O O     
          
----------

White 3,3
----------
X X       
  O X     
  O X X   
  O O O   
          
----------

Black 4,2
----------
X X       
  O X     
  O X X   
  O O O   
    X     
----------

White 3,4
----------
X X       
  O X     
  O X X   
  O O O O 
    X     
----------

Black 2,4
----------
X X       
  O X     
  O X X X 
  O O O O 
    X     
----------

White 3,0
----------
X X       
  O X     
  O X X X 
O O O O O 
    X     
----------

Black 1,3
----------
X X       
  O X X   
  O X X X 
O O O O O 
    X     
----------

White 1,0
----------
X X       
O O X X   
  O X X X 
O O O O O 
    X     
----------

Black 0,2
----------
X X X     
O O X X   
  O X X X 
O O O O O 
    X     
----------

White 2,0
----------
X X X     
O O X X   
O O X X X 
O O O O O 
    X     
----------

Black 0,3
----------
X X X X   
O O X X   
O O X X X 
O O O O O 
    X     
----------

White 4,0
----------
X X X X   
O O X X   
O O X X X 
O O O O O 
O   X     
----------

Black 4,3
----------
X X X X   
O O X X   
O O X X X 
O O O O O 
O   X X   
----------

White 4,1
----------
X X X X   
O O X X   
O O X X X 
O O O O O 
O O X X   
----------

Black 4,4
----------
X X X X   
    X X   
    X X X 
          
    X X X 
----------

White 3,1
----------
X X X X   
    X X   
    X X X 
  O       
    X X X 
----------

Game end.
The winner is X
ta time: 3.8
student time: 0.7
White(You) lose.
=====Round 2=====
Black:You White:TA
Wed Oct 28 23:28:48 PDT 2020
Clean up...
Start Playing...
Black 2,2
----------
          
          
    X     
          
          
----------

White 2,1
----------
          
          
  O X     
          
          
----------

Black 1,2
----------
          
    X     
  O X     
          
          
----------

White 3,2
----------
          
    X     
  O X     
    O     
          
----------

Black 1,1
----------
          
  X X     
  O X     
    O     
          
----------

White 2,3
----------
          
  X X     
  O X O   
    O     
          
----------

Black 1,3
----------
          
  X X X   
  O X O   
    O     
          
----------

White 2,0
----------
          
  X X X   
O O X O   
    O     
          
----------

Black 1,4
----------
          
  X X X X 
O O X O   
    O     
          
----------

White 0,2
----------
    O     
  X X X X 
O O X O   
    O     
          
----------

Black 0,1
----------
  X O     
  X X X X 
O O X O   
    O     
          
----------

White 3,3
----------
  X O     
  X X X X 
O O X O   
    O O   
          
----------

Black 0,3
----------
  X   X   
  X X X X 
O O X O   
    O O   
          
----------

White 2,4
----------
  X   X   
  X X X X 
O O X O O 
    O O   
          
----------

Black 0,0
----------
X X   X   
  X X X X 
O O X O O 
    O O   
          
----------

White 3,1
----------
X X   X   
  X X X X 
O O X O O 
  O O O   
          
----------

Black 0,2
----------
X X X X   
  X X X X 
O O X O O 
  O O O   
          
----------

White 4,2
----------
X X X X   
  X X X X 
O O X O O 
  O O O   
    O     
----------

Black 4,0
----------
X X X X   
  X X X X 
O O X O O 
  O O O   
X   O     
----------

White 4,1
----------
X X X X   
  X X X X 
O O X O O 
  O O O   
X O O     
----------

Black 4,4
----------
X X X X   
  X X X X 
O O X O O 
  O O O   
X O O   X 
----------

White 3,0
----------
X X X X   
  X X X X 
O O X O O 
O O O O   
  O O   X 
----------

Black 0,4
----------
X X X X X 
  X X X X 
O O X O O 
O O O O   
  O O   X 
----------

White 1,0
----------
          
O         
O O   O O 
O O O O   
  O O   X 
----------

Game end.
The winner is O
ta time: 7.42
student time: 1.31
Black(You) lose.
=====Round 3=====
Black:TA White:You
Wed Oct 28 23:28:56 PDT 2020
Clean up...
Start Playing...
Black 1,2
----------
          
    X     
          
          
          
----------

White 2,1
----------
          
    X     
  O       
          
          
----------

Black 2,2
----------
          
    X     
  O X     
          
          
----------

White 3,1
----------
          
    X     
  O X     
  O       
          
----------

Black 0,0
----------
X         
    X     
  O X     
  O       
          
----------

White 1,1
----------
X         
  O X     
  O X     
  O       
          
----------

Black 0,1
----------
X X       
  O X     
  O X     
  O       
          
----------

White 3,2
----------
X X       
  O X     
  O X     
  O O     
          
----------

Black 2,3
----------
X X       
  O X     
  O X X   
  O O     
          
----------

White 3,3
----------
X X       
  O X     
  O X X   
  O O O   
          
----------

Black 2,4
----------
X X       
  O X     
  O X X X 
  O O O   
          
----------

White 3,0
----------
X X       
  O X     
  O X X X 
O O O O   
          
----------

Black 1,3
----------
X X       
  O X X   
  O X X X 
O O O O   
          
----------

White 3,4
----------
X X       
  O X X   
  O X X X 
O O O O O 
          
----------

Black 4,2
----------
X X       
  O X X   
  O X X X 
O O O O O 
    X     
----------

White 1,0
----------
X X       
O O X X   
  O X X X 
O O O O O 
    X     
----------

Black 0,2
----------
X X X     
O O X X   
  O X X X 
O O O O O 
    X     
----------

White 2,0
----------
X X X     
O O X X   
O O X X X 
O O O O O 
    X     
----------

Black 1,4
----------
X X X     
O O X X X 
O O X X X 
O O O O O 
    X     
----------

White 4,0
----------
X X X     
O O X X X 
O O X X X 
O O O O O 
O   X     
----------

Black 4,1
----------
X X X     
O O X X X 
O O X X X 
O O O O O 
O X X     
----------

White 4,3
----------
X X X     
O O X X X 
O O X X X 
O O O O O 
O     O   
----------

Black 4,2
----------
X X X     
O O X X X 
O O X X X 
O O O O O 
O   X O   
----------

White 4,1
----------
X X X     
O O X X X 
O O X X X 
O O O O O 
O O   O   
----------

Game end.
The winner is O
ta time: 11.24
student time: 1.75
White(You) win!
=====Round 4=====
Black:You White:TA
Wed Oct 28 23:29:05 PDT 2020
Clean up...
Start Playing...
Black 2,2
----------
          
          
    X     
          
          
----------

White 2,1
----------
          
          
  O X     
          
          
----------

Black 1,2
----------
          
    X     
  O X     
          
          
----------

White 3,2
----------
          
    X     
  O X     
    O     
          
----------

Black 1,1
----------
          
  X X     
  O X     
    O     
          
----------

White 2,3
----------
          
  X X     
  O X O   
    O     
          
----------

Black 1,3
----------
          
  X X X   
  O X O   
    O     
          
----------

White 3,1
----------
          
  X X X   
  O X O   
  O O     
          
----------

Black 1,0
----------
          
X X X X   
  O X O   
  O O     
          
----------

White 2,4
----------
          
X X X X   
  O X O O 
  O O     
          
----------

Black 0,3
----------
      X   
X X X X   
  O X O O 
  O O     
          
----------

White 4,2
----------
      X   
X X X X   
  O X O O 
  O O     
    O     
----------

Black 2,0
----------
      X   
X X X X   
X O X O O 
  O O     
    O     
----------

White 0,2
----------
    O X   
X X X X   
X O X O O 
  O O     
    O     
----------

Black 0,1
----------
  X   X   
X X X X   
X O X O O 
  O O     
    O     
----------

White 3,3
----------
  X   X   
X X X X   
X O X O O 
  O O O   
    O     
----------

Black 3,0
----------
  X   X   
X X X X   
X O X O O 
X O O O   
    O     
----------

White 4,3
----------
  X   X   
X X X X   
X O X O O 
X O O O   
    O O   
----------

Black 4,0
----------
  X   X   
X X X X   
X O X O O 
X O O O   
X   O O   
----------

White 1,4
----------
  X   X   
X X X X O 
X O X O O 
X O O O   
X   O O   
----------

Black 0,0
----------
X X   X   
X X X X O 
X O X O O 
X O O O   
X   O O   
----------

White 4,1
----------
X X   X   
X X X X O 
X O X O O 
X O O O   
X O O O   
----------

Black 0,2
----------
X X X X   
X X X X O 
X O X O O 
X O O O   
X O O O   
----------

White 0,4
----------
        O 
        O 
  O   O O 
  O O O   
  O O O   
----------

Game end.
The winner is O
ta time: 14.62
student time: 2.32
Black(You) lose.
=====Round 5=====
Black:TA White:You
Wed Oct 28 23:29:13 PDT 2020
Clean up...
Start Playing...
Black 1,2
----------
          
    X     
          
          
          
----------

White 2,1
----------
          
    X     
  O       
          
          
----------

Black 2,2
----------
          
    X     
  O X     
          
          
----------

White 3,1
----------
          
    X     
  O X     
  O       
          
----------

Black 0,0
----------
X         
    X     
  O X     
  O       
          
----------

White 1,1
----------
X         
  O X     
  O X     
  O       
          
----------

Black 0,1
----------
X X       
  O X     
  O X     
  O       
          
----------

White 3,2
----------
X X       
  O X     
  O X     
  O O     
          
----------

Black 2,3
----------
X X       
  O X     
  O X X   
  O O     
          
----------

White 3,3
----------
X X       
  O X     
  O X X   
  O O O   
          
----------

Black 2,4
----------
X X       
  O X     
  O X X X 
  O O O   
          
----------

White 3,0
----------
X X       
  O X     
  O X X X 
O O O O   
          
----------

Black 0,2
----------
X X X     
  O X     
  O X X X 
O O O O   
          
----------

White 3,4
----------
X X X     
  O X     
  O X X X 
O O O O O 
          
----------

Black 4,2
----------
X X X     
  O X     
  O X X X 
O O O O O 
    X     
----------

White 1,0
----------
X X X     
O O X     
  O X X X 
O O O O O 
    X     
----------

Black 1,3
----------
X X X     
O O X X   
  O X X X 
O O O O O 
    X     
----------

White 2,0
----------
X X X     
O O X X   
O O X X X 
O O O O O 
    X     
----------

Black 0,3
----------
X X X X   
O O X X   
O O X X X 
O O O O O 
    X     
----------

White 4,0
----------
X X X X   
O O X X   
O O X X X 
O O O O O 
O   X     
----------

Black 4,3
----------
X X X X   
O O X X   
O O X X X 
O O O O O 
O   X X   
----------

White 4,1
----------
X X X X   
O O X X   
O O X X X 
O O O O O 
O O X X   
----------

Black 4,4
----------
X X X X   
    X X   
    X X X 
          
    X X X 
----------

White 3,1
----------
X X X X   
    X X   
    X X X 
  O       
    X X X 
----------

Game end.
The winner is X
ta time: 18.46
student time: 2.72
White(You) lose.
=====Round 6=====
Black:You White:TA
Wed Oct 28 23:29:21 PDT 2020
Clean up...
Start Playing...
Black 2,2
----------
          
          
    X     
          
          
----------

White 2,1
----------
          
          
  O X     
          
          
----------

Black 1,2
----------
          
    X     
  O X     
          
          
----------

White 3,2
----------
          
    X     
  O X     
    O     
          
----------

Black 1,1
----------
          
  X X     
  O X     
    O     
          
----------

White 2,3
----------
          
  X X     
  O X O   
    O     
          
----------

Black 1,3
----------
          
  X X X   
  O X O   
    O     
          
----------

White 2,0
----------
          
  X X X   
O O X O   
    O     
          
----------

Black 1,4
----------
          
  X X X X 
O O X O   
    O     
          
----------

White 0,2
----------
    O     
  X X X X 
O O X O   
    O     
          
----------

Black 0,1
----------
  X O     
  X X X X 
O O X O   
    O     
          
----------

White 3,1
----------
  X O     
  X X X X 
O O X O   
  O O     
          
----------

Black 0,3
----------
  X   X   
  X X X X 
O O X O   
  O O     
          
----------

White 4,2
----------
  X   X   
  X X X X 
O O X O   
  O O     
    O     
----------

Black 2,4
----------
  X   X   
  X X X X 
O O X O X 
  O O     
    O     
----------

White 3,3
----------
  X   X   
  X X X X 
O O X O X 
  O O O   
    O     
----------

Black 3,4
----------
  X   X   
  X X X X 
O O X O X 
  O O O X 
    O     
----------

White 4,3
----------
  X   X   
  X X X X 
O O X O X 
  O O O X 
    O O   
----------

Black 0,0
----------
X X   X   
  X X X X 
O O X O X 
  O O O X 
    O O   
----------

White 3,0
----------
X X   X   
  X X X X 
O O X O X 
O O O O X 
    O O   
----------

Black 0,2
----------
X X X X   
  X X X X 
O O X O X 
O O O O X 
    O O   
----------

White 1,0
----------
X X X X   
O X X X X 
O O X O X 
O O O O X 
    O O   
----------

Black 0,4
----------
X X X X X 
O X X X X 
O O X O X 
O O O O X 
    O O   
----------

White 4,4
----------
          
O         
O O   O   
O O O O   
    O O O 
----------

Game end.
The winner is O
ta time: 22.02
student time: 3.31
Black(You) lose.
=====Round 7=====
Black:TA White:You
Wed Oct 28 23:29:29 PDT 2020
Clean up...
Start Playing...
Black 1,2
----------
          
    X     
          
          
          
----------

White 2,1
----------
          
    X     
  O       
          
          
----------

Black 2,2
----------
          
    X     
  O X     
          
          
----------

White 3,1
----------
          
    X     
  O X     
  O       
          
----------

Black 0,0
----------
X         
    X     
  O X     
  O       
          
----------

White 1,1
----------
X         
  O X     
  O X     
  O       
          
----------

Black 0,1
----------
X X       
  O X     
  O X     
  O       
          
----------

White 3,2
----------
X X       
  O X     
  O X     
  O O     
          
----------

Black 2,3
----------
X X       
  O X     
  O X X   
  O O     
          
----------

White 3,3
----------
X X       
  O X     
  O X X   
  O O O   
          
----------

Black 2,4
----------
X X       
  O X     
  O X X X 
  O O O   
          
----------

White 3,0
----------
X X       
  O X     
  O X X X 
O O O O   
          
----------

Black 1,3
----------
X X       
  O X X   
  O X X X 
O O O O   
          
----------

White 3,4
----------
X X       
  O X X   
  O X X X 
O O O O O 
          
----------

Black 0,2
----------
X X X     
  O X X   
  O X X X 
O O O O O 
          
----------

White 1,0
----------
X X X     
O O X X   
  O X X X 
O O O O O 
          
----------

Black 4,2
----------
X X X     
O O X X   
  O X X X 
O O O O O 
    X     
----------

White 2,0
----------
X X X     
O O X X   
O O X X X 
O O O O O 
    X     
----------

Black 4,3
----------
X X X     
O O X X   
O O X X X 
O O O O O 
    X X   
----------

White 4,0
----------
X X X     
O O X X   
O O X X X 
O O O O O 
O   X X   
----------

Black 4,1
----------
X X X     
O O X X   
O O X X X 
O O O O O 
O X X X   
----------

White 4,4
----------
X X X     
O O X X   
O O X X X 
O O O O O 
O       O 
----------

Black 4,2
----------
X X X     
O O X X   
O O X X X 
O O O O O 
O   X   O 
----------

White 0,4
----------
X X X   O 
O O X X   
O O X X X 
O O O O O 
O   X   O 
----------

Game end.
The winner is O
ta time: 25.72
student time: 3.79
White(You) win!
=====Round 8=====
Black:You White:TA
Wed Oct 28 23:29:38 PDT 2020
Clean up...
Start Playing...
Black 2,2
----------
          
          
    X     
          
          
----------

White 2,1
----------
          
          
  O X     
          
          
----------

Black 1,2
----------
          
    X     
  O X     
          
          
----------

White 3,2
----------
          
    X     
  O X     
    O     
          
----------

Black 1,1
----------
          
  X X     
  O X     
    O     
          
----------

White 2,3
----------
          
  X X     
  O X O   
    O     
          
----------

Black 1,3
----------
          
  X X X   
  O X O   
    O     
          
----------

White 2,0
----------
          
  X X X   
O O X O   
    O     
          
----------

Black 1,4
----------
          
  X X X X 
O O X O   
    O     
          
----------

White 3,1
----------
          
  X X X X 
O O X O   
  O O     
          
----------

Black 0,1
----------
  X       
  X X X X 
O O X O   
  O O     
          
----------

White 0,2
----------
  X O     
  X X X X 
O O X O   
  O O     
          
----------

Black 0,3
----------
  X   X   
  X X X X 
O O X O   
  O O     
          
----------

White 2,4
----------
  X   X   
  X X X X 
O O X O O 
  O O     
          
----------

Black 0,0
----------
X X   X   
  X X X X 
O O X O O 
  O O     
          
----------

White 3,3
----------
X X   X   
  X X X X 
O O X O O 
  O O O   
          
----------

Black 0,2
----------
X X X X   
  X X X X 
O O X O O 
  O O O   
          
----------

White 4,2
----------
X X X X   
  X X X X 
O O X O O 
  O O O   
    O     
----------

Black 4,0
----------
X X X X   
  X X X X 
O O X O O 
  O O O   
X   O     
----------

White 3,0
----------
X X X X   
  X X X X 
O O X O O 
O O O O   
X   O     
----------

Black 4,4
----------
X X X X   
  X X X X 
O O X O O 
O O O O   
X   O   X 
----------

White 4,1
----------
X X X X   
  X X X X 
O O X O O 
O O O O   
  O O   X 
----------

Black 0,4
----------
X X X X X 
  X X X X 
O O X O O 
O O O O   
  O O   X 
----------

White 1,0
----------
          
O         
O O   O O 
O O O O   
  O O   X 
----------

Game end.
The winner is O
ta time: 29.1
student time: 4.21
Black(You) lose.
=====Round 9=====
Black:TA White:You
Wed Oct 28 23:29:45 PDT 2020
Clean up...
Start Playing...
Black 1,2
----------
          
    X     
          
          
          
----------

White 2,1
----------
          
    X     
  O       
          
          
----------

Black 2,2
----------
          
    X     
  O X     
          
          
----------

White 3,1
----------
          
    X     
  O X     
  O       
          
----------

Black 0,0
----------
X         
    X     
  O X     
  O       
          
----------

White 1,1
----------
X         
  O X     
  O X     
  O       
          
----------

Black 0,1
----------
X X       
  O X     
  O X     
  O       
          
----------

White 3,2
----------
X X       
  O X     
  O X     
  O O     
          
----------

Black 2,3
----------
X X       
  O X     
  O X X   
  O O     
          
----------

White 3,3
----------
X X       
  O X     
  O X X   
  O O O   
          
----------

Black 0,2
----------
X X X     
  O X     
  O X X   
  O O O   
          
----------

White 3,4
----------
X X X     
  O X     
  O X X   
  O O O O 
          
----------

Black 2,4
----------
X X X     
  O X     
  O X X X 
  O O O O 
          
----------

White 3,0
----------
X X X     
  O X     
  O X X X 
O O O O O 
          
----------

Black 4,2
----------
X X X     
  O X     
  O X X X 
O O O O O 
    X     
----------

White 1,0
----------
X X X     
O O X     
  O X X X 
O O O O O 
    X     
----------

Black 1,3
----------
X X X     
O O X X   
  O X X X 
O O O O O 
    X     
----------

White 2,0
----------
X X X     
O O X X   
O O X X X 
O O O O O 
    X     
----------

Black 1,4
----------
X X X     
O O X X X 
O O X X X 
O O O O O 
    X     
----------

White 4,0
----------
X X X     
O O X X X 
O O X X X 
O O O O O 
O   X     
----------

Black 4,1
----------
X X X     
O O X X X 
O O X X X 
O O O O O 
O X X     
----------

White 4,3
----------
X X X     
O O X X X 
O O X X X 
O O O O O 
O     O   
----------

Black 4,2
----------
X X X     
O O X X X 
O O X X X 
O O O O O 
O   X O   
----------

White 4,1
----------
X X X     
O O X X X 
O O X X X 
O O O O O 
O O   O   
----------

Game end.
The winner is O
ta time: 32.82
student time: 4.57
White(You) win!
=====Round 10=====
Black:You White:TA
Wed Oct 28 23:29:53 PDT 2020
Clean up...
Start Playing...
Black 2,2
----------
          
          
    X     
          
          
----------

White 2,1
----------
          
          
  O X     
          
          
----------

Black 1,2
----------
          
    X     
  O X     
          
          
----------

White 3,2
----------
          
    X     
  O X     
    O     
          
----------

Black 1,1
----------
          
  X X     
  O X     
    O     
          
----------

White 2,3
----------
          
  X X     
  O X O   
    O     
          
----------

Black 1,3
----------
          
  X X X   
  O X O   
    O     
          
----------

White 2,4
----------
          
  X X X   
  O X O O 
    O     
          
----------

Black 1,0
----------
          
X X X X   
  O X O O 
    O     
          
----------

White 4,2
----------
          
X X X X   
  O X O O 
    O     
    O     
----------

Black 0,3
----------
      X   
X X X X   
  O X O O 
    O     
    O     
----------

White 3,3
----------
      X   
X X X X   
  O X O O 
    O O   
    O     
----------

Black 2,0
----------
      X   
X X X X   
X O X O O 
    O O   
    O     
----------

White 0,2
----------
    O X   
X X X X   
X O X O O 
    O O   
    O     
----------

Black 0,1
----------
  X   X   
X X X X   
X O X O O 
    O O   
    O     
----------

White 3,1
----------
  X   X   
X X X X   
X O X O O 
  O O O   
    O     
----------

Black 3,0
----------
  X   X   
X X X X   
X O X O O 
X O O O   
    O     
----------

White 1,4
----------
  X   X   
X X X X O 
X O X O O 
X O O O   
    O     
----------

Black 4,0
----------
  X   X   
X X X X O 
X O X O O 
X O O O   
X   O     
----------

White 4,1
----------
  X   X   
X X X X O 
X O X O O 
X O O O   
X O O     
----------

Black 0,0
----------
X X   X   
X X X X O 
X O X O O 
X O O O   
X O O     
----------

White 4,3
----------
X X   X   
X X X X O 
X O X O O 
X O O O   
X O O O   
----------

Black 0,2
----------
X X X X   
X X X X O 
X O X O O 
X O O O   
X O O O   
----------

White 0,4
----------
        O 
        O 
  O   O O 
  O O O   
  O O O   
----------

Game end.
The winner is O
ta time: 36.11
student time: 5.17
Black(You) lose.

==Playing with championship_player==
=====Round 1=====
Black:TA White:You
Wed Oct 28 23:30:02 PDT 2020
Clean up...
Start Playing...
Black 2,2
----------
          
          
    X     
          
          
----------

White 1,1
----------
          
  O       
    X     
          
          
----------

Black 1,2
----------
          
  O X     
    X     
          
          
----------

White 2,1
----------
          
  O X     
  O X     
          
          
----------

Black 3,1
----------
          
  O X     
  O X     
  X       
          
----------

White 0,1
----------
  O       
  O X     
  O X     
  X       
          
----------

Black 3,0
----------
  O       
  O X     
  O X     
X X       
          
----------

White 0,2
----------
  O O     
  O X     
  O X     
X X       
          
----------

Black 1,3
----------
  O O     
  O X X   
  O X     
X X       
          
----------

White 0,3
----------
  O O O   
  O X X   
  O X     
X X       
          
----------

Black 1,4
----------
  O O O   
  O X X X 
  O X     
X X       
          
----------

White 0,0
----------
O O O O   
  O X X X 
  O X     
X X       
          
----------

Black 2,0
----------
O O O O   
  O X X X 
X O X     
X X       
          
----------

White 3,3
----------
O O O O   
  O X X X 
X O X     
X X   O   
          
----------

Black 0,4
----------
O O O O X 
  O X X X 
X O X     
X X   O   
          
----------

White 2,3
----------
O O O O X 
  O X X X 
X O X O   
X X   O   
          
----------

Black 1,0
----------
        X 
X   X X X 
X   X O   
X X   O   
          
----------

White 3,2
----------
        X 
X   X X X 
X   X O   
X X O O   
          
----------

Black 2,4
----------
        X 
X   X X X 
X   X O X 
X X O O   
          
----------

White 3,4
----------
        X 
X   X X X 
X   X O X 
X X O O O 
          
----------

Black 4,1
----------
        X 
X   X X X 
X   X O X 
X X O O O 
  X       
----------

White 4,2
----------
        X 
X   X X X 
X   X O X 
X X O O O 
  X O     
----------

Black 0,1
----------
  X     X 
X   X X X 
X   X O X 
X X O O O 
  X O     
----------

White 4,3
----------
  X     X 
X   X X X 
X   X O X 
X X O O O 
  X O O   
----------

Game end.
The winner is X
ta time: 68.77
student time: 5.72
White(You) lose.
=====Round 2=====
Black:You White:TA
Wed Oct 28 23:30:29 PDT 2020
Clean up...
Start Playing...
Black 2,2
----------
          
          
    X     
          
          
----------

White 2,3
----------
          
          
    X O   
          
          
----------

Black 1,2
----------
          
    X     
    X O   
          
          
----------

White 3,3
----------
          
    X     
    X O   
      O   
          
----------

Black 1,1
----------
          
  X X     
    X O   
      O   
          
----------

White 3,2
----------
          
  X X     
    X O   
    O O   
          
----------

Black 1,3
----------
          
  X X X   
    X O   
    O O   
          
----------

White 3,1
----------
          
  X X X   
    X O   
  O O O   
          
----------

Black 1,0
----------
          
X X X X   
    X O   
  O O O   
          
----------

White 1,4
----------
          
X X X X O 
    X O   
  O O O   
          
----------

Black 0,3
----------
      X   
X X X X O 
    X O   
  O O O   
          
----------

White 2,1
----------
      X   
X X X X O 
  O X O   
  O O O   
          
----------

Black 2,0
----------
      X   
X X X X O 
X O X O   
  O O O   
          
----------

White 3,0
----------
      X   
X X X X O 
X O X O   
O O O O   
          
----------

Black 0,0
----------
X     X   
X X X X O 
X O X O   
O O O O   
          
----------

White 2,4
----------
X     X   
X X X X O 
X O X O O 
O O O O   
          
----------

Black 0,1
----------
X X   X   
X X X X O 
X O X O O 
O O O O   
          
----------

White 4,3
----------
X X   X   
X X X X O 
X O X O O 
O O O O   
      O   
----------

Black 4,1
----------
X X   X   
X X X X O 
X O X O O 
O O O O   
  X   O   
----------

White 4,0
----------
X X   X   
X X X X O 
X O X O O 
O O O O   
O X   O   
----------

Black 0,2
----------
X X X X   
X X X X O 
X O X O O 
O O O O   
O X   O   
----------

White 0,4
----------
        O 
        O 
  O   O O 
O O O O   
O X   O   
----------

Black 1,2
----------
        O 
    X   O 
  O   O O 
O O O O   
O X   O   
----------

White 1,1
----------
        O 
  O X   O 
  O   O O 
O O O O   
O X   O   
----------

Game end.
The winner is O
ta time: 105.69
student time: 6.41
Black(You) lose.
=====Round 3=====
Black:TA White:You
Wed Oct 28 23:30:58 PDT 2020
Clean up...
Start Playing...
Black 2,2
----------
          
          
    X     
          
          
----------

White 1,1
----------
          
  O       
    X     
          
          
----------

Black 2,1
----------
          
  O       
  X X     
          
          
----------

White 1,2
----------
          
  O O     
  X X     
          
          
----------

Black 1,3
----------
          
  O O X   
  X X     
          
          
----------

White 1,0
----------
          
O O O X   
  X X     
          
          
----------

Black 0,3
----------
      X   
O O O X   
  X X     
          
          
----------

White 2,0
----------
      X   
O O O X   
O X X     
          
          
----------

Black 3,1
----------
      X   
O O O X   
O X X     
  X       
          
----------

White 3,0
----------
      X   
O O O X   
O X X     
O X       
          
----------

Black 4,1
----------
      X   
O O O X   
O X X     
O X       
  X       
----------

White 0,0
----------
O     X   
O O O X   
O X X     
O X       
  X       
----------

Black 0,2
----------
O   X X   
O O O X   
O X X     
O X       
  X       
----------

White 3,3
----------
O   X X   
O O O X   
O X X     
O X   O   
  X       
----------

Black 4,0
----------
O   X X   
O O O X   
O X X     
O X   O   
X X       
----------

White 2,3
----------
O   X X   
O O O X   
O X X O   
O X   O   
X X       
----------

Black 0,1
----------
  X X X   
      X   
  X X O   
  X   O   
X X       
----------

White 3,2
----------
  X X X   
      X   
  X X O   
  X O O   
X X       
----------

Black 4,2
----------
  X X X   
      X   
  X X O   
  X O O   
X X X     
----------

White 2,4
----------
  X X X   
      X   
  X X O O 
  X O O   
X X X     
----------

Black 1,4
----------
  X X X   
      X X 
  X X O O 
  X O O   
X X X     
----------

White 3,4
----------
  X X X   
      X X 
  X X O O 
  X O O O 
X X X     
----------

Black 1,2
----------
  X X X   
    X X X 
  X X O O 
  X O O O 
X X X     
----------

White 1,0
----------
  X X X   
O   X X X 
  X X O O 
  X O O O 
X X X     
----------

Game end.
The winner is X
ta time: 141.65
student time: 7.04
White(You) lose.
=====Round 4=====
Black:You White:TA
Wed Oct 28 23:31:27 PDT 2020
Clean up...
Start Playing...
Black 2,2
----------
          
          
    X     
          
          
----------

White 2,1
----------
          
          
  O X     
          
          
----------

Black 1,2
----------
          
    X     
  O X     
          
          
----------

White 3,1
----------
          
    X     
  O X     
  O       
          
----------

Black 1,1
----------
          
  X X     
  O X     
  O       
          
----------

White 3,2
----------
          
  X X     
  O X     
  O O     
          
----------

Black 1,3
----------
          
  X X X   
  O X     
  O O     
          
----------

White 3,3
----------
          
  X X X   
  O X     
  O O O   
          
----------

Black 1,0
----------
          
X X X X   
  O X     
  O O O   
          
----------

White 2,0
----------
          
X X X X   
O O X     
  O O O   
          
----------

Black 1,4
----------
          
X X X X X 
O O X     
  O O O   
          
----------

White 3,4
----------
          
X X X X X 
O O X     
  O O O O 
          
----------

Black 2,3
----------
          
X X X X X 
O O X X   
  O O O O 
          
----------

White 4,2
----------
          
X X X X X 
O O X X   
  O O O O 
    O     
----------

Black 0,0
----------
X         
X X X X X 
O O X X   
  O O O O 
    O     
----------

White 4,0
----------
X         
X X X X X 
O O X X   
  O O O O 
O   O     
----------

Black 0,1
----------
X X       
X X X X X 
O O X X   
  O O O O 
O   O     
----------

White 0,3
----------
X X   O   
X X X X X 
O O X X   
  O O O O 
O   O     
----------

Black 0,2
----------
X X X O   
X X X X X 
O O X X   
  O O O O 
O   O     
----------

White 4,3
----------
X X X O   
X X X X X 
O O X X   
  O O O O 
O   O O   
----------

Black 0,4
----------
X X X   X 
X X X X X 
O O X X   
  O O O O 
O   O O   
----------

White 2,4
----------
X X X   X 
X X X X X 
O O X X O 
  O O O O 
O   O O   
----------

Black PASS
----------
X X X   X 
X X X X X 
O O X X O 
  O O O O 
O   O O   
----------

White 4,4
----------
X X X   X 
X X X X X 
O O X X O 
  O O O O 
O   O O O 
----------

Game end.
The winner is O
ta time: 180.82
student time: 7.68
Black(You) lose.
=====Round 5=====
Black:TA White:You
Wed Oct 28 23:31:55 PDT 2020
Clean up...
Start Playing...
Black 2,2
----------
          
          
    X     
          
          
----------

White 1,1
----------
          
  O       
    X     
          
          
----------

Black 2,1
----------
          
  O       
  X X     
          
          
----------

White 1,2
----------
          
  O O     
  X X     
          
          
----------

Black 1,3
----------
          
  O O X   
  X X     
          
          
----------

White 1,0
----------
          
O O O X   
  X X     
          
          
----------

Black 0,3
----------
      X   
O O O X   
  X X     
          
          
----------

White 2,0
----------
      X   
O O O X   
O X X     
          
          
----------

Black 3,1
----------
      X   
O O O X   
O X X     
  X       
          
----------

White 3,0
----------
      X   
O O O X   
O X X     
O X       
          
----------

Black 4,1
----------
      X   
O O O X   
O X X     
O X       
  X       
----------

White 0,0
----------
O     X   
O O O X   
O X X     
O X       
  X       
----------

Black 0,2
----------
O   X X   
O O O X   
O X X     
O X       
  X       
----------

White 3,3
----------
O   X X   
O O O X   
O X X     
O X   O   
  X       
----------

Black 4,0
----------
O   X X   
O O O X   
O X X     
O X   O   
X X       
----------

White 2,3
----------
O   X X   
O O O X   
O X X O   
O X   O   
X X       
----------

Black 0,1
----------
  X X X   
      X   
  X X O   
  X   O   
X X       
----------

White 3,2
----------
  X X X   
      X   
  X X O   
  X O O   
X X       
----------

Black 1,4
----------
  X X X   
      X X 
  X X O   
  X O O   
X X       
----------

White 3,4
----------
  X X X   
      X X 
  X X O   
  X O O O 
X X       
----------

Black 1,2
----------
  X X X   
    X X X 
  X X O   
  X O O O 
X X       
----------

White 2,4
----------
  X X X   
    X X X 
  X X O O 
  X O O O 
X X       
----------

Black 4,3
----------
  X X X   
    X X X 
  X X O O 
  X O O O 
X X   X   
----------

White 1,0
----------
  X X X   
O   X X X 
  X X O O 
  X O O O 
X X   X   
----------

Game end.
The winner is X
ta time: 220.22
student time: 8.03
White(You) lose.
=====Round 6=====
Black:You White:TA
Wed Oct 28 23:32:23 PDT 2020
Clean up...
Start Playing...
Black 2,2
----------
          
          
    X     
          
          
----------

White 1,2
----------
          
    O     
    X     
          
          
----------

Black 2,1
----------
          
    O     
  X X     
          
          
----------

White 1,3
----------
          
    O O   
  X X     
          
          
----------

Black 1,1
----------
          
  X O O   
  X X     
          
          
----------

White 2,3
----------
          
  X O O   
  X X O   
          
          
----------

Black 3,1
----------
          
  X O O   
  X X O   
  X       
          
----------

White 3,3
----------
          
  X O O   
  X X O   
  X   O   
          
----------

Black 0,1
----------
  X       
  X O O   
  X X O   
  X   O   
          
----------

White 0,2
----------
  X O     
  X O O   
  X X O   
  X   O   
          
----------

Black 3,2
----------
  X O     
  X O O   
  X X O   
  X X O   
          
----------

White 4,3
----------
  X O     
  X O O   
  X X O   
  X X O   
      O   
----------

Black 3,0
----------
  X O     
  X O O   
  X X O   
X X X O   
      O   
----------

White 2,4
----------
  X O     
  X O O   
  X X O O 
X X X O   
      O   
----------

Black 0,0
----------
X X O     
  X O O   
  X X O O 
X X X O   
      O   
----------

White 0,3
----------
X X O O   
  X O O   
  X X O O 
X X X O   
      O   
----------

Black 1,0
----------
X X O O   
X X O O   
  X X O O 
X X X O   
      O   
----------

White 4,4
----------
X X O O   
X X O O   
  X X O O 
X X X O   
      O O 
----------

Black 2,0
----------
X X O O   
X X O O   
X X X O O 
X X X O   
      O O 
----------

White 4,1
----------
X X O O   
X X O O   
X X X O O 
X X X O   
  O   O O 
----------

Black 4,0
----------
X X O O   
X X O O   
X X X O O 
X X X O   
X O   O O 
----------

White 4,2
----------
    O O   
    O O   
      O O 
      O   
  O O O O 
----------

Black 2,1
----------
    O O   
    O O   
  X   O O 
      O   
  O O O O 
----------

White 3,0
----------
    O O   
    O O   
  X   O O 
O     O   
  O O O O 
----------

Game end.
The winner is O
ta time: 253.72
student time: 8.61
Black(You) lose.
=====Round 7=====
Black:TA White:You
Wed Oct 28 23:32:50 PDT 2020
Clean up...
Start Playing...
Black 2,2
----------
          
          
    X     
          
          
----------

White 1,1
----------
          
  O       
    X     
          
          
----------

Black 1,2
----------
          
  O X     
    X     
          
          
----------

White 2,1
----------
          
  O X     
  O X     
          
          
----------

Black 3,1
----------
          
  O X     
  O X     
  X       
          
----------

White 0,1
----------
  O       
  O X     
  O X     
  X       
          
----------

Black 3,0
----------
  O       
  O X     
  O X     
X X       
          
----------

White 0,2
----------
  O O     
  O X     
  O X     
X X       
          
----------

Black 1,3
----------
  O O     
  O X X   
  O X     
X X       
          
----------

White 0,3
----------
  O O O   
  O X X   
  O X     
X X       
          
----------

Black 1,4
----------
  O O O   
  O X X X 
  O X     
X X       
          
----------

White 0,0
----------
O O O O   
  O X X X 
  O X     
X X       
          
----------

Black 2,0
----------
O O O O   
  O X X X 
X O X     
X X       
          
----------

White 3,3
----------
O O O O   
  O X X X 
X O X     
X X   O   
          
----------

Black 0,4
----------
O O O O X 
  O X X X 
X O X     
X X   O   
          
----------

White 2,3
----------
O O O O X 
  O X X X 
X O X O   
X X   O   
          
----------

Black 1,0
----------
        X 
X   X X X 
X   X O   
X X   O   
          
----------

White 3,2
----------
        X 
X   X X X 
X   X O   
X X O O   
          
----------

Black 4,1
----------
        X 
X   X X X 
X   X O   
X X O O   
  X       
----------

White 3,4
----------
        X 
X   X X X 
X   X O   
X X O O O 
  X       
----------

Black 2,1
----------
        X 
X   X X X 
X X X O   
X X O O O 
  X       
----------

White 2,4
----------
        X 
X   X X X 
X X X O O 
X X O O O 
  X       
----------

Black 0,1
----------
  X     X 
X   X X X 
X X X O O 
X X O O O 
  X       
----------

White 4,2
----------
  X     X 
X   X X X 
X X X O O 
X X O O O 
  X O     
----------

Game end.
The winner is X
ta time: 286.48
student time: 8.96
White(You) lose.
=====Round 8=====
Black:You White:TA
Wed Oct 28 23:33:16 PDT 2020
Clean up...
Start Playing...
Black 2,2
----------
          
          
    X     
          
          
----------

White 3,2
----------
          
          
    X     
    O     
          
----------

Black 1,2
----------
          
    X     
    X     
    O     
          
----------

White 3,1
----------
          
    X     
    X     
  O O     
          
----------

Black 1,1
----------
          
  X X     
    X     
  O O     
          
----------

White 3,3
----------
          
  X X     
    X     
  O O O   
          
----------

Black 1,3
----------
          
  X X X   
    X     
  O O O   
          
----------

White 2,3
----------
          
  X X X   
    X O   
  O O O   
          
----------

Black 1,0
----------
          
X X X X   
    X O   
  O O O   
          
----------

White 1,4
----------
          
X X X X O 
    X O   
  O O O   
          
----------

Black 0,3
----------
      X   
X X X X O 
    X O   
  O O O   
          
----------

White 2,1
----------
      X   
X X X X O 
  O X O   
  O O O   
          
----------

Black 2,0
----------
      X   
X X X X O 
X O X O   
  O O O   
          
----------

White 3,0
----------
      X   
X X X X O 
X O X O   
O O O O   
          
----------

Black 0,0
----------
X     X   
X X X X O 
X O X O   
O O O O   
          
----------

White 2,4
----------
X     X   
X X X X O 
X O X O O 
O O O O   
          
----------

Black 0,1
----------
X X   X   
X X X X O 
X O X O O 
O O O O   
          
----------

White 4,2
----------
X X   X   
X X X X O 
X O X O O 
O O O O   
    O     
----------

Black 4,4
----------
X X   X   
X X X X O 
X O X O O 
O O O O   
    O   X 
----------

White 0,4
----------
X X   X O 
X X X X O 
X O X O O 
O O O O   
    O   X 
----------

Black 3,4
----------
X X   X O 
X X X X O 
X O X O O 
O O O O X 
    O   X 
----------

White 0,2
----------
    O   O 
        O 
  O   O O 
O O O O X 
    O   X 
----------

Black 1,1
----------
    O   O 
  X     O 
  O   O O 
O O O O X 
    O   X 
----------

White 0,1
----------
  O O   O 
  X     O 
  O   O O 
O O O O X 
    O   X 
----------

Game end.
The winner is O
ta time: 324
student time: 9.45
Black(You) lose.
=====Round 9=====
Black:TA White:You
Wed Oct 28 23:33:44 PDT 2020
Clean up...
Start Playing...
Black 2,2
----------
          
          
    X     
          
          
----------

White 1,1
----------
          
  O       
    X     
          
          
----------

Black 2,1
----------
          
  O       
  X X     
          
          
----------

White 1,2
----------
          
  O O     
  X X     
          
          
----------

Black 1,3
----------
          
  O O X   
  X X     
          
          
----------

White 1,0
----------
          
O O O X   
  X X     
          
          
----------

Black 0,3
----------
      X   
O O O X   
  X X     
          
          
----------

White 2,0
----------
      X   
O O O X   
O X X     
          
          
----------

Black 3,1
----------
      X   
O O O X   
O X X     
  X       
          
----------

White 3,0
----------
      X   
O O O X   
O X X     
O X       
          
----------

Black 4,1
----------
      X   
O O O X   
O X X     
O X       
  X       
----------

White 0,0
----------
O     X   
O O O X   
O X X     
O X       
  X       
----------

Black 0,2
----------
O   X X   
O O O X   
O X X     
O X       
  X       
----------

White 3,3
----------
O   X X   
O O O X   
O X X     
O X   O   
  X       
----------

Black 4,0
----------
O   X X   
O O O X   
O X X     
O X   O   
X X       
----------

White 2,3
----------
O   X X   
O O O X   
O X X O   
O X   O   
X X       
----------

Black 0,1
----------
  X X X   
      X   
  X X O   
  X   O   
X X       
----------

White 3,2
----------
  X X X   
      X   
  X X O   
  X O O   
X X       
----------

Black 2,4
----------
  X X X   
      X   
  X X O X 
  X O O   
X X       
----------

White 3,4
----------
  X X X   
      X   
  X X O X 
  X O O O 
X X       
----------

Black 1,4
----------
  X X X   
      X X 
  X X O X 
  X O O O 
X X       
----------

White 4,2
----------
  X X X   
      X X 
  X X O X 
  X O O O 
X X O     
----------

Black 4,3
----------
  X X X   
      X X 
  X X O X 
  X O O O 
X X O X   
----------

White 1,0
----------
  X X X   
O     X X 
  X X O X 
  X O O O 
X X O X   
----------

Game end.
The winner is X
ta time: 359.42
student time: 9.92
White(You) lose.
=====Round 10=====
Black:You White:TA
Wed Oct 28 23:34:11 PDT 2020
Clean up...
Start Playing...
Black 2,2
----------
          
          
    X     
          
          
----------

White 1,2
----------
          
    O     
    X     
          
          
----------

Black 2,1
----------
          
    O     
  X X     
          
          
----------

White 1,3
----------
          
    O O   
  X X     
          
          
----------

Black 1,1
----------
          
  X O O   
  X X     
          
          
----------

White 2,3
----------
          
  X O O   
  X X O   
          
          
----------

Black 3,1
----------
          
  X O O   
  X X O   
  X       
          
----------

White 3,3
----------
          
  X O O   
  X X O   
  X   O   
          
----------

Black 0,1
----------
  X       
  X O O   
  X X O   
  X   O   
          
----------

White 0,2
----------
  X O     
  X O O   
  X X O   
  X   O   
          
----------

Black 3,2
----------
  X O     
  X O O   
  X X O   
  X X O   
          
----------

White 4,3
----------
  X O     
  X O O   
  X X O   
  X X O   
      O   
----------

Black 3,0
----------
  X O     
  X O O   
  X X O   
X X X O   
      O   
----------

White 2,4
----------
  X O     
  X O O   
  X X O O 
X X X O   
      O   
----------

Black 0,0
----------
X X O     
  X O O   
  X X O O 
X X X O   
      O   
----------

White 1,4
----------
X X O     
  X O O O 
  X X O O 
X X X O   
      O   
----------

Black 1,0
----------
X X O     
X X O O O 
  X X O O 
X X X O   
      O   
----------

White 0,3
----------
X X O O   
X X O O O 
  X X O O 
X X X O   
      O   
----------

Black 2,0
----------
X X O O   
X X O O O 
X X X O O 
X X X O   
      O   
----------

White 4,2
----------
X X O O   
X X O O O 
X X X O O 
X X X O   
    O O   
----------

Black 4,0
----------
X X O O   
X X O O O 
X X X O O 
X X X O   
X   O O   
----------

White 3,4
----------
X X O O   
X X O O O 
X X X O O 
X X X O O 
X   O O   
----------

Black PASS
----------
X X O O   
X X O O O 
X X X O O 
X X X O O 
X   O O   
----------

White 4,4
----------
X X O O   
X X O O O 
X X X O O 
X X X O O 
X   O O O 
----------

Game end.
The winner is O
ta time: 396.9
student time: 10.33
Black(You) lose.
