Wed Oct 28 21:51:49 PDT 2020

==Playing with qlearning_player==
=====Round 1=====
Black:TA White:You
Wed Oct 28 21:51:49 PDT 2020
Clean up...
Start Playing...
Black 1,2
----------
          
    X     
          
          
          
----------

White 2,1
----------
          
    X     
  O       
          
          
----------

Black 2,2
----------
          
    X     
  O X     
          
          
----------

White 3,1
----------
          
    X     
  O X     
  O       
          
----------

Black 0,0
----------
X         
    X     
  O X     
  O       
          
----------

White 1,1
----------
X         
  O X     
  O X     
  O       
          
----------

Black 0,1
----------
X X       
  O X     
  O X     
  O       
          
----------

White 3,2
----------
X X       
  O X     
  O X     
  O O     
          
----------

Black 2,3
----------
X X       
  O X     
  O X X   
  O O     
          
----------

White 3,3
----------
X X       
  O X     
  O X X   
  O O O   
          
----------

Black 2,4
----------
X X       
  O X     
  O X X X 
  O O O   
          
----------

White 3,0
----------
X X       
  O X     
  O X X X 
O O O O   
          
----------

Black 1,3
----------
X X       
  O X X   
  O X X X 
O O O O   
          
----------

White 3,4
----------
X X       
  O X X   
  O X X X 
O O O O O 
          
----------

Black 2,0
----------
X X       
  O X X   
X O X X X 
O O O O O 
          
----------

White 1,0
----------
X X       
O O X X   
  O X X X 
O O O O O 
          
----------

Black 4,2
----------
X X       
O O X X   
  O X X X 
O O O O O 
    X     
----------

White 0,2
----------
    O     
O O X X   
  O X X X 
O O O O O 
    X     
----------

Black 0,3
----------
    O X   
O O X X   
  O X X X 
O O O O O 
    X     
----------

White 0,0
----------
O   O X   
O O X X   
  O X X X 
O O O O O 
    X     
----------

Black 0,1
----------
O X   X   
O O X X   
  O X X X 
O O O O O 
    X     
----------

White 2,0
----------
O X   X   
O O X X   
O O X X X 
O O O O O 
    X     
----------

Black 0,2
----------
O X X X   
O O X X   
O O X X X 
O O O O O 
    X     
----------

White 4,0
----------
O X X X   
O O X X   
O O X X X 
O O O O O 
O   X     
----------

Game end.
The winner is O
ta time: 3.62
student time: 0.57
White(You) win!
=====Round 2=====
Black:You White:TA
Wed Oct 28 21:51:57 PDT 2020
Clean up...
Start Playing...
Black 2,2
----------
          
          
    X     
          
          
----------

White 2,1
----------
          
          
  O X     
          
          
----------

Black 1,2
----------
          
    X     
  O X     
          
          
----------

White 3,2
----------
          
    X     
  O X     
    O     
          
----------

Black 1,1
----------
          
  X X     
  O X     
    O     
          
----------

White 2,3
----------
          
  X X     
  O X O   
    O     
          
----------

Black 1,3
----------
          
  X X X   
  O X O   
    O     
          
----------

White 2,0
----------
          
  X X X   
O O X O   
    O     
          
----------

Black 1,4
----------
          
  X X X X 
O O X O   
    O     
          
----------

White 2,4
----------
          
  X X X X 
O O X O O 
    O     
          
----------

Black 0,1
----------
  X       
  X X X X 
O O X O O 
    O     
          
----------

White 0,2
----------
  X O     
  X X X X 
O O X O O 
    O     
          
----------

Black 0,3
----------
  X   X   
  X X X X 
O O X O O 
    O     
          
----------

White 4,2
----------
  X   X   
  X X X X 
O O X O O 
    O     
    O     
----------

Black 0,0
----------
X X   X   
  X X X X 
O O X O O 
    O     
    O     
----------

White 3,1
----------
X X   X   
  X X X X 
O O X O O 
  O O     
    O     
----------

Black 0,2
----------
X X X X   
  X X X X 
O O X O O 
  O O     
    O     
----------

White 3,3
----------
X X X X   
  X X X X 
O O X O O 
  O O O   
    O     
----------

Black 4,0
----------
X X X X   
  X X X X 
O O X O O 
  O O O   
X   O     
----------

White 3,0
----------
X X X X   
  X X X X 
O O X O O 
O O O O   
X   O     
----------

Black 4,4
----------
X X X X   
  X X X X 
O O X O O 
O O O O   
X   O   X 
----------

White 4,1
----------
X X X X   
  X X X X 
O O X O O 
O O O O   
  O O   X 
----------

Black 0,4
----------
X X X X X 
  X X X X 
O O X O O 
O O O O   
  O O   X 
----------

White 1,0
----------
          
O         
O O   O O 
O O O O   
  O O   X 
----------

Game end.
The winner is O
ta time: 6.97
student time: 1.13
Black(You) lose.
=====Round 3=====
Black:TA White:You
Wed Oct 28 21:52:04 PDT 2020
Clean up...
Start Playing...
Black 1,2
----------
          
    X     
          
          
          
----------

White 2,1
----------
          
    X     
  O       
          
          
----------

Black 2,2
----------
          
    X     
  O X     
          
          
----------

White 3,1
----------
          
    X     
  O X     
  O       
          
----------

Black 0,0
----------
X         
    X     
  O X     
  O       
          
----------

White 1,1
----------
X         
  O X     
  O X     
  O       
          
----------

Black 0,1
----------
X X       
  O X     
  O X     
  O       
          
----------

White 3,2
----------
X X       
  O X     
  O X     
  O O     
          
----------

Black 2,3
----------
X X       
  O X     
  O X X   
  O O     
          
----------

White 3,3
----------
X X       
  O X     
  O X X   
  O O O   
          
----------

Black 0,2
----------
X X X     
  O X     
  O X X   
  O O O   
          
----------

White 3,4
----------
X X X     
  O X     
  O X X   
  O O O O 
          
----------

Black 4,2
----------
X X X     
  O X     
  O X X   
  O O O O 
    X     
----------

White 2,4
----------
X X X     
  O X     
  O X X O 
  O O O O 
    X     
----------

Black 1,3
----------
X X X     
  O X X   
  O X X O 
  O O O O 
    X     
----------

White 1,4
----------
X X X     
  O X X O 
  O X X O 
  O O O O 
    X     
----------

Black 2,0
----------
X X X     
  O X X O 
X O X X O 
  O O O O 
    X     
----------

White 0,4
----------
X X X   O 
  O X X O 
X O X X O 
  O O O O 
    X     
----------

Black 3,0
----------
X X X   O 
  O X X O 
X O X X O 
X O O O O 
    X     
----------

White 4,1
----------
X X X   O 
  O X X O 
X O X X O 
X O O O O 
  O X     
----------

Black 1,0
----------
X X X   O 
X O X X O 
X O X X O 
X O O O O 
  O X     
----------

White 4,3
----------
X X X   O 
X O X X O 
X O X X O 
X O O O O 
  O   O   
----------

Black 0,3
----------
X X X X O 
X O X X O 
X O X X O 
X O O O O 
  O   O   
----------

White 4,0
----------
        O 
  O     O 
  O     O 
  O O O O 
O O   O   
----------

Game end.
The winner is O
ta time: 10.47
student time: 1.57
White(You) win!
=====Round 4=====
Black:You White:TA
Wed Oct 28 21:52:12 PDT 2020
Clean up...
Start Playing...
Black 2,2
----------
          
          
    X     
          
          
----------

White 2,1
----------
          
          
  O X     
          
          
----------

Black 1,2
----------
          
    X     
  O X     
          
          
----------

White 3,2
----------
          
    X     
  O X     
    O     
          
----------

Black 1,1
----------
          
  X X     
  O X     
    O     
          
----------

White 2,3
----------
          
  X X     
  O X O   
    O     
          
----------

Black 1,3
----------
          
  X X X   
  O X O   
    O     
          
----------

White 3,1
----------
          
  X X X   
  O X O   
  O O     
          
----------

Black 1,0
----------
          
X X X X   
  O X O   
  O O     
          
----------

White 3,3
----------
          
X X X X   
  O X O   
  O O O   
          
----------

Black 1,4
----------
          
X X X X X 
  O X O   
  O O O   
          
----------

White 2,0
----------
          
X X X X X 
O O X O   
  O O O   
          
----------

Black 2,4
----------
          
X X X X X 
O O X O X 
  O O O   
          
----------

White 4,2
----------
          
X X X X X 
O O X O X 
  O O O   
    O     
----------

Black 3,4
----------
          
X X X X X 
O O X O X 
  O O O X 
    O     
----------

White 0,2
----------
    O     
X X X X X 
O O X O X 
  O O O X 
    O     
----------

Black 4,4
----------
    O     
X X X X X 
O O X O X 
  O O O X 
    O   X 
----------

White 4,3
----------
    O     
X X X X X 
O O X O X 
  O O O X 
    O O X 
----------

Black 0,0
----------
X   O     
X X X X X 
O O X O X 
  O O O X 
    O O X 
----------

White 0,1
----------
X O O     
X X X X X 
O O X O X 
  O O O X 
    O O X 
----------

Black 0,3
----------
X     X   
X X X X X 
O O X O X 
  O O O X 
    O O X 
----------

White 0,2
----------
X   O X   
X X X X X 
O O X O X 
  O O O X 
    O O X 
----------

Black 4,0
----------
X   O X   
X X X X X 
O O X O X 
  O O O X 
X   O O X 
----------

White 4,1
----------
X   O X   
X X X X X 
O O X O X 
  O O O X 
X O O O X 
----------

Game end.
The winner is O
ta time: 13.82
student time: 2.06
Black(You) lose.
=====Round 5=====
Black:TA White:You
Wed Oct 28 21:52:19 PDT 2020
Clean up...
Start Playing...
Black 1,2
----------
          
    X     
          
          
          
----------

White 2,1
----------
          
    X     
  O       
          
          
----------

Black 2,2
----------
          
    X     
  O X     
          
          
----------

White 3,1
----------
          
    X     
  O X     
  O       
          
----------

Black 0,0
----------
X         
    X     
  O X     
  O       
          
----------

White 1,1
----------
X         
  O X     
  O X     
  O       
          
----------

Black 0,1
----------
X X       
  O X     
  O X     
  O       
          
----------

White 3,2
----------
X X       
  O X     
  O X     
  O O     
          
----------

Black 2,3
----------
X X       
  O X     
  O X X   
  O O     
          
----------

White 3,3
----------
X X       
  O X     
  O X X   
  O O O   
          
----------

Black 2,4
----------
X X       
  O X     
  O X X X 
  O O O   
          
----------

White 3,0
----------
X X       
  O X     
  O X X X 
O O O O   
          
----------

Black 0,2
----------
X X X     
  O X     
  O X X X 
O O O O   
          
----------

White 3,4
----------
X X X     
  O X     
  O X X X 
O O O O O 
          
----------

Black 2,0
----------
X X X     
  O X     
X O X X X 
O O O O O 
          
----------

White 1,0
----------
X X X     
O O X     
  O X X X 
O O O O O 
          
----------

Black 1,3
----------
X X X     
O O X X   
  O X X X 
O O O O O 
          
----------

White 2,0
----------
X X X     
O O X X   
O O X X X 
O O O O O 
          
----------

Black 4,2
----------
X X X     
O O X X   
O O X X X 
O O O O O 
    X     
----------

White 4,0
----------
X X X     
O O X X   
O O X X X 
O O O O O 
O   X     
----------

Black 0,3
----------
X X X X   
O O X X   
O O X X X 
O O O O O 
O   X     
----------

White 4,1
----------
X X X X   
O O X X   
O O X X X 
O O O O O 
O O X     
----------

Black 1,4
----------
X X X X   
O O X X X 
O O X X X 
O O O O O 
O O X     
----------

White 0,4
----------
        O 
O O       
O O       
O O O O O 
O O X     
----------

Game end.
The winner is O
ta time: 17.41
student time: 2.51
White(You) win!
=====Round 6=====
Black:You White:TA
Wed Oct 28 21:52:27 PDT 2020
Clean up...
Start Playing...
Black 2,2
----------
          
          
    X     
          
          
----------

White 2,1
----------
          
          
  O X     
          
          
----------

Black 1,2
----------
          
    X     
  O X     
          
          
----------

White 3,2
----------
          
    X     
  O X     
    O     
          
----------

Black 1,1
----------
          
  X X     
  O X     
    O     
          
----------

White 2,3
----------
          
  X X     
  O X O   
    O     
          
----------

Black 1,3
----------
          
  X X X   
  O X O   
    O     
          
----------

White 3,1
----------
          
  X X X   
  O X O   
  O O     
          
----------

Black 1,0
----------
          
X X X X   
  O X O   
  O O     
          
----------

White 3,3
----------
          
X X X X   
  O X O   
  O O O   
          
----------

Black 1,4
----------
          
X X X X X 
  O X O   
  O O O   
          
----------

White 2,4
----------
          
X X X X X 
  O X O O 
  O O O   
          
----------

Black 2,0
----------
          
X X X X X 
X O X O O 
  O O O   
          
----------

White 0,2
----------
    O     
X X X X X 
X O X O O 
  O O O   
          
----------

Black 3,0
----------
    O     
X X X X X 
X O X O O 
X O O O   
          
----------

White 4,2
----------
    O     
X X X X X 
X O X O O 
X O O O   
    O     
----------

Black 4,0
----------
    O     
X X X X X 
X O X O O 
X O O O   
X   O     
----------

White 4,1
----------
    O     
X X X X X 
X O X O O 
X O O O   
X O O     
----------

Black 0,0
----------
X   O     
X X X X X 
X O X O O 
X O O O   
X O O     
----------

White 4,3
----------
X   O     
X X X X X 
X O X O O 
X O O O   
X O O O   
----------

Black 0,1
----------
X X O     
X X X X X 
X O X O O 
X O O O   
X O O O   
----------

White 0,3
----------
X X O O   
X X X X X 
X O X O O 
X O O O   
X O O O   
----------

Black 0,4
----------
X X     X 
X X X X X 
X O X O O 
X O O O   
X O O O   
----------

White 0,2
----------
X X O   X 
X X X X X 
X O X O O 
X O O O   
X O O O   
----------

Game end.
The winner is O
ta time: 20.66
student time: 2.93
Black(You) lose.
=====Round 7=====
Black:TA White:You
Wed Oct 28 21:52:34 PDT 2020
Clean up...
Start Playing...
Black 1,2
----------
          
    X     
          
          
          
----------

White 2,1
----------
          
    X     
  O       
          
          
----------

Black 2,2
----------
          
    X     
  O X     
          
          
----------

White 3,1
----------
          
    X     
  O X     
  O       
          
----------

Black 0,0
----------
X         
    X     
  O X     
  O       
          
----------

White 1,1
----------
X         
  O X     
  O X     
  O       
          
----------

Black 0,1
----------
X X       
  O X     
  O X     
  O       
          
----------

White 3,2
----------
X X       
  O X     
  O X     
  O O     
          
----------

Black 2,3
----------
X X       
  O X     
  O X X   
  O O     
          
----------

White 3,3
----------
X X       
  O X     
  O X X   
  O O O   
          
----------

Black 1,3
----------
X X       
  O X X   
  O X X   
  O O O   
          
----------

White 3,4
----------
X X       
  O X X   
  O X X   
  O O O O 
          
----------

Black 0,2
----------
X X X     
  O X X   
  O X X   
  O O O O 
          
----------

White 2,4
----------
X X X     
  O X X   
  O X X O 
  O O O O 
          
----------

Black 4,2
----------
X X X     
  O X X   
  O X X O 
  O O O O 
    X     
----------

White 1,4
----------
X X X     
  O X X O 
  O X X O 
  O O O O 
    X     
----------

Black 2,0
----------
X X X     
  O X X O 
X O X X O 
  O O O O 
    X     
----------

White 0,4
----------
X X X   O 
  O X X O 
X O X X O 
  O O O O 
    X     
----------

Black 0,3
----------
X X X X O 
  O X X O 
X O X X O 
  O O O O 
    X     
----------

White 1,0
----------
        O 
O O     O 
X O     O 
  O O O O 
    X     
----------

Black 2,2
----------
        O 
O O     O 
X O X   O 
  O O O O 
    X     
----------

White 3,0
----------
        O 
O O     O 
  O X   O 
O O O O O 
    X     
----------

Black 2,3
----------
        O 
O O     O 
  O X X O 
O O O O O 
    X     
----------

White 1,2
----------
        O 
O O O   O 
  O X X O 
O O O O O 
    X     
----------

Game end.
The winner is O
ta time: 24.39
student time: 3.42
White(You) win!
=====Round 8=====
Black:You White:TA
Wed Oct 28 21:52:41 PDT 2020
Clean up...
Start Playing...
Black 2,2
----------
          
          
    X     
          
          
----------

White 2,1
----------
          
          
  O X     
          
          
----------

Black 1,2
----------
          
    X     
  O X     
          
          
----------

White 3,2
----------
          
    X     
  O X     
    O     
          
----------

Black 1,1
----------
          
  X X     
  O X     
    O     
          
----------

White 2,3
----------
          
  X X     
  O X O   
    O     
          
----------

Black 1,3
----------
          
  X X X   
  O X O   
    O     
          
----------

White 2,0
----------
          
  X X X   
O O X O   
    O     
          
----------

Black 1,4
----------
          
  X X X X 
O O X O   
    O     
          
----------

White 3,1
----------
          
  X X X X 
O O X O   
  O O     
          
----------

Black 0,1
----------
  X       
  X X X X 
O O X O   
  O O     
          
----------

White 0,2
----------
  X O     
  X X X X 
O O X O   
  O O     
          
----------

Black 0,3
----------
  X   X   
  X X X X 
O O X O   
  O O     
          
----------

White 4,2
----------
  X   X   
  X X X X 
O O X O   
  O O     
    O     
----------

Black 2,4
----------
  X   X   
  X X X X 
O O X O X 
  O O     
    O     
----------

White 3,3
----------
  X   X   
  X X X X 
O O X O X 
  O O O   
    O     
----------

Black 3,4
----------
  X   X   
  X X X X 
O O X O X 
  O O O X 
    O     
----------

White 1,0
----------
  X   X   
O X X X X 
O O X O X 
  O O O X 
    O     
----------

Black 4,4
----------
  X   X   
O X X X X 
O O X O X 
  O O O X 
    O   X 
----------

White 3,0
----------
  X   X   
O X X X X 
O O X O X 
O O O O X 
    O   X 
----------

Black 0,0
----------
X X   X   
O X X X X 
O O X O X 
O O O O X 
    O   X 
----------

White 4,3
----------
X X   X   
O X X X X 
O O X O X 
O O O O X 
    O O X 
----------

Black 0,2
----------
X X X X   
O X X X X 
O O X O X 
O O O O X 
    O O X 
----------

White 0,4
----------
        O 
O         
O O   O   
O O O O   
    O O   
----------

Game end.
The winner is O
ta time: 27.71
student time: 3.88
Black(You) lose.
=====Round 9=====
Black:TA White:You
Wed Oct 28 21:52:49 PDT 2020
Clean up...
Start Playing...
Black 1,2
----------
          
    X     
          
          
          
----------

White 2,1
----------
          
    X     
  O       
          
          
----------

Black 2,2
----------
          
    X     
  O X     
          
          
----------

White 3,1
----------
          
    X     
  O X     
  O       
          
----------

Black 0,0
----------
X         
    X     
  O X     
  O       
          
----------

White 1,1
----------
X         
  O X     
  O X     
  O       
          
----------

Black 0,1
----------
X X       
  O X     
  O X     
  O       
          
----------

White 3,2
----------
X X       
  O X     
  O X     
  O O     
          
----------

Black 2,3
----------
X X       
  O X     
  O X X   
  O O     
          
----------

White 3,3
----------
X X       
  O X     
  O X X   
  O O O   
          
----------

Black 4,2
----------
X X       
  O X     
  O X X   
  O O O   
    X     
----------

White 3,4
----------
X X       
  O X     
  O X X   
  O O O O 
    X     
----------

Black 2,4
----------
X X       
  O X     
  O X X X 
  O O O O 
    X     
----------

White 3,0
----------
X X       
  O X     
  O X X X 
O O O O O 
    X     
----------

Black 2,0
----------
X X       
  O X     
X O X X X 
O O O O O 
    X     
----------

White 1,0
----------
X X       
O O X     
  O X X X 
O O O O O 
    X     
----------

Black 0,2
----------
X X X     
O O X     
  O X X X 
O O O O O 
    X     
----------

White 2,0
----------
X X X     
O O X     
O O X X X 
O O O O O 
    X     
----------

Black 1,3
----------
X X X     
O O X X   
O O X X X 
O O O O O 
    X     
----------

White 4,0
----------
X X X     
O O X X   
O O X X X 
O O O O O 
O   X     
----------

Black 4,1
----------
X X X     
O O X X   
O O X X X 
O O O O O 
O X X     
----------

White 4,3
----------
X X X     
O O X X   
O O X X X 
O O O O O 
O     O   
----------

Black 4,2
----------
X X X     
O O X X   
O O X X X 
O O O O O 
O   X O   
----------

White 0,4
----------
X X X   O 
O O X X   
O O X X X 
O O O O O 
O   X O   
----------

Game end.
The winner is O
ta time: 31.45
student time: 4.3
White(You) win!
=====Round 10=====
Black:You White:TA
Wed Oct 28 21:52:57 PDT 2020
Clean up...
Start Playing...
Black 2,2
----------
          
          
    X     
          
          
----------

White 2,1
----------
          
          
  O X     
          
          
----------

Black 1,2
----------
          
    X     
  O X     
          
          
----------

White 3,2
----------
          
    X     
  O X     
    O     
          
----------

Black 1,1
----------
          
  X X     
  O X     
    O     
          
----------

White 2,3
----------
          
  X X     
  O X O   
    O     
          
----------

Black 1,3
----------
          
  X X X   
  O X O   
    O     
          
----------

White 4,2
----------
          
  X X X   
  O X O   
    O     
    O     
----------

Black 1,0
----------
          
X X X X   
  O X O   
    O     
    O     
----------

White 3,3
----------
          
X X X X   
  O X O   
    O O   
    O     
----------

Black 1,4
----------
          
X X X X X 
  O X O   
    O O   
    O     
----------

White 3,1
----------
          
X X X X X 
  O X O   
  O O O   
    O     
----------

Black 2,0
----------
          
X X X X X 
X O X O   
  O O O   
    O     
----------

White 0,2
----------
    O     
X X X X X 
X O X O   
  O O O   
    O     
----------

Black 2,4
----------
    O     
X X X X X 
X O X O X 
  O O O   
    O     
----------

White 3,4
----------
    O     
X X X X X 
X O X O X 
  O O O O 
    O     
----------

Black 3,0
----------
    O     
X X X X X 
X O X O X 
X O O O O 
    O     
----------

White 4,3
----------
    O     
X X X X X 
X O X O X 
X O O O O 
    O O   
----------

Black 4,0
----------
    O     
X X X X X 
X O X O X 
X O O O O 
X   O O   
----------

White 0,1
----------
  O O     
X X X X X 
X O X O X 
X O O O O 
X   O O   
----------

Black 0,0
----------
X O O     
X X X X X 
X O X O X 
X O O O O 
X   O O   
----------

White 4,1
----------
X O O     
X X X X X 
X O X O X 
X O O O O 
X O O O   
----------

Black 4,4
----------
X O O     
X X X X X 
X   X   X 
X         
X       X 
----------

White 3,2
----------
X O O     
X X X X X 
X   X   X 
X   O     
X       X 
----------

Game end.
The winner is X
ta time: 34.75
student time: 4.8
Black(You) win!

==Playing with championship_player==
=====Round 1=====
Black:TA White:You
Wed Oct 28 21:53:05 PDT 2020
Clean up...
Start Playing...
Black 2,2
----------
          
          
    X     
          
          
----------

White 1,1
----------
          
  O       
    X     
          
          
----------

Black 1,2
----------
          
  O X     
    X     
          
          
----------

White 2,1
----------
          
  O X     
  O X     
          
          
----------

Black 3,1
----------
          
  O X     
  O X     
  X       
          
----------

White 0,1
----------
  O       
  O X     
  O X     
  X       
          
----------

Black 3,0
----------
  O       
  O X     
  O X     
X X       
          
----------

White 0,2
----------
  O O     
  O X     
  O X     
X X       
          
----------

Black 1,3
----------
  O O     
  O X X   
  O X     
X X       
          
----------

White 0,3
----------
  O O O   
  O X X   
  O X     
X X       
          
----------

Black 1,4
----------
  O O O   
  O X X X 
  O X     
X X       
          
----------

White 0,0
----------
O O O O   
  O X X X 
  O X     
X X       
          
----------

Black 2,0
----------
O O O O   
  O X X X 
X O X     
X X       
          
----------

White 3,3
----------
O O O O   
  O X X X 
X O X     
X X   O   
          
----------

Black 0,4
----------
O O O O X 
  O X X X 
X O X     
X X   O   
          
----------

White 2,3
----------
O O O O X 
  O X X X 
X O X O   
X X   O   
          
----------

Black 1,0
----------
        X 
X   X X X 
X   X O   
X X   O   
          
----------

White 3,2
----------
        X 
X   X X X 
X   X O   
X X O O   
          
----------

Black 2,1
----------
        X 
X   X X X 
X X X O   
X X O O   
          
----------

White 3,4
----------
        X 
X   X X X 
X X X O   
X X O O O 
          
----------

Black 4,2
----------
        X 
X   X X X 
X X X O   
X X O O O 
    X     
----------

White 2,4
----------
        X 
X   X X X 
X X X O O 
X X O O O 
    X     
----------

Black 4,3
----------
        X 
X   X X X 
X X X O O 
X X O O O 
    X X   
----------

White 0,1
----------
  O     X 
X   X X X 
X X X O O 
X X O O O 
    X X   
----------

Game end.
The winner is X
ta time: 66.22
student time: 5.31
White(You) lose.
=====Round 2=====
Black:You White:TA
Wed Oct 28 21:53:31 PDT 2020
Clean up...
Start Playing...
Black 2,2
----------
          
          
    X     
          
          
----------

White 1,2
----------
          
    O     
    X     
          
          
----------

Black 2,1
----------
          
    O     
  X X     
          
          
----------

White 1,3
----------
          
    O O   
  X X     
          
          
----------

Black 1,1
----------
          
  X O O   
  X X     
          
          
----------

White 2,3
----------
          
  X O O   
  X X O   
          
          
----------

Black 3,1
----------
          
  X O O   
  X X O   
  X       
          
----------

White 3,3
----------
          
  X O O   
  X X O   
  X   O   
          
----------

Black 0,1
----------
  X       
  X O O   
  X X O   
  X   O   
          
----------

White 0,2
----------
  X O     
  X O O   
  X X O   
  X   O   
          
----------

Black 3,2
----------
  X O     
  X O O   
  X X O   
  X X O   
          
----------

White 4,3
----------
  X O     
  X O O   
  X X O   
  X X O   
      O   
----------

Black 3,0
----------
  X O     
  X O O   
  X X O   
X X X O   
      O   
----------

White 2,4
----------
  X O     
  X O O   
  X X O O 
X X X O   
      O   
----------

Black 0,0
----------
X X O     
  X O O   
  X X O O 
X X X O   
      O   
----------

White 0,3
----------
X X O O   
  X O O   
  X X O O 
X X X O   
      O   
----------

Black 1,0
----------
X X O O   
X X O O   
  X X O O 
X X X O   
      O   
----------

White 3,4
----------
X X O O   
X X O O   
  X X O O 
X X X O O 
      O   
----------

Black 2,0
----------
X X O O   
X X O O   
X X X O O 
X X X O O 
      O   
----------

White 4,1
----------
X X O O   
X X O O   
X X X O O 
X X X O O 
  O   O   
----------

Black 4,0
----------
X X O O   
X X O O   
X X X O O 
X X X O O 
X O   O   
----------

White 4,2
----------
    O O   
    O O   
      O O 
      O O 
  O O O   
----------

Black 2,1
----------
    O O   
    O O   
  X   O O 
      O O 
  O O O   
----------

White 3,2
----------
    O O   
    O O   
  X   O O 
    O O O 
  O O O   
----------

Game end.
The winner is O
ta time: 102.98
student time: 5.82
Black(You) lose.
=====Round 3=====
Black:TA White:You
Wed Oct 28 21:53:58 PDT 2020
Clean up...
Start Playing...
Black 2,2
----------
          
          
    X     
          
          
----------

White 1,1
----------
          
  O       
    X     
          
          
----------

Black 2,1
----------
          
  O       
  X X     
          
          
----------

White 1,2
----------
          
  O O     
  X X     
          
          
----------

Black 1,3
----------
          
  O O X   
  X X     
          
          
----------

White 1,0
----------
          
O O O X   
  X X     
          
          
----------

Black 0,3
----------
      X   
O O O X   
  X X     
          
          
----------

White 2,0
----------
      X   
O O O X   
O X X     
          
          
----------

Black 3,1
----------
      X   
O O O X   
O X X     
  X       
          
----------

White 3,0
----------
      X   
O O O X   
O X X     
O X       
          
----------

Black 4,1
----------
      X   
O O O X   
O X X     
O X       
  X       
----------

White 0,0
----------
O     X   
O O O X   
O X X     
O X       
  X       
----------

Black 0,2
----------
O   X X   
O O O X   
O X X     
O X       
  X       
----------

White 3,3
----------
O   X X   
O O O X   
O X X     
O X   O   
  X       
----------

Black 4,0
----------
O   X X   
O O O X   
O X X     
O X   O   
X X       
----------

White 2,3
----------
O   X X   
O O O X   
O X X O   
O X   O   
X X       
----------

Black 0,1
----------
  X X X   
      X   
  X X O   
  X   O   
X X       
----------

White 3,2
----------
  X X X   
      X   
  X X O   
  X O O   
X X       
----------

Black 1,2
----------
  X X X   
    X X   
  X X O   
  X O O   
X X       
----------

White 2,4
----------
  X X X   
    X X   
  X X O O 
  X O O   
X X       
----------

Black 1,0
----------
  X X X   
X   X X   
  X X O O 
  X O O   
X X       
----------

White 1,4
----------
  X X X   
X   X X O 
  X X O O 
  X O O   
X X       
----------

Black 4,4
----------
  X X X   
X   X X O 
  X X O O 
  X O O   
X X     X 
----------

White 0,4
----------
  X X X O 
X   X X O 
  X X O O 
  X O O   
X X     X 
----------

Game end.
The winner is X
ta time: 144.25
student time: 6.32
White(You) lose.
=====Round 4=====
Black:You White:TA
Wed Oct 28 21:54:25 PDT 2020
Clean up...
Start Playing...
Black 2,2
----------
          
          
    X     
          
          
----------

White 2,1
----------
          
          
  O X     
          
          
----------

Black 1,2
----------
          
    X     
  O X     
          
          
----------

White 3,1
----------
          
    X     
  O X     
  O       
          
----------

Black 1,1
----------
          
  X X     
  O X     
  O       
          
----------

White 3,2
----------
          
  X X     
  O X     
  O O     
          
----------

Black 1,3
----------
          
  X X X   
  O X     
  O O     
          
----------

White 3,3
----------
          
  X X X   
  O X     
  O O O   
          
----------

Black 1,0
----------
          
X X X X   
  O X     
  O O O   
          
----------

White 2,0
----------
          
X X X X   
O O X     
  O O O   
          
----------

Black 1,4
----------
          
X X X X X 
O O X     
  O O O   
          
----------

White 3,4
----------
          
X X X X X 
O O X     
  O O O O 
          
----------

Black 2,3
----------
          
X X X X X 
O O X X   
  O O O O 
          
----------

White 4,1
----------
          
X X X X X 
O O X X   
  O O O O 
  O       
----------

Black 0,0
----------
X         
X X X X X 
O O X X   
  O O O O 
  O       
----------

White 4,3
----------
X         
X X X X X 
O O X X   
  O O O O 
  O   O   
----------

Black 0,1
----------
X X       
X X X X X 
O O X X   
  O O O O 
  O   O   
----------

White 4,0
----------
X X       
X X X X X 
O O X X   
  O O O O 
O O   O   
----------

Black 0,2
----------
X X X     
X X X X X 
O O X X   
  O O O O 
O O   O   
----------

White 2,4
----------
X X X     
X X X X X 
O O X X O 
  O O O O 
O O   O   
----------

Black 0,3
----------
X X X X   
X X X X X 
O O X X O 
  O O O O 
O O   O   
----------

White 0,4
----------
        O 
          
O O     O 
  O O O O 
O O   O   
----------

Black 1,2
----------
        O 
    X     
O O     O 
  O O O O 
O O   O   
----------

White 0,3
----------
      O O 
    X     
O O     O 
  O O O O 
O O   O   
----------

Game end.
The winner is O
ta time: 181.85
student time: 6.81
Black(You) lose.
=====Round 5=====
Black:TA White:You
Wed Oct 28 21:54:52 PDT 2020
Clean up...
Start Playing...
Black 2,2
----------
          
          
    X     
          
          
----------

White 1,1
----------
          
  O       
    X     
          
          
----------

Black 2,1
----------
          
  O       
  X X     
          
          
----------

White 1,2
----------
          
  O O     
  X X     
          
          
----------

Black 1,3
----------
          
  O O X   
  X X     
          
          
----------

White 1,0
----------
          
O O O X   
  X X     
          
          
----------

Black 0,3
----------
      X   
O O O X   
  X X     
          
          
----------

White 2,0
----------
      X   
O O O X   
O X X     
          
          
----------

Black 3,1
----------
      X   
O O O X   
O X X     
  X       
          
----------

White 3,0
----------
      X   
O O O X   
O X X     
O X       
          
----------

Black 4,1
----------
      X   
O O O X   
O X X     
O X       
  X       
----------

White 0,0
----------
O     X   
O O O X   
O X X     
O X       
  X       
----------

Black 0,2
----------
O   X X   
O O O X   
O X X     
O X       
  X       
----------

White 3,3
----------
O   X X   
O O O X   
O X X     
O X   O   
  X       
----------

Black 4,0
----------
O   X X   
O O O X   
O X X     
O X   O   
X X       
----------

White 2,3
----------
O   X X   
O O O X   
O X X O   
O X   O   
X X       
----------

Black 0,1
----------
  X X X   
      X   
  X X O   
  X   O   
X X       
----------

White 3,2
----------
  X X X   
      X   
  X X O   
  X O O   
X X       
----------

Black 4,2
----------
  X X X   
      X   
  X X O   
  X O O   
X X X     
----------

White 2,4
----------
  X X X   
      X   
  X X O O 
  X O O   
X X X     
----------

Black 1,2
----------
  X X X   
    X X   
  X X O O 
  X O O   
X X X     
----------

White 1,4
----------
  X X X   
    X X O 
  X X O O 
  X O O   
X X X     
----------

Black 0,0
----------
X X X X   
    X X O 
  X X O O 
  X O O   
X X X     
----------

White 3,4
----------
X X X X   
    X X O 
  X X O O 
  X O O O 
X X X     
----------

Game end.
The winner is X
ta time: 219.39
student time: 7.13
White(You) lose.
=====Round 6=====
Black:You White:TA
Wed Oct 28 21:55:19 PDT 2020
Clean up...
Start Playing...
Black 2,2
----------
          
          
    X     
          
          
----------

White 1,1
----------
          
  O       
    X     
          
          
----------

Black 2,3
----------
          
  O       
    X X   
          
          
----------

White 1,2
----------
          
  O O     
    X X   
          
          
----------

Black 1,3
----------
          
  O O X   
    X X   
          
          
----------

White 2,1
----------
          
  O O X   
  O X X   
          
          
----------

Black 3,2
----------
          
  O O X   
  O X X   
    X     
          
----------

White 3,1
----------
          
  O O X   
  O X X   
  O X     
          
----------

Black 3,3
----------
          
  O O X   
  O X X   
  O X X   
          
----------

White 4,2
----------
          
  O O X   
  O X X   
  O X X   
    O     
----------

Black 0,3
----------
      X   
  O O X   
  O X X   
  O X X   
    O     
----------

White 4,1
----------
      X   
  O O X   
  O X X   
  O X X   
  O O     
----------

Black 0,2
----------
    X X   
  O O X   
  O X X   
  O X X   
  O O     
----------

White 0,1
----------
  O X X   
  O O X   
  O X X   
  O X X   
  O O     
----------

Black 3,4
----------
  O X X   
  O O X   
  O X X   
  O X X X 
  O O     
----------

White 4,3
----------
  O X X   
  O O X   
  O X X   
  O X X X 
  O O O   
----------

Black 0,4
----------
  O X X X 
  O O X   
  O X X   
  O X X X 
  O O O   
----------

White 2,0
----------
  O X X X 
  O O X   
O O X X   
  O X X X 
  O O O   
----------

Black 1,4
----------
  O X X X 
  O O X X 
O O X X   
  O X X X 
  O O O   
----------

White 0,0
----------
O O X X X 
  O O X X 
O O X X   
  O X X X 
  O O O   
----------

Black 2,4
----------
O O X X X 
  O O X X 
O O X X X 
  O X X X 
  O O O   
----------

White 4,0
----------
O O X X X 
  O O X X 
O O X X X 
  O X X X 
O O O O   
----------

Black PASS
----------
O O X X X 
  O O X X 
O O X X X 
  O X X X 
O O O O   
----------

White 3,0
----------
O O X X X 
  O O X X 
O O X X X 
O O X X X 
O O O O   
----------

Game end.
The winner is O
ta time: 256.44
student time: 7.67
Black(You) lose.
=====Round 7=====
Black:TA White:You
Wed Oct 28 21:55:46 PDT 2020
Clean up...
Start Playing...
Black 2,2
----------
          
          
    X     
          
          
----------

White 1,1
----------
          
  O       
    X     
          
          
----------

Black 2,1
----------
          
  O       
  X X     
          
          
----------

White 1,2
----------
          
  O O     
  X X     
          
          
----------

Black 1,3
----------
          
  O O X   
  X X     
          
          
----------

White 1,0
----------
          
O O O X   
  X X     
          
          
----------

Black 0,3
----------
      X   
O O O X   
  X X     
          
          
----------

White 2,0
----------
      X   
O O O X   
O X X     
          
          
----------

Black 3,1
----------
      X   
O O O X   
O X X     
  X       
          
----------

White 3,0
----------
      X   
O O O X   
O X X     
O X       
          
----------

Black 4,1
----------
      X   
O O O X   
O X X     
O X       
  X       
----------

White 0,0
----------
O     X   
O O O X   
O X X     
O X       
  X       
----------

Black 0,2
----------
O   X X   
O O O X   
O X X     
O X       
  X       
----------

White 3,3
----------
O   X X   
O O O X   
O X X     
O X   O   
  X       
----------

Black 4,0
----------
O   X X   
O O O X   
O X X     
O X   O   
X X       
----------

White 2,3
----------
O   X X   
O O O X   
O X X O   
O X   O   
X X       
----------

Black 0,1
----------
  X X X   
      X   
  X X O   
  X   O   
X X       
----------

White 3,2
----------
  X X X   
      X   
  X X O   
  X O O   
X X       
----------

Black 4,2
----------
  X X X   
      X   
  X X O   
  X O O   
X X X     
----------

White 2,4
----------
  X X X   
      X   
  X X O O 
  X O O   
X X X     
----------

Black 4,3
----------
  X X X   
      X   
  X X O O 
  X O O   
X X X X   
----------

White 1,4
----------
  X X X   
      X O 
  X X O O 
  X O O   
X X X X   
----------

Black 3,4
----------
  X X X   
      X O 
  X X O O 
  X O O X 
X X X X   
----------

White 1,0
----------
  X X X   
O     X O 
  X X O O 
  X O O X 
X X X X   
----------

Game end.
The winner is X
ta time: 292.25
student time: 8.02
White(You) lose.
=====Round 8=====
Black:You White:TA
Wed Oct 28 21:56:13 PDT 2020
Clean up...
Start Playing...
Black 2,2
----------
          
          
    X     
          
          
----------

White 1,2
----------
          
    O     
    X     
          
          
----------

Black 2,1
----------
          
    O     
  X X     
          
          
----------

White 1,3
----------
          
    O O   
  X X     
          
          
----------

Black 1,1
----------
          
  X O O   
  X X     
          
          
----------

White 2,3
----------
          
  X O O   
  X X O   
          
          
----------

Black 3,1
----------
          
  X O O   
  X X O   
  X       
          
----------

White 3,3
----------
          
  X O O   
  X X O   
  X   O   
          
----------

Black 0,1
----------
  X       
  X O O   
  X X O   
  X   O   
          
----------

White 0,2
----------
  X O     
  X O O   
  X X O   
  X   O   
          
----------

Black 3,2
----------
  X O     
  X O O   
  X X O   
  X X O   
          
----------

White 4,3
----------
  X O     
  X O O   
  X X O   
  X X O   
      O   
----------

Black 3,0
----------
  X O     
  X O O   
  X X O   
X X X O   
      O   
----------

White 2,4
----------
  X O     
  X O O   
  X X O O 
X X X O   
      O   
----------

Black 0,0
----------
X X O     
  X O O   
  X X O O 
X X X O   
      O   
----------

White 1,4
----------
X X O     
  X O O O 
  X X O O 
X X X O   
      O   
----------

Black 1,0
----------
X X O     
X X O O O 
  X X O O 
X X X O   
      O   
----------

White 4,4
----------
X X O     
X X O O O 
  X X O O 
X X X O   
      O O 
----------

Black 2,0
----------
X X O     
X X O O O 
X X X O O 
X X X O   
      O O 
----------

White 4,1
----------
X X O     
X X O O O 
X X X O O 
X X X O   
  O   O O 
----------

Black 4,0
----------
X X O     
X X O O O 
X X X O O 
X X X O   
X O   O O 
----------

White 4,2
----------
    O     
    O O O 
      O O 
      O   
  O O O O 
----------

Black 2,1
----------
    O     
    O O O 
  X   O O 
      O   
  O O O O 
----------

White 2,2
----------
    O     
    O O O 
  X O O O 
      O   
  O O O O 
----------

Game end.
The winner is O
ta time: 329.44
student time: 8.39
Black(You) lose.
=====Round 9=====
Black:TA White:You
Wed Oct 28 21:56:40 PDT 2020
Clean up...
Start Playing...
Black 2,2
----------
          
          
    X     
          
          
----------

White 1,1
----------
          
  O       
    X     
          
          
----------

Black 2,1
----------
          
  O       
  X X     
          
          
----------

White 1,2
----------
          
  O O     
  X X     
          
          
----------

Black 1,3
----------
          
  O O X   
  X X     
          
          
----------

White 1,0
----------
          
O O O X   
  X X     
          
          
----------

Black 0,3
----------
      X   
O O O X   
  X X     
          
          
----------

White 2,0
----------
      X   
O O O X   
O X X     
          
          
----------

Black 3,1
----------
      X   
O O O X   
O X X     
  X       
          
----------

White 3,0
----------
      X   
O O O X   
O X X     
O X       
          
----------

Black 4,1
----------
      X   
O O O X   
O X X     
O X       
  X       
----------

White 0,0
----------
O     X   
O O O X   
O X X     
O X       
  X       
----------

Black 0,2
----------
O   X X   
O O O X   
O X X     
O X       
  X       
----------

White 3,3
----------
O   X X   
O O O X   
O X X     
O X   O   
  X       
----------

Black 4,0
----------
O   X X   
O O O X   
O X X     
O X   O   
X X       
----------

White 2,3
----------
O   X X   
O O O X   
O X X O   
O X   O   
X X       
----------

Black 0,1
----------
  X X X   
      X   
  X X O   
  X   O   
X X       
----------

White 3,2
----------
  X X X   
      X   
  X X O   
  X O O   
X X       
----------

Black 2,4
----------
  X X X   
      X   
  X X O X 
  X O O   
X X       
----------

White 3,4
----------
  X X X   
      X   
  X X O X 
  X O O O 
X X       
----------

Black 1,4
----------
  X X X   
      X X 
  X X O X 
  X O O O 
X X       
----------

White 4,2
----------
  X X X   
      X X 
  X X O X 
  X O O O 
X X O     
----------

Black 0,0
----------
X X X X   
      X X 
  X X O X 
  X O O O 
X X O     
----------

White 1,1
----------
X X X X   
  O   X X 
  X X O X 
  X O O O 
X X O     
----------

Game end.
The winner is X
ta time: 367.67
student time: 8.78
White(You) lose.
=====Round 10=====
Black:You White:TA
Wed Oct 28 21:57:06 PDT 2020
Clean up...
Start Playing...
Black 2,2
----------
          
          
    X     
          
          
----------

White 1,1
----------
          
  O       
    X     
          
          
----------

Black 2,3
----------
          
  O       
    X X   
          
          
----------

White 1,2
----------
          
  O O     
    X X   
          
          
----------

Black 1,3
----------
          
  O O X   
    X X   
          
          
----------

White 2,1
----------
          
  O O X   
  O X X   
          
          
----------

Black 3,2
----------
          
  O O X   
  O X X   
    X     
          
----------

White 3,1
----------
          
  O O X   
  O X X   
  O X     
          
----------

Black 3,3
----------
          
  O O X   
  O X X   
  O X X   
          
----------

White 4,2
----------
          
  O O X   
  O X X   
  O X X   
    O     
----------

Black 0,3
----------
      X   
  O O X   
  O X X   
  O X X   
    O     
----------

White 4,1
----------
      X   
  O O X   
  O X X   
  O X X   
  O O     
----------

Black 0,2
----------
    X X   
  O O X   
  O X X   
  O X X   
  O O     
----------

White 0,1
----------
  O X X   
  O O X   
  O X X   
  O X X   
  O O     
----------

Black 3,4
----------
  O X X   
  O O X   
  O X X   
  O X X X 
  O O     
----------

White 4,3
----------
  O X X   
  O O X   
  O X X   
  O X X X 
  O O O   
----------

Black 0,4
----------
  O X X X 
  O O X   
  O X X   
  O X X X 
  O O O   
----------

White 2,0
----------
  O X X X 
  O O X   
O O X X   
  O X X X 
  O O O   
----------

Black 1,4
----------
  O X X X 
  O O X X 
O O X X   
  O X X X 
  O O O   
----------

White 4,4
----------
  O X X X 
  O O X X 
O O X X   
  O X X X 
  O O O O 
----------

Black 0,0
----------
X O X X X 
  O O X X 
O O X X   
  O X X X 
  O O O O 
----------

White 2,4
----------
X O       
  O O     
O O     O 
  O       
  O O O O 
----------

Black 1,3
----------
X O       
  O O X   
O O     O 
  O       
  O O O O 
----------

White 1,0
----------
  O       
O O O X   
O O     O 
  O       
  O O O O 
----------

Game end.
The winner is O
ta time: 404.66
student time: 9.11
Black(You) lose.
