Wed Oct 28 00:05:06 PDT 2020

==Playing with qlearning_player==
=====Round 1=====
Black:TA White:You
Wed Oct 28 00:05:06 PDT 2020
Clean up...
Start Playing...
Black 1,2
----------
          
    X     
          
          
          
----------

White 2,1
----------
          
    X     
  O       
          
          
----------

Black 2,2
----------
          
    X     
  O X     
          
          
----------

White 3,1
----------
          
    X     
  O X     
  O       
          
----------

Black 0,0
----------
X         
    X     
  O X     
  O       
          
----------

White 0,1
----------
X O       
    X     
  O X     
  O       
          
----------

Black 2,3
----------
X O       
    X     
  O X X   
  O       
          
----------

White 1,0
----------
  O       
O   X     
  O X X   
  O       
          
----------

Black 0,2
----------
  O X     
O   X     
  O X X   
  O       
          
----------

White 3,2
----------
  O X     
O   X     
  O X X   
  O O     
          
----------

Black 0,3
----------
  O X X   
O   X     
  O X X   
  O O     
          
----------

White 3,3
----------
  O X X   
O   X     
  O X X   
  O O O   
          
----------

Black 0,4
----------
  O X X X 
O   X     
  O X X   
  O O O   
          
----------

White 3,4
----------
  O X X X 
O   X     
  O X X   
  O O O O 
          
----------

Black 2,0
----------
  O X X X 
O   X     
X O X X   
  O O O O 
          
----------

White 3,0
----------
  O X X X 
O   X     
  O X X   
O O O O O 
          
----------

Black 1,1
----------
  O X X X 
O X X     
  O X X   
O O O O O 
          
----------

White 2,4
----------
  O X X X 
O X X     
  O X X O 
O O O O O 
          
----------

Black 0,0
----------
X   X X X 
O X X     
  O X X O 
O O O O O 
          
----------

White 1,4
----------
X   X X X 
O X X   O 
  O X X O 
O O O O O 
          
----------

Black 2,0
----------
X   X X X 
  X X   O 
X O X X O 
O O O O O 
          
----------

White 1,3
----------
X   X X X 
  X X O O 
X O X X O 
O O O O O 
          
----------

Black 4,2
----------
X   X X X 
  X X O O 
X O X X O 
O O O O O 
    X     
----------

White 1,0
----------
X   X X X 
O X X O O 
  O X X O 
O O O O O 
    X     
----------

Game end.
The winner is O
ta time: 3.56
student time: 0.48
White(You) win!
=====Round 2=====
Black:You White:TA
Wed Oct 28 00:05:16 PDT 2020
Clean up...
Start Playing...
Black 2,2
----------
          
          
    X     
          
          
----------

White 2,1
----------
          
          
  O X     
          
          
----------

Black 1,2
----------
          
    X     
  O X     
          
          
----------

White 3,2
----------
          
    X     
  O X     
    O     
          
----------

Black 1,1
----------
          
  X X     
  O X     
    O     
          
----------

White 2,3
----------
          
  X X     
  O X O   
    O     
          
----------

Black 3,1
----------
          
  X X     
  O X O   
  X O     
          
----------

White 3,3
----------
          
  X X     
  O X O   
  X O O   
          
----------

Black 2,0
----------
          
  X X     
X   X O   
  X O O   
          
----------

White 0,2
----------
    O     
  X X     
X   X O   
  X O O   
          
----------

Black 0,1
----------
  X O     
  X X     
X   X O   
  X O O   
          
----------

White 1,3
----------
  X O     
  X X O   
X   X O   
  X O O   
          
----------

Black 0,3
----------
  X   X   
  X X O   
X   X O   
  X O O   
          
----------

White 2,4
----------
  X   X   
  X X O   
X   X O O 
  X O O   
          
----------

Black 4,1
----------
  X   X   
  X X O   
X   X O O 
  X O O   
  X       
----------

White 4,2
----------
  X   X   
  X X O   
X   X O O 
  X O O   
  X O     
----------

Black 0,4
----------
  X   X X 
  X X O   
X   X O O 
  X O O   
  X O     
----------

White 4,3
----------
  X   X X 
  X X O   
X   X O O 
  X O O   
  X O O   
----------

Black 2,1
----------
  X   X X 
  X X O   
X X X O O 
  X O O   
  X O O   
----------

White 3,4
----------
  X   X X 
  X X O   
X X X O O 
  X O O O 
  X O O   
----------

Black 1,4
----------
  X   X X 
  X X O X 
X X X O O 
  X O O O 
  X O O   
----------

White 0,2
----------
  X O     
  X X O   
X X X O O 
  X O O O 
  X O O   
----------

Black 0,3
----------
  X   X   
  X X O   
X X X O O 
  X O O O 
  X O O   
----------

White 3,0
----------
  X   X   
  X X O   
X X X O O 
O X O O O 
  X O O   
----------

Game end.
The winner is O
ta time: 6.97
student time: 0.94
Black(You) lose.
=====Round 3=====
Black:TA White:You
Wed Oct 28 00:05:27 PDT 2020
Clean up...
Start Playing...
Black 1,2
----------
          
    X     
          
          
          
----------

White 2,1
----------
          
    X     
  O       
          
          
----------

Black 2,2
----------
          
    X     
  O X     
          
          
----------

White 3,1
----------
          
    X     
  O X     
  O       
          
----------

Black 0,0
----------
X         
    X     
  O X     
  O       
          
----------

White 0,1
----------
X O       
    X     
  O X     
  O       
          
----------

Black 2,3
----------
X O       
    X     
  O X X   
  O       
          
----------

White 1,0
----------
  O       
O   X     
  O X X   
  O       
          
----------

Black 0,2
----------
  O X     
O   X     
  O X X   
  O       
          
----------

White 3,2
----------
  O X     
O   X     
  O X X   
  O O     
          
----------

Black 0,3
----------
  O X X   
O   X     
  O X X   
  O O     
          
----------

White 3,3
----------
  O X X   
O   X     
  O X X   
  O O O   
          
----------

Black 0,4
----------
  O X X X 
O   X     
  O X X   
  O O O   
          
----------

White 3,4
----------
  O X X X 
O   X     
  O X X   
  O O O O 
          
----------

Black 2,4
----------
  O X X X 
O   X     
  O X X X 
  O O O O 
          
----------

White 1,1
----------
  O X X X 
O O X     
  O X X X 
  O O O O 
          
----------

Black 1,3
----------
  O X X X 
O O X X   
  O X X X 
  O O O O 
          
----------

White 1,4
----------
  O       
O O     O 
  O       
  O O O O 
          
----------

Black 2,2
----------
  O       
O O     O 
  O X     
  O O O O 
          
----------

White 1,2
----------
  O       
O O O   O 
  O X     
  O O O O 
          
----------

Black 2,3
----------
  O       
O O O   O 
  O X X   
  O O O O 
          
----------

White 1,3
----------
  O       
O O O O O 
  O X X   
  O O O O 
          
----------

Black 2,0
----------
  O       
O O O O O 
X O X X   
  O O O O 
          
----------

White 2,4
----------
  O       
O O O O O 
X O     O 
  O O O O 
          
----------

Game end.
The winner is O
ta time: 10.64
student time: 1.47
White(You) win!
=====Round 4=====
Black:You White:TA
Wed Oct 28 00:05:35 PDT 2020
Clean up...
Start Playing...
Black 2,2
----------
          
          
    X     
          
          
----------

White 2,1
----------
          
          
  O X     
          
          
----------

Black 1,2
----------
          
    X     
  O X     
          
          
----------

White 3,2
----------
          
    X     
  O X     
    O     
          
----------

Black 1,1
----------
          
  X X     
  O X     
    O     
          
----------

White 2,3
----------
          
  X X     
  O X O   
    O     
          
----------

Black 3,1
----------
          
  X X     
  O X O   
  X O     
          
----------

White 1,3
----------
          
  X X O   
  O X O   
  X O     
          
----------

Black 2,0
----------
          
  X X O   
X   X O   
  X O     
          
----------

White 2,4
----------
          
  X X O   
X   X O O 
  X O     
          
----------

Black 3,3
----------
          
  X X O   
X   X O O 
  X O X   
          
----------

White 0,2
----------
    O     
  X X O   
X   X O O 
  X O X   
          
----------

Black 4,2
----------
    O     
  X X O   
X   X O O 
  X   X   
    X     
----------

White 0,3
----------
    O O   
  X X O   
X   X O O 
  X   X   
    X     
----------

Black 0,1
----------
  X O O   
  X X O   
X   X O O 
  X   X   
    X     
----------

White 1,0
----------
  X O O   
O X X O   
X   X O O 
  X   X   
    X     
----------

Black 0,0
----------
X X O O   
  X X O   
X   X O O 
  X   X   
    X     
----------

White 4,3
----------
X X O O   
  X X O   
X   X O O 
  X   X   
    X O   
----------

Black 4,4
----------
X X O O   
  X X O   
X   X O O 
  X   X   
    X   X 
----------

White 3,0
----------
X X O O   
  X X O   
X   X O O 
O X   X   
    X   X 
----------

Black 4,0
----------
X X O O   
  X X O   
X   X O O 
  X   X   
X   X   X 
----------

White 3,4
----------
X X O O   
  X X O   
X   X O O 
  X   X O 
X   X   X 
----------

Black 0,4
----------
X X O O X 
  X X O   
X   X O O 
  X   X O 
X   X   X 
----------

White 4,3
----------
X X O O X 
  X X O   
X   X O O 
  X   X O 
X   X O   
----------

Game end.
The winner is X
ta time: 13.7
student time: 1.91
Black(You) win!
=====Round 5=====
Black:TA White:You
Wed Oct 28 00:05:42 PDT 2020
Clean up...
Start Playing...
Black 1,2
----------
          
    X     
          
          
          
----------

White 2,1
----------
          
    X     
  O       
          
          
----------

Black 2,2
----------
          
    X     
  O X     
          
          
----------

White 3,1
----------
          
    X     
  O X     
  O       
          
----------

Black 0,0
----------
X         
    X     
  O X     
  O       
          
----------

White 0,1
----------
X O       
    X     
  O X     
  O       
          
----------

Black 3,2
----------
X O       
    X     
  O X     
  O X     
          
----------

White 1,0
----------
  O       
O   X     
  O X     
  O X     
          
----------

Black 0,2
----------
  O X     
O   X     
  O X     
  O X     
          
----------

White 4,1
----------
  O X     
O   X     
  O X     
  O X     
  O       
----------

Black 2,3
----------
  O X     
O   X     
  O X X   
  O X     
  O       
----------

White 4,2
----------
  O X     
O   X     
  O X X   
  O X     
  O O     
----------

Black 2,0
----------
  O X     
O   X     
X O X X   
  O X     
  O O     
----------

White 3,0
----------
  O X     
O   X     
  O X X   
O O X     
  O O     
----------

Black 3,3
----------
  O X     
O   X     
  O X X   
O O X X   
  O O     
----------

White 1,1
----------
  O X     
O O X     
  O X X   
O O X X   
  O O     
----------

Black 2,4
----------
  O X     
O O X     
  O X X X 
O O X X   
  O O     
----------

White 4,3
----------
  O X     
O O X     
  O X X X 
O O X X   
  O O O   
----------

Black 1,3
----------
  O X     
O O X X   
  O X X X 
O O X X   
  O O O   
----------

White 4,4
----------
  O X     
O O X X   
  O X X X 
O O X X   
  O O O O 
----------

Black 1,4
----------
  O X     
O O X X X 
  O X X X 
O O X X   
  O O O O 
----------

White 0,0
----------
O O X     
O O X X X 
  O X X X 
O O X X   
  O O O O 
----------

Black 0,3
----------
O O X X   
O O X X X 
  O X X X 
O O X X   
  O O O O 
----------

White 3,4
----------
O O X X   
O O X X X 
  O X X X 
O O X X O 
  O O O O 
----------

Game end.
The winner is O
ta time: 17.23
student time: 2.41
White(You) win!
=====Round 6=====
Black:You White:TA
Wed Oct 28 00:05:50 PDT 2020
Clean up...
Start Playing...
Black 2,2
----------
          
          
    X     
          
          
----------

White 2,1
----------
          
          
  O X     
          
          
----------

Black 1,2
----------
          
    X     
  O X     
          
          
----------

White 3,2
----------
          
    X     
  O X     
    O     
          
----------

Black 1,1
----------
          
  X X     
  O X     
    O     
          
----------

White 2,3
----------
          
  X X     
  O X O   
    O     
          
----------

Black 3,1
----------
          
  X X     
  O X O   
  X O     
          
----------

White 2,4
----------
          
  X X     
  O X O O 
  X O     
          
----------

Black 2,0
----------
          
  X X     
X   X O O 
  X O     
          
----------

White 3,3
----------
          
  X X     
X   X O O 
  X O O   
          
----------

Black 1,3
----------
          
  X X X   
X   X O O 
  X O O   
          
----------

White 0,2
----------
    O     
  X X X   
X   X O O 
  X O O   
          
----------

Black 0,1
----------
  X O     
  X X X   
X   X O O 
  X O O   
          
----------

White 4,2
----------
  X O     
  X X X   
X   X O O 
  X O O   
    O     
----------

Black 0,3
----------
  X   X   
  X X X   
X   X O O 
  X O O   
    O     
----------

White 4,1
----------
  X   X   
  X X X   
X   X O O 
  X O O   
  O O     
----------

Black 2,1
----------
  X   X   
  X X X   
X X X O O 
  X O O   
  O O     
----------

White 1,4
----------
  X   X   
  X X X O 
X X X O O 
  X O O   
  O O     
----------

Black 3,0
----------
  X   X   
  X X X O 
X X X O O 
X X O O   
  O O     
----------

White 3,4
----------
  X   X   
  X X X O 
X X X O O 
X X O O O 
  O O     
----------

Black 0,0
----------
X X   X   
  X X X O 
X X X O O 
X X O O O 
  O O     
----------

White 4,3
----------
X X   X   
  X X X O 
X X X O O 
X X O O O 
  O O O   
----------

Black 0,2
----------
X X X X   
  X X X O 
X X X O O 
X X O O O 
  O O O   
----------

White 4,4
----------
X X X X   
  X X X O 
X X X O O 
X X O O O 
  O O O O 
----------

Game end.
The winner is O
ta time: 20.56
student time: 2.9
Black(You) lose.
=====Round 7=====
Black:TA White:You
Wed Oct 28 00:05:57 PDT 2020
Clean up...
Start Playing...
Black 1,2
----------
          
    X     
          
          
          
----------

White 2,1
----------
          
    X     
  O       
          
          
----------

Black 2,2
----------
          
    X     
  O X     
          
          
----------

White 3,1
----------
          
    X     
  O X     
  O       
          
----------

Black 0,0
----------
X         
    X     
  O X     
  O       
          
----------

White 0,1
----------
X O       
    X     
  O X     
  O       
          
----------

Black 3,2
----------
X O       
    X     
  O X     
  O X     
          
----------

White 1,0
----------
  O       
O   X     
  O X     
  O X     
          
----------

Black 0,2
----------
  O X     
O   X     
  O X     
  O X     
          
----------

White 4,1
----------
  O X     
O   X     
  O X     
  O X     
  O       
----------

Black 2,3
----------
  O X     
O   X     
  O X X   
  O X     
  O       
----------

White 4,2
----------
  O X     
O   X     
  O X X   
  O X     
  O O     
----------

Black 1,3
----------
  O X     
O   X X   
  O X X   
  O X     
  O O     
----------

White 4,3
----------
  O X     
O   X X   
  O X X   
  O X     
  O O O   
----------

Black 1,1
----------
  O X     
O X X X   
  O X X   
  O X     
  O O O   
----------

White 3,3
----------
  O X     
O X X X   
  O X X   
  O X O   
  O O O   
----------

Black 0,0
----------
X   X     
O X X X   
  O X X   
  O X O   
  O O O   
----------

White 3,4
----------
X   X     
O X X X   
  O X X   
  O X O O 
  O O O   
----------

Black 2,0
----------
X   X     
  X X X   
X O X X   
  O X O O 
  O O O   
----------

White 3,0
----------
X   X     
  X X X   
X O X X   
O O X O O 
  O O O   
----------

Black 2,4
----------
X   X     
  X X X   
X O X X X 
O O X O O 
  O O O   
----------

White 1,0
----------
X   X     
O X X X   
  O X X X 
O O X O O 
  O O O   
----------

Black 0,3
----------
X   X X   
O X X X   
  O X X X 
O O X O O 
  O O O   
----------

White 0,1
----------
  O X X   
O X X X   
  O X X X 
O O X O O 
  O O O   
----------

Game end.
The winner is O
ta time: 24.16
student time: 3.42
White(You) win!
=====Round 8=====
Black:You White:TA
Wed Oct 28 00:06:06 PDT 2020
Clean up...
Start Playing...
Black 2,2
----------
          
          
    X     
          
          
----------

White 2,1
----------
          
          
  O X     
          
          
----------

Black 1,2
----------
          
    X     
  O X     
          
          
----------

White 3,2
----------
          
    X     
  O X     
    O     
          
----------

Black 1,1
----------
          
  X X     
  O X     
    O     
          
----------

White 2,3
----------
          
  X X     
  O X O   
    O     
          
----------

Black 3,1
----------
          
  X X     
  O X O   
  X O     
          
----------

White 2,4
----------
          
  X X     
  O X O O 
  X O     
          
----------

Black 2,0
----------
          
  X X     
X   X O O 
  X O     
          
----------

White 1,3
----------
          
  X X O   
X   X O O 
  X O     
          
----------

Black 3,3
----------
          
  X X O   
X   X O O 
  X O X   
          
----------

White 0,2
----------
    O     
  X X O   
X   X O O 
  X O X   
          
----------

Black 4,2
----------
    O     
  X X O   
X   X O O 
  X   X   
    X     
----------

White 3,0
----------
    O     
  X X O   
X   X O O 
O X   X   
    X     
----------

Black 4,0
----------
    O     
  X X O   
X   X O O 
  X   X   
X   X     
----------

White 1,4
----------
    O     
  X X O O 
X   X O O 
  X   X   
X   X     
----------

Black 0,1
----------
  X O     
  X X O O 
X   X O O 
  X   X   
X   X     
----------

White 0,3
----------
  X O O   
  X X O O 
X   X O O 
  X   X   
X   X     
----------

Black 3,4
----------
  X O O   
  X X O O 
X   X O O 
  X   X X 
X   X     
----------

White 1,0
----------
  X O O   
O X X O O 
X   X O O 
  X   X X 
X   X     
----------

Black 0,4
----------
  X     X 
O X X     
X   X     
  X   X X 
X   X     
----------

White 2,3
----------
  X     X 
O X X     
X   X O   
  X   X X 
X   X     
----------

Black 0,0
----------
X X     X 
  X X     
X   X O   
  X   X X 
X   X     
----------

White 1,3
----------
X X     X 
  X X O   
X   X O   
  X   X X 
X   X     
----------

Game end.
The winner is X
ta time: 27.57
student time: 3.89
Black(You) win!
=====Round 9=====
Black:TA White:You
Wed Oct 28 00:06:14 PDT 2020
Clean up...
Start Playing...
Black 1,2
----------
          
    X     
          
          
          
----------

White 2,1
----------
          
    X     
  O       
          
          
----------

Black 2,2
----------
          
    X     
  O X     
          
          
----------

White 3,1
----------
          
    X     
  O X     
  O       
          
----------

Black 0,0
----------
X         
    X     
  O X     
  O       
          
----------

White 0,1
----------
X O       
    X     
  O X     
  O       
          
----------

Black 2,3
----------
X O       
    X     
  O X X   
  O       
          
----------

White 1,0
----------
  O       
O   X     
  O X X   
  O       
          
----------

Black 0,2
----------
  O X     
O   X     
  O X X   
  O       
          
----------

White 3,2
----------
  O X     
O   X     
  O X X   
  O O     
          
----------

Black 0,3
----------
  O X X   
O   X     
  O X X   
  O O     
          
----------

White 3,3
----------
  O X X   
O   X     
  O X X   
  O O O   
          
----------

Black 0,4
----------
  O X X X 
O   X     
  O X X   
  O O O   
          
----------

White 3,4
----------
  O X X X 
O   X     
  O X X   
  O O O O 
          
----------

Black 2,4
----------
  O X X X 
O   X     
  O X X X 
  O O O O 
          
----------

White 1,1
----------
  O X X X 
O O X     
  O X X X 
  O O O O 
          
----------

Black 2,0
----------
  O X X X 
O O X     
X O X X X 
  O O O O 
          
----------

White 1,3
----------
  O X X X 
O O X O   
X O X X X 
  O O O O 
          
----------

Black 1,4
----------
  O X X X 
O O X   X 
X O X X X 
  O O O O 
          
----------

White 1,3
----------
  O       
O O   O   
X O       
  O O O O 
          
----------

Black 2,2
----------
  O       
O O   O   
X O X     
  O O O O 
          
----------

White 3,0
----------
  O       
O O   O   
  O X     
O O O O O 
          
----------

Black 1,2
----------
  O       
O O X O   
  O X     
O O O O O 
          
----------

White 2,3
----------
  O       
O O X O   
  O X O   
O O O O O 
          
----------

Game end.
The winner is O
ta time: 31.22
student time: 4.39
White(You) win!
=====Round 10=====
Black:You White:TA
Wed Oct 28 00:06:22 PDT 2020
Clean up...
Start Playing...
Black 2,2
----------
          
          
    X     
          
          
----------

White 2,1
----------
          
          
  O X     
          
          
----------

Black 1,2
----------
          
    X     
  O X     
          
          
----------

White 3,2
----------
          
    X     
  O X     
    O     
          
----------

Black 1,1
----------
          
  X X     
  O X     
    O     
          
----------

White 2,3
----------
          
  X X     
  O X O   
    O     
          
----------

Black 3,1
----------
          
  X X     
  O X O   
  X O     
          
----------

White 0,2
----------
    O     
  X X     
  O X O   
  X O     
          
----------

Black 2,0
----------
    O     
  X X     
X   X O   
  X O     
          
----------

White 1,3
----------
    O     
  X X O   
X   X O   
  X O     
          
----------

Black 0,1
----------
  X O     
  X X O   
X   X O   
  X O     
          
----------

White 2,4
----------
  X O     
  X X O   
X   X O O 
  X O     
          
----------

Black 0,3
----------
  X   X   
  X X O   
X   X O O 
  X O     
          
----------

White 3,3
----------
  X   X   
  X X O   
X   X O O 
  X O O   
          
----------

Black 4,1
----------
  X   X   
  X X O   
X   X O O 
  X O O   
  X       
----------

White 4,2
----------
  X   X   
  X X O   
X   X O O 
  X O O   
  X O     
----------

Black 0,4
----------
  X   X X 
  X X O   
X   X O O 
  X O O   
  X O     
----------

White 4,3
----------
  X   X X 
  X X O   
X   X O O 
  X O O   
  X O O   
----------

Black 2,1
----------
  X   X X 
  X X O   
X X X O O 
  X O O   
  X O O   
----------

White 1,0
----------
  X   X X 
O X X O   
X X X O O 
  X O O   
  X O O   
----------

Black 0,0
----------
X X   X X 
  X X O   
X X X O O 
  X O O   
  X O O   
----------

White 3,4
----------
X X   X X 
  X X O   
X X X O O 
  X O O O 
  X O O   
----------

Black 1,4
----------
X X   X X 
  X X O X 
X X X O O 
  X O O O 
  X O O   
----------

White 0,2
----------
X X O     
  X X O   
X X X O O 
  X O O O 
  X O O   
----------

Game end.
The winner is O
ta time: 34.62
student time: 4.93
Black(You) lose.

==Playing with championship_player==
=====Round 1=====
Black:TA White:You
Wed Oct 28 00:06:30 PDT 2020
Clean up...
Start Playing...
Black 2,2
----------
          
          
    X     
          
          
----------

White 1,1
----------
          
  O       
    X     
          
          
----------

Black 1,2
----------
          
  O X     
    X     
          
          
----------

White 2,1
----------
          
  O X     
  O X     
          
          
----------

Black 3,1
----------
          
  O X     
  O X     
  X       
          
----------

White 0,1
----------
  O       
  O X     
  O X     
  X       
          
----------

Black 3,0
----------
  O       
  O X     
  O X     
X X       
          
----------

White 0,2
----------
  O O     
  O X     
  O X     
X X       
          
----------

Black 1,3
----------
  O O     
  O X X   
  O X     
X X       
          
----------

White 0,3
----------
  O O O   
  O X X   
  O X     
X X       
          
----------

Black 1,4
----------
  O O O   
  O X X X 
  O X     
X X       
          
----------

White 0,0
----------
O O O O   
  O X X X 
  O X     
X X       
          
----------

Black 2,0
----------
O O O O   
  O X X X 
X O X     
X X       
          
----------

White 0,4
----------
O O O O O 
  O X X X 
X O X     
X X       
          
----------

Black 1,0
----------
          
X   X X X 
X   X     
X X       
          
----------

White 3,3
----------
          
X   X X X 
X   X     
X X   O   
          
----------

Black 2,4
----------
          
X   X X X 
X   X   X 
X X   O   
          
----------

White 3,2
----------
          
X   X X X 
X   X   X 
X X O O   
          
----------

Black 4,1
----------
          
X   X X X 
X   X   X 
X X O O   
  X       
----------

White 2,3
----------
          
X   X X X 
X   X O X 
X X O O   
  X       
----------

Black 2,1
----------
          
X   X X X 
X X X O X 
X X O O   
  X       
----------

White 3,4
----------
          
X   X X X 
X X X O X 
X X O O O 
  X       
----------

Black 1,1
----------
          
X X X X X 
X X X O X 
X X O O O 
  X       
----------

White 4,2
----------
          
X X X X X 
X X X O X 
X X O O O 
  X O     
----------

Game end.
The winner is X
ta time: 68.27
student time: 5.58
White(You) lose.
=====Round 2=====
Black:You White:TA
Wed Oct 28 00:06:56 PDT 2020
Clean up...
Start Playing...
Black 2,2
----------
          
          
    X     
          
          
----------

White 3,2
----------
          
          
    X     
    O     
          
----------

Black 1,2
----------
          
    X     
    X     
    O     
          
----------

White 3,1
----------
          
    X     
    X     
  O O     
          
----------

Black 1,1
----------
          
  X X     
    X     
  O O     
          
----------

White 3,3
----------
          
  X X     
    X     
  O O O   
          
----------

Black 1,3
----------
          
  X X X   
    X     
  O O O   
          
----------

White 2,1
----------
          
  X X X   
  O X     
  O O O   
          
----------

Black 1,0
----------
          
X X X X   
  O X     
  O O O   
          
----------

White 2,0
----------
          
X X X X   
O O X     
  O O O   
          
----------

Black 1,4
----------
          
X X X X X 
O O X     
  O O O   
          
----------

White 3,4
----------
          
X X X X X 
O O X     
  O O O O 
          
----------

Black 2,3
----------
          
X X X X X 
O O X X   
  O O O O 
          
----------

White 4,2
----------
          
X X X X X 
O O X X   
  O O O O 
    O     
----------

Black 0,0
----------
X         
X X X X X 
O O X X   
  O O O O 
    O     
----------

White 4,1
----------
X         
X X X X X 
O O X X   
  O O O O 
  O O     
----------

Black 0,1
----------
X X       
X X X X X 
O O X X   
  O O O O 
  O O     
----------

White 0,3
----------
X X   O   
X X X X X 
O O X X   
  O O O O 
  O O     
----------

Black 0,2
----------
X X X O   
X X X X X 
O O X X   
  O O O O 
  O O     
----------

White 4,4
----------
X X X O   
X X X X X 
O O X X   
  O O O O 
  O O   O 
----------

Black 0,4
----------
X X X   X 
X X X X X 
O O X X   
  O O O O 
  O O   O 
----------

White 2,4
----------
X X X   X 
X X X X X 
O O X X O 
  O O O O 
  O O   O 
----------

Black 3,0
----------
X X X   X 
X X X X X 
O O X X O 
X O O O O 
  O O   O 
----------

White 0,3
----------
      O   
          
O O     O 
X O O O O 
  O O   O 
----------

Game end.
The winner is O
ta time: 105.54
student time: 6.07
Black(You) lose.
=====Round 3=====
Black:TA White:You
Wed Oct 28 00:07:24 PDT 2020
Clean up...
Start Playing...
Black 2,2
----------
          
          
    X     
          
          
----------

White 1,1
----------
          
  O       
    X     
          
          
----------

Black 2,1
----------
          
  O       
  X X     
          
          
----------

White 1,2
----------
          
  O O     
  X X     
          
          
----------

Black 1,3
----------
          
  O O X   
  X X     
          
          
----------

White 1,0
----------
          
O O O X   
  X X     
          
          
----------

Black 0,3
----------
      X   
O O O X   
  X X     
          
          
----------

White 2,0
----------
      X   
O O O X   
O X X     
          
          
----------

Black 3,1
----------
      X   
O O O X   
O X X     
  X       
          
----------

White 3,0
----------
      X   
O O O X   
O X X     
O X       
          
----------

Black 4,1
----------
      X   
O O O X   
O X X     
O X       
  X       
----------

White 0,0
----------
O     X   
O O O X   
O X X     
O X       
  X       
----------

Black 0,2
----------
O   X X   
O O O X   
O X X     
O X       
  X       
----------

White 0,1
----------
O O X X   
O O O X   
O X X     
O X       
  X       
----------

Black 4,0
----------
    X X   
      X   
  X X     
  X       
X X       
----------

White 3,3
----------
    X X   
      X   
  X X     
  X   O   
X X       
----------

Black 2,3
----------
    X X   
      X   
  X X X   
  X   O   
X X       
----------

White 3,2
----------
    X X   
      X   
  X X X   
  X O O   
X X       
----------

Black 3,4
----------
    X X   
      X   
  X X X   
  X O O X 
X X       
----------

White 2,4
----------
    X X   
      X   
  X X X O 
  X O O X 
X X       
----------

Black 1,4
----------
    X X   
      X X 
  X X X   
  X O O X 
X X       
----------

White 4,4
----------
    X X   
      X X 
  X X X   
  X O O X 
X X     O 
----------

Black 2,4
----------
    X X   
      X X 
  X X X X 
  X O O X 
X X     O 
----------

White 4,2
----------
    X X   
      X X 
  X X X X 
  X O O X 
X X O   O 
----------

Game end.
The winner is X
ta time: 141.14
student time: 6.7
White(You) lose.
=====Round 4=====
Black:You White:TA
Wed Oct 28 00:07:49 PDT 2020
Clean up...
Start Playing...
Black 2,2
----------
          
          
    X     
          
          
----------

White 1,3
----------
          
      O   
    X     
          
          
----------

Black 2,1
----------
          
      O   
  X X     
          
          
----------

White 1,2
----------
          
    O O   
  X X     
          
          
----------

Black 1,1
----------
          
  X O O   
  X X     
          
          
----------

White 2,3
----------
          
  X O O   
  X X O   
          
          
----------

Black 3,1
----------
          
  X O O   
  X X O   
  X       
          
----------

White 3,3
----------
          
  X O O   
  X X O   
  X   O   
          
----------

Black 0,1
----------
  X       
  X O O   
  X X O   
  X   O   
          
----------

White 0,2
----------
  X O     
  X O O   
  X X O   
  X   O   
          
----------

Black 3,2
----------
  X O     
  X O O   
  X X O   
  X X O   
          
----------

White 4,3
----------
  X O     
  X O O   
  X X O   
  X X O   
      O   
----------

Black 3,0
----------
  X O     
  X O O   
  X X O   
X X X O   
      O   
----------

White 1,4
----------
  X O     
  X O O O 
  X X O   
X X X O   
      O   
----------

Black 0,0
----------
X X O     
  X O O O 
  X X O   
X X X O   
      O   
----------

White 3,4
----------
X X O     
  X O O O 
  X X O   
X X X O O 
      O   
----------

Black 1,0
----------
X X O     
X X O O O 
  X X O   
X X X O O 
      O   
----------

White 0,4
----------
X X O   O 
X X O O O 
  X X O   
X X X O O 
      O   
----------

Black 2,0
----------
X X O   O 
X X O O O 
X X X O   
X X X O O 
      O   
----------

White 4,2
----------
X X O   O 
X X O O O 
X X X O   
X X X O O 
    O O   
----------

Black 4,0
----------
X X O   O 
X X O O O 
X X X O   
X X X O O 
X   O O   
----------

White 4,1
----------
    O   O 
    O O O 
      O   
      O O 
  O O O   
----------

Black 2,1
----------
    O   O 
    O O O 
  X   O   
      O O 
  O O O   
----------

White 1,1
----------
    O   O 
  O O O O 
  X   O   
      O O 
  O O O   
----------

Game end.
The winner is O
ta time: 175.5
student time: 7.17
Black(You) lose.
=====Round 5=====
Black:TA White:You
Wed Oct 28 00:08:16 PDT 2020
Clean up...
Start Playing...
Black 2,2
----------
          
          
    X     
          
          
----------

White 1,1
----------
          
  O       
    X     
          
          
----------

Black 1,2
----------
          
  O X     
    X     
          
          
----------

White 2,1
----------
          
  O X     
  O X     
          
          
----------

Black 3,1
----------
          
  O X     
  O X     
  X       
          
----------

White 0,1
----------
  O       
  O X     
  O X     
  X       
          
----------

Black 3,0
----------
  O       
  O X     
  O X     
X X       
          
----------

White 0,2
----------
  O O     
  O X     
  O X     
X X       
          
----------

Black 1,3
----------
  O O     
  O X X   
  O X     
X X       
          
----------

White 0,3
----------
  O O O   
  O X X   
  O X     
X X       
          
----------

Black 1,4
----------
  O O O   
  O X X X 
  O X     
X X       
          
----------

White 0,0
----------
O O O O   
  O X X X 
  O X     
X X       
          
----------

Black 2,0
----------
O O O O   
  O X X X 
X O X     
X X       
          
----------

White 0,4
----------
O O O O O 
  O X X X 
X O X     
X X       
          
----------

Black 1,0
----------
          
X   X X X 
X   X     
X X       
          
----------

White 3,3
----------
          
X   X X X 
X   X     
X X   O   
          
----------

Black 2,3
----------
          
X   X X X 
X   X X   
X X   O   
          
----------

White 3,2
----------
          
X   X X X 
X   X X   
X X O O   
          
----------

Black 4,2
----------
          
X   X X X 
X   X X   
X X O O   
    X     
----------

White 4,3
----------
          
X   X X X 
X   X X   
X X O O   
    X O   
----------

Black 4,1
----------
          
X   X X X 
X   X X   
X X O O   
  X X O   
----------

White 3,4
----------
          
X   X X X 
X   X X   
X X O O O 
  X X O   
----------

Black 0,4
----------
        X 
X   X X X 
X   X X   
X X O O O 
  X X O   
----------

White 2,4
----------
        X 
X   X X X 
X   X X O 
X X O O O 
  X X O   
----------

Game end.
The winner is X
ta time: 206.65
student time: 7.73
White(You) lose.
=====Round 6=====
Black:You White:TA
Wed Oct 28 00:08:45 PDT 2020
Clean up...
Start Playing...
Black 2,2
----------
          
          
    X     
          
          
----------

White 1,3
----------
          
      O   
    X     
          
          
----------

Black 2,1
----------
          
      O   
  X X     
          
          
----------

White 1,2
----------
          
    O O   
  X X     
          
          
----------

Black 1,1
----------
          
  X O O   
  X X     
          
          
----------

White 2,3
----------
          
  X O O   
  X X O   
          
          
----------

Black 3,1
----------
          
  X O O   
  X X O   
  X       
          
----------

White 3,3
----------
          
  X O O   
  X X O   
  X   O   
          
----------

Black 0,1
----------
  X       
  X O O   
  X X O   
  X   O   
          
----------

White 0,2
----------
  X O     
  X O O   
  X X O   
  X   O   
          
----------

Black 3,2
----------
  X O     
  X O O   
  X X O   
  X X O   
          
----------

White 4,3
----------
  X O     
  X O O   
  X X O   
  X X O   
      O   
----------

Black 3,0
----------
  X O     
  X O O   
  X X O   
X X X O   
      O   
----------

White 2,4
----------
  X O     
  X O O   
  X X O O 
X X X O   
      O   
----------

Black 0,0
----------
X X O     
  X O O   
  X X O O 
X X X O   
      O   
----------

White 1,4
----------
X X O     
  X O O O 
  X X O O 
X X X O   
      O   
----------

Black 1,0
----------
X X O     
X X O O O 
  X X O O 
X X X O   
      O   
----------

White 0,4
----------
X X O   O 
X X O O O 
  X X O O 
X X X O   
      O   
----------

Black 2,0
----------
X X O   O 
X X O O O 
X X X O O 
X X X O   
      O   
----------

White 4,1
----------
X X O   O 
X X O O O 
X X X O O 
X X X O   
  O   O   
----------

Black 4,0
----------
X X O   O 
X X O O O 
X X X O O 
X X X O   
X O   O   
----------

White 4,2
----------
    O   O 
    O O O 
      O O 
      O   
  O O O   
----------

Black 2,1
----------
    O   O 
    O O O 
  X   O O 
      O   
  O O O   
----------

White 3,0
----------
    O   O 
    O O O 
  X   O O 
O     O   
  O O O   
----------

Game end.
The winner is O
ta time: 241.46
student time: 8.25
Black(You) lose.
=====Round 7=====
Black:TA White:You
Wed Oct 28 00:09:13 PDT 2020
Clean up...
Start Playing...
Black 2,2
----------
          
          
    X     
          
          
----------

White 1,1
----------
          
  O       
    X     
          
          
----------

Black 2,1
----------
          
  O       
  X X     
          
          
----------

White 1,2
----------
          
  O O     
  X X     
          
          
----------

Black 1,3
----------
          
  O O X   
  X X     
          
          
----------

White 1,0
----------
          
O O O X   
  X X     
          
          
----------

Black 0,2
----------
    X     
O O O X   
  X X     
          
          
----------

White 0,1
----------
  O X     
O O O X   
  X X     
          
          
----------

Black 0,3
----------
  O X X   
O O O X   
  X X     
          
          
----------

White 2,0
----------
  O X X   
O O O X   
O X X     
          
          
----------

Black 3,1
----------
  O X X   
O O O X   
O X X     
  X       
          
----------

White 3,0
----------
  O X X   
O O O X   
O X X     
O X       
          
----------

Black 4,1
----------
  O X X   
O O O X   
O X X     
O X       
  X       
----------

White 0,0
----------
O O X X   
O O O X   
O X X     
O X       
  X       
----------

Black 4,0
----------
    X X   
      X   
  X X     
  X       
X X       
----------

White 3,3
----------
    X X   
      X   
  X X     
  X   O   
X X       
----------

Black 3,2
----------
    X X   
      X   
  X X     
  X X O   
X X       
----------

White 2,3
----------
    X X   
      X   
  X X O   
  X X O   
X X       
----------

Black 1,2
----------
    X X   
    X X   
  X X O   
  X X O   
X X       
----------

White 4,3
----------
    X X   
    X X   
  X X O   
  X X O   
X X   O   
----------

Black 4,2
----------
    X X   
    X X   
  X X O   
  X X O   
X X X O   
----------

White 2,4
----------
    X X   
    X X   
  X X O O 
  X X O   
X X X O   
----------

Black 1,0
----------
    X X   
X   X X   
  X X O O 
  X X O   
X X X O   
----------

White 1,4
----------
    X X   
X   X X O 
  X X O O 
  X X O   
X X X O   
----------

Game end.
The winner is X
ta time: 270.97
student time: 8.87
White(You) lose.
=====Round 8=====
Black:You White:TA
Wed Oct 28 00:09:37 PDT 2020
Clean up...
Start Playing...
Black 2,2
----------
          
          
    X     
          
          
----------

White 2,3
----------
          
          
    X O   
          
          
----------

Black 1,2
----------
          
    X     
    X O   
          
          
----------

White 3,3
----------
          
    X     
    X O   
      O   
          
----------

Black 1,1
----------
          
  X X     
    X O   
      O   
          
----------

White 3,2
----------
          
  X X     
    X O   
    O O   
          
----------

Black 1,3
----------
          
  X X X   
    X O   
    O O   
          
----------

White 3,1
----------
          
  X X X   
    X O   
  O O O   
          
----------

Black 1,0
----------
          
X X X X   
    X O   
  O O O   
          
----------

White 1,4
----------
          
X X X X O 
    X O   
  O O O   
          
----------

Black 2,4
----------
          
X X X X O 
    X O X 
  O O O   
          
----------

White 3,4
----------
          
X X X X O 
    X O   
  O O O O 
          
----------

Black 0,4
----------
        X 
X X X X O 
    X O   
  O O O O 
          
----------

White 2,4
----------
        X 
X X X X O 
    X O O 
  O O O O 
          
----------

Black 2,0
----------
        X 
X X X X O 
X   X O O 
  O O O O 
          
----------

White 0,3
----------
      O   
X X X X O 
X   X O O 
  O O O O 
          
----------

Black 0,2
----------
    X O   
X X X X O 
X   X O O 
  O O O O 
          
----------

White 0,4
----------
    X O O 
X X X X O 
X   X O O 
  O O O O 
          
----------

Black 2,1
----------
    X O O 
X X X X O 
X X X O O 
  O O O O 
          
----------

White 3,0
----------
    X O O 
X X X X O 
X X X O O 
O O O O O 
          
----------

Black 0,0
----------
X   X O O 
X X X X O 
X X X O O 
O O O O O 
          
----------

White 4,1
----------
X   X O O 
X X X X O 
X X X O O 
O O O O O 
  O       
----------

Black 4,3
----------
X   X O O 
X X X X O 
X X X O O 
O O O O O 
  O   X   
----------

White 4,4
----------
X   X O O 
X X X X O 
X X X O O 
O O O O O 
  O   X O 
----------

Game end.
The winner is O
ta time: 296.46
student time: 9.35
Black(You) lose.
=====Round 9=====
Black:TA White:You
Wed Oct 28 00:09:59 PDT 2020
Clean up...
Start Playing...
Black 2,2
----------
          
          
    X     
          
          
----------

White 1,1
----------
          
  O       
    X     
          
          
----------

Black 2,1
----------
          
  O       
  X X     
          
          
----------

White 1,2
----------
          
  O O     
  X X     
          
          
----------

Black 1,3
----------
          
  O O X   
  X X     
          
          
----------

White 1,0
----------
          
O O O X   
  X X     
          
          
----------

Black 0,3
----------
      X   
O O O X   
  X X     
          
          
----------

White 2,0
----------
      X   
O O O X   
O X X     
          
          
----------

Black 3,1
----------
      X   
O O O X   
O X X     
  X       
          
----------

White 3,0
----------
      X   
O O O X   
O X X     
O X       
          
----------

Black 4,1
----------
      X   
O O O X   
O X X     
O X       
  X       
----------

White 0,0
----------
O     X   
O O O X   
O X X     
O X       
  X       
----------

Black 0,2
----------
O   X X   
O O O X   
O X X     
O X       
  X       
----------

White 0,1
----------
O O X X   
O O O X   
O X X     
O X       
  X       
----------

Black 4,0
----------
    X X   
      X   
  X X     
  X       
X X       
----------

White 3,3
----------
    X X   
      X   
  X X     
  X   O   
X X       
----------

Black 2,4
----------
    X X   
      X   
  X X   X 
  X   O   
X X       
----------

White 3,2
----------
    X X   
      X   
  X X   X 
  X O O   
X X       
----------

Black 4,2
----------
    X X   
      X   
  X X   X 
  X O O   
X X X     
----------

White 3,4
----------
    X X   
      X   
  X X   X 
  X O O O 
X X X     
----------

Black 2,3
----------
    X X   
      X   
  X X X X 
  X O O O 
X X X     
----------

White 4,3
----------
    X X   
      X   
  X X X X 
  X O O O 
X X X O   
----------

Black 1,1
----------
    X X   
  X   X   
  X X X X 
  X O O O 
X X X O   
----------

White 0,0
----------
O   X X   
  X   X   
  X X X X 
  X O O O 
X X X O   
----------

Game end.
The winner is X
ta time: 328.1
student time: 9.99
White(You) lose.
=====Round 10=====
Black:You White:TA
Wed Oct 28 00:10:26 PDT 2020
Clean up...
Start Playing...
Black 2,2
----------
          
          
    X     
          
          
----------

White 2,3
----------
          
          
    X O   
          
          
----------

Black 1,2
----------
          
    X     
    X O   
          
          
----------

White 3,3
----------
          
    X     
    X O   
      O   
          
----------

Black 1,1
----------
          
  X X     
    X O   
      O   
          
----------

White 3,2
----------
          
  X X     
    X O   
    O O   
          
----------

Black 1,3
----------
          
  X X X   
    X O   
    O O   
          
----------

White 3,1
----------
          
  X X X   
    X O   
  O O O   
          
----------

Black 1,0
----------
          
X X X X   
    X O   
  O O O   
          
----------

White 1,4
----------
          
X X X X O 
    X O   
  O O O   
          
----------

Black 2,4
----------
          
X X X X O 
    X O X 
  O O O   
          
----------

White 3,4
----------
          
X X X X O 
    X O   
  O O O O 
          
----------

Black 0,4
----------
        X 
X X X X O 
    X O   
  O O O O 
          
----------

White 2,4
----------
        X 
X X X X O 
    X O O 
  O O O O 
          
----------

Black 2,0
----------
        X 
X X X X O 
X   X O O 
  O O O O 
          
----------

White 0,3
----------
      O   
X X X X O 
X   X O O 
  O O O O 
          
----------

Black 0,2
----------
    X O   
X X X X O 
X   X O O 
  O O O O 
          
----------

White 0,4
----------
    X O O 
X X X X O 
X   X O O 
  O O O O 
          
----------

Black 2,1
----------
    X O O 
X X X X O 
X X X O O 
  O O O O 
          
----------

White 3,0
----------
    X O O 
X X X X O 
X X X O O 
O O O O O 
          
----------

Black 0,0
----------
X   X O O 
X X X X O 
X X X O O 
O O O O O 
          
----------

White 4,1
----------
X   X O O 
X X X X O 
X X X O O 
O O O O O 
  O       
----------

Black 4,3
----------
X   X O O 
X X X X O 
X X X O O 
O O O O O 
  O   X   
----------

White 0,1
----------
  O   O O 
        O 
      O O 
O O O O O 
  O   X   
----------

Game end.
The winner is O
ta time: 354.35
student time: 10.5
Black(You) lose.
