Thu Oct 29 03:23:05 PDT 2020

==Playing with qlearning_player==
=====Round 1=====
Black:TA White:You
Thu Oct 29 03:23:05 PDT 2020
Clean up...
Start Playing...
Black 1,2
----------
          
    X     
          
          
          
----------

White 3,1
----------
          
    X     
          
  O       
          
----------

Black 2,2
----------
          
    X     
    X     
  O       
          
----------

White 2,1
----------
          
    X     
  O X     
  O       
          
----------

Black 0,0
----------
X         
    X     
  O X     
  O       
          
----------

White 1,1
----------
X         
  O X     
  O X     
  O       
          
----------

Black 0,1
----------
X X       
  O X     
  O X     
  O       
          
----------

White 3,2
----------
X X       
  O X     
  O X     
  O O     
          
----------

Black 2,3
----------
X X       
  O X     
  O X X   
  O O     
          
----------

White 3,3
----------
X X       
  O X     
  O X X   
  O O O   
          
----------

Black 4,2
----------
X X       
  O X     
  O X X   
  O O O   
    X     
----------

White 3,4
----------
X X       
  O X     
  O X X   
  O O O O 
    X     
----------

Black 2,4
----------
X X       
  O X     
  O X X X 
  O O O O 
    X     
----------

White 3,0
----------
X X       
  O X     
  O X X X 
O O O O O 
    X     
----------

Black 1,3
----------
X X       
  O X X   
  O X X X 
O O O O O 
    X     
----------

White 1,0
----------
X X       
O O X X   
  O X X X 
O O O O O 
    X     
----------

Black 0,2
----------
X X X     
O O X X   
  O X X X 
O O O O O 
    X     
----------

White 2,0
----------
X X X     
O O X X   
O O X X X 
O O O O O 
    X     
----------

Black 4,3
----------
X X X     
O O X X   
O O X X X 
O O O O O 
    X X   
----------

White 4,0
----------
X X X     
O O X X   
O O X X X 
O O O O O 
O   X X   
----------

Black 1,4
----------
X X X     
O O X X X 
O O X X X 
O O O O O 
O   X X   
----------

White 4,1
----------
X X X     
O O X X X 
O O X X X 
O O O O O 
O O X X   
----------

Black 4,4
----------
X X X     
    X X X 
    X X X 
          
    X X X 
----------

White 3,1
----------
X X X     
    X X X 
    X X X 
  O       
    X X X 
----------

Game end.
The winner is X
ta time: 3.86
student time: 2.98
White(You) lose.
=====Round 2=====
Black:You White:TA
Thu Oct 29 03:23:16 PDT 2020
Clean up...
Start Playing...
Black 2,2
----------
          
          
    X     
          
          
----------

White 2,1
----------
          
          
  O X     
          
          
----------

Black 1,2
----------
          
    X     
  O X     
          
          
----------

White 3,2
----------
          
    X     
  O X     
    O     
          
----------

Black 1,1
----------
          
  X X     
  O X     
    O     
          
----------

White 2,3
----------
          
  X X     
  O X O   
    O     
          
----------

Black 1,3
----------
          
  X X X   
  O X O   
    O     
          
----------

White 4,2
----------
          
  X X X   
  O X O   
    O     
    O     
----------

Black 1,0
----------
          
X X X X   
  O X O   
    O     
    O     
----------

White 3,3
----------
          
X X X X   
  O X O   
    O O   
    O     
----------

Black 1,4
----------
          
X X X X X 
  O X O   
    O O   
    O     
----------

White 3,1
----------
          
X X X X X 
  O X O   
  O O O   
    O     
----------

Black 2,0
----------
          
X X X X X 
X O X O   
  O O O   
    O     
----------

White 2,4
----------
          
X X X X X 
X O X O O 
  O O O   
    O     
----------

Black 3,0
----------
          
X X X X X 
X O X O O 
X O O O   
    O     
----------

White 0,2
----------
    O     
X X X X X 
X O X O O 
X O O O   
    O     
----------

Black 4,0
----------
    O     
X X X X X 
X O X O O 
X O O O   
X   O     
----------

White 0,3
----------
    O O   
X X X X X 
X O X O O 
X O O O   
X   O     
----------

Black 0,0
----------
X   O O   
X X X X X 
X O X O O 
X O O O   
X   O     
----------

White 4,3
----------
X   O O   
X X X X X 
X O X O O 
X O O O   
X   O O   
----------

Black 0,1
----------
X X O O   
X X X X X 
X O X O O 
X O O O   
X   O O   
----------

White 3,4
----------
X X O O   
X X X X X 
X O X O O 
X O O O O 
X   O O   
----------

Black 0,4
----------
X X     X 
X X X X X 
X O X O O 
X O O O O 
X   O O   
----------

White 0,2
----------
X X O   X 
X X X X X 
X O X O O 
X O O O O 
X   O O   
----------

Game end.
The winner is O
ta time: 7.41
student time: 5.79
Black(You) lose.
=====Round 3=====
Black:TA White:You
Thu Oct 29 03:23:25 PDT 2020
Clean up...
Start Playing...
Black 1,2
----------
          
    X     
          
          
          
----------

White 3,1
----------
          
    X     
          
  O       
          
----------

Black 2,2
----------
          
    X     
    X     
  O       
          
----------

White 2,1
----------
          
    X     
  O X     
  O       
          
----------

Black 0,0
----------
X         
    X     
  O X     
  O       
          
----------

White 1,1
----------
X         
  O X     
  O X     
  O       
          
----------

Black 0,1
----------
X X       
  O X     
  O X     
  O       
          
----------

White 3,2
----------
X X       
  O X     
  O X     
  O O     
          
----------

Black 2,3
----------
X X       
  O X     
  O X X   
  O O     
          
----------

White 3,3
----------
X X       
  O X     
  O X X   
  O O O   
          
----------

Black 2,4
----------
X X       
  O X     
  O X X X 
  O O O   
          
----------

White 3,0
----------
X X       
  O X     
  O X X X 
O O O O   
          
----------

Black 0,2
----------
X X X     
  O X     
  O X X X 
O O O O   
          
----------

White 3,4
----------
X X X     
  O X     
  O X X X 
O O O O O 
          
----------

Black 4,2
----------
X X X     
  O X     
  O X X X 
O O O O O 
    X     
----------

White 1,0
----------
X X X     
O O X     
  O X X X 
O O O O O 
    X     
----------

Black 1,3
----------
X X X     
O O X X   
  O X X X 
O O O O O 
    X     
----------

White 2,0
----------
X X X     
O O X X   
O O X X X 
O O O O O 
    X     
----------

Black 4,3
----------
X X X     
O O X X   
O O X X X 
O O O O O 
    X X   
----------

White 4,0
----------
X X X     
O O X X   
O O X X X 
O O O O O 
O   X X   
----------

Black 1,4
----------
X X X     
O O X X X 
O O X X X 
O O O O O 
O   X X   
----------

White 4,1
----------
X X X     
O O X X X 
O O X X X 
O O O O O 
O O X X   
----------

Black 4,4
----------
X X X     
    X X X 
    X X X 
          
    X X X 
----------

White 3,1
----------
X X X     
    X X X 
    X X X 
  O       
    X X X 
----------

Game end.
The winner is X
ta time: 11.12
student time: 8.64
White(You) lose.
=====Round 4=====
Black:You White:TA
Thu Oct 29 03:23:36 PDT 2020
Clean up...
Start Playing...
Black 2,2
----------
          
          
    X     
          
          
----------

White 2,1
----------
          
          
  O X     
          
          
----------

Black 1,2
----------
          
    X     
  O X     
          
          
----------

White 3,2
----------
          
    X     
  O X     
    O     
          
----------

Black 1,1
----------
          
  X X     
  O X     
    O     
          
----------

White 2,3
----------
          
  X X     
  O X O   
    O     
          
----------

Black 1,3
----------
          
  X X X   
  O X O   
    O     
          
----------

White 2,0
----------
          
  X X X   
O O X O   
    O     
          
----------

Black 1,4
----------
          
  X X X X 
O O X O   
    O     
          
----------

White 2,4
----------
          
  X X X X 
O O X O O 
    O     
          
----------

Black 0,1
----------
  X       
  X X X X 
O O X O O 
    O     
          
----------

White 3,3
----------
  X       
  X X X X 
O O X O O 
    O O   
          
----------

Black 0,0
----------
X X       
  X X X X 
O O X O O 
    O O   
          
----------

White 0,2
----------
X X O     
  X X X X 
O O X O O 
    O O   
          
----------

Black 0,3
----------
X X   X   
  X X X X 
O O X O O 
    O O   
          
----------

White 4,2
----------
X X   X   
  X X X X 
O O X O O 
    O O   
    O     
----------

Black 0,2
----------
X X X X   
  X X X X 
O O X O O 
    O O   
    O     
----------

White 3,1
----------
X X X X   
  X X X X 
O O X O O 
  O O O   
    O     
----------

Black 4,0
----------
X X X X   
  X X X X 
O O X O O 
  O O O   
X   O     
----------

White 3,4
----------
X X X X   
  X X X X 
O O X O O 
  O O O O 
X   O     
----------

Black 0,4
----------
X X X X X 
  X X X X 
O O X O O 
  O O O O 
X   O     
----------

White 1,0
----------
          
O         
O O   O O 
  O O O O 
X   O     
----------

Black 0,0
----------
X         
O         
O O   O O 
  O O O O 
X   O     
----------

White 0,1
----------
  O       
O         
O O   O O 
  O O O O 
X   O     
----------

Game end.
The winner is O
ta time: 14.51
student time: 11.43
Black(You) lose.
=====Round 5=====
Black:TA White:You
Thu Oct 29 03:23:46 PDT 2020
Clean up...
Start Playing...
Black 1,2
----------
          
    X     
          
          
          
----------

White 3,1
----------
          
    X     
          
  O       
          
----------

Black 2,2
----------
          
    X     
    X     
  O       
          
----------

White 2,1
----------
          
    X     
  O X     
  O       
          
----------

Black 0,0
----------
X         
    X     
  O X     
  O       
          
----------

White 1,1
----------
X         
  O X     
  O X     
  O       
          
----------

Black 0,1
----------
X X       
  O X     
  O X     
  O       
          
----------

White 3,2
----------
X X       
  O X     
  O X     
  O O     
          
----------

Black 2,3
----------
X X       
  O X     
  O X X   
  O O     
          
----------

White 3,3
----------
X X       
  O X     
  O X X   
  O O O   
          
----------

Black 0,2
----------
X X X     
  O X     
  O X X   
  O O O   
          
----------

White 3,4
----------
X X X     
  O X     
  O X X   
  O O O O 
          
----------

Black 1,3
----------
X X X     
  O X X   
  O X X   
  O O O O 
          
----------

White 2,4
----------
X X X     
  O X X   
  O X X O 
  O O O O 
          
----------

Black 2,0
----------
X X X     
  O X X   
X O X X O 
  O O O O 
          
----------

White 1,4
----------
X X X     
  O X X O 
X O X X O 
  O O O O 
          
----------

Black 4,2
----------
X X X     
  O X X O 
X O X X O 
  O O O O 
    X     
----------

White 0,4
----------
X X X   O 
  O X X O 
X O X X O 
  O O O O 
    X     
----------

Black 4,1
----------
X X X   O 
  O X X O 
X O X X O 
  O O O O 
  X X     
----------

White 3,0
----------
X X X   O 
  O X X O 
X O X X O 
O O O O O 
  X X     
----------

Black 4,3
----------
X X X   O 
  O X X O 
X O X X O 
O O O O O 
  X X X   
----------

White 1,0
----------
X X X   O 
O O X X O 
  O X X O 
O O O O O 
  X X X   
----------

Black 4,4
----------
X X X   O 
O O X X O 
  O X X O 
O O O O O 
  X X X X 
----------

White 0,3
----------
      O O 
O O     O 
  O     O 
O O O O O 
  X X X X 
----------

Game end.
The winner is O
ta time: 18.23
student time: 14.28
White(You) win!
=====Round 6=====
Black:You White:TA
Thu Oct 29 03:23:57 PDT 2020
Clean up...
Start Playing...
Black 2,2
----------
          
          
    X     
          
          
----------

White 2,1
----------
          
          
  O X     
          
          
----------

Black 1,2
----------
          
    X     
  O X     
          
          
----------

White 3,2
----------
          
    X     
  O X     
    O     
          
----------

Black 1,1
----------
          
  X X     
  O X     
    O     
          
----------

White 2,3
----------
          
  X X     
  O X O   
    O     
          
----------

Black 1,3
----------
          
  X X X   
  O X O   
    O     
          
----------

White 3,1
----------
          
  X X X   
  O X O   
  O O     
          
----------

Black 1,0
----------
          
X X X X   
  O X O   
  O O     
          
----------

White 2,0
----------
          
X X X X   
O O X O   
  O O     
          
----------

Black 1,4
----------
          
X X X X X 
O O X O   
  O O     
          
----------

White 4,2
----------
          
X X X X X 
O O X O   
  O O     
    O     
----------

Black 2,4
----------
          
X X X X X 
O O X O X 
  O O     
    O     
----------

White 3,3
----------
          
X X X X X 
O O X O X 
  O O O   
    O     
----------

Black 3,4
----------
          
X X X X X 
O O X O X 
  O O O X 
    O     
----------

White 0,2
----------
    O     
X X X X X 
O O X O X 
  O O O X 
    O     
----------

Black 4,4
----------
    O     
X X X X X 
O O X O X 
  O O O X 
    O   X 
----------

White 0,3
----------
    O O   
X X X X X 
O O X O X 
  O O O X 
    O   X 
----------

Black 0,0
----------
X   O O   
X X X X X 
O O X O X 
  O O O X 
    O   X 
----------

White 4,1
----------
X   O O   
X X X X X 
O O X O X 
  O O O X 
  O O   X 
----------

Black 0,1
----------
X X O O   
X X X X X 
O O X O X 
  O O O X 
  O O   X 
----------

White 3,0
----------
X X O O   
X X X X X 
O O X O X 
O O O O X 
  O O   X 
----------

Black 0,4
----------
X X     X 
X X X X X 
O O X O X 
O O O O X 
  O O   X 
----------

White 0,2
----------
X X O   X 
X X X X X 
O O X O X 
O O O O X 
  O O   X 
----------

Game end.
The winner is O
ta time: 21.61
student time: 17.24
Black(You) lose.
=====Round 7=====
Black:TA White:You
Thu Oct 29 03:24:07 PDT 2020
Clean up...
Start Playing...
Black 1,2
----------
          
    X     
          
          
          
----------

White 3,1
----------
          
    X     
          
  O       
          
----------

Black 2,2
----------
          
    X     
    X     
  O       
          
----------

White 2,1
----------
          
    X     
  O X     
  O       
          
----------

Black 0,0
----------
X         
    X     
  O X     
  O       
          
----------

White 1,1
----------
X         
  O X     
  O X     
  O       
          
----------

Black 0,1
----------
X X       
  O X     
  O X     
  O       
          
----------

White 3,2
----------
X X       
  O X     
  O X     
  O O     
          
----------

Black 2,3
----------
X X       
  O X     
  O X X   
  O O     
          
----------

White 3,3
----------
X X       
  O X     
  O X X   
  O O O   
          
----------

Black 2,4
----------
X X       
  O X     
  O X X X 
  O O O   
          
----------

White 3,0
----------
X X       
  O X     
  O X X X 
O O O O   
          
----------

Black 1,3
----------
X X       
  O X X   
  O X X X 
O O O O   
          
----------

White 3,4
----------
X X       
  O X X   
  O X X X 
O O O O O 
          
----------

Black 0,2
----------
X X X     
  O X X   
  O X X X 
O O O O O 
          
----------

White 1,0
----------
X X X     
O O X X   
  O X X X 
O O O O O 
          
----------

Black 4,2
----------
X X X     
O O X X   
  O X X X 
O O O O O 
    X     
----------

White 2,0
----------
X X X     
O O X X   
O O X X X 
O O O O O 
    X     
----------

Black 0,3
----------
X X X X   
O O X X   
O O X X X 
O O O O O 
    X     
----------

White 4,0
----------
X X X X   
O O X X   
O O X X X 
O O O O O 
O   X     
----------

Black 4,1
----------
X X X X   
O O X X   
O O X X X 
O O O O O 
O X X     
----------

White 4,3
----------
X X X X   
O O X X   
O O X X X 
O O O O O 
O     O   
----------

Black 4,2
----------
X X X X   
O O X X   
O O X X X 
O O O O O 
O   X O   
----------

White 4,1
----------
X X X X   
O O X X   
O O X X X 
O O O O O 
O O   O   
----------

Game end.
The winner is O
ta time: 25.51
student time: 20.21
White(You) win!
=====Round 8=====
Black:You White:TA
Thu Oct 29 03:24:17 PDT 2020
Clean up...
Start Playing...
Black 2,2
----------
          
          
    X     
          
          
----------

White 2,1
----------
          
          
  O X     
          
          
----------

Black 1,2
----------
          
    X     
  O X     
          
          
----------

White 3,2
----------
          
    X     
  O X     
    O     
          
----------

Black 1,1
----------
          
  X X     
  O X     
    O     
          
----------

White 2,3
----------
          
  X X     
  O X O   
    O     
          
----------

Black 1,3
----------
          
  X X X   
  O X O   
    O     
          
----------

White 3,1
----------
          
  X X X   
  O X O   
  O O     
          
----------

Black 1,0
----------
          
X X X X   
  O X O   
  O O     
          
----------

White 2,0
----------
          
X X X X   
O O X O   
  O O     
          
----------

Black 1,4
----------
          
X X X X X 
O O X O   
  O O     
          
----------

White 0,2
----------
    O     
X X X X X 
O O X O   
  O O     
          
----------

Black 2,4
----------
    O     
X X X X X 
O O X O X 
  O O     
          
----------

White 4,2
----------
    O     
X X X X X 
O O X O X 
  O O     
    O     
----------

Black 3,3
----------
    O     
X X X X X 
O O X   X 
  O O X   
    O     
----------

White 3,4
----------
    O     
X X X X X 
O O X   X 
  O O X O 
    O     
----------

Black 2,3
----------
    O     
X X X X X 
O O X X X 
  O O X O 
    O     
----------

White 0,3
----------
    O O   
X X X X X 
O O X X X 
  O O X O 
    O     
----------

Black 0,1
----------
  X O O   
X X X X X 
O O X X X 
  O O X O 
    O     
----------

White 4,3
----------
  X O O   
X X X X X 
O O X X X 
  O O X O 
    O O   
----------

Black 0,4
----------
  X     X 
X X X X X 
O O X X X 
  O O X O 
    O O   
----------

White 0,2
----------
  X O   X 
X X X X X 
O O X X X 
  O O X O 
    O O   
----------

Black 4,0
----------
  X O   X 
X X X X X 
O O X X X 
  O O X O 
X   O O   
----------

White 4,1
----------
  X O   X 
X X X X X 
O O X X X 
  O O X O 
X O O O   
----------

Game end.
The winner is X
ta time: 29.12
student time: 23.2
Black(You) win!
=====Round 9=====
Black:TA White:You
Thu Oct 29 03:24:27 PDT 2020
Clean up...
Start Playing...
Black 1,2
----------
          
    X     
          
          
          
----------

White 3,1
----------
          
    X     
          
  O       
          
----------

Black 2,2
----------
          
    X     
    X     
  O       
          
----------

White 2,1
----------
          
    X     
  O X     
  O       
          
----------

Black 0,0
----------
X         
    X     
  O X     
  O       
          
----------

White 1,1
----------
X         
  O X     
  O X     
  O       
          
----------

Black 0,1
----------
X X       
  O X     
  O X     
  O       
          
----------

White 3,2
----------
X X       
  O X     
  O X     
  O O     
          
----------

Black 2,3
----------
X X       
  O X     
  O X X   
  O O     
          
----------

White 3,3
----------
X X       
  O X     
  O X X   
  O O O   
          
----------

Black 2,0
----------
X X       
  O X     
X O X X   
  O O O   
          
----------

White 3,4
----------
X X       
  O X     
X O X X   
  O O O O 
          
----------

Black 2,4
----------
X X       
  O X     
X O X X X 
  O O O O 
          
----------

White 3,0
----------
X X       
  O X     
X O X X X 
O O O O O 
          
----------

Black 4,2
----------
X X       
  O X     
X O X X X 
O O O O O 
    X     
----------

White 1,0
----------
X X       
O O X     
  O X X X 
O O O O O 
    X     
----------

Black 1,3
----------
X X       
O O X X   
  O X X X 
O O O O O 
    X     
----------

White 0,2
----------
    O     
O O X X   
  O X X X 
O O O O O 
    X     
----------

Black 0,3
----------
    O X   
O O X X   
  O X X X 
O O O O O 
    X     
----------

White 0,0
----------
O   O X   
O O X X   
  O X X X 
O O O O O 
    X     
----------

Black 0,1
----------
O X   X   
O O X X   
  O X X X 
O O O O O 
    X     
----------

White 2,0
----------
O X   X   
O O X X   
O O X X X 
O O O O O 
    X     
----------

Black 0,2
----------
O X X X   
O O X X   
O O X X X 
O O O O O 
    X     
----------

White 4,0
----------
O X X X   
O O X X   
O O X X X 
O O O O O 
O   X     
----------

Game end.
The winner is O
ta time: 32.97
student time: 26.15
White(You) win!
=====Round 10=====
Black:You White:TA
Thu Oct 29 03:24:37 PDT 2020
Clean up...
Start Playing...
Black 2,2
----------
          
          
    X     
          
          
----------

White 2,1
----------
          
          
  O X     
          
          
----------

Black 1,2
----------
          
    X     
  O X     
          
          
----------

White 3,2
----------
          
    X     
  O X     
    O     
          
----------

Black 1,1
----------
          
  X X     
  O X     
    O     
          
----------

White 2,3
----------
          
  X X     
  O X O   
    O     
          
----------

Black 1,3
----------
          
  X X X   
  O X O   
    O     
          
----------

White 2,4
----------
          
  X X X   
  O X O O 
    O     
          
----------

Black 1,0
----------
          
X X X X   
  O X O O 
    O     
          
----------

White 3,1
----------
          
X X X X   
  O X O O 
  O O     
          
----------

Black 0,3
----------
      X   
X X X X   
  O X O O 
  O O     
          
----------

White 3,3
----------
      X   
X X X X   
  O X O O 
  O O O   
          
----------

Black 2,0
----------
      X   
X X X X   
X O X O O 
  O O O   
          
----------

White 0,2
----------
    O X   
X X X X   
X O X O O 
  O O O   
          
----------

Black 0,1
----------
  X   X   
X X X X   
X O X O O 
  O O O   
          
----------

White 4,2
----------
  X   X   
X X X X   
X O X O O 
  O O O   
    O     
----------

Black 3,0
----------
  X   X   
X X X X   
X O X O O 
X O O O   
    O     
----------

White 3,4
----------
  X   X   
X X X X   
X O X O O 
X O O O O 
    O     
----------

Black 4,0
----------
  X   X   
X X X X   
X O X O O 
X O O O O 
X   O     
----------

White 4,3
----------
  X   X   
X X X X   
X O X O O 
X O O O O 
X   O O   
----------

Black 0,0
----------
X X   X   
X X X X   
X O X O O 
X O O O O 
X   O O   
----------

White 4,1
----------
X X   X   
X X X X   
X O X O O 
X O O O O 
X O O O   
----------

Black 0,2
----------
X X X X   
X X X X   
X O X O O 
X O O O O 
X O O O   
----------

White 1,4
----------
X X X X   
X X X X O 
X O X O O 
X O O O O 
X O O O   
----------

Game end.
The winner is O
ta time: 36.44
student time: 29
Black(You) lose.

==Playing with championship_player==
=====Round 1=====
Black:TA White:You
Thu Oct 29 03:24:47 PDT 2020
Clean up...
Start Playing...
Black 2,2
----------
          
          
    X     
          
          
----------

White 1,3
----------
          
      O   
    X     
          
          
----------

Black 2,3
----------
          
      O   
    X X   
          
          
----------

White 0,0
----------
O         
      O   
    X X   
          
          
----------

Black 1,2
----------
O         
    X O   
    X X   
          
          
----------

White 3,1
----------
O         
    X O   
    X X   
  O       
          
----------

Black 1,1
----------
O         
  X X O   
    X X   
  O       
          
----------

White 3,4
----------
O         
  X X O   
    X X   
  O     O 
          
----------

Black 2,4
----------
O         
  X X O   
    X X X 
  O     O 
          
----------

White 0,3
----------
O     O   
  X X O   
    X X X 
  O     O 
          
----------

Black 1,0
----------
O     O   
X X X O   
    X X X 
  O     O 
          
----------

White 3,0
----------
O     O   
X X X O   
    X X X 
O O     O 
          
----------

Black 0,1
----------
  X   O   
X X X O   
    X X X 
O O     O 
          
----------

White 3,2
----------
  X   O   
X X X O   
    X X X 
O O O   O 
          
----------

Black 2,1
----------
  X   O   
X X X O   
  X X X X 
O O O   O 
          
----------

White 3,3
----------
  X   O   
X X X O   
  X X X X 
O O O O O 
          
----------

Black 1,4
----------
  X   O   
X X X O X 
  X X X X 
O O O O O 
          
----------

White 2,0
----------
  X   O   
X X X O X 
O X X X X 
O O O O O 
          
----------

Black 0,4
----------
  X   O X 
X X X O X 
O X X X X 
O O O O O 
          
----------

White 4,0
----------
  X   O X 
X X X O X 
O X X X X 
O O O O O 
O         
----------

Black 0,2
----------
  X X   X 
X X X   X 
O X X X X 
O O O O O 
O         
----------

White 4,1
----------
  X X   X 
X X X   X 
O X X X X 
O O O O O 
O O       
----------

Black 1,3
----------
  X X   X 
X X X X X 
O X X X X 
O O O O O 
O O       
----------

White 4,2
----------
  X X   X 
X X X X X 
O X X X X 
O O O O O 
O O O     
----------

Game end.
The winner is X
ta time: 66.89
student time: 32.21
White(You) lose.
=====Round 2=====
Black:You White:TA
Thu Oct 29 03:25:15 PDT 2020
Clean up...
Start Playing...
Black 2,2
----------
          
          
    X     
          
          
----------

White 3,2
----------
          
          
    X     
    O     
          
----------

Black 1,2
----------
          
    X     
    X     
    O     
          
----------

White 3,3
----------
          
    X     
    X     
    O O   
          
----------

Black 1,1
----------
          
  X X     
    X     
    O O   
          
----------

White 3,1
----------
          
  X X     
    X     
  O O O   
          
----------

Black 1,3
----------
          
  X X X   
    X     
  O O O   
          
----------

White 2,0
----------
          
  X X X   
O   X     
  O O O   
          
----------

Black 1,4
----------
          
  X X X X 
O   X     
  O O O   
          
----------

White 2,1
----------
          
  X X X X 
O O X     
  O O O   
          
----------

Black 0,1
----------
  X       
  X X X X 
O O X     
  O O O   
          
----------

White 1,0
----------
  X       
O X X X X 
O O X     
  O O O   
          
----------

Black 2,3
----------
  X       
O X X X X 
O O X X   
  O O O   
          
----------

White 3,4
----------
  X       
O X X X X 
O O X X   
  O O O O 
          
----------

Black 0,0
----------
X X       
O X X X X 
O O X X   
  O O O O 
          
----------

White 0,3
----------
X X   O   
O X X X X 
O O X X   
  O O O O 
          
----------

Black 0,2
----------
X X X O   
O X X X X 
O O X X   
  O O O O 
          
----------

White 4,2
----------
X X X O   
O X X X X 
O O X X   
  O O O O 
    O     
----------

Black 4,0
----------
X X X O   
O X X X X 
O O X X   
  O O O O 
X   O     
----------

White 2,4
----------
X X X O   
O X X X X 
O O X X O 
  O O O O 
X   O     
----------

Black 0,4
----------
X X X   X 
O X X X X 
O O X X O 
  O O O O 
X   O     
----------

White 4,4
----------
X X X   X 
O X X X X 
O O X X O 
  O O O O 
X   O   O 
----------

Black 3,0
----------
X X X   X 
O X X X X 
O O X X O 
X O O O O 
X   O   O 
----------

White 0,3
----------
      O   
O         
O O     O 
X O O O O 
X   O   O 
----------

Game end.
The winner is O
ta time: 104.83
student time: 35.12
Black(You) lose.
=====Round 3=====
Black:TA White:You
Thu Oct 29 03:25:45 PDT 2020
Clean up...
Start Playing...
Black 2,2
----------
          
          
    X     
          
          
----------

White 1,3
----------
          
      O   
    X     
          
          
----------

Black 1,2
----------
          
    X O   
    X     
          
          
----------

White 0,0
----------
O         
    X O   
    X     
          
          
----------

Black 2,3
----------
O         
    X O   
    X X   
          
          
----------

White 3,1
----------
O         
    X O   
    X X   
  O       
          
----------

Black 1,1
----------
O         
  X X O   
    X X   
  O       
          
----------

White 3,4
----------
O         
  X X O   
    X X   
  O     O 
          
----------

Black 2,4
----------
O         
  X X O   
    X X X 
  O     O 
          
----------

White 0,3
----------
O     O   
  X X O   
    X X X 
  O     O 
          
----------

Black 1,0
----------
O     O   
X X X O   
    X X X 
  O     O 
          
----------

White 3,0
----------
O     O   
X X X O   
    X X X 
O O     O 
          
----------

Black 0,1
----------
  X   O   
X X X O   
    X X X 
O O     O 
          
----------

White 3,2
----------
  X   O   
X X X O   
    X X X 
O O O   O 
          
----------

Black 2,0
----------
  X   O   
X X X O   
X   X X X 
O O O   O 
          
----------

White 3,3
----------
  X   O   
X X X O   
X   X X X 
O O O O O 
          
----------

Black 1,4
----------
  X   O   
X X X O X 
X   X X X 
O O O O O 
          
----------

White 2,1
----------
  X   O   
X X X O X 
X O X X X 
O O O O O 
          
----------

Black 0,4
----------
  X   O X 
X X X O X 
X O X X X 
O O O O O 
          
----------

White 4,0
----------
  X   O X 
X X X O X 
X O X X X 
O O O O O 
O         
----------

Black 0,2
----------
  X X   X 
X X X   X 
X O X X X 
O O O O O 
O         
----------

White 4,1
----------
  X X   X 
X X X   X 
X O X X X 
O O O O O 
O O       
----------

Black 4,3
----------
  X X   X 
X X X   X 
X O X X X 
O O O O O 
O O   X   
----------

White 4,2
----------
  X X   X 
X X X   X 
X O X X X 
O O O O O 
O O O X   
----------

Game end.
The winner is X
ta time: 133.71
student time: 38.39
White(You) lose.
=====Round 4=====
Black:You White:TA
Thu Oct 29 03:26:10 PDT 2020
Clean up...
Start Playing...
Black 2,2
----------
          
          
    X     
          
          
----------

White 3,3
----------
          
          
    X     
      O   
          
----------

Black 1,2
----------
          
    X     
    X     
      O   
          
----------

White 2,3
----------
          
    X     
    X O   
      O   
          
----------

Black 1,1
----------
          
  X X     
    X O   
      O   
          
----------

White 3,2
----------
          
  X X     
    X O   
    O O   
          
----------

Black 1,3
----------
          
  X X X   
    X O   
    O O   
          
----------

White 3,1
----------
          
  X X X   
    X O   
  O O O   
          
----------

Black 1,0
----------
          
X X X X   
    X O   
  O O O   
          
----------

White 1,4
----------
          
X X X X O 
    X O   
  O O O   
          
----------

Black 0,3
----------
      X   
X X X X O 
    X O   
  O O O   
          
----------

White 2,1
----------
      X   
X X X X O 
  O X O   
  O O O   
          
----------

Black 0,4
----------
      X X 
X X X X O 
  O X O   
  O O O   
          
----------

White 2,4
----------
      X X 
X X X X O 
  O X O O 
  O O O   
          
----------

Black 2,0
----------
      X X 
X X X X O 
X O X O O 
  O O O   
          
----------

White 3,0
----------
      X X 
X X X X O 
X O X O O 
O O O O   
          
----------

Black 0,0
----------
X     X X 
X X X X O 
X O X O O 
O O O O   
          
----------

White 4,2
----------
X     X X 
X X X X O 
X O X O O 
O O O O   
    O     
----------

Black 0,1
----------
X X   X X 
X X X X O 
X O X O O 
O O O O   
    O     
----------

White 4,3
----------
X X   X X 
X X X X O 
X O X O O 
O O O O   
    O O   
----------

Black 3,4
----------
X X   X X 
X X X X O 
X O X O O 
O O O O X 
    O O   
----------

White 0,2
----------
    O     
        O 
  O   O O 
O O O O X 
    O O   
----------

Black 1,1
----------
    O     
  X     O 
  O   O O 
O O O O X 
    O O   
----------

White 2,2
----------
    O     
  X     O 
  O O O O 
O O O O X 
    O O   
----------

Game end.
The winner is O
ta time: 169.51
student time: 41.24
Black(You) lose.
=====Round 5=====
Black:TA White:You
Thu Oct 29 03:26:39 PDT 2020
Clean up...
Start Playing...
Black 2,2
----------
          
          
    X     
          
          
----------

White 1,3
----------
          
      O   
    X     
          
          
----------

Black 2,3
----------
          
      O   
    X X   
          
          
----------

White 0,0
----------
O         
      O   
    X X   
          
          
----------

Black 1,2
----------
O         
    X O   
    X X   
          
          
----------

White 3,1
----------
O         
    X O   
    X X   
  O       
          
----------

Black 3,2
----------
O         
    X O   
    X X   
  O X     
          
----------

White 3,4
----------
O         
    X O   
    X X   
  O X   O 
          
----------

Black 2,1
----------
O         
    X O   
  X X X   
  O X   O 
          
----------

White 0,1
----------
O O       
    X O   
  X X X   
  O X   O 
          
----------

Black 0,2
----------
O O X     
    X O   
  X X X   
  O X   O 
          
----------

White 3,0
----------
O O X     
    X O   
  X X X   
O O X   O 
          
----------

Black 2,4
----------
O O X     
    X O   
  X X X X 
O O X   O 
          
----------

White 3,3
----------
O O X     
    X O   
  X X X X 
O O X O O 
          
----------

Black 2,0
----------
O O X     
    X O   
X X X X X 
O O X O O 
          
----------

White 0,3
----------
O O X O   
    X O   
X X X X X 
O O X O O 
          
----------

Black 4,1
----------
O O X O   
    X O   
X X X X X 
O O X O O 
  X       
----------

White 4,3
----------
O O X O   
    X O   
X X X X X 
O O X O O 
  X   O   
----------

Black 1,1
----------
O O X O   
  X X O   
X X X X X 
O O X O O 
  X   O   
----------

White 4,2
----------
O O X O   
  X X O   
X X X X X 
O O X O O 
  X O O   
----------

Black 4,0
----------
O O X O   
  X X O   
X X X X X 
    X O O 
X X O O   
----------

White 3,1
----------
O O X O   
  X X O   
X X X X X 
  O X O O 
X X O O   
----------

Black 3,0
----------
O O X O   
  X X O   
X X X X X 
X   X O O 
X X O O   
----------

White 0,4
----------
O O X O O 
  X X O   
X X X X X 
X   X O O 
X X O O   
----------

Game end.
The winner is X
ta time: 201.91
student time: 44.41
White(You) lose.
=====Round 6=====
Black:You White:TA
Thu Oct 29 03:27:06 PDT 2020
Clean up...
Start Playing...
Black 2,2
----------
          
          
    X     
          
          
----------

White 2,1
----------
          
          
  O X     
          
          
----------

Black 1,2
----------
          
    X     
  O X     
          
          
----------

White 3,1
----------
          
    X     
  O X     
  O       
          
----------

Black 0,0
----------
X         
    X     
  O X     
  O       
          
----------

White 3,2
----------
X         
    X     
  O X     
  O O     
          
----------

Black 1,3
----------
X         
    X X   
  O X     
  O O     
          
----------

White 3,3
----------
X         
    X X   
  O X     
  O O O   
          
----------

Black 1,4
----------
X         
    X X X 
  O X     
  O O O   
          
----------

White 1,1
----------
X         
  O X X X 
  O X     
  O O O   
          
----------

Black 1,0
----------
X         
X O X X X 
  O X     
  O O O   
          
----------

White 0,1
----------
X O       
X O X X X 
  O X     
  O O O   
          
----------

Black 0,2
----------
X O X     
X O X X X 
  O X     
  O O O   
          
----------

White 2,0
----------
  O X     
  O X X X 
O O X     
  O O O   
          
----------

Black 4,0
----------
  O X     
  O X X X 
O O X     
  O O O   
X         
----------

White 4,1
----------
  O X     
  O X X X 
O O X     
  O O O   
X O       
----------

Black 4,3
----------
  O X     
  O X X X 
O O X     
  O O O   
X O   X   
----------

White 3,4
----------
  O X     
  O X X X 
O O X     
  O O O O 
X O   X   
----------

Black 2,3
----------
  O X     
  O X X X 
O O X X   
  O O O O 
X O   X   
----------

White 4,4
----------
  O X     
  O X X X 
O O X X   
  O O O O 
X O   X O 
----------

Black 0,3
----------
  O X X   
  O X X X 
O O X X   
  O O O O 
X O   X O 
----------

White 4,2
----------
  O X X   
  O X X X 
O O X X   
  O O O O 
X O O   O 
----------

Black 0,0
----------
X O X X   
  O X X X 
O O X X   
  O O O O 
X O O   O 
----------

White 3,0
----------
X O X X   
  O X X X 
O O X X   
O O O O O 
  O O   O 
----------

Game end.
The winner is O
ta time: 235.11
student time: 47.69
Black(You) lose.
=====Round 7=====
Black:TA White:You
Thu Oct 29 03:27:34 PDT 2020
Clean up...
Start Playing...
Black 2,2
----------
          
          
    X     
          
          
----------

White 1,3
----------
          
      O   
    X     
          
          
----------

Black 1,2
----------
          
    X O   
    X     
          
          
----------

White 0,0
----------
O         
    X O   
    X     
          
          
----------

Black 2,3
----------
O         
    X O   
    X X   
          
          
----------

White 3,1
----------
O         
    X O   
    X X   
  O       
          
----------

Black 2,1
----------
O         
    X O   
  X X X   
  O       
          
----------

White 3,4
----------
O         
    X O   
  X X X   
  O     O 
          
----------

Black 2,4
----------
O         
    X O   
  X X X X 
  O     O 
          
----------

White 0,1
----------
O O       
    X O   
  X X X X 
  O     O 
          
----------

Black 0,2
----------
O O X     
    X O   
  X X X X 
  O     O 
          
----------

White 3,0
----------
O O X     
    X O   
  X X X X 
O O     O 
          
----------

Black 1,0
----------
O O X     
X   X O   
  X X X X 
O O     O 
          
----------

White 2,0
----------
O O X     
X   X O   
O X X X X 
O O     O 
          
----------

Black 1,1
----------
    X     
X X X O   
O X X X X 
O O     O 
          
----------

White 3,2
----------
    X     
X X X O   
O X X X X 
O O O   O 
          
----------

Black 3,3
----------
    X     
X X X O   
O X X X X 
O O O X O 
          
----------

White 0,3
----------
    X O   
X X X O   
O X X X X 
O O O X O 
          
----------

Black 4,2
----------
    X O   
X X X O   
O X X X X 
O O O X O 
    X     
----------

White 4,1
----------
    X O   
X X X O   
O X X X X 
O O O X O 
  O X     
----------

Black 4,0
----------
    X O   
X X X O   
  X X X X 
      X O 
X   X     
----------

White 3,0
----------
    X O   
X X X O   
  X X X X 
O     X O 
X   X     
----------

Black 4,1
----------
    X O   
X X X O   
  X X X X 
O     X O 
X X X     
----------

White 3,1
----------
    X O   
X X X O   
  X X X X 
O O   X O 
X X X     
----------

Game end.
The winner is X
ta time: 265.62
student time: 51
White(You) lose.
=====Round 8=====
Black:You White:TA
Thu Oct 29 03:28:00 PDT 2020
Clean up...
Start Playing...
Black 2,2
----------
          
          
    X     
          
          
----------

White 2,1
----------
          
          
  O X     
          
          
----------

Black 1,2
----------
          
    X     
  O X     
          
          
----------

White 3,1
----------
          
    X     
  O X     
  O       
          
----------

Black 0,0
----------
X         
    X     
  O X     
  O       
          
----------

White 3,2
----------
X         
    X     
  O X     
  O O     
          
----------

Black 1,3
----------
X         
    X X   
  O X     
  O O     
          
----------

White 3,3
----------
X         
    X X   
  O X     
  O O O   
          
----------

Black 1,4
----------
X         
    X X X 
  O X     
  O O O   
          
----------

White 1,1
----------
X         
  O X X X 
  O X     
  O O O   
          
----------

Black 1,0
----------
X         
X O X X X 
  O X     
  O O O   
          
----------

White 0,1
----------
X O       
X O X X X 
  O X     
  O O O   
          
----------

Black 0,2
----------
X O X     
X O X X X 
  O X     
  O O O   
          
----------

White 2,0
----------
  O X     
  O X X X 
O O X     
  O O O   
          
----------

Black 4,0
----------
  O X     
  O X X X 
O O X     
  O O O   
X         
----------

White 3,0
----------
  O X     
  O X X X 
O O X     
O O O O   
X         
----------

Black 4,3
----------
  O X     
  O X X X 
O O X     
O O O O   
X     X   
----------

White 3,4
----------
  O X     
  O X X X 
O O X     
O O O O O 
X     X   
----------

Black 2,3
----------
  O X     
  O X X X 
O O X X   
O O O O O 
X     X   
----------

White 4,4
----------
  O X     
  O X X X 
O O X X   
O O O O O 
X     X O 
----------

Black 0,3
----------
  O X X   
  O X X X 
O O X X   
O O O O O 
X     X O 
----------

White 4,2
----------
  O X X   
  O X X X 
O O X X   
O O O O O 
X   O   O 
----------

Black 0,0
----------
X O X X   
  O X X X 
O O X X   
O O O O O 
X   O   O 
----------

White 4,1
----------
X O X X   
  O X X X 
O O X X   
O O O O O 
  O O   O 
----------

Game end.
The winner is O
ta time: 301.27
student time: 54.09
Black(You) lose.
=====Round 9=====
Black:TA White:You
Thu Oct 29 03:28:28 PDT 2020
Clean up...
Start Playing...
Black 2,2
----------
          
          
    X     
          
          
----------

White 1,3
----------
          
      O   
    X     
          
          
----------

Black 2,3
----------
          
      O   
    X X   
          
          
----------

White 0,0
----------
O         
      O   
    X X   
          
          
----------

Black 1,2
----------
O         
    X O   
    X X   
          
          
----------

White 3,1
----------
O         
    X O   
    X X   
  O       
          
----------

Black 2,1
----------
O         
    X O   
  X X X   
  O       
          
----------

White 3,4
----------
O         
    X O   
  X X X   
  O     O 
          
----------

Black 2,4
----------
O         
    X O   
  X X X X 
  O     O 
          
----------

White 0,1
----------
O O       
    X O   
  X X X X 
  O     O 
          
----------

Black 2,0
----------
O O       
    X O   
X X X X X 
  O     O 
          
----------

White 4,1
----------
O O       
    X O   
X X X X X 
  O     O 
  O       
----------

Black 0,3
----------
O O   X   
    X O   
X X X X X 
  O     O 
  O       
----------

White 0,2
----------
O O O X   
    X O   
X X X X X 
  O     O 
  O       
----------

Black 1,4
----------
O O O X   
    X   X 
X X X X X 
  O     O 
  O       
----------

White 3,3
----------
O O O X   
    X   X 
X X X X X 
  O   O O 
  O       
----------

Black 1,3
----------
O O O X   
    X X X 
X X X X X 
  O   O O 
  O       
----------

White 3,2
----------
O O O X   
    X X X 
X X X X X 
  O O O O 
  O       
----------

Black 1,0
----------
O O O X   
X   X X X 
X X X X X 
  O O O O 
  O       
----------

White 3,0
----------
O O O X   
X   X X X 
X X X X X 
O O O O O 
  O       
----------

Black 1,1
----------
      X   
X X X X X 
X X X X X 
O O O O O 
  O       
----------

White 0,1
----------
  O   X   
X X X X X 
X X X X X 
O O O O O 
  O       
----------

Black 4,3
----------
  O   X   
X X X X X 
X X X X X 
O O O O O 
  O   X   
----------

White 4,2
----------
  O   X   
X X X X X 
X X X X X 
O O O O O 
  O O X   
----------

Game end.
The winner is X
ta time: 327.72
student time: 57.49
White(You) lose.
=====Round 10=====
Black:You White:TA
Thu Oct 29 03:28:54 PDT 2020
Clean up...
Start Playing...
Black 2,2
----------
          
          
    X     
          
          
----------

White 1,3
----------
          
      O   
    X     
          
          
----------

Black 2,1
----------
          
      O   
  X X     
          
          
----------

White 1,2
----------
          
    O O   
  X X     
          
          
----------

Black 1,1
----------
          
  X O O   
  X X     
          
          
----------

White 2,3
----------
          
  X O O   
  X X O   
          
          
----------

Black 3,1
----------
          
  X O O   
  X X O   
  X       
          
----------

White 3,3
----------
          
  X O O   
  X X O   
  X   O   
          
----------

Black 0,1
----------
  X       
  X O O   
  X X O   
  X   O   
          
----------

White 0,2
----------
  X O     
  X O O   
  X X O   
  X   O   
          
----------

Black 3,2
----------
  X O     
  X O O   
  X X O   
  X X O   
          
----------

White 4,3
----------
  X O     
  X O O   
  X X O   
  X X O   
      O   
----------

Black 3,0
----------
  X O     
  X O O   
  X X O   
X X X O   
      O   
----------

White 2,4
----------
  X O     
  X O O   
  X X O O 
X X X O   
      O   
----------

Black 0,0
----------
X X O     
  X O O   
  X X O O 
X X X O   
      O   
----------

White 0,4
----------
X X O   O 
  X O O   
  X X O O 
X X X O   
      O   
----------

Black 1,0
----------
X X O   O 
X X O O   
  X X O O 
X X X O   
      O   
----------

White 4,4
----------
X X O   O 
X X O O   
  X X O O 
X X X O   
      O O 
----------

Black 2,0
----------
X X O   O 
X X O O   
X X X O O 
X X X O   
      O O 
----------

White 4,1
----------
X X O   O 
X X O O   
X X X O O 
X X X O   
  O   O O 
----------

Black 4,0
----------
X X O   O 
X X O O   
X X X O O 
X X X O   
X O   O O 
----------

White 4,2
----------
    O   O 
    O O   
      O O 
      O   
  O O O O 
----------

Black 2,1
----------
    O   O 
    O O   
  X   O O 
      O   
  O O O O 
----------

White 3,0
----------
    O   O 
    O O   
  X   O O 
O     O   
  O O O O 
----------

Game end.
The winner is O
ta time: 366.4
student time: 60.37
Black(You) lose.
