Wed Oct 28 07:25:14 PDT 2020

==Playing with qlearning_player==
=====Round 1=====
Black:TA White:You
Wed Oct 28 07:25:14 PDT 2020
Clean up...
Start Playing...
Black 1,2
----------
          
    X     
          
          
          
----------

White ERROR: Run out of time or Your program interrupted
output.txt not found or invalid format
ta time: 0.31
student time: 0.02
White(You) lose.
=====Round 2=====
Black:You White:TA
Wed Oct 28 07:25:15 PDT 2020
Clean up...
Start Playing...
Black ERROR: Run out of time or Your program interrupted
output.txt not found or invalid format
ta time: 0.31
student time: 0.04
Black(You) lose.
=====Round 3=====
Black:TA White:You
Wed Oct 28 07:25:15 PDT 2020
Clean up...
Start Playing...
Black 1,2
----------
          
    X     
          
          
          
----------

White ERROR: Run out of time or Your program interrupted
output.txt not found or invalid format
ta time: 0.6
student time: 0.06
White(You) lose.
=====Round 4=====
Black:You White:TA
Wed Oct 28 07:25:16 PDT 2020
Clean up...
Start Playing...
Black ERROR: Run out of time or Your program interrupted
output.txt not found or invalid format
ta time: 0.6
student time: 0.08
Black(You) lose.
=====Round 5=====
Black:TA White:You
Wed Oct 28 07:25:16 PDT 2020
Clean up...
Start Playing...
Black 1,2
----------
          
    X     
          
          
          
----------

White ERROR: Run out of time or Your program interrupted
output.txt not found or invalid format
ta time: 0.94
student time: 0.1
White(You) lose.
=====Round 6=====
Black:You White:TA
Wed Oct 28 07:25:16 PDT 2020
Clean up...
Start Playing...
Black ERROR: Run out of time or Your program interrupted
output.txt not found or invalid format
ta time: 0.94
student time: 0.12
Black(You) lose.
=====Round 7=====
Black:TA White:You
Wed Oct 28 07:25:17 PDT 2020
Clean up...
Start Playing...
Black 1,2
----------
          
    X     
          
          
          
----------

White ERROR: Run out of time or Your program interrupted
output.txt not found or invalid format
ta time: 1.28
student time: 0.14
White(You) lose.
=====Round 8=====
Black:You White:TA
Wed Oct 28 07:25:17 PDT 2020
Clean up...
Start Playing...
Black ERROR: Run out of time or Your program interrupted
output.txt not found or invalid format
ta time: 1.28
student time: 0.15
Black(You) lose.
=====Round 9=====
Black:TA White:You
Wed Oct 28 07:25:18 PDT 2020
Clean up...
Start Playing...
Black 1,2
----------
          
    X     
          
          
          
----------

White ERROR: Run out of time or Your program interrupted
output.txt not found or invalid format
ta time: 1.65
student time: 0.17
White(You) lose.
=====Round 10=====
Black:You White:TA
Wed Oct 28 07:25:18 PDT 2020
Clean up...
Start Playing...
Black ERROR: Run out of time or Your program interrupted
output.txt not found or invalid format
ta time: 1.65
student time: 0.19
Black(You) lose.

==Playing with championship_player==
=====Round 1=====
Black:TA White:You
Wed Oct 28 07:25:18 PDT 2020
Clean up...
Start Playing...
Black 2,2
----------
          
          
    X     
          
          
----------

White ERROR: Run out of time or Your program interrupted
output.txt not found or invalid format
ta time: 1.72
student time: 0.21
White(You) lose.
=====Round 2=====
Black:You White:TA
Wed Oct 28 07:25:19 PDT 2020
Clean up...
Start Playing...
Black ERROR: Run out of time or Your program interrupted
output.txt not found or invalid format
ta time: 1.72
student time: 0.23
Black(You) lose.
=====Round 3=====
Black:TA White:You
Wed Oct 28 07:25:19 PDT 2020
Clean up...
Start Playing...
Black 2,2
----------
          
          
    X     
          
          
----------

White ERROR: Run out of time or Your program interrupted
output.txt not found or invalid format
ta time: 1.8
student time: 0.25
White(You) lose.
=====Round 4=====
Black:You White:TA
Wed Oct 28 07:25:19 PDT 2020
Clean up...
Start Playing...
Black ERROR: Run out of time or Your program interrupted
output.txt not found or invalid format
ta time: 1.8
student time: 0.27
Black(You) lose.
=====Round 5=====
Black:TA White:You
Wed Oct 28 07:25:20 PDT 2020
Clean up...
Start Playing...
Black 2,2
----------
          
          
    X     
          
          
----------

White ERROR: Run out of time or Your program interrupted
output.txt not found or invalid format
ta time: 1.88
student time: 0.28
White(You) lose.
=====Round 6=====
Black:You White:TA
Wed Oct 28 07:25:20 PDT 2020
Clean up...
Start Playing...
Black ERROR: Run out of time or Your program interrupted
output.txt not found or invalid format
ta time: 1.88
student time: 0.3
Black(You) lose.
=====Round 7=====
Black:TA White:You
Wed Oct 28 07:25:20 PDT 2020
Clean up...
Start Playing...
Black 2,2
----------
          
          
    X     
          
          
----------

White ERROR: Run out of time or Your program interrupted
output.txt not found or invalid format
ta time: 1.95
student time: 0.32
White(You) lose.
=====Round 8=====
Black:You White:TA
Wed Oct 28 07:25:21 PDT 2020
Clean up...
Start Playing...
Black ERROR: Run out of time or Your program interrupted
output.txt not found or invalid format
ta time: 1.95
student time: 0.34
Black(You) lose.
=====Round 9=====
Black:TA White:You
Wed Oct 28 07:25:21 PDT 2020
Clean up...
Start Playing...
Black 2,2
----------
          
          
    X     
          
          
----------

White ERROR: Run out of time or Your program interrupted
output.txt not found or invalid format
ta time: 2.02
student time: 0.36
White(You) lose.
=====Round 10=====
Black:You White:TA
Wed Oct 28 07:25:22 PDT 2020
Clean up...
Start Playing...
Black ERROR: Run out of time or Your program interrupted
output.txt not found or invalid format
ta time: 2.02
student time: 0.38
Black(You) lose.
