Thu Oct 29 03:01:49 PDT 2020

==Playing with qlearning_player==
=====Round 1=====
Black:TA White:You
Thu Oct 29 03:01:49 PDT 2020
Clean up...
Start Playing...
Black 1,2
----------
          
    X     
          
          
          
----------

White 3,1
----------
          
    X     
          
  O       
          
----------

Black 2,2
----------
          
    X     
    X     
  O       
          
----------

White 2,1
----------
          
    X     
  O X     
  O       
          
----------

Black 0,0
----------
X         
    X     
  O X     
  O       
          
----------

White 1,1
----------
X         
  O X     
  O X     
  O       
          
----------

Black 0,1
----------
X X       
  O X     
  O X     
  O       
          
----------

White 3,2
----------
X X       
  O X     
  O X     
  O O     
          
----------

Black 2,3
----------
X X       
  O X     
  O X X   
  O O     
          
----------

White 3,3
----------
X X       
  O X     
  O X X   
  O O O   
          
----------

Black 0,2
----------
X X X     
  O X     
  O X X   
  O O O   
          
----------

White 3,4
----------
X X X     
  O X     
  O X X   
  O O O O 
          
----------

Black 2,0
----------
X X X     
  O X     
X O X X   
  O O O O 
          
----------

White 2,4
----------
X X X     
  O X     
X O X X O 
  O O O O 
          
----------

Black 1,3
----------
X X X     
  O X X   
X O X X O 
  O O O O 
          
----------

White 1,4
----------
X X X     
  O X X O 
X O X X O 
  O O O O 
          
----------

Black 4,2
----------
X X X     
  O X X O 
X O X X O 
  O O O O 
    X     
----------

White 0,4
----------
X X X   O 
  O X X O 
X O X X O 
  O O O O 
    X     
----------

Black 0,3
----------
X X X X O 
  O X X O 
X O X X O 
  O O O O 
    X     
----------

White 1,0
----------
        O 
O O     O 
X O     O 
  O O O O 
    X     
----------

Black 2,2
----------
        O 
O O     O 
X O X   O 
  O O O O 
    X     
----------

White 3,0
----------
        O 
O O     O 
  O X   O 
O O O O O 
    X     
----------

Black 1,2
----------
        O 
O O X   O 
  O X   O 
O O O O O 
    X     
----------

White 0,1
----------
  O     O 
O O X   O 
  O X   O 
O O O O O 
    X     
----------

Game end.
The winner is O
ta time: 4.09
student time: 3.15
White(You) win!
=====Round 2=====
Black:You White:TA
Thu Oct 29 03:01:59 PDT 2020
Clean up...
Start Playing...
Black 2,2
----------
          
          
    X     
          
          
----------

White 2,1
----------
          
          
  O X     
          
          
----------

Black 1,2
----------
          
    X     
  O X     
          
          
----------

White 3,2
----------
          
    X     
  O X     
    O     
          
----------

Black 1,1
----------
          
  X X     
  O X     
    O     
          
----------

White 2,3
----------
          
  X X     
  O X O   
    O     
          
----------

Black 1,3
----------
          
  X X X   
  O X O   
    O     
          
----------

White 2,0
----------
          
  X X X   
O O X O   
    O     
          
----------

Black 1,4
----------
          
  X X X X 
O O X O   
    O     
          
----------

White 3,3
----------
          
  X X X X 
O O X O   
    O O   
          
----------

Black 0,1
----------
  X       
  X X X X 
O O X O   
    O O   
          
----------

White 2,4
----------
  X       
  X X X X 
O O X O O 
    O O   
          
----------

Black 0,0
----------
X X       
  X X X X 
O O X O O 
    O O   
          
----------

White 0,2
----------
X X O     
  X X X X 
O O X O O 
    O O   
          
----------

Black 0,3
----------
X X   X   
  X X X X 
O O X O O 
    O O   
          
----------

White 3,1
----------
X X   X   
  X X X X 
O O X O O 
  O O O   
          
----------

Black 0,2
----------
X X X X   
  X X X X 
O O X O O 
  O O O   
          
----------

White 4,2
----------
X X X X   
  X X X X 
O O X O O 
  O O O   
    O     
----------

Black 4,0
----------
X X X X   
  X X X X 
O O X O O 
  O O O   
X   O     
----------

White 3,4
----------
X X X X   
  X X X X 
O O X O O 
  O O O O 
X   O     
----------

Black 0,4
----------
X X X X X 
  X X X X 
O O X O O 
  O O O O 
X   O     
----------

White 1,0
----------
          
O         
O O   O O 
  O O O O 
X   O     
----------

Black 0,0
----------
X         
O         
O O   O O 
  O O O O 
X   O     
----------

White 0,1
----------
  O       
O         
O O   O O 
  O O O O 
X   O     
----------

Game end.
The winner is O
ta time: 7.58
student time: 6.18
Black(You) lose.
=====Round 3=====
Black:TA White:You
Thu Oct 29 03:02:08 PDT 2020
Clean up...
Start Playing...
Black 1,2
----------
          
    X     
          
          
          
----------

White 3,1
----------
          
    X     
          
  O       
          
----------

Black 2,2
----------
          
    X     
    X     
  O       
          
----------

White 2,1
----------
          
    X     
  O X     
  O       
          
----------

Black 0,0
----------
X         
    X     
  O X     
  O       
          
----------

White 1,1
----------
X         
  O X     
  O X     
  O       
          
----------

Black 0,1
----------
X X       
  O X     
  O X     
  O       
          
----------

White 3,2
----------
X X       
  O X     
  O X     
  O O     
          
----------

Black 2,3
----------
X X       
  O X     
  O X X   
  O O     
          
----------

White 3,3
----------
X X       
  O X     
  O X X   
  O O O   
          
----------

Black 4,2
----------
X X       
  O X     
  O X X   
  O O O   
    X     
----------

White 3,4
----------
X X       
  O X     
  O X X   
  O O O O 
    X     
----------

Black 2,0
----------
X X       
  O X     
X O X X   
  O O O O 
    X     
----------

White 2,4
----------
X X       
  O X     
X O X X O 
  O O O O 
    X     
----------

Black 0,2
----------
X X X     
  O X     
X O X X O 
  O O O O 
    X     
----------

White 1,4
----------
X X X     
  O X   O 
X O X X O 
  O O O O 
    X     
----------

Black 1,3
----------
X X X     
  O X X O 
X O X X O 
  O O O O 
    X     
----------

White 0,4
----------
X X X   O 
  O X X O 
X O X X O 
  O O O O 
    X     
----------

Black 4,3
----------
X X X   O 
  O X X O 
X O X X O 
  O O O O 
    X X   
----------

White 3,0
----------
X X X   O 
  O X X O 
X O X X O 
O O O O O 
    X X   
----------

Black 0,3
----------
X X X X O 
  O X X O 
X O X X O 
O O O O O 
    X X   
----------

White 1,0
----------
        O 
O O     O 
  O     O 
O O O O O 
    X X   
----------

Black 2,2
----------
        O 
O O     O 
  O X   O 
O O O O O 
    X X   
----------

White 1,2
----------
        O 
O O O   O 
  O X   O 
O O O O O 
    X X   
----------

Game end.
The winner is O
ta time: 11.4
student time: 9.22
White(You) win!
=====Round 4=====
Black:You White:TA
Thu Oct 29 03:02:17 PDT 2020
Clean up...
Start Playing...
Black 2,2
----------
          
          
    X     
          
          
----------

White 2,1
----------
          
          
  O X     
          
          
----------

Black 1,2
----------
          
    X     
  O X     
          
          
----------

White 3,2
----------
          
    X     
  O X     
    O     
          
----------

Black 1,1
----------
          
  X X     
  O X     
    O     
          
----------

White 2,3
----------
          
  X X     
  O X O   
    O     
          
----------

Black 1,3
----------
          
  X X X   
  O X O   
    O     
          
----------

White 4,2
----------
          
  X X X   
  O X O   
    O     
    O     
----------

Black 1,0
----------
          
X X X X   
  O X O   
    O     
    O     
----------

White 3,1
----------
          
X X X X   
  O X O   
  O O     
    O     
----------

Black 1,4
----------
          
X X X X X 
  O X O   
  O O     
    O     
----------

White 0,2
----------
    O     
X X X X X 
  O X O   
  O O     
    O     
----------

Black 2,0
----------
    O     
X X X X X 
X O X O   
  O O     
    O     
----------

White 2,4
----------
    O     
X X X X X 
X O X O O 
  O O     
    O     
----------

Black 3,0
----------
    O     
X X X X X 
X O X O O 
X O O     
    O     
----------

White 3,3
----------
    O     
X X X X X 
X O X O O 
X O O O   
    O     
----------

Black 4,0
----------
    O     
X X X X X 
X O X O O 
X O O O   
X   O     
----------

White 0,1
----------
  O O     
X X X X X 
X O X O O 
X O O O   
X   O     
----------

Black 0,0
----------
X O O     
X X X X X 
X O X O O 
X O O O   
X   O     
----------

White 3,4
----------
X O O     
X X X X X 
X O X O O 
X O O O O 
X   O     
----------

Black 0,3
----------
X     X   
X X X X X 
X O X O O 
X O O O O 
X   O     
----------

White 0,2
----------
X   O X   
X X X X X 
X O X O O 
X O O O O 
X   O     
----------

Black 0,1
----------
X X   X   
X X X X X 
X O X O O 
X O O O O 
X   O     
----------

White 4,3
----------
X X   X   
X X X X X 
X O X O O 
X O O O O 
X   O O   
----------

Game end.
The winner is X
ta time: 15.01
student time: 12.33
Black(You) win!
=====Round 5=====
Black:TA White:You
Thu Oct 29 03:02:27 PDT 2020
Clean up...
Start Playing...
Black 1,2
----------
          
    X     
          
          
          
----------

White 3,1
----------
          
    X     
          
  O       
          
----------

Black 2,2
----------
          
    X     
    X     
  O       
          
----------

White 2,1
----------
          
    X     
  O X     
  O       
          
----------

Black 0,0
----------
X         
    X     
  O X     
  O       
          
----------

White 1,1
----------
X         
  O X     
  O X     
  O       
          
----------

Black 0,1
----------
X X       
  O X     
  O X     
  O       
          
----------

White 3,2
----------
X X       
  O X     
  O X     
  O O     
          
----------

Black 2,3
----------
X X       
  O X     
  O X X   
  O O     
          
----------

White 3,3
----------
X X       
  O X     
  O X X   
  O O O   
          
----------

Black 2,4
----------
X X       
  O X     
  O X X X 
  O O O   
          
----------

White 3,0
----------
X X       
  O X     
  O X X X 
O O O O   
          
----------

Black 0,2
----------
X X X     
  O X     
  O X X X 
O O O O   
          
----------

White 3,4
----------
X X X     
  O X     
  O X X X 
O O O O O 
          
----------

Black 4,2
----------
X X X     
  O X     
  O X X X 
O O O O O 
    X     
----------

White 1,0
----------
X X X     
O O X     
  O X X X 
O O O O O 
    X     
----------

Black 1,3
----------
X X X     
O O X X   
  O X X X 
O O O O O 
    X     
----------

White 2,0
----------
X X X     
O O X X   
O O X X X 
O O O O O 
    X     
----------

Black 4,3
----------
X X X     
O O X X   
O O X X X 
O O O O O 
    X X   
----------

White 4,0
----------
X X X     
O O X X   
O O X X X 
O O O O O 
O   X X   
----------

Black 4,1
----------
X X X     
O O X X   
O O X X X 
O O O O O 
O X X X   
----------

White 0,4
----------
X X X   O 
O O X X   
O O X X X 
O O O O O 
O X X X   
----------

Black 4,4
----------
X X X   O 
    X X   
    X X X 
          
  X X X X 
----------

White 2,1
----------
X X X   O 
    X X   
  O X X X 
          
  X X X X 
----------

Game end.
The winner is X
ta time: 19.11
student time: 15.47
White(You) lose.
=====Round 6=====
Black:You White:TA
Thu Oct 29 03:02:36 PDT 2020
Clean up...
Start Playing...
Black 2,2
----------
          
          
    X     
          
          
----------

White 2,1
----------
          
          
  O X     
          
          
----------

Black 1,2
----------
          
    X     
  O X     
          
          
----------

White 3,2
----------
          
    X     
  O X     
    O     
          
----------

Black 1,1
----------
          
  X X     
  O X     
    O     
          
----------

White 2,3
----------
          
  X X     
  O X O   
    O     
          
----------

Black 1,3
----------
          
  X X X   
  O X O   
    O     
          
----------

White 3,3
----------
          
  X X X   
  O X O   
    O O   
          
----------

Black 1,0
----------
          
X X X X   
  O X O   
    O O   
          
----------

White 4,2
----------
          
X X X X   
  O X O   
    O O   
    O     
----------

Black 1,4
----------
          
X X X X X 
  O X O   
    O O   
    O     
----------

White 2,0
----------
          
X X X X X 
O O X O   
    O O   
    O     
----------

Black 2,4
----------
          
X X X X X 
O O X O X 
    O O   
    O     
----------

White 3,1
----------
          
X X X X X 
O O X O X 
  O O O   
    O     
----------

Black 3,4
----------
          
X X X X X 
O O X O X 
  O O O X 
    O     
----------

White 0,2
----------
    O     
X X X X X 
O O X O X 
  O O O X 
    O     
----------

Black 4,4
----------
    O     
X X X X X 
O O X O X 
  O O O X 
    O   X 
----------

White 0,1
----------
  O O     
X X X X X 
O O X O X 
  O O O X 
    O   X 
----------

Black 0,0
----------
X O O     
X X X X X 
O O X O X 
  O O O X 
    O   X 
----------

White 4,1
----------
X O O     
X X X X X 
O O X O X 
  O O O X 
  O O   X 
----------

Black 0,3
----------
X     X   
X X X X X 
O O X O X 
  O O O X 
  O O   X 
----------

White 0,2
----------
X   O X   
X X X X X 
O O X O X 
  O O O X 
  O O   X 
----------

Black 0,1
----------
X X   X   
X X X X X 
O O X O X 
  O O O X 
  O O   X 
----------

White 4,3
----------
X X   X   
X X X X X 
O O X O X 
  O O O X 
  O O O X 
----------

Game end.
The winner is X
ta time: 22.99
student time: 18.48
Black(You) win!
=====Round 7=====
Black:TA White:You
Thu Oct 29 03:02:45 PDT 2020
Clean up...
Start Playing...
Black 1,2
----------
          
    X     
          
          
          
----------

White 3,1
----------
          
    X     
          
  O       
          
----------

Black 2,2
----------
          
    X     
    X     
  O       
          
----------

White 2,1
----------
          
    X     
  O X     
  O       
          
----------

Black 0,0
----------
X         
    X     
  O X     
  O       
          
----------

White 1,1
----------
X         
  O X     
  O X     
  O       
          
----------

Black 0,1
----------
X X       
  O X     
  O X     
  O       
          
----------

White 3,2
----------
X X       
  O X     
  O X     
  O O     
          
----------

Black 2,3
----------
X X       
  O X     
  O X X   
  O O     
          
----------

White 3,3
----------
X X       
  O X     
  O X X   
  O O O   
          
----------

Black 4,2
----------
X X       
  O X     
  O X X   
  O O O   
    X     
----------

White 3,4
----------
X X       
  O X     
  O X X   
  O O O O 
    X     
----------

Black 2,4
----------
X X       
  O X     
  O X X X 
  O O O O 
    X     
----------

White 3,0
----------
X X       
  O X     
  O X X X 
O O O O O 
    X     
----------

Black 2,0
----------
X X       
  O X     
X O X X X 
O O O O O 
    X     
----------

White 1,0
----------
X X       
O O X     
  O X X X 
O O O O O 
    X     
----------

Black 1,3
----------
X X       
O O X X   
  O X X X 
O O O O O 
    X     
----------

White 0,2
----------
    O     
O O X X   
  O X X X 
O O O O O 
    X     
----------

Black 4,1
----------
    O     
O O X X   
  O X X X 
O O O O O 
  X X     
----------

White 0,3
----------
    O O   
O O X X   
  O X X X 
O O O O O 
  X X     
----------

Black 1,4
----------
    O O   
O O X X X 
  O X X X 
O O O O O 
  X X     
----------

White 0,4
----------
    O O O 
O O       
  O       
O O O O O 
  X X     
----------

Black 2,2
----------
    O O O 
O O       
  O X     
O O O O O 
  X X     
----------

White 1,2
----------
    O O O 
O O O     
  O X     
O O O O O 
  X X     
----------

Game end.
The winner is O
ta time: 26.87
student time: 21.47
White(You) win!
=====Round 8=====
Black:You White:TA
Thu Oct 29 03:02:55 PDT 2020
Clean up...
Start Playing...
Black 2,2
----------
          
          
    X     
          
          
----------

White 2,1
----------
          
          
  O X     
          
          
----------

Black 1,2
----------
          
    X     
  O X     
          
          
----------

White 3,2
----------
          
    X     
  O X     
    O     
          
----------

Black 1,1
----------
          
  X X     
  O X     
    O     
          
----------

White 2,3
----------
          
  X X     
  O X O   
    O     
          
----------

Black 1,3
----------
          
  X X X   
  O X O   
    O     
          
----------

White 2,4
----------
          
  X X X   
  O X O O 
    O     
          
----------

Black 1,0
----------
          
X X X X   
  O X O O 
    O     
          
----------

White 3,3
----------
          
X X X X   
  O X O O 
    O O   
          
----------

Black 0,3
----------
      X   
X X X X   
  O X O O 
    O O   
          
----------

White 2,0
----------
      X   
X X X X   
O O X O O 
    O O   
          
----------

Black 0,0
----------
X     X   
X X X X   
O O X O O 
    O O   
          
----------

White 3,1
----------
X     X   
X X X X   
O O X O O 
  O O O   
          
----------

Black 0,1
----------
X X   X   
X X X X   
O O X O O 
  O O O   
          
----------

White 4,2
----------
X X   X   
X X X X   
O O X O O 
  O O O   
    O     
----------

Black 0,2
----------
X X X X   
X X X X   
O O X O O 
  O O O   
    O     
----------

White 4,3
----------
X X X X   
X X X X   
O O X O O 
  O O O   
    O O   
----------

Black 0,4
----------
X X X X X 
X X X X   
O O X O O 
  O O O   
    O O   
----------

White 1,4
----------
          
        O 
O O   O O 
  O O O   
    O O   
----------

Black 1,2
----------
          
    X   O 
O O   O O 
  O O O   
    O O   
----------

White 2,2
----------
          
    X   O 
O O O O O 
  O O O   
    O O   
----------

Black 1,1
----------
          
  X X   O 
O O O O O 
  O O O   
    O O   
----------

White 1,3
----------
          
  X X O O 
O O O O O 
  O O O   
    O O   
----------

Game end.
The winner is O
ta time: 30.61
student time: 25.11
Black(You) lose.
=====Round 9=====
Black:TA White:You
Thu Oct 29 03:03:04 PDT 2020
Clean up...
Start Playing...
Black 1,2
----------
          
    X     
          
          
          
----------

White 3,1
----------
          
    X     
          
  O       
          
----------

Black 2,2
----------
          
    X     
    X     
  O       
          
----------

White 2,1
----------
          
    X     
  O X     
  O       
          
----------

Black 0,0
----------
X         
    X     
  O X     
  O       
          
----------

White 1,1
----------
X         
  O X     
  O X     
  O       
          
----------

Black 0,1
----------
X X       
  O X     
  O X     
  O       
          
----------

White 3,2
----------
X X       
  O X     
  O X     
  O O     
          
----------

Black 2,3
----------
X X       
  O X     
  O X X   
  O O     
          
----------

White 3,3
----------
X X       
  O X     
  O X X   
  O O O   
          
----------

Black 0,2
----------
X X X     
  O X     
  O X X   
  O O O   
          
----------

White 3,4
----------
X X X     
  O X     
  O X X   
  O O O O 
          
----------

Black 1,3
----------
X X X     
  O X X   
  O X X   
  O O O O 
          
----------

White 2,4
----------
X X X     
  O X X   
  O X X O 
  O O O O 
          
----------

Black 2,0
----------
X X X     
  O X X   
X O X X O 
  O O O O 
          
----------

White 1,4
----------
X X X     
  O X X O 
X O X X O 
  O O O O 
          
----------

Black 4,2
----------
X X X     
  O X X O 
X O X X O 
  O O O O 
    X     
----------

White 0,4
----------
X X X   O 
  O X X O 
X O X X O 
  O O O O 
    X     
----------

Black 4,1
----------
X X X   O 
  O X X O 
X O X X O 
  O O O O 
  X X     
----------

White 3,0
----------
X X X   O 
  O X X O 
X O X X O 
O O O O O 
  X X     
----------

Black 1,0
----------
X X X   O 
X O X X O 
X O X X O 
O O O O O 
  X X     
----------

White 0,3
----------
      O O 
  O     O 
  O     O 
O O O O O 
  X X     
----------

Black 2,2
----------
      O O 
  O     O 
  O X   O 
O O O O O 
  X X     
----------

White 0,1
----------
  O   O O 
  O     O 
  O X   O 
O O O O O 
  X X     
----------

Game end.
The winner is O
ta time: 34.62
student time: 28.39
White(You) win!
=====Round 10=====
Black:You White:TA
Thu Oct 29 03:03:13 PDT 2020
Clean up...
Start Playing...
Black 2,2
----------
          
          
    X     
          
          
----------

White 2,1
----------
          
          
  O X     
          
          
----------

Black 1,2
----------
          
    X     
  O X     
          
          
----------

White 3,2
----------
          
    X     
  O X     
    O     
          
----------

Black 1,1
----------
          
  X X     
  O X     
    O     
          
----------

White 2,3
----------
          
  X X     
  O X O   
    O     
          
----------

Black 1,3
----------
          
  X X X   
  O X O   
    O     
          
----------

White 3,3
----------
          
  X X X   
  O X O   
    O O   
          
----------

Black 1,0
----------
          
X X X X   
  O X O   
    O O   
          
----------

White 0,2
----------
    O     
X X X X   
  O X O   
    O O   
          
----------

Black 1,4
----------
    O     
X X X X X 
  O X O   
    O O   
          
----------

White 3,1
----------
    O     
X X X X X 
  O X O   
  O O O   
          
----------

Black 2,0
----------
    O     
X X X X X 
X O X O   
  O O O   
          
----------

White 4,2
----------
    O     
X X X X X 
X O X O   
  O O O   
    O     
----------

Black 2,4
----------
    O     
X X X X X 
X O X O X 
  O O O   
    O     
----------

White 3,0
----------
    O     
X X X X X 
X O X O X 
O O O O   
    O     
----------

Black 3,4
----------
    O     
X X X X X 
X O X O X 
O O O O X 
    O     
----------

White 0,1
----------
  O O     
X X X X X 
X O X O X 
O O O O X 
    O     
----------

Black 0,0
----------
X O O     
X X X X X 
X O X O X 
O O O O X 
    O     
----------

White 4,1
----------
X O O     
X X X X X 
X O X O X 
O O O O X 
  O O     
----------

Black 0,3
----------
X     X   
X X X X X 
X O X O X 
O O O O X 
  O O     
----------

White 0,2
----------
X   O X   
X X X X X 
X O X O X 
O O O O X 
  O O     
----------

Black 0,1
----------
X X   X   
X X X X X 
X O X O X 
O O O O X 
  O O     
----------

White 4,3
----------
X X   X   
X X X X X 
X O X O X 
O O O O X 
  O O O   
----------

Game end.
The winner is X
ta time: 38.64
student time: 31.53
Black(You) win!

==Playing with championship_player==
=====Round 1=====
Black:TA White:You
Thu Oct 29 03:03:23 PDT 2020
Clean up...
Start Playing...
Black 2,2
----------
          
          
    X     
          
          
----------

White 3,1
----------
          
          
    X     
  O       
          
----------

Black 2,1
----------
          
          
  X X     
  O       
          
----------

White 0,0
----------
O         
          
  X X     
  O       
          
----------

Black 3,2
----------
O         
          
  X X     
  O X     
          
----------

White 0,1
----------
O O       
          
  X X     
  O X     
          
----------

Black 2,0
----------
O O       
          
X X X     
  O X     
          
----------

White 0,2
----------
O O O     
          
X X X     
  O X     
          
----------

Black 1,3
----------
O O O     
      X   
X X X     
  O X     
          
----------

White 4,1
----------
O O O     
      X   
X X X     
  O X     
  O       
----------

Black 0,3
----------
O O O X   
      X   
X X X     
  O X     
  O       
----------

White 1,1
----------
O O O X   
  O   X   
X X X     
  O X     
  O       
----------

Black 1,0
----------
O O O X   
X O   X   
X X X     
  O X     
  O       
----------

White 4,2
----------
O O O X   
X O   X   
X X X     
  O X     
  O O     
----------

Black 1,2
----------
      X   
X   X X   
X X X     
  O X     
  O O     
----------

White 4,3
----------
      X   
X   X X   
X X X     
  O X     
  O O O   
----------

Black 3,0
----------
      X   
X   X X   
X X X     
X O X     
  O O O   
----------

White 3,3
----------
      X   
X   X X   
X X X     
X O X O   
  O O O   
----------

Black 2,3
----------
      X   
X   X X   
X X X X   
X O X O   
  O O O   
----------

White 3,4
----------
      X   
X   X X   
X X X X   
X O X O O 
  O O O   
----------

Black 4,0
----------
      X   
X   X X   
X X X X   
X O X O O 
X O O O   
----------

White 2,4
----------
      X   
X   X X   
X X X X O 
X O X O O 
X O O O   
----------

Black 0,4
----------
      X X 
X   X X   
X X X X O 
X O X O O 
X O O O   
----------

White 0,1
----------
  O   X X 
X   X X   
X X X X O 
X O X O O 
X O O O   
----------

Game end.
The winner is X
ta time: 70.67
student time: 34.96
White(You) lose.
=====Round 2=====
Black:You White:TA
Thu Oct 29 03:03:50 PDT 2020
Clean up...
Start Playing...
Black 2,2
----------
          
          
    X     
          
          
----------

White 1,2
----------
          
    O     
    X     
          
          
----------

Black 2,1
----------
          
    O     
  X X     
          
          
----------

White 1,3
----------
          
    O O   
  X X     
          
          
----------

Black 1,1
----------
          
  X O O   
  X X     
          
          
----------

White 2,3
----------
          
  X O O   
  X X O   
          
          
----------

Black 3,1
----------
          
  X O O   
  X X O   
  X       
          
----------

White 3,3
----------
          
  X O O   
  X X O   
  X   O   
          
----------

Black 0,1
----------
  X       
  X O O   
  X X O   
  X   O   
          
----------

White 0,2
----------
  X O     
  X O O   
  X X O   
  X   O   
          
----------

Black 3,2
----------
  X O     
  X O O   
  X X O   
  X X O   
          
----------

White 4,3
----------
  X O     
  X O O   
  X X O   
  X X O   
      O   
----------

Black 3,0
----------
  X O     
  X O O   
  X X O   
X X X O   
      O   
----------

White 1,4
----------
  X O     
  X O O O 
  X X O   
X X X O   
      O   
----------

Black 0,0
----------
X X O     
  X O O O 
  X X O   
X X X O   
      O   
----------

White 3,4
----------
X X O     
  X O O O 
  X X O   
X X X O O 
      O   
----------

Black 1,0
----------
X X O     
X X O O O 
  X X O   
X X X O O 
      O   
----------

White 0,4
----------
X X O   O 
X X O O O 
  X X O   
X X X O O 
      O   
----------

Black 2,0
----------
X X O   O 
X X O O O 
X X X O   
X X X O O 
      O   
----------

White 4,2
----------
X X O   O 
X X O O O 
X X X O   
X X X O O 
    O O   
----------

Black 4,0
----------
X X O   O 
X X O O O 
X X X O   
X X X O O 
X   O O   
----------

White 4,1
----------
    O   O 
    O O O 
      O   
      O O 
  O O O   
----------

Black 2,1
----------
    O   O 
    O O O 
  X   O   
      O O 
  O O O   
----------

White 3,1
----------
    O   O 
    O O O 
  X   O   
  O   O O 
  O O O   
----------

Game end.
The winner is O
ta time: 105.39
student time: 38.3
Black(You) lose.
=====Round 3=====
Black:TA White:You
Thu Oct 29 03:04:19 PDT 2020
Clean up...
Start Playing...
Black 2,2
----------
          
          
    X     
          
          
----------

White 3,1
----------
          
          
    X     
  O       
          
----------

Black 2,1
----------
          
          
  X X     
  O       
          
----------

White 0,0
----------
O         
          
  X X     
  O       
          
----------

Black 3,2
----------
O         
          
  X X     
  O X     
          
----------

White 0,1
----------
O O       
          
  X X     
  O X     
          
----------

Black 1,2
----------
O O       
    X     
  X X     
  O X     
          
----------

White 3,0
----------
O O       
    X     
  X X     
O O X     
          
----------

Black 2,0
----------
O O       
    X     
X X X     
O O X     
          
----------

White 0,2
----------
O O O     
    X     
X X X     
O O X     
          
----------

Black 1,3
----------
O O O     
    X X   
X X X     
O O X     
          
----------

White 0,3
----------
O O O O   
    X X   
X X X     
O O X     
          
----------

Black 1,1
----------
O O O O   
  X X X   
X X X     
O O X     
          
----------

White 0,4
----------
O O O O O 
  X X X   
X X X     
O O X     
          
----------

Black 1,4
----------
O O O O O 
  X X X X 
X X X     
O O X     
          
----------

White 4,1
----------
O O O O O 
  X X X X 
X X X     
O O X     
  O       
----------

Black 1,0
----------
          
X X X X X 
X X X     
O O X     
  O       
----------

White 4,2
----------
          
X X X X X 
X X X     
O O X     
  O O     
----------

Black 4,4
----------
          
X X X X X 
X X X     
O O X     
  O O   X 
----------

White 4,3
----------
          
X X X X X 
X X X     
O O X     
  O O O X 
----------

Black 3,4
----------
          
X X X X X 
X X X     
O O X   X 
  O O O X 
----------

White 3,3
----------
          
X X X X X 
X X X     
O O X O X 
  O O O X 
----------

Black 2,4
----------
          
X X X X X 
X X X   X 
O O X O X 
  O O O X 
----------

White 0,1
----------
  O       
X X X X X 
X X X   X 
O O X O X 
  O O O X 
----------

Game end.
The winner is X
ta time: 140.82
student time: 41.79
White(You) lose.
=====Round 4=====
Black:You White:TA
Thu Oct 29 03:04:48 PDT 2020
Clean up...
Start Playing...
Black 2,2
----------
          
          
    X     
          
          
----------

White 1,2
----------
          
    O     
    X     
          
          
----------

Black 2,1
----------
          
    O     
  X X     
          
          
----------

White 1,3
----------
          
    O O   
  X X     
          
          
----------

Black 1,1
----------
          
  X O O   
  X X     
          
          
----------

White 2,3
----------
          
  X O O   
  X X O   
          
          
----------

Black 3,1
----------
          
  X O O   
  X X O   
  X       
          
----------

White 3,3
----------
          
  X O O   
  X X O   
  X   O   
          
----------

Black 0,1
----------
  X       
  X O O   
  X X O   
  X   O   
          
----------

White 0,2
----------
  X O     
  X O O   
  X X O   
  X   O   
          
----------

Black 3,2
----------
  X O     
  X O O   
  X X O   
  X X O   
          
----------

White 4,3
----------
  X O     
  X O O   
  X X O   
  X X O   
      O   
----------

Black 3,0
----------
  X O     
  X O O   
  X X O   
X X X O   
      O   
----------

White 1,4
----------
  X O     
  X O O O 
  X X O   
X X X O   
      O   
----------

Black 0,0
----------
X X O     
  X O O O 
  X X O   
X X X O   
      O   
----------

White 3,4
----------
X X O     
  X O O O 
  X X O   
X X X O O 
      O   
----------

Black 1,0
----------
X X O     
X X O O O 
  X X O   
X X X O O 
      O   
----------

White 4,1
----------
X X O     
X X O O O 
  X X O   
X X X O O 
  O   O   
----------

Black 4,0
----------
X X O     
X X O O O 
  X X O   
X X X O O 
X O   O   
----------

White 4,2
----------
X X O     
X X O O O 
  X X O   
X X X O O 
X O O O   
----------

Black 0,3
----------
X X O X   
X X O O O 
  X X O   
X X X O O 
X O O O   
----------

White 2,0
----------
    O X   
    O O O 
O     O   
      O O 
  O O O   
----------

Black 1,1
----------
    O X   
  X O O O 
O     O   
      O O 
  O O O   
----------

White 0,4
----------
    O   O 
  X O O O 
O     O   
      O O 
  O O O   
----------

Game end.
The winner is O
ta time: 173.69
student time: 44.74
Black(You) lose.
=====Round 5=====
Black:TA White:You
Thu Oct 29 03:05:15 PDT 2020
Clean up...
Start Playing...
Black 2,2
----------
          
          
    X     
          
          
----------

White 3,1
----------
          
          
    X     
  O       
          
----------

Black 2,1
----------
          
          
  X X     
  O       
          
----------

White 0,0
----------
O         
          
  X X     
  O       
          
----------

Black 3,2
----------
O         
          
  X X     
  O X     
          
----------

White 0,1
----------
O O       
          
  X X     
  O X     
          
----------

Black 1,2
----------
O O       
    X     
  X X     
  O X     
          
----------

White 3,0
----------
O O       
    X     
  X X     
O O X     
          
----------

Black 2,0
----------
O O       
    X     
X X X     
O O X     
          
----------

White 0,2
----------
O O O     
    X     
X X X     
O O X     
          
----------

Black 1,3
----------
O O O     
    X X   
X X X     
O O X     
          
----------

White 0,3
----------
O O O O   
    X X   
X X X     
O O X     
          
----------

Black 1,0
----------
O O O O   
X   X X   
X X X     
O O X     
          
----------

White 0,4
----------
O O O O O 
X   X X   
X X X     
O O X     
          
----------

Black 1,4
----------
O O O O O 
X   X X X 
X X X     
O O X     
          
----------

White 4,1
----------
O O O O O 
X   X X X 
X X X     
O O X     
  O       
----------

Black 1,1
----------
          
X X X X X 
X X X     
O O X     
  O       
----------

White 4,2
----------
          
X X X X X 
X X X     
O O X     
  O O     
----------

Black 0,0
----------
X         
X X X X X 
X X X     
O O X     
  O O     
----------

White 4,3
----------
X         
X X X X X 
X X X     
O O X     
  O O O   
----------

Black 0,2
----------
X   X     
X X X X X 
X X X     
O O X     
  O O O   
----------

White 3,3
----------
X   X     
X X X X X 
X X X     
O O X O   
  O O O   
----------

Black 2,3
----------
X   X     
X X X X X 
X X X X   
O O X O   
  O O O   
----------

White 3,4
----------
X   X     
X X X X X 
X X X X   
O O X O O 
  O O O   
----------

Game end.
The winner is X
ta time: 207.18
student time: 48.33
White(You) lose.
=====Round 6=====
Black:You White:TA
Thu Oct 29 03:05:45 PDT 2020
Clean up...
Start Playing...
Black 2,2
----------
          
          
    X     
          
          
----------

White 2,3
----------
          
          
    X O   
          
          
----------

Black 1,2
----------
          
    X     
    X O   
          
          
----------

White 3,3
----------
          
    X     
    X O   
      O   
          
----------

Black 1,1
----------
          
  X X     
    X O   
      O   
          
----------

White 3,2
----------
          
  X X     
    X O   
    O O   
          
----------

Black 1,3
----------
          
  X X X   
    X O   
    O O   
          
----------

White 3,1
----------
          
  X X X   
    X O   
  O O O   
          
----------

Black 1,0
----------
          
X X X X   
    X O   
  O O O   
          
----------

White 1,4
----------
          
X X X X O 
    X O   
  O O O   
          
----------

Black 0,3
----------
      X   
X X X X O 
    X O   
  O O O   
          
----------

White 2,1
----------
      X   
X X X X O 
  O X O   
  O O O   
          
----------

Black 0,4
----------
      X X 
X X X X O 
  O X O   
  O O O   
          
----------

White 2,4
----------
      X X 
X X X X O 
  O X O O 
  O O O   
          
----------

Black 2,0
----------
      X X 
X X X X O 
X O X O O 
  O O O   
          
----------

White 3,0
----------
      X X 
X X X X O 
X O X O O 
O O O O   
          
----------

Black 0,0
----------
X     X X 
X X X X O 
X O X O O 
O O O O   
          
----------

White 4,2
----------
X     X X 
X X X X O 
X O X O O 
O O O O   
    O     
----------

Black 0,1
----------
X X   X X 
X X X X O 
X O X O O 
O O O O   
    O     
----------

White 3,4
----------
X X   X X 
X X X X O 
X O X O O 
O O O O O 
    O     
----------

Black 4,0
----------
X X   X X 
X X X X O 
X O X O O 
O O O O O 
X   O     
----------

White 0,2
----------
    O     
        O 
  O   O O 
O O O O O 
X   O     
----------

Black 1,1
----------
    O     
  X     O 
  O   O O 
O O O O O 
X   O     
----------

White 2,2
----------
    O     
  X     O 
  O O O O 
O O O O O 
X   O     
----------

Game end.
The winner is O
ta time: 241.77
student time: 51.27
Black(You) lose.
=====Round 7=====
Black:TA White:You
Thu Oct 29 03:06:13 PDT 2020
Clean up...
Start Playing...
Black 2,2
----------
          
          
    X     
          
          
----------

White 3,1
----------
          
          
    X     
  O       
          
----------

Black 3,2
----------
          
          
    X     
  O X     
          
----------

White 1,2
----------
          
    O     
    X     
  O X     
          
----------

Black 1,1
----------
          
  X O     
    X     
  O X     
          
----------

White 1,3
----------
          
  X O O   
    X     
  O X     
          
----------

Black 2,1
----------
          
  X O O   
  X X     
  O X     
          
----------

White 2,3
----------
          
  X O O   
  X X O   
  O X     
          
----------

Black 3,3
----------
          
  X O O   
  X X O   
  O X X   
          
----------

White 3,0
----------
          
  X O O   
  X X O   
O O X X   
          
----------

Black 0,1
----------
  X       
  X O O   
  X X O   
O O X X   
          
----------

White 0,3
----------
  X   O   
  X O O   
  X X O   
O O X X   
          
----------

Black 2,0
----------
  X   O   
  X O O   
X X X O   
O O X X   
          
----------

White 2,4
----------
  X   O   
  X O O   
X X X O O 
O O X X   
          
----------

Black 0,2
----------
  X X O   
  X O O   
X X X O O 
O O X X   
          
----------

White 3,4
----------
  X X O   
  X O O   
X X X O O 
O O X X O 
          
----------

Black 4,3
----------
  X X O   
  X O O   
X X X O O 
O O X X O 
      X   
----------

White 4,1
----------
  X X O   
  X O O   
X X X O O 
O O X X O 
  O   X   
----------

Black 1,0
----------
  X X O   
X X O O   
X X X O O 
O O X X O 
  O   X   
----------

White 0,4
----------
  X X O O 
X X O O   
X X X O O 
O O X X O 
  O   X   
----------

Black 4,4
----------
  X X O O 
X X O O   
X X X O O 
O O X X O 
  O   X X 
----------

White 4,2
----------
  X X O O 
X X O O   
X X X O O 
O O X X O 
  O O X X 
----------

Black 1,4
----------
  X X     
X X     X 
X X X     
O O X X   
  O O X X 
----------

White 1,3
----------
  X X     
X X   O X 
X X X     
O O X X   
  O O X X 
----------

Game end.
The winner is X
ta time: 272.27
student time: 54.66
White(You) lose.
=====Round 8=====
Black:You White:TA
Thu Oct 29 03:06:40 PDT 2020
Clean up...
Start Playing...
Black 2,2
----------
          
          
    X     
          
          
----------

White 3,2
----------
          
          
    X     
    O     
          
----------

Black 1,2
----------
          
    X     
    X     
    O     
          
----------

White 3,1
----------
          
    X     
    X     
  O O     
          
----------

Black 1,1
----------
          
  X X     
    X     
  O O     
          
----------

White 3,3
----------
          
  X X     
    X     
  O O O   
          
----------

Black 1,3
----------
          
  X X X   
    X     
  O O O   
          
----------

White 2,4
----------
          
  X X X   
    X   O 
  O O O   
          
----------

Black 1,0
----------
          
X X X X   
    X   O 
  O O O   
          
----------

White 2,3
----------
          
X X X X   
    X O O 
  O O O   
          
----------

Black 0,3
----------
      X   
X X X X   
    X O O 
  O O O   
          
----------

White 1,4
----------
      X   
X X X X O 
    X O O 
  O O O   
          
----------

Black 2,0
----------
      X   
X X X X O 
X   X O O 
  O O O   
          
----------

White 3,0
----------
      X   
X X X X O 
X   X O O 
O O O O   
          
----------

Black 2,1
----------
      X   
X X X X O 
X X X O O 
O O O O   
          
----------

White 0,1
----------
  O   X   
X X X X O 
X X X O O 
O O O O   
          
----------

Black 0,0
----------
X O   X   
X X X X O 
X X X O O 
O O O O   
          
----------

White 4,3
----------
X O   X   
X X X X O 
X X X O O 
O O O O   
      O   
----------

Black 0,4
----------
X O   X X 
X X X X O 
X X X O O 
O O O O   
      O   
----------

White 0,2
----------
  O O     
        O 
      O O 
O O O O   
      O   
----------

Black 1,1
----------
  O O     
  X     O 
      O O 
O O O O   
      O   
----------

White 1,0
----------
  O O     
O X     O 
      O O 
O O O O   
      O   
----------

Black 1,2
----------
  O O     
O X X   O 
      O O 
O O O O   
      O   
----------

White 2,2
----------
  O O     
O X X   O 
    O O O 
O O O O   
      O   
----------

Game end.
The winner is O
ta time: 307.62
student time: 57.78
Black(You) lose.
=====Round 9=====
Black:TA White:You
Thu Oct 29 03:07:09 PDT 2020
Clean up...
Start Playing...
Black 2,2
----------
          
          
    X     
          
          
----------

White 3,1
----------
          
          
    X     
  O       
          
----------

Black 3,2
----------
          
          
    X     
  O X     
          
----------

White 1,2
----------
          
    O     
    X     
  O X     
          
----------

Black 2,1
----------
          
    O     
  X X     
  O X     
          
----------

White 1,3
----------
          
    O O   
  X X     
  O X     
          
----------

Black 1,1
----------
          
  X O O   
  X X     
  O X     
          
----------

White 2,3
----------
          
  X O O   
  X X O   
  O X     
          
----------

Black 3,3
----------
          
  X O O   
  X X O   
  O X X   
          
----------

White 3,0
----------
          
  X O O   
  X X O   
O O X X   
          
----------

Black 0,1
----------
  X       
  X O O   
  X X O   
O O X X   
          
----------

White 0,3
----------
  X   O   
  X O O   
  X X O   
O O X X   
          
----------

Black 2,0
----------
  X   O   
  X O O   
X X X O   
O O X X   
          
----------

White 2,4
----------
  X   O   
  X O O   
X X X O O 
O O X X   
          
----------

Black 0,2
----------
  X X O   
  X O O   
X X X O O 
O O X X   
          
----------

White 3,4
----------
  X X O   
  X O O   
X X X O O 
O O X X O 
          
----------

Black 4,3
----------
  X X O   
  X O O   
X X X O O 
O O X X O 
      X   
----------

White 4,1
----------
  X X O   
  X O O   
X X X O O 
O O X X O 
  O   X   
----------

Black 1,0
----------
  X X O   
X X O O   
X X X O O 
O O X X O 
  O   X   
----------

White 0,4
----------
  X X O O 
X X O O   
X X X O O 
O O X X O 
  O   X   
----------

Black 4,4
----------
  X X O O 
X X O O   
X X X O O 
O O X X O 
  O   X X 
----------

White 4,2
----------
  X X O O 
X X O O   
X X X O O 
O O X X O 
  O O X X 
----------

Black 1,4
----------
  X X     
X X     X 
X X X     
O O X X   
  O O X X 
----------

White 1,3
----------
  X X     
X X   O X 
X X X     
O O X X   
  O O X X 
----------

Game end.
The winner is X
ta time: 336.93
student time: 61.19
White(You) lose.
=====Round 10=====
Black:You White:TA
Thu Oct 29 03:07:36 PDT 2020
Clean up...
Start Playing...
Black 2,2
----------
          
          
    X     
          
          
----------

White 2,3
----------
          
          
    X O   
          
          
----------

Black 1,2
----------
          
    X     
    X O   
          
          
----------

White 3,3
----------
          
    X     
    X O   
      O   
          
----------

Black 1,1
----------
          
  X X     
    X O   
      O   
          
----------

White 3,2
----------
          
  X X     
    X O   
    O O   
          
----------

Black 1,3
----------
          
  X X X   
    X O   
    O O   
          
----------

White 3,1
----------
          
  X X X   
    X O   
  O O O   
          
----------

Black 1,0
----------
          
X X X X   
    X O   
  O O O   
          
----------

White 1,4
----------
          
X X X X O 
    X O   
  O O O   
          
----------

Black 0,3
----------
      X   
X X X X O 
    X O   
  O O O   
          
----------

White 2,1
----------
      X   
X X X X O 
  O X O   
  O O O   
          
----------

Black 0,4
----------
      X X 
X X X X O 
  O X O   
  O O O   
          
----------

White 2,4
----------
      X X 
X X X X O 
  O X O O 
  O O O   
          
----------

Black 2,0
----------
      X X 
X X X X O 
X O X O O 
  O O O   
          
----------

White 3,0
----------
      X X 
X X X X O 
X O X O O 
O O O O   
          
----------

Black 0,0
----------
X     X X 
X X X X O 
X O X O O 
O O O O   
          
----------

White 4,3
----------
X     X X 
X X X X O 
X O X O O 
O O O O   
      O   
----------

Black 4,1
----------
X     X X 
X X X X O 
X O X O O 
O O O O   
  X   O   
----------

White 0,2
----------
X   O X X 
X X X X O 
X O X O O 
O O O O   
  X   O   
----------

Black 0,1
----------
X X   X X 
X X X X O 
X O X O O 
O O O O   
  X   O   
----------

White 0,2
----------
    O     
        O 
  O   O O 
O O O O   
  X   O   
----------

Black 1,1
----------
    O     
  X     O 
  O   O O 
O O O O   
  X   O   
----------

White 4,0
----------
    O     
  X     O 
  O   O O 
O O O O   
O X   O   
----------

Game end.
The winner is O
ta time: 368.38
student time: 64.25
Black(You) lose.
