Thu Oct 29 14:54:31 PDT 2020

==Playing with qlearning_player==
=====Round 1=====
Black:TA White:You
Thu Oct 29 14:54:32 PDT 2020
Clean up...
Start Playing...
Black 1,2
----------
          
    X     
          
          
          
----------

White 2,1
----------
          
    X     
  O       
          
          
----------

Black 2,2
----------
          
    X     
  O X     
          
          
----------

White 3,1
----------
          
    X     
  O X     
  O       
          
----------

Black 0,0
----------
X         
    X     
  O X     
  O       
          
----------

White 1,1
----------
X         
  O X     
  O X     
  O       
          
----------

Black 0,1
----------
X X       
  O X     
  O X     
  O       
          
----------

White 1,0
----------
X X       
O O X     
  O X     
  O       
          
----------

Black 2,3
----------
X X       
O O X     
  O X X   
  O       
          
----------

White 0,2
----------
    O     
O O X     
  O X X   
  O       
          
----------

Black 3,2
----------
    O     
O O X     
  O X X   
  O X     
          
----------

White 0,3
----------
    O O   
O O X     
  O X X   
  O X     
          
----------

Black 1,3
----------
    O O   
O O X X   
  O X X   
  O X     
          
----------

White 4,1
----------
    O O   
O O X X   
  O X X   
  O X     
  O       
----------

Black 2,4
----------
    O O   
O O X X   
  O X X X 
  O X     
  O       
----------

White 0,4
----------
    O O O 
O O X X   
  O X X X 
  O X     
  O       
----------

Black 2,0
----------
    O O O 
O O X X   
X O X X X 
  O X     
  O       
----------

White 3,0
----------
    O O O 
O O X X   
  O X X X 
O O X     
  O       
----------

Black 4,2
----------
    O O O 
O O X X   
  O X X X 
O O X     
  O X     
----------

White 0,0
----------
O   O O O 
O O X X   
  O X X X 
O O X     
  O X     
----------

Black 3,3
----------
O   O O O 
O O X X   
  O X X X 
O O X X   
  O X     
----------

White 0,1
----------
O O O O O 
O O X X   
  O X X X 
O O X X   
  O X     
----------

Black 4,3
----------
O O O O O 
O O X X   
  O X X X 
O O X X   
  O X X   
----------

White 1,4
----------
O O O O O 
O O X X O 
  O X X X 
O O X X   
  O X X   
----------

Game end.
The winner is O
ta time: 4.04
student time: 3.75
White(You) win!
=====Round 2=====
Black:You White:TA
Thu Oct 29 14:54:45 PDT 2020
Clean up...
Start Playing...
Black 2,2
----------
          
          
    X     
          
          
----------

White 2,1
----------
          
          
  O X     
          
          
----------

Black 1,2
----------
          
    X     
  O X     
          
          
----------

White 3,2
----------
          
    X     
  O X     
    O     
          
----------

Black 1,1
----------
          
  X X     
  O X     
    O     
          
----------

White 2,3
----------
          
  X X     
  O X O   
    O     
          
----------

Black 3,1
----------
          
  X X     
  O X O   
  X O     
          
----------

White 2,4
----------
          
  X X     
  O X O O 
  X O     
          
----------

Black 2,0
----------
          
  X X     
X   X O O 
  X O     
          
----------

White 0,2
----------
    O     
  X X     
X   X O O 
  X O     
          
----------

Black 0,1
----------
  X O     
  X X     
X   X O O 
  X O     
          
----------

White 3,3
----------
  X O     
  X X     
X   X O O 
  X O O   
          
----------

Black 0,3
----------
  X   X   
  X X     
X   X O O 
  X O O   
          
----------

White 1,3
----------
  X   X   
  X X O   
X   X O O 
  X O O   
          
----------

Black 4,1
----------
  X   X   
  X X O   
X   X O O 
  X O O   
  X       
----------

White 4,2
----------
  X   X   
  X X O   
X   X O O 
  X O O   
  X O     
----------

Black 0,4
----------
  X   X X 
  X X O   
X   X O O 
  X O O   
  X O     
----------

White 3,4
----------
  X   X X 
  X X O   
X   X O O 
  X O O O 
  X O     
----------

Black 2,1
----------
  X   X X 
  X X O   
X X X O O 
  X O O O 
  X O     
----------

White 1,4
----------
  X   X X 
  X X O O 
X X X O O 
  X O O O 
  X O     
----------

Black 4,3
----------
  X   X X 
  X X O O 
X X X O O 
  X O O O 
  X O X   
----------

White 0,2
----------
  X O     
  X X O O 
X X X O O 
  X O O O 
  X O X   
----------

Black 0,0
----------
X X O     
  X X O O 
X X X O O 
  X O O O 
  X O X   
----------

White 4,4
----------
X X O     
  X X O O 
X X X O O 
  X O O O 
  X O   O 
----------

Game end.
The winner is O
ta time: 7.7
student time: 7.66
Black(You) lose.
=====Round 3=====
Black:TA White:You
Thu Oct 29 14:54:57 PDT 2020
Clean up...
Start Playing...
Black 1,2
----------
          
    X     
          
          
          
----------

White 2,1
----------
          
    X     
  O       
          
          
----------

Black 2,2
----------
          
    X     
  O X     
          
          
----------

White 3,1
----------
          
    X     
  O X     
  O       
          
----------

Black 0,0
----------
X         
    X     
  O X     
  O       
          
----------

White 1,1
----------
X         
  O X     
  O X     
  O       
          
----------

Black 0,1
----------
X X       
  O X     
  O X     
  O       
          
----------

White 1,0
----------
X X       
O O X     
  O X     
  O       
          
----------

Black 2,3
----------
X X       
O O X     
  O X X   
  O       
          
----------

White 0,2
----------
    O     
O O X     
  O X X   
  O       
          
----------

Black 3,2
----------
    O     
O O X     
  O X X   
  O X     
          
----------

White 0,3
----------
    O O   
O O X     
  O X X   
  O X     
          
----------

Black 4,2
----------
    O O   
O O X     
  O X X   
  O X     
    X     
----------

White 1,3
----------
    O O   
O O X O   
  O X X   
  O X     
    X     
----------

Black 2,0
----------
    O O   
O O X O   
X O X X   
  O X     
    X     
----------

White 3,0
----------
    O O   
O O X O   
  O X X   
O O X     
    X     
----------

Black 2,4
----------
    O O   
O O X O   
  O X X X 
O O X     
    X     
----------

White 0,0
----------
O   O O   
O O X O   
  O X X X 
O O X     
    X     
----------

Black 3,3
----------
O   O O   
O O X O   
  O X X X 
O O X X   
    X     
----------

White 0,1
----------
O O O O   
O O X O   
  O X X X 
O O X X   
    X     
----------

Black 4,1
----------
O O O O   
O O X O   
  O X X X 
O O X X   
  X X     
----------

White 0,4
----------
O O O O O 
O O X O   
  O X X X 
O O X X   
  X X     
----------

Black 1,4
----------
O O O O O 
O O X O X 
  O X X X 
O O X X   
  X X     
----------

White 4,4
----------
O O O O O 
O O X O X 
  O X X X 
O O X X   
  X X   O 
----------

Game end.
The winner is O
ta time: 11.65
student time: 11.55
White(You) win!
=====Round 4=====
Black:You White:TA
Thu Oct 29 14:55:10 PDT 2020
Clean up...
Start Playing...
Black 2,2
----------
          
          
    X     
          
          
----------

White 2,1
----------
          
          
  O X     
          
          
----------

Black 1,2
----------
          
    X     
  O X     
          
          
----------

White 3,2
----------
          
    X     
  O X     
    O     
          
----------

Black 1,1
----------
          
  X X     
  O X     
    O     
          
----------

White 2,3
----------
          
  X X     
  O X O   
    O     
          
----------

Black 3,1
----------
          
  X X     
  O X O   
  X O     
          
----------

White 3,3
----------
          
  X X     
  O X O   
  X O O   
          
----------

Black 2,0
----------
          
  X X     
X   X O   
  X O O   
          
----------

White 1,3
----------
          
  X X O   
X   X O   
  X O O   
          
----------

Black 4,1
----------
          
  X X O   
X   X O   
  X O O   
  X       
----------

White 4,2
----------
          
  X X O   
X   X O   
  X O O   
  X O     
----------

Black 0,1
----------
  X       
  X X O   
X   X O   
  X O O   
  X O     
----------

White 2,4
----------
  X       
  X X O   
X   X O O 
  X O O   
  X O     
----------

Black 0,2
----------
  X X     
  X X O   
X   X O O 
  X O O   
  X O     
----------

White 1,0
----------
  X X     
O X X O   
X   X O O 
  X O O   
  X O     
----------

Black 0,0
----------
X X X     
  X X O   
X   X O O 
  X O O   
  X O     
----------

White 3,0
----------
X X X     
  X X O   
X   X O O 
O X O O   
  X O     
----------

Black 0,3
----------
X X X X   
  X X O   
X   X O O 
O X O O   
  X O     
----------

White 4,3
----------
X X X X   
  X X O   
X   X O O 
O X O O   
  X O O   
----------

Black 0,4
----------
X X X X X 
  X X O   
X   X O O 
O X O O   
  X O O   
----------

White 3,4
----------
X X X X X 
  X X O   
X   X O O 
O X O O O 
  X O O   
----------

Black 1,4
----------
X X X X X 
  X X O X 
X   X O O 
O X O O O 
  X O O   
----------

White PASS
----------
X X X X X 
  X X O X 
X   X O O 
O X O O O 
  X O O   
----------

Game end.
The winner is X
ta time: 15.31
student time: 15.22
Black(You) win!
=====Round 5=====
Black:TA White:You
Thu Oct 29 14:55:22 PDT 2020
Clean up...
Start Playing...
Black 1,2
----------
          
    X     
          
          
          
----------

White 2,1
----------
          
    X     
  O       
          
          
----------

Black 2,2
----------
          
    X     
  O X     
          
          
----------

White 3,1
----------
          
    X     
  O X     
  O       
          
----------

Black 0,0
----------
X         
    X     
  O X     
  O       
          
----------

White 1,1
----------
X         
  O X     
  O X     
  O       
          
----------

Black 0,1
----------
X X       
  O X     
  O X     
  O       
          
----------

White 1,0
----------
X X       
O O X     
  O X     
  O       
          
----------

Black 3,2
----------
X X       
O O X     
  O X     
  O X     
          
----------

White 0,2
----------
    O     
O O X     
  O X     
  O X     
          
----------

Black 2,3
----------
    O     
O O X     
  O X X   
  O X     
          
----------

White 0,3
----------
    O O   
O O X     
  O X X   
  O X     
          
----------

Black 4,2
----------
    O O   
O O X     
  O X X   
  O X     
    X     
----------

White 1,3
----------
    O O   
O O X O   
  O X X   
  O X     
    X     
----------

Black 3,3
----------
    O O   
O O X O   
  O X X   
  O X X   
    X     
----------

White 1,4
----------
    O O   
O O X O O 
  O X X   
  O X X   
    X     
----------

Black 2,4
----------
    O O   
O O X O O 
  O X X X 
  O X X   
    X     
----------

White 3,0
----------
    O O   
O O X O O 
  O X X X 
O O X X   
    X     
----------

Black 0,1
----------
  X O O   
O O X O O 
  O X X X 
O O X X   
    X     
----------

White 0,0
----------
O   O O   
O O X O O 
  O X X X 
O O X X   
    X     
----------

Black 4,1
----------
O   O O   
O O X O O 
  O X X X 
O O X X   
  X X     
----------

White 0,1
----------
O O O O   
O O X O O 
  O X X X 
O O X X   
  X X     
----------

Black 4,3
----------
O O O O   
O O X O O 
  O X X X 
O O X X   
  X X X   
----------

White 0,4
----------
O O O O O 
O O X O O 
  O X X X 
O O X X   
  X X X   
----------

Game end.
The winner is O
ta time: 19.62
student time: 19.03
White(You) win!
=====Round 6=====
Black:You White:TA
Thu Oct 29 14:55:35 PDT 2020
Clean up...
Start Playing...
Black 2,2
----------
          
          
    X     
          
          
----------

White 2,1
----------
          
          
  O X     
          
          
----------

Black 1,2
----------
          
    X     
  O X     
          
          
----------

White 3,2
----------
          
    X     
  O X     
    O     
          
----------

Black 1,1
----------
          
  X X     
  O X     
    O     
          
----------

White 2,3
----------
          
  X X     
  O X O   
    O     
          
----------

Black 3,1
----------
          
  X X     
  O X O   
  X O     
          
----------

White 4,2
----------
          
  X X     
  O X O   
  X O     
    O     
----------

Black 2,0
----------
          
  X X     
X   X O   
  X O     
    O     
----------

White 2,4
----------
          
  X X     
X   X O O 
  X O     
    O     
----------

Black 1,3
----------
          
  X X X   
X   X O O 
  X O     
    O     
----------

White 0,2
----------
    O     
  X X X   
X   X O O 
  X O     
    O     
----------

Black 0,1
----------
  X O     
  X X X   
X   X O O 
  X O     
    O     
----------

White 3,3
----------
  X O     
  X X X   
X   X O O 
  X O O   
    O     
----------

Black 0,3
----------
  X   X   
  X X X   
X   X O O 
  X O O   
    O     
----------

White 1,4
----------
  X   X   
  X X X O 
X   X O O 
  X O O   
    O     
----------

Black 2,1
----------
  X   X   
  X X X O 
X X X O O 
  X O O   
    O     
----------

White 4,1
----------
  X   X   
  X X X O 
X X X O O 
  X O O   
  O O     
----------

Black 3,0
----------
  X   X   
  X X X O 
X X X O O 
X X O O   
  O O     
----------

White 4,3
----------
  X   X   
  X X X O 
X X X O O 
X X O O   
  O O O   
----------

Black 0,0
----------
X X   X   
  X X X O 
X X X O O 
X X O O   
  O O O   
----------

White 3,4
----------
X X   X   
  X X X O 
X X X O O 
X X O O O 
  O O O   
----------

Black 0,2
----------
X X X X   
  X X X O 
X X X O O 
X X O O O 
  O O O   
----------

White 4,4
----------
X X X X   
  X X X O 
X X X O O 
X X O O O 
  O O O O 
----------

Game end.
The winner is O
ta time: 23.08
student time: 22.84
Black(You) lose.
=====Round 7=====
Black:TA White:You
Thu Oct 29 14:55:48 PDT 2020
Clean up...
Start Playing...
Black 1,2
----------
          
    X     
          
          
          
----------

White 2,1
----------
          
    X     
  O       
          
          
----------

Black 2,2
----------
          
    X     
  O X     
          
          
----------

White 3,1
----------
          
    X     
  O X     
  O       
          
----------

Black 0,0
----------
X         
    X     
  O X     
  O       
          
----------

White 1,1
----------
X         
  O X     
  O X     
  O       
          
----------

Black 0,1
----------
X X       
  O X     
  O X     
  O       
          
----------

White 1,0
----------
X X       
O O X     
  O X     
  O       
          
----------

Black 2,3
----------
X X       
O O X     
  O X X   
  O       
          
----------

White 0,2
----------
    O     
O O X     
  O X X   
  O       
          
----------

Black 3,2
----------
    O     
O O X     
  O X X   
  O X     
          
----------

White 0,3
----------
    O O   
O O X     
  O X X   
  O X     
          
----------

Black 4,2
----------
    O O   
O O X     
  O X X   
  O X     
    X     
----------

White 1,3
----------
    O O   
O O X O   
  O X X   
  O X     
    X     
----------

Black 2,0
----------
    O O   
O O X O   
X O X X   
  O X     
    X     
----------

White 3,0
----------
    O O   
O O X O   
  O X X   
O O X     
    X     
----------

Black 2,4
----------
    O O   
O O X O   
  O X X X 
O O X     
    X     
----------

White 0,0
----------
O   O O   
O O X O   
  O X X X 
O O X     
    X     
----------

Black 3,3
----------
O   O O   
O O X O   
  O X X X 
O O X X   
    X     
----------

White 0,1
----------
O O O O   
O O X O   
  O X X X 
O O X X   
    X     
----------

Black 1,4
----------
O O O O   
O O X O X 
  O X X X 
O O X X   
    X     
----------

White 0,4
----------
O O O O O 
O O X O X 
  O X X X 
O O X X   
    X     
----------

Black 4,3
----------
O O O O O 
O O X O X 
  O X X X 
O O X X   
    X X   
----------

White 2,0
----------
O O O O O 
O O X O X 
O O X X X 
O O X X   
    X X   
----------

Game end.
The winner is O
ta time: 27.11
student time: 26.52
White(You) win!
=====Round 8=====
Black:You White:TA
Thu Oct 29 14:56:03 PDT 2020
Clean up...
Start Playing...
Black 2,2
----------
          
          
    X     
          
          
----------

White 2,1
----------
          
          
  O X     
          
          
----------

Black 1,2
----------
          
    X     
  O X     
          
          
----------

White 3,2
----------
          
    X     
  O X     
    O     
          
----------

Black 1,1
----------
          
  X X     
  O X     
    O     
          
----------

White 2,3
----------
          
  X X     
  O X O   
    O     
          
----------

Black 3,1
----------
          
  X X     
  O X O   
  X O     
          
----------

White 0,2
----------
    O     
  X X     
  O X O   
  X O     
          
----------

Black 2,0
----------
    O     
  X X     
X   X O   
  X O     
          
----------

White 2,4
----------
    O     
  X X     
X   X O O 
  X O     
          
----------

Black 0,1
----------
  X O     
  X X     
X   X O O 
  X O     
          
----------

White 3,3
----------
  X O     
  X X     
X   X O O 
  X O O   
          
----------

Black 0,3
----------
  X   X   
  X X     
X   X O O 
  X O O   
          
----------

White 1,3
----------
  X   X   
  X X O   
X   X O O 
  X O O   
          
----------

Black 4,1
----------
  X   X   
  X X O   
X   X O O 
  X O O   
  X       
----------

White 4,2
----------
  X   X   
  X X O   
X   X O O 
  X O O   
  X O     
----------

Black 0,4
----------
  X   X X 
  X X O   
X   X O O 
  X O O   
  X O     
----------

White 1,4
----------
  X   X X 
  X X O O 
X   X O O 
  X O O   
  X O     
----------

Black 3,4
----------
  X   X X 
  X X O O 
X   X O O 
  X O O X 
  X O     
----------

White 0,2
----------
  X O     
  X X O O 
X   X O O 
  X O O X 
  X O     
----------

Black 2,1
----------
  X O     
  X X O O 
X X X O O 
  X O O X 
  X O     
----------

White 4,4
----------
  X O     
  X X O O 
X X X O O 
  X O O   
  X O   O 
----------

Black 0,0
----------
X X O     
  X X O O 
X X X O O 
  X O O   
  X O   O 
----------

White 3,0
----------
X X O     
  X X O O 
X X X O O 
O X O O   
  X O   O 
----------

Game end.
The winner is O
ta time: 30.75
student time: 30.34
Black(You) lose.
=====Round 9=====
Black:TA White:You
Thu Oct 29 14:56:15 PDT 2020
Clean up...
Start Playing...
Black 1,2
----------
          
    X     
          
          
          
----------

White 2,1
----------
          
    X     
  O       
          
          
----------

Black 2,2
----------
          
    X     
  O X     
          
          
----------

White 3,1
----------
          
    X     
  O X     
  O       
          
----------

Black 0,0
----------
X         
    X     
  O X     
  O       
          
----------

White 1,1
----------
X         
  O X     
  O X     
  O       
          
----------

Black 0,1
----------
X X       
  O X     
  O X     
  O       
          
----------

White 1,0
----------
X X       
O O X     
  O X     
  O       
          
----------

Black 3,2
----------
X X       
O O X     
  O X     
  O X     
          
----------

White 0,2
----------
    O     
O O X     
  O X     
  O X     
          
----------

Black 2,3
----------
    O     
O O X     
  O X X   
  O X     
          
----------

White 0,3
----------
    O O   
O O X     
  O X X   
  O X     
          
----------

Black 3,3
----------
    O O   
O O X     
  O X X   
  O X X   
          
----------

White 4,1
----------
    O O   
O O X     
  O X X   
  O X X   
  O       
----------

Black 1,3
----------
    O O   
O O X X   
  O X X   
  O X X   
  O       
----------

White 0,4
----------
    O O O 
O O X X   
  O X X   
  O X X   
  O       
----------

Black 4,2
----------
    O O O 
O O X X   
  O X X   
  O X X   
  O X     
----------

White 1,4
----------
    O O O 
O O X X O 
  O X X   
  O X X   
  O X     
----------

Black 2,4
----------
    O O O 
O O X X O 
  O X X X 
  O X X   
  O X     
----------

White 3,4
----------
    O O O 
O O X X O 
  O X X X 
  O X X O 
  O X     
----------

Black 0,1
----------
  X       
O O X X   
  O X X X 
  O X X O 
  O X     
----------

White 0,0
----------
O X       
O O X X   
  O X X X 
  O X X O 
  O X     
----------

Black 4,4
----------
O X       
O O X X   
  O X X X 
  O X X   
  O X   X 
----------

White 2,0
----------
O X       
O O X X   
O O X X X 
  O X X   
  O X   X 
----------

Game end.
The winner is X
ta time: 34.88
student time: 34.29
White(You) lose.
=====Round 10=====
Black:You White:TA
Thu Oct 29 14:56:28 PDT 2020
Clean up...
Start Playing...
Black 2,2
----------
          
          
    X     
          
          
----------

White 2,1
----------
          
          
  O X     
          
          
----------

Black 1,2
----------
          
    X     
  O X     
          
          
----------

White 3,2
----------
          
    X     
  O X     
    O     
          
----------

Black 1,1
----------
          
  X X     
  O X     
    O     
          
----------

White 2,3
----------
          
  X X     
  O X O   
    O     
          
----------

Black 3,1
----------
          
  X X     
  O X O   
  X O     
          
----------

White 3,3
----------
          
  X X     
  O X O   
  X O O   
          
----------

Black 2,0
----------
          
  X X     
X   X O   
  X O O   
          
----------

White 1,3
----------
          
  X X O   
X   X O   
  X O O   
          
----------

Black 4,1
----------
          
  X X O   
X   X O   
  X O O   
  X       
----------

White 2,4
----------
          
  X X O   
X   X O O 
  X O O   
  X       
----------

Black 2,1
----------
          
  X X O   
X X X O O 
  X O O   
  X       
----------

White 4,2
----------
          
  X X O   
X X X O O 
  X O O   
  X O     
----------

Black 0,1
----------
  X       
  X X O   
X X X O O 
  X O O   
  X O     
----------

White 0,2
----------
  X O     
  X X O   
X X X O O 
  X O O   
  X O     
----------

Black 0,0
----------
X X O     
  X X O   
X X X O O 
  X O O   
  X O     
----------

White 0,3
----------
X X O O   
  X X O   
X X X O O 
  X O O   
  X O     
----------

Black 1,0
----------
X X O O   
X X X O   
X X X O O 
  X O O   
  X O     
----------

White 3,0
----------
X X O O   
X X X O   
X X X O O 
O X O O   
  X O     
----------

Black 4,4
----------
X X O O   
X X X O   
X X X O O 
O X O O   
  X O   X 
----------

White 4,0
----------
    O O   
      O   
      O O 
O   O O   
O   O   X 
----------

Black PASS
----------
    O O   
      O   
      O O 
O   O O   
O   O   X 
----------

White 2,2
----------
    O O   
      O   
    O O O 
O   O O   
O   O   X 
----------

Game end.
The winner is O
ta time: 38.51
student time: 38.05
Black(You) lose.

==Playing with championship_player==
=====Round 1=====
Black:TA White:You
Thu Oct 29 14:56:40 PDT 2020
Clean up...
Start Playing...
Black 2,2
----------
          
          
    X     
          
          
----------

White 1,1
----------
          
  O       
    X     
          
          
----------

Black 2,1
----------
          
  O       
  X X     
          
          
----------

White 1,2
----------
          
  O O     
  X X     
          
          
----------

Black 1,3
----------
          
  O O X   
  X X     
          
          
----------

White 1,0
----------
          
O O O X   
  X X     
          
          
----------

Black 0,3
----------
      X   
O O O X   
  X X     
          
          
----------

White 2,0
----------
      X   
O O O X   
O X X     
          
          
----------

Black 3,1
----------
      X   
O O O X   
O X X     
  X       
          
----------

White 3,0
----------
      X   
O O O X   
O X X     
O X       
          
----------

Black 4,1
----------
      X   
O O O X   
O X X     
O X       
  X       
----------

White 0,0
----------
O     X   
O O O X   
O X X     
O X       
  X       
----------

Black 0,2
----------
O   X X   
O O O X   
O X X     
O X       
  X       
----------

White 3,3
----------
O   X X   
O O O X   
O X X     
O X   O   
  X       
----------

Black 4,0
----------
O   X X   
O O O X   
O X X     
O X   O   
X X       
----------

White 2,3
----------
O   X X   
O O O X   
O X X O   
O X   O   
X X       
----------

Black 0,1
----------
  X X X   
      X   
  X X O   
  X   O   
X X       
----------

White 3,2
----------
  X X X   
      X   
  X X O   
  X O O   
X X       
----------

Black 2,4
----------
  X X X   
      X   
  X X O X 
  X O O   
X X       
----------

White 3,4
----------
  X X X   
      X   
  X X O X 
  X O O O 
X X       
----------

Black 1,4
----------
  X X X   
      X X 
  X X O X 
  X O O O 
X X       
----------

White 4,2
----------
  X X X   
      X X 
  X X O X 
  X O O O 
X X O     
----------

Black 1,2
----------
  X X X   
    X X X 
  X X O X 
  X O O O 
X X O     
----------

White PASS
----------
  X X X   
    X X X 
  X X O X 
  X O O O 
X X O     
----------

Game end.
The winner is X
ta time: 73.7
student time: 41.73
White(You) lose.
=====Round 2=====
Black:You White:TA
Thu Oct 29 14:57:12 PDT 2020
Clean up...
Start Playing...
Black 2,2
----------
          
          
    X     
          
          
----------

White 2,3
----------
          
          
    X O   
          
          
----------

Black 1,2
----------
          
    X     
    X O   
          
          
----------

White 3,3
----------
          
    X     
    X O   
      O   
          
----------

Black 1,1
----------
          
  X X     
    X O   
      O   
          
----------

White 3,2
----------
          
  X X     
    X O   
    O O   
          
----------

Black 1,3
----------
          
  X X X   
    X O   
    O O   
          
----------

White 3,1
----------
          
  X X X   
    X O   
  O O O   
          
----------

Black 2,1
----------
          
  X X X   
  X X O   
  O O O   
          
----------

White 1,4
----------
          
  X X X O 
  X X O   
  O O O   
          
----------

Black 0,1
----------
  X       
  X X X O 
  X X O   
  O O O   
          
----------

White 3,0
----------
  X       
  X X X O 
  X X O   
O O O O   
          
----------

Black 0,3
----------
  X   X   
  X X X O 
  X X O   
O O O O   
          
----------

White 2,4
----------
  X   X   
  X X X O 
  X X O O 
O O O O   
          
----------

Black 0,0
----------
X X   X   
  X X X O 
  X X O O 
O O O O   
          
----------

White 2,0
----------
X X   X   
  X X X O 
O X X O O 
O O O O   
          
----------

Black 0,2
----------
X X X X   
  X X X O 
O X X O O 
O O O O   
          
----------

White 4,4
----------
X X X X   
  X X X O 
O X X O O 
O O O O   
        O 
----------

Black 4,1
----------
X X X X   
  X X X O 
O X X O O 
O O O O   
  X     O 
----------

White 0,4
----------
X X X X O 
  X X X O 
O X X O O 
O O O O   
  X     O 
----------

Black 4,2
----------
X X X X O 
  X X X O 
O X X O O 
O O O O   
  X X   O 
----------

White 4,0
----------
X X X X O 
  X X X O 
O X X O O 
O O O O   
O X X   O 
----------

Black PASS
----------
X X X X O 
  X X X O 
O X X O O 
O O O O   
O X X   O 
----------

White 1,0
----------
        O 
O       O 
O     O O 
O O O O   
O X X   O 
----------

Game end.
The winner is O
ta time: 114.75
student time: 45.54
Black(You) lose.
=====Round 3=====
Black:TA White:You
Thu Oct 29 14:57:46 PDT 2020
Clean up...
Start Playing...
Black 2,2
----------
          
          
    X     
          
          
----------

White 1,1
----------
          
  O       
    X     
          
          
----------

Black 1,2
----------
          
  O X     
    X     
          
          
----------

White 2,1
----------
          
  O X     
  O X     
          
          
----------

Black 3,1
----------
          
  O X     
  O X     
  X       
          
----------

White 0,1
----------
  O       
  O X     
  O X     
  X       
          
----------

Black 3,0
----------
  O       
  O X     
  O X     
X X       
          
----------

White 0,2
----------
  O O     
  O X     
  O X     
X X       
          
----------

Black 1,3
----------
  O O     
  O X X   
  O X     
X X       
          
----------

White 0,3
----------
  O O O   
  O X X   
  O X     
X X       
          
----------

Black 1,4
----------
  O O O   
  O X X X 
  O X     
X X       
          
----------

White 0,0
----------
O O O O   
  O X X X 
  O X     
X X       
          
----------

Black 2,0
----------
O O O O   
  O X X X 
X O X     
X X       
          
----------

White 3,3
----------
O O O O   
  O X X X 
X O X     
X X   O   
          
----------

Black 0,4
----------
O O O O X 
  O X X X 
X O X     
X X   O   
          
----------

White 2,3
----------
O O O O X 
  O X X X 
X O X O   
X X   O   
          
----------

Black 1,0
----------
        X 
X   X X X 
X   X O   
X X   O   
          
----------

White 3,2
----------
        X 
X   X X X 
X   X O   
X X O O   
          
----------

Black 4,1
----------
        X 
X   X X X 
X   X O   
X X O O   
  X       
----------

White 3,4
----------
        X 
X   X X X 
X   X O   
X X O O O 
  X       
----------

Black 4,2
----------
        X 
X   X X X 
X   X O   
X X O O O 
  X X     
----------

White 2,4
----------
        X 
X   X X X 
X   X O O 
X X O O O 
  X X     
----------

Black 1,1
----------
        X 
X X X X X 
X   X O O 
X X O O O 
  X X     
----------

White PASS
----------
        X 
X X X X X 
X   X O O 
X X O O O 
  X X     
----------

Game end.
The winner is X
ta time: 149.26
student time: 49.36
White(You) lose.
=====Round 4=====
Black:You White:TA
Thu Oct 29 14:58:16 PDT 2020
Clean up...
Start Playing...
Black 2,2
----------
          
          
    X     
          
          
----------

White 1,2
----------
          
    O     
    X     
          
          
----------

Black 2,1
----------
          
    O     
  X X     
          
          
----------

White 1,3
----------
          
    O O   
  X X     
          
          
----------

Black 1,1
----------
          
  X O O   
  X X     
          
          
----------

White 2,3
----------
          
  X O O   
  X X O   
          
          
----------

Black 3,1
----------
          
  X O O   
  X X O   
  X       
          
----------

White 3,3
----------
          
  X O O   
  X X O   
  X   O   
          
----------

Black 3,2
----------
          
  X O O   
  X X O   
  X X O   
          
----------

White 4,2
----------
          
  X O O   
  X X O   
  X X O   
    O     
----------

Black 4,1
----------
          
  X O O   
  X X O   
  X X O   
  X O     
----------

White 4,3
----------
          
  X O O   
  X X O   
  X X O   
  X O O   
----------

Black 0,1
----------
  X       
  X O O   
  X X O   
  X X O   
  X O O   
----------

White 0,2
----------
  X O     
  X O O   
  X X O   
  X X O   
  X O O   
----------

Black 0,0
----------
X X O     
  X O O   
  X X O   
  X X O   
  X O O   
----------

White 2,0
----------
X X O     
  X O O   
O X X O   
  X X O   
  X O O   
----------

Black 1,0
----------
X X O     
X X O O   
O X X O   
  X X O   
  X O O   
----------

White 1,4
----------
X X O     
X X O O O 
O X X O   
  X X O   
  X O O   
----------

Black 3,4
----------
X X O     
X X O O O 
O X X O   
  X X O X 
  X O O   
----------

White 0,4
----------
X X O   O 
X X O O O 
O X X O   
  X X O X 
  X O O   
----------

Black 3,0
----------
X X O   O 
X X O O O 
  X X O   
X X X O X 
  X O O   
----------

White 2,4
----------
X X O   O 
X X O O O 
  X X O O 
X X X O X 
  X O O   
----------

Black PASS
----------
X X O   O 
X X O O O 
  X X O O 
X X X O X 
  X O O   
----------

White 4,4
----------
X X O   O 
X X O O O 
  X X O O 
X X X O   
  X O O O 
----------

Game end.
The winner is O
ta time: 181.7
student time: 53.04
Black(You) lose.
=====Round 5=====
Black:TA White:You
Thu Oct 29 14:58:45 PDT 2020
Clean up...
Start Playing...
Black 2,2
----------
          
          
    X     
          
          
----------

White 1,1
----------
          
  O       
    X     
          
          
----------

Black 2,1
----------
          
  O       
  X X     
          
          
----------

White 1,2
----------
          
  O O     
  X X     
          
          
----------

Black 1,3
----------
          
  O O X   
  X X     
          
          
----------

White 1,0
----------
          
O O O X   
  X X     
          
          
----------

Black 0,3
----------
      X   
O O O X   
  X X     
          
          
----------

White 2,0
----------
      X   
O O O X   
O X X     
          
          
----------

Black 3,1
----------
      X   
O O O X   
O X X     
  X       
          
----------

White 3,0
----------
      X   
O O O X   
O X X     
O X       
          
----------

Black 4,1
----------
      X   
O O O X   
O X X     
O X       
  X       
----------

White 0,0
----------
O     X   
O O O X   
O X X     
O X       
  X       
----------

Black 0,2
----------
O   X X   
O O O X   
O X X     
O X       
  X       
----------

White 3,3
----------
O   X X   
O O O X   
O X X     
O X   O   
  X       
----------

Black 4,0
----------
O   X X   
O O O X   
O X X     
O X   O   
X X       
----------

White 2,3
----------
O   X X   
O O O X   
O X X O   
O X   O   
X X       
----------

Black 0,1
----------
  X X X   
      X   
  X X O   
  X   O   
X X       
----------

White 3,2
----------
  X X X   
      X   
  X X O   
  X O O   
X X       
----------

Black 1,2
----------
  X X X   
    X X   
  X X O   
  X O O   
X X       
----------

White 2,4
----------
  X X X   
    X X   
  X X O O 
  X O O   
X X       
----------

Black 1,1
----------
  X X X   
  X X X   
  X X O O 
  X O O   
X X       
----------

White 1,4
----------
  X X X   
  X X X O 
  X X O O 
  X O O   
X X       
----------

Black 1,0
----------
  X X X   
X X X X O 
  X X O O 
  X O O   
X X       
----------

White 3,4
----------
  X X X   
X X X X O 
  X X O O 
  X O O O 
X X       
----------

Game end.
The winner is X
ta time: 218.57
student time: 56.91
White(You) lose.
=====Round 6=====
Black:You White:TA
Thu Oct 29 14:59:16 PDT 2020
Clean up...
Start Playing...
Black 2,2
----------
          
          
    X     
          
          
----------

White 2,1
----------
          
          
  O X     
          
          
----------

Black 1,2
----------
          
    X     
  O X     
          
          
----------

White 3,1
----------
          
    X     
  O X     
  O       
          
----------

Black 1,1
----------
          
  X X     
  O X     
  O       
          
----------

White 3,2
----------
          
  X X     
  O X     
  O O     
          
----------

Black 1,3
----------
          
  X X X   
  O X     
  O O     
          
----------

White 3,3
----------
          
  X X X   
  O X     
  O O O   
          
----------

Black 2,3
----------
          
  X X X   
  O X X   
  O O O   
          
----------

White 2,4
----------
          
  X X X   
  O X X O 
  O O O   
          
----------

Black 1,4
----------
          
  X X X X 
  O X X O 
  O O O   
          
----------

White 3,4
----------
          
  X X X X 
  O X X O 
  O O O O 
          
----------

Black 1,0
----------
          
X X X X X 
  O X X O 
  O O O O 
          
----------

White 2,0
----------
          
X X X X X 
O O X X O 
  O O O O 
          
----------

Black 0,0
----------
X         
X X X X X 
O O X X O 
  O O O O 
          
----------

White 0,3
----------
X     O   
X X X X X 
O O X X O 
  O O O O 
          
----------

Black 0,2
----------
X   X O   
X X X X X 
O O X X O 
  O O O O 
          
----------

White 4,1
----------
X   X O   
X X X X X 
O O X X O 
  O O O O 
  O       
----------

Black 4,3
----------
X   X O   
X X X X X 
O O X X O 
  O O O O 
  O   X   
----------

White 3,0
----------
X   X O   
X X X X X 
O O X X O 
O O O O O 
  O   X   
----------

Black 0,4
----------
X   X   X 
X X X X X 
O O X X O 
O O O O O 
  O   X   
----------

White 4,2
----------
X   X   X 
X X X X X 
O O X X O 
O O O O O 
  O O X   
----------

Black PASS
----------
X   X   X 
X X X X X 
O O X X O 
O O O O O 
  O O X   
----------

White 4,4
----------
X   X   X 
X X X X X 
O O X X O 
O O O O O 
  O O   O 
----------

Game end.
The winner is O
ta time: 249.81
student time: 60.71
Black(You) lose.
=====Round 7=====
Black:TA White:You
Thu Oct 29 14:59:45 PDT 2020
Clean up...
Start Playing...
Black 2,2
----------
          
          
    X     
          
          
----------

White 1,1
----------
          
  O       
    X     
          
          
----------

Black 1,2
----------
          
  O X     
    X     
          
          
----------

White 2,1
----------
          
  O X     
  O X     
          
          
----------

Black 3,1
----------
          
  O X     
  O X     
  X       
          
----------

White 0,1
----------
  O       
  O X     
  O X     
  X       
          
----------

Black 3,0
----------
  O       
  O X     
  O X     
X X       
          
----------

White 0,2
----------
  O O     
  O X     
  O X     
X X       
          
----------

Black 1,3
----------
  O O     
  O X X   
  O X     
X X       
          
----------

White 0,3
----------
  O O O   
  O X X   
  O X     
X X       
          
----------

Black 1,4
----------
  O O O   
  O X X X 
  O X     
X X       
          
----------

White 0,0
----------
O O O O   
  O X X X 
  O X     
X X       
          
----------

Black 2,0
----------
O O O O   
  O X X X 
X O X     
X X       
          
----------

White 3,3
----------
O O O O   
  O X X X 
X O X     
X X   O   
          
----------

Black 0,4
----------
O O O O X 
  O X X X 
X O X     
X X   O   
          
----------

White 2,3
----------
O O O O X 
  O X X X 
X O X O   
X X   O   
          
----------

Black 1,0
----------
        X 
X   X X X 
X   X O   
X X   O   
          
----------

White 3,2
----------
        X 
X   X X X 
X   X O   
X X O O   
          
----------

Black 4,2
----------
        X 
X   X X X 
X   X O   
X X O O   
    X     
----------

White 4,3
----------
        X 
X   X X X 
X   X O   
X X O O   
    X O   
----------

Black 4,1
----------
        X 
X   X X X 
X   X O   
X X O O   
  X X O   
----------

White 2,4
----------
        X 
X   X X X 
X   X O O 
X X O O   
  X X O   
----------

Black 1,1
----------
        X 
X X X X X 
X   X O O 
X X O O   
  X X O   
----------

White PASS
----------
        X 
X X X X X 
X   X O O 
X X O O   
  X X O   
----------

Game end.
The winner is X
ta time: 282.9
student time: 64.5
White(You) lose.
=====Round 8=====
Black:You White:TA
Thu Oct 29 15:00:15 PDT 2020
Clean up...
Start Playing...
Black 2,2
----------
          
          
    X     
          
          
----------

White 2,1
----------
          
          
  O X     
          
          
----------

Black 1,2
----------
          
    X     
  O X     
          
          
----------

White 3,1
----------
          
    X     
  O X     
  O       
          
----------

Black 1,1
----------
          
  X X     
  O X     
  O       
          
----------

White 3,2
----------
          
  X X     
  O X     
  O O     
          
----------

Black 1,3
----------
          
  X X X   
  O X     
  O O     
          
----------

White 3,3
----------
          
  X X X   
  O X     
  O O O   
          
----------

Black 2,3
----------
          
  X X X   
  O X X   
  O O O   
          
----------

White 2,4
----------
          
  X X X   
  O X X O 
  O O O   
          
----------

Black 1,4
----------
          
  X X X X 
  O X X O 
  O O O   
          
----------

White 3,4
----------
          
  X X X X 
  O X X O 
  O O O O 
          
----------

Black 1,0
----------
          
X X X X X 
  O X X O 
  O O O O 
          
----------

White 2,0
----------
          
X X X X X 
O O X X O 
  O O O O 
          
----------

Black 0,0
----------
X         
X X X X X 
O O X X O 
  O O O O 
          
----------

White 0,2
----------
X   O     
X X X X X 
O O X X O 
  O O O O 
          
----------

Black 0,1
----------
X X O     
X X X X X 
O O X X O 
  O O O O 
          
----------

White 4,1
----------
X X O     
X X X X X 
O O X X O 
  O O O O 
  O       
----------

Black 4,3
----------
X X O     
X X X X X 
O O X X O 
  O O O O 
  O   X   
----------

White 4,4
----------
X X O     
X X X X X 
O O X X O 
  O O O O 
  O   X O 
----------

Black 0,3
----------
X X   X   
X X X X X 
O O X X O 
  O O O O 
  O   X O 
----------

White 4,2
----------
X X   X   
X X X X X 
O O X X O 
  O O O O 
  O O   O 
----------

Black PASS
----------
X X   X   
X X X X X 
O O X X O 
  O O O O 
  O O   O 
----------

White 4,0
----------
X X   X   
X X X X X 
O O X X O 
  O O O O 
O O O   O 
----------

Game end.
The winner is O
ta time: 316.07
student time: 68.27
Black(You) lose.
=====Round 9=====
Black:TA White:You
Thu Oct 29 15:00:44 PDT 2020
Clean up...
Start Playing...
Black 2,2
----------
          
          
    X     
          
          
----------

White 1,1
----------
          
  O       
    X     
          
          
----------

Black 2,1
----------
          
  O       
  X X     
          
          
----------

White 1,2
----------
          
  O O     
  X X     
          
          
----------

Black 1,3
----------
          
  O O X   
  X X     
          
          
----------

White 1,0
----------
          
O O O X   
  X X     
          
          
----------

Black 0,3
----------
      X   
O O O X   
  X X     
          
          
----------

White 2,0
----------
      X   
O O O X   
O X X     
          
          
----------

Black 3,1
----------
      X   
O O O X   
O X X     
  X       
          
----------

White 3,0
----------
      X   
O O O X   
O X X     
O X       
          
----------

Black 4,1
----------
      X   
O O O X   
O X X     
O X       
  X       
----------

White 0,0
----------
O     X   
O O O X   
O X X     
O X       
  X       
----------

Black 0,2
----------
O   X X   
O O O X   
O X X     
O X       
  X       
----------

White 3,3
----------
O   X X   
O O O X   
O X X     
O X   O   
  X       
----------

Black 4,0
----------
O   X X   
O O O X   
O X X     
O X   O   
X X       
----------

White 2,3
----------
O   X X   
O O O X   
O X X O   
O X   O   
X X       
----------

Black 0,1
----------
  X X X   
      X   
  X X O   
  X   O   
X X       
----------

White 3,2
----------
  X X X   
      X   
  X X O   
  X O O   
X X       
----------

Black 1,4
----------
  X X X   
      X X 
  X X O   
  X O O   
X X       
----------

White 3,4
----------
  X X X   
      X X 
  X X O   
  X O O O 
X X       
----------

Black 2,4
----------
  X X X   
      X X 
  X X O X 
  X O O O 
X X       
----------

White 4,2
----------
  X X X   
      X X 
  X X O X 
  X O O O 
X X O     
----------

Black 2,0
----------
  X X X   
      X X 
X X X O X 
  X O O O 
X X O     
----------

White PASS
----------
  X X X   
      X X 
X X X O X 
  X O O O 
X X O     
----------

Game end.
The winner is X
ta time: 354.36
student time: 72.15
White(You) lose.
=====Round 10=====
Black:You White:TA
Thu Oct 29 15:01:16 PDT 2020
Clean up...
Start Playing...
Black 2,2
----------
          
          
    X     
          
          
----------

White 2,3
----------
          
          
    X O   
          
          
----------

Black 1,2
----------
          
    X     
    X O   
          
          
----------

White 3,3
----------
          
    X     
    X O   
      O   
          
----------

Black 1,1
----------
          
  X X     
    X O   
      O   
          
----------

White 3,2
----------
          
  X X     
    X O   
    O O   
          
----------

Black 1,3
----------
          
  X X X   
    X O   
    O O   
          
----------

White 3,1
----------
          
  X X X   
    X O   
  O O O   
          
----------

Black 2,1
----------
          
  X X X   
  X X O   
  O O O   
          
----------

White 1,4
----------
          
  X X X O 
  X X O   
  O O O   
          
----------

Black 0,1
----------
  X       
  X X X O 
  X X O   
  O O O   
          
----------

White 2,4
----------
  X       
  X X X O 
  X X O O 
  O O O   
          
----------

Black 0,3
----------
  X   X   
  X X X O 
  X X O O 
  O O O   
          
----------

White 3,0
----------
  X   X   
  X X X O 
  X X O O 
O O O O   
          
----------

Black 0,0
----------
X X   X   
  X X X O 
  X X O O 
O O O O   
          
----------

White 2,0
----------
X X   X   
  X X X O 
O X X O O 
O O O O   
          
----------

Black 0,2
----------
X X X X   
  X X X O 
O X X O O 
O O O O   
          
----------

White 4,3
----------
X X X X   
  X X X O 
O X X O O 
O O O O   
      O   
----------

Black 4,1
----------
X X X X   
  X X X O 
O X X O O 
O O O O   
  X   O   
----------

White 1,0
----------
X X X X   
O X X X O 
O X X O O 
O O O O   
  X   O   
----------

Black PASS
----------
X X X X   
O X X X O 
O X X O O 
O O O O   
  X   O   
----------

White 0,4
----------
        O 
O       O 
O     O O 
O O O O   
  X   O   
----------

Black PASS
----------
        O 
O       O 
O     O O 
O O O O   
  X   O   
----------

White 0,0
----------
O       O 
O       O 
O     O O 
O O O O   
  X   O   
----------

Game end.
The winner is O
ta time: 392.98
student time: 75.92
Black(You) lose.
