Thu Oct 29 14:00:31 PDT 2020

==Playing with qlearning_player==
=====Round 1=====
Black:TA White:You
Thu Oct 29 14:00:31 PDT 2020
Clean up...
Start Playing...
Black 1,2
----------
          
    X     
          
          
          
----------

White 2,1
----------
          
    X     
  O       
          
          
----------

Black 2,2
----------
          
    X     
  O X     
          
          
----------

White 3,3
----------
          
    X     
  O X     
      O   
          
----------

Black 3,2
----------
          
    X     
  O X     
    X O   
          
----------

White 0,3
----------
      O   
    X     
  O X     
    X O   
          
----------

Black 2,3
----------
      O   
    X     
  O X X   
    X O   
          
----------

White 0,0
----------
O     O   
    X     
  O X X   
    X O   
          
----------

Black 4,2
----------
O     O   
    X     
  O X X   
    X O   
    X     
----------

White 3,1
----------
O     O   
    X     
  O X X   
  O X O   
    X     
----------

Black 0,2
----------
O   X O   
    X     
  O X X   
  O X O   
    X     
----------

White 1,3
----------
O   X O   
    X O   
  O X X   
  O X O   
    X     
----------

Black 2,4
----------
O   X O   
    X O   
  O X X X 
  O X O   
    X     
----------

White 3,0
----------
O   X O   
    X O   
  O X X X 
O O X O   
    X     
----------

Black 2,0
----------
O   X O   
    X O   
X O X X X 
O O X O   
    X     
----------

White 1,0
----------
O   X O   
O   X O   
  O X X X 
O O X O   
    X     
----------

Black 1,1
----------
O   X O   
O X X O   
  O X X X 
O O X O   
    X     
----------

White 3,4
----------
O   X O   
O X X O   
  O X X X 
O O X O O 
    X     
----------

Black 4,1
----------
O   X O   
O X X O   
  O X X X 
O O X O O 
  X X     
----------

White 2,0
----------
O   X O   
O X X O   
O O X X X 
O O X O O 
  X X     
----------

Black 0,1
----------
O X X O   
O X X O   
O O X X X 
O O X O O 
  X X     
----------

White PASS
----------
O X X O   
O X X O   
O O X X X 
O O X O O 
  X X     
----------

Black 4,0
----------
  X X O   
  X X O   
    X X X 
    X O O 
X X X     
----------

White PASS
----------
  X X O   
  X X O   
    X X X 
    X O O 
X X X     
----------

Game end.
The winner is X
ta time: 3.5
student time: 3.16
White(You) lose.
=====Round 2=====
Black:You White:TA
Thu Oct 29 14:00:42 PDT 2020
Clean up...
Start Playing...
Black 2,2
----------
          
          
    X     
          
          
----------

White 2,1
----------
          
          
  O X     
          
          
----------

Black 0,1
----------
  X       
          
  O X     
          
          
----------

White 1,2
----------
  X       
    O     
  O X     
          
          
----------

Black 1,4
----------
  X       
    O   X 
  O X     
          
          
----------

White 2,3
----------
  X       
    O   X 
  O X O   
          
          
----------

Black 3,0
----------
  X       
    O   X 
  O X O   
X         
          
----------

White 3,2
----------
  X       
    O   X 
  O   O   
X   O     
          
----------

Black 4,3
----------
  X       
    O   X 
  O   O   
X   O     
      X   
----------

White 2,2
----------
  X       
    O   X 
  O O O   
X   O     
      X   
----------

Black 1,1
----------
  X       
  X O   X 
  O O O   
X   O     
      X   
----------

White 4,2
----------
  X       
  X O   X 
  O O O   
X   O     
    O X   
----------

Black 1,3
----------
  X       
  X O X X 
  O O O   
X   O     
    O X   
----------

White 3,1
----------
  X       
  X O X X 
  O O O   
X O O     
    O X   
----------

Black 0,0
----------
X X       
  X O X X 
  O O O   
X O O     
    O X   
----------

White 0,2
----------
X X O     
  X O X X 
  O O O   
X O O     
    O X   
----------

Black 3,3
----------
X X O     
  X O X X 
  O O O   
X O O X   
    O X   
----------

White 1,0
----------
    O     
O   O X X 
  O O O   
X O O X   
    O X   
----------

Black 0,1
----------
  X O     
O   O X X 
  O O O   
X O O X   
    O X   
----------

White 2,4
----------
  X O     
O   O X X 
  O O O O 
X O O X   
    O X   
----------

Black 4,0
----------
  X O     
O   O X X 
  O O O O 
X O O X   
X   O X   
----------

White 1,1
----------
  X O     
O O O X X 
  O O O O 
X O O X   
X   O X   
----------

Black PASS
----------
  X O     
O O O X X 
  O O O O 
X O O X   
X   O X   
----------

White 0,0
----------
O   O     
O O O X X 
  O O O O 
X O O X   
X   O X   
----------

Game end.
The winner is O
ta time: 6.9
student time: 6.39
Black(You) lose.
=====Round 3=====
Black:TA White:You
Thu Oct 29 14:00:53 PDT 2020
Clean up...
Start Playing...
Black 1,2
----------
          
    X     
          
          
          
----------

White 2,1
----------
          
    X     
  O       
          
          
----------

Black 2,2
----------
          
    X     
  O X     
          
          
----------

White 3,3
----------
          
    X     
  O X     
      O   
          
----------

Black 3,2
----------
          
    X     
  O X     
    X O   
          
----------

White 0,3
----------
      O   
    X     
  O X     
    X O   
          
----------

Black 2,3
----------
      O   
    X     
  O X X   
    X O   
          
----------

White 0,0
----------
O     O   
    X     
  O X X   
    X O   
          
----------

Black 4,2
----------
O     O   
    X     
  O X X   
    X O   
    X     
----------

White 3,1
----------
O     O   
    X     
  O X X   
  O X O   
    X     
----------

Black 0,2
----------
O   X O   
    X     
  O X X   
  O X O   
    X     
----------

White 1,3
----------
O   X O   
    X O   
  O X X   
  O X O   
    X     
----------

Black 1,1
----------
O   X O   
  X X O   
  O X X   
  O X O   
    X     
----------

White 1,4
----------
O   X O   
  X X O O 
  O X X   
  O X O   
    X     
----------

Black 2,4
----------
O   X O   
  X X O O 
  O X X X 
  O X O   
    X     
----------

White 3,0
----------
O   X O   
  X X O O 
  O X X X 
O O X O   
    X     
----------

Black 0,4
----------
O   X   X 
  X X     
  O X X X 
O O X O   
    X     
----------

White 1,3
----------
O   X   X 
  X X O   
  O X X X 
O O X O   
    X     
----------

Black 2,0
----------
O   X   X 
  X X O   
X O X X X 
O O X O   
    X     
----------

White 3,4
----------
O   X   X 
  X X O   
X O X X X 
O O X O O 
    X     
----------

Black 4,3
----------
O   X   X 
  X X O   
X O X X X 
O O X O O 
    X X   
----------

White 1,0
----------
O   X   X 
O X X O   
  O X X X 
O O X O O 
    X X   
----------

Black 4,4
----------
O   X   X 
O X X O   
  O X X X 
O O X     
    X X X 
----------

White PASS
----------
O   X   X 
O X X O   
  O X X X 
O O X     
    X X X 
----------

Game end.
The winner is X
ta time: 10.39
student time: 9.81
White(You) lose.
=====Round 4=====
Black:You White:TA
Thu Oct 29 14:01:04 PDT 2020
Clean up...
Start Playing...
Black 2,2
----------
          
          
    X     
          
          
----------

White 2,1
----------
          
          
  O X     
          
          
----------

Black 0,1
----------
  X       
          
  O X     
          
          
----------

White 1,2
----------
  X       
    O     
  O X     
          
          
----------

Black 1,4
----------
  X       
    O   X 
  O X     
          
          
----------

White 2,3
----------
  X       
    O   X 
  O X O   
          
          
----------

Black 3,0
----------
  X       
    O   X 
  O X O   
X         
          
----------

White 3,2
----------
  X       
    O   X 
  O   O   
X   O     
          
----------

Black 4,3
----------
  X       
    O   X 
  O   O   
X   O     
      X   
----------

White 2,2
----------
  X       
    O   X 
  O O O   
X   O     
      X   
----------

Black 1,1
----------
  X       
  X O   X 
  O O O   
X   O     
      X   
----------

White 3,3
----------
  X       
  X O   X 
  O O O   
X   O O   
      X   
----------

Black 1,3
----------
  X       
  X O X X 
  O O O   
X   O O   
      X   
----------

White 3,1
----------
  X       
  X O X X 
  O O O   
X O O O   
      X   
----------

Black 2,4
----------
  X       
  X O X X 
  O O O X 
X O O O   
      X   
----------

White 2,0
----------
  X       
  X O X X 
O O O O X 
X O O O   
      X   
----------

Black 4,2
----------
  X       
  X O X X 
O O O O X 
X O O O   
    X X   
----------

White 4,0
----------
  X       
  X O X X 
O O O O X 
  O O O   
O   X X   
----------

Black 0,0
----------
X X       
  X O X X 
O O O O X 
  O O O   
O   X X   
----------

White 0,2
----------
X X O     
  X O X X 
O O O O X 
  O O O   
O   X X   
----------

Black 0,3
----------
X X O X   
  X O X X 
O O O O X 
  O O O   
O   X X   
----------

White 1,0
----------
    O X   
O   O X X 
O O O O X 
  O O O   
O   X X   
----------

Black PASS
----------
    O X   
O   O X X 
O O O O X 
  O O O   
O   X X   
----------

White 1,1
----------
    O X   
O O O X X 
O O O O X 
  O O O   
O   X X   
----------

Game end.
The winner is O
ta time: 13.74
student time: 12.97
Black(You) lose.
=====Round 5=====
Black:TA White:You
Thu Oct 29 14:01:15 PDT 2020
Clean up...
Start Playing...
Black 1,2
----------
          
    X     
          
          
          
----------

White 2,1
----------
          
    X     
  O       
          
          
----------

Black 2,2
----------
          
    X     
  O X     
          
          
----------

White 3,3
----------
          
    X     
  O X     
      O   
          
----------

Black 3,2
----------
          
    X     
  O X     
    X O   
          
----------

White 0,3
----------
      O   
    X     
  O X     
    X O   
          
----------

Black 2,3
----------
      O   
    X     
  O X X   
    X O   
          
----------

White 0,0
----------
O     O   
    X     
  O X X   
    X O   
          
----------

Black 4,2
----------
O     O   
    X     
  O X X   
    X O   
    X     
----------

White 3,1
----------
O     O   
    X     
  O X X   
  O X O   
    X     
----------

Black 2,4
----------
O     O   
    X     
  O X X X 
  O X O   
    X     
----------

White 1,3
----------
O     O   
    X O   
  O X X X 
  O X O   
    X     
----------

Black 0,2
----------
O   X O   
    X O   
  O X X X 
  O X O   
    X     
----------

White 3,0
----------
O   X O   
    X O   
  O X X X 
O O X O   
    X     
----------

Black 2,0
----------
O   X O   
    X O   
X O X X X 
O O X O   
    X     
----------

White 1,0
----------
O   X O   
O   X O   
  O X X X 
O O X O   
    X     
----------

Black 1,1
----------
O   X O   
O X X O   
  O X X X 
O O X O   
    X     
----------

White 3,4
----------
O   X O   
O X X O   
  O X X X 
O O X O O 
    X     
----------

Black 1,4
----------
O   X O   
O X X O X 
  O X X X 
O O X O O 
    X     
----------

White 2,0
----------
O   X O   
O X X O X 
O O X X X 
O O X O O 
    X     
----------

Black 0,4
----------
O   X   X 
O X X   X 
O O X X X 
O O X O O 
    X     
----------

White PASS
----------
O   X   X 
O X X   X 
O O X X X 
O O X O O 
    X     
----------

Black 1,3
----------
O   X   X 
O X X X X 
O O X X X 
O O X O O 
    X     
----------

White 0,1
----------
O O X   X 
O X X X X 
O O X X X 
O O X O O 
    X     
----------

Game end.
The winner is O
ta time: 17.35
student time: 16.22
White(You) win!
=====Round 6=====
Black:You White:TA
Thu Oct 29 14:01:25 PDT 2020
Clean up...
Start Playing...
Black 2,2
----------
          
          
    X     
          
          
----------

White 2,1
----------
          
          
  O X     
          
          
----------

Black 0,1
----------
  X       
          
  O X     
          
          
----------

White 1,2
----------
  X       
    O     
  O X     
          
          
----------

Black 1,4
----------
  X       
    O   X 
  O X     
          
          
----------

White 3,2
----------
  X       
    O   X 
  O X     
    O     
          
----------

Black 3,0
----------
  X       
    O   X 
  O X     
X   O     
          
----------

White 2,3
----------
  X       
    O   X 
  O   O   
X   O     
          
----------

Black 4,3
----------
  X       
    O   X 
  O   O   
X   O     
      X   
----------

White 2,2
----------
  X       
    O   X 
  O O O   
X   O     
      X   
----------

Black 1,1
----------
  X       
  X O   X 
  O O O   
X   O     
      X   
----------

White 3,3
----------
  X       
  X O   X 
  O O O   
X   O O   
      X   
----------

Black 1,3
----------
  X       
  X O X X 
  O O O   
X   O O   
      X   
----------

White 4,2
----------
  X       
  X O X X 
  O O O   
X   O O   
    O X   
----------

Black 3,1
----------
  X       
  X O X X 
  O O O   
X X O O   
    O X   
----------

White 4,4
----------
  X       
  X O X X 
  O O O   
X X O O   
    O   O 
----------

Black 2,4
----------
  X       
  X O X X 
  O O O X 
X X O O   
    O   O 
----------

White 2,0
----------
  X       
  X O X X 
O O O O X 
X X O O   
    O   O 
----------

Black 3,4
----------
  X       
  X O X X 
O O O O X 
X X O O X 
    O   O 
----------

White 0,2
----------
  X O     
  X O X X 
O O O O X 
X X O O X 
    O   O 
----------

Black 4,3
----------
  X O     
  X O X X 
O O O O X 
X X O O X 
    O X   
----------

White 1,0
----------
  X O     
O X O X X 
O O O O X 
X X O O X 
    O X   
----------

Black 0,3
----------
  X O X   
O X O X X 
O O O O X 
X X O O X 
    O X   
----------

White 0,0
----------
O   O X   
O   O X X 
O O O O X 
X X O O X 
    O X   
----------

Game end.
The winner is O
ta time: 20.71
student time: 19.5
Black(You) lose.
=====Round 7=====
Black:TA White:You
Thu Oct 29 14:01:36 PDT 2020
Clean up...
Start Playing...
Black 1,2
----------
          
    X     
          
          
          
----------

White 2,1
----------
          
    X     
  O       
          
          
----------

Black 2,2
----------
          
    X     
  O X     
          
          
----------

White 3,3
----------
          
    X     
  O X     
      O   
          
----------

Black 3,2
----------
          
    X     
  O X     
    X O   
          
----------

White 0,3
----------
      O   
    X     
  O X     
    X O   
          
----------

Black 2,3
----------
      O   
    X     
  O X X   
    X O   
          
----------

White 0,0
----------
O     O   
    X     
  O X X   
    X O   
          
----------

Black 4,2
----------
O     O   
    X     
  O X X   
    X O   
    X     
----------

White 3,1
----------
O     O   
    X     
  O X X   
  O X O   
    X     
----------

Black 1,1
----------
O     O   
  X X     
  O X X   
  O X O   
    X     
----------

White 3,4
----------
O     O   
  X X     
  O X X   
  O X O O 
    X     
----------

Black 0,2
----------
O   X O   
  X X     
  O X X   
  O X O O 
    X     
----------

White 1,3
----------
O   X O   
  X X O   
  O X X   
  O X O O 
    X     
----------

Black 2,4
----------
O   X O   
  X X O   
  O X X X 
  O X O O 
    X     
----------

White 3,0
----------
O   X O   
  X X O   
  O X X X 
O O X O O 
    X     
----------

Black 2,0
----------
O   X O   
  X X O   
X O X X X 
O O X O O 
    X     
----------

White 1,0
----------
O   X O   
O X X O   
  O X X X 
O O X O O 
    X     
----------

Black 4,1
----------
O   X O   
O X X O   
  O X X X 
O O X O O 
  X X     
----------

White 2,0
----------
O   X O   
O X X O   
O O X X X 
O O X O O 
  X X     
----------

Black 0,1
----------
O X X O   
O X X O   
O O X X X 
O O X O O 
  X X     
----------

White PASS
----------
O X X O   
O X X O   
O O X X X 
O O X O O 
  X X     
----------

Black 4,0
----------
  X X O   
  X X O   
    X X X 
    X O O 
X X X     
----------

White PASS
----------
  X X O   
  X X O   
    X X X 
    X O O 
X X X     
----------

Game end.
The winner is X
ta time: 24.47
student time: 23
White(You) lose.
=====Round 8=====
Black:You White:TA
Thu Oct 29 14:01:48 PDT 2020
Clean up...
Start Playing...
Black 2,2
----------
          
          
    X     
          
          
----------

White 2,1
----------
          
          
  O X     
          
          
----------

Black 0,1
----------
  X       
          
  O X     
          
          
----------

White 1,2
----------
  X       
    O     
  O X     
          
          
----------

Black 1,4
----------
  X       
    O   X 
  O X     
          
          
----------

White 3,2
----------
  X       
    O   X 
  O X     
    O     
          
----------

Black 3,0
----------
  X       
    O   X 
  O X     
X   O     
          
----------

White 2,3
----------
  X       
    O   X 
  O   O   
X   O     
          
----------

Black 4,3
----------
  X       
    O   X 
  O   O   
X   O     
      X   
----------

White 2,2
----------
  X       
    O   X 
  O O O   
X   O     
      X   
----------

Black 1,1
----------
  X       
  X O   X 
  O O O   
X   O     
      X   
----------

White 0,2
----------
  X O     
  X O   X 
  O O O   
X   O     
      X   
----------

Black 1,3
----------
  X O     
  X O X X 
  O O O   
X   O     
      X   
----------

White 3,1
----------
  X O     
  X O X X 
  O O O   
X O O     
      X   
----------

Black 3,3
----------
  X O     
  X O X X 
  O O O   
X O O X   
      X   
----------

White 4,2
----------
  X O     
  X O X X 
  O O O   
X O O X   
    O X   
----------

Black 0,3
----------
  X O X   
  X O X X 
  O O O   
X O O X   
    O X   
----------

White 2,0
----------
  X O X   
  X O X X 
O O O O   
X O O X   
    O X   
----------

Black 2,4
----------
  X O X   
  X O X X 
O O O O X 
X O O X   
    O X   
----------

White 4,0
----------
  X O X   
  X O X X 
O O O O X 
  O O X   
O   O X   
----------

Black 3,4
----------
  X O X   
  X O X X 
O O O O X 
  O O X X 
O   O X   
----------

White 1,0
----------
  X O X   
O X O X X 
O O O O X 
  O O X X 
O   O X   
----------

Black PASS
----------
  X O X   
O X O X X 
O O O O X 
  O O X X 
O   O X   
----------

White 0,0
----------
O   O X   
O   O X X 
O O O O X 
  O O X X 
O   O X   
----------

Game end.
The winner is O
ta time: 28
student time: 26.02
Black(You) lose.
=====Round 9=====
Black:TA White:You
Thu Oct 29 14:01:58 PDT 2020
Clean up...
Start Playing...
Black 1,2
----------
          
    X     
          
          
          
----------

White 2,1
----------
          
    X     
  O       
          
          
----------

Black 2,2
----------
          
    X     
  O X     
          
          
----------

White 3,3
----------
          
    X     
  O X     
      O   
          
----------

Black 3,2
----------
          
    X     
  O X     
    X O   
          
----------

White 0,3
----------
      O   
    X     
  O X     
    X O   
          
----------

Black 2,3
----------
      O   
    X     
  O X X   
    X O   
          
----------

White 0,0
----------
O     O   
    X     
  O X X   
    X O   
          
----------

Black 4,2
----------
O     O   
    X     
  O X X   
    X O   
    X     
----------

White 3,1
----------
O     O   
    X     
  O X X   
  O X O   
    X     
----------

Black 0,2
----------
O   X O   
    X     
  O X X   
  O X O   
    X     
----------

White 1,3
----------
O   X O   
    X O   
  O X X   
  O X O   
    X     
----------

Black 2,4
----------
O   X O   
    X O   
  O X X X 
  O X O   
    X     
----------

White 3,0
----------
O   X O   
    X O   
  O X X X 
O O X O   
    X     
----------

Black 2,0
----------
O   X O   
    X O   
X O X X X 
O O X O   
    X     
----------

White 1,0
----------
O   X O   
O   X O   
  O X X X 
O O X O   
    X     
----------

Black 1,1
----------
O   X O   
O X X O   
  O X X X 
O O X O   
    X     
----------

White 3,4
----------
O   X O   
O X X O   
  O X X X 
O O X O O 
    X     
----------

Black 0,1
----------
O X X O   
O X X O   
  O X X X 
O O X O O 
    X     
----------

White 2,0
----------
O X X O   
O X X O   
O O X X X 
O O X O O 
    X     
----------

Black 4,3
----------
O X X O   
O X X O   
O O X X X 
O O X O O 
    X X   
----------

White PASS
----------
O X X O   
O X X O   
O O X X X 
O O X O O 
    X X   
----------

Black 4,4
----------
O X X O   
O X X O   
O O X X X 
O O X     
    X X X 
----------

White PASS
----------
O X X O   
O X X O   
O O X X X 
O O X     
    X X X 
----------

Game end.
The winner is X
ta time: 31.91
student time: 29.36
White(You) lose.
=====Round 10=====
Black:You White:TA
Thu Oct 29 14:02:10 PDT 2020
Clean up...
Start Playing...
Black 2,2
----------
          
          
    X     
          
          
----------

White 2,1
----------
          
          
  O X     
          
          
----------

Black 0,1
----------
  X       
          
  O X     
          
          
----------

White 1,2
----------
  X       
    O     
  O X     
          
          
----------

Black 1,4
----------
  X       
    O   X 
  O X     
          
          
----------

White 2,3
----------
  X       
    O   X 
  O X O   
          
          
----------

Black 3,0
----------
  X       
    O   X 
  O X O   
X         
          
----------

White 3,2
----------
  X       
    O   X 
  O   O   
X   O     
          
----------

Black 4,3
----------
  X       
    O   X 
  O   O   
X   O     
      X   
----------

White 2,2
----------
  X       
    O   X 
  O O O   
X   O     
      X   
----------

Black 1,1
----------
  X       
  X O   X 
  O O O   
X   O     
      X   
----------

White 2,0
----------
  X       
  X O   X 
O O O O   
X   O     
      X   
----------

Black 1,3
----------
  X       
  X O X X 
O O O O   
X   O     
      X   
----------

White 4,2
----------
  X       
  X O X X 
O O O O   
X   O     
    O X   
----------

Black 3,1
----------
  X       
  X O X X 
O O O O   
X X O     
    O X   
----------

White 3,3
----------
  X       
  X O X X 
O O O O   
X X O O   
    O X   
----------

Black 2,4
----------
  X       
  X O X X 
O O O O X 
X X O O   
    O X   
----------

White 4,4
----------
  X       
  X O X X 
O O O O X 
X X O O   
    O   O 
----------

Black 3,4
----------
  X       
  X O X X 
O O O O X 
X X O O X 
    O   O 
----------

White 0,2
----------
  X O     
  X O X X 
O O O O X 
X X O O X 
    O   O 
----------

Black 4,3
----------
  X O     
  X O X X 
O O O O X 
X X O O X 
    O X   
----------

White 4,1
----------
  X O     
  X O X X 
O O O O X 
X X O O X 
  O O X   
----------

Black 0,3
----------
  X O X   
  X O X X 
O O O O X 
X X O O X 
  O O X   
----------

White 4,0
----------
  X O X   
  X O X X 
O O O O X 
    O O X 
O O O X   
----------

Game end.
The winner is O
ta time: 35.48
student time: 32.67
Black(You) lose.

==Playing with championship_player==
=====Round 1=====
Black:TA White:You
Thu Oct 29 14:02:22 PDT 2020
Clean up...
Start Playing...
Black 2,2
----------
          
          
    X     
          
          
----------

White 0,0
----------
O         
          
    X     
          
          
----------

Black 3,1
----------
O         
          
    X     
  X       
          
----------

White 1,3
----------
O         
      O   
    X     
  X       
          
----------

Black 1,1
----------
O         
  X   O   
    X     
  X       
          
----------

White 3,3
----------
O         
  X   O   
    X     
  X   O   
          
----------

Black 2,3
----------
O         
  X   O   
    X X   
  X   O   
          
----------

White 2,0
----------
O         
  X   O   
O   X X   
  X   O   
          
----------

Black 2,4
----------
O         
  X   O   
O   X X X 
  X   O   
          
----------

White 4,1
----------
O         
  X   O   
O   X X X 
  X   O   
  O       
----------

Black 3,0
----------
O         
  X   O   
O   X X X 
X X   O   
  O       
----------

White 0,3
----------
O     O   
  X   O   
O   X X X 
X X   O   
  O       
----------

Black 0,1
----------
O X   O   
  X   O   
O   X X X 
X X   O   
  O       
----------

White 3,4
----------
O X   O   
  X   O   
O   X X X 
X X   O O 
  O       
----------

Black 1,0
----------
  X   O   
X X   O   
O   X X X 
X X   O O 
  O       
----------

White 1,2
----------
  X   O   
X X O O   
O   X X X 
X X   O O 
  O       
----------

Black 3,2
----------
  X   O   
X X O O   
O   X X X 
X X X O O 
  O       
----------

White 0,2
----------
  X O O   
X X O O   
O   X X X 
X X X O O 
  O       
----------

Black 2,1
----------
  X O O   
X X O O   
  X X X X 
X X X O O 
  O       
----------

White 4,2
----------
  X O O   
X X O O   
  X X X X 
X X X O O 
  O O     
----------

Black 1,4
----------
  X O O   
X X O O X 
  X X X X 
X X X O O 
  O O     
----------

White PASS
----------
  X O O   
X X O O X 
  X X X X 
X X X O O 
  O O     
----------

Black 0,4
----------
  X     X 
X X     X 
  X X X X 
X X X O O 
  O O     
----------

White PASS
----------
  X     X 
X X     X 
  X X X X 
X X X O O 
  O O     
----------

Game end.
The winner is X
ta time: 63.34
student time: 35.72
White(You) lose.
=====Round 2=====
Black:You White:TA
Thu Oct 29 14:02:49 PDT 2020
Clean up...
Start Playing...
Black 2,2
----------
          
          
    X     
          
          
----------

White 1,2
----------
          
    O     
    X     
          
          
----------

Black 0,1
----------
  X       
    O     
    X     
          
          
----------

White 1,1
----------
  X       
  O O     
    X     
          
          
----------

Black 1,4
----------
  X       
  O O   X 
    X     
          
          
----------

White 2,1
----------
  X       
  O O   X 
  O X     
          
          
----------

Black 3,2
----------
  X       
  O O   X 
  O X     
    X     
          
----------

White 1,3
----------
  X       
  O O O X 
  O X     
    X     
          
----------

Black 2,0
----------
  X       
  O O O X 
X O X     
    X     
          
----------

White 3,1
----------
  X       
  O O O X 
X O X     
  O X     
          
----------

Black 3,3
----------
  X       
  O O O X 
X O X     
  O X X   
          
----------

White 1,0
----------
  X       
O O O O X 
X O X     
  O X X   
          
----------

Black 4,0
----------
  X       
O O O O X 
X O X     
  O X X   
X         
----------

White 3,0
----------
  X       
O O O O X 
  O X     
O O X X   
X         
----------

Black 0,2
----------
  X X     
O O O O X 
  O X     
O O X X   
X         
----------

White 0,0
----------
O X X     
O O O O X 
  O X     
O O X X   
X         
----------

Black 3,4
----------
O X X     
O O O O X 
  O X     
O O X X X 
X         
----------

White 0,3
----------
O     O   
O O O O X 
  O X     
O O X X X 
X         
----------

Black 2,3
----------
O     O   
O O O O X 
  O X X   
O O X X X 
X         
----------

White 4,2
----------
O     O   
O O O O X 
  O X X   
O O X X X 
X   O     
----------

Black PASS
----------
O     O   
O O O O X 
  O X X   
O O X X X 
X   O     
----------

White 0,4
----------
O     O O 
O O O O X 
  O X X   
O O X X X 
X   O     
----------

Black PASS
----------
O     O O 
O O O O X 
  O X X   
O O X X X 
X   O     
----------

White 4,1
----------
O     O O 
O O O O X 
  O X X   
O O X X X 
  O O     
----------

Game end.
The winner is O
ta time: 95.5
student time: 38.82
Black(You) lose.
=====Round 3=====
Black:TA White:You
Thu Oct 29 14:03:19 PDT 2020
Clean up...
Start Playing...
Black 2,2
----------
          
          
    X     
          
          
----------

White 0,0
----------
O         
          
    X     
          
          
----------

Black 2,3
----------
O         
          
    X X   
          
          
----------

White 3,1
----------
O         
          
    X X   
  O       
          
----------

Black 1,1
----------
O         
  X       
    X X   
  O       
          
----------

White 1,3
----------
O         
  X   O   
    X X   
  O       
          
----------

Black 3,2
----------
O         
  X   O   
    X X   
  O X     
          
----------

White 3,4
----------
O         
  X   O   
    X X   
  O X   O 
          
----------

Black 2,4
----------
O         
  X   O   
    X X X 
  O X   O 
          
----------

White 0,3
----------
O     O   
  X   O   
    X X X 
  O X   O 
          
----------

Black 0,1
----------
O X   O   
  X   O   
    X X X 
  O X   O 
          
----------

White 3,0
----------
O X   O   
  X   O   
    X X X 
O O X   O 
          
----------

Black 1,0
----------
  X   O   
X X   O   
    X X X 
O O X   O 
          
----------

White 4,2
----------
  X   O   
X X   O   
    X X X 
O O X   O 
    O     
----------

Black 4,3
----------
  X   O   
X X   O   
    X X X 
O O X   O 
    O X   
----------

White 1,2
----------
  X   O   
X X O O   
    X X X 
O O X   O 
    O X   
----------

Black 4,1
----------
  X   O   
X X O O   
    X X X 
O O X   O 
  X   X   
----------

White PASS
----------
  X   O   
X X O O   
    X X X 
O O X   O 
  X   X   
----------

Black 2,1
----------
  X   O   
X X O O   
  X X X X 
O O X   O 
  X   X   
----------

White PASS
----------
  X   O   
X X O O   
  X X X X 
O O X   O 
  X   X   
----------

Black 1,4
----------
  X   O   
X X O O X 
  X X X X 
O O X   O 
  X   X   
----------

White PASS
----------
  X   O   
X X O O X 
  X X X X 
O O X   O 
  X   X   
----------

Black 2,0
----------
  X   O   
X X O O X 
X X X X X 
O O X   O 
  X   X   
----------

White PASS
----------
  X   O   
X X O O X 
X X X X X 
O O X   O 
  X   X   
----------

Game end.
The winner is X
ta time: 123.37
student time: 41.96
White(You) lose.
=====Round 4=====
Black:You White:TA
Thu Oct 29 14:03:45 PDT 2020
Clean up...
Start Playing...
Black 2,2
----------
          
          
    X     
          
          
----------

White 1,2
----------
          
    O     
    X     
          
          
----------

Black 0,1
----------
  X       
    O     
    X     
          
          
----------

White 1,1
----------
  X       
  O O     
    X     
          
          
----------

Black 1,4
----------
  X       
  O O   X 
    X     
          
          
----------

White 1,3
----------
  X       
  O O O X 
    X     
          
          
----------

Black 3,2
----------
  X       
  O O O X 
    X     
    X     
          
----------

White 2,3
----------
  X       
  O O O X 
    X O   
    X     
          
----------

Black 2,0
----------
  X       
  O O O X 
X   X O   
    X     
          
----------

White 3,3
----------
  X       
  O O O X 
X   X O   
    X O   
          
----------

Black 4,4
----------
  X       
  O O O X 
X   X O   
    X O   
        X 
----------

White 2,1
----------
  X       
  O O O X 
X O X O   
    X O   
        X 
----------

Black 4,0
----------
  X       
  O O O X 
X O X O   
    X O   
X       X 
----------

White 3,1
----------
  X       
  O O O X 
X O X O   
  O X O   
X       X 
----------

Black 0,2
----------
  X X     
  O O O X 
X O X O   
  O X O   
X       X 
----------

White 3,0
----------
  X X     
  O O O X 
X O X O   
O O X O   
X       X 
----------

Black 0,0
----------
X X X     
  O O O X 
X O X O   
O O X O   
X       X 
----------

White 4,2
----------
X X X     
  O O O X 
X O   O   
O O   O   
X   O   X 
----------

Black PASS
----------
X X X     
  O O O X 
X O   O   
O O   O   
X   O   X 
----------

White 4,1
----------
X X X     
  O O O X 
X O   O   
O O   O   
  O O   X 
----------

Black PASS
----------
X X X     
  O O O X 
X O   O   
O O   O   
  O O   X 
----------

White 2,4
----------
X X X     
  O O O X 
X O   O O 
O O   O   
  O O   X 
----------

Black PASS
----------
X X X     
  O O O X 
X O   O O 
O O   O   
  O O   X 
----------

White 1,0
----------
X X X     
O O O O X 
  O   O O 
O O   O   
  O O   X 
----------

Game end.
The winner is O
ta time: 158.22
student time: 45.26
Black(You) lose.
=====Round 5=====
Black:TA White:You
Thu Oct 29 14:04:17 PDT 2020
Clean up...
Start Playing...
Black 2,2
----------
          
          
    X     
          
          
----------

White 0,0
----------
O         
          
    X     
          
          
----------

Black 2,1
----------
O         
          
  X X     
          
          
----------

White 1,3
----------
O         
      O   
  X X     
          
          
----------

Black 2,3
----------
O         
      O   
  X X X   
          
          
----------

White 3,1
----------
O         
      O   
  X X X   
  O       
          
----------

Black 1,2
----------
O         
    X O   
  X X X   
  O       
          
----------

White 3,4
----------
O         
    X O   
  X X X   
  O     O 
          
----------

Black 2,4
----------
O         
    X O   
  X X X X 
  O     O 
          
----------

White 0,1
----------
O O       
    X O   
  X X X X 
  O     O 
          
----------

Black 2,0
----------
O O       
    X O   
X X X X X 
  O     O 
          
----------

White 4,1
----------
O O       
    X O   
X X X X X 
  O     O 
  O       
----------

Black 0,3
----------
O O   X   
    X O   
X X X X X 
  O     O 
  O       
----------

White 3,3
----------
O O   X   
    X O   
X X X X X 
  O   O O 
  O       
----------

Black 1,4
----------
O O   X   
    X   X 
X X X X X 
  O   O O 
  O       
----------

White 1,1
----------
O O   X   
  O X   X 
X X X X X 
  O   O O 
  O       
----------

Black 3,2
----------
O O   X   
  O X   X 
X X X X X 
  O X O O 
  O       
----------

White 3,0
----------
O O   X   
  O X   X 
X X X X X 
O O X O O 
  O       
----------

Black 4,3
----------
O O   X   
  O X   X 
X X X X X 
O O X O O 
  O   X   
----------

White PASS
----------
O O   X   
  O X   X 
X X X X X 
O O X O O 
  O   X   
----------

Black 0,2
----------
O O X X   
  O X   X 
X X X X X 
O O X O O 
  O   X   
----------

White PASS
----------
O O X X   
  O X   X 
X X X X X 
O O X O O 
  O   X   
----------

Black 1,0
----------
    X X   
X   X   X 
X X X X X 
O O X O O 
  O   X   
----------

White PASS
----------
    X X   
X   X   X 
X X X X X 
O O X O O 
  O   X   
----------

Game end.
The winner is X
ta time: 188.99
student time: 48.45
White(You) lose.
=====Round 6=====
Black:You White:TA
Thu Oct 29 14:04:43 PDT 2020
Clean up...
Start Playing...
Black 2,2
----------
          
          
    X     
          
          
----------

White 2,1
----------
          
          
  O X     
          
          
----------

Black 0,1
----------
  X       
          
  O X     
          
          
----------

White 1,1
----------
  X       
  O       
  O X     
          
          
----------

Black 1,4
----------
  X       
  O     X 
  O X     
          
          
----------

White 1,2
----------
  X       
  O O   X 
  O X     
          
          
----------

Black 3,2
----------
  X       
  O O   X 
  O X     
    X     
          
----------

White 3,1
----------
  X       
  O O   X 
  O X     
  O X     
          
----------

Black 2,0
----------
  X       
  O O   X 
X O X     
  O X     
          
----------

White 4,1
----------
  X       
  O O   X 
X O X     
  O X     
  O       
----------

Black 1,3
----------
  X       
  O O X X 
X O X     
  O X     
  O       
----------

White 1,0
----------
  X       
O O O X X 
X O X     
  O X     
  O       
----------

Black 2,4
----------
  X       
O O O X X 
X O X   X 
  O X     
  O       
----------

White 3,0
----------
  X       
O O O X X 
  O X   X 
O O X     
  O       
----------

Black 4,3
----------
  X       
O O O X X 
  O X   X 
O O X     
  O   X   
----------

White 0,2
----------
  X O     
O O O X X 
  O X   X 
O O X     
  O   X   
----------

Black 2,3
----------
  X O     
O O O X X 
  O X X X 
O O X     
  O   X   
----------

White 0,3
----------
  X O O   
O O O X X 
  O X X X 
O O X     
  O   X   
----------

Black 3,3
----------
  X O O   
O O O X X 
  O X X X 
O O X X   
  O   X   
----------

White 4,2
----------
  X O O   
O O O X X 
  O X X X 
O O X X   
  O O X   
----------

Black PASS
----------
  X O O   
O O O X X 
  O X X X 
O O X X   
  O O X   
----------

White 0,0
----------
O   O O   
O O O X X 
  O X X X 
O O X X   
  O O X   
----------

Black PASS
----------
O   O O   
O O O X X 
  O X X X 
O O X X   
  O O X   
----------

White 0,1
----------
O O O O   
O O O X X 
  O X X X 
O O X X   
  O O X   
----------

Game end.
The winner is O
ta time: 222.69
student time: 51.44
Black(You) lose.
=====Round 7=====
Black:TA White:You
Thu Oct 29 14:05:11 PDT 2020
Clean up...
Start Playing...
Black 2,2
----------
          
          
    X     
          
          
----------

White 0,0
----------
O         
          
    X     
          
          
----------

Black 1,3
----------
O         
      X   
    X     
          
          
----------

White 3,1
----------
O         
      X   
    X     
  O       
          
----------

Black 3,2
----------
O         
      X   
    X     
  O X     
          
----------

White 3,3
----------
O         
      X   
    X     
  O X O   
          
----------

Black 2,1
----------
O         
      X   
  X X     
  O X O   
          
----------

White 1,2
----------
O         
    O X   
  X X     
  O X O   
          
----------

Black 2,3
----------
O         
    O X   
  X X X   
  O X O   
          
----------

White 0,4
----------
O       O 
    O X   
  X X X   
  O X O   
          
----------

Black 1,1
----------
O       O 
  X O X   
  X X X   
  O X O   
          
----------

White 3,0
----------
O       O 
  X O X   
  X X X   
O O X O   
          
----------

Black 0,2
----------
O   X   O 
  X   X   
  X X X   
O O X O   
          
----------

White 3,4
----------
O   X   O 
  X   X   
  X X X   
O O X O O 
          
----------

Black 4,2
----------
O   X   O 
  X   X   
  X X X   
O O X O O 
    X     
----------

White 1,0
----------
O   X   O 
O X   X   
  X X X   
O O X O O 
    X     
----------

Black 2,0
----------
O   X   O 
O X   X   
X X X X   
O O X O O 
    X     
----------

White 1,4
----------
O   X   O 
O X   X O 
X X X X   
O O X O O 
    X     
----------

Black 0,3
----------
O   X X O 
O X   X O 
X X X X   
O O X O O 
    X     
----------

White 2,4
----------
O   X X O 
O X   X O 
X X X X O 
O O X O O 
    X     
----------

Black 4,1
----------
O   X X O 
O X   X O 
X X X X O 
O O X O O 
  X X     
----------

White PASS
----------
O   X X O 
O X   X O 
X X X X O 
O O X O O 
  X X     
----------

Black 4,0
----------
O   X X O 
O X   X O 
X X X X O 
    X O O 
X X X     
----------

White PASS
----------
O   X X O 
O X   X O 
X X X X O 
    X O O 
X X X     
----------

Game end.
The winner is X
ta time: 253.97
student time: 54.47
White(You) lose.
=====Round 8=====
Black:You White:TA
Thu Oct 29 14:05:38 PDT 2020
Clean up...
Start Playing...
Black 2,2
----------
          
          
    X     
          
          
----------

White 3,3
----------
          
          
    X     
      O   
          
----------

Black 0,0
----------
X         
          
    X     
      O   
          
----------

White 1,2
----------
X         
    O     
    X     
      O   
          
----------

Black 0,3
----------
X     X   
    O     
    X     
      O   
          
----------

White 1,3
----------
X     X   
    O O   
    X     
      O   
          
----------

Black 3,0
----------
X     X   
    O O   
    X     
X     O   
          
----------

White 2,3
----------
X     X   
    O O   
    X O   
X     O   
          
----------

Black 2,4
----------
X     X   
    O O   
    X O X 
X     O   
          
----------

White 1,4
----------
X     X   
    O O O 
    X O X 
X     O   
          
----------

Black 2,1
----------
X     X   
    O O O 
  X X O X 
X     O   
          
----------

White 3,4
----------
X     X   
    O O O 
  X X O   
X     O O 
          
----------

Black 4,2
----------
X     X   
    O O O 
  X X O   
X     O O 
    X     
----------

White 4,3
----------
X     X   
    O O O 
  X X O   
X     O O 
    X O   
----------

Black 1,1
----------
X     X   
  X O O O 
  X X O   
X     O O 
    X O   
----------

White 0,2
----------
X   O X   
  X O O O 
  X X O   
X     O O 
    X O   
----------

Black 3,1
----------
X   O X   
  X O O O 
  X X O   
X X   O O 
    X O   
----------

White 0,4
----------
X   O   O 
  X O O O 
  X X O   
X X   O O 
    X O   
----------

Black 3,2
----------
X   O   O 
  X O O O 
  X X O   
X X X O O 
    X O   
----------

White 0,1
----------
X O O   O 
  X O O O 
  X X O   
X X X O O 
    X O   
----------

Black 1,0
----------
X O O   O 
X X O O O 
  X X O   
X X X O O 
    X O   
----------

White PASS
----------
X O O   O 
X X O O O 
  X X O   
X X X O O 
    X O   
----------

Black PASS
----------
X O O   O 
X X O O O 
  X X O   
X X X O O 
    X O   
----------

Game end.
The winner is O
ta time: 285.53
student time: 57.66
Black(You) lose.
=====Round 9=====
Black:TA White:You
Thu Oct 29 14:06:06 PDT 2020
Clean up...
Start Playing...
Black 2,2
----------
          
          
    X     
          
          
----------

White 0,0
----------
O         
          
    X     
          
          
----------

Black 1,2
----------
O         
    X     
    X     
          
          
----------

White 3,1
----------
O         
    X     
    X     
  O       
          
----------

Black 3,2
----------
O         
    X     
    X     
  O X     
          
----------

White 1,3
----------
O         
    X O   
    X     
  O X     
          
----------

Black 0,2
----------
O   X     
    X O   
    X     
  O X     
          
----------

White 3,4
----------
O   X     
    X O   
    X     
  O X   O 
          
----------

Black 4,2
----------
O   X     
    X O   
    X     
  O X   O 
    X     
----------

White 2,1
----------
O   X     
    X O   
  O X     
  O X   O 
    X     
----------

Black 1,1
----------
O   X     
  X X O   
  O X     
  O X   O 
    X     
----------

White 3,3
----------
O   X     
  X X O   
  O X     
  O X O O 
    X     
----------

Black 4,1
----------
O   X     
  X X O   
  O X     
  O X O O 
  X X     
----------

White 0,3
----------
O   X O   
  X X O   
  O X     
  O X O O 
  X X     
----------

Black 3,0
----------
O   X O   
  X X O   
  O X     
X O X O O 
  X X     
----------

White 2,3
----------
O   X O   
  X X O   
  O X O   
X O X O O 
  X X     
----------

Black 2,0
----------
O   X O   
  X X O   
X   X O   
X   X O O 
  X X     
----------

White 0,4
----------
O   X O O 
  X X O   
X   X O   
X   X O O 
  X X     
----------

Black 4,3
----------
O   X O O 
  X X O   
X   X O   
X   X O O 
  X X X   
----------

White PASS
----------
O   X O O 
  X X O   
X   X O   
X   X O O 
  X X X   
----------

Black 4,4
----------
O   X O O 
  X X O   
X   X O   
X   X O O 
  X X X X 
----------

White PASS
----------
O   X O O 
  X X O   
X   X O   
X   X O O 
  X X X X 
----------

Black 2,1
----------
O   X O O 
  X X O   
X X X O   
X   X O O 
  X X X X 
----------

White PASS
----------
O   X O O 
  X X O   
X X X O   
X   X O O 
  X X X X 
----------

Game end.
The winner is X
ta time: 317.77
student time: 60.87
White(You) lose.
=====Round 10=====
Black:You White:TA
Thu Oct 29 14:06:34 PDT 2020
Clean up...
Start Playing...
Black 2,2
----------
          
          
    X     
          
          
----------

White 1,2
----------
          
    O     
    X     
          
          
----------

Black 0,1
----------
  X       
    O     
    X     
          
          
----------

White 1,1
----------
  X       
  O O     
    X     
          
          
----------

Black 1,4
----------
  X       
  O O   X 
    X     
          
          
----------

White 1,3
----------
  X       
  O O O X 
    X     
          
          
----------

Black 3,2
----------
  X       
  O O O X 
    X     
    X     
          
----------

White 2,3
----------
  X       
  O O O X 
    X O   
    X     
          
----------

Black 2,0
----------
  X       
  O O O X 
X   X O   
    X     
          
----------

White 3,3
----------
  X       
  O O O X 
X   X O   
    X O   
          
----------

Black 4,4
----------
  X       
  O O O X 
X   X O   
    X O   
        X 
----------

White 4,2
----------
  X       
  O O O X 
X   X O   
    X O   
    O   X 
----------

Black 4,1
----------
  X       
  O O O X 
X   X O   
    X O   
  X O   X 
----------

White 4,3
----------
  X       
  O O O X 
X   X O   
    X O   
  X O O X 
----------

Black 0,2
----------
  X X     
  O O O X 
X   X O   
    X O   
  X O O X 
----------

White 3,1
----------
  X X     
  O O O X 
X   X O   
  O X O   
  X O O X 
----------

Black 2,1
----------
  X X     
  O O O X 
X X X O   
  O X O   
  X O O X 
----------

White 3,4
----------
  X X     
  O O O X 
X X X O   
  O X O O 
  X O O   
----------

Black 3,0
----------
  X X     
  O O O X 
X X X O   
X   X O O 
  X O O   
----------

White 1,0
----------
  X X     
O O O O X 
X X X O   
X   X O O 
  X O O   
----------

Black 0,3
----------
  X X X   
O O O O X 
X X X O   
X   X O O 
  X O O   
----------

White 0,0
----------
O X X X   
O O O O X 
X X X O   
X   X O O 
  X O O   
----------

Black 2,4
----------
O X X X   
O O O O X 
X X X O X 
X   X O O 
  X O O   
----------

White 0,4
----------
O       O 
O O O O   
X X X O   
X   X O O 
  X O O   
----------

Game end.
The winner is O
ta time: 349.75
student time: 64.12
Black(You) lose.
