Thu Oct 29 16:13:44 PDT 2020

==Playing with qlearning_player==
=====Round 1=====
Black:TA White:You
Thu Oct 29 16:13:44 PDT 2020
Clean up...
Start Playing...
Black 1,2
----------
          
    X     
          
          
          
----------

White 2,1
----------
          
    X     
  O       
          
          
----------

Black 2,2
----------
          
    X     
  O X     
          
          
----------

White 3,1
----------
          
    X     
  O X     
  O       
          
----------

Black 0,0
----------
X         
    X     
  O X     
  O       
          
----------

White 1,1
----------
X         
  O X     
  O X     
  O       
          
----------

Black 0,1
----------
X X       
  O X     
  O X     
  O       
          
----------

White 1,0
----------
X X       
O O X     
  O X     
  O       
          
----------

Black 2,3
----------
X X       
O O X     
  O X X   
  O       
          
----------

White 0,2
----------
    O     
O O X     
  O X X   
  O       
          
----------

Black 3,2
----------
    O     
O O X     
  O X X   
  O X     
          
----------

White 0,3
----------
    O O   
O O X     
  O X X   
  O X     
          
----------

Black 3,3
----------
    O O   
O O X     
  O X X   
  O X X   
          
----------

White 4,1
----------
    O O   
O O X     
  O X X   
  O X X   
  O       
----------

Black 2,4
----------
    O O   
O O X     
  O X X X 
  O X X   
  O       
----------

White 1,3
----------
    O O   
O O X O   
  O X X X 
  O X X   
  O       
----------

Black 2,0
----------
    O O   
O O X O   
X O X X X 
  O X X   
  O       
----------

White 3,0
----------
    O O   
O O X O   
  O X X X 
O O X X   
  O       
----------

Black 4,2
----------
    O O   
O O X O   
  O X X X 
O O X X   
  O X     
----------

White 0,0
----------
O   O O   
O O X O   
  O X X X 
O O X X   
  O X     
----------

Black 4,3
----------
O   O O   
O O X O   
  O X X X 
O O X X   
  O X X   
----------

White 0,1
----------
O O O O   
O O X O   
  O X X X 
O O X X   
  O X X   
----------

Black 3,4
----------
O O O O   
O O X O   
  O X X X 
O O X X X 
  O X X   
----------

White 1,4
----------
O O O O   
O O X O O 
  O X X X 
O O X X X 
  O X X   
----------

Game end.
The winner is O
ta time: 3.68
student time: 3.33
White(You) win!
=====Round 2=====
Black:You White:TA
Thu Oct 29 16:13:56 PDT 2020
Clean up...
Start Playing...
Black 2,2
----------
          
          
    X     
          
          
----------

White 2,1
----------
          
          
  O X     
          
          
----------

Black 1,1
----------
          
  X       
  O X     
          
          
----------

White 3,4
----------
          
  X       
  O X     
        O 
          
----------

Black 2,3
----------
          
  X       
  O X X   
        O 
          
----------

White 3,2
----------
          
  X       
  O X X   
    O   O 
          
----------

Black 3,1
----------
          
  X       
  O X X   
  X O   O 
          
----------

White 1,2
----------
          
  X O     
  O X X   
  X O   O 
          
----------

Black 2,0
----------
          
  X O     
X   X X   
  X O   O 
          
----------

White 0,2
----------
    O     
  X O     
X   X X   
  X O   O 
          
----------

Black 3,3
----------
    O     
  X O     
X   X X   
  X O X O 
          
----------

White 2,4
----------
    O     
  X O     
X   X X O 
  X O X O 
          
----------

Black 4,2
----------
    O     
  X O     
X   X X O 
  X   X O 
    X     
----------

White 1,3
----------
    O     
  X O O   
X   X X O 
  X   X O 
    X     
----------

Black 0,1
----------
  X O     
  X O O   
X   X X O 
  X   X O 
    X     
----------

White 3,0
----------
  X O     
  X O O   
X   X X O 
O X   X O 
    X     
----------

Black 2,1
----------
  X O     
  X O O   
X X X X O 
O X   X O 
    X     
----------

White 4,3
----------
  X O     
  X O O   
X X X X O 
O X   X O 
    X O   
----------

Black 4,4
----------
  X O     
  X O O   
X X X X O 
O X   X O 
    X   X 
----------

White 1,4
----------
  X O     
  X O O O 
X X X X O 
O X   X O 
    X   X 
----------

Black 4,1
----------
  X O     
  X O O O 
X X X X O 
O X   X O 
  X X   X 
----------

White 4,3
----------
  X O     
  X O O O 
X X X X O 
O X   X O 
  X X O   
----------

Black 4,0
----------
  X O     
  X O O O 
X X X X O 
  X   X O 
X X X O   
----------

White 1,0
----------
  X O     
O X O O O 
X X X X O 
  X   X O 
X X X O   
----------

Game end.
The winner is X
ta time: 7.01
student time: 6.43
Black(You) win!
=====Round 3=====
Black:TA White:You
Thu Oct 29 16:14:06 PDT 2020
Clean up...
Start Playing...
Black 1,2
----------
          
    X     
          
          
          
----------

White 2,1
----------
          
    X     
  O       
          
          
----------

Black 2,2
----------
          
    X     
  O X     
          
          
----------

White 3,1
----------
          
    X     
  O X     
  O       
          
----------

Black 0,0
----------
X         
    X     
  O X     
  O       
          
----------

White 1,1
----------
X         
  O X     
  O X     
  O       
          
----------

Black 0,1
----------
X X       
  O X     
  O X     
  O       
          
----------

White 1,0
----------
X X       
O O X     
  O X     
  O       
          
----------

Black 3,2
----------
X X       
O O X     
  O X     
  O X     
          
----------

White 0,2
----------
    O     
O O X     
  O X     
  O X     
          
----------

Black 2,3
----------
    O     
O O X     
  O X X   
  O X     
          
----------

White 0,3
----------
    O O   
O O X     
  O X X   
  O X     
          
----------

Black 2,0
----------
    O O   
O O X     
X O X X   
  O X     
          
----------

White 3,0
----------
    O O   
O O X     
  O X X   
O O X     
          
----------

Black 2,4
----------
    O O   
O O X     
  O X X X 
O O X     
          
----------

White 1,3
----------
    O O   
O O X O   
  O X X X 
O O X     
          
----------

Black 3,3
----------
    O O   
O O X O   
  O X X X 
O O X X   
          
----------

White 4,1
----------
    O O   
O O X O   
  O X X X 
O O X X   
  O       
----------

Black 4,2
----------
    O O   
O O X O   
  O X X X 
O O X X   
  O X     
----------

White 0,0
----------
O   O O   
O O X O   
  O X X X 
O O X X   
  O X     
----------

Black 1,4
----------
O   O O   
O O X O X 
  O X X X 
O O X X   
  O X     
----------

White 0,1
----------
O O O O   
O O X O X 
  O X X X 
O O X X   
  O X     
----------

Black 4,3
----------
O O O O   
O O X O X 
  O X X X 
O O X X   
  O X X   
----------

White 0,4
----------
O O O O O 
O O X O X 
  O X X X 
O O X X   
  O X X   
----------

Game end.
The winner is O
ta time: 10.67
student time: 9.6
White(You) win!
=====Round 4=====
Black:You White:TA
Thu Oct 29 16:14:17 PDT 2020
Clean up...
Start Playing...
Black 2,2
----------
          
          
    X     
          
          
----------

White 2,1
----------
          
          
  O X     
          
          
----------

Black 1,1
----------
          
  X       
  O X     
          
          
----------

White 3,4
----------
          
  X       
  O X     
        O 
          
----------

Black 2,3
----------
          
  X       
  O X X   
        O 
          
----------

White 3,2
----------
          
  X       
  O X X   
    O   O 
          
----------

Black 3,1
----------
          
  X       
  O X X   
  X O   O 
          
----------

White 1,2
----------
          
  X O     
  O X X   
  X O   O 
          
----------

Black 2,0
----------
          
  X O     
X   X X   
  X O   O 
          
----------

White 0,2
----------
    O     
  X O     
X   X X   
  X O   O 
          
----------

Black 3,3
----------
    O     
  X O     
X   X X   
  X O X O 
          
----------

White 1,3
----------
    O     
  X O O   
X   X X   
  X O X O 
          
----------

Black 4,2
----------
    O     
  X O O   
X   X X   
  X   X O 
    X     
----------

White 2,4
----------
    O     
  X O O   
X   X X O 
  X   X O 
    X     
----------

Black 0,1
----------
  X O     
  X O O   
X   X X O 
  X   X O 
    X     
----------

White 1,4
----------
  X O     
  X O O O 
X   X X O 
  X   X O 
    X     
----------

Black 2,1
----------
  X O     
  X O O O 
X X X X O 
  X   X O 
    X     
----------

White 0,3
----------
  X O O   
  X O O O 
X X X X O 
  X   X O 
    X     
----------

Black 4,4
----------
  X O O   
  X O O O 
X X X X O 
  X   X O 
    X   X 
----------

White 4,3
----------
  X O O   
  X O O O 
X X X X O 
  X   X O 
    X O   
----------

Black 3,0
----------
  X O O   
  X O O O 
X X X X O 
X X   X O 
    X O   
----------

White 1,0
----------
  X O O   
O X O O O 
X X X X O 
X X   X O 
    X O   
----------

Black 4,4
----------
  X O O   
O X O O O 
X X X X O 
X X   X O 
    X   X 
----------

White 4,1
----------
  X O O   
O X O O O 
X X X X O 
X X   X O 
  O X   X 
----------

Game end.
The winner is O
ta time: 13.94
student time: 12.91
Black(You) lose.
=====Round 5=====
Black:TA White:You
Thu Oct 29 16:14:29 PDT 2020
Clean up...
Start Playing...
Black 1,2
----------
          
    X     
          
          
          
----------

White 2,1
----------
          
    X     
  O       
          
          
----------

Black 2,2
----------
          
    X     
  O X     
          
          
----------

White 3,1
----------
          
    X     
  O X     
  O       
          
----------

Black 0,0
----------
X         
    X     
  O X     
  O       
          
----------

White 1,1
----------
X         
  O X     
  O X     
  O       
          
----------

Black 0,1
----------
X X       
  O X     
  O X     
  O       
          
----------

White 1,0
----------
X X       
O O X     
  O X     
  O       
          
----------

Black 2,3
----------
X X       
O O X     
  O X X   
  O       
          
----------

White 0,2
----------
    O     
O O X     
  O X X   
  O       
          
----------

Black 3,2
----------
    O     
O O X     
  O X X   
  O X     
          
----------

White 0,3
----------
    O O   
O O X     
  O X X   
  O X     
          
----------

Black 1,3
----------
    O O   
O O X X   
  O X X   
  O X     
          
----------

White 4,1
----------
    O O   
O O X X   
  O X X   
  O X     
  O       
----------

Black 2,4
----------
    O O   
O O X X   
  O X X X 
  O X     
  O       
----------

White 0,4
----------
    O O O 
O O X X   
  O X X X 
  O X     
  O       
----------

Black 4,2
----------
    O O O 
O O X X   
  O X X X 
  O X     
  O X     
----------

White 0,0
----------
O   O O O 
O O X X   
  O X X X 
  O X     
  O X     
----------

Black 3,3
----------
O   O O O 
O O X X   
  O X X X 
  O X X   
  O X     
----------

White 0,1
----------
O O O O O 
O O X X   
  O X X X 
  O X X   
  O X     
----------

Black 2,0
----------
O O O O O 
O O X X   
X O X X X 
  O X X   
  O X     
----------

White 3,0
----------
O O O O O 
O O X X   
  O X X X 
O O X X   
  O X     
----------

Black 1,4
----------
O O O O O 
O O X X X 
  O X X X 
O O X X   
  O X     
----------

White 3,4
----------
O O O O O 
O O X X X 
  O X X X 
O O X X O 
  O X     
----------

Game end.
The winner is O
ta time: 17.96
student time: 16.23
White(You) win!
=====Round 6=====
Black:You White:TA
Thu Oct 29 16:14:40 PDT 2020
Clean up...
Start Playing...
Black 2,2
----------
          
          
    X     
          
          
----------

White 2,1
----------
          
          
  O X     
          
          
----------

Black 1,1
----------
          
  X       
  O X     
          
          
----------

White 3,4
----------
          
  X       
  O X     
        O 
          
----------

Black 2,3
----------
          
  X       
  O X X   
        O 
          
----------

White 3,2
----------
          
  X       
  O X X   
    O   O 
          
----------

Black 3,1
----------
          
  X       
  O X X   
  X O   O 
          
----------

White 1,2
----------
          
  X O     
  O X X   
  X O   O 
          
----------

Black 2,0
----------
          
  X O     
X   X X   
  X O   O 
          
----------

White 3,3
----------
          
  X O     
X   X X   
  X O O O 
          
----------

Black 1,3
----------
          
  X O X   
X   X X   
  X O O O 
          
----------

White 2,4
----------
          
  X O X   
X   X X O 
  X O O O 
          
----------

Black 0,2
----------
    X     
  X   X   
X   X X O 
  X O O O 
          
----------

White 4,2
----------
    X     
  X   X   
X   X X O 
  X O O O 
    O     
----------

Black 0,1
----------
  X X     
  X   X   
X   X X O 
  X O O O 
    O     
----------

White 3,0
----------
  X X     
  X   X   
X   X X O 
O X O O O 
    O     
----------

Black 0,3
----------
  X X X   
  X   X   
X   X X O 
O X O O O 
    O     
----------

White 1,0
----------
  X X X   
O X   X   
X   X X O 
O X O O O 
    O     
----------

Black 0,0
----------
X X X X   
  X   X   
X   X X O 
O X O O O 
    O     
----------

White 4,3
----------
X X X X   
  X   X   
X   X X O 
O X O O O 
    O O   
----------

Black 4,1
----------
X X X X   
  X   X   
X   X X O 
O X O O O 
  X O O   
----------

White 1,4
----------
X X X X   
  X   X O 
X   X X O 
O X O O O 
  X O O   
----------

Black 0,4
----------
X X X X X 
  X   X O 
X   X X O 
O X O O O 
  X O O   
----------

White PASS
----------
X X X X X 
  X   X O 
X   X X O 
O X O O O 
  X O O   
----------

Game end.
The winner is X
ta time: 21.18
student time: 19.38
Black(You) win!
=====Round 7=====
Black:TA White:You
Thu Oct 29 16:14:50 PDT 2020
Clean up...
Start Playing...
Black 1,2
----------
          
    X     
          
          
          
----------

White 2,1
----------
          
    X     
  O       
          
          
----------

Black 2,2
----------
          
    X     
  O X     
          
          
----------

White 3,1
----------
          
    X     
  O X     
  O       
          
----------

Black 0,0
----------
X         
    X     
  O X     
  O       
          
----------

White 1,1
----------
X         
  O X     
  O X     
  O       
          
----------

Black 0,1
----------
X X       
  O X     
  O X     
  O       
          
----------

White 1,0
----------
X X       
O O X     
  O X     
  O       
          
----------

Black 3,2
----------
X X       
O O X     
  O X     
  O X     
          
----------

White 0,2
----------
    O     
O O X     
  O X     
  O X     
          
----------

Black 2,3
----------
    O     
O O X     
  O X X   
  O X     
          
----------

White 0,3
----------
    O O   
O O X     
  O X X   
  O X     
          
----------

Black 4,2
----------
    O O   
O O X     
  O X X   
  O X     
    X     
----------

White 1,3
----------
    O O   
O O X O   
  O X X   
  O X     
    X     
----------

Black 2,0
----------
    O O   
O O X O   
X O X X   
  O X     
    X     
----------

White 3,0
----------
    O O   
O O X O   
  O X X   
O O X     
    X     
----------

Black 3,3
----------
    O O   
O O X O   
  O X X   
O O X X   
    X     
----------

White 1,4
----------
    O O   
O O X O O 
  O X X   
O O X X   
    X     
----------

Black 2,4
----------
    O O   
O O X O O 
  O X X X 
O O X X   
    X     
----------

White 0,0
----------
O   O O   
O O X O O 
  O X X X 
O O X X   
    X     
----------

Black 3,4
----------
O   O O   
O O X O O 
  O X X X 
O O X X X 
    X     
----------

White 0,1
----------
O O O O   
O O X O O 
  O X X X 
O O X X X 
    X     
----------

Black 4,1
----------
O O O O   
O O X O O 
  O X X X 
O O X X X 
  X X     
----------

White 0,4
----------
O O O O O 
O O X O O 
  O X X X 
O O X X X 
  X X     
----------

Game end.
The winner is O
ta time: 24.86
student time: 22.58
White(You) win!
=====Round 8=====
Black:You White:TA
Thu Oct 29 16:15:01 PDT 2020
Clean up...
Start Playing...
Black 2,2
----------
          
          
    X     
          
          
----------

White 2,1
----------
          
          
  O X     
          
          
----------

Black 1,1
----------
          
  X       
  O X     
          
          
----------

White 3,4
----------
          
  X       
  O X     
        O 
          
----------

Black 2,3
----------
          
  X       
  O X X   
        O 
          
----------

White 1,2
----------
          
  X O     
  O X X   
        O 
          
----------

Black 1,3
----------
          
  X O X   
  O X X   
        O 
          
----------

White 3,2
----------
          
  X O X   
  O X X   
    O   O 
          
----------

Black 0,2
----------
    X     
  X   X   
  O X X   
    O   O 
          
----------

White 3,3
----------
    X     
  X   X   
  O X X   
    O O O 
          
----------

Black 3,1
----------
    X     
  X   X   
  O X X   
  X O O O 
          
----------

White 4,2
----------
    X     
  X   X   
  O X X   
  X O O O 
    O     
----------

Black 2,0
----------
    X     
  X   X   
X   X X   
  X O O O 
    O     
----------

White 2,4
----------
    X     
  X   X   
X   X X O 
  X O O O 
    O     
----------

Black 0,1
----------
  X X     
  X   X   
X   X X O 
  X O O O 
    O     
----------

White 0,3
----------
  X X O   
  X   X   
X   X X O 
  X O O O 
    O     
----------

Black 1,2
----------
  X X O   
  X X X   
X   X X O 
  X O O O 
    O     
----------

White 4,1
----------
  X X O   
  X X X   
X   X X O 
  X O O O 
  O O     
----------

Black 1,4
----------
  X X O   
  X X X X 
X   X X O 
  X O O O 
  O O     
----------

White 4,3
----------
  X X O   
  X X X X 
X   X X O 
  X O O O 
  O O O   
----------

Black 0,4
----------
  X X   X 
  X X X X 
X   X X O 
  X O O O 
  O O O   
----------

White 1,0
----------
  X X   X 
O X X X X 
X   X X O 
  X O O O 
  O O O   
----------

Black 0,0
----------
X X X   X 
  X X X X 
X   X X O 
  X O O O 
  O O O   
----------

White 3,0
----------
X X X   X 
  X X X X 
X   X X O 
O X O O O 
  O O O   
----------

Game end.
The winner is X
ta time: 28.36
student time: 25.81
Black(You) win!
=====Round 9=====
Black:TA White:You
Thu Oct 29 16:15:13 PDT 2020
Clean up...
Start Playing...
Black 1,2
----------
          
    X     
          
          
          
----------

White 2,1
----------
          
    X     
  O       
          
          
----------

Black 2,2
----------
          
    X     
  O X     
          
          
----------

White 3,1
----------
          
    X     
  O X     
  O       
          
----------

Black 0,0
----------
X         
    X     
  O X     
  O       
          
----------

White 1,1
----------
X         
  O X     
  O X     
  O       
          
----------

Black 0,1
----------
X X       
  O X     
  O X     
  O       
          
----------

White 1,0
----------
X X       
O O X     
  O X     
  O       
          
----------

Black 2,3
----------
X X       
O O X     
  O X X   
  O       
          
----------

White 0,2
----------
    O     
O O X     
  O X X   
  O       
          
----------

Black 3,2
----------
    O     
O O X     
  O X X   
  O X     
          
----------

White 0,3
----------
    O O   
O O X     
  O X X   
  O X     
          
----------

Black 4,2
----------
    O O   
O O X     
  O X X   
  O X     
    X     
----------

White 1,3
----------
    O O   
O O X O   
  O X X   
  O X     
    X     
----------

Black 2,0
----------
    O O   
O O X O   
X O X X   
  O X     
    X     
----------

White 3,0
----------
    O O   
O O X O   
  O X X   
O O X     
    X     
----------

Black 3,3
----------
    O O   
O O X O   
  O X X   
O O X X   
    X     
----------

White 1,4
----------
    O O   
O O X O O 
  O X X   
O O X X   
    X     
----------

Black 2,4
----------
    O O   
O O X O O 
  O X X X 
O O X X   
    X     
----------

White 0,0
----------
O   O O   
O O X O O 
  O X X X 
O O X X   
    X     
----------

Black 4,1
----------
O   O O   
O O X O O 
  O X X X 
O O X X   
  X X     
----------

White 0,1
----------
O O O O   
O O X O O 
  O X X X 
O O X X   
  X X     
----------

Black 4,3
----------
O O O O   
O O X O O 
  O X X X 
O O X X   
  X X X   
----------

White 0,4
----------
O O O O O 
O O X O O 
  O X X X 
O O X X   
  X X X   
----------

Game end.
The winner is O
ta time: 32.01
student time: 29.11
White(You) win!
=====Round 10=====
Black:You White:TA
Thu Oct 29 16:15:24 PDT 2020
Clean up...
Start Playing...
Black 2,2
----------
          
          
    X     
          
          
----------

White 2,1
----------
          
          
  O X     
          
          
----------

Black 1,1
----------
          
  X       
  O X     
          
          
----------

White 3,4
----------
          
  X       
  O X     
        O 
          
----------

Black 2,3
----------
          
  X       
  O X X   
        O 
          
----------

White 1,2
----------
          
  X O     
  O X X   
        O 
          
----------

Black 1,3
----------
          
  X O X   
  O X X   
        O 
          
----------

White 3,2
----------
          
  X O X   
  O X X   
    O   O 
          
----------

Black 0,2
----------
    X     
  X   X   
  O X X   
    O   O 
          
----------

White 3,3
----------
    X     
  X   X   
  O X X   
    O O O 
          
----------

Black 3,1
----------
    X     
  X   X   
  O X X   
  X O O O 
          
----------

White 4,2
----------
    X     
  X   X   
  O X X   
  X O O O 
    O     
----------

Black 2,0
----------
    X     
  X   X   
X   X X   
  X O O O 
    O     
----------

White 2,4
----------
    X     
  X   X   
X   X X O 
  X O O O 
    O     
----------

Black 0,1
----------
  X X     
  X   X   
X   X X O 
  X O O O 
    O     
----------

White 0,3
----------
  X X O   
  X   X   
X   X X O 
  X O O O 
    O     
----------

Black 1,2
----------
  X X O   
  X X X   
X   X X O 
  X O O O 
    O     
----------

White 4,3
----------
  X X O   
  X X X   
X   X X O 
  X O O O 
    O O   
----------

Black 1,4
----------
  X X O   
  X X X X 
X   X X O 
  X O O O 
    O O   
----------

White 1,0
----------
  X X O   
O X X X X 
X   X X O 
  X O O O 
    O O   
----------

Black 4,1
----------
  X X O   
O X X X X 
X   X X O 
  X O O O 
  X O O   
----------

White 3,0
----------
  X X O   
O X X X X 
X   X X O 
O X O O O 
  X O O   
----------

Black 4,4
----------
  X X O   
O X X X X 
X   X X   
O X       
  X     X 
----------

White 2,1
----------
  X X O   
O X X X X 
  O X X   
O X       
  X     X 
----------

Game end.
The winner is X
ta time: 35.49
student time: 32.33
Black(You) win!

==Playing with championship_player==
=====Round 1=====
Black:TA White:You
Thu Oct 29 16:15:35 PDT 2020
Clean up...
Start Playing...
Black 2,2
----------
          
          
    X     
          
          
----------

White 1,1
----------
          
  O       
    X     
          
          
----------

Black 2,1
----------
          
  O       
  X X     
          
          
----------

White 1,2
----------
          
  O O     
  X X     
          
          
----------

Black 1,3
----------
          
  O O X   
  X X     
          
          
----------

White 1,0
----------
          
O O O X   
  X X     
          
          
----------

Black 0,3
----------
      X   
O O O X   
  X X     
          
          
----------

White 2,0
----------
      X   
O O O X   
O X X     
          
          
----------

Black 3,1
----------
      X   
O O O X   
O X X     
  X       
          
----------

White 3,0
----------
      X   
O O O X   
O X X     
O X       
          
----------

Black 4,1
----------
      X   
O O O X   
O X X     
O X       
  X       
----------

White 3,3
----------
      X   
O O O X   
O X X     
O X   O   
  X       
----------

Black 0,2
----------
    X X   
O O O X   
O X X     
O X   O   
  X       
----------

White 3,4
----------
    X X   
O O O X   
O X X     
O X   O O 
  X       
----------

Black 0,1
----------
  X X X   
O O O X   
O X X     
O X   O O 
  X       
----------

White 3,2
----------
  X X X   
O O O X   
O X X     
O X O O O 
  X       
----------

Black 4,0
----------
  X X X   
O O O X   
O X X     
O X O O O 
X X       
----------

White 2,3
----------
  X X X   
O O O X   
O X X O   
O X O O O 
X X       
----------

Black 0,0
----------
X X X X   
      X   
  X X O   
  X O O O 
X X       
----------

White 2,4
----------
X X X X   
      X   
  X X O O 
  X O O O 
X X       
----------

Black 1,2
----------
X X X X   
    X X   
  X X O O 
  X O O O 
X X       
----------

White 1,4
----------
X X X X   
    X X O 
  X X O O 
  X O O O 
X X       
----------

Black 2,0
----------
X X X X   
    X X O 
X X X O O 
  X O O O 
X X       
----------

White 0,4
----------
X X X X O 
    X X O 
X X X O O 
  X O O O 
X X       
----------

Game end.
The winner is X
ta time: 72.9
student time: 35.2
White(You) lose.
=====Round 2=====
Black:You White:TA
Thu Oct 29 16:16:04 PDT 2020
Clean up...
Start Playing...
Black 2,2
----------
          
          
    X     
          
          
----------

White 1,3
----------
          
      O   
    X     
          
          
----------

Black 1,2
----------
          
    X O   
    X     
          
          
----------

White 2,3
----------
          
    X O   
    X O   
          
          
----------

Black 0,0
----------
X         
    X O   
    X O   
          
          
----------

White 3,3
----------
X         
    X O   
    X O   
      O   
          
----------

Black 2,1
----------
X         
    X O   
  X X O   
      O   
          
----------

White 3,2
----------
X         
    X O   
  X X O   
    O O   
          
----------

Black 3,1
----------
X         
    X O   
  X X O   
  X O O   
          
----------

White 4,1
----------
X         
    X O   
  X X O   
  X O O   
  O       
----------

Black 0,2
----------
X   X     
    X O   
  X X O   
  X O O   
  O       
----------

White 4,2
----------
X   X     
    X O   
  X X O   
  X O O   
  O O     
----------

Black 0,3
----------
X   X X   
    X O   
  X X O   
  X O O   
  O O     
----------

White 1,4
----------
X   X X   
    X O O 
  X X O   
  X O O   
  O O     
----------

Black 3,0
----------
X   X X   
    X O O 
  X X O   
X X O O   
  O O     
----------

White 4,4
----------
X   X X   
    X O O 
  X X O   
X X O O   
  O O   O 
----------

Black 1,1
----------
X   X X   
  X X O O 
  X X O   
X X O O   
  O O   O 
----------

White 3,4
----------
X   X X   
  X X O O 
  X X O   
X X O O O 
  O O   O 
----------

Black 0,1
----------
X X X X   
  X X O O 
  X X O   
X X O O O 
  O O   O 
----------

White 4,0
----------
X X X X   
  X X O O 
  X X O   
X X O O O 
O O O   O 
----------

Black 0,4
----------
X X X X X 
  X X O O 
  X X O   
X X O O O 
O O O   O 
----------

White 1,0
----------
X X X X X 
O X X O O 
  X X O   
X X O O O 
O O O   O 
----------

Black 2,0
----------
X X X X X 
  X X O O 
X X X O   
X X O O O 
O O O   O 
----------

White 1,0
----------
          
O     O O 
      O   
    O O O 
O O O   O 
----------

Game end.
The winner is O
ta time: 113.4
student time: 38.46
Black(You) lose.
=====Round 3=====
Black:TA White:You
Thu Oct 29 16:16:35 PDT 2020
Clean up...
Start Playing...
Black 2,2
----------
          
          
    X     
          
          
----------

White 1,1
----------
          
  O       
    X     
          
          
----------

Black 1,2
----------
          
  O X     
    X     
          
          
----------

White 3,3
----------
          
  O X     
    X     
      O   
          
----------

Black 3,2
----------
          
  O X     
    X     
    X O   
          
----------

White 0,3
----------
      O   
  O X     
    X     
    X O   
          
----------

Black 1,3
----------
      O   
  O X X   
    X     
    X O   
          
----------

White 2,1
----------
      O   
  O X X   
  O X     
    X O   
          
----------

Black 3,1
----------
      O   
  O X X   
  O X     
  X X O   
          
----------

White 2,3
----------
      O   
  O X X   
  O X O   
  X X O   
          
----------

Black 0,1
----------
  X   O   
  O X X   
  O X O   
  X X O   
          
----------

White 4,3
----------
  X   O   
  O X X   
  O X O   
  X X O   
      O   
----------

Black 1,0
----------
  X   O   
X O X X   
  O X O   
  X X O   
      O   
----------

White 0,4
----------
  X   O O 
X O X X   
  O X O   
  X X O   
      O   
----------

Black 2,0
----------
  X   O O 
X   X X   
X   X O   
  X X O   
      O   
----------

White 4,2
----------
  X   O O 
X   X X   
X   X O   
  X X O   
    O O   
----------

Black 2,4
----------
  X   O O 
X   X X   
X   X O X 
  X X O   
    O O   
----------

White 3,4
----------
  X   O O 
X   X X   
X   X O X 
  X X O O 
    O O   
----------

Black 1,4
----------
  X   O O 
X   X X X 
X   X O X 
  X X O O 
    O O   
----------

White 4,1
----------
  X   O O 
X   X X X 
X   X O X 
  X X O O 
  O O O   
----------

Black 3,0
----------
  X   O O 
X   X X X 
X   X O X 
X X X O O 
  O O O   
----------

White PASS
----------
  X   O O 
X   X X X 
X   X O X 
X X X O O 
  O O O   
----------

Black 0,0
----------
X X   O O 
X   X X X 
X   X O X 
X X X O O 
  O O O   
----------

White PASS
----------
X X   O O 
X   X X X 
X   X O X 
X X X O O 
  O O O   
----------

Game end.
The winner is X
ta time: 141.7
student time: 41.72
White(You) lose.
=====Round 4=====
Black:You White:TA
Thu Oct 29 16:17:02 PDT 2020
Clean up...
Start Playing...
Black 2,2
----------
          
          
    X     
          
          
----------

White 2,3
----------
          
          
    X O   
          
          
----------

Black 1,1
----------
          
  X       
    X O   
          
          
----------

White 3,2
----------
          
  X       
    X O   
    O     
          
----------

Black 1,2
----------
          
  X X     
    X O   
    O     
          
----------

White 3,3
----------
          
  X X     
    X O   
    O O   
          
----------

Black 1,3
----------
          
  X X X   
    X O   
    O O   
          
----------

White 3,1
----------
          
  X X X   
    X O   
  O O O   
          
----------

Black 2,1
----------
          
  X X X   
  X X O   
  O O O   
          
----------

White 2,0
----------
          
  X X X   
O X X O   
  O O O   
          
----------

Black 1,0
----------
          
X X X X   
O X X O   
  O O O   
          
----------

White 3,0
----------
          
X X X X   
O X X O   
O O O O   
          
----------

Black 1,4
----------
          
X X X X X 
O X X O   
O O O O   
          
----------

White 2,4
----------
          
X X X X X 
O X X O O 
O O O O   
          
----------

Black 0,0
----------
X         
X X X X X 
O X X O O 
O O O O   
          
----------

White 0,3
----------
X     O   
X X X X X 
O X X O O 
O O O O   
          
----------

Black 0,2
----------
X   X O   
X X X X X 
O X X O O 
O O O O   
          
----------

White 4,2
----------
X   X O   
X X X X X 
O X X O O 
O O O O   
    O     
----------

Black 4,4
----------
X   X O   
X X X X X 
O X X O O 
O O O O   
    O   X 
----------

White 4,1
----------
X   X O   
X X X X X 
O X X O O 
O O O O   
  O O   X 
----------

Black 0,4
----------
X   X   X 
X X X X X 
O X X O O 
O O O O   
  O O   X 
----------

White 4,3
----------
X   X   X 
X X X X X 
O X X O O 
O O O O   
  O O O X 
----------

Black PASS
----------
X   X   X 
X X X X X 
O X X O O 
O O O O   
  O O O X 
----------

White 3,4
----------
X   X   X 
X X X X X 
O X X O O 
O O O O O 
  O O O   
----------

Game end.
The winner is O
ta time: 173.51
student time: 44.99
Black(You) lose.
=====Round 5=====
Black:TA White:You
Thu Oct 29 16:17:30 PDT 2020
Clean up...
Start Playing...
Black 2,2
----------
          
          
    X     
          
          
----------

White 1,1
----------
          
  O       
    X     
          
          
----------

Black 2,1
----------
          
  O       
  X X     
          
          
----------

White 1,2
----------
          
  O O     
  X X     
          
          
----------

Black 1,3
----------
          
  O O X   
  X X     
          
          
----------

White 1,0
----------
          
O O O X   
  X X     
          
          
----------

Black 0,3
----------
      X   
O O O X   
  X X     
          
          
----------

White 2,0
----------
      X   
O O O X   
O X X     
          
          
----------

Black 3,1
----------
      X   
O O O X   
O X X     
  X       
          
----------

White 3,0
----------
      X   
O O O X   
O X X     
O X       
          
----------

Black 4,1
----------
      X   
O O O X   
O X X     
O X       
  X       
----------

White 3,3
----------
      X   
O O O X   
O X X     
O X   O   
  X       
----------

Black 0,2
----------
    X X   
O O O X   
O X X     
O X   O   
  X       
----------

White 3,4
----------
    X X   
O O O X   
O X X     
O X   O O 
  X       
----------

Black 0,1
----------
  X X X   
O O O X   
O X X     
O X   O O 
  X       
----------

White 3,2
----------
  X X X   
O O O X   
O X X     
O X O O O 
  X       
----------

Black 4,0
----------
  X X X   
O O O X   
O X X     
O X O O O 
X X       
----------

White 2,3
----------
  X X X   
O O O X   
O X X O   
O X O O O 
X X       
----------

Black 0,0
----------
X X X X   
      X   
  X X O   
  X O O O 
X X       
----------

White 2,4
----------
X X X X   
      X   
  X X O O 
  X O O O 
X X       
----------

Black 4,2
----------
X X X X   
      X   
  X X O O 
  X O O O 
X X X     
----------

White 1,4
----------
X X X X   
      X O 
  X X O O 
  X O O O 
X X X     
----------

Black 1,2
----------
X X X X   
    X X O 
  X X O O 
  X O O O 
X X X     
----------

White 0,4
----------
X X X X O 
    X X O 
  X X O O 
  X O O O 
X X X     
----------

Game end.
The winner is X
ta time: 207.21
student time: 48.09
White(You) lose.
=====Round 6=====
Black:You White:TA
Thu Oct 29 16:17:58 PDT 2020
Clean up...
Start Playing...
Black 2,2
----------
          
          
    X     
          
          
----------

White 3,2
----------
          
          
    X     
    O     
          
----------

Black 1,1
----------
          
  X       
    X     
    O     
          
----------

White 3,1
----------
          
  X       
    X     
  O O     
          
----------

Black 2,3
----------
          
  X       
    X X   
  O O     
          
----------

White 3,3
----------
          
  X       
    X X   
  O O O   
          
----------

Black 1,3
----------
          
  X   X   
    X X   
  O O O   
          
----------

White 2,4
----------
          
  X   X   
    X X O 
  O O O   
          
----------

Black 1,4
----------
          
  X   X X 
    X X O 
  O O O   
          
----------

White 3,4
----------
          
  X   X X 
    X X O 
  O O O O 
          
----------

Black 1,2
----------
          
  X X X X 
    X X O 
  O O O O 
          
----------

White 3,0
----------
          
  X X X X 
    X X O 
O O O O O 
          
----------

Black 2,1
----------
          
  X X X X 
  X X X O 
O O O O O 
          
----------

White 4,2
----------
          
  X X X X 
  X X X O 
O O O O O 
    O     
----------

Black 0,1
----------
  X       
  X X X X 
  X X X O 
O O O O O 
    O     
----------

White 2,0
----------
  X       
  X X X X 
O X X X O 
O O O O O 
    O     
----------

Black 0,0
----------
X X       
  X X X X 
O X X X O 
O O O O O 
    O     
----------

White 0,3
----------
X X   O   
  X X X X 
O X X X O 
O O O O O 
    O     
----------

Black 0,2
----------
X X X O   
  X X X X 
O X X X O 
O O O O O 
    O     
----------

White 4,0
----------
X X X O   
  X X X X 
O X X X O 
O O O O O 
O   O     
----------

Black 0,4
----------
X X X   X 
  X X X X 
O X X X O 
O O O O O 
O   O     
----------

White 4,3
----------
X X X   X 
  X X X X 
O X X X O 
O O O O O 
O   O O   
----------

Black PASS
----------
X X X   X 
  X X X X 
O X X X O 
O O O O O 
O   O O   
----------

White 4,1
----------
X X X   X 
  X X X X 
O X X X O 
O O O O O 
O O O O   
----------

Game end.
The winner is O
ta time: 240.72
student time: 51.58
Black(You) lose.
=====Round 7=====
Black:TA White:You
Thu Oct 29 16:18:25 PDT 2020
Clean up...
Start Playing...
Black 2,2
----------
          
          
    X     
          
          
----------

White 1,1
----------
          
  O       
    X     
          
          
----------

Black 2,1
----------
          
  O       
  X X     
          
          
----------

White 1,2
----------
          
  O O     
  X X     
          
          
----------

Black 1,3
----------
          
  O O X   
  X X     
          
          
----------

White 1,0
----------
          
O O O X   
  X X     
          
          
----------

Black 0,3
----------
      X   
O O O X   
  X X     
          
          
----------

White 2,0
----------
      X   
O O O X   
O X X     
          
          
----------

Black 3,1
----------
      X   
O O O X   
O X X     
  X       
          
----------

White 3,0
----------
      X   
O O O X   
O X X     
O X       
          
----------

Black 4,1
----------
      X   
O O O X   
O X X     
O X       
  X       
----------

White 3,3
----------
      X   
O O O X   
O X X     
O X   O   
  X       
----------

Black 0,2
----------
    X X   
O O O X   
O X X     
O X   O   
  X       
----------

White 3,4
----------
    X X   
O O O X   
O X X     
O X   O O 
  X       
----------

Black 0,1
----------
  X X X   
O O O X   
O X X     
O X   O O 
  X       
----------

White 3,2
----------
  X X X   
O O O X   
O X X     
O X O O O 
  X       
----------

Black 4,0
----------
  X X X   
O O O X   
O X X     
O X O O O 
X X       
----------

White 2,3
----------
  X X X   
O O O X   
O X X O   
O X O O O 
X X       
----------

Black 0,0
----------
X X X X   
      X   
  X X O   
  X O O O 
X X       
----------

White 2,4
----------
X X X X   
      X   
  X X O O 
  X O O O 
X X       
----------

Black 4,2
----------
X X X X   
      X   
  X X O O 
  X O O O 
X X X     
----------

White 1,4
----------
X X X X   
      X O 
  X X O O 
  X O O O 
X X X     
----------

Black 1,2
----------
X X X X   
    X X O 
  X X O O 
  X O O O 
X X X     
----------

White 0,4
----------
X X X X O 
    X X O 
  X X O O 
  X O O O 
X X X     
----------

Game end.
The winner is X
ta time: 277.53
student time: 54.57
White(You) lose.
=====Round 8=====
Black:You White:TA
Thu Oct 29 16:18:53 PDT 2020
Clean up...
Start Playing...
Black 2,2
----------
          
          
    X     
          
          
----------

White 2,3
----------
          
          
    X O   
          
          
----------

Black 1,1
----------
          
  X       
    X O   
          
          
----------

White 3,2
----------
          
  X       
    X O   
    O     
          
----------

Black 1,2
----------
          
  X X     
    X O   
    O     
          
----------

White 3,3
----------
          
  X X     
    X O   
    O O   
          
----------

Black 1,3
----------
          
  X X X   
    X O   
    O O   
          
----------

White 3,1
----------
          
  X X X   
    X O   
  O O O   
          
----------

Black 2,1
----------
          
  X X X   
  X X O   
  O O O   
          
----------

White 1,4
----------
          
  X X X O 
  X X O   
  O O O   
          
----------

Black 0,1
----------
  X       
  X X X O 
  X X O   
  O O O   
          
----------

White 3,0
----------
  X       
  X X X O 
  X X O   
O O O O   
          
----------

Black 0,3
----------
  X   X   
  X X X O 
  X X O   
O O O O   
          
----------

White 2,0
----------
  X   X   
  X X X O 
O X X O   
O O O O   
          
----------

Black 0,4
----------
  X   X X 
  X X X O 
O X X O   
O O O O   
          
----------

White 2,4
----------
  X   X X 
  X X X O 
O X X O O 
O O O O   
          
----------

Black 0,0
----------
X X   X X 
  X X X O 
O X X O O 
O O O O   
          
----------

White 4,3
----------
X X   X X 
  X X X O 
O X X O O 
O O O O   
      O   
----------

Black 4,1
----------
X X   X X 
  X X X O 
O X X O O 
O O O O   
  X   O   
----------

White 4,0
----------
X X   X X 
  X X X O 
O X X O O 
O O O O   
O X   O   
----------

Black PASS
----------
X X   X X 
  X X X O 
O X X O O 
O O O O   
O X   O   
----------

White 3,4
----------
X X   X X 
  X X X O 
O X X O O 
O O O O O 
O X   O   
----------

Black PASS
----------
X X   X X 
  X X X O 
O X X O O 
O O O O O 
O X   O   
----------

White 1,0
----------
X X   X X 
O X X X O 
O X X O O 
O O O O O 
O X   O   
----------

Game end.
The winner is O
ta time: 311.42
student time: 57.53
Black(You) lose.
=====Round 9=====
Black:TA White:You
Thu Oct 29 16:19:22 PDT 2020
Clean up...
Start Playing...
Black 2,2
----------
          
          
    X     
          
          
----------

White 1,1
----------
          
  O       
    X     
          
          
----------

Black 1,2
----------
          
  O X     
    X     
          
          
----------

White 3,3
----------
          
  O X     
    X     
      O   
          
----------

Black 3,2
----------
          
  O X     
    X     
    X O   
          
----------

White 0,3
----------
      O   
  O X     
    X     
    X O   
          
----------

Black 0,2
----------
    X O   
  O X     
    X     
    X O   
          
----------

White 3,0
----------
    X O   
  O X     
    X     
O   X O   
          
----------

Black 4,2
----------
    X O   
  O X     
    X     
O   X O   
    X     
----------

White 1,3
----------
    X O   
  O X O   
    X     
O   X O   
    X     
----------

Black 2,3
----------
    X O   
  O X O   
    X X   
O   X O   
    X     
----------

White 3,1
----------
    X O   
  O X O   
    X X   
O O X O   
    X     
----------

Black 3,4
----------
    X O   
  O X O   
    X X   
O O X O X 
    X     
----------

White 0,1
----------
  O X O   
  O X O   
    X X   
O O X O X 
    X     
----------

Black 4,3
----------
  O X O   
  O X O   
    X X   
O O X   X 
    X X   
----------

White 1,4
----------
  O X O   
  O X O O 
    X X   
O O X   X 
    X X   
----------

Black 2,1
----------
  O X O   
  O X O O 
  X X X   
O O X   X 
    X X   
----------

White 1,0
----------
  O X O   
O O X O O 
  X X X   
O O X   X 
    X X   
----------

Black 2,4
----------
  O X O   
O O X O O 
  X X X X 
O O X   X 
    X X   
----------

White 2,0
----------
  O X O   
O O X O O 
O X X X X 
O O X   X 
    X X   
----------

Black 4,4
----------
  O X O   
O O X O O 
O X X X X 
O O X   X 
    X X X 
----------

White 4,1
----------
  O X O   
O O X O O 
O X X X X 
O O X   X 
  O X X X 
----------

Black 0,4
----------
  O X   X 
O O X     
O X X X X 
O O X   X 
  O X X X 
----------

White 1,3
----------
  O X   X 
O O X O   
O X X X X 
O O X   X 
  O X X X 
----------

Game end.
The winner is X
ta time: 341.03
student time: 60.64
White(You) lose.
=====Round 10=====
Black:You White:TA
Thu Oct 29 16:19:48 PDT 2020
Clean up...
Start Playing...
Black 2,2
----------
          
          
    X     
          
          
----------

White 3,2
----------
          
          
    X     
    O     
          
----------

Black 1,1
----------
          
  X       
    X     
    O     
          
----------

White 2,3
----------
          
  X       
    X O   
    O     
          
----------

Black 1,2
----------
          
  X X     
    X O   
    O     
          
----------

White 3,3
----------
          
  X X     
    X O   
    O O   
          
----------

Black 1,3
----------
          
  X X X   
    X O   
    O O   
          
----------

White 3,1
----------
          
  X X X   
    X O   
  O O O   
          
----------

Black 2,1
----------
          
  X X X   
  X X O   
  O O O   
          
----------

White 1,4
----------
          
  X X X O 
  X X O   
  O O O   
          
----------

Black 0,1
----------
  X       
  X X X O 
  X X O   
  O O O   
          
----------

White 3,0
----------
  X       
  X X X O 
  X X O   
O O O O   
          
----------

Black 0,3
----------
  X   X   
  X X X O 
  X X O   
O O O O   
          
----------

White 2,4
----------
  X   X   
  X X X O 
  X X O O 
O O O O   
          
----------

Black 0,0
----------
X X   X   
  X X X O 
  X X O O 
O O O O   
          
----------

White 2,0
----------
X X   X   
  X X X O 
O X X O O 
O O O O   
          
----------

Black 0,2
----------
X X X X   
  X X X O 
O X X O O 
O O O O   
          
----------

White 4,4
----------
X X X X   
  X X X O 
O X X O O 
O O O O   
        O 
----------

Black 4,1
----------
X X X X   
  X X X O 
O X X O O 
O O O O   
  X     O 
----------

White 0,4
----------
X X X X O 
  X X X O 
O X X O O 
O O O O   
  X     O 
----------

Black 4,2
----------
X X X X O 
  X X X O 
O X X O O 
O O O O   
  X X   O 
----------

White 4,3
----------
X X X X O 
  X X X O 
O X X O O 
O O O O   
  X X O O 
----------

Black PASS
----------
X X X X O 
  X X X O 
O X X O O 
O O O O   
  X X O O 
----------

White 1,0
----------
        O 
O       O 
O     O O 
O O O O   
  X X O O 
----------

Game end.
The winner is O
ta time: 378.17
student time: 64.11
Black(You) lose.
