Wed Oct 28 23:17:32 PDT 2020

==Playing with qlearning_player==
=====Round 1=====
Black:TA White:You
Wed Oct 28 23:17:32 PDT 2020
Clean up...
Start Playing...
Black 1,2
----------
          
    X     
          
          
          
----------

White 2,1
----------
          
    X     
  O       
          
          
----------

Black 2,2
----------
          
    X     
  O X     
          
          
----------

White 3,1
----------
          
    X     
  O X     
  O       
          
----------

Black 0,0
----------
X         
    X     
  O X     
  O       
          
----------

White 1,1
----------
X         
  O X     
  O X     
  O       
          
----------

Black 0,1
----------
X X       
  O X     
  O X     
  O       
          
----------

White 3,2
----------
X X       
  O X     
  O X     
  O O     
          
----------

Black 2,3
----------
X X       
  O X     
  O X X   
  O O     
          
----------

White 3,3
----------
X X       
  O X     
  O X X   
  O O O   
          
----------

Black 2,0
----------
X X       
  O X     
X O X X   
  O O O   
          
----------

White 3,4
----------
X X       
  O X     
X O X X   
  O O O O 
          
----------

Black 2,4
----------
X X       
  O X     
X O X X X 
  O O O O 
          
----------

White 3,0
----------
X X       
  O X     
X O X X X 
O O O O O 
          
----------

Black 4,2
----------
X X       
  O X     
X O X X X 
O O O O O 
    X     
----------

White 1,0
----------
X X       
O O X     
  O X X X 
O O O O O 
    X     
----------

Black 0,2
----------
X X X     
O O X     
  O X X X 
O O O O O 
    X     
----------

White 2,0
----------
X X X     
O O X     
O O X X X 
O O O O O 
    X     
----------

Black 1,3
----------
X X X     
O O X X   
O O X X X 
O O O O O 
    X     
----------

White 4,0
----------
X X X     
O O X X   
O O X X X 
O O O O O 
O   X     
----------

Black 0,3
----------
X X X X   
O O X X   
O O X X X 
O O O O O 
O   X     
----------

White 4,1
----------
X X X X   
O O X X   
O O X X X 
O O O O O 
O O X     
----------

Black 1,4
----------
X X X X   
O O X X X 
O O X X X 
O O O O O 
O O X     
----------

White 0,4
----------
        O 
O O       
O O       
O O O O O 
O O X     
----------

Game end.
The winner is O
ta time: 3.38
student time: 0.5
White(You) win!
=====Round 2=====
Black:You White:TA
Wed Oct 28 23:17:40 PDT 2020
Clean up...
Start Playing...
Black 2,2
----------
          
          
    X     
          
          
----------

White 2,1
----------
          
          
  O X     
          
          
----------

Black 1,2
----------
          
    X     
  O X     
          
          
----------

White 3,2
----------
          
    X     
  O X     
    O     
          
----------

Black 1,1
----------
          
  X X     
  O X     
    O     
          
----------

White 2,3
----------
          
  X X     
  O X O   
    O     
          
----------

Black 1,3
----------
          
  X X X   
  O X O   
    O     
          
----------

White 2,4
----------
          
  X X X   
  O X O O 
    O     
          
----------

Black 1,0
----------
          
X X X X   
  O X O O 
    O     
          
----------

White 3,3
----------
          
X X X X   
  O X O O 
    O O   
          
----------

Black 0,3
----------
      X   
X X X X   
  O X O O 
    O O   
          
----------

White 2,0
----------
      X   
X X X X   
O O X O O 
    O O   
          
----------

Black 0,0
----------
X     X   
X X X X   
O O X O O 
    O O   
          
----------

White 3,1
----------
X     X   
X X X X   
O O X O O 
  O O O   
          
----------

Black 0,1
----------
X X   X   
X X X X   
O O X O O 
  O O O   
          
----------

White 4,2
----------
X X   X   
X X X X   
O O X O O 
  O O O   
    O     
----------

Black 0,2
----------
X X X X   
X X X X   
O O X O O 
  O O O   
    O     
----------

White 4,1
----------
X X X X   
X X X X   
O O X O O 
  O O O   
  O O     
----------

Black 4,4
----------
X X X X   
X X X X   
O O X O O 
  O O O   
  O O   X 
----------

White 3,4
----------
X X X X   
X X X X   
O O X O O 
  O O O O 
  O O   X 
----------

Black 0,4
----------
X X X X X 
X X X X   
O O X O O 
  O O O O 
  O O   X 
----------

White 1,4
----------
          
        O 
O O   O O 
  O O O O 
  O O   X 
----------

Black 1,2
----------
          
    X   O 
O O   O O 
  O O O O 
  O O   X 
----------

White 4,3
----------
          
    X   O 
O O   O O 
  O O O O 
  O O O   
----------

Game end.
The winner is O
ta time: 6.59
student time: 1.11
Black(You) lose.
=====Round 3=====
Black:TA White:You
Wed Oct 28 23:17:48 PDT 2020
Clean up...
Start Playing...
Black 1,2
----------
          
    X     
          
          
          
----------

White 2,1
----------
          
    X     
  O       
          
          
----------

Black 2,2
----------
          
    X     
  O X     
          
          
----------

White 3,1
----------
          
    X     
  O X     
  O       
          
----------

Black 0,0
----------
X         
    X     
  O X     
  O       
          
----------

White 1,1
----------
X         
  O X     
  O X     
  O       
          
----------

Black 0,1
----------
X X       
  O X     
  O X     
  O       
          
----------

White 3,2
----------
X X       
  O X     
  O X     
  O O     
          
----------

Black 2,3
----------
X X       
  O X     
  O X X   
  O O     
          
----------

White 3,3
----------
X X       
  O X     
  O X X   
  O O O   
          
----------

Black 1,3
----------
X X       
  O X X   
  O X X   
  O O O   
          
----------

White 3,4
----------
X X       
  O X X   
  O X X   
  O O O O 
          
----------

Black 2,0
----------
X X       
  O X X   
X O X X   
  O O O O 
          
----------

White 2,4
----------
X X       
  O X X   
X O X X O 
  O O O O 
          
----------

Black 0,2
----------
X X X     
  O X X   
X O X X O 
  O O O O 
          
----------

White 1,4
----------
X X X     
  O X X O 
X O X X O 
  O O O O 
          
----------

Black 4,2
----------
X X X     
  O X X O 
X O X X O 
  O O O O 
    X     
----------

White 0,4
----------
X X X   O 
  O X X O 
X O X X O 
  O O O O 
    X     
----------

Black 4,1
----------
X X X   O 
  O X X O 
X O X X O 
  O O O O 
  X X     
----------

White 3,0
----------
X X X   O 
  O X X O 
X O X X O 
O O O O O 
  X X     
----------

Black 0,3
----------
X X X X O 
  O X X O 
X O X X O 
O O O O O 
  X X     
----------

White 1,0
----------
        O 
O O     O 
  O     O 
O O O O O 
  X X     
----------

Black 2,2
----------
        O 
O O     O 
  O X   O 
O O O O O 
  X X     
----------

White 1,2
----------
        O 
O O O   O 
  O X   O 
O O O O O 
  X X     
----------

Game end.
The winner is O
ta time: 10.12
student time: 1.59
White(You) win!
=====Round 4=====
Black:You White:TA
Wed Oct 28 23:17:56 PDT 2020
Clean up...
Start Playing...
Black 2,2
----------
          
          
    X     
          
          
----------

White 2,1
----------
          
          
  O X     
          
          
----------

Black 1,2
----------
          
    X     
  O X     
          
          
----------

White 3,2
----------
          
    X     
  O X     
    O     
          
----------

Black 1,1
----------
          
  X X     
  O X     
    O     
          
----------

White 2,3
----------
          
  X X     
  O X O   
    O     
          
----------

Black 1,3
----------
          
  X X X   
  O X O   
    O     
          
----------

White 4,2
----------
          
  X X X   
  O X O   
    O     
    O     
----------

Black 1,0
----------
          
X X X X   
  O X O   
    O     
    O     
----------

White 2,0
----------
          
X X X X   
O O X O   
    O     
    O     
----------

Black 1,4
----------
          
X X X X X 
O O X O   
    O     
    O     
----------

White 3,1
----------
          
X X X X X 
O O X O   
  O O     
    O     
----------

Black 2,4
----------
          
X X X X X 
O O X O X 
  O O     
    O     
----------

White 3,3
----------
          
X X X X X 
O O X O X 
  O O O   
    O     
----------

Black 3,4
----------
          
X X X X X 
O O X O X 
  O O O X 
    O     
----------

White 0,2
----------
    O     
X X X X X 
O O X O X 
  O O O X 
    O     
----------

Black 4,4
----------
    O     
X X X X X 
O O X O X 
  O O O X 
    O   X 
----------

White 0,3
----------
    O O   
X X X X X 
O O X O X 
  O O O X 
    O   X 
----------

Black 0,0
----------
X   O O   
X X X X X 
O O X O X 
  O O O X 
    O   X 
----------

White 4,1
----------
X   O O   
X X X X X 
O O X O X 
  O O O X 
  O O   X 
----------

Black 0,1
----------
X X O O   
X X X X X 
O O X O X 
  O O O X 
  O O   X 
----------

White 3,0
----------
X X O O   
X X X X X 
O O X O X 
O O O O X 
  O O   X 
----------

Black 0,4
----------
X X     X 
X X X X X 
O O X O X 
O O O O X 
  O O   X 
----------

White 0,2
----------
X X O   X 
X X X X X 
O O X O X 
O O O O X 
  O O   X 
----------

Game end.
The winner is O
ta time: 13.33
student time: 2.11
Black(You) lose.
=====Round 5=====
Black:TA White:You
Wed Oct 28 23:18:04 PDT 2020
Clean up...
Start Playing...
Black 1,2
----------
          
    X     
          
          
          
----------

White 2,1
----------
          
    X     
  O       
          
          
----------

Black 2,2
----------
          
    X     
  O X     
          
          
----------

White 3,1
----------
          
    X     
  O X     
  O       
          
----------

Black 0,0
----------
X         
    X     
  O X     
  O       
          
----------

White 1,1
----------
X         
  O X     
  O X     
  O       
          
----------

Black 0,1
----------
X X       
  O X     
  O X     
  O       
          
----------

White 3,2
----------
X X       
  O X     
  O X     
  O O     
          
----------

Black 2,3
----------
X X       
  O X     
  O X X   
  O O     
          
----------

White 3,3
----------
X X       
  O X     
  O X X   
  O O O   
          
----------

Black 2,4
----------
X X       
  O X     
  O X X X 
  O O O   
          
----------

White 3,0
----------
X X       
  O X     
  O X X X 
O O O O   
          
----------

Black 1,3
----------
X X       
  O X X   
  O X X X 
O O O O   
          
----------

White 3,4
----------
X X       
  O X X   
  O X X X 
O O O O O 
          
----------

Black 2,0
----------
X X       
  O X X   
X O X X X 
O O O O O 
          
----------

White 1,0
----------
X X       
O O X X   
  O X X X 
O O O O O 
          
----------

Black 0,2
----------
X X X     
O O X X   
  O X X X 
O O O O O 
          
----------

White 2,0
----------
X X X     
O O X X   
O O X X X 
O O O O O 
          
----------

Black 4,2
----------
X X X     
O O X X   
O O X X X 
O O O O O 
    X     
----------

White 4,0
----------
X X X     
O O X X   
O O X X X 
O O O O O 
O   X     
----------

Black 0,3
----------
X X X X   
O O X X   
O O X X X 
O O O O O 
O   X     
----------

White 4,1
----------
X X X X   
O O X X   
O O X X X 
O O O O O 
O O X     
----------

Black 1,4
----------
X X X X   
O O X X X 
O O X X X 
O O O O O 
O O X     
----------

White 0,4
----------
        O 
O O       
O O       
O O O O O 
O O X     
----------

Game end.
The winner is O
ta time: 17.04
student time: 2.55
White(You) win!
=====Round 6=====
Black:You White:TA
Wed Oct 28 23:18:12 PDT 2020
Clean up...
Start Playing...
Black 2,2
----------
          
          
    X     
          
          
----------

White 2,1
----------
          
          
  O X     
          
          
----------

Black 1,2
----------
          
    X     
  O X     
          
          
----------

White 3,2
----------
          
    X     
  O X     
    O     
          
----------

Black 1,1
----------
          
  X X     
  O X     
    O     
          
----------

White 2,3
----------
          
  X X     
  O X O   
    O     
          
----------

Black 1,3
----------
          
  X X X   
  O X O   
    O     
          
----------

White 3,3
----------
          
  X X X   
  O X O   
    O O   
          
----------

Black 1,0
----------
          
X X X X   
  O X O   
    O O   
          
----------

White 2,4
----------
          
X X X X   
  O X O O 
    O O   
          
----------

Black 0,3
----------
      X   
X X X X   
  O X O O 
    O O   
          
----------

White 4,2
----------
      X   
X X X X   
  O X O O 
    O O   
    O     
----------

Black 2,0
----------
      X   
X X X X   
X O X O O 
    O O   
    O     
----------

White 0,2
----------
    O X   
X X X X   
X O X O O 
    O O   
    O     
----------

Black 0,1
----------
  X   X   
X X X X   
X O X O O 
    O O   
    O     
----------

White 3,1
----------
  X   X   
X X X X   
X O X O O 
  O O O   
    O     
----------

Black 3,0
----------
  X   X   
X X X X   
X O X O O 
X O O O   
    O     
----------

White 3,4
----------
  X   X   
X X X X   
X O X O O 
X O O O O 
    O     
----------

Black 4,0
----------
  X   X   
X X X X   
X O X O O 
X O O O O 
X   O     
----------

White 4,3
----------
  X   X   
X X X X   
X O X O O 
X O O O O 
X   O O   
----------

Black 0,0
----------
X X   X   
X X X X   
X O X O O 
X O O O O 
X   O O   
----------

White 1,4
----------
X X   X   
X X X X O 
X O X O O 
X O O O O 
X   O O   
----------

Black 0,2
----------
X X X X   
X X X X O 
X O X O O 
X O O O O 
X   O O   
----------

White 4,1
----------
X X X X   
X X X X O 
X O X O O 
X O O O O 
X O O O   
----------

Game end.
The winner is O
ta time: 20.39
student time: 2.98
Black(You) lose.
=====Round 7=====
Black:TA White:You
Wed Oct 28 23:18:20 PDT 2020
Clean up...
Start Playing...
Black 1,2
----------
          
    X     
          
          
          
----------

White 2,1
----------
          
    X     
  O       
          
          
----------

Black 2,2
----------
          
    X     
  O X     
          
          
----------

White 3,1
----------
          
    X     
  O X     
  O       
          
----------

Black 0,0
----------
X         
    X     
  O X     
  O       
          
----------

White 1,1
----------
X         
  O X     
  O X     
  O       
          
----------

Black 0,1
----------
X X       
  O X     
  O X     
  O       
          
----------

White 3,2
----------
X X       
  O X     
  O X     
  O O     
          
----------

Black 2,3
----------
X X       
  O X     
  O X X   
  O O     
          
----------

White 3,3
----------
X X       
  O X     
  O X X   
  O O O   
          
----------

Black 2,4
----------
X X       
  O X     
  O X X X 
  O O O   
          
----------

White 3,0
----------
X X       
  O X     
  O X X X 
O O O O   
          
----------

Black 2,0
----------
X X       
  O X     
X O X X X 
O O O O   
          
----------

White 1,0
----------
X X       
O O X     
  O X X X 
O O O O   
          
----------

Black 1,3
----------
X X       
O O X X   
  O X X X 
O O O O   
          
----------

White 0,2
----------
    O     
O O X X   
  O X X X 
O O O O   
          
----------

Black 4,2
----------
    O     
O O X X   
  O X X X 
O O O O   
    X     
----------

White 0,3
----------
    O O   
O O X X   
  O X X X 
O O O O   
    X     
----------

Black 1,4
----------
    O O   
O O X X X 
  O X X X 
O O O O   
    X     
----------

White 3,4
----------
    O O   
O O X X X 
  O X X X 
O O O O O 
    X     
----------

Black 4,3
----------
    O O   
O O X X X 
  O X X X 
O O O O O 
    X X   
----------

White 0,4
----------
    O O O 
O O       
  O       
O O O O O 
    X X   
----------

Black 2,2
----------
    O O O 
O O       
  O X     
O O O O O 
    X X   
----------

White 1,2
----------
    O O O 
O O O     
  O X     
O O O O O 
    X X   
----------

Game end.
The winner is O
ta time: 23.96
student time: 3.49
White(You) win!
=====Round 8=====
Black:You White:TA
Wed Oct 28 23:18:28 PDT 2020
Clean up...
Start Playing...
Black 2,2
----------
          
          
    X     
          
          
----------

White 2,1
----------
          
          
  O X     
          
          
----------

Black 1,2
----------
          
    X     
  O X     
          
          
----------

White 3,2
----------
          
    X     
  O X     
    O     
          
----------

Black 1,1
----------
          
  X X     
  O X     
    O     
          
----------

White 2,3
----------
          
  X X     
  O X O   
    O     
          
----------

Black 1,3
----------
          
  X X X   
  O X O   
    O     
          
----------

White 3,3
----------
          
  X X X   
  O X O   
    O O   
          
----------

Black 1,0
----------
          
X X X X   
  O X O   
    O O   
          
----------

White 0,2
----------
    O     
X X X X   
  O X O   
    O O   
          
----------

Black 1,4
----------
    O     
X X X X X 
  O X O   
    O O   
          
----------

White 4,2
----------
    O     
X X X X X 
  O X O   
    O O   
    O     
----------

Black 2,0
----------
    O     
X X X X X 
X O X O   
    O O   
    O     
----------

White 2,4
----------
    O     
X X X X X 
X O X O O 
    O O   
    O     
----------

Black 3,1
----------
    O     
X X X X X 
X   X O O 
  X O O   
    O     
----------

White 4,3
----------
    O     
X X X X X 
X   X O O 
  X O O   
    O O   
----------

Black 2,1
----------
    O     
X X X X X 
X X X O O 
  X O O   
    O O   
----------

White 3,0
----------
    O     
X X X X X 
X X X O O 
O X O O   
    O O   
----------

Black 4,1
----------
    O     
X X X X X 
X X X O O 
O X O O   
  X O O   
----------

White 0,3
----------
    O O   
X X X X X 
X X X O O 
O X O O   
  X O O   
----------

Black 4,0
----------
    O O   
X X X X X 
X X X O O 
  X O O   
X X O O   
----------

White 0,1
----------
  O O O   
X X X X X 
X X X O O 
  X O O   
X X O O   
----------

Black 0,0
----------
X O O O   
X X X X X 
X X X O O 
  X O O   
X X O O   
----------

White 3,4
----------
X O O O   
X X X X X 
X X X O O 
  X O O O 
X X O O   
----------

Game end.
The winner is O
ta time: 27.51
student time: 3.98
Black(You) lose.
=====Round 9=====
Black:TA White:You
Wed Oct 28 23:18:36 PDT 2020
Clean up...
Start Playing...
Black 1,2
----------
          
    X     
          
          
          
----------

White 2,1
----------
          
    X     
  O       
          
          
----------

Black 2,2
----------
          
    X     
  O X     
          
          
----------

White 3,1
----------
          
    X     
  O X     
  O       
          
----------

Black 0,0
----------
X         
    X     
  O X     
  O       
          
----------

White 1,1
----------
X         
  O X     
  O X     
  O       
          
----------

Black 0,1
----------
X X       
  O X     
  O X     
  O       
          
----------

White 3,2
----------
X X       
  O X     
  O X     
  O O     
          
----------

Black 2,3
----------
X X       
  O X     
  O X X   
  O O     
          
----------

White 3,3
----------
X X       
  O X     
  O X X   
  O O O   
          
----------

Black 0,2
----------
X X X     
  O X     
  O X X   
  O O O   
          
----------

White 3,4
----------
X X X     
  O X     
  O X X   
  O O O O 
          
----------

Black 4,2
----------
X X X     
  O X     
  O X X   
  O O O O 
    X     
----------

White 2,4
----------
X X X     
  O X     
  O X X O 
  O O O O 
    X     
----------

Black 1,3
----------
X X X     
  O X X   
  O X X O 
  O O O O 
    X     
----------

White 1,4
----------
X X X     
  O X X O 
  O X X O 
  O O O O 
    X     
----------

Black 2,0
----------
X X X     
  O X X O 
X O X X O 
  O O O O 
    X     
----------

White 0,4
----------
X X X   O 
  O X X O 
X O X X O 
  O O O O 
    X     
----------

Black 4,3
----------
X X X   O 
  O X X O 
X O X X O 
  O O O O 
    X X   
----------

White 3,0
----------
X X X   O 
  O X X O 
X O X X O 
O O O O O 
    X X   
----------

Black 0,3
----------
X X X X O 
  O X X O 
X O X X O 
O O O O O 
    X X   
----------

White 1,0
----------
        O 
O O     O 
  O     O 
O O O O O 
    X X   
----------

Black 2,2
----------
        O 
O O     O 
  O X   O 
O O O O O 
    X X   
----------

White 1,2
----------
        O 
O O O   O 
  O X   O 
O O O O O 
    X X   
----------

Game end.
The winner is O
ta time: 31.12
student time: 4.46
White(You) win!
=====Round 10=====
Black:You White:TA
Wed Oct 28 23:18:45 PDT 2020
Clean up...
Start Playing...
Black 2,2
----------
          
          
    X     
          
          
----------

White 2,1
----------
          
          
  O X     
          
          
----------

Black 1,2
----------
          
    X     
  O X     
          
          
----------

White 3,2
----------
          
    X     
  O X     
    O     
          
----------

Black 1,1
----------
          
  X X     
  O X     
    O     
          
----------

White 2,3
----------
          
  X X     
  O X O   
    O     
          
----------

Black 1,3
----------
          
  X X X   
  O X O   
    O     
          
----------

White 2,4
----------
          
  X X X   
  O X O O 
    O     
          
----------

Black 1,0
----------
          
X X X X   
  O X O O 
    O     
          
----------

White 0,2
----------
    O     
X X X X   
  O X O O 
    O     
          
----------

Black 0,3
----------
    O X   
X X X X   
  O X O O 
    O     
          
----------

White 4,2
----------
    O X   
X X X X   
  O X O O 
    O     
    O     
----------

Black 0,1
----------
  X   X   
X X X X   
  O X O O 
    O     
    O     
----------

White 2,0
----------
  X   X   
X X X X   
O O X O O 
    O     
    O     
----------

Black 0,0
----------
X X   X   
X X X X   
O O X O O 
    O     
    O     
----------

White 3,3
----------
X X   X   
X X X X   
O O X O O 
    O O   
    O     
----------

Black 0,2
----------
X X X X   
X X X X   
O O X O O 
    O O   
    O     
----------

White 3,1
----------
X X X X   
X X X X   
O O X O O 
  O O O   
    O     
----------

Black 4,0
----------
X X X X   
X X X X   
O O X O O 
  O O O   
X   O     
----------

White 1,4
----------
X X X X   
X X X X O 
O O X O O 
  O O O   
X   O     
----------

Black 4,4
----------
X X X X   
X X X X O 
O O X O O 
  O O O   
X   O   X 
----------

White 0,4
----------
        O 
        O 
O O   O O 
  O O O   
X   O   X 
----------

Black 1,2
----------
        O 
    X   O 
O O   O O 
  O O O   
X   O   X 
----------

White 2,2
----------
        O 
    X   O 
O O O O O 
  O O O   
X   O   X 
----------

Game end.
The winner is O
ta time: 34.62
student time: 4.92
Black(You) lose.

==Playing with championship_player==
=====Round 1=====
Black:TA White:You
Wed Oct 28 23:18:53 PDT 2020
Clean up...
Start Playing...
Black 2,2
----------
          
          
    X     
          
          
----------

White 1,1
----------
          
  O       
    X     
          
          
----------

Black 2,1
----------
          
  O       
  X X     
          
          
----------

White 1,2
----------
          
  O O     
  X X     
          
          
----------

Black 1,3
----------
          
  O O X   
  X X     
          
          
----------

White 1,0
----------
          
O O O X   
  X X     
          
          
----------

Black 0,3
----------
      X   
O O O X   
  X X     
          
          
----------

White 2,0
----------
      X   
O O O X   
O X X     
          
          
----------

Black 3,1
----------
      X   
O O O X   
O X X     
  X       
          
----------

White 3,0
----------
      X   
O O O X   
O X X     
O X       
          
----------

Black 4,1
----------
      X   
O O O X   
O X X     
O X       
  X       
----------

White 0,0
----------
O     X   
O O O X   
O X X     
O X       
  X       
----------

Black 0,2
----------
O   X X   
O O O X   
O X X     
O X       
  X       
----------

White 3,3
----------
O   X X   
O O O X   
O X X     
O X   O   
  X       
----------

Black 4,0
----------
O   X X   
O O O X   
O X X     
O X   O   
X X       
----------

White 2,3
----------
O   X X   
O O O X   
O X X O   
O X   O   
X X       
----------

Black 0,1
----------
  X X X   
      X   
  X X O   
  X   O   
X X       
----------

White 3,2
----------
  X X X   
      X   
  X X O   
  X O O   
X X       
----------

Black 2,4
----------
  X X X   
      X   
  X X O X 
  X O O   
X X       
----------

White 3,4
----------
  X X X   
      X   
  X X O X 
  X O O O 
X X       
----------

Black 1,4
----------
  X X X   
      X X 
  X X O X 
  X O O O 
X X       
----------

White 4,2
----------
  X X X   
      X X 
  X X O X 
  X O O O 
X X O     
----------

Black 4,4
----------
  X X X   
      X X 
  X X O X 
  X O O O 
X X O   X 
----------

White 1,0
----------
  X X X   
O     X X 
  X X O X 
  X O O O 
X X O   X 
----------

Game end.
The winner is X
ta time: 70.24
student time: 5.51
White(You) lose.
=====Round 2=====
Black:You White:TA
Wed Oct 28 23:19:21 PDT 2020
Clean up...
Start Playing...
Black 2,2
----------
          
          
    X     
          
          
----------

White 1,2
----------
          
    O     
    X     
          
          
----------

Black 2,1
----------
          
    O     
  X X     
          
          
----------

White 1,3
----------
          
    O O   
  X X     
          
          
----------

Black 1,1
----------
          
  X O O   
  X X     
          
          
----------

White 2,3
----------
          
  X O O   
  X X O   
          
          
----------

Black 3,1
----------
          
  X O O   
  X X O   
  X       
          
----------

White 3,3
----------
          
  X O O   
  X X O   
  X   O   
          
----------

Black 0,1
----------
  X       
  X O O   
  X X O   
  X   O   
          
----------

White 0,2
----------
  X O     
  X O O   
  X X O   
  X   O   
          
----------

Black 3,2
----------
  X O     
  X O O   
  X X O   
  X X O   
          
----------

White 4,3
----------
  X O     
  X O O   
  X X O   
  X X O   
      O   
----------

Black 3,0
----------
  X O     
  X O O   
  X X O   
X X X O   
      O   
----------

White 2,4
----------
  X O     
  X O O   
  X X O O 
X X X O   
      O   
----------

Black 0,0
----------
X X O     
  X O O   
  X X O O 
X X X O   
      O   
----------

White 1,4
----------
X X O     
  X O O O 
  X X O O 
X X X O   
      O   
----------

Black 1,0
----------
X X O     
X X O O O 
  X X O O 
X X X O   
      O   
----------

White 0,4
----------
X X O   O 
X X O O O 
  X X O O 
X X X O   
      O   
----------

Black 2,0
----------
X X O   O 
X X O O O 
X X X O O 
X X X O   
      O   
----------

White 4,1
----------
X X O   O 
X X O O O 
X X X O O 
X X X O   
  O   O   
----------

Black 4,0
----------
X X O   O 
X X O O O 
X X X O O 
X X X O   
X O   O   
----------

White 4,2
----------
    O   O 
    O O O 
      O O 
      O   
  O O O   
----------

Black 2,1
----------
    O   O 
    O O O 
  X   O O 
      O   
  O O O   
----------

White 3,2
----------
    O   O 
    O O O 
  X   O O 
    O O   
  O O O   
----------

Game end.
The winner is O
ta time: 107.08
student time: 6.2
Black(You) lose.
=====Round 3=====
Black:TA White:You
Wed Oct 28 23:19:50 PDT 2020
Clean up...
Start Playing...
Black 2,2
----------
          
          
    X     
          
          
----------

White 1,1
----------
          
  O       
    X     
          
          
----------

Black 2,1
----------
          
  O       
  X X     
          
          
----------

White 1,2
----------
          
  O O     
  X X     
          
          
----------

Black 1,3
----------
          
  O O X   
  X X     
          
          
----------

White 1,0
----------
          
O O O X   
  X X     
          
          
----------

Black 0,3
----------
      X   
O O O X   
  X X     
          
          
----------

White 2,0
----------
      X   
O O O X   
O X X     
          
          
----------

Black 3,1
----------
      X   
O O O X   
O X X     
  X       
          
----------

White 3,0
----------
      X   
O O O X   
O X X     
O X       
          
----------

Black 4,1
----------
      X   
O O O X   
O X X     
O X       
  X       
----------

White 0,0
----------
O     X   
O O O X   
O X X     
O X       
  X       
----------

Black 0,2
----------
O   X X   
O O O X   
O X X     
O X       
  X       
----------

White 3,3
----------
O   X X   
O O O X   
O X X     
O X   O   
  X       
----------

Black 4,0
----------
O   X X   
O O O X   
O X X     
O X   O   
X X       
----------

White 2,3
----------
O   X X   
O O O X   
O X X O   
O X   O   
X X       
----------

Black 0,1
----------
  X X X   
      X   
  X X O   
  X   O   
X X       
----------

White 3,2
----------
  X X X   
      X   
  X X O   
  X O O   
X X       
----------

Black 4,2
----------
  X X X   
      X   
  X X O   
  X O O   
X X X     
----------

White 2,4
----------
  X X X   
      X   
  X X O O 
  X O O   
X X X     
----------

Black 1,2
----------
  X X X   
    X X   
  X X O O 
  X O O   
X X X     
----------

White 1,4
----------
  X X X   
    X X O 
  X X O O 
  X O O   
X X X     
----------

Black 2,0
----------
  X X X   
    X X O 
X X X O O 
  X O O   
X X X     
----------

White 3,4
----------
  X X X   
    X X O 
X X X O O 
  X O O O 
X X X     
----------

Game end.
The winner is X
ta time: 142.95
student time: 6.67
White(You) lose.
=====Round 4=====
Black:You White:TA
Wed Oct 28 23:20:19 PDT 2020
Clean up...
Start Playing...
Black 2,2
----------
          
          
    X     
          
          
----------

White 2,1
----------
          
          
  O X     
          
          
----------

Black 1,2
----------
          
    X     
  O X     
          
          
----------

White 3,1
----------
          
    X     
  O X     
  O       
          
----------

Black 1,1
----------
          
  X X     
  O X     
  O       
          
----------

White 3,2
----------
          
  X X     
  O X     
  O O     
          
----------

Black 1,3
----------
          
  X X X   
  O X     
  O O     
          
----------

White 3,3
----------
          
  X X X   
  O X     
  O O O   
          
----------

Black 1,0
----------
          
X X X X   
  O X     
  O O O   
          
----------

White 2,0
----------
          
X X X X   
O O X     
  O O O   
          
----------

Black 1,4
----------
          
X X X X X 
O O X     
  O O O   
          
----------

White 3,4
----------
          
X X X X X 
O O X     
  O O O O 
          
----------

Black 2,3
----------
          
X X X X X 
O O X X   
  O O O O 
          
----------

White 4,1
----------
          
X X X X X 
O O X X   
  O O O O 
  O       
----------

Black 0,0
----------
X         
X X X X X 
O O X X   
  O O O O 
  O       
----------

White 4,3
----------
X         
X X X X X 
O O X X   
  O O O O 
  O   O   
----------

Black 0,1
----------
X X       
X X X X X 
O O X X   
  O O O O 
  O   O   
----------

White 4,0
----------
X X       
X X X X X 
O O X X   
  O O O O 
O O   O   
----------

Black 0,2
----------
X X X     
X X X X X 
O O X X   
  O O O O 
O O   O   
----------

White 2,4
----------
X X X     
X X X X X 
O O X X O 
  O O O O 
O O   O   
----------

Black 0,3
----------
X X X X   
X X X X X 
O O X X O 
  O O O O 
O O   O   
----------

White 0,4
----------
        O 
          
O O     O 
  O O O O 
O O   O   
----------

Black 1,2
----------
        O 
    X     
O O     O 
  O O O O 
O O   O   
----------

White 0,3
----------
      O O 
    X     
O O     O 
  O O O O 
O O   O   
----------

Game end.
The winner is O
ta time: 182.55
student time: 7.28
Black(You) lose.
=====Round 5=====
Black:TA White:You
Wed Oct 28 23:20:48 PDT 2020
Clean up...
Start Playing...
Black 2,2
----------
          
          
    X     
          
          
----------

White 1,1
----------
          
  O       
    X     
          
          
----------

Black 2,1
----------
          
  O       
  X X     
          
          
----------

White 1,2
----------
          
  O O     
  X X     
          
          
----------

Black 1,3
----------
          
  O O X   
  X X     
          
          
----------

White 1,0
----------
          
O O O X   
  X X     
          
          
----------

Black 0,2
----------
    X     
O O O X   
  X X     
          
          
----------

White 2,0
----------
    X     
O O O X   
O X X     
          
          
----------

Black 3,0
----------
    X     
O O O X   
O X X     
X         
          
----------

White 3,3
----------
    X     
O O O X   
O X X     
X     O   
          
----------

Black 3,1
----------
    X     
O O O X   
O X X     
X X   O   
          
----------

White 2,3
----------
    X     
O O O X   
O X X O   
X X   O   
          
----------

Black 0,1
----------
  X X     
O O O X   
O X X O   
X X   O   
          
----------

White 3,2
----------
  X X     
O O O X   
O X X O   
X X O O   
          
----------

Black 0,0
----------
X X X     
      X   
  X X O   
X X O O   
          
----------

White 2,4
----------
X X X     
      X   
  X X O O 
X X O O   
          
----------

Black 1,4
----------
X X X     
      X X 
  X X O O 
X X O O   
          
----------

White 3,4
----------
X X X     
      X X 
  X X O O 
X X O O O 
          
----------

Black 1,2
----------
X X X     
    X X X 
  X X O O 
X X O O O 
          
----------

White 4,2
----------
X X X     
    X X X 
  X X O O 
X X O O O 
    O     
----------

Black 1,0
----------
X X X     
X   X X X 
  X X O O 
X X O O O 
    O     
----------

White 4,1
----------
X X X     
X   X X X 
  X X O O 
X X O O O 
  O O     
----------

Black 4,0
----------
X X X     
X   X X X 
  X X O O 
X X O O O 
X O O     
----------

White 4,3
----------
X X X     
X   X X X 
  X X O O 
X X O O O 
X O O O   
----------

Game end.
The winner is X
ta time: 211.23
student time: 7.89
White(You) lose.
=====Round 6=====
Black:You White:TA
Wed Oct 28 23:21:11 PDT 2020
Clean up...
Start Playing...
Black 2,2
----------
          
          
    X     
          
          
----------

White 2,1
----------
          
          
  O X     
          
          
----------

Black 1,2
----------
          
    X     
  O X     
          
          
----------

White 3,1
----------
          
    X     
  O X     
  O       
          
----------

Black 1,1
----------
          
  X X     
  O X     
  O       
          
----------

White 3,2
----------
          
  X X     
  O X     
  O O     
          
----------

Black 1,3
----------
          
  X X X   
  O X     
  O O     
          
----------

White 3,3
----------
          
  X X X   
  O X     
  O O O   
          
----------

Black 1,0
----------
          
X X X X   
  O X     
  O O O   
          
----------

White 2,0
----------
          
X X X X   
O O X     
  O O O   
          
----------

Black 1,4
----------
          
X X X X X 
O O X     
  O O O   
          
----------

White 3,4
----------
          
X X X X X 
O O X     
  O O O O 
          
----------

Black 2,3
----------
          
X X X X X 
O O X X   
  O O O O 
          
----------

White 4,1
----------
          
X X X X X 
O O X X   
  O O O O 
  O       
----------

Black 0,0
----------
X         
X X X X X 
O O X X   
  O O O O 
  O       
----------

White 4,3
----------
X         
X X X X X 
O O X X   
  O O O O 
  O   O   
----------

Black 0,1
----------
X X       
X X X X X 
O O X X   
  O O O O 
  O   O   
----------

White 0,3
----------
X X   O   
X X X X X 
O O X X   
  O O O O 
  O   O   
----------

Black 0,2
----------
X X X O   
X X X X X 
O O X X   
  O O O O 
  O   O   
----------

White 3,0
----------
X X X O   
X X X X X 
O O X X   
O O O O O 
  O   O   
----------

Black 0,4
----------
X X X   X 
X X X X X 
O O X X   
O O O O O 
  O   O   
----------

White 2,4
----------
X X X   X 
X X X X X 
O O X X O 
O O O O O 
  O   O   
----------

Black PASS
----------
X X X   X 
X X X X X 
O O X X O 
O O O O O 
  O   O   
----------

White 4,4
----------
X X X   X 
X X X X X 
O O X X O 
O O O O O 
  O   O O 
----------

Game end.
The winner is O
ta time: 248.36
student time: 8.36
Black(You) lose.
=====Round 7=====
Black:TA White:You
Wed Oct 28 23:21:39 PDT 2020
Clean up...
Start Playing...
Black 2,2
----------
          
          
    X     
          
          
----------

White 1,1
----------
          
  O       
    X     
          
          
----------

Black 1,3
----------
          
  O   X   
    X     
          
          
----------

White 2,1
----------
          
  O   X   
  O X     
          
          
----------

Black 3,1
----------
          
  O   X   
  O X     
  X       
          
----------

White 0,1
----------
  O       
  O   X   
  O X     
  X       
          
----------

Black 3,0
----------
  O       
  O   X   
  O X     
X X       
          
----------

White 0,2
----------
  O O     
  O   X   
  O X     
X X       
          
----------

Black 0,3
----------
  O O X   
  O   X   
  O X     
X X       
          
----------

White 1,2
----------
  O O X   
  O O X   
  O X     
X X       
          
----------

Black 2,3
----------
  O O X   
  O O X   
  O X X   
X X       
          
----------

White 0,0
----------
O O O X   
  O O X   
  O X X   
X X       
          
----------

Black 2,0
----------
O O O X   
  O O X   
X O X X   
X X       
          
----------

White 3,3
----------
O O O X   
  O O X   
X O X X   
X X   O   
          
----------

Black 1,0
----------
      X   
X     X   
X   X X   
X X   O   
          
----------

White 3,2
----------
      X   
X     X   
X   X X   
X X O O   
          
----------

Black 4,1
----------
      X   
X     X   
X   X X   
X X O O   
  X       
----------

White 3,4
----------
      X   
X     X   
X   X X   
X X O O O 
  X       
----------

Black 2,1
----------
      X   
X     X   
X X X X   
X X O O O 
  X       
----------

White 2,4
----------
      X   
X     X   
X X X X O 
X X O O O 
  X       
----------

Black 1,2
----------
      X   
X   X X   
X X X X O 
X X O O O 
  X       
----------

White 1,4
----------
      X   
X   X X O 
X X X X O 
X X O O O 
  X       
----------

Black 0,1
----------
  X   X   
X   X X O 
X X X X O 
X X O O O 
  X       
----------

White 0,4
----------
  X   X O 
X   X X O 
X X X X O 
X X O O O 
  X       
----------

Game end.
The winner is X
ta time: 287.3
student time: 9
White(You) lose.
=====Round 8=====
Black:You White:TA
Wed Oct 28 23:22:07 PDT 2020
Clean up...
Start Playing...
Black 2,2
----------
          
          
    X     
          
          
----------

White 2,3
----------
          
          
    X O   
          
          
----------

Black 1,2
----------
          
    X     
    X O   
          
          
----------

White 3,3
----------
          
    X     
    X O   
      O   
          
----------

Black 1,1
----------
          
  X X     
    X O   
      O   
          
----------

White 1,3
----------
          
  X X O   
    X O   
      O   
          
----------

Black 2,1
----------
          
  X X O   
  X X O   
      O   
          
----------

White 0,2
----------
    O     
  X X O   
  X X O   
      O   
          
----------

Black 3,1
----------
    O     
  X X O   
  X X O   
  X   O   
          
----------

White 3,2
----------
    O     
  X X O   
  X X O   
  X O O   
          
----------

Black 4,1
----------
    O     
  X X O   
  X X O   
  X O O   
  X       
----------

White 0,3
----------
    O O   
  X X O   
  X X O   
  X O O   
  X       
----------

Black 0,1
----------
  X O O   
  X X O   
  X X O   
  X O O   
  X       
----------

White 4,3
----------
  X O O   
  X X O   
  X X O   
  X O O   
  X   O   
----------

Black 0,0
----------
X X O O   
  X X O   
  X X O   
  X O O   
  X   O   
----------

White 2,4
----------
X X O O   
  X X O   
  X X O O 
  X O O   
  X   O   
----------

Black 1,0
----------
X X O O   
X X X O   
  X X O O 
  X O O   
  X   O   
----------

White 3,0
----------
X X O O   
X X X O   
  X X O O 
O X O O   
  X   O   
----------

Black 2,0
----------
X X O O   
X X X O   
X X X O O 
O X O O   
  X   O   
----------

White 4,2
----------
X X O O   
X X X O   
X X X O O 
O X O O   
  X O O   
----------

Black 4,0
----------
X X O O   
X X X O   
X X X O O 
  X O O   
X X O O   
----------

White 3,4
----------
X X O O   
X X X O   
X X X O O 
  X O O O 
X X O O   
----------

Black 0,4
----------
X X O O X 
X X X O   
X X X O O 
  X O O O 
X X O O   
----------

White 3,0
----------
    O O X 
      O   
      O O 
O   O O O 
    O O   
----------

Game end.
The winner is O
ta time: 323.96
student time: 9.81
Black(You) lose.
=====Round 9=====
Black:TA White:You
Wed Oct 28 23:22:36 PDT 2020
Clean up...
Start Playing...
Black 2,2
----------
          
          
    X     
          
          
----------

White 1,1
----------
          
  O       
    X     
          
          
----------

Black 1,2
----------
          
  O X     
    X     
          
          
----------

White 2,1
----------
          
  O X     
  O X     
          
          
----------

Black 3,1
----------
          
  O X     
  O X     
  X       
          
----------

White 0,1
----------
  O       
  O X     
  O X     
  X       
          
----------

Black 3,0
----------
  O       
  O X     
  O X     
X X       
          
----------

White 0,2
----------
  O O     
  O X     
  O X     
X X       
          
----------

Black 1,3
----------
  O O     
  O X X   
  O X     
X X       
          
----------

White 0,3
----------
  O O O   
  O X X   
  O X     
X X       
          
----------

Black 1,4
----------
  O O O   
  O X X X 
  O X     
X X       
          
----------

White 0,0
----------
O O O O   
  O X X X 
  O X     
X X       
          
----------

Black 2,0
----------
O O O O   
  O X X X 
X O X     
X X       
          
----------

White 3,3
----------
O O O O   
  O X X X 
X O X     
X X   O   
          
----------

Black 0,4
----------
O O O O X 
  O X X X 
X O X     
X X   O   
          
----------

White 2,3
----------
O O O O X 
  O X X X 
X O X O   
X X   O   
          
----------

Black 1,0
----------
        X 
X   X X X 
X   X O   
X X   O   
          
----------

White 3,2
----------
        X 
X   X X X 
X   X O   
X X O O   
          
----------

Black 2,1
----------
        X 
X   X X X 
X X X O   
X X O O   
          
----------

White 3,4
----------
        X 
X   X X X 
X X X O   
X X O O O 
          
----------

Black 2,4
----------
        X 
X   X X X 
X X X O X 
X X O O O 
          
----------

White 4,2
----------
        X 
X   X X X 
X X X O X 
X X O O O 
    O     
----------

Black 4,0
----------
        X 
X   X X X 
X X X O X 
X X O O O 
X   O     
----------

White 4,1
----------
        X 
X   X X X 
X X X O X 
X X O O O 
X O O     
----------

Game end.
The winner is X
ta time: 359.14
student time: 10.47
White(You) lose.
=====Round 10=====
Black:You White:TA
Wed Oct 28 23:23:03 PDT 2020
Clean up...
Start Playing...
Black 2,2
----------
          
          
    X     
          
          
----------

White 2,1
----------
          
          
  O X     
          
          
----------

Black 1,2
----------
          
    X     
  O X     
          
          
----------

White 3,1
----------
          
    X     
  O X     
  O       
          
----------

Black 1,1
----------
          
  X X     
  O X     
  O       
          
----------

White 3,2
----------
          
  X X     
  O X     
  O O     
          
----------

Black 1,3
----------
          
  X X X   
  O X     
  O O     
          
----------

White 3,3
----------
          
  X X X   
  O X     
  O O O   
          
----------

Black 1,0
----------
          
X X X X   
  O X     
  O O O   
          
----------

White 2,0
----------
          
X X X X   
O O X     
  O O O   
          
----------

Black 1,4
----------
          
X X X X X 
O O X     
  O O O   
          
----------

White 3,4
----------
          
X X X X X 
O O X     
  O O O O 
          
----------

Black 2,3
----------
          
X X X X X 
O O X X   
  O O O O 
          
----------

White 4,1
----------
          
X X X X X 
O O X X   
  O O O O 
  O       
----------

Black 0,0
----------
X         
X X X X X 
O O X X   
  O O O O 
  O       
----------

White 4,3
----------
X         
X X X X X 
O O X X   
  O O O O 
  O   O   
----------

Black 0,1
----------
X X       
X X X X X 
O O X X   
  O O O O 
  O   O   
----------

White 4,0
----------
X X       
X X X X X 
O O X X   
  O O O O 
O O   O   
----------

Black 0,2
----------
X X X     
X X X X X 
O O X X   
  O O O O 
O O   O   
----------

White 2,4
----------
X X X     
X X X X X 
O O X X O 
  O O O O 
O O   O   
----------

Black 0,3
----------
X X X X   
X X X X X 
O O X X O 
  O O O O 
O O   O   
----------

White 0,4
----------
        O 
          
O O     O 
  O O O O 
O O   O   
----------

Black 1,2
----------
        O 
    X     
O O     O 
  O O O O 
O O   O   
----------

White 1,3
----------
        O 
    X O   
O O     O 
  O O O O 
O O   O   
----------

Game end.
The winner is O
ta time: 394.4
student time: 10.85
Black(You) lose.
