Thu Oct 29 16:05:26 PDT 2020

==Playing with qlearning_player==
=====Round 1=====
Black:TA White:You
Thu Oct 29 16:05:26 PDT 2020
Clean up...
Start Playing...
Black 1,2
----------
          
    X     
          
          
          
----------

White 2,1
----------
          
    X     
  O       
          
          
----------

Black 2,2
----------
          
    X     
  O X     
          
          
----------

White 3,1
----------
          
    X     
  O X     
  O       
          
----------

Black 0,0
----------
X         
    X     
  O X     
  O       
          
----------

White 1,1
----------
X         
  O X     
  O X     
  O       
          
----------

Black 0,1
----------
X X       
  O X     
  O X     
  O       
          
----------

White 1,0
----------
X X       
O O X     
  O X     
  O       
          
----------

Black 2,3
----------
X X       
O O X     
  O X X   
  O       
          
----------

White 0,2
----------
    O     
O O X     
  O X X   
  O       
          
----------

Black 3,2
----------
    O     
O O X     
  O X X   
  O X     
          
----------

White 0,3
----------
    O O   
O O X     
  O X X   
  O X     
          
----------

Black 2,4
----------
    O O   
O O X     
  O X X X 
  O X     
          
----------

White 4,1
----------
    O O   
O O X     
  O X X X 
  O X     
  O       
----------

Black 2,0
----------
    O O   
O O X     
X O X X X 
  O X     
  O       
----------

White 3,0
----------
    O O   
O O X     
  O X X X 
O O X     
  O       
----------

Black 1,3
----------
    O O   
O O X X   
  O X X X 
O O X     
  O       
----------

White 0,4
----------
    O O O 
O O X X   
  O X X X 
O O X     
  O       
----------

Black 3,3
----------
    O O O 
O O X X   
  O X X X 
O O X X   
  O       
----------

White 4,2
----------
    O O O 
O O X X   
  O X X X 
O O X X   
  O O     
----------

Black 0,1
----------
  X O O O 
O O X X   
  O X X X 
O O X X   
  O O     
----------

White 0,0
----------
O   O O O 
O O X X   
  O X X X 
O O X X   
  O O     
----------

Black 4,3
----------
O   O O O 
O O X X   
  O X X X 
O O X X   
  O O X   
----------

White 0,1
----------
O O O O O 
O O X X   
  O X X X 
O O X X   
  O O X   
----------

Game end.
The winner is O
ta time: 3.8
student time: 3.39
White(You) win!
=====Round 2=====
Black:You White:TA
Thu Oct 29 16:05:37 PDT 2020
Clean up...
Start Playing...
Black 2,2
----------
          
          
    X     
          
          
----------

White 2,1
----------
          
          
  O X     
          
          
----------

Black 1,1
----------
          
  X       
  O X     
          
          
----------

White 3,4
----------
          
  X       
  O X     
        O 
          
----------

Black 2,3
----------
          
  X       
  O X X   
        O 
          
----------

White 1,2
----------
          
  X O     
  O X X   
        O 
          
----------

Black 1,3
----------
          
  X O X   
  O X X   
        O 
          
----------

White 3,2
----------
          
  X O X   
  O X X   
    O   O 
          
----------

Black 0,2
----------
    X     
  X   X   
  O X X   
    O   O 
          
----------

White 4,2
----------
    X     
  X   X   
  O X X   
    O   O 
    O     
----------

Black 3,1
----------
    X     
  X   X   
  O X X   
  X O   O 
    O     
----------

White 2,4
----------
    X     
  X   X   
  O X X O 
  X O   O 
    O     
----------

Black 2,0
----------
    X     
  X   X   
X   X X O 
  X O   O 
    O     
----------

White 3,3
----------
    X     
  X   X   
X   X X O 
  X O O O 
    O     
----------

Black 0,1
----------
  X X     
  X   X   
X   X X O 
  X O O O 
    O     
----------

White 1,4
----------
  X X     
  X   X O 
X   X X O 
  X O O O 
    O     
----------

Black 0,3
----------
  X X X   
  X   X O 
X   X X O 
  X O O O 
    O     
----------

White 3,0
----------
  X X X   
  X   X O 
X   X X O 
O X O O O 
    O     
----------

Black 1,2
----------
  X X X   
  X X X O 
X   X X O 
O X O O O 
    O     
----------

White 1,0
----------
  X X X   
O X X X O 
X   X X O 
O X O O O 
    O     
----------

Black 0,0
----------
X X X X   
  X X X O 
X   X X O 
O X O O O 
    O     
----------

White 4,1
----------
X X X X   
  X X X O 
X   X X O 
O X O O O 
  O O     
----------

Black 2,1
----------
X X X X   
  X X X O 
X X X X O 
O X O O O 
  O O     
----------

White 4,3
----------
X X X X   
  X X X O 
X X X X O 
O X O O O 
  O O O   
----------

Game end.
The winner is X
ta time: 7.47
student time: 6.72
Black(You) win!
=====Round 3=====
Black:TA White:You
Thu Oct 29 16:05:48 PDT 2020
Clean up...
Start Playing...
Black 1,2
----------
          
    X     
          
          
          
----------

White 2,1
----------
          
    X     
  O       
          
          
----------

Black 2,2
----------
          
    X     
  O X     
          
          
----------

White 3,1
----------
          
    X     
  O X     
  O       
          
----------

Black 0,0
----------
X         
    X     
  O X     
  O       
          
----------

White 1,1
----------
X         
  O X     
  O X     
  O       
          
----------

Black 0,1
----------
X X       
  O X     
  O X     
  O       
          
----------

White 1,0
----------
X X       
O O X     
  O X     
  O       
          
----------

Black 2,3
----------
X X       
O O X     
  O X X   
  O       
          
----------

White 0,2
----------
    O     
O O X     
  O X X   
  O       
          
----------

Black 3,2
----------
    O     
O O X     
  O X X   
  O X     
          
----------

White 0,3
----------
    O O   
O O X     
  O X X   
  O X     
          
----------

Black 4,2
----------
    O O   
O O X     
  O X X   
  O X     
    X     
----------

White 1,3
----------
    O O   
O O X O   
  O X X   
  O X     
    X     
----------

Black 2,4
----------
    O O   
O O X O   
  O X X X 
  O X     
    X     
----------

White 3,0
----------
    O O   
O O X O   
  O X X X 
O O X     
    X     
----------

Black 3,3
----------
    O O   
O O X O   
  O X X X 
O O X X   
    X     
----------

White 0,0
----------
O   O O   
O O X O   
  O X X X 
O O X X   
    X     
----------

Black 1,4
----------
O   O O   
O O X O X 
  O X X X 
O O X X   
    X     
----------

White 0,1
----------
O O O O   
O O X O X 
  O X X X 
O O X X   
    X     
----------

Black 4,1
----------
O O O O   
O O X O X 
  O X X X 
O O X X   
  X X     
----------

White 0,4
----------
O O O O O 
O O X O X 
  O X X X 
O O X X   
  X X     
----------

Black 3,4
----------
O O O O O 
O O X O X 
  O X X X 
O O X X X 
  X X     
----------

White PASS
----------
O O O O O 
O O X O X 
  O X X X 
O O X X X 
  X X     
----------

Game end.
The winner is O
ta time: 11.35
student time: 10.18
White(You) win!
=====Round 4=====
Black:You White:TA
Thu Oct 29 16:06:03 PDT 2020
Clean up...
Start Playing...
Black 2,2
----------
          
          
    X     
          
          
----------

White 2,1
----------
          
          
  O X     
          
          
----------

Black 1,1
----------
          
  X       
  O X     
          
          
----------

White 3,4
----------
          
  X       
  O X     
        O 
          
----------

Black 2,3
----------
          
  X       
  O X X   
        O 
          
----------

White 3,2
----------
          
  X       
  O X X   
    O   O 
          
----------

Black 3,1
----------
          
  X       
  O X X   
  X O   O 
          
----------

White 1,2
----------
          
  X O     
  O X X   
  X O   O 
          
----------

Black 2,0
----------
          
  X O     
X   X X   
  X O   O 
          
----------

White 0,2
----------
    O     
  X O     
X   X X   
  X O   O 
          
----------

Black 3,3
----------
    O     
  X O     
X   X X   
  X O X O 
          
----------

White 2,4
----------
    O     
  X O     
X   X X O 
  X O X O 
          
----------

Black 4,2
----------
    O     
  X O     
X   X X O 
  X   X O 
    X     
----------

White 1,3
----------
    O     
  X O O   
X   X X O 
  X   X O 
    X     
----------

Black 0,1
----------
  X O     
  X O O   
X   X X O 
  X   X O 
    X     
----------

White 4,1
----------
  X O     
  X O O   
X   X X O 
  X   X O 
  O X     
----------

Black 2,1
----------
  X O     
  X O O   
X X X X O 
  X   X O 
  O X     
----------

White 4,3
----------
  X O     
  X O O   
X X X X O 
  X   X O 
  O X O   
----------

Black 4,4
----------
  X O     
  X O O   
X X X X O 
  X   X O 
  O X   X 
----------

White 0,3
----------
  X O O   
  X O O   
X X X X O 
  X   X O 
  O X   X 
----------

Black 1,4
----------
  X O O   
  X O O X 
X X X X   
  X   X   
  O X   X 
----------

White 2,4
----------
  X O O   
  X O O X 
X X X X O 
  X   X   
  O X   X 
----------

Black 0,4
----------
  X     X 
  X     X 
X X X X O 
  X   X   
  O X   X 
----------

White 1,2
----------
  X     X 
  X O   X 
X X X X O 
  X   X   
  O X   X 
----------

Game end.
The winner is X
ta time: 15.18
student time: 13.62
Black(You) win!
=====Round 5=====
Black:TA White:You
Thu Oct 29 16:06:14 PDT 2020
Clean up...
Start Playing...
Black 1,2
----------
          
    X     
          
          
          
----------

White 2,1
----------
          
    X     
  O       
          
          
----------

Black 2,2
----------
          
    X     
  O X     
          
          
----------

White 3,1
----------
          
    X     
  O X     
  O       
          
----------

Black 0,0
----------
X         
    X     
  O X     
  O       
          
----------

White 1,1
----------
X         
  O X     
  O X     
  O       
          
----------

Black 0,1
----------
X X       
  O X     
  O X     
  O       
          
----------

White 1,0
----------
X X       
O O X     
  O X     
  O       
          
----------

Black 3,2
----------
X X       
O O X     
  O X     
  O X     
          
----------

White 0,2
----------
    O     
O O X     
  O X     
  O X     
          
----------

Black 2,3
----------
    O     
O O X     
  O X X   
  O X     
          
----------

White 0,3
----------
    O O   
O O X     
  O X X   
  O X     
          
----------

Black 2,0
----------
    O O   
O O X     
X O X X   
  O X     
          
----------

White 3,0
----------
    O O   
O O X     
  O X X   
O O X     
          
----------

Black 4,2
----------
    O O   
O O X     
  O X X   
O O X     
    X     
----------

White 1,3
----------
    O O   
O O X O   
  O X X   
O O X     
    X     
----------

Black 2,4
----------
    O O   
O O X O   
  O X X X 
O O X     
    X     
----------

White 0,0
----------
O   O O   
O O X O   
  O X X X 
O O X     
    X     
----------

Black 3,3
----------
O   O O   
O O X O   
  O X X X 
O O X X   
    X     
----------

White 0,1
----------
O O O O   
O O X O   
  O X X X 
O O X X   
    X     
----------

Black 1,4
----------
O O O O   
O O X O X 
  O X X X 
O O X X   
    X     
----------

White 0,4
----------
O O O O O 
O O X O X 
  O X X X 
O O X X   
    X     
----------

Black 3,4
----------
O O O O O 
O O X O X 
  O X X X 
O O X X X 
    X     
----------

White 2,0
----------
O O O O O 
O O X O X 
O O X X X 
O O X X X 
    X     
----------

Game end.
The winner is O
ta time: 19.13
student time: 17.19
White(You) win!
=====Round 6=====
Black:You White:TA
Thu Oct 29 16:06:25 PDT 2020
Clean up...
Start Playing...
Black 2,2
----------
          
          
    X     
          
          
----------

White 2,1
----------
          
          
  O X     
          
          
----------

Black 1,1
----------
          
  X       
  O X     
          
          
----------

White 3,4
----------
          
  X       
  O X     
        O 
          
----------

Black 2,3
----------
          
  X       
  O X X   
        O 
          
----------

White 1,2
----------
          
  X O     
  O X X   
        O 
          
----------

Black 1,3
----------
          
  X O X   
  O X X   
        O 
          
----------

White 3,2
----------
          
  X O X   
  O X X   
    O   O 
          
----------

Black 0,2
----------
    X     
  X   X   
  O X X   
    O   O 
          
----------

White 3,1
----------
    X     
  X   X   
  O X X   
  O O   O 
          
----------

Black 1,0
----------
    X     
X X   X   
  O X X   
  O O   O 
          
----------

White 4,2
----------
    X     
X X   X   
  O X X   
  O O   O 
    O     
----------

Black 3,3
----------
    X     
X X   X   
  O X X   
  O O X O 
    O     
----------

White 2,0
----------
    X     
X X   X   
O O X X   
  O O X O 
    O     
----------

Black 2,4
----------
    X     
X X   X   
O O X X X 
  O O X O 
    O     
----------

White 3,0
----------
    X     
X X   X   
O O X X X 
O O O X O 
    O     
----------

Black 0,3
----------
    X X   
X X   X   
O O X X X 
O O O X O 
    O     
----------

White 0,1
----------
  O X X   
X X   X   
O O X X X 
O O O X O 
    O     
----------

Black 1,2
----------
  O X X   
X X X X   
O O X X X 
O O O X O 
    O     
----------

White 1,4
----------
  O X X   
X X X X O 
O O X X X 
O O O X O 
    O     
----------

Black 0,0
----------
X   X X   
X X X X O 
O O X X X 
O O O X O 
    O     
----------

White 4,1
----------
X   X X   
X X X X O 
O O X X X 
O O O X O 
  O O     
----------

Black 4,3
----------
X   X X   
X X X X O 
O O X X X 
O O O X O 
  O O X   
----------

White PASS
----------
X   X X   
X X X X O 
O O X X X 
O O O X O 
  O O X   
----------

Game end.
The winner is X
ta time: 23.01
student time: 20.69
Black(You) win!
=====Round 7=====
Black:TA White:You
Thu Oct 29 16:06:37 PDT 2020
Clean up...
Start Playing...
Black 1,2
----------
          
    X     
          
          
          
----------

White 2,1
----------
          
    X     
  O       
          
          
----------

Black 2,2
----------
          
    X     
  O X     
          
          
----------

White 3,1
----------
          
    X     
  O X     
  O       
          
----------

Black 0,0
----------
X         
    X     
  O X     
  O       
          
----------

White 1,1
----------
X         
  O X     
  O X     
  O       
          
----------

Black 0,1
----------
X X       
  O X     
  O X     
  O       
          
----------

White 1,0
----------
X X       
O O X     
  O X     
  O       
          
----------

Black 3,2
----------
X X       
O O X     
  O X     
  O X     
          
----------

White 0,2
----------
    O     
O O X     
  O X     
  O X     
          
----------

Black 2,3
----------
    O     
O O X     
  O X X   
  O X     
          
----------

White 0,3
----------
    O O   
O O X     
  O X X   
  O X     
          
----------

Black 2,0
----------
    O O   
O O X     
X O X X   
  O X     
          
----------

White 3,0
----------
    O O   
O O X     
  O X X   
O O X     
          
----------

Black 2,4
----------
    O O   
O O X     
  O X X X 
O O X     
          
----------

White 1,3
----------
    O O   
O O X O   
  O X X X 
O O X     
          
----------

Black 3,3
----------
    O O   
O O X O   
  O X X X 
O O X X   
          
----------

White 4,1
----------
    O O   
O O X O   
  O X X X 
O O X X   
  O       
----------

Black 4,2
----------
    O O   
O O X O   
  O X X X 
O O X X   
  O X     
----------

White 0,0
----------
O   O O   
O O X O   
  O X X X 
O O X X   
  O X     
----------

Black 3,4
----------
O   O O   
O O X O   
  O X X X 
O O X X X 
  O X     
----------

White 0,1
----------
O O O O   
O O X O   
  O X X X 
O O X X X 
  O X     
----------

Black 1,4
----------
O O O O   
O O X O X 
  O X X X 
O O X X X 
  O X     
----------

White 0,4
----------
O O O O O 
O O X O X 
  O X X X 
O O X X X 
  O X     
----------

Game end.
The winner is O
ta time: 26.98
student time: 24.33
White(You) win!
=====Round 8=====
Black:You White:TA
Thu Oct 29 16:06:48 PDT 2020
Clean up...
Start Playing...
Black 2,2
----------
          
          
    X     
          
          
----------

White 2,1
----------
          
          
  O X     
          
          
----------

Black 1,1
----------
          
  X       
  O X     
          
          
----------

White 3,4
----------
          
  X       
  O X     
        O 
          
----------

Black 2,3
----------
          
  X       
  O X X   
        O 
          
----------

White 3,2
----------
          
  X       
  O X X   
    O   O 
          
----------

Black 3,1
----------
          
  X       
  O X X   
  X O   O 
          
----------

White 1,2
----------
          
  X O     
  O X X   
  X O   O 
          
----------

Black 2,0
----------
          
  X O     
X   X X   
  X O   O 
          
----------

White 4,2
----------
          
  X O     
X   X X   
  X O   O 
    O     
----------

Black 1,3
----------
          
  X O X   
X   X X   
  X O   O 
    O     
----------

White 0,2
----------
    O     
  X O X   
X   X X   
  X O   O 
    O     
----------

Black 0,1
----------
  X O     
  X O X   
X   X X   
  X O   O 
    O     
----------

White 3,3
----------
  X O     
  X O X   
X   X X   
  X O O O 
    O     
----------

Black 0,3
----------
  X   X   
  X   X   
X   X X   
  X O O O 
    O     
----------

White 1,2
----------
  X   X   
  X O X   
X   X X   
  X O O O 
    O     
----------

Black 0,2
----------
  X X X   
  X   X   
X   X X   
  X O O O 
    O     
----------

White 2,4
----------
  X X X   
  X   X   
X   X X O 
  X O O O 
    O     
----------

Black 1,2
----------
  X X X   
  X X X   
X   X X O 
  X O O O 
    O     
----------

White 1,0
----------
  X X X   
O X X X   
X   X X O 
  X O O O 
    O     
----------

Black 0,0
----------
X X X X   
  X X X   
X   X X O 
  X O O O 
    O     
----------

White 4,1
----------
X X X X   
  X X X   
X   X X O 
  X O O O 
  O O     
----------

Black 3,0
----------
X X X X   
  X X X   
X   X X O 
X X O O O 
  O O     
----------

White 1,4
----------
X X X X   
  X X X O 
X   X X O 
X X O O O 
  O O     
----------

Game end.
The winner is X
ta time: 30.46
student time: 27.86
Black(You) win!
=====Round 9=====
Black:TA White:You
Thu Oct 29 16:06:58 PDT 2020
Clean up...
Start Playing...
Black 1,2
----------
          
    X     
          
          
          
----------

White 2,1
----------
          
    X     
  O       
          
          
----------

Black 2,2
----------
          
    X     
  O X     
          
          
----------

White 3,1
----------
          
    X     
  O X     
  O       
          
----------

Black 0,0
----------
X         
    X     
  O X     
  O       
          
----------

White 1,1
----------
X         
  O X     
  O X     
  O       
          
----------

Black 0,1
----------
X X       
  O X     
  O X     
  O       
          
----------

White 1,0
----------
X X       
O O X     
  O X     
  O       
          
----------

Black 3,2
----------
X X       
O O X     
  O X     
  O X     
          
----------

White 0,2
----------
    O     
O O X     
  O X     
  O X     
          
----------

Black 2,3
----------
    O     
O O X     
  O X X   
  O X     
          
----------

White 0,3
----------
    O O   
O O X     
  O X X   
  O X     
          
----------

Black 2,0
----------
    O O   
O O X     
X O X X   
  O X     
          
----------

White 3,0
----------
    O O   
O O X     
  O X X   
O O X     
          
----------

Black 1,3
----------
    O O   
O O X X   
  O X X   
O O X     
          
----------

White 0,4
----------
    O O O 
O O X X   
  O X X   
O O X     
          
----------

Black 3,3
----------
    O O O 
O O X X   
  O X X   
O O X X   
          
----------

White 1,4
----------
    O O O 
O O X X O 
  O X X   
O O X X   
          
----------

Black 4,2
----------
    O O O 
O O X X O 
  O X X   
O O X X   
    X     
----------

White 2,4
----------
    O O O 
O O X X O 
  O X X O 
O O X X   
    X     
----------

Black 4,1
----------
    O O O 
O O X X O 
  O X X O 
O O X X   
  X X     
----------

White 3,4
----------
    O O O 
O O X X O 
  O X X O 
O O X X O 
  X X     
----------

Black 4,3
----------
    O O O 
O O X X O 
  O X X O 
O O X X O 
  X X X   
----------

White 4,0
----------
    O O O 
O O X X O 
  O X X O 
O O X X O 
O X X X   
----------

Game end.
The winner is O
ta time: 34.39
student time: 31.5
White(You) win!
=====Round 10=====
Black:You White:TA
Thu Oct 29 16:07:10 PDT 2020
Clean up...
Start Playing...
Black 2,2
----------
          
          
    X     
          
          
----------

White 2,1
----------
          
          
  O X     
          
          
----------

Black 1,1
----------
          
  X       
  O X     
          
          
----------

White 3,4
----------
          
  X       
  O X     
        O 
          
----------

Black 2,3
----------
          
  X       
  O X X   
        O 
          
----------

White 1,2
----------
          
  X O     
  O X X   
        O 
          
----------

Black 1,3
----------
          
  X O X   
  O X X   
        O 
          
----------

White 3,2
----------
          
  X O X   
  O X X   
    O   O 
          
----------

Black 0,2
----------
    X     
  X   X   
  O X X   
    O   O 
          
----------

White 3,3
----------
    X     
  X   X   
  O X X   
    O O O 
          
----------

Black 3,1
----------
    X     
  X   X   
  O X X   
  X O O O 
          
----------

White 4,2
----------
    X     
  X   X   
  O X X   
  X O O O 
    O     
----------

Black 2,0
----------
    X     
  X   X   
X   X X   
  X O O O 
    O     
----------

White 2,4
----------
    X     
  X   X   
X   X X O 
  X O O O 
    O     
----------

Black 0,1
----------
  X X     
  X   X   
X   X X O 
  X O O O 
    O     
----------

White 1,4
----------
  X X     
  X   X O 
X   X X O 
  X O O O 
    O     
----------

Black 0,3
----------
  X X X   
  X   X O 
X   X X O 
  X O O O 
    O     
----------

White 4,3
----------
  X X X   
  X   X O 
X   X X O 
  X O O O 
    O O   
----------

Black 1,2
----------
  X X X   
  X X X O 
X   X X O 
  X O O O 
    O O   
----------

White 1,0
----------
  X X X   
O X X X O 
X   X X O 
  X O O O 
    O O   
----------

Black 0,0
----------
X X X X   
  X X X O 
X   X X O 
  X O O O 
    O O   
----------

White 4,1
----------
X X X X   
  X X X O 
X   X X O 
  X O O O 
  O O O   
----------

Black 2,1
----------
X X X X   
  X X X O 
X X X X O 
  X O O O 
  O O O   
----------

White 3,0
----------
X X X X   
  X X X O 
X X X X O 
O X O O O 
  O O O   
----------

Game end.
The winner is X
ta time: 38.01
student time: 34.64
Black(You) win!

==Playing with championship_player==
=====Round 1=====
Black:TA White:You
Thu Oct 29 16:07:20 PDT 2020
Clean up...
Start Playing...
Black 2,2
----------
          
          
    X     
          
          
----------

White 1,1
----------
          
  O       
    X     
          
          
----------

Black 1,2
----------
          
  O X     
    X     
          
          
----------

White 3,3
----------
          
  O X     
    X     
      O   
          
----------

Black 3,2
----------
          
  O X     
    X     
    X O   
          
----------

White 0,3
----------
      O   
  O X     
    X     
    X O   
          
----------

Black 2,1
----------
      O   
  O X     
  X X     
    X O   
          
----------

White 1,0
----------
      O   
O O X     
  X X     
    X O   
          
----------

Black 0,2
----------
    X O   
O O X     
  X X     
    X O   
          
----------

White 1,3
----------
    X O   
O O X O   
  X X     
    X O   
          
----------

Black 2,3
----------
    X O   
O O X O   
  X X X   
    X O   
          
----------

White 3,4
----------
    X O   
O O X O   
  X X X   
    X O O 
          
----------

Black 2,4
----------
    X O   
O O X O   
  X X X X 
    X O O 
          
----------

White 2,0
----------
    X O   
O O X O   
O X X X X 
    X O O 
          
----------

Black 3,0
----------
    X O   
O O X O   
O X X X X 
X   X O O 
          
----------

White 4,3
----------
    X O   
O O X O   
O X X X X 
X   X O O 
      O   
----------

Black 3,1
----------
    X O   
O O X O   
O X X X X 
X X X O O 
      O   
----------

White 4,2
----------
    X O   
O O X O   
O X X X X 
X X X O O 
    O O   
----------

Black 0,1
----------
  X X O   
O O X O   
O X X X X 
X X X O O 
    O O   
----------

White 4,1
----------
  X X O   
O O X O   
O X X X X 
X X X O O 
  O O O   
----------

Black 0,0
----------
X X X O   
    X O   
  X X X X 
X X X O O 
  O O O   
----------

White 1,0
----------
X X X O   
O   X O   
  X X X X 
X X X O O 
  O O O   
----------

Black 1,4
----------
X X X O   
O   X O X 
  X X X X 
X X X O O 
  O O O   
----------

White PASS
----------
X X X O   
O   X O X 
  X X X X 
X X X O O 
  O O O   
----------

Game end.
The winner is X
ta time: 65.48
student time: 37.72
White(You) lose.
=====Round 2=====
Black:You White:TA
Thu Oct 29 16:07:46 PDT 2020
Clean up...
Start Playing...
Black 2,2
----------
          
          
    X     
          
          
----------

White 1,2
----------
          
    O     
    X     
          
          
----------

Black 1,1
----------
          
  X O     
    X     
          
          
----------

White 1,3
----------
          
  X O O   
    X     
          
          
----------

Black 2,3
----------
          
  X O O   
    X X   
          
          
----------

White 2,1
----------
          
  X O O   
  O X X   
          
          
----------

Black 3,1
----------
          
  X O O   
  O X X   
  X       
          
----------

White 2,0
----------
          
  X O O   
O O X X   
  X       
          
----------

Black 1,0
----------
          
X X O O   
O O X X   
  X       
          
----------

White 2,4
----------
          
X X O O   
O O X X O 
  X       
          
----------

Black 3,0
----------
          
X X O O   
    X X O 
X X       
          
----------

White 3,3
----------
          
X X O O   
    X X O 
X X   O   
          
----------

Black 3,2
----------
          
X X O O   
    X X O 
X X X O   
          
----------

White 4,2
----------
          
X X O O   
    X X O 
X X X O   
    O     
----------

Black 4,1
----------
          
X X O O   
    X X O 
X X X O   
  X O     
----------

White 4,3
----------
          
X X O O   
    X X O 
X X X O   
  X O O   
----------

Black 0,1
----------
  X       
X X O O   
    X X O 
X X X O   
  X O O   
----------

White 1,4
----------
  X       
X X O O O 
    X X O 
X X X O   
  X O O   
----------

Black 0,2
----------
  X X     
X X O O O 
    X X O 
X X X O   
  X O O   
----------

White 0,3
----------
  X X O   
X X O O O 
    X X O 
X X X O   
  X O O   
----------

Black 2,1
----------
  X X O   
X X O O O 
  X X X O 
X X X O   
  X O O   
----------

White 3,4
----------
  X X O   
X X O O O 
  X X X O 
X X X O O 
  X O O   
----------

Black 0,0
----------
X X X O   
X X O O O 
  X X X O 
X X X O O 
  X O O   
----------

White 4,4
----------
X X X O   
X X O O O 
  X X X O 
X X X O O 
  X O O O 
----------

Game end.
The winner is O
ta time: 86.25
student time: 40.83
Black(You) lose.
=====Round 3=====
Black:TA White:You
Thu Oct 29 16:08:08 PDT 2020
Clean up...
Start Playing...
Black 2,2
----------
          
          
    X     
          
          
----------

White 1,1
----------
          
  O       
    X     
          
          
----------

Black 1,2
----------
          
  O X     
    X     
          
          
----------

White 3,3
----------
          
  O X     
    X     
      O   
          
----------

Black 3,2
----------
          
  O X     
    X     
    X O   
          
----------

White 0,3
----------
      O   
  O X     
    X     
    X O   
          
----------

Black 0,2
----------
    X O   
  O X     
    X     
    X O   
          
----------

White 3,0
----------
    X O   
  O X     
    X     
O   X O   
          
----------

Black 4,2
----------
    X O   
  O X     
    X     
O   X O   
    X     
----------

White 1,3
----------
    X O   
  O X O   
    X     
O   X O   
    X     
----------

Black 2,3
----------
    X O   
  O X O   
    X X   
O   X O   
    X     
----------

White 3,1
----------
    X O   
  O X O   
    X X   
O O X O   
    X     
----------

Black 3,4
----------
    X O   
  O X O   
    X X   
O O X O X 
    X     
----------

White 0,1
----------
  O X O   
  O X O   
    X X   
O O X O X 
    X     
----------

Black 4,3
----------
  O X O   
  O X O   
    X X   
O O X   X 
    X X   
----------

White 1,4
----------
  O X O   
  O X O O 
    X X   
O O X   X 
    X X   
----------

Black 2,1
----------
  O X O   
  O X O O 
  X X X   
O O X   X 
    X X   
----------

White 1,0
----------
  O X O   
O O X O O 
  X X X   
O O X   X 
    X X   
----------

Black 2,4
----------
  O X O   
O O X O O 
  X X X X 
O O X   X 
    X X   
----------

White 2,0
----------
  O X O   
O O X O O 
O X X X X 
O O X   X 
    X X   
----------

Black 4,4
----------
  O X O   
O O X O O 
O X X X X 
O O X   X 
    X X X 
----------

White 4,1
----------
  O X O   
O O X O O 
O X X X X 
O O X   X 
  O X X X 
----------

Black 0,4
----------
  O X   X 
O O X     
O X X X X 
O O X   X 
  O X X X 
----------

White 1,3
----------
  O X   X 
O O X O   
O X X X X 
O O X   X 
  O X X X 
----------

Game end.
The winner is X
ta time: 114.61
student time: 44.14
White(You) lose.
=====Round 4=====
Black:You White:TA
Thu Oct 29 16:08:34 PDT 2020
Clean up...
Start Playing...
Black 2,2
----------
          
          
    X     
          
          
----------

White 2,1
----------
          
          
  O X     
          
          
----------

Black 1,1
----------
          
  X       
  O X     
          
          
----------

White 3,1
----------
          
  X       
  O X     
  O       
          
----------

Black 2,3
----------
          
  X       
  O X X   
  O       
          
----------

White 1,0
----------
          
O X       
  O X X   
  O       
          
----------

Black 1,3
----------
          
O X   X   
  O X X   
  O       
          
----------

White 0,1
----------
  O       
O X   X   
  O X X   
  O       
          
----------

Black 3,3
----------
  O       
O X   X   
  O X X   
  O   X   
          
----------

White 1,2
----------
  O       
O   O X   
  O X X   
  O   X   
          
----------

Black 0,3
----------
  O   X   
O   O X   
  O X X   
  O   X   
          
----------

White 0,2
----------
  O O X   
O   O X   
  O X X   
  O   X   
          
----------

Black 3,2
----------
  O O X   
O   O X   
  O X X   
  O X X   
          
----------

White 1,1
----------
  O O X   
O O O X   
  O X X   
  O X X   
          
----------

Black 3,4
----------
  O O X   
O O O X   
  O X X   
  O X X X 
          
----------

White 4,1
----------
  O O X   
O O O X   
  O X X   
  O X X X 
  O       
----------

Black 0,4
----------
  O O X X 
O O O X   
  O X X   
  O X X X 
  O       
----------

White 3,0
----------
  O O X X 
O O O X   
  O X X   
O O X X X 
  O       
----------

Black 1,4
----------
  O O X X 
O O O X X 
  O X X   
O O X X X 
  O       
----------

White 4,2
----------
  O O X X 
O O O X X 
  O X X   
O O X X X 
  O O     
----------

Black 2,4
----------
  O O X X 
O O O X X 
  O X X X 
O O X X X 
  O O     
----------

White 4,4
----------
  O O X X 
O O O X X 
  O X X X 
O O X X X 
  O O   O 
----------

Black 4,3
----------
  O O X X 
O O O X X 
  O X X X 
O O X X X 
  O O X   
----------

White 0,0
----------
O O O X X 
O O O X X 
  O X X X 
O O X X X 
  O O X   
----------

Game end.
The winner is O
ta time: 138.95
student time: 47.51
Black(You) lose.
=====Round 5=====
Black:TA White:You
Thu Oct 29 16:08:57 PDT 2020
Clean up...
Start Playing...
Black 2,2
----------
          
          
    X     
          
          
----------

White 1,1
----------
          
  O       
    X     
          
          
----------

Black 2,1
----------
          
  O       
  X X     
          
          
----------

White 1,2
----------
          
  O O     
  X X     
          
          
----------

Black 1,3
----------
          
  O O X   
  X X     
          
          
----------

White 1,0
----------
          
O O O X   
  X X     
          
          
----------

Black 0,2
----------
    X     
O O O X   
  X X     
          
          
----------

White 2,0
----------
    X     
O O O X   
O X X     
          
          
----------

Black 3,1
----------
    X     
O O O X   
O X X     
  X       
          
----------

White 0,1
----------
  O X     
O O O X   
O X X     
  X       
          
----------

Black 0,3
----------
  O X X   
O O O X   
O X X     
  X       
          
----------

White 3,0
----------
  O X X   
O O O X   
O X X     
O X       
          
----------

Black 4,1
----------
  O X X   
O O O X   
O X X     
O X       
  X       
----------

White 3,3
----------
  O X X   
O O O X   
O X X     
O X   O   
  X       
----------

Black 4,0
----------
  O X X   
O O O X   
O X X     
O X   O   
X X       
----------

White 3,4
----------
  O X X   
O O O X   
O X X     
O X   O O 
X X       
----------

Black 3,2
----------
  O X X   
O O O X   
O X X     
O X X O O 
X X       
----------

White 2,3
----------
  O X X   
O O O X   
O X X O   
O X X O O 
X X       
----------

Black 0,0
----------
X   X X   
      X   
  X X O   
  X X O O 
X X       
----------

White 1,0
----------
X   X X   
O     X   
  X X O   
  X X O O 
X X       
----------

Black 0,1
----------
X X X X   
O     X   
  X X O   
  X X O O 
X X       
----------

White 1,1
----------
X X X X   
O O   X   
  X X O   
  X X O O 
X X       
----------

Black 2,0
----------
X X X X   
O O   X   
X X X O   
  X X O O 
X X       
----------

White 2,4
----------
X X X X   
O O   X   
X X X O O 
  X X O O 
X X       
----------

Game end.
The winner is X
ta time: 170.04
student time: 50.39
White(You) lose.
=====Round 6=====
Black:You White:TA
Thu Oct 29 16:09:22 PDT 2020
Clean up...
Start Playing...
Black 2,2
----------
          
          
    X     
          
          
----------

White 3,2
----------
          
          
    X     
    O     
          
----------

Black 1,1
----------
          
  X       
    X     
    O     
          
----------

White 2,3
----------
          
  X       
    X O   
    O     
          
----------

Black 1,2
----------
          
  X X     
    X O   
    O     
          
----------

White 3,3
----------
          
  X X     
    X O   
    O O   
          
----------

Black 1,3
----------
          
  X X X   
    X O   
    O O   
          
----------

White 3,1
----------
          
  X X X   
    X O   
  O O O   
          
----------

Black 2,1
----------
          
  X X X   
  X X O   
  O O O   
          
----------

White 1,4
----------
          
  X X X O 
  X X O   
  O O O   
          
----------

Black 0,1
----------
  X       
  X X X O 
  X X O   
  O O O   
          
----------

White 2,4
----------
  X       
  X X X O 
  X X O O 
  O O O   
          
----------

Black 0,3
----------
  X   X   
  X X X O 
  X X O O 
  O O O   
          
----------

White 3,0
----------
  X   X   
  X X X O 
  X X O O 
O O O O   
          
----------

Black 0,0
----------
X X   X   
  X X X O 
  X X O O 
O O O O   
          
----------

White 2,0
----------
X X   X   
  X X X O 
O X X O O 
O O O O   
          
----------

Black 0,2
----------
X X X X   
  X X X O 
O X X O O 
O O O O   
          
----------

White 4,3
----------
X X X X   
  X X X O 
O X X O O 
O O O O   
      O   
----------

Black 4,1
----------
X X X X   
  X X X O 
O X X O O 
O O O O   
  X   O   
----------

White 0,4
----------
X X X X O 
  X X X O 
O X X O O 
O O O O   
  X   O   
----------

Black PASS
----------
X X X X O 
  X X X O 
O X X O O 
O O O O   
  X   O   
----------

White 1,0
----------
        O 
O       O 
O     O O 
O O O O   
  X   O   
----------

Black PASS
----------
        O 
O       O 
O     O O 
O O O O   
  X   O   
----------

White 0,3
----------
      O O 
O       O 
O     O O 
O O O O   
  X   O   
----------

Game end.
The winner is O
ta time: 207.72
student time: 53.74
Black(You) lose.
=====Round 7=====
Black:TA White:You
Thu Oct 29 16:09:52 PDT 2020
Clean up...
Start Playing...
Black 2,2
----------
          
          
    X     
          
          
----------

White 1,1
----------
          
  O       
    X     
          
          
----------

Black 1,2
----------
          
  O X     
    X     
          
          
----------

White 3,3
----------
          
  O X     
    X     
      O   
          
----------

Black 3,2
----------
          
  O X     
    X     
    X O   
          
----------

White 0,3
----------
      O   
  O X     
    X     
    X O   
          
----------

Black 1,3
----------
      O   
  O X X   
    X     
    X O   
          
----------

White 2,1
----------
      O   
  O X X   
  O X     
    X O   
          
----------

Black 3,1
----------
      O   
  O X X   
  O X     
  X X O   
          
----------

White 2,3
----------
      O   
  O X X   
  O X O   
  X X O   
          
----------

Black 0,1
----------
  X   O   
  O X X   
  O X O   
  X X O   
          
----------

White 4,3
----------
  X   O   
  O X X   
  O X O   
  X X O   
      O   
----------

Black 1,0
----------
  X   O   
X O X X   
  O X O   
  X X O   
      O   
----------

White 0,4
----------
  X   O O 
X O X X   
  O X O   
  X X O   
      O   
----------

Black 2,0
----------
  X   O O 
X   X X   
X   X O   
  X X O   
      O   
----------

White 4,2
----------
  X   O O 
X   X X   
X   X O   
  X X O   
    O O   
----------

Black 1,4
----------
  X   O O 
X   X X X 
X   X O   
  X X O   
    O O   
----------

White 4,1
----------
  X   O O 
X   X X X 
X   X O   
  X X O   
  O O O   
----------

Black 0,2
----------
  X X     
X   X X X 
X   X O   
  X X O   
  O O O   
----------

White 4,0
----------
  X X     
X   X X X 
X   X O   
  X X O   
O O O O   
----------

Black 1,1
----------
  X X     
X X X X X 
X   X O   
  X X O   
O O O O   
----------

White 2,4
----------
  X X     
X X X X X 
X   X O O 
  X X O   
O O O O   
----------

Black 3,0
----------
  X X     
X X X X X 
X   X O O 
X X X O   
O O O O   
----------

White PASS
----------
  X X     
X X X X X 
X   X O O 
X X X O   
O O O O   
----------

Game end.
The winner is X
ta time: 238.22
student time: 56.88
White(You) lose.
=====Round 8=====
Black:You White:TA
Thu Oct 29 16:10:20 PDT 2020
Clean up...
Start Playing...
Black 2,2
----------
          
          
    X     
          
          
----------

White 2,1
----------
          
          
  O X     
          
          
----------

Black 1,1
----------
          
  X       
  O X     
          
          
----------

White 3,1
----------
          
  X       
  O X     
  O       
          
----------

Black 2,3
----------
          
  X       
  O X X   
  O       
          
----------

White 1,0
----------
          
O X       
  O X X   
  O       
          
----------

Black 1,3
----------
          
O X   X   
  O X X   
  O       
          
----------

White 0,1
----------
  O       
O X   X   
  O X X   
  O       
          
----------

Black 3,3
----------
  O       
O X   X   
  O X X   
  O   X   
          
----------

White 1,2
----------
  O       
O   O X   
  O X X   
  O   X   
          
----------

Black 0,3
----------
  O   X   
O   O X   
  O X X   
  O   X   
          
----------

White 0,2
----------
  O O X   
O   O X   
  O X X   
  O   X   
          
----------

Black 3,2
----------
  O O X   
O   O X   
  O X X   
  O X X   
          
----------

White 1,1
----------
  O O X   
O O O X   
  O X X   
  O X X   
          
----------

Black 3,4
----------
  O O X   
O O O X   
  O X X   
  O X X X 
          
----------

White 4,1
----------
  O O X   
O O O X   
  O X X   
  O X X X 
  O       
----------

Black 0,4
----------
  O O X X 
O O O X   
  O X X   
  O X X X 
  O       
----------

White 3,0
----------
  O O X X 
O O O X   
  O X X   
O O X X X 
  O       
----------

Black 1,4
----------
  O O X X 
O O O X X 
  O X X   
O O X X X 
  O       
----------

White 4,2
----------
  O O X X 
O O O X X 
  O X X   
O O X X X 
  O O     
----------

Black 2,4
----------
  O O X X 
O O O X X 
  O X X X 
O O X X X 
  O O     
----------

White 4,3
----------
  O O X X 
O O O X X 
  O X X X 
O O X X X 
  O O O   
----------

Black PASS
----------
  O O X X 
O O O X X 
  O X X X 
O O X X X 
  O O O   
----------

White 4,4
----------
  O O     
O O O     
  O       
O O       
  O O O O 
----------

Game end.
The winner is O
ta time: 261.77
student time: 60.43
Black(You) lose.
=====Round 9=====
Black:TA White:You
Thu Oct 29 16:10:42 PDT 2020
Clean up...
Start Playing...
Black 2,2
----------
          
          
    X     
          
          
----------

White 1,1
----------
          
  O       
    X     
          
          
----------

Black 1,2
----------
          
  O X     
    X     
          
          
----------

White 3,3
----------
          
  O X     
    X     
      O   
          
----------

Black 3,2
----------
          
  O X     
    X     
    X O   
          
----------

White 0,3
----------
      O   
  O X     
    X     
    X O   
          
----------

Black 0,2
----------
    X O   
  O X     
    X     
    X O   
          
----------

White 3,0
----------
    X O   
  O X     
    X     
O   X O   
          
----------

Black 4,2
----------
    X O   
  O X     
    X     
O   X O   
    X     
----------

White 1,3
----------
    X O   
  O X O   
    X     
O   X O   
    X     
----------

Black 2,3
----------
    X O   
  O X O   
    X X   
O   X O   
    X     
----------

White 3,1
----------
    X O   
  O X O   
    X X   
O O X O   
    X     
----------

Black 3,4
----------
    X O   
  O X O   
    X X   
O O X O X 
    X     
----------

White 0,1
----------
  O X O   
  O X O   
    X X   
O O X O X 
    X     
----------

Black 4,3
----------
  O X O   
  O X O   
    X X   
O O X   X 
    X X   
----------

White 1,4
----------
  O X O   
  O X O O 
    X X   
O O X   X 
    X X   
----------

Black 2,1
----------
  O X O   
  O X O O 
  X X X   
O O X   X 
    X X   
----------

White 1,0
----------
  O X O   
O O X O O 
  X X X   
O O X   X 
    X X   
----------

Black 2,4
----------
  O X O   
O O X O O 
  X X X X 
O O X   X 
    X X   
----------

White 2,0
----------
  O X O   
O O X O O 
O X X X X 
O O X   X 
    X X   
----------

Black 0,4
----------
  O X   X 
O O X     
O X X X X 
O O X   X 
    X X   
----------

White 0,0
----------
O O X   X 
O O X     
O X X X X 
O O X   X 
    X X   
----------

Black 1,3
----------
O O X   X 
O O X X   
O X X X X 
O O X   X 
    X X   
----------

White PASS
----------
O O X   X 
O O X X   
O X X X X 
O O X   X 
    X X   
----------

Game end.
The winner is X
ta time: 292.32
student time: 63.77
White(You) lose.
=====Round 10=====
Black:You White:TA
Thu Oct 29 16:11:08 PDT 2020
Clean up...
Start Playing...
Black 2,2
----------
          
          
    X     
          
          
----------

White 2,3
----------
          
          
    X O   
          
          
----------

Black 1,1
----------
          
  X       
    X O   
          
          
----------

White 3,3
----------
          
  X       
    X O   
      O   
          
----------

Black 1,2
----------
          
  X X     
    X O   
      O   
          
----------

White 3,2
----------
          
  X X     
    X O   
    O O   
          
----------

Black 1,3
----------
          
  X X X   
    X O   
    O O   
          
----------

White 3,1
----------
          
  X X X   
    X O   
  O O O   
          
----------

Black 2,1
----------
          
  X X X   
  X X O   
  O O O   
          
----------

White 1,4
----------
          
  X X X O 
  X X O   
  O O O   
          
----------

Black 0,1
----------
  X       
  X X X O 
  X X O   
  O O O   
          
----------

White 3,0
----------
  X       
  X X X O 
  X X O   
O O O O   
          
----------

Black 0,3
----------
  X   X   
  X X X O 
  X X O   
O O O O   
          
----------

White 2,4
----------
  X   X   
  X X X O 
  X X O O 
O O O O   
          
----------

Black 0,0
----------
X X   X   
  X X X O 
  X X O O 
O O O O   
          
----------

White 2,0
----------
X X   X   
  X X X O 
O X X O O 
O O O O   
          
----------

Black 0,2
----------
X X X X   
  X X X O 
O X X O O 
O O O O   
          
----------

White 4,2
----------
X X X X   
  X X X O 
O X X O O 
O O O O   
    O     
----------

Black 4,4
----------
X X X X   
  X X X O 
O X X O O 
O O O O   
    O   X 
----------

White 1,0
----------
X X X X   
O X X X O 
O X X O O 
O O O O   
    O   X 
----------

Black PASS
----------
X X X X   
O X X X O 
O X X O O 
O O O O   
    O   X 
----------

White 0,4
----------
        O 
O       O 
O     O O 
O O O O   
    O   X 
----------

Black PASS
----------
        O 
O       O 
O     O O 
O O O O   
    O   X 
----------

White 0,2
----------
    O   O 
O       O 
O     O O 
O O O O   
    O   X 
----------

Game end.
The winner is O
ta time: 328.68
student time: 67.41
Black(You) lose.
