Thu Oct 29 15:37:01 PDT 2020

==Playing with qlearning_player==
=====Round 1=====
Black:TA White:You
Thu Oct 29 15:37:02 PDT 2020
Clean up...
Start Playing...
Black 1,2
----------
          
    X     
          
          
          
----------

White 2,1
----------
          
    X     
  O       
          
          
----------

Black 2,2
----------
          
    X     
  O X     
          
          
----------

White 3,1
----------
          
    X     
  O X     
  O       
          
----------

Black 0,0
----------
X         
    X     
  O X     
  O       
          
----------

White 1,1
----------
X         
  O X     
  O X     
  O       
          
----------

Black 0,1
----------
X X       
  O X     
  O X     
  O       
          
----------

White 1,0
----------
X X       
O O X     
  O X     
  O       
          
----------

Black 2,3
----------
X X       
O O X     
  O X X   
  O       
          
----------

White 0,2
----------
    O     
O O X     
  O X X   
  O       
          
----------

Black 3,2
----------
    O     
O O X     
  O X X   
  O X     
          
----------

White 0,3
----------
    O O   
O O X     
  O X X   
  O X     
          
----------

Black 2,0
----------
    O O   
O O X     
X O X X   
  O X     
          
----------

White 3,0
----------
    O O   
O O X     
  O X X   
O O X     
          
----------

Black 4,2
----------
    O O   
O O X     
  O X X   
O O X     
    X     
----------

White 1,3
----------
    O O   
O O X O   
  O X X   
O O X     
    X     
----------

Black 3,3
----------
    O O   
O O X O   
  O X X   
O O X X   
    X     
----------

White 1,4
----------
    O O   
O O X O O 
  O X X   
O O X X   
    X     
----------

Black 2,4
----------
    O O   
O O X O O 
  O X X X 
O O X X   
    X     
----------

White 0,0
----------
O   O O   
O O X O O 
  O X X X 
O O X X   
    X     
----------

Black 4,1
----------
O   O O   
O O X O O 
  O X X X 
O O X X   
  X X     
----------

White 0,1
----------
O O O O   
O O X O O 
  O X X X 
O O X X   
  X X     
----------

Black 3,4
----------
O O O O   
O O X O O 
  O X X X 
O O X X X 
  X X     
----------

White 0,4
----------
O O O O O 
O O X O O 
  O X X X 
O O X X X 
  X X     
----------

Game end.
The winner is O
ta time: 3.84
student time: 3.57
White(You) win!
=====Round 2=====
Black:You White:TA
Thu Oct 29 15:37:12 PDT 2020
Clean up...
Start Playing...
Black 2,2
----------
          
          
    X     
          
          
----------

White 2,1
----------
          
          
  O X     
          
          
----------

Black 1,1
----------
          
  X       
  O X     
          
          
----------

White 3,4
----------
          
  X       
  O X     
        O 
          
----------

Black 2,3
----------
          
  X       
  O X X   
        O 
          
----------

White 3,2
----------
          
  X       
  O X X   
    O   O 
          
----------

Black 3,1
----------
          
  X       
  O X X   
  X O   O 
          
----------

White 1,2
----------
          
  X O     
  O X X   
  X O   O 
          
----------

Black 2,0
----------
          
  X O     
X   X X   
  X O   O 
          
----------

White 0,2
----------
    O     
  X O     
X   X X   
  X O   O 
          
----------

Black 3,3
----------
    O     
  X O     
X   X X   
  X O X O 
          
----------

White 4,2
----------
    O     
  X O     
X   X X   
  X O X O 
    O     
----------

Black 4,1
----------
    O     
  X O     
X   X X   
  X O X O 
  X O     
----------

White 1,3
----------
    O     
  X O O   
X   X X   
  X O X O 
  X O     
----------

Black 4,3
----------
    O     
  X O O   
X   X X   
  X   X O 
  X   X   
----------

White 3,2
----------
    O     
  X O O   
X   X X   
  X O X O 
  X   X   
----------

Black 4,2
----------
    O     
  X O O   
X   X X   
  X   X O 
  X X X   
----------

White 2,4
----------
    O     
  X O O   
X   X X O 
  X   X O 
  X X X   
----------

Black 4,4
----------
    O     
  X O O   
X   X X O 
  X   X O 
  X X X X 
----------

White 1,0
----------
    O     
O X O O   
X   X X O 
  X   X O 
  X X X X 
----------

Black 1,4
----------
    O     
O X O O X 
X   X X   
  X   X   
  X X X X 
----------

White 2,4
----------
    O     
O X O O X 
X   X X O 
  X   X   
  X X X X 
----------

Black 3,4
----------
    O     
O X O O X 
X   X X   
  X   X X 
  X X X X 
----------

White 0,1
----------
  O O     
O X O O X 
X   X X   
  X   X X 
  X X X X 
----------

Game end.
The winner is X
ta time: 7.15
student time: 6.67
Black(You) win!
=====Round 3=====
Black:TA White:You
Thu Oct 29 15:37:23 PDT 2020
Clean up...
Start Playing...
Black 1,2
----------
          
    X     
          
          
          
----------

White 2,1
----------
          
    X     
  O       
          
          
----------

Black 2,2
----------
          
    X     
  O X     
          
          
----------

White 3,1
----------
          
    X     
  O X     
  O       
          
----------

Black 0,0
----------
X         
    X     
  O X     
  O       
          
----------

White 1,1
----------
X         
  O X     
  O X     
  O       
          
----------

Black 0,1
----------
X X       
  O X     
  O X     
  O       
          
----------

White 1,0
----------
X X       
O O X     
  O X     
  O       
          
----------

Black 3,2
----------
X X       
O O X     
  O X     
  O X     
          
----------

White 0,2
----------
    O     
O O X     
  O X     
  O X     
          
----------

Black 2,3
----------
    O     
O O X     
  O X X   
  O X     
          
----------

White 0,3
----------
    O O   
O O X     
  O X X   
  O X     
          
----------

Black 3,3
----------
    O O   
O O X     
  O X X   
  O X X   
          
----------

White 4,1
----------
    O O   
O O X     
  O X X   
  O X X   
  O       
----------

Black 1,3
----------
    O O   
O O X X   
  O X X   
  O X X   
  O       
----------

White 0,4
----------
    O O O 
O O X X   
  O X X   
  O X X   
  O       
----------

Black 4,2
----------
    O O O 
O O X X   
  O X X   
  O X X   
  O X     
----------

White 1,4
----------
    O O O 
O O X X O 
  O X X   
  O X X   
  O X     
----------

Black 2,0
----------
    O O O 
O O X X O 
X O X X   
  O X X   
  O X     
----------

White 3,0
----------
    O O O 
O O X X O 
  O X X   
O O X X   
  O X     
----------

Black 2,4
----------
    O O O 
O O X X O 
  O X X X 
O O X X   
  O X     
----------

White 3,4
----------
    O O O 
O O X X O 
  O X X X 
O O X X O 
  O X     
----------

Black 0,1
----------
  X       
O O X X   
  O X X X 
O O X X O 
  O X     
----------

White 0,0
----------
O X       
O O X X   
  O X X X 
O O X X O 
  O X     
----------

Game end.
The winner is O
ta time: 11.03
student time: 10.2
White(You) win!
=====Round 4=====
Black:You White:TA
Thu Oct 29 15:37:34 PDT 2020
Clean up...
Start Playing...
Black 2,2
----------
          
          
    X     
          
          
----------

White 2,1
----------
          
          
  O X     
          
          
----------

Black 1,1
----------
          
  X       
  O X     
          
          
----------

White 3,4
----------
          
  X       
  O X     
        O 
          
----------

Black 2,3
----------
          
  X       
  O X X   
        O 
          
----------

White 3,2
----------
          
  X       
  O X X   
    O   O 
          
----------

Black 3,1
----------
          
  X       
  O X X   
  X O   O 
          
----------

White 1,2
----------
          
  X O     
  O X X   
  X O   O 
          
----------

Black 2,0
----------
          
  X O     
X   X X   
  X O   O 
          
----------

White 2,4
----------
          
  X O     
X   X X O 
  X O   O 
          
----------

Black 1,3
----------
          
  X O X   
X   X X O 
  X O   O 
          
----------

White 4,2
----------
          
  X O X   
X   X X O 
  X O   O 
    O     
----------

Black 0,2
----------
    X     
  X   X   
X   X X O 
  X O   O 
    O     
----------

White 3,3
----------
    X     
  X   X   
X   X X O 
  X O O O 
    O     
----------

Black 0,1
----------
  X X     
  X   X   
X   X X O 
  X O O O 
    O     
----------

White 0,3
----------
  X X O   
  X   X   
X   X X O 
  X O O O 
    O     
----------

Black 1,2
----------
  X X O   
  X X X   
X   X X O 
  X O O O 
    O     
----------

White 3,0
----------
  X X O   
  X X X   
X   X X O 
O X O O O 
    O     
----------

Black 1,4
----------
  X X O   
  X X X X 
X   X X O 
O X O O O 
    O     
----------

White 1,0
----------
  X X O   
O X X X X 
X   X X O 
O X O O O 
    O     
----------

Black 0,0
----------
X X X O   
  X X X X 
X   X X O 
O X O O O 
    O     
----------

White 4,3
----------
X X X O   
  X X X X 
X   X X O 
O X O O O 
    O O   
----------

Black 4,1
----------
X X X O   
  X X X X 
X   X X O 
O X O O O 
  X O O   
----------

White PASS
----------
X X X O   
  X X X X 
X   X X O 
O X O O O 
  X O O   
----------

Game end.
The winner is X
ta time: 14.58
student time: 13.27
Black(You) win!
=====Round 5=====
Black:TA White:You
Thu Oct 29 15:37:43 PDT 2020
Clean up...
Start Playing...
Black 1,2
----------
          
    X     
          
          
          
----------

White 2,1
----------
          
    X     
  O       
          
          
----------

Black 2,2
----------
          
    X     
  O X     
          
          
----------

White 3,1
----------
          
    X     
  O X     
  O       
          
----------

Black 0,0
----------
X         
    X     
  O X     
  O       
          
----------

White 1,1
----------
X         
  O X     
  O X     
  O       
          
----------

Black 0,1
----------
X X       
  O X     
  O X     
  O       
          
----------

White 1,0
----------
X X       
O O X     
  O X     
  O       
          
----------

Black 2,3
----------
X X       
O O X     
  O X X   
  O       
          
----------

White 0,2
----------
    O     
O O X     
  O X X   
  O       
          
----------

Black 3,2
----------
    O     
O O X     
  O X X   
  O X     
          
----------

White 0,3
----------
    O O   
O O X     
  O X X   
  O X     
          
----------

Black 2,4
----------
    O O   
O O X     
  O X X X 
  O X     
          
----------

White 4,1
----------
    O O   
O O X     
  O X X X 
  O X     
  O       
----------

Black 1,3
----------
    O O   
O O X X   
  O X X X 
  O X     
  O       
----------

White 0,4
----------
    O O O 
O O X X   
  O X X X 
  O X     
  O       
----------

Black 4,2
----------
    O O O 
O O X X   
  O X X X 
  O X     
  O X     
----------

White 0,0
----------
O   O O O 
O O X X   
  O X X X 
  O X     
  O X     
----------

Black 2,0
----------
O   O O O 
O O X X   
X O X X X 
  O X     
  O X     
----------

White 3,0
----------
O   O O O 
O O X X   
  O X X X 
O O X     
  O X     
----------

Black 3,3
----------
O   O O O 
O O X X   
  O X X X 
O O X X   
  O X     
----------

White 0,1
----------
O O O O O 
O O X X   
  O X X X 
O O X X   
  O X     
----------

Black 3,4
----------
O O O O O 
O O X X   
  O X X X 
O O X X X 
  O X     
----------

White 1,4
----------
O O O O O 
O O X X O 
  O X X X 
O O X X X 
  O X     
----------

Game end.
The winner is O
ta time: 18.43
student time: 16.62
White(You) win!
=====Round 6=====
Black:You White:TA
Thu Oct 29 15:37:54 PDT 2020
Clean up...
Start Playing...
Black 2,2
----------
          
          
    X     
          
          
----------

White 2,1
----------
          
          
  O X     
          
          
----------

Black 1,1
----------
          
  X       
  O X     
          
          
----------

White 3,4
----------
          
  X       
  O X     
        O 
          
----------

Black 2,3
----------
          
  X       
  O X X   
        O 
          
----------

White 3,2
----------
          
  X       
  O X X   
    O   O 
          
----------

Black 3,1
----------
          
  X       
  O X X   
  X O   O 
          
----------

White 1,2
----------
          
  X O     
  O X X   
  X O   O 
          
----------

Black 2,0
----------
          
  X O     
X   X X   
  X O   O 
          
----------

White 0,2
----------
    O     
  X O     
X   X X   
  X O   O 
          
----------

Black 3,3
----------
    O     
  X O     
X   X X   
  X O X O 
          
----------

White 1,3
----------
    O     
  X O O   
X   X X   
  X O X O 
          
----------

Black 4,2
----------
    O     
  X O O   
X   X X   
  X   X O 
    X     
----------

White 2,4
----------
    O     
  X O O   
X   X X O 
  X   X O 
    X     
----------

Black 0,1
----------
  X O     
  X O O   
X   X X O 
  X   X O 
    X     
----------

White 1,0
----------
  X O     
O X O O   
X   X X O 
  X   X O 
    X     
----------

Black 2,1
----------
  X O     
O X O O   
X X X X O 
  X   X O 
    X     
----------

White 4,1
----------
  X O     
O X O O   
X X X X O 
  X   X O 
  O X     
----------

Black 0,0
----------
X X O     
  X O O   
X X X X O 
  X   X O 
  O X     
----------

White 1,4
----------
X X O     
  X O O O 
X X X X O 
  X   X O 
  O X     
----------

Black 3,0
----------
X X O     
  X O O O 
X X X X O 
X X   X O 
  O X     
----------

White 0,3
----------
X X O O   
  X O O O 
X X X X O 
X X   X O 
  O X     
----------

Black 4,0
----------
X X O O   
  X O O O 
X X X X O 
X X   X O 
X   X     
----------

White 4,3
----------
X X O O   
  X O O O 
X X X X O 
X X   X O 
X   X O   
----------

Game end.
The winner is X
ta time: 21.99
student time: 19.71
Black(You) win!
=====Round 7=====
Black:TA White:You
Thu Oct 29 15:38:04 PDT 2020
Clean up...
Start Playing...
Black 1,2
----------
          
    X     
          
          
          
----------

White 2,1
----------
          
    X     
  O       
          
          
----------

Black 2,2
----------
          
    X     
  O X     
          
          
----------

White 3,1
----------
          
    X     
  O X     
  O       
          
----------

Black 0,0
----------
X         
    X     
  O X     
  O       
          
----------

White 1,1
----------
X         
  O X     
  O X     
  O       
          
----------

Black 0,1
----------
X X       
  O X     
  O X     
  O       
          
----------

White 1,0
----------
X X       
O O X     
  O X     
  O       
          
----------

Black 3,2
----------
X X       
O O X     
  O X     
  O X     
          
----------

White 0,2
----------
    O     
O O X     
  O X     
  O X     
          
----------

Black 2,3
----------
    O     
O O X     
  O X X   
  O X     
          
----------

White 0,3
----------
    O O   
O O X     
  O X X   
  O X     
          
----------

Black 1,3
----------
    O O   
O O X X   
  O X X   
  O X     
          
----------

White 4,1
----------
    O O   
O O X X   
  O X X   
  O X     
  O       
----------

Black 2,0
----------
    O O   
O O X X   
X O X X   
  O X     
  O       
----------

White 3,0
----------
    O O   
O O X X   
  O X X   
O O X     
  O       
----------

Black 2,4
----------
    O O   
O O X X   
  O X X X 
O O X     
  O       
----------

White 0,4
----------
    O O O 
O O X X   
  O X X X 
O O X     
  O       
----------

Black 3,3
----------
    O O O 
O O X X   
  O X X X 
O O X X   
  O       
----------

White 4,2
----------
    O O O 
O O X X   
  O X X X 
O O X X   
  O O     
----------

Black 0,1
----------
  X O O O 
O O X X   
  O X X X 
O O X X   
  O O     
----------

White 0,0
----------
O   O O O 
O O X X   
  O X X X 
O O X X   
  O O     
----------

Black 3,4
----------
O   O O O 
O O X X   
  O X X X 
O O X X X 
  O O     
----------

White 4,3
----------
O   O O O 
O O X X   
  O X X X 
O O X X X 
  O O O   
----------

Game end.
The winner is O
ta time: 25.79
student time: 23.01
White(You) win!
=====Round 8=====
Black:You White:TA
Thu Oct 29 15:38:17 PDT 2020
Clean up...
Start Playing...
Black 2,2
----------
          
          
    X     
          
          
----------

White 2,1
----------
          
          
  O X     
          
          
----------

Black 1,1
----------
          
  X       
  O X     
          
          
----------

White 3,4
----------
          
  X       
  O X     
        O 
          
----------

Black 2,3
----------
          
  X       
  O X X   
        O 
          
----------

White 1,2
----------
          
  X O     
  O X X   
        O 
          
----------

Black 1,3
----------
          
  X O X   
  O X X   
        O 
          
----------

White 3,2
----------
          
  X O X   
  O X X   
    O   O 
          
----------

Black 0,2
----------
    X     
  X   X   
  O X X   
    O   O 
          
----------

White 2,4
----------
    X     
  X   X   
  O X X O 
    O   O 
          
----------

Black 3,1
----------
    X     
  X   X   
  O X X O 
  X O   O 
          
----------

White 3,3
----------
    X     
  X   X   
  O X X O 
  X O O O 
          
----------

Black 2,0
----------
    X     
  X   X   
X   X X O 
  X O O O 
          
----------

White 4,2
----------
    X     
  X   X   
X   X X O 
  X O O O 
    O     
----------

Black 0,1
----------
  X X     
  X   X   
X   X X O 
  X O O O 
    O     
----------

White 1,4
----------
  X X     
  X   X O 
X   X X O 
  X O O O 
    O     
----------

Black 0,3
----------
  X X X   
  X   X O 
X   X X O 
  X O O O 
    O     
----------

White 3,0
----------
  X X X   
  X   X O 
X   X X O 
O X O O O 
    O     
----------

Black 1,2
----------
  X X X   
  X X X O 
X   X X O 
O X O O O 
    O     
----------

White 4,1
----------
  X X X   
  X X X O 
X   X X O 
O X O O O 
  O O     
----------

Black 2,1
----------
  X X X   
  X X X O 
X X X X O 
O X O O O 
  O O     
----------

White 4,3
----------
  X X X   
  X X X O 
X X X X O 
O X O O O 
  O O O   
----------

Black 0,0
----------
X X X X   
  X X X O 
X X X X O 
O X O O O 
  O O O   
----------

White 0,4
----------
X X X X O 
  X X X O 
X X X X O 
O X O O O 
  O O O   
----------

Game end.
The winner is O
ta time: 29.37
student time: 26.28
Black(You) lose.
=====Round 9=====
Black:TA White:You
Thu Oct 29 15:38:29 PDT 2020
Clean up...
Start Playing...
Black 1,2
----------
          
    X     
          
          
          
----------

White 2,1
----------
          
    X     
  O       
          
          
----------

Black 2,2
----------
          
    X     
  O X     
          
          
----------

White 3,1
----------
          
    X     
  O X     
  O       
          
----------

Black 0,0
----------
X         
    X     
  O X     
  O       
          
----------

White 1,1
----------
X         
  O X     
  O X     
  O       
          
----------

Black 0,1
----------
X X       
  O X     
  O X     
  O       
          
----------

White 1,0
----------
X X       
O O X     
  O X     
  O       
          
----------

Black 2,3
----------
X X       
O O X     
  O X X   
  O       
          
----------

White 0,2
----------
    O     
O O X     
  O X X   
  O       
          
----------

Black 3,2
----------
    O     
O O X     
  O X X   
  O X     
          
----------

White 0,3
----------
    O O   
O O X     
  O X X   
  O X     
          
----------

Black 4,2
----------
    O O   
O O X     
  O X X   
  O X     
    X     
----------

White 1,3
----------
    O O   
O O X O   
  O X X   
  O X     
    X     
----------

Black 3,3
----------
    O O   
O O X O   
  O X X   
  O X X   
    X     
----------

White 1,4
----------
    O O   
O O X O O 
  O X X   
  O X X   
    X     
----------

Black 2,4
----------
    O O   
O O X O O 
  O X X X 
  O X X   
    X     
----------

White 3,0
----------
    O O   
O O X O O 
  O X X X 
O O X X   
    X     
----------

Black 4,1
----------
    O O   
O O X O O 
  O X X X 
O O X X   
  X X     
----------

White 0,0
----------
O   O O   
O O X O O 
  O X X X 
O O X X   
  X X     
----------

Black 3,4
----------
O   O O   
O O X O O 
  O X X X 
O O X X X 
  X X     
----------

White 0,1
----------
O O O O   
O O X O O 
  O X X X 
O O X X X 
  X X     
----------

Black 4,3
----------
O O O O   
O O X O O 
  O X X X 
O O X X X 
  X X X   
----------

White 4,0
----------
O O O O   
O O X O O 
  O X X X 
O O X X X 
O X X X   
----------

Game end.
The winner is O
ta time: 33.36
student time: 29.81
White(You) win!
=====Round 10=====
Black:You White:TA
Thu Oct 29 15:38:41 PDT 2020
Clean up...
Start Playing...
Black 2,2
----------
          
          
    X     
          
          
----------

White 2,1
----------
          
          
  O X     
          
          
----------

Black 1,1
----------
          
  X       
  O X     
          
          
----------

White 3,4
----------
          
  X       
  O X     
        O 
          
----------

Black 2,3
----------
          
  X       
  O X X   
        O 
          
----------

White 1,2
----------
          
  X O     
  O X X   
        O 
          
----------

Black 1,3
----------
          
  X O X   
  O X X   
        O 
          
----------

White 3,2
----------
          
  X O X   
  O X X   
    O   O 
          
----------

Black 0,2
----------
    X     
  X   X   
  O X X   
    O   O 
          
----------

White 4,2
----------
    X     
  X   X   
  O X X   
    O   O 
    O     
----------

Black 3,1
----------
    X     
  X   X   
  O X X   
  X O   O 
    O     
----------

White 2,4
----------
    X     
  X   X   
  O X X O 
  X O   O 
    O     
----------

Black 2,0
----------
    X     
  X   X   
X   X X O 
  X O   O 
    O     
----------

White 3,3
----------
    X     
  X   X   
X   X X O 
  X O O O 
    O     
----------

Black 0,1
----------
  X X     
  X   X   
X   X X O 
  X O O O 
    O     
----------

White 0,3
----------
  X X O   
  X   X   
X   X X O 
  X O O O 
    O     
----------

Black 1,2
----------
  X X O   
  X X X   
X   X X O 
  X O O O 
    O     
----------

White 1,0
----------
  X X O   
O X X X   
X   X X O 
  X O O O 
    O     
----------

Black 0,0
----------
X X X O   
  X X X   
X   X X O 
  X O O O 
    O     
----------

White 4,1
----------
X X X O   
  X X X   
X   X X O 
  X O O O 
  O O     
----------

Black 1,4
----------
X X X O   
  X X X X 
X   X X O 
  X O O O 
  O O     
----------

White 3,0
----------
X X X O   
  X X X X 
X   X X O 
O X O O O 
  O O     
----------

Black 0,4
----------
X X X   X 
  X X X X 
X   X X O 
O X O O O 
  O O     
----------

White 2,1
----------
X X X   X 
  X X X X 
X O X X O 
O   O O O 
  O O     
----------

Game end.
The winner is X
ta time: 36.94
student time: 33.2
Black(You) win!

==Playing with championship_player==
=====Round 1=====
Black:TA White:You
Thu Oct 29 15:38:53 PDT 2020
Clean up...
Start Playing...
Black 2,2
----------
          
          
    X     
          
          
----------

White 1,3
----------
          
      O   
    X     
          
          
----------

Black 2,3
----------
          
      O   
    X X   
          
          
----------

White 0,0
----------
O         
      O   
    X X   
          
          
----------

Black 1,2
----------
O         
    X O   
    X X   
          
          
----------

White 0,1
----------
O O       
    X O   
    X X   
          
          
----------

Black 0,2
----------
O O X     
    X O   
    X X   
          
          
----------

White 1,1
----------
O O X     
  O X O   
    X X   
          
          
----------

Black 2,1
----------
O O X     
  O X O   
  X X X   
          
          
----------

White 1,4
----------
O O X     
  O X O O 
  X X X   
          
          
----------

Black 1,0
----------
    X     
X   X O O 
  X X X   
          
          
----------

White 2,4
----------
    X     
X   X O O 
  X X X O 
          
          
----------

Black 3,3
----------
    X     
X   X O O 
  X X X O 
      X   
          
----------

White 3,4
----------
    X     
X   X O O 
  X X X O 
      X O 
          
----------

Black 3,1
----------
    X     
X   X O O 
  X X X O 
  X   X O 
          
----------

White 4,4
----------
    X     
X   X O O 
  X X X O 
  X   X O 
        O 
----------

Black 4,1
----------
    X     
X   X O O 
  X X X O 
  X   X O 
  X     O 
----------

White 4,3
----------
    X     
X   X O O 
  X X X O 
  X   X O 
  X   O O 
----------

Black 4,2
----------
    X     
X   X O O 
  X X X O 
  X   X O 
  X X O O 
----------

White 0,1
----------
  O X     
X   X O O 
  X X X O 
  X   X O 
  X X O O 
----------

Black 1,1
----------
  O X     
X X X O O 
  X X X O 
  X   X O 
  X X O O 
----------

White 3,0
----------
  O X     
X X X O O 
  X X X O 
O X   X O 
  X X O O 
----------

Black 0,3
----------
  O X X   
X X X O O 
  X X X O 
O X   X O 
  X X O O 
----------

White PASS
----------
  O X X   
X X X O O 
  X X X O 
O X   X O 
  X X O O 
----------

Game end.
The winner is X
ta time: 68.03
student time: 35.99
White(You) lose.
=====Round 2=====
Black:You White:TA
Thu Oct 29 15:39:21 PDT 2020
Clean up...
Start Playing...
Black 2,2
----------
          
          
    X     
          
          
----------

White 1,2
----------
          
    O     
    X     
          
          
----------

Black 1,1
----------
          
  X O     
    X     
          
          
----------

White 1,3
----------
          
  X O O   
    X     
          
          
----------

Black 2,3
----------
          
  X O O   
    X X   
          
          
----------

White 2,1
----------
          
  X O O   
  O X X   
          
          
----------

Black 3,1
----------
          
  X O O   
  O X X   
  X       
          
----------

White 2,0
----------
          
  X O O   
O O X X   
  X       
          
----------

Black 1,0
----------
          
X X O O   
O O X X   
  X       
          
----------

White 2,4
----------
          
X X O O   
O O X X O 
  X       
          
----------

Black 3,0
----------
          
X X O O   
    X X O 
X X       
          
----------

White 3,3
----------
          
X X O O   
    X X O 
X X   O   
          
----------

Black 3,2
----------
          
X X O O   
    X X O 
X X X O   
          
----------

White 4,2
----------
          
X X O O   
    X X O 
X X X O   
    O     
----------

Black 4,1
----------
          
X X O O   
    X X O 
X X X O   
  X O     
----------

White 4,3
----------
          
X X O O   
    X X O 
X X X O   
  X O O   
----------

Black 0,1
----------
  X       
X X O O   
    X X O 
X X X O   
  X O O   
----------

White 1,4
----------
  X       
X X O O O 
    X X O 
X X X O   
  X O O   
----------

Black 0,2
----------
  X X     
X X O O O 
    X X O 
X X X O   
  X O O   
----------

White 0,3
----------
  X X O   
X X O O O 
    X X O 
X X X O   
  X O O   
----------

Black 2,1
----------
  X X O   
X X O O O 
  X X X O 
X X X O   
  X O O   
----------

White 3,4
----------
  X X O   
X X O O O 
  X X X O 
X X X O O 
  X O O   
----------

Black 0,0
----------
X X X O   
X X O O O 
  X X X O 
X X X O O 
  X O O   
----------

White 4,4
----------
X X X O   
X X O O O 
  X X X O 
X X X O O 
  X O O O 
----------

Game end.
The winner is O
ta time: 91.91
student time: 39.13
Black(You) lose.
=====Round 3=====
Black:TA White:You
Thu Oct 29 15:39:44 PDT 2020
Clean up...
Start Playing...
Black 2,2
----------
          
          
    X     
          
          
----------

White 1,3
----------
          
      O   
    X     
          
          
----------

Black 1,2
----------
          
    X O   
    X     
          
          
----------

White 0,0
----------
O         
    X O   
    X     
          
          
----------

Black 2,3
----------
O         
    X O   
    X X   
          
          
----------

White 0,1
----------
O O       
    X O   
    X X   
          
          
----------

Black 1,4
----------
O O       
    X O X 
    X X   
          
          
----------

White 1,1
----------
O O       
  O X O X 
    X X   
          
          
----------

Black 0,3
----------
O O   X   
  O X   X 
    X X   
          
          
----------

White 2,1
----------
O O   X   
  O X   X 
  O X X   
          
          
----------

Black 3,1
----------
O O   X   
  O X   X 
  O X X   
  X       
          
----------

White 2,0
----------
O O   X   
  O X   X 
O O X X   
  X       
          
----------

Black 3,0
----------
O O   X   
  O X   X 
O O X X   
X X       
          
----------

White 3,3
----------
O O   X   
  O X   X 
O O X X   
X X   O   
          
----------

Black 4,2
----------
O O   X   
  O X   X 
O O X X   
X X   O   
    X     
----------

White 3,4
----------
O O   X   
  O X   X 
O O X X   
X X   O O 
    X     
----------

Black 4,3
----------
O O   X   
  O X   X 
O O X X   
X X   O O 
    X X   
----------

White 3,2
----------
O O   X   
  O X   X 
O O X X   
X X O O O 
    X X   
----------

Black 4,1
----------
O O   X   
  O X   X 
O O X X   
X X O O O 
  X X X   
----------

White 4,4
----------
O O   X   
  O X   X 
O O X X   
X X O O O 
  X X X O 
----------

Black 2,4
----------
O O   X   
  O X   X 
O O X X X 
X X       
  X X X   
----------

White PASS
----------
O O   X   
  O X   X 
O O X X X 
X X       
  X X X   
----------

Black 3,4
----------
O O   X   
  O X   X 
O O X X X 
X X     X 
  X X X   
----------

White PASS
----------
O O   X   
  O X   X 
O O X X X 
X X     X 
  X X X   
----------

Game end.
The winner is X
ta time: 122.39
student time: 42.26
White(You) lose.
=====Round 4=====
Black:You White:TA
Thu Oct 29 15:40:09 PDT 2020
Clean up...
Start Playing...
Black 2,2
----------
          
          
    X     
          
          
----------

White 2,3
----------
          
          
    X O   
          
          
----------

Black 1,1
----------
          
  X       
    X O   
          
          
----------

White 3,2
----------
          
  X       
    X O   
    O     
          
----------

Black 1,2
----------
          
  X X     
    X O   
    O     
          
----------

White 3,3
----------
          
  X X     
    X O   
    O O   
          
----------

Black 1,3
----------
          
  X X X   
    X O   
    O O   
          
----------

White 3,1
----------
          
  X X X   
    X O   
  O O O   
          
----------

Black 2,1
----------
          
  X X X   
  X X O   
  O O O   
          
----------

White 1,4
----------
          
  X X X O 
  X X O   
  O O O   
          
----------

Black 0,1
----------
  X       
  X X X O 
  X X O   
  O O O   
          
----------

White 3,0
----------
  X       
  X X X O 
  X X O   
O O O O   
          
----------

Black 0,3
----------
  X   X   
  X X X O 
  X X O   
O O O O   
          
----------

White 2,4
----------
  X   X   
  X X X O 
  X X O O 
O O O O   
          
----------

Black 0,0
----------
X X   X   
  X X X O 
  X X O O 
O O O O   
          
----------

White 2,0
----------
X X   X   
  X X X O 
O X X O O 
O O O O   
          
----------

Black 0,2
----------
X X X X   
  X X X O 
O X X O O 
O O O O   
          
----------

White 3,4
----------
X X X X   
  X X X O 
O X X O O 
O O O O O 
          
----------

Black 4,1
----------
X X X X   
  X X X O 
O X X O O 
O O O O O 
  X       
----------

White 1,0
----------
X X X X   
O X X X O 
O X X O O 
O O O O O 
  X       
----------

Black 4,2
----------
X X X X   
O X X X O 
O X X O O 
O O O O O 
  X X     
----------

White 0,4
----------
        O 
O       O 
O     O O 
O O O O O 
  X X     
----------

Black PASS
----------
        O 
O       O 
O     O O 
O O O O O 
  X X     
----------

White 1,3
----------
        O 
O     O O 
O     O O 
O O O O O 
  X X     
----------

Game end.
The winner is O
ta time: 164.19
student time: 45.7
Black(You) lose.
=====Round 5=====
Black:TA White:You
Thu Oct 29 15:40:40 PDT 2020
Clean up...
Start Playing...
Black 2,2
----------
          
          
    X     
          
          
----------

White 1,3
----------
          
      O   
    X     
          
          
----------

Black 1,2
----------
          
    X O   
    X     
          
          
----------

White 0,0
----------
O         
    X O   
    X     
          
          
----------

Black 2,3
----------
O         
    X O   
    X X   
          
          
----------

White 0,1
----------
O O       
    X O   
    X X   
          
          
----------

Black 0,2
----------
O O X     
    X O   
    X X   
          
          
----------

White 1,1
----------
O O X     
  O X O   
    X X   
          
          
----------

Black 2,1
----------
O O X     
  O X O   
  X X X   
          
          
----------

White 1,4
----------
O O X     
  O X O O 
  X X X   
          
          
----------

Black 1,0
----------
    X     
X   X O O 
  X X X   
          
          
----------

White 2,4
----------
    X     
X   X O O 
  X X X O 
          
          
----------

Black 3,3
----------
    X     
X   X O O 
  X X X O 
      X   
          
----------

White 3,4
----------
    X     
X   X O O 
  X X X O 
      X O 
          
----------

Black 4,1
----------
    X     
X   X O O 
  X X X O 
      X O 
  X       
----------

White 4,4
----------
    X     
X   X O O 
  X X X O 
      X O 
  X     O 
----------

Black 3,1
----------
    X     
X   X O O 
  X X X O 
  X   X O 
  X     O 
----------

White 4,3
----------
    X     
X   X O O 
  X X X O 
  X   X O 
  X   O O 
----------

Black 4,2
----------
    X     
X   X O O 
  X X X O 
  X   X O 
  X X O O 
----------

White 0,1
----------
  O X     
X   X O O 
  X X X O 
  X   X O 
  X X O O 
----------

Black 0,0
----------
X O X     
X   X O O 
  X X X O 
  X   X O 
  X X O O 
----------

White 3,0
----------
X O X     
X   X O O 
  X X X O 
O X   X O 
  X X O O 
----------

Black 1,1
----------
X   X     
X X X O O 
  X X X O 
O X   X O 
  X X O O 
----------

White PASS
----------
X   X     
X X X O O 
  X X X O 
O X   X O 
  X X O O 
----------

Game end.
The winner is X
ta time: 192.61
student time: 48.43
White(You) lose.
=====Round 6=====
Black:You White:TA
Thu Oct 29 15:41:07 PDT 2020
Clean up...
Start Playing...
Black 2,2
----------
          
          
    X     
          
          
----------

White 2,3
----------
          
          
    X O   
          
          
----------

Black 1,1
----------
          
  X       
    X O   
          
          
----------

White 3,2
----------
          
  X       
    X O   
    O     
          
----------

Black 1,2
----------
          
  X X     
    X O   
    O     
          
----------

White 3,3
----------
          
  X X     
    X O   
    O O   
          
----------

Black 1,3
----------
          
  X X X   
    X O   
    O O   
          
----------

White 3,1
----------
          
  X X X   
    X O   
  O O O   
          
----------

Black 2,1
----------
          
  X X X   
  X X O   
  O O O   
          
----------

White 1,4
----------
          
  X X X O 
  X X O   
  O O O   
          
----------

Black 0,1
----------
  X       
  X X X O 
  X X O   
  O O O   
          
----------

White 2,4
----------
  X       
  X X X O 
  X X O O 
  O O O   
          
----------

Black 0,3
----------
  X   X   
  X X X O 
  X X O O 
  O O O   
          
----------

White 3,0
----------
  X   X   
  X X X O 
  X X O O 
O O O O   
          
----------

Black 0,0
----------
X X   X   
  X X X O 
  X X O O 
O O O O   
          
----------

White 2,0
----------
X X   X   
  X X X O 
O X X O O 
O O O O   
          
----------

Black 0,2
----------
X X X X   
  X X X O 
O X X O O 
O O O O   
          
----------

White 4,3
----------
X X X X   
  X X X O 
O X X O O 
O O O O   
      O   
----------

Black 4,1
----------
X X X X   
  X X X O 
O X X O O 
O O O O   
  X   O   
----------

White 0,4
----------
X X X X O 
  X X X O 
O X X O O 
O O O O   
  X   O   
----------

Black PASS
----------
X X X X O 
  X X X O 
O X X O O 
O O O O   
  X   O   
----------

White 4,2
----------
X X X X O 
  X X X O 
O X X O O 
O O O O   
  X O O   
----------

Black PASS
----------
X X X X O 
  X X X O 
O X X O O 
O O O O   
  X O O   
----------

White 1,0
----------
        O 
O       O 
O     O O 
O O O O   
  X O O   
----------

Game end.
The winner is O
ta time: 231.53
student time: 51.82
Black(You) lose.
=====Round 7=====
Black:TA White:You
Thu Oct 29 15:41:39 PDT 2020
Clean up...
Start Playing...
Black 2,2
----------
          
          
    X     
          
          
----------

White 1,3
----------
          
      O   
    X     
          
          
----------

Black 1,2
----------
          
    X O   
    X     
          
          
----------

White 0,0
----------
O         
    X O   
    X     
          
          
----------

Black 2,3
----------
O         
    X O   
    X X   
          
          
----------

White 0,1
----------
O O       
    X O   
    X X   
          
          
----------

Black 0,2
----------
O O X     
    X O   
    X X   
          
          
----------

White 1,1
----------
O O X     
  O X O   
    X X   
          
          
----------

Black 2,1
----------
O O X     
  O X O   
  X X X   
          
          
----------

White 1,4
----------
O O X     
  O X O O 
  X X X   
          
          
----------

Black 1,0
----------
    X     
X   X O O 
  X X X   
          
          
----------

White 2,4
----------
    X     
X   X O O 
  X X X O 
          
          
----------

Black 3,3
----------
    X     
X   X O O 
  X X X O 
      X   
          
----------

White 3,4
----------
    X     
X   X O O 
  X X X O 
      X O 
          
----------

Black 3,1
----------
    X     
X   X O O 
  X X X O 
  X   X O 
          
----------

White 4,4
----------
    X     
X   X O O 
  X X X O 
  X   X O 
        O 
----------

Black 4,1
----------
    X     
X   X O O 
  X X X O 
  X   X O 
  X     O 
----------

White 4,3
----------
    X     
X   X O O 
  X X X O 
  X   X O 
  X   O O 
----------

Black 0,3
----------
    X X   
X   X O O 
  X X X O 
  X   X O 
  X   O O 
----------

White 4,2
----------
    X X   
X   X O O 
  X X X O 
  X   X O 
  X O O O 
----------

Black 1,1
----------
    X X   
X X X O O 
  X X X O 
  X   X O 
  X O O O 
----------

White 3,0
----------
    X X   
X X X O O 
  X X X O 
O X   X O 
  X O O O 
----------

Black 3,2
----------
    X X   
X X X O O 
  X X X O 
O X X X O 
  X O O O 
----------

White PASS
----------
    X X   
X X X O O 
  X X X O 
O X X X O 
  X O O O 
----------

Game end.
The winner is X
ta time: 263.67
student time: 54.76
White(You) lose.
=====Round 8=====
Black:You White:TA
Thu Oct 29 15:42:08 PDT 2020
Clean up...
Start Playing...
Black 2,2
----------
          
          
    X     
          
          
----------

White 1,1
----------
          
  O       
    X     
          
          
----------

Black 1,2
----------
          
  O X     
    X     
          
          
----------

White 2,1
----------
          
  O X     
  O X     
          
          
----------

Black 3,1
----------
          
  O X     
  O X     
  X       
          
----------

White 3,2
----------
          
  O X     
  O X     
  X O     
          
----------

Black 3,3
----------
          
  O X     
  O X     
  X O X   
          
----------

White 4,2
----------
          
  O X     
  O X     
  X O X   
    O     
----------

Black 4,1
----------
          
  O X     
  O X     
  X O X   
  X O     
----------

White 0,2
----------
    O     
  O X     
  O X     
  X O X   
  X O     
----------

Black 4,3
----------
    O     
  O X     
  O X     
  X   X   
  X   X   
----------

White 1,3
----------
    O     
  O X O   
  O X     
  X   X   
  X   X   
----------

Black 2,3
----------
    O     
  O X O   
  O X X   
  X   X   
  X   X   
----------

White 2,4
----------
    O     
  O X O   
  O X X O 
  X   X   
  X   X   
----------

Black 3,4
----------
    O     
  O X O   
  O X X O 
  X   X X 
  X   X   
----------

White 1,4
----------
    O     
  O X O O 
  O X X O 
  X   X X 
  X   X   
----------

Black 3,0
----------
    O     
  O X O O 
  O X X O 
X X   X X 
  X   X   
----------

White 0,1
----------
  O O     
  O X O O 
  O X X O 
X X   X X 
  X   X   
----------

Black 2,0
----------
  O O     
  O X O O 
X O X X O 
X X   X X 
  X   X   
----------

White 1,0
----------
  O O     
O O X O O 
X O X X O 
X X   X X 
  X   X   
----------

Black 3,2
----------
  O O     
O O X O O 
X O X X O 
X X X X X 
  X   X   
----------

White 0,3
----------
  O O O   
O O X O O 
X O X X O 
X X X X X 
  X   X   
----------

Black 4,0
----------
  O O O   
O O X O O 
X O X X O 
X X X X X 
X X   X   
----------

White 0,0
----------
O O O O   
O O X O O 
X O X X O 
X X X X X 
X X   X   
----------

Game end.
The winner is O
ta time: 291.02
student time: 57.86
Black(You) lose.
=====Round 9=====
Black:TA White:You
Thu Oct 29 15:42:33 PDT 2020
Clean up...
Start Playing...
Black 2,2
----------
          
          
    X     
          
          
----------

White 1,3
----------
          
      O   
    X     
          
          
----------

Black 1,2
----------
          
    X O   
    X     
          
          
----------

White 0,0
----------
O         
    X O   
    X     
          
          
----------

Black 2,3
----------
O         
    X O   
    X X   
          
          
----------

White 0,1
----------
O O       
    X O   
    X X   
          
          
----------

Black 1,4
----------
O O       
    X O X 
    X X   
          
          
----------

White 1,1
----------
O O       
  O X O X 
    X X   
          
          
----------

Black 0,3
----------
O O   X   
  O X   X 
    X X   
          
          
----------

White 2,1
----------
O O   X   
  O X   X 
  O X X   
          
          
----------

Black 3,1
----------
O O   X   
  O X   X 
  O X X   
  X       
          
----------

White 2,0
----------
O O   X   
  O X   X 
O O X X   
  X       
          
----------

Black 3,0
----------
O O   X   
  O X   X 
O O X X   
X X       
          
----------

White 3,3
----------
O O   X   
  O X   X 
O O X X   
X X   O   
          
----------

Black 4,2
----------
O O   X   
  O X   X 
O O X X   
X X   O   
    X     
----------

White 3,4
----------
O O   X   
  O X   X 
O O X X   
X X   O O 
    X     
----------

Black 4,3
----------
O O   X   
  O X   X 
O O X X   
X X   O O 
    X X   
----------

White 3,2
----------
O O   X   
  O X   X 
O O X X   
X X O O O 
    X X   
----------

Black 4,1
----------
O O   X   
  O X   X 
O O X X   
X X O O O 
  X X X   
----------

White 4,4
----------
O O   X   
  O X   X 
O O X X   
X X O O O 
  X X X O 
----------

Black 2,4
----------
O O   X   
  O X   X 
O O X X X 
X X       
  X X X   
----------

White PASS
----------
O O   X   
  O X   X 
O O X X X 
X X       
  X X X   
----------

Black 4,4
----------
O O   X   
  O X   X 
O O X X X 
X X       
  X X X X 
----------

White PASS
----------
O O   X   
  O X   X 
O O X X X 
X X       
  X X X X 
----------

Game end.
The winner is X
ta time: 321.71
student time: 60.9
White(You) lose.
=====Round 10=====
Black:You White:TA
Thu Oct 29 15:42:58 PDT 2020
Clean up...
Start Playing...
Black 2,2
----------
          
          
    X     
          
          
----------

White 1,2
----------
          
    O     
    X     
          
          
----------

Black 1,1
----------
          
  X O     
    X     
          
          
----------

White 1,3
----------
          
  X O O   
    X     
          
          
----------

Black 2,3
----------
          
  X O O   
    X X   
          
          
----------

White 2,1
----------
          
  X O O   
  O X X   
          
          
----------

Black 3,1
----------
          
  X O O   
  O X X   
  X       
          
----------

White 2,0
----------
          
  X O O   
O O X X   
  X       
          
----------

Black 1,0
----------
          
X X O O   
O O X X   
  X       
          
----------

White 2,4
----------
          
X X O O   
O O X X O 
  X       
          
----------

Black 3,0
----------
          
X X O O   
    X X O 
X X       
          
----------

White 3,3
----------
          
X X O O   
    X X O 
X X   O   
          
----------

Black 3,2
----------
          
X X O O   
    X X O 
X X X O   
          
----------

White 4,2
----------
          
X X O O   
    X X O 
X X X O   
    O     
----------

Black 4,1
----------
          
X X O O   
    X X O 
X X X O   
  X O     
----------

White 4,3
----------
          
X X O O   
    X X O 
X X X O   
  X O O   
----------

Black 0,1
----------
  X       
X X O O   
    X X O 
X X X O   
  X O O   
----------

White 1,4
----------
  X       
X X O O O 
    X X O 
X X X O   
  X O O   
----------

Black 0,2
----------
  X X     
X X O O O 
    X X O 
X X X O   
  X O O   
----------

White 0,3
----------
  X X O   
X X O O O 
    X X O 
X X X O   
  X O O   
----------

Black 2,1
----------
  X X O   
X X O O O 
  X X X O 
X X X O   
  X O O   
----------

White 3,4
----------
  X X O   
X X O O O 
  X X X O 
X X X O O 
  X O O   
----------

Black 0,0
----------
X X X O   
X X O O O 
  X X X O 
X X X O O 
  X O O   
----------

White 4,4
----------
X X X O   
X X O O O 
  X X X O 
X X X O O 
  X O O O 
----------

Game end.
The winner is O
ta time: 344.77
student time: 64.12
Black(You) lose.
