Wed Oct 28 14:46:20 PDT 2020

==Playing with qlearning_player==
=====Round 1=====
Black:TA White:You
Wed Oct 28 14:46:20 PDT 2020
Clean up...
Start Playing...
Black 1,2
----------
          
    X     
          
          
          
----------

White ERROR: Run out of time or Your program interrupted
output.txt not found or invalid format
ta time: 0.35
student time: 0.02
White(You) lose.
=====Round 2=====
Black:You White:TA
Wed Oct 28 14:46:21 PDT 2020
Clean up...
Start Playing...
Black ERROR: Run out of time or Your program interrupted
output.txt not found or invalid format
ta time: 0.35
student time: 0.05
Black(You) lose.
=====Round 3=====
Black:TA White:You
Wed Oct 28 14:46:21 PDT 2020
Clean up...
Start Playing...
Black 1,2
----------
          
    X     
          
          
          
----------

White ERROR: Run out of time or Your program interrupted
output.txt not found or invalid format
ta time: 0.63
student time: 0.08
White(You) lose.
=====Round 4=====
Black:You White:TA
Wed Oct 28 14:46:22 PDT 2020
Clean up...
Start Playing...
Black ERROR: Run out of time or Your program interrupted
output.txt not found or invalid format
ta time: 0.63
student time: 0.12
Black(You) lose.
=====Round 5=====
Black:TA White:You
Wed Oct 28 14:46:22 PDT 2020
Clean up...
Start Playing...
Black 1,2
----------
          
    X     
          
          
          
----------

White ERROR: Run out of time or Your program interrupted
output.txt not found or invalid format
ta time: 0.94
student time: 0.15
White(You) lose.
=====Round 6=====
Black:You White:TA
Wed Oct 28 14:46:23 PDT 2020
Clean up...
Start Playing...
Black ERROR: Run out of time or Your program interrupted
output.txt not found or invalid format
ta time: 0.94
student time: 0.19
Black(You) lose.
=====Round 7=====
Black:TA White:You
Wed Oct 28 14:46:23 PDT 2020
Clean up...
Start Playing...
Black 1,2
----------
          
    X     
          
          
          
----------

White ERROR: Run out of time or Your program interrupted
output.txt not found or invalid format
ta time: 1.33
student time: 0.22
White(You) lose.
=====Round 8=====
Black:You White:TA
Wed Oct 28 14:46:24 PDT 2020
Clean up...
Start Playing...
Black ERROR: Run out of time or Your program interrupted
output.txt not found or invalid format
ta time: 1.33
student time: 0.25
Black(You) lose.
=====Round 9=====
Black:TA White:You
Wed Oct 28 14:46:25 PDT 2020
Clean up...
Start Playing...
Black 1,2
----------
          
    X     
          
          
          
----------

White ERROR: Run out of time or Your program interrupted
output.txt not found or invalid format
ta time: 1.61
student time: 0.27
White(You) lose.
=====Round 10=====
Black:You White:TA
Wed Oct 28 14:46:25 PDT 2020
Clean up...
Start Playing...
Black ERROR: Run out of time or Your program interrupted
output.txt not found or invalid format
ta time: 1.61
student time: 0.31
Black(You) lose.

==Playing with championship_player==
=====Round 1=====
Black:TA White:You
Wed Oct 28 14:46:26 PDT 2020
Clean up...
Start Playing...
Black 2,2
----------
          
          
    X     
          
          
----------

White ERROR: Run out of time or Your program interrupted
output.txt not found or invalid format
ta time: 1.71
student time: 0.33
White(You) lose.
=====Round 2=====
Black:You White:TA
Wed Oct 28 14:46:26 PDT 2020
Clean up...
Start Playing...
Black ERROR: Run out of time or Your program interrupted
output.txt not found or invalid format
ta time: 1.71
student time: 0.37
Black(You) lose.
=====Round 3=====
Black:TA White:You
Wed Oct 28 14:46:26 PDT 2020
Clean up...
Start Playing...
Black 2,2
----------
          
          
    X     
          
          
----------

White ERROR: Run out of time or Your program interrupted
output.txt not found or invalid format
ta time: 1.79
student time: 0.4
White(You) lose.
=====Round 4=====
Black:You White:TA
Wed Oct 28 14:46:27 PDT 2020
Clean up...
Start Playing...
Black ERROR: Run out of time or Your program interrupted
output.txt not found or invalid format
ta time: 1.79
student time: 0.42
Black(You) lose.
=====Round 5=====
Black:TA White:You
Wed Oct 28 14:46:27 PDT 2020
Clean up...
Start Playing...
Black 2,2
----------
          
          
    X     
          
          
----------

White ERROR: Run out of time or Your program interrupted
output.txt not found or invalid format
ta time: 1.89
student time: 0.44
White(You) lose.
=====Round 6=====
Black:You White:TA
Wed Oct 28 14:46:28 PDT 2020
Clean up...
Start Playing...
Black ERROR: Run out of time or Your program interrupted
output.txt not found or invalid format
ta time: 1.89
student time: 0.46
Black(You) lose.
=====Round 7=====
Black:TA White:You
Wed Oct 28 14:46:28 PDT 2020
Clean up...
Start Playing...
Black 2,2
----------
          
          
    X     
          
          
----------

White ERROR: Run out of time or Your program interrupted
output.txt not found or invalid format
ta time: 1.99
student time: 0.49
White(You) lose.
=====Round 8=====
Black:You White:TA
Wed Oct 28 14:46:28 PDT 2020
Clean up...
Start Playing...
Black ERROR: Run out of time or Your program interrupted
output.txt not found or invalid format
ta time: 1.99
student time: 0.52
Black(You) lose.
=====Round 9=====
Black:TA White:You
Wed Oct 28 14:46:29 PDT 2020
Clean up...
Start Playing...
Black 2,2
----------
          
          
    X     
          
          
----------

White ERROR: Run out of time or Your program interrupted
output.txt not found or invalid format
ta time: 2.08
student time: 0.55
White(You) lose.
=====Round 10=====
Black:You White:TA
Wed Oct 28 14:46:29 PDT 2020
Clean up...
Start Playing...
Black ERROR: Run out of time or Your program interrupted
output.txt not found or invalid format
ta time: 2.08
student time: 0.58
Black(You) lose.
