Wed Oct 28 02:52:25 PDT 2020

==Playing with qlearning_player==
=====Round 1=====
Black:TA White:You
Wed Oct 28 02:52:25 PDT 2020
Clean up...
Start Playing...
Black 1,2
----------
          
    X     
          
          
          
----------

White 2,1
----------
          
    X     
  O       
          
          
----------

Black 2,2
----------
          
    X     
  O X     
          
          
----------

White 3,1
----------
          
    X     
  O X     
  O       
          
----------

Black 0,0
----------
X         
    X     
  O X     
  O       
          
----------

White 0,1
----------
X O       
    X     
  O X     
  O       
          
----------

Black 3,2
----------
X O       
    X     
  O X     
  O X     
          
----------

White 1,0
----------
  O       
O   X     
  O X     
  O X     
          
----------

Black 0,2
----------
  O X     
O   X     
  O X     
  O X     
          
----------

White 4,1
----------
  O X     
O   X     
  O X     
  O X     
  O       
----------

Black 2,3
----------
  O X     
O   X     
  O X X   
  O X     
  O       
----------

White 4,2
----------
  O X     
O   X     
  O X X   
  O X     
  O O     
----------

Black 1,1
----------
  O X     
O X X     
  O X X   
  O X     
  O O     
----------

White 4,3
----------
  O X     
O X X     
  O X X   
  O X     
  O O O   
----------

Black 0,0
----------
X   X     
O X X     
  O X X   
  O X     
  O O O   
----------

White 3,3
----------
X   X     
O X X     
  O X X   
  O X O   
  O O O   
----------

Black 2,0
----------
X   X     
  X X     
X O X X   
  O X O   
  O O O   
----------

White 3,0
----------
X   X     
  X X     
X O X X   
O O X O   
  O O O   
----------

Black 1,3
----------
X   X     
  X X X   
X O X X   
O O X O   
  O O O   
----------

White 3,4
----------
X   X     
  X X X   
X O X X   
O O X O O 
  O O O   
----------

Black 2,4
----------
X   X     
  X X X   
X O X X X 
O O X O O 
  O O O   
----------

White 0,4
----------
X   X   O 
  X X X   
X O X X X 
O O X O O 
  O O O   
----------

Black 0,1
----------
X X X   O 
  X X X   
X O X X X 
O O X O O 
  O O O   
----------

White 1,0
----------
X X X   O 
O X X X   
  O X X X 
O O X O O 
  O O O   
----------

Game end.
The winner is O
ta time: 4
student time: 1.34
White(You) win!
=====Round 2=====
Black:You White:TA
Wed Oct 28 02:52:38 PDT 2020
Clean up...
Start Playing...
Black 2,2
----------
          
          
    X     
          
          
----------

White 2,1
----------
          
          
  O X     
          
          
----------

Black 1,2
----------
          
    X     
  O X     
          
          
----------

White 3,2
----------
          
    X     
  O X     
    O     
          
----------

Black 1,1
----------
          
  X X     
  O X     
    O     
          
----------

White 2,3
----------
          
  X X     
  O X O   
    O     
          
----------

Black 3,1
----------
          
  X X     
  O X O   
  X O     
          
----------

White 1,3
----------
          
  X X O   
  O X O   
  X O     
          
----------

Black 2,0
----------
          
  X X O   
X   X O   
  X O     
          
----------

White 2,4
----------
          
  X X O   
X   X O O 
  X O     
          
----------

Black 3,3
----------
          
  X X O   
X   X O O 
  X O X   
          
----------

White 0,2
----------
    O     
  X X O   
X   X O O 
  X O X   
          
----------

Black 4,2
----------
    O     
  X X O   
X   X O O 
  X   X   
    X     
----------

White 1,0
----------
    O     
O X X O   
X   X O O 
  X   X   
    X     
----------

Black 0,1
----------
  X O     
O X X O   
X   X O O 
  X   X   
    X     
----------

White 1,4
----------
  X O     
O X X O O 
X   X O O 
  X   X   
    X     
----------

Black 0,0
----------
X X O     
  X X O O 
X   X O O 
  X   X   
    X     
----------

White 4,1
----------
X X O     
  X X O O 
X   X O O 
  X   X   
  O X     
----------

Black 3,0
----------
X X O     
  X X O O 
X   X O O 
X X   X   
  O X     
----------

White 4,3
----------
X X O     
  X X O O 
X   X O O 
X X   X   
  O X O   
----------

Black 4,0
----------
X X O     
  X X O O 
X   X O O 
X X   X   
X   X O   
----------

White 0,3
----------
X X O O   
  X X O O 
X   X O O 
X X   X   
X   X O   
----------

Black 3,4
----------
X X O O   
  X X O O 
X   X O O 
X X   X X 
X   X O   
----------

White PASS
----------
X X O O   
  X X O O 
X   X O O 
X X   X X 
X   X O   
----------

Game end.
The winner is X
ta time: 7.64
student time: 2.49
Black(You) win!
=====Round 3=====
Black:TA White:You
Wed Oct 28 02:52:48 PDT 2020
Clean up...
Start Playing...
Black 1,2
----------
          
    X     
          
          
          
----------

White 2,1
----------
          
    X     
  O       
          
          
----------

Black 2,2
----------
          
    X     
  O X     
          
          
----------

White 3,1
----------
          
    X     
  O X     
  O       
          
----------

Black 0,0
----------
X         
    X     
  O X     
  O       
          
----------

White 0,1
----------
X O       
    X     
  O X     
  O       
          
----------

Black 3,2
----------
X O       
    X     
  O X     
  O X     
          
----------

White 1,0
----------
  O       
O   X     
  O X     
  O X     
          
----------

Black 0,2
----------
  O X     
O   X     
  O X     
  O X     
          
----------

White 4,1
----------
  O X     
O   X     
  O X     
  O X     
  O       
----------

Black 2,3
----------
  O X     
O   X     
  O X X   
  O X     
  O       
----------

White 4,2
----------
  O X     
O   X     
  O X X   
  O X     
  O O     
----------

Black 2,4
----------
  O X     
O   X     
  O X X X 
  O X     
  O O     
----------

White 4,3
----------
  O X     
O   X     
  O X X X 
  O X     
  O O O   
----------

Black 1,1
----------
  O X     
O X X     
  O X X X 
  O X     
  O O O   
----------

White 3,3
----------
  O X     
O X X     
  O X X X 
  O X O   
  O O O   
----------

Black 0,0
----------
X   X     
O X X     
  O X X X 
  O X O   
  O O O   
----------

White 2,0
----------
X   X     
O X X     
O O X X X 
  O X O   
  O O O   
----------

Black 1,3
----------
X   X     
O X X X   
O O X X X 
  O X O   
  O O O   
----------

White 3,0
----------
X   X     
O X X X   
O O X X X 
O O X O   
  O O O   
----------

Black 3,4
----------
X   X     
O X X X   
O O X X X 
O O X O X 
  O O O   
----------

White 0,4
----------
X   X   O 
O X X X   
O O X X X 
O O X O X 
  O O O   
----------

Black 1,4
----------
X   X   O 
O X X X X 
O O X X X 
O O X O X 
  O O O   
----------

White 0,1
----------
  O X   O 
O X X X X 
O O X X X 
O O X O X 
  O O O   
----------

Game end.
The winner is O
ta time: 11.47
student time: 3.8
White(You) win!
=====Round 4=====
Black:You White:TA
Wed Oct 28 02:52:59 PDT 2020
Clean up...
Start Playing...
Black 2,2
----------
          
          
    X     
          
          
----------

White 2,1
----------
          
          
  O X     
          
          
----------

Black 1,2
----------
          
    X     
  O X     
          
          
----------

White 3,2
----------
          
    X     
  O X     
    O     
          
----------

Black 1,1
----------
          
  X X     
  O X     
    O     
          
----------

White 2,3
----------
          
  X X     
  O X O   
    O     
          
----------

Black 3,1
----------
          
  X X     
  O X O   
  X O     
          
----------

White 2,0
----------
          
  X X     
O O X O   
  X O     
          
----------

Black 1,0
----------
          
X X X     
O O X O   
  X O     
          
----------

White 0,2
----------
    O     
X X X     
O O X O   
  X O     
          
----------

Black 3,0
----------
    O     
X X X     
    X O   
X X O     
          
----------

White 2,1
----------
    O     
X X X     
  O X O   
X X O     
          
----------

Black 2,0
----------
    O     
X X X     
X   X O   
X X O     
          
----------

White 2,4
----------
    O     
X X X     
X   X O O 
X X O     
          
----------

Black 0,1
----------
  X O     
X X X     
X   X O O 
X X O     
          
----------

White 4,2
----------
  X O     
X X X     
X   X O O 
X X O     
    O     
----------

Black 0,3
----------
  X   X   
X X X     
X   X O O 
X X O     
    O     
----------

White 1,3
----------
  X   X   
X X X O   
X   X O O 
X X O     
    O     
----------

Black 0,4
----------
  X   X X 
X X X O   
X   X O O 
X X O     
    O     
----------

White 3,3
----------
  X   X X 
X X X O   
X   X O O 
X X O O   
    O     
----------

Black 2,1
----------
  X   X X 
X X X O   
X X X O O 
X X O O   
    O     
----------

White 1,4
----------
  X   X X 
X X X O O 
X X X O O 
X X O O   
    O     
----------

Black 0,0
----------
X X   X X 
X X X O O 
X X X O O 
X X O O   
    O     
----------

White 0,2
----------
X X O     
X X X O O 
X X X O O 
X X O O   
    O     
----------

Game end.
The winner is O
ta time: 15.11
student time: 5.05
Black(You) lose.
=====Round 5=====
Black:TA White:You
Wed Oct 28 02:53:11 PDT 2020
Clean up...
Start Playing...
Black 1,2
----------
          
    X     
          
          
          
----------

White 2,1
----------
          
    X     
  O       
          
          
----------

Black 2,2
----------
          
    X     
  O X     
          
          
----------

White 3,1
----------
          
    X     
  O X     
  O       
          
----------

Black 0,0
----------
X         
    X     
  O X     
  O       
          
----------

White 0,1
----------
X O       
    X     
  O X     
  O       
          
----------

Black 3,2
----------
X O       
    X     
  O X     
  O X     
          
----------

White 1,0
----------
  O       
O   X     
  O X     
  O X     
          
----------

Black 0,2
----------
  O X     
O   X     
  O X     
  O X     
          
----------

White 4,1
----------
  O X     
O   X     
  O X     
  O X     
  O       
----------

Black 2,3
----------
  O X     
O   X     
  O X X   
  O X     
  O       
----------

White 4,2
----------
  O X     
O   X     
  O X X   
  O X     
  O O     
----------

Black 1,3
----------
  O X     
O   X X   
  O X X   
  O X     
  O O     
----------

White 4,3
----------
  O X     
O   X X   
  O X X   
  O X     
  O O O   
----------

Black 2,0
----------
  O X     
O   X X   
X O X X   
  O X     
  O O O   
----------

White 3,0
----------
  O X     
O   X X   
  O X X   
O O X     
  O O O   
----------

Black 3,3
----------
  O X     
O   X X   
  O X X   
O O X X   
  O O O   
----------

White 1,1
----------
  O X     
O O X X   
  O X X   
O O X X   
  O O O   
----------

Black 2,4
----------
  O X     
O O X X   
  O X X X 
O O X X   
  O O O   
----------

White 4,4
----------
  O X     
O O X X   
  O X X X 
O O X X   
  O O O O 
----------

Black 3,4
----------
  O X     
O O X X   
  O X X X 
O O X X X 
  O O O O 
----------

White 0,3
----------
  O X O   
O O X X   
  O X X X 
O O X X X 
  O O O O 
----------

Black 0,4
----------
  O X   X 
O O X X   
  O X X X 
O O X X X 
  O O O O 
----------

White 0,0
----------
O O X   X 
O O X X   
  O X X X 
O O X X X 
  O O O O 
----------

Game end.
The winner is O
ta time: 19.17
student time: 6.39
White(You) win!
=====Round 6=====
Black:You White:TA
Wed Oct 28 02:53:23 PDT 2020
Clean up...
Start Playing...
Black 2,2
----------
          
          
    X     
          
          
----------

White 2,1
----------
          
          
  O X     
          
          
----------

Black 1,2
----------
          
    X     
  O X     
          
          
----------

White 3,2
----------
          
    X     
  O X     
    O     
          
----------

Black 1,1
----------
          
  X X     
  O X     
    O     
          
----------

White 2,3
----------
          
  X X     
  O X O   
    O     
          
----------

Black 3,1
----------
          
  X X     
  O X O   
  X O     
          
----------

White 3,3
----------
          
  X X     
  O X O   
  X O O   
          
----------

Black 2,0
----------
          
  X X     
X   X O   
  X O O   
          
----------

White 1,3
----------
          
  X X O   
X   X O   
  X O O   
          
----------

Black 4,1
----------
          
  X X O   
X   X O   
  X O O   
  X       
----------

White 0,2
----------
    O     
  X X O   
X   X O   
  X O O   
  X       
----------

Black 0,1
----------
  X O     
  X X O   
X   X O   
  X O O   
  X       
----------

White 4,2
----------
  X O     
  X X O   
X   X O   
  X O O   
  X O     
----------

Black 2,1
----------
  X O     
  X X O   
X X X O   
  X O O   
  X O     
----------

White 2,4
----------
  X O     
  X X O   
X X X O O 
  X O O   
  X O     
----------

Black 0,0
----------
X X O     
  X X O   
X X X O O 
  X O O   
  X O     
----------

White 0,3
----------
X X O O   
  X X O   
X X X O O 
  X O O   
  X O     
----------

Black 1,0
----------
X X O O   
X X X O   
X X X O O 
  X O O   
  X O     
----------

White 4,3
----------
X X O O   
X X X O   
X X X O O 
  X O O   
  X O O   
----------

Black 3,0
----------
X X O O   
X X X O   
X X X O O 
X X O O   
  X O O   
----------

White 4,0
----------
    O O   
      O   
      O O 
    O O   
O   O O   
----------

Black 3,0
----------
    O O   
      O   
      O O 
X   O O   
O   O O   
----------

White 2,2
----------
    O O   
      O   
    O O O 
X   O O   
O   O O   
----------

Game end.
The winner is O
ta time: 22.8
student time: 7.74
Black(You) lose.
=====Round 7=====
Black:TA White:You
Wed Oct 28 02:53:35 PDT 2020
Clean up...
Start Playing...
Black 1,2
----------
          
    X     
          
          
          
----------

White 2,1
----------
          
    X     
  O       
          
          
----------

Black 2,2
----------
          
    X     
  O X     
          
          
----------

White 3,1
----------
          
    X     
  O X     
  O       
          
----------

Black 0,0
----------
X         
    X     
  O X     
  O       
          
----------

White 0,1
----------
X O       
    X     
  O X     
  O       
          
----------

Black 3,2
----------
X O       
    X     
  O X     
  O X     
          
----------

White 1,0
----------
  O       
O   X     
  O X     
  O X     
          
----------

Black 0,2
----------
  O X     
O   X     
  O X     
  O X     
          
----------

White 4,1
----------
  O X     
O   X     
  O X     
  O X     
  O       
----------

Black 2,3
----------
  O X     
O   X     
  O X X   
  O X     
  O       
----------

White 4,2
----------
  O X     
O   X     
  O X X   
  O X     
  O O     
----------

Black 3,3
----------
  O X     
O   X     
  O X X   
  O X X   
  O O     
----------

White 4,3
----------
  O X     
O   X     
  O X X   
  O X X   
  O O O   
----------

Black 2,0
----------
  O X     
O   X     
X O X X   
  O X X   
  O O O   
----------

White 3,0
----------
  O X     
O   X     
  O X X   
O O X X   
  O O O   
----------

Black 1,3
----------
  O X     
O   X X   
  O X X   
O O X X   
  O O O   
----------

White 1,1
----------
  O X     
O O X X   
  O X X   
O O X X   
  O O O   
----------

Black 2,4
----------
  O X     
O O X X   
  O X X X 
O O X X   
  O O O   
----------

White 4,4
----------
  O X     
O O X X   
  O X X X 
O O X X   
  O O O O 
----------

Black 1,4
----------
  O X     
O O X X X 
  O X X X 
O O X X   
  O O O O 
----------

White 0,0
----------
O O X     
O O X X X 
  O X X X 
O O X X   
  O O O O 
----------

Black 0,3
----------
O O X X   
O O X X X 
  O X X X 
O O X X   
  O O O O 
----------

White 3,4
----------
O O X X   
O O X X X 
  O X X X 
O O X X O 
  O O O O 
----------

Game end.
The winner is O
ta time: 26.98
student time: 9
White(You) win!
=====Round 8=====
Black:You White:TA
Wed Oct 28 02:53:47 PDT 2020
Clean up...
Start Playing...
Black 2,2
----------
          
          
    X     
          
          
----------

White 2,1
----------
          
          
  O X     
          
          
----------

Black 1,2
----------
          
    X     
  O X     
          
          
----------

White 3,2
----------
          
    X     
  O X     
    O     
          
----------

Black 1,1
----------
          
  X X     
  O X     
    O     
          
----------

White 2,3
----------
          
  X X     
  O X O   
    O     
          
----------

Black 3,1
----------
          
  X X     
  O X O   
  X O     
          
----------

White 3,3
----------
          
  X X     
  O X O   
  X O O   
          
----------

Black 2,0
----------
          
  X X     
X   X O   
  X O O   
          
----------

White 2,4
----------
          
  X X     
X   X O O 
  X O O   
          
----------

Black 1,3
----------
          
  X X X   
X   X O O 
  X O O   
          
----------

White 0,2
----------
    O     
  X X X   
X   X O O 
  X O O   
          
----------

Black 0,1
----------
  X O     
  X X X   
X   X O O 
  X O O   
          
----------

White 4,2
----------
  X O     
  X X X   
X   X O O 
  X O O   
    O     
----------

Black 0,3
----------
  X   X   
  X X X   
X   X O O 
  X O O   
    O     
----------

White 4,1
----------
  X   X   
  X X X   
X   X O O 
  X O O   
  O O     
----------

Black 2,1
----------
  X   X   
  X X X   
X X X O O 
  X O O   
  O O     
----------

White 1,0
----------
  X   X   
O X X X   
X X X O O 
  X O O   
  O O     
----------

Black 0,0
----------
X X   X   
  X X X   
X X X O O 
  X O O   
  O O     
----------

White 1,4
----------
X X   X   
  X X X O 
X X X O O 
  X O O   
  O O     
----------

Black 3,0
----------
X X   X   
  X X X O 
X X X O O 
X X O O   
  O O     
----------

White 3,4
----------
X X   X   
  X X X O 
X X X O O 
X X O O O 
  O O     
----------

Black 0,2
----------
X X X X   
  X X X O 
X X X O O 
X X O O O 
  O O     
----------

White 4,3
----------
X X X X   
  X X X O 
X X X O O 
X X O O O 
  O O O   
----------

Game end.
The winner is X
ta time: 30.78
student time: 10.33
Black(You) win!
=====Round 9=====
Black:TA White:You
Wed Oct 28 02:53:59 PDT 2020
Clean up...
Start Playing...
Black 1,2
----------
          
    X     
          
          
          
----------

White 2,1
----------
          
    X     
  O       
          
          
----------

Black 2,2
----------
          
    X     
  O X     
          
          
----------

White 3,1
----------
          
    X     
  O X     
  O       
          
----------

Black 0,0
----------
X         
    X     
  O X     
  O       
          
----------

White 0,1
----------
X O       
    X     
  O X     
  O       
          
----------

Black 3,2
----------
X O       
    X     
  O X     
  O X     
          
----------

White 1,0
----------
  O       
O   X     
  O X     
  O X     
          
----------

Black 0,2
----------
  O X     
O   X     
  O X     
  O X     
          
----------

White 4,1
----------
  O X     
O   X     
  O X     
  O X     
  O       
----------

Black 2,3
----------
  O X     
O   X     
  O X X   
  O X     
  O       
----------

White 4,2
----------
  O X     
O   X     
  O X X   
  O X     
  O O     
----------

Black 3,3
----------
  O X     
O   X     
  O X X   
  O X X   
  O O     
----------

White 4,3
----------
  O X     
O   X     
  O X X   
  O X X   
  O O O   
----------

Black 2,0
----------
  O X     
O   X     
X O X X   
  O X X   
  O O O   
----------

White 3,0
----------
  O X     
O   X     
  O X X   
O O X X   
  O O O   
----------

Black 1,1
----------
  O X     
O X X     
  O X X   
O O X X   
  O O O   
----------

White 4,4
----------
  O X     
O X X     
  O X X   
O O X X   
  O O O O 
----------

Black 0,0
----------
X   X     
O X X     
  O X X   
O O X X   
  O O O O 
----------

White 3,4
----------
X   X     
O X X     
  O X X   
O O X X O 
  O O O O 
----------

Black 2,0
----------
X   X     
  X X     
X O X X   
O O X X O 
  O O O O 
----------

White 2,4
----------
X   X     
  X X     
X O X X O 
O O X X O 
  O O O O 
----------

Black 1,3
----------
X   X     
  X X X   
X O X X O 
O O X X O 
  O O O O 
----------

White 1,4
----------
X   X     
  X X X O 
X O X X O 
O O X X O 
  O O O O 
----------

Game end.
The winner is O
ta time: 34.81
student time: 11.62
White(You) win!
=====Round 10=====
Black:You White:TA
Wed Oct 28 02:54:10 PDT 2020
Clean up...
Start Playing...
Black 2,2
----------
          
          
    X     
          
          
----------

White 2,1
----------
          
          
  O X     
          
          
----------

Black 1,2
----------
          
    X     
  O X     
          
          
----------

White 3,2
----------
          
    X     
  O X     
    O     
          
----------

Black 1,1
----------
          
  X X     
  O X     
    O     
          
----------

White 2,3
----------
          
  X X     
  O X O   
    O     
          
----------

Black 3,1
----------
          
  X X     
  O X O   
  X O     
          
----------

White 0,2
----------
    O     
  X X     
  O X O   
  X O     
          
----------

Black 2,0
----------
    O     
  X X     
X   X O   
  X O     
          
----------

White 4,2
----------
    O     
  X X     
X   X O   
  X O     
    O     
----------

Black 0,1
----------
  X O     
  X X     
X   X O   
  X O     
    O     
----------

White 1,3
----------
  X O     
  X X O   
X   X O   
  X O     
    O     
----------

Black 2,1
----------
  X O     
  X X O   
X X X O   
  X O     
    O     
----------

White 2,4
----------
  X O     
  X X O   
X X X O O 
  X O     
    O     
----------

Black 3,0
----------
  X O     
  X X O   
X X X O O 
X X O     
    O     
----------

White 3,3
----------
  X O     
  X X O   
X X X O O 
X X O O   
    O     
----------

Black 0,0
----------
X X O     
  X X O   
X X X O O 
X X O O   
    O     
----------

White 1,4
----------
X X O     
  X X O O 
X X X O O 
X X O O   
    O     
----------

Black 1,0
----------
X X O     
X X X O O 
X X X O O 
X X O O   
    O     
----------

White 4,1
----------
X X O     
X X X O O 
X X X O O 
X X O O   
  O O     
----------

Black 4,4
----------
X X O     
X X X O O 
X X X O O 
X X O O   
  O O   X 
----------

White 4,0
----------
    O     
      O O 
      O O 
    O O   
O O O   X 
----------

Black 1,1
----------
    O     
  X   O O 
      O O 
    O O   
O O O   X 
----------

White 2,2
----------
    O     
  X   O O 
    O O O 
    O O   
O O O   X 
----------

Game end.
The winner is O
ta time: 38.32
student time: 12.95
Black(You) lose.

==Playing with championship_player==
=====Round 1=====
Black:TA White:You
Wed Oct 28 02:54:22 PDT 2020
Clean up...
Start Playing...
Black 2,2
----------
          
          
    X     
          
          
----------

White 1,1
----------
          
  O       
    X     
          
          
----------

Black 2,1
----------
          
  O       
  X X     
          
          
----------

White 1,2
----------
          
  O O     
  X X     
          
          
----------

Black 1,3
----------
          
  O O X   
  X X     
          
          
----------

White 1,0
----------
          
O O O X   
  X X     
          
          
----------

Black 0,3
----------
      X   
O O O X   
  X X     
          
          
----------

White 2,0
----------
      X   
O O O X   
O X X     
          
          
----------

Black 3,1
----------
      X   
O O O X   
O X X     
  X       
          
----------

White 3,0
----------
      X   
O O O X   
O X X     
O X       
          
----------

Black 4,1
----------
      X   
O O O X   
O X X     
O X       
  X       
----------

White 0,0
----------
O     X   
O O O X   
O X X     
O X       
  X       
----------

Black 0,2
----------
O   X X   
O O O X   
O X X     
O X       
  X       
----------

White 3,3
----------
O   X X   
O O O X   
O X X     
O X   O   
  X       
----------

Black 4,0
----------
O   X X   
O O O X   
O X X     
O X   O   
X X       
----------

White 2,3
----------
O   X X   
O O O X   
O X X O   
O X   O   
X X       
----------

Black 0,1
----------
  X X X   
      X   
  X X O   
  X   O   
X X       
----------

White 3,2
----------
  X X X   
      X   
  X X O   
  X O O   
X X       
----------

Black 4,2
----------
  X X X   
      X   
  X X O   
  X O O   
X X X     
----------

White 2,4
----------
  X X X   
      X   
  X X O O 
  X O O   
X X X     
----------

Black 1,4
----------
  X X X   
      X X 
  X X O O 
  X O O   
X X X     
----------

White 3,4
----------
  X X X   
      X X 
  X X O O 
  X O O O 
X X X     
----------

Black 1,0
----------
  X X X   
X     X X 
  X X O O 
  X O O O 
X X X     
----------

White 4,3
----------
  X X X   
X     X X 
  X X O O 
  X O O O 
X X X O   
----------

Game end.
The winner is X
ta time: 78.15
student time: 14.25
White(You) lose.
=====Round 2=====
Black:You White:TA
Wed Oct 28 02:54:55 PDT 2020
Clean up...
Start Playing...
Black 2,2
----------
          
          
    X     
          
          
----------

White 2,3
----------
          
          
    X O   
          
          
----------

Black 1,2
----------
          
    X     
    X O   
          
          
----------

White 3,3
----------
          
    X     
    X O   
      O   
          
----------

Black 1,1
----------
          
  X X     
    X O   
      O   
          
----------

White 3,2
----------
          
  X X     
    X O   
    O O   
          
----------

Black 1,3
----------
          
  X X X   
    X O   
    O O   
          
----------

White 3,1
----------
          
  X X X   
    X O   
  O O O   
          
----------

Black 1,0
----------
          
X X X X   
    X O   
  O O O   
          
----------

White 1,4
----------
          
X X X X O 
    X O   
  O O O   
          
----------

Black 0,3
----------
      X   
X X X X O 
    X O   
  O O O   
          
----------

White 2,1
----------
      X   
X X X X O 
  O X O   
  O O O   
          
----------

Black 0,4
----------
      X X 
X X X X O 
  O X O   
  O O O   
          
----------

White 2,4
----------
      X X 
X X X X O 
  O X O O 
  O O O   
          
----------

Black 2,0
----------
      X X 
X X X X O 
X O X O O 
  O O O   
          
----------

White 3,0
----------
      X X 
X X X X O 
X O X O O 
O O O O   
          
----------

Black 0,0
----------
X     X X 
X X X X O 
X O X O O 
O O O O   
          
----------

White 4,2
----------
X     X X 
X X X X O 
X O X O O 
O O O O   
    O     
----------

Black 4,4
----------
X     X X 
X X X X O 
X O X O O 
O O O O   
    O   X 
----------

White 0,1
----------
X O   X X 
X X X X O 
X O X O O 
O O O O   
    O   X 
----------

Black 0,2
----------
X   X X X 
X X X X O 
X O X O O 
O O O O   
    O   X 
----------

White 3,4
----------
X   X X X 
X X X X O 
X O X O O 
O O O O O 
    O   X 
----------

Black 4,0
----------
X   X X X 
X X X X O 
X O X O O 
O O O O O 
X   O   X 
----------

White 0,1
----------
  O       
        O 
  O   O O 
O O O O O 
X   O   X 
----------

Game end.
The winner is O
ta time: 114.18
student time: 15.55
Black(You) lose.
=====Round 3=====
Black:TA White:You
Wed Oct 28 02:55:25 PDT 2020
Clean up...
Start Playing...
Black 2,2
----------
          
          
    X     
          
          
----------

White 1,1
----------
          
  O       
    X     
          
          
----------

Black 1,2
----------
          
  O X     
    X     
          
          
----------

White 2,1
----------
          
  O X     
  O X     
          
          
----------

Black 3,1
----------
          
  O X     
  O X     
  X       
          
----------

White 0,1
----------
  O       
  O X     
  O X     
  X       
          
----------

Black 3,0
----------
  O       
  O X     
  O X     
X X       
          
----------

White 0,2
----------
  O O     
  O X     
  O X     
X X       
          
----------

Black 1,3
----------
  O O     
  O X X   
  O X     
X X       
          
----------

White 0,3
----------
  O O O   
  O X X   
  O X     
X X       
          
----------

Black 1,4
----------
  O O O   
  O X X X 
  O X     
X X       
          
----------

White 0,0
----------
O O O O   
  O X X X 
  O X     
X X       
          
----------

Black 2,0
----------
O O O O   
  O X X X 
X O X     
X X       
          
----------

White 3,3
----------
O O O O   
  O X X X 
X O X     
X X   O   
          
----------

Black 0,4
----------
O O O O X 
  O X X X 
X O X     
X X   O   
          
----------

White 2,3
----------
O O O O X 
  O X X X 
X O X O   
X X   O   
          
----------

Black 1,0
----------
        X 
X   X X X 
X   X O   
X X   O   
          
----------

White 3,2
----------
        X 
X   X X X 
X   X O   
X X O O   
          
----------

Black 2,4
----------
        X 
X   X X X 
X   X O X 
X X O O   
          
----------

White 3,4
----------
        X 
X   X X X 
X   X O X 
X X O O O 
          
----------

Black 4,1
----------
        X 
X   X X X 
X   X O X 
X X O O O 
  X       
----------

White 4,2
----------
        X 
X   X X X 
X   X O X 
X X O O O 
  X O     
----------

Black 0,2
----------
    X   X 
X   X X X 
X   X O X 
X X O O O 
  X O     
----------

White 1,1
----------
    X   X 
X O X X X 
X   X O X 
X X O O O 
  X O     
----------

Game end.
The winner is X
ta time: 150.11
student time: 16.9
White(You) lose.
=====Round 4=====
Black:You White:TA
Wed Oct 28 02:55:57 PDT 2020
Clean up...
Start Playing...
Black 2,2
----------
          
          
    X     
          
          
----------

White 1,1
----------
          
  O       
    X     
          
          
----------

Black 2,3
----------
          
  O       
    X X   
          
          
----------

White 1,2
----------
          
  O O     
    X X   
          
          
----------

Black 1,3
----------
          
  O O X   
    X X   
          
          
----------

White 2,1
----------
          
  O O X   
  O X X   
          
          
----------

Black 3,2
----------
          
  O O X   
  O X X   
    X     
          
----------

White 0,3
----------
      O   
  O O X   
  O X X   
    X     
          
----------

Black 3,1
----------
      O   
  O O X   
  O X X   
  X X     
          
----------

White 3,0
----------
      O   
  O O X   
  O X X   
O X X     
          
----------

Black 3,3
----------
      O   
  O O X   
  O X X   
O X X X   
          
----------

White 0,2
----------
    O O   
  O O X   
  O X X   
O X X X   
          
----------

Black 1,4
----------
    O O   
  O O X X 
  O X X   
O X X X   
          
----------

White 2,0
----------
    O O   
  O O X X 
O O X X   
O X X X   
          
----------

Black 3,4
----------
    O O   
  O O X X 
O O X X   
O X X X X 
          
----------

White 0,4
----------
    O O O 
  O O X X 
O O X X   
O X X X X 
          
----------

Black 4,1
----------
    O O O 
  O O X X 
O O X X   
O X X X X 
  X       
----------

White 4,3
----------
    O O O 
  O O X X 
O O X X   
O X X X X 
  X   O   
----------

Black 4,2
----------
    O O O 
  O O X X 
O O X X   
O X X X X 
  X X O   
----------

White 0,0
----------
O   O O O 
  O O X X 
O O X X   
O X X X X 
  X X O   
----------

Black 4,4
----------
O   O O O 
  O O X X 
O O X X   
O X X X X 
  X X   X 
----------

White 0,1
----------
O O O O O 
  O O X X 
O O X X   
O X X X X 
  X X   X 
----------

Black 4,0
----------
O O O O O 
  O O X X 
O O X X   
O X X X X 
X X X   X 
----------

White PASS
----------
O O O O O 
  O O X X 
O O X X   
O X X X X 
X X X   X 
----------

Game end.
The winner is O
ta time: 185.58
student time: 18.19
Black(You) lose.
=====Round 5=====
Black:TA White:You
Wed Oct 28 02:56:27 PDT 2020
Clean up...
Start Playing...
Black 2,2
----------
          
          
    X     
          
          
----------

White 1,1
----------
          
  O       
    X     
          
          
----------

Black 1,2
----------
          
  O X     
    X     
          
          
----------

White 2,1
----------
          
  O X     
  O X     
          
          
----------

Black 3,1
----------
          
  O X     
  O X     
  X       
          
----------

White 0,1
----------
  O       
  O X     
  O X     
  X       
          
----------

Black 3,0
----------
  O       
  O X     
  O X     
X X       
          
----------

White 0,2
----------
  O O     
  O X     
  O X     
X X       
          
----------

Black 1,3
----------
  O O     
  O X X   
  O X     
X X       
          
----------

White 0,3
----------
  O O O   
  O X X   
  O X     
X X       
          
----------

Black 1,4
----------
  O O O   
  O X X X 
  O X     
X X       
          
----------

White 0,0
----------
O O O O   
  O X X X 
  O X     
X X       
          
----------

Black 2,0
----------
O O O O   
  O X X X 
X O X     
X X       
          
----------

White 3,3
----------
O O O O   
  O X X X 
X O X     
X X   O   
          
----------

Black 0,4
----------
O O O O X 
  O X X X 
X O X     
X X   O   
          
----------

White 2,3
----------
O O O O X 
  O X X X 
X O X O   
X X   O   
          
----------

Black 1,0
----------
        X 
X   X X X 
X   X O   
X X   O   
          
----------

White 3,2
----------
        X 
X   X X X 
X   X O   
X X O O   
          
----------

Black 2,1
----------
        X 
X   X X X 
X X X O   
X X O O   
          
----------

White 3,4
----------
        X 
X   X X X 
X X X O   
X X O O O 
          
----------

Black 4,1
----------
        X 
X   X X X 
X X X O   
X X O O O 
  X       
----------

White 2,4
----------
        X 
X   X X X 
X X X O O 
X X O O O 
  X       
----------

Black 4,3
----------
        X 
X   X X X 
X X X O O 
X X O O O 
  X   X   
----------

White 0,1
----------
  O     X 
X   X X X 
X X X O O 
X X O O O 
  X   X   
----------

Game end.
The winner is X
ta time: 224.46
student time: 19.62
White(You) lose.
=====Round 6=====
Black:You White:TA
Wed Oct 28 02:56:59 PDT 2020
Clean up...
Start Playing...
Black 2,2
----------
          
          
    X     
          
          
----------

White 2,1
----------
          
          
  O X     
          
          
----------

Black 1,2
----------
          
    X     
  O X     
          
          
----------

White 3,1
----------
          
    X     
  O X     
  O       
          
----------

Black 1,1
----------
          
  X X     
  O X     
  O       
          
----------

White 3,2
----------
          
  X X     
  O X     
  O O     
          
----------

Black 1,3
----------
          
  X X X   
  O X     
  O O     
          
----------

White 3,3
----------
          
  X X X   
  O X     
  O O O   
          
----------

Black 1,0
----------
          
X X X X   
  O X     
  O O O   
          
----------

White 2,0
----------
          
X X X X   
O O X     
  O O O   
          
----------

Black 1,4
----------
          
X X X X X 
O O X     
  O O O   
          
----------

White 3,4
----------
          
X X X X X 
O O X     
  O O O O 
          
----------

Black 2,3
----------
          
X X X X X 
O O X X   
  O O O O 
          
----------

White 4,2
----------
          
X X X X X 
O O X X   
  O O O O 
    O     
----------

Black 0,0
----------
X         
X X X X X 
O O X X   
  O O O O 
    O     
----------

White 4,0
----------
X         
X X X X X 
O O X X   
  O O O O 
O   O     
----------

Black 0,1
----------
X X       
X X X X X 
O O X X   
  O O O O 
O   O     
----------

White 0,3
----------
X X   O   
X X X X X 
O O X X   
  O O O O 
O   O     
----------

Black 0,2
----------
X X X O   
X X X X X 
O O X X   
  O O O O 
O   O     
----------

White 3,0
----------
X X X O   
X X X X X 
O O X X   
O O O O O 
O   O     
----------

Black 0,4
----------
X X X   X 
X X X X X 
O O X X   
O O O O O 
O   O     
----------

White 4,4
----------
X X X   X 
X X X X X 
O O X X   
O O O O O 
O   O   O 
----------

Black 0,3
----------
X X X X X 
X X X X X 
O O X X   
O O O O O 
O   O   O 
----------

White 4,1
----------
X X X X X 
X X X X X 
O O X X   
O O O O O 
O O O   O 
----------

Game end.
The winner is O
ta time: 263.45
student time: 20.82
Black(You) lose.
=====Round 7=====
Black:TA White:You
Wed Oct 28 02:57:34 PDT 2020
Clean up...
Start Playing...
Black 2,2
----------
          
          
    X     
          
          
----------

White 1,1
----------
          
  O       
    X     
          
          
----------

Black 2,1
----------
          
  O       
  X X     
          
          
----------

White 1,2
----------
          
  O O     
  X X     
          
          
----------

Black 1,3
----------
          
  O O X   
  X X     
          
          
----------

White 1,0
----------
          
O O O X   
  X X     
          
          
----------

Black 0,3
----------
      X   
O O O X   
  X X     
          
          
----------

White 2,0
----------
      X   
O O O X   
O X X     
          
          
----------

Black 3,1
----------
      X   
O O O X   
O X X     
  X       
          
----------

White 3,0
----------
      X   
O O O X   
O X X     
O X       
          
----------

Black 4,1
----------
      X   
O O O X   
O X X     
O X       
  X       
----------

White 0,0
----------
O     X   
O O O X   
O X X     
O X       
  X       
----------

Black 0,2
----------
O   X X   
O O O X   
O X X     
O X       
  X       
----------

White 3,3
----------
O   X X   
O O O X   
O X X     
O X   O   
  X       
----------

Black 4,0
----------
O   X X   
O O O X   
O X X     
O X   O   
X X       
----------

White 2,3
----------
O   X X   
O O O X   
O X X O   
O X   O   
X X       
----------

Black 0,1
----------
  X X X   
      X   
  X X O   
  X   O   
X X       
----------

White 3,2
----------
  X X X   
      X   
  X X O   
  X O O   
X X       
----------

Black 1,4
----------
  X X X   
      X X 
  X X O   
  X O O   
X X       
----------

White 3,4
----------
  X X X   
      X X 
  X X O   
  X O O O 
X X       
----------

Black 4,2
----------
  X X X   
      X X 
  X X O   
  X O O O 
X X X     
----------

White 2,4
----------
  X X X   
      X X 
  X X O O 
  X O O O 
X X X     
----------

Black 3,0
----------
  X X X   
      X X 
  X X O O 
X X O O O 
X X X     
----------

White 1,0
----------
  X X X   
O     X X 
  X X O O 
X X O O O 
X X X     
----------

Game end.
The winner is X
ta time: 304.03
student time: 22.15
White(You) lose.
=====Round 8=====
Black:You White:TA
Wed Oct 28 02:58:07 PDT 2020
Clean up...
Start Playing...
Black 2,2
----------
          
          
    X     
          
          
----------

White 2,1
----------
          
          
  O X     
          
          
----------

Black 1,2
----------
          
    X     
  O X     
          
          
----------

White 3,1
----------
          
    X     
  O X     
  O       
          
----------

Black 1,1
----------
          
  X X     
  O X     
  O       
          
----------

White 3,2
----------
          
  X X     
  O X     
  O O     
          
----------

Black 1,3
----------
          
  X X X   
  O X     
  O O     
          
----------

White 3,3
----------
          
  X X X   
  O X     
  O O O   
          
----------

Black 1,0
----------
          
X X X X   
  O X     
  O O O   
          
----------

White 2,0
----------
          
X X X X   
O O X     
  O O O   
          
----------

Black 1,4
----------
          
X X X X X 
O O X     
  O O O   
          
----------

White 3,4
----------
          
X X X X X 
O O X     
  O O O O 
          
----------

Black 2,3
----------
          
X X X X X 
O O X X   
  O O O O 
          
----------

White 4,1
----------
          
X X X X X 
O O X X   
  O O O O 
  O       
----------

Black 0,0
----------
X         
X X X X X 
O O X X   
  O O O O 
  O       
----------

White 4,3
----------
X         
X X X X X 
O O X X   
  O O O O 
  O   O   
----------

Black 0,1
----------
X X       
X X X X X 
O O X X   
  O O O O 
  O   O   
----------

White 3,0
----------
X X       
X X X X X 
O O X X   
O O O O O 
  O   O   
----------

Black 0,2
----------
X X X     
X X X X X 
O O X X   
O O O O O 
  O   O   
----------

White 2,4
----------
X X X     
X X X X X 
O O X X O 
O O O O O 
  O   O   
----------

Black 0,3
----------
X X X X   
X X X X X 
O O X X O 
O O O O O 
  O   O   
----------

White 0,4
----------
        O 
          
O O     O 
O O O O O 
  O   O   
----------

Black 0,3
----------
      X O 
          
O O     O 
O O O O O 
  O   O   
----------

White 1,4
----------
      X O 
        O 
O O     O 
O O O O O 
  O   O   
----------

Game end.
The winner is O
ta time: 341.44
student time: 23.53
Black(You) lose.
=====Round 9=====
Black:TA White:You
Wed Oct 28 02:58:39 PDT 2020
Clean up...
Start Playing...
Black 2,2
----------
          
          
    X     
          
          
----------

White 1,1
----------
          
  O       
    X     
          
          
----------

Black 2,1
----------
          
  O       
  X X     
          
          
----------

White 1,2
----------
          
  O O     
  X X     
          
          
----------

Black 1,3
----------
          
  O O X   
  X X     
          
          
----------

White 1,0
----------
          
O O O X   
  X X     
          
          
----------

Black 0,3
----------
      X   
O O O X   
  X X     
          
          
----------

White 2,0
----------
      X   
O O O X   
O X X     
          
          
----------

Black 3,1
----------
      X   
O O O X   
O X X     
  X       
          
----------

White 3,0
----------
      X   
O O O X   
O X X     
O X       
          
----------

Black 4,1
----------
      X   
O O O X   
O X X     
O X       
  X       
----------

White 0,0
----------
O     X   
O O O X   
O X X     
O X       
  X       
----------

Black 0,2
----------
O   X X   
O O O X   
O X X     
O X       
  X       
----------

White 3,3
----------
O   X X   
O O O X   
O X X     
O X   O   
  X       
----------

Black 4,0
----------
O   X X   
O O O X   
O X X     
O X   O   
X X       
----------

White 2,3
----------
O   X X   
O O O X   
O X X O   
O X   O   
X X       
----------

Black 0,1
----------
  X X X   
      X   
  X X O   
  X   O   
X X       
----------

White 3,2
----------
  X X X   
      X   
  X X O   
  X O O   
X X       
----------

Black 2,4
----------
  X X X   
      X   
  X X O X 
  X O O   
X X       
----------

White 3,4
----------
  X X X   
      X   
  X X O X 
  X O O O 
X X       
----------

Black 1,4
----------
  X X X   
      X X 
  X X O X 
  X O O O 
X X       
----------

White 4,2
----------
  X X X   
      X X 
  X X O X 
  X O O O 
X X O     
----------

Black 4,4
----------
  X X X   
      X X 
  X X O X 
  X O O O 
X X O   X 
----------

White 1,0
----------
  X X X   
O     X X 
  X X O X 
  X O O O 
X X O   X 
----------

Game end.
The winner is X
ta time: 379.2
student time: 24.95
White(You) lose.
=====Round 10=====
Black:You White:TA
Wed Oct 28 02:59:11 PDT 2020
Clean up...
Start Playing...
Black 2,2
----------
          
          
    X     
          
          
----------

White 2,1
----------
          
          
  O X     
          
          
----------

Black 1,2
----------
          
    X     
  O X     
          
          
----------

White 3,1
----------
          
    X     
  O X     
  O       
          
----------

Black 1,1
----------
          
  X X     
  O X     
  O       
          
----------

White 3,2
----------
          
  X X     
  O X     
  O O     
          
----------

Black 1,3
----------
          
  X X X   
  O X     
  O O     
          
----------

White 3,3
----------
          
  X X X   
  O X     
  O O O   
          
----------

Black 1,0
----------
          
X X X X   
  O X     
  O O O   
          
----------

White 2,0
----------
          
X X X X   
O O X     
  O O O   
          
----------

Black 1,4
----------
          
X X X X X 
O O X     
  O O O   
          
----------

White 3,4
----------
          
X X X X X 
O O X     
  O O O O 
          
----------

Black 2,3
----------
          
X X X X X 
O O X X   
  O O O O 
          
----------

White 4,1
----------
          
X X X X X 
O O X X   
  O O O O 
  O       
----------

Black 0,0
----------
X         
X X X X X 
O O X X   
  O O O O 
  O       
----------

White 4,3
----------
X         
X X X X X 
O O X X   
  O O O O 
  O   O   
----------

Black 0,1
----------
X X       
X X X X X 
O O X X   
  O O O O 
  O   O   
----------

White 4,0
----------
X X       
X X X X X 
O O X X   
  O O O O 
O O   O   
----------

Black 0,2
----------
X X X     
X X X X X 
O O X X   
  O O O O 
O O   O   
----------

White 2,4
----------
X X X     
X X X X X 
O O X X O 
  O O O O 
O O   O   
----------

Black 0,3
----------
X X X X   
X X X X X 
O O X X O 
  O O O O 
O O   O   
----------

White 0,4
----------
        O 
          
O O     O 
  O O O O 
O O   O   
----------

Black 0,3
----------
      X O 
          
O O     O 
  O O O O 
O O   O   
----------

White 1,4
----------
      X O 
        O 
O O     O 
  O O O O 
O O   O   
----------

Game end.
The winner is O
ta time: 416.82
student time: 26.16
Black(You) lose.
