Wed Oct 28 22:08:49 PDT 2020

==Playing with qlearning_player==
=====Round 1=====
Black:TA White:You
Wed Oct 28 22:08:49 PDT 2020
Clean up...
Start Playing...
Black 1,2
----------
          
    X     
          
          
          
----------

White 2,1
----------
          
    X     
  O       
          
          
----------

Black 2,2
----------
          
    X     
  O X     
          
          
----------

White 3,1
----------
          
    X     
  O X     
  O       
          
----------

Black 0,0
----------
X         
    X     
  O X     
  O       
          
----------

White 1,1
----------
X         
  O X     
  O X     
  O       
          
----------

Black 0,1
----------
X X       
  O X     
  O X     
  O       
          
----------

White 3,2
----------
X X       
  O X     
  O X     
  O O     
          
----------

Black 2,3
----------
X X       
  O X     
  O X X   
  O O     
          
----------

White 3,3
----------
X X       
  O X     
  O X X   
  O O O   
          
----------

Black 1,3
----------
X X       
  O X X   
  O X X   
  O O O   
          
----------

White 3,4
----------
X X       
  O X X   
  O X X   
  O O O O 
          
----------

Black 4,2
----------
X X       
  O X X   
  O X X   
  O O O O 
    X     
----------

White 2,4
----------
X X       
  O X X   
  O X X O 
  O O O O 
    X     
----------

Black 2,0
----------
X X       
  O X X   
X O X X O 
  O O O O 
    X     
----------

White 1,4
----------
X X       
  O X X O 
X O X X O 
  O O O O 
    X     
----------

Black 0,2
----------
X X X     
  O X X O 
X O X X O 
  O O O O 
    X     
----------

White 0,4
----------
X X X   O 
  O X X O 
X O X X O 
  O O O O 
    X     
----------

Black 4,1
----------
X X X   O 
  O X X O 
X O X X O 
  O O O O 
  X X     
----------

White 3,0
----------
X X X   O 
  O X X O 
X O X X O 
O O O O O 
  X X     
----------

Black 1,0
----------
X X X   O 
X O X X O 
X O X X O 
O O O O O 
  X X     
----------

White 0,3
----------
      O O 
  O     O 
  O     O 
O O O O O 
  X X     
----------

Black 2,2
----------
      O O 
  O     O 
  O X   O 
O O O O O 
  X X     
----------

White 0,1
----------
  O   O O 
  O     O 
  O X   O 
O O O O O 
  X X     
----------

Game end.
The winner is O
ta time: 4.15
student time: 0.74
White(You) win!
=====Round 2=====
Black:You White:TA
Wed Oct 28 22:08:59 PDT 2020
Clean up...
Start Playing...
Black 2,2
----------
          
          
    X     
          
          
----------

White 2,1
----------
          
          
  O X     
          
          
----------

Black 1,2
----------
          
    X     
  O X     
          
          
----------

White 3,2
----------
          
    X     
  O X     
    O     
          
----------

Black 1,1
----------
          
  X X     
  O X     
    O     
          
----------

White 2,3
----------
          
  X X     
  O X O   
    O     
          
----------

Black 1,3
----------
          
  X X X   
  O X O   
    O     
          
----------

White 2,0
----------
          
  X X X   
O O X O   
    O     
          
----------

Black 1,4
----------
          
  X X X X 
O O X O   
    O     
          
----------

White 3,1
----------
          
  X X X X 
O O X O   
  O O     
          
----------

Black 0,1
----------
  X       
  X X X X 
O O X O   
  O O     
          
----------

White 2,4
----------
  X       
  X X X X 
O O X O O 
  O O     
          
----------

Black 0,0
----------
X X       
  X X X X 
O O X O O 
  O O     
          
----------

White 0,2
----------
X X O     
  X X X X 
O O X O O 
  O O     
          
----------

Black 0,3
----------
X X   X   
  X X X X 
O O X O O 
  O O     
          
----------

White 4,2
----------
X X   X   
  X X X X 
O O X O O 
  O O     
    O     
----------

Black 0,2
----------
X X X X   
  X X X X 
O O X O O 
  O O     
    O     
----------

White 3,3
----------
X X X X   
  X X X X 
O O X O O 
  O O O   
    O     
----------

Black 4,0
----------
X X X X   
  X X X X 
O O X O O 
  O O O   
X   O     
----------

White 3,4
----------
X X X X   
  X X X X 
O O X O O 
  O O O O 
X   O     
----------

Black 0,4
----------
X X X X X 
  X X X X 
O O X O O 
  O O O O 
X   O     
----------

White 1,0
----------
          
O         
O O   O O 
  O O O O 
X   O     
----------

Black 1,2
----------
          
O   X     
O O   O O 
  O O O O 
X   O     
----------

White 2,2
----------
          
O   X     
O O O O O 
  O O O O 
X   O     
----------

Game end.
The winner is O
ta time: 7.51
student time: 1.48
Black(You) lose.
=====Round 3=====
Black:TA White:You
Wed Oct 28 22:09:09 PDT 2020
Clean up...
Start Playing...
Black 1,2
----------
          
    X     
          
          
          
----------

White 2,1
----------
          
    X     
  O       
          
          
----------

Black 2,2
----------
          
    X     
  O X     
          
          
----------

White 3,1
----------
          
    X     
  O X     
  O       
          
----------

Black 0,0
----------
X         
    X     
  O X     
  O       
          
----------

White 1,1
----------
X         
  O X     
  O X     
  O       
          
----------

Black 0,1
----------
X X       
  O X     
  O X     
  O       
          
----------

White 3,2
----------
X X       
  O X     
  O X     
  O O     
          
----------

Black 2,3
----------
X X       
  O X     
  O X X   
  O O     
          
----------

White 3,3
----------
X X       
  O X     
  O X X   
  O O O   
          
----------

Black 2,0
----------
X X       
  O X     
X O X X   
  O O O   
          
----------

White 3,4
----------
X X       
  O X     
X O X X   
  O O O O 
          
----------

Black 2,4
----------
X X       
  O X     
X O X X X 
  O O O O 
          
----------

White 3,0
----------
X X       
  O X     
X O X X X 
O O O O O 
          
----------

Black 4,2
----------
X X       
  O X     
X O X X X 
O O O O O 
    X     
----------

White 1,0
----------
X X       
O O X     
  O X X X 
O O O O O 
    X     
----------

Black 1,3
----------
X X       
O O X X   
  O X X X 
O O O O O 
    X     
----------

White 0,2
----------
    O     
O O X X   
  O X X X 
O O O O O 
    X     
----------

Black 0,1
----------
  X O     
O O X X   
  O X X X 
O O O O O 
    X     
----------

White 0,0
----------
O   O     
O O X X   
  O X X X 
O O O O O 
    X     
----------

Black 4,1
----------
O   O     
O O X X   
  O X X X 
O O O O O 
  X X     
----------

White 0,3
----------
O   O O   
O O X X   
  O X X X 
O O O O O 
  X X     
----------

Black 4,3
----------
O   O O   
O O X X   
  O X X X 
O O O O O 
  X X X   
----------

White 1,4
----------
O   O O   
O O     O 
  O       
O O O O O 
  X X X   
----------

Game end.
The winner is O
ta time: 11.33
student time: 2.16
White(You) win!
=====Round 4=====
Black:You White:TA
Wed Oct 28 22:09:19 PDT 2020
Clean up...
Start Playing...
Black 2,2
----------
          
          
    X     
          
          
----------

White 2,1
----------
          
          
  O X     
          
          
----------

Black 1,2
----------
          
    X     
  O X     
          
          
----------

White 3,2
----------
          
    X     
  O X     
    O     
          
----------

Black 1,1
----------
          
  X X     
  O X     
    O     
          
----------

White 2,3
----------
          
  X X     
  O X O   
    O     
          
----------

Black 1,3
----------
          
  X X X   
  O X O   
    O     
          
----------

White 2,0
----------
          
  X X X   
O O X O   
    O     
          
----------

Black 1,4
----------
          
  X X X X 
O O X O   
    O     
          
----------

White 3,1
----------
          
  X X X X 
O O X O   
  O O     
          
----------

Black 0,1
----------
  X       
  X X X X 
O O X O   
  O O     
          
----------

White 2,4
----------
  X       
  X X X X 
O O X O O 
  O O     
          
----------

Black 0,0
----------
X X       
  X X X X 
O O X O O 
  O O     
          
----------

White 0,2
----------
X X O     
  X X X X 
O O X O O 
  O O     
          
----------

Black 0,3
----------
X X   X   
  X X X X 
O O X O O 
  O O     
          
----------

White 4,2
----------
X X   X   
  X X X X 
O O X O O 
  O O     
    O     
----------

Black 0,2
----------
X X X X   
  X X X X 
O O X O O 
  O O     
    O     
----------

White 3,3
----------
X X X X   
  X X X X 
O O X O O 
  O O O   
    O     
----------

Black 4,0
----------
X X X X   
  X X X X 
O O X O O 
  O O O   
X   O     
----------

White 4,3
----------
X X X X   
  X X X X 
O O X O O 
  O O O   
X   O O   
----------

Black 0,4
----------
X X X X X 
  X X X X 
O O X O O 
  O O O   
X   O O   
----------

White 1,0
----------
          
O         
O O   O O 
  O O O   
X   O O   
----------

Black 1,2
----------
          
O   X     
O O   O O 
  O O O   
X   O O   
----------

White 2,2
----------
          
O   X     
O O O O O 
  O O O   
X   O O   
----------

Game end.
The winner is O
ta time: 15.03
student time: 2.61
Black(You) lose.
=====Round 5=====
Black:TA White:You
Wed Oct 28 22:09:29 PDT 2020
Clean up...
Start Playing...
Black 1,2
----------
          
    X     
          
          
          
----------

White 2,1
----------
          
    X     
  O       
          
          
----------

Black 2,2
----------
          
    X     
  O X     
          
          
----------

White 3,1
----------
          
    X     
  O X     
  O       
          
----------

Black 0,0
----------
X         
    X     
  O X     
  O       
          
----------

White 1,1
----------
X         
  O X     
  O X     
  O       
          
----------

Black 0,1
----------
X X       
  O X     
  O X     
  O       
          
----------

White 3,2
----------
X X       
  O X     
  O X     
  O O     
          
----------

Black 2,3
----------
X X       
  O X     
  O X X   
  O O     
          
----------

White 3,3
----------
X X       
  O X     
  O X X   
  O O O   
          
----------

Black 2,4
----------
X X       
  O X     
  O X X X 
  O O O   
          
----------

White 3,0
----------
X X       
  O X     
  O X X X 
O O O O   
          
----------

Black 1,3
----------
X X       
  O X X   
  O X X X 
O O O O   
          
----------

White 3,4
----------
X X       
  O X X   
  O X X X 
O O O O O 
          
----------

Black 4,2
----------
X X       
  O X X   
  O X X X 
O O O O O 
    X     
----------

White 1,0
----------
X X       
O O X X   
  O X X X 
O O O O O 
    X     
----------

Black 0,2
----------
X X X     
O O X X   
  O X X X 
O O O O O 
    X     
----------

White 2,0
----------
X X X     
O O X X   
O O X X X 
O O O O O 
    X     
----------

Black 1,4
----------
X X X     
O O X X X 
O O X X X 
O O O O O 
    X     
----------

White 4,0
----------
X X X     
O O X X X 
O O X X X 
O O O O O 
O   X     
----------

Black 0,3
----------
X X X X   
O O X X X 
O O X X X 
O O O O O 
O   X     
----------

White 0,4
----------
        O 
O O       
O O       
O O O O O 
O   X     
----------

Black 2,2
----------
        O 
O O       
O O X     
O O O O O 
O   X     
----------

White 1,2
----------
        O 
O O O     
O O X     
O O O O O 
O   X     
----------

Game end.
The winner is O
ta time: 19.12
student time: 3.26
White(You) win!
=====Round 6=====
Black:You White:TA
Wed Oct 28 22:09:40 PDT 2020
Clean up...
Start Playing...
Black 2,2
----------
          
          
    X     
          
          
----------

White 2,1
----------
          
          
  O X     
          
          
----------

Black 1,2
----------
          
    X     
  O X     
          
          
----------

White 3,2
----------
          
    X     
  O X     
    O     
          
----------

Black 1,1
----------
          
  X X     
  O X     
    O     
          
----------

White 2,3
----------
          
  X X     
  O X O   
    O     
          
----------

Black 1,3
----------
          
  X X X   
  O X O   
    O     
          
----------

White 4,2
----------
          
  X X X   
  O X O   
    O     
    O     
----------

Black 1,0
----------
          
X X X X   
  O X O   
    O     
    O     
----------

White 3,3
----------
          
X X X X   
  O X O   
    O O   
    O     
----------

Black 1,4
----------
          
X X X X X 
  O X O   
    O O   
    O     
----------

White 3,1
----------
          
X X X X X 
  O X O   
  O O O   
    O     
----------

Black 2,0
----------
          
X X X X X 
X O X O   
  O O O   
    O     
----------

White 0,2
----------
    O     
X X X X X 
X O X O   
  O O O   
    O     
----------

Black 2,4
----------
    O     
X X X X X 
X O X O X 
  O O O   
    O     
----------

White 0,1
----------
  O O     
X X X X X 
X O X O X 
  O O O   
    O     
----------

Black 3,0
----------
  O O     
X X X X X 
X O X O X 
X O O O   
    O     
----------

White 4,1
----------
  O O     
X X X X X 
X O X O X 
X O O O   
  O O     
----------

Black 3,4
----------
  O O     
X X X X X 
X O X O X 
X O O O X 
  O O     
----------

White 4,3
----------
  O O     
X X X X X 
X O X O X 
X O O O X 
  O O O   
----------

Black 0,0
----------
X O O     
X X X X X 
X O X O X 
X O O O X 
  O O O   
----------

White 0,3
----------
X O O O   
X X X X X 
X O X O X 
X O O O X 
  O O O   
----------

Black 0,4
----------
X       X 
X X X X X 
X O X O X 
X O O O X 
  O O O   
----------

White 0,2
----------
X   O   X 
X X X X X 
X O X O X 
X O O O X 
  O O O   
----------

Game end.
The winner is X
ta time: 22.56
student time: 3.85
Black(You) win!
=====Round 7=====
Black:TA White:You
Wed Oct 28 22:09:49 PDT 2020
Clean up...
Start Playing...
Black 1,2
----------
          
    X     
          
          
          
----------

White 2,1
----------
          
    X     
  O       
          
          
----------

Black 2,2
----------
          
    X     
  O X     
          
          
----------

White 3,1
----------
          
    X     
  O X     
  O       
          
----------

Black 0,0
----------
X         
    X     
  O X     
  O       
          
----------

White 1,1
----------
X         
  O X     
  O X     
  O       
          
----------

Black 0,1
----------
X X       
  O X     
  O X     
  O       
          
----------

White 3,2
----------
X X       
  O X     
  O X     
  O O     
          
----------

Black 2,3
----------
X X       
  O X     
  O X X   
  O O     
          
----------

White 3,3
----------
X X       
  O X     
  O X X   
  O O O   
          
----------

Black 1,3
----------
X X       
  O X X   
  O X X   
  O O O   
          
----------

White 3,4
----------
X X       
  O X X   
  O X X   
  O O O O 
          
----------

Black 4,2
----------
X X       
  O X X   
  O X X   
  O O O O 
    X     
----------

White 2,4
----------
X X       
  O X X   
  O X X O 
  O O O O 
    X     
----------

Black 2,0
----------
X X       
  O X X   
X O X X O 
  O O O O 
    X     
----------

White 1,4
----------
X X       
  O X X O 
X O X X O 
  O O O O 
    X     
----------

Black 0,2
----------
X X X     
  O X X O 
X O X X O 
  O O O O 
    X     
----------

White 0,4
----------
X X X   O 
  O X X O 
X O X X O 
  O O O O 
    X     
----------

Black 0,3
----------
X X X X O 
  O X X O 
X O X X O 
  O O O O 
    X     
----------

White 1,0
----------
        O 
O O     O 
X O     O 
  O O O O 
    X     
----------

Black 2,2
----------
        O 
O O     O 
X O X   O 
  O O O O 
    X     
----------

White 3,0
----------
        O 
O O     O 
  O X   O 
O O O O O 
    X     
----------

Black 1,2
----------
        O 
O O X   O 
  O X   O 
O O O O O 
    X     
----------

White 0,1
----------
  O     O 
O O X   O 
  O X   O 
O O O O O 
    X     
----------

Game end.
The winner is O
ta time: 26.44
student time: 4.35
White(You) win!
=====Round 8=====
Black:You White:TA
Wed Oct 28 22:09:59 PDT 2020
Clean up...
Start Playing...
Black 2,2
----------
          
          
    X     
          
          
----------

White 2,1
----------
          
          
  O X     
          
          
----------

Black 1,2
----------
          
    X     
  O X     
          
          
----------

White 3,2
----------
          
    X     
  O X     
    O     
          
----------

Black 1,1
----------
          
  X X     
  O X     
    O     
          
----------

White 2,3
----------
          
  X X     
  O X O   
    O     
          
----------

Black 1,3
----------
          
  X X X   
  O X O   
    O     
          
----------

White 3,1
----------
          
  X X X   
  O X O   
  O O     
          
----------

Black 1,0
----------
          
X X X X   
  O X O   
  O O     
          
----------

White 2,0
----------
          
X X X X   
O O X O   
  O O     
          
----------

Black 1,4
----------
          
X X X X X 
O O X O   
  O O     
          
----------

White 4,2
----------
          
X X X X X 
O O X O   
  O O     
    O     
----------

Black 2,4
----------
          
X X X X X 
O O X O X 
  O O     
    O     
----------

White 3,3
----------
          
X X X X X 
O O X O X 
  O O O   
    O     
----------

Black 3,4
----------
          
X X X X X 
O O X O X 
  O O O X 
    O     
----------

White 0,2
----------
    O     
X X X X X 
O O X O X 
  O O O X 
    O     
----------

Black 4,4
----------
    O     
X X X X X 
O O X O X 
  O O O X 
    O   X 
----------

White 4,1
----------
    O     
X X X X X 
O O X O X 
  O O O X 
  O O   X 
----------

Black 0,0
----------
X   O     
X X X X X 
O O X O X 
  O O O X 
  O O   X 
----------

White 0,1
----------
X O O     
X X X X X 
O O X O X 
  O O O X 
  O O   X 
----------

Black 0,3
----------
X     X   
X X X X X 
O O X O X 
  O O O X 
  O O   X 
----------

White 0,2
----------
X   O X   
X X X X X 
O O X O X 
  O O O X 
  O O   X 
----------

Black 0,1
----------
X X   X   
X X X X X 
O O X O X 
  O O O X 
  O O   X 
----------

White 4,3
----------
X X   X   
X X X X X 
O O X O X 
  O O O X 
  O O O X 
----------

Game end.
The winner is X
ta time: 29.84
student time: 4.9
Black(You) win!
=====Round 9=====
Black:TA White:You
Wed Oct 28 22:10:08 PDT 2020
Clean up...
Start Playing...
Black 1,2
----------
          
    X     
          
          
          
----------

White 2,1
----------
          
    X     
  O       
          
          
----------

Black 2,2
----------
          
    X     
  O X     
          
          
----------

White 3,1
----------
          
    X     
  O X     
  O       
          
----------

Black 0,0
----------
X         
    X     
  O X     
  O       
          
----------

White 1,1
----------
X         
  O X     
  O X     
  O       
          
----------

Black 0,1
----------
X X       
  O X     
  O X     
  O       
          
----------

White 3,2
----------
X X       
  O X     
  O X     
  O O     
          
----------

Black 2,3
----------
X X       
  O X     
  O X X   
  O O     
          
----------

White 3,3
----------
X X       
  O X     
  O X X   
  O O O   
          
----------

Black 4,2
----------
X X       
  O X     
  O X X   
  O O O   
    X     
----------

White 3,4
----------
X X       
  O X     
  O X X   
  O O O O 
    X     
----------

Black 2,4
----------
X X       
  O X     
  O X X X 
  O O O O 
    X     
----------

White 3,0
----------
X X       
  O X     
  O X X X 
O O O O O 
    X     
----------

Black 1,3
----------
X X       
  O X X   
  O X X X 
O O O O O 
    X     
----------

White 1,0
----------
X X       
O O X X   
  O X X X 
O O O O O 
    X     
----------

Black 0,2
----------
X X X     
O O X X   
  O X X X 
O O O O O 
    X     
----------

White 2,0
----------
X X X     
O O X X   
O O X X X 
O O O O O 
    X     
----------

Black 4,1
----------
X X X     
O O X X   
O O X X X 
O O O O O 
  X X     
----------

White 4,0
----------
X X X     
O O X X   
O O X X X 
O O O O O 
O X X     
----------

Black 1,4
----------
X X X     
O O X X X 
O O X X X 
O O O O O 
O X X     
----------

White 4,3
----------
X X X     
O O X X X 
O O X X X 
O O O O O 
O     O   
----------

Black 4,2
----------
X X X     
O O X X X 
O O X X X 
O O O O O 
O   X O   
----------

White 4,1
----------
X X X     
O O X X X 
O O X X X 
O O O O O 
O O   O   
----------

Game end.
The winner is O
ta time: 33.77
student time: 5.44
White(You) win!
=====Round 10=====
Black:You White:TA
Wed Oct 28 22:10:17 PDT 2020
Clean up...
Start Playing...
Black 2,2
----------
          
          
    X     
          
          
----------

White 2,1
----------
          
          
  O X     
          
          
----------

Black 1,2
----------
          
    X     
  O X     
          
          
----------

White 3,2
----------
          
    X     
  O X     
    O     
          
----------

Black 1,1
----------
          
  X X     
  O X     
    O     
          
----------

White 2,3
----------
          
  X X     
  O X O   
    O     
          
----------

Black 1,3
----------
          
  X X X   
  O X O   
    O     
          
----------

White 3,3
----------
          
  X X X   
  O X O   
    O O   
          
----------

Black 1,0
----------
          
X X X X   
  O X O   
    O O   
          
----------

White 4,2
----------
          
X X X X   
  O X O   
    O O   
    O     
----------

Black 1,4
----------
          
X X X X X 
  O X O   
    O O   
    O     
----------

White 0,2
----------
    O     
X X X X X 
  O X O   
    O O   
    O     
----------

Black 2,0
----------
    O     
X X X X X 
X O X O   
    O O   
    O     
----------

White 2,4
----------
    O     
X X X X X 
X O X O O 
    O O   
    O     
----------

Black 3,1
----------
    O     
X X X X X 
X   X O O 
  X O O   
    O     
----------

White 4,3
----------
    O     
X X X X X 
X   X O O 
  X O O   
    O O   
----------

Black 2,1
----------
    O     
X X X X X 
X X X O O 
  X O O   
    O O   
----------

White 0,1
----------
  O O     
X X X X X 
X X X O O 
  X O O   
    O O   
----------

Black 3,0
----------
  O O     
X X X X X 
X X X O O 
X X O O   
    O O   
----------

White 3,4
----------
  O O     
X X X X X 
X X X O O 
X X O O O 
    O O   
----------

Black 0,0
----------
X O O     
X X X X X 
X X X O O 
X X O O O 
    O O   
----------

White 0,3
----------
X O O O   
X X X X X 
X X X O O 
X X O O O 
    O O   
----------

Black 0,4
----------
X       X 
X X X X X 
X X X O O 
X X O O O 
    O O   
----------

White 0,2
----------
X   O   X 
X X X X X 
X X X O O 
X X O O O 
    O O   
----------

Game end.
The winner is X
ta time: 37.57
student time: 6.1
Black(You) win!

==Playing with championship_player==
=====Round 1=====
Black:TA White:You
Wed Oct 28 22:10:27 PDT 2020
Clean up...
Start Playing...
Black 2,2
----------
          
          
    X     
          
          
----------

White 1,1
----------
          
  O       
    X     
          
          
----------

Black 1,2
----------
          
  O X     
    X     
          
          
----------

White 2,1
----------
          
  O X     
  O X     
          
          
----------

Black 3,1
----------
          
  O X     
  O X     
  X       
          
----------

White 0,1
----------
  O       
  O X     
  O X     
  X       
          
----------

Black 3,0
----------
  O       
  O X     
  O X     
X X       
          
----------

White 0,2
----------
  O O     
  O X     
  O X     
X X       
          
----------

Black 1,3
----------
  O O     
  O X X   
  O X     
X X       
          
----------

White 0,3
----------
  O O O   
  O X X   
  O X     
X X       
          
----------

Black 1,4
----------
  O O O   
  O X X X 
  O X     
X X       
          
----------

White 0,0
----------
O O O O   
  O X X X 
  O X     
X X       
          
----------

Black 2,0
----------
O O O O   
  O X X X 
X O X     
X X       
          
----------

White 3,3
----------
O O O O   
  O X X X 
X O X     
X X   O   
          
----------

Black 0,4
----------
O O O O X 
  O X X X 
X O X     
X X   O   
          
----------

White 2,3
----------
O O O O X 
  O X X X 
X O X O   
X X   O   
          
----------

Black 1,0
----------
        X 
X   X X X 
X   X O   
X X   O   
          
----------

White 3,2
----------
        X 
X   X X X 
X   X O   
X X O O   
          
----------

Black 4,1
----------
        X 
X   X X X 
X   X O   
X X O O   
  X       
----------

White 3,4
----------
        X 
X   X X X 
X   X O   
X X O O O 
  X       
----------

Black 4,2
----------
        X 
X   X X X 
X   X O   
X X O O O 
  X X     
----------

White 2,4
----------
        X 
X   X X X 
X   X O O 
X X O O O 
  X X     
----------

Black 0,3
----------
      X X 
X   X X X 
X   X O O 
X X O O O 
  X X     
----------

White 0,1
----------
  O   X X 
X   X X X 
X   X O O 
X X O O O 
  X X     
----------

Game end.
The winner is X
ta time: 71.92
student time: 6.76
White(You) lose.
=====Round 2=====
Black:You White:TA
Wed Oct 28 22:10:57 PDT 2020
Clean up...
Start Playing...
Black 2,2
----------
          
          
    X     
          
          
----------

White 1,1
----------
          
  O       
    X     
          
          
----------

Black 2,3
----------
          
  O       
    X X   
          
          
----------

White 1,2
----------
          
  O O     
    X X   
          
          
----------

Black 1,3
----------
          
  O O X   
    X X   
          
          
----------

White 2,1
----------
          
  O O X   
  O X X   
          
          
----------

Black 3,2
----------
          
  O O X   
  O X X   
    X     
          
----------

White 3,1
----------
          
  O O X   
  O X X   
  O X     
          
----------

Black 3,3
----------
          
  O O X   
  O X X   
  O X X   
          
----------

White 0,3
----------
      O   
  O O X   
  O X X   
  O X X   
          
----------

Black 1,4
----------
      O   
  O O X X 
  O X X   
  O X X   
          
----------

White 4,1
----------
      O   
  O O X X 
  O X X   
  O X X   
  O       
----------

Black 3,4
----------
      O   
  O O X X 
  O X X   
  O X X X 
  O       
----------

White 0,2
----------
    O O   
  O O X X 
  O X X   
  O X X X 
  O       
----------

Black 0,4
----------
    O O X 
  O O X X 
  O X X   
  O X X X 
  O       
----------

White 4,2
----------
    O O X 
  O O X X 
  O X X   
  O X X X 
  O O     
----------

Black 2,4
----------
    O O X 
  O O X X 
  O X X X 
  O X X X 
  O O     
----------

White 2,0
----------
    O O X 
  O O X X 
O O X X X 
  O X X X 
  O O     
----------

Black 0,0
----------
X   O O X 
  O O X X 
O O X X X 
  O X X X 
  O O     
----------

White 4,3
----------
X   O O X 
  O O X X 
O O X X X 
  O X X X 
  O O O   
----------

Black 0,1
----------
X X O O X 
  O O X X 
O O X X X 
  O X X X 
  O O O   
----------

White 4,4
----------
X X O O   
  O O     
O O       
  O       
  O O O O 
----------

Black 2,3
----------
X X O O   
  O O     
O O   X   
  O       
  O O O O 
----------

White 1,3
----------
X X O O   
  O O O   
O O   X   
  O       
  O O O O 
----------

Game end.
The winner is O
ta time: 109.72
student time: 7.56
Black(You) lose.
=====Round 3=====
Black:TA White:You
Wed Oct 28 22:11:25 PDT 2020
Clean up...
Start Playing...
Black 2,2
----------
          
          
    X     
          
          
----------

White 1,1
----------
          
  O       
    X     
          
          
----------

Black 1,2
----------
          
  O X     
    X     
          
          
----------

White 2,1
----------
          
  O X     
  O X     
          
          
----------

Black 3,1
----------
          
  O X     
  O X     
  X       
          
----------

White 0,1
----------
  O       
  O X     
  O X     
  X       
          
----------

Black 3,0
----------
  O       
  O X     
  O X     
X X       
          
----------

White 0,2
----------
  O O     
  O X     
  O X     
X X       
          
----------

Black 1,3
----------
  O O     
  O X X   
  O X     
X X       
          
----------

White 0,3
----------
  O O O   
  O X X   
  O X     
X X       
          
----------

Black 1,4
----------
  O O O   
  O X X X 
  O X     
X X       
          
----------

White 0,0
----------
O O O O   
  O X X X 
  O X     
X X       
          
----------

Black 2,0
----------
O O O O   
  O X X X 
X O X     
X X       
          
----------

White 3,3
----------
O O O O   
  O X X X 
X O X     
X X   O   
          
----------

Black 0,4
----------
O O O O X 
  O X X X 
X O X     
X X   O   
          
----------

White 2,3
----------
O O O O X 
  O X X X 
X O X O   
X X   O   
          
----------

Black 1,0
----------
        X 
X   X X X 
X   X O   
X X   O   
          
----------

White 3,2
----------
        X 
X   X X X 
X   X O   
X X O O   
          
----------

Black 2,4
----------
        X 
X   X X X 
X   X O X 
X X O O   
          
----------

White 3,4
----------
        X 
X   X X X 
X   X O X 
X X O O O 
          
----------

Black 2,1
----------
        X 
X   X X X 
X X X O X 
X X O O O 
          
----------

White 4,2
----------
        X 
X   X X X 
X X X O X 
X X O O O 
    O     
----------

Black 0,0
----------
X       X 
X   X X X 
X X X O X 
X X O O O 
    O     
----------

White 4,1
----------
X       X 
X   X X X 
X X X O X 
X X O O O 
  O O     
----------

Game end.
The winner is X
ta time: 146.42
student time: 8.07
White(You) lose.
=====Round 4=====
Black:You White:TA
Wed Oct 28 22:11:54 PDT 2020
Clean up...
Start Playing...
Black 2,2
----------
          
          
    X     
          
          
----------

White 3,2
----------
          
          
    X     
    O     
          
----------

Black 1,2
----------
          
    X     
    X     
    O     
          
----------

White 3,3
----------
          
    X     
    X     
    O O   
          
----------

Black 1,1
----------
          
  X X     
    X     
    O O   
          
----------

White 3,1
----------
          
  X X     
    X     
  O O O   
          
----------

Black 1,3
----------
          
  X X X   
    X     
  O O O   
          
----------

White 2,0
----------
          
  X X X   
O   X     
  O O O   
          
----------

Black 1,4
----------
          
  X X X X 
O   X     
  O O O   
          
----------

White 2,1
----------
          
  X X X X 
O O X     
  O O O   
          
----------

Black 0,1
----------
  X       
  X X X X 
O O X     
  O O O   
          
----------

White 1,0
----------
  X       
O X X X X 
O O X     
  O O O   
          
----------

Black 2,3
----------
  X       
O X X X X 
O O X X   
  O O O   
          
----------

White 3,4
----------
  X       
O X X X X 
O O X X   
  O O O O 
          
----------

Black 0,0
----------
X X       
O X X X X 
O O X X   
  O O O O 
          
----------

White 0,3
----------
X X   O   
O X X X X 
O O X X   
  O O O O 
          
----------

Black 0,2
----------
X X X O   
O X X X X 
O O X X   
  O O O O 
          
----------

White 4,2
----------
X X X O   
O X X X X 
O O X X   
  O O O O 
    O     
----------

Black 4,0
----------
X X X O   
O X X X X 
O O X X   
  O O O O 
X   O     
----------

White 3,0
----------
X X X O   
O X X X X 
O O X X   
O O O O O 
X   O     
----------

Black 0,4
----------
X X X   X 
O X X X X 
O O X X   
O O O O O 
X   O     
----------

White 4,4
----------
X X X   X 
O X X X X 
O O X X   
O O O O O 
X   O   O 
----------

Black 0,3
----------
X X X X X 
O X X X X 
O O X X   
O O O O O 
X   O   O 
----------

White 2,4
----------
          
O         
O O     O 
O O O O O 
X   O   O 
----------

Game end.
The winner is O
ta time: 183.75
student time: 8.82
Black(You) lose.
=====Round 5=====
Black:TA White:You
Wed Oct 28 22:12:23 PDT 2020
Clean up...
Start Playing...
Black 2,2
----------
          
          
    X     
          
          
----------

White 1,1
----------
          
  O       
    X     
          
          
----------

Black 2,1
----------
          
  O       
  X X     
          
          
----------

White 1,2
----------
          
  O O     
  X X     
          
          
----------

Black 1,3
----------
          
  O O X   
  X X     
          
          
----------

White 1,0
----------
          
O O O X   
  X X     
          
          
----------

Black 0,3
----------
      X   
O O O X   
  X X     
          
          
----------

White 2,0
----------
      X   
O O O X   
O X X     
          
          
----------

Black 3,1
----------
      X   
O O O X   
O X X     
  X       
          
----------

White 3,0
----------
      X   
O O O X   
O X X     
O X       
          
----------

Black 4,1
----------
      X   
O O O X   
O X X     
O X       
  X       
----------

White 0,0
----------
O     X   
O O O X   
O X X     
O X       
  X       
----------

Black 0,2
----------
O   X X   
O O O X   
O X X     
O X       
  X       
----------

White 3,3
----------
O   X X   
O O O X   
O X X     
O X   O   
  X       
----------

Black 4,0
----------
O   X X   
O O O X   
O X X     
O X   O   
X X       
----------

White 2,3
----------
O   X X   
O O O X   
O X X O   
O X   O   
X X       
----------

Black 0,1
----------
  X X X   
      X   
  X X O   
  X   O   
X X       
----------

White 3,2
----------
  X X X   
      X   
  X X O   
  X O O   
X X       
----------

Black 1,4
----------
  X X X   
      X X 
  X X O   
  X O O   
X X       
----------

White 3,4
----------
  X X X   
      X X 
  X X O   
  X O O O 
X X       
----------

Black 1,2
----------
  X X X   
    X X X 
  X X O   
  X O O O 
X X       
----------

White 2,4
----------
  X X X   
    X X X 
  X X O O 
  X O O O 
X X       
----------

Black 4,2
----------
  X X X   
    X X X 
  X X O O 
  X O O O 
X X X     
----------

White 1,0
----------
  X X X   
O   X X X 
  X X O O 
  X O O O 
X X X     
----------

Game end.
The winner is X
ta time: 222.48
student time: 9.57
White(You) lose.
=====Round 6=====
Black:You White:TA
Wed Oct 28 22:12:51 PDT 2020
Clean up...
Start Playing...
Black 2,2
----------
          
          
    X     
          
          
----------

White 2,3
----------
          
          
    X O   
          
          
----------

Black 1,2
----------
          
    X     
    X O   
          
          
----------

White 3,3
----------
          
    X     
    X O   
      O   
          
----------

Black 1,1
----------
          
  X X     
    X O   
      O   
          
----------

White 3,2
----------
          
  X X     
    X O   
    O O   
          
----------

Black 1,3
----------
          
  X X X   
    X O   
    O O   
          
----------

White 3,1
----------
          
  X X X   
    X O   
  O O O   
          
----------

Black 1,0
----------
          
X X X X   
    X O   
  O O O   
          
----------

White 1,4
----------
          
X X X X O 
    X O   
  O O O   
          
----------

Black 0,3
----------
      X   
X X X X O 
    X O   
  O O O   
          
----------

White 2,1
----------
      X   
X X X X O 
  O X O   
  O O O   
          
----------

Black 2,0
----------
      X   
X X X X O 
X O X O   
  O O O   
          
----------

White 3,0
----------
      X   
X X X X O 
X O X O   
O O O O   
          
----------

Black 0,0
----------
X     X   
X X X X O 
X O X O   
O O O O   
          
----------

White 2,4
----------
X     X   
X X X X O 
X O X O O 
O O O O   
          
----------

Black 0,1
----------
X X   X   
X X X X O 
X O X O O 
O O O O   
          
----------

White 4,2
----------
X X   X   
X X X X O 
X O X O O 
O O O O   
    O     
----------

Black 4,4
----------
X X   X   
X X X X O 
X O X O O 
O O O O   
    O   X 
----------

White 3,4
----------
X X   X   
X X X X O 
X O X O O 
O O O O O 
    O   X 
----------

Black 0,2
----------
X X X X   
X X X X O 
X O X O O 
O O O O O 
    O   X 
----------

White 0,4
----------
        O 
        O 
  O   O O 
O O O O O 
    O   X 
----------

Black 1,2
----------
        O 
    X   O 
  O   O O 
O O O O O 
    O   X 
----------

White 4,3
----------
        O 
    X   O 
  O   O O 
O O O O O 
    O O   
----------

Game end.
The winner is O
ta time: 259.81
student time: 10.42
Black(You) lose.
=====Round 7=====
Black:TA White:You
Wed Oct 28 22:13:21 PDT 2020
Clean up...
Start Playing...
Black 2,2
----------
          
          
    X     
          
          
----------

White 1,1
----------
          
  O       
    X     
          
          
----------

Black 2,1
----------
          
  O       
  X X     
          
          
----------

White 1,2
----------
          
  O O     
  X X     
          
          
----------

Black 1,3
----------
          
  O O X   
  X X     
          
          
----------

White 1,0
----------
          
O O O X   
  X X     
          
          
----------

Black 0,2
----------
    X     
O O O X   
  X X     
          
          
----------

White 2,0
----------
    X     
O O O X   
O X X     
          
          
----------

Black 3,0
----------
    X     
O O O X   
O X X     
X         
          
----------

White 3,3
----------
    X     
O O O X   
O X X     
X     O   
          
----------

Black 3,1
----------
    X     
O O O X   
O X X     
X X   O   
          
----------

White 2,3
----------
    X     
O O O X   
O X X O   
X X   O   
          
----------

Black 0,1
----------
  X X     
O O O X   
O X X O   
X X   O   
          
----------

White 3,2
----------
  X X     
O O O X   
O X X O   
X X O O   
          
----------

Black 0,0
----------
X X X     
      X   
  X X O   
X X O O   
          
----------

White 2,4
----------
X X X     
      X   
  X X O O 
X X O O   
          
----------

Black 1,4
----------
X X X     
      X X 
  X X O O 
X X O O   
          
----------

White 3,4
----------
X X X     
      X X 
  X X O O 
X X O O O 
          
----------

Black 4,1
----------
X X X     
      X X 
  X X O O 
X X O O O 
  X       
----------

White 4,2
----------
X X X     
      X X 
  X X O O 
X X O O O 
  X O     
----------

Black 1,0
----------
X X X     
X     X X 
  X X O O 
X X O O O 
  X O     
----------

White 4,3
----------
X X X     
X     X X 
  X X O O 
X X O O O 
  X O O   
----------

Black 1,2
----------
X X X     
X   X X X 
  X X O O 
X X O O O 
  X O O   
----------

White 0,3
----------
X X X O   
X   X X X 
  X X O O 
X X O O O 
  X O O   
----------

Game end.
The winner is X
ta time: 289.28
student time: 11.08
White(You) lose.
=====Round 8=====
Black:You White:TA
Wed Oct 28 22:13:45 PDT 2020
Clean up...
Start Playing...
Black 2,2
----------
          
          
    X     
          
          
----------

White 1,2
----------
          
    O     
    X     
          
          
----------

Black 2,1
----------
          
    O     
  X X     
          
          
----------

White 1,3
----------
          
    O O   
  X X     
          
          
----------

Black 1,1
----------
          
  X O O   
  X X     
          
          
----------

White 2,3
----------
          
  X O O   
  X X O   
          
          
----------

Black 3,1
----------
          
  X O O   
  X X O   
  X       
          
----------

White 3,3
----------
          
  X O O   
  X X O   
  X   O   
          
----------

Black 0,1
----------
  X       
  X O O   
  X X O   
  X   O   
          
----------

White 0,2
----------
  X O     
  X O O   
  X X O   
  X   O   
          
----------

Black 3,2
----------
  X O     
  X O O   
  X X O   
  X X O   
          
----------

White 4,3
----------
  X O     
  X O O   
  X X O   
  X X O   
      O   
----------

Black 3,0
----------
  X O     
  X O O   
  X X O   
X X X O   
      O   
----------

White 2,4
----------
  X O     
  X O O   
  X X O O 
X X X O   
      O   
----------

Black 0,0
----------
X X O     
  X O O   
  X X O O 
X X X O   
      O   
----------

White 0,3
----------
X X O O   
  X O O   
  X X O O 
X X X O   
      O   
----------

Black 1,0
----------
X X O O   
X X O O   
  X X O O 
X X X O   
      O   
----------

White 1,4
----------
X X O O   
X X O O O 
  X X O O 
X X X O   
      O   
----------

Black 2,0
----------
X X O O   
X X O O O 
X X X O O 
X X X O   
      O   
----------

White 4,2
----------
X X O O   
X X O O O 
X X X O O 
X X X O   
    O O   
----------

Black 4,0
----------
X X O O   
X X O O O 
X X X O O 
X X X O   
X   O O   
----------

White 4,1
----------
    O O   
    O O O 
      O O 
      O   
  O O O   
----------

Black 2,1
----------
    O O   
    O O O 
  X   O O 
      O   
  O O O   
----------

White 3,0
----------
    O O   
    O O O 
  X   O O 
O     O   
  O O O   
----------

Game end.
The winner is O
ta time: 326.26
student time: 11.83
Black(You) lose.
=====Round 9=====
Black:TA White:You
Wed Oct 28 22:14:14 PDT 2020
Clean up...
Start Playing...
Black 2,2
----------
          
          
    X     
          
          
----------

White 1,1
----------
          
  O       
    X     
          
          
----------

Black 2,1
----------
          
  O       
  X X     
          
          
----------

White 1,2
----------
          
  O O     
  X X     
          
          
----------

Black 1,3
----------
          
  O O X   
  X X     
          
          
----------

White 1,0
----------
          
O O O X   
  X X     
          
          
----------

Black 0,3
----------
      X   
O O O X   
  X X     
          
          
----------

White 2,0
----------
      X   
O O O X   
O X X     
          
          
----------

Black 3,1
----------
      X   
O O O X   
O X X     
  X       
          
----------

White 3,0
----------
      X   
O O O X   
O X X     
O X       
          
----------

Black 4,1
----------
      X   
O O O X   
O X X     
O X       
  X       
----------

White 0,0
----------
O     X   
O O O X   
O X X     
O X       
  X       
----------

Black 0,2
----------
O   X X   
O O O X   
O X X     
O X       
  X       
----------

White 3,3
----------
O   X X   
O O O X   
O X X     
O X   O   
  X       
----------

Black 4,0
----------
O   X X   
O O O X   
O X X     
O X   O   
X X       
----------

White 2,3
----------
O   X X   
O O O X   
O X X O   
O X   O   
X X       
----------

Black 0,1
----------
  X X X   
      X   
  X X O   
  X   O   
X X       
----------

White 3,2
----------
  X X X   
      X   
  X X O   
  X O O   
X X       
----------

Black 2,4
----------
  X X X   
      X   
  X X O X 
  X O O   
X X       
----------

White 3,4
----------
  X X X   
      X   
  X X O X 
  X O O O 
X X       
----------

Black 1,4
----------
  X X X   
      X X 
  X X O X 
  X O O O 
X X       
----------

White 4,2
----------
  X X X   
      X X 
  X X O X 
  X O O O 
X X O     
----------

Black 1,2
----------
  X X X   
    X X X 
  X X O X 
  X O O O 
X X O     
----------

White 1,0
----------
  X X X   
O   X X X 
  X X O X 
  X O O O 
X X O     
----------

Game end.
The winner is X
ta time: 364.91
student time: 12.25
White(You) lose.
=====Round 10=====
Black:You White:TA
Wed Oct 28 22:14:42 PDT 2020
Clean up...
Start Playing...
Black 2,2
----------
          
          
    X     
          
          
----------

White 1,2
----------
          
    O     
    X     
          
          
----------

Black 2,1
----------
          
    O     
  X X     
          
          
----------

White 1,3
----------
          
    O O   
  X X     
          
          
----------

Black 1,1
----------
          
  X O O   
  X X     
          
          
----------

White 2,3
----------
          
  X O O   
  X X O   
          
          
----------

Black 3,1
----------
          
  X O O   
  X X O   
  X       
          
----------

White 3,3
----------
          
  X O O   
  X X O   
  X   O   
          
----------

Black 0,1
----------
  X       
  X O O   
  X X O   
  X   O   
          
----------

White 0,2
----------
  X O     
  X O O   
  X X O   
  X   O   
          
----------

Black 3,2
----------
  X O     
  X O O   
  X X O   
  X X O   
          
----------

White 4,3
----------
  X O     
  X O O   
  X X O   
  X X O   
      O   
----------

Black 3,0
----------
  X O     
  X O O   
  X X O   
X X X O   
      O   
----------

White 2,4
----------
  X O     
  X O O   
  X X O O 
X X X O   
      O   
----------

Black 0,0
----------
X X O     
  X O O   
  X X O O 
X X X O   
      O   
----------

White 0,3
----------
X X O O   
  X O O   
  X X O O 
X X X O   
      O   
----------

Black 1,0
----------
X X O O   
X X O O   
  X X O O 
X X X O   
      O   
----------

White 1,4
----------
X X O O   
X X O O O 
  X X O O 
X X X O   
      O   
----------

Black 2,0
----------
X X O O   
X X O O O 
X X X O O 
X X X O   
      O   
----------

White 4,1
----------
X X O O   
X X O O O 
X X X O O 
X X X O   
  O   O   
----------

Black 4,0
----------
X X O O   
X X O O O 
X X X O O 
X X X O   
X O   O   
----------

White 4,2
----------
    O O   
    O O O 
      O O 
      O   
  O O O   
----------

Black 2,1
----------
    O O   
    O O O 
  X   O O 
      O   
  O O O   
----------

White 3,2
----------
    O O   
    O O O 
  X   O O 
    O O   
  O O O   
----------

Game end.
The winner is O
ta time: 401.64
student time: 12.58
Black(You) lose.
