Wed Oct 28 21:59:33 PDT 2020

==Playing with qlearning_player==
=====Round 1=====
Black:TA White:You
Wed Oct 28 21:59:33 PDT 2020
Clean up...
Start Playing...
Black 1,2
----------
          
    X     
          
          
          
----------

White 2,1
----------
          
    X     
  O       
          
          
----------

Black 2,2
----------
          
    X     
  O X     
          
          
----------

White 3,1
----------
          
    X     
  O X     
  O       
          
----------

Black 0,0
----------
X         
    X     
  O X     
  O       
          
----------

White 1,1
----------
X         
  O X     
  O X     
  O       
          
----------

Black 0,1
----------
X X       
  O X     
  O X     
  O       
          
----------

White 3,2
----------
X X       
  O X     
  O X     
  O O     
          
----------

Black 2,3
----------
X X       
  O X     
  O X X   
  O O     
          
----------

White 3,3
----------
X X       
  O X     
  O X X   
  O O O   
          
----------

Black 1,3
----------
X X       
  O X X   
  O X X   
  O O O   
          
----------

White 3,4
----------
X X       
  O X X   
  O X X   
  O O O O 
          
----------

Black 4,2
----------
X X       
  O X X   
  O X X   
  O O O O 
    X     
----------

White 2,4
----------
X X       
  O X X   
  O X X O 
  O O O O 
    X     
----------

Black 0,2
----------
X X X     
  O X X   
  O X X O 
  O O O O 
    X     
----------

White 1,4
----------
X X X     
  O X X O 
  O X X O 
  O O O O 
    X     
----------

Black 2,0
----------
X X X     
  O X X O 
X O X X O 
  O O O O 
    X     
----------

White 0,4
----------
X X X   O 
  O X X O 
X O X X O 
  O O O O 
    X     
----------

Black 1,0
----------
X X X   O 
X O X X O 
X O X X O 
  O O O O 
    X     
----------

White 3,0
----------
X X X   O 
X O X X O 
X O X X O 
O O O O O 
    X     
----------

Black 4,1
----------
X X X   O 
X O X X O 
X O X X O 
O O O O O 
  X X     
----------

White 0,3
----------
      O O 
  O     O 
  O     O 
O O O O O 
  X X     
----------

Black 2,2
----------
      O O 
  O     O 
  O X   O 
O O O O O 
  X X     
----------

White 0,1
----------
  O   O O 
  O     O 
  O X   O 
O O O O O 
  X X     
----------

Game end.
The winner is O
ta time: 4.01
student time: 0.6
White(You) win!
=====Round 2=====
Black:You White:TA
Wed Oct 28 21:59:42 PDT 2020
Clean up...
Start Playing...
Black 2,2
----------
          
          
    X     
          
          
----------

White 2,1
----------
          
          
  O X     
          
          
----------

Black 1,2
----------
          
    X     
  O X     
          
          
----------

White 3,2
----------
          
    X     
  O X     
    O     
          
----------

Black 1,1
----------
          
  X X     
  O X     
    O     
          
----------

White 2,3
----------
          
  X X     
  O X O   
    O     
          
----------

Black 1,3
----------
          
  X X X   
  O X O   
    O     
          
----------

White 3,1
----------
          
  X X X   
  O X O   
  O O     
          
----------

Black 1,0
----------
          
X X X X   
  O X O   
  O O     
          
----------

White 2,0
----------
          
X X X X   
O O X O   
  O O     
          
----------

Black 1,4
----------
          
X X X X X 
O O X O   
  O O     
          
----------

White 2,4
----------
          
X X X X X 
O O X O O 
  O O     
          
----------

Black 0,0
----------
X         
X X X X X 
O O X O O 
  O O     
          
----------

White 4,2
----------
X         
X X X X X 
O O X O O 
  O O     
    O     
----------

Black 0,1
----------
X X       
X X X X X 
O O X O O 
  O O     
    O     
----------

White 0,2
----------
X X O     
X X X X X 
O O X O O 
  O O     
    O     
----------

Black 3,3
----------
X X O     
X X X X X 
O O X O O 
  O O X   
    O     
----------

White 4,3
----------
X X O     
X X X X X 
O O X O O 
  O O X   
    O O   
----------

Black 3,4
----------
X X O     
X X X X X 
O O X     
  O O X X 
    O O   
----------

White 2,3
----------
X X O     
X X X X X 
O O X O   
  O O X X 
    O O   
----------

Black 0,3
----------
X X   X   
X X X X X 
O O X O   
  O O X X 
    O O   
----------

White 4,1
----------
X X   X   
X X X X X 
O O X O   
  O O X X 
  O O O   
----------

Black 2,4
----------
X X   X   
X X X X X 
O O X   X 
  O O X X 
  O O O   
----------

White 3,0
----------
X X   X   
X X X X X 
O O X   X 
O O O X X 
  O O O   
----------

Game end.
The winner is X
ta time: 7.77
student time: 1.25
Black(You) win!
=====Round 3=====
Black:TA White:You
Wed Oct 28 21:59:51 PDT 2020
Clean up...
Start Playing...
Black 1,2
----------
          
    X     
          
          
          
----------

White 2,1
----------
          
    X     
  O       
          
          
----------

Black 2,2
----------
          
    X     
  O X     
          
          
----------

White 3,1
----------
          
    X     
  O X     
  O       
          
----------

Black 0,0
----------
X         
    X     
  O X     
  O       
          
----------

White 1,1
----------
X         
  O X     
  O X     
  O       
          
----------

Black 0,1
----------
X X       
  O X     
  O X     
  O       
          
----------

White 3,2
----------
X X       
  O X     
  O X     
  O O     
          
----------

Black 2,3
----------
X X       
  O X     
  O X X   
  O O     
          
----------

White 3,3
----------
X X       
  O X     
  O X X   
  O O O   
          
----------

Black 4,2
----------
X X       
  O X     
  O X X   
  O O O   
    X     
----------

White 3,4
----------
X X       
  O X     
  O X X   
  O O O O 
    X     
----------

Black 1,3
----------
X X       
  O X X   
  O X X   
  O O O O 
    X     
----------

White 2,4
----------
X X       
  O X X   
  O X X O 
  O O O O 
    X     
----------

Black 0,2
----------
X X X     
  O X X   
  O X X O 
  O O O O 
    X     
----------

White 1,4
----------
X X X     
  O X X O 
  O X X O 
  O O O O 
    X     
----------

Black 2,0
----------
X X X     
  O X X O 
X O X X O 
  O O O O 
    X     
----------

White 0,4
----------
X X X   O 
  O X X O 
X O X X O 
  O O O O 
    X     
----------

Black 3,0
----------
X X X   O 
  O X X O 
X O X X O 
X O O O O 
    X     
----------

White 4,1
----------
X X X   O 
  O X X O 
X O X X O 
X O O O O 
  O X     
----------

Black 4,3
----------
X X X   O 
  O X X O 
X O X X O 
X O O O O 
  O X X   
----------

White 4,4
----------
X X X   O 
  O X X O 
X O X X O 
X O O O O 
  O     O 
----------

Black 4,2
----------
X X X   O 
  O X X O 
X O X X O 
X O O O O 
  O X   O 
----------

White 4,3
----------
X X X   O 
  O X X O 
X O X X O 
X O O O O 
  O   O O 
----------

Game end.
The winner is O
ta time: 12.11
student time: 1.69
White(You) win!
=====Round 4=====
Black:You White:TA
Wed Oct 28 22:00:00 PDT 2020
Clean up...
Start Playing...
Black 2,2
----------
          
          
    X     
          
          
----------

White 2,1
----------
          
          
  O X     
          
          
----------

Black 1,2
----------
          
    X     
  O X     
          
          
----------

White 3,2
----------
          
    X     
  O X     
    O     
          
----------

Black 1,1
----------
          
  X X     
  O X     
    O     
          
----------

White 2,3
----------
          
  X X     
  O X O   
    O     
          
----------

Black 1,3
----------
          
  X X X   
  O X O   
    O     
          
----------

White 0,2
----------
    O     
  X X X   
  O X O   
    O     
          
----------

Black 1,0
----------
    O     
X X X X   
  O X O   
    O     
          
----------

White 2,0
----------
    O     
X X X X   
O O X O   
    O     
          
----------

Black 1,4
----------
    O     
X X X X X 
O O X O   
    O     
          
----------

White 3,3
----------
    O     
X X X X X 
O O X O   
    O O   
          
----------

Black 2,4
----------
    O     
X X X X X 
O O X O X 
    O O   
          
----------

White 4,2
----------
    O     
X X X X X 
O O X O X 
    O O   
    O     
----------

Black 3,4
----------
    O     
X X X X X 
O O X O X 
    O O X 
    O     
----------

White 3,1
----------
    O     
X X X X X 
O O X O X 
  O O O X 
    O     
----------

Black 4,4
----------
    O     
X X X X X 
O O X O X 
  O O O X 
    O   X 
----------

White 4,1
----------
    O     
X X X X X 
O O X O X 
  O O O X 
  O O   X 
----------

Black 0,0
----------
X   O     
X X X X X 
O O X O X 
  O O O X 
  O O   X 
----------

White 0,1
----------
X O O     
X X X X X 
O O X O X 
  O O O X 
  O O   X 
----------

Black 0,3
----------
X     X   
X X X X X 
O O X O X 
  O O O X 
  O O   X 
----------

White 0,2
----------
X   O X   
X X X X X 
O O X O X 
  O O O X 
  O O   X 
----------

Black 0,1
----------
X X   X   
X X X X X 
O O X O X 
  O O O X 
  O O   X 
----------

White 3,0
----------
X X   X   
X X X X X 
O O X O X 
O O O O X 
  O O   X 
----------

Game end.
The winner is X
ta time: 15.86
student time: 2.19
Black(You) win!
=====Round 5=====
Black:TA White:You
Wed Oct 28 22:00:09 PDT 2020
Clean up...
Start Playing...
Black 1,2
----------
          
    X     
          
          
          
----------

White 2,1
----------
          
    X     
  O       
          
          
----------

Black 2,2
----------
          
    X     
  O X     
          
          
----------

White 3,1
----------
          
    X     
  O X     
  O       
          
----------

Black 0,0
----------
X         
    X     
  O X     
  O       
          
----------

White 1,1
----------
X         
  O X     
  O X     
  O       
          
----------

Black 0,1
----------
X X       
  O X     
  O X     
  O       
          
----------

White 3,2
----------
X X       
  O X     
  O X     
  O O     
          
----------

Black 2,3
----------
X X       
  O X     
  O X X   
  O O     
          
----------

White 3,3
----------
X X       
  O X     
  O X X   
  O O O   
          
----------

Black 2,4
----------
X X       
  O X     
  O X X X 
  O O O   
          
----------

White 3,0
----------
X X       
  O X     
  O X X X 
O O O O   
          
----------

Black 4,2
----------
X X       
  O X     
  O X X X 
O O O O   
    X     
----------

White 3,4
----------
X X       
  O X     
  O X X X 
O O O O O 
    X     
----------

Black 0,2
----------
X X X     
  O X     
  O X X X 
O O O O O 
    X     
----------

White 1,0
----------
X X X     
O O X     
  O X X X 
O O O O O 
    X     
----------

Black 1,3
----------
X X X     
O O X X   
  O X X X 
O O O O O 
    X     
----------

White 2,0
----------
X X X     
O O X X   
O O X X X 
O O O O O 
    X     
----------

Black 4,3
----------
X X X     
O O X X   
O O X X X 
O O O O O 
    X X   
----------

White 4,0
----------
X X X     
O O X X   
O O X X X 
O O O O O 
O   X X   
----------

Black 4,1
----------
X X X     
O O X X   
O O X X X 
O O O O O 
O X X X   
----------

White 4,4
----------
X X X     
O O X X   
O O X X X 
O O O O O 
O       O 
----------

Black 4,2
----------
X X X     
O O X X   
O O X X X 
O O O O O 
O   X   O 
----------

White 0,4
----------
X X X   O 
O O X X   
O O X X X 
O O O O O 
O   X   O 
----------

Game end.
The winner is O
ta time: 20.17
student time: 2.68
White(You) win!
=====Round 6=====
Black:You White:TA
Wed Oct 28 22:00:19 PDT 2020
Clean up...
Start Playing...
Black 2,2
----------
          
          
    X     
          
          
----------

White 2,1
----------
          
          
  O X     
          
          
----------

Black 1,2
----------
          
    X     
  O X     
          
          
----------

White 3,2
----------
          
    X     
  O X     
    O     
          
----------

Black 1,1
----------
          
  X X     
  O X     
    O     
          
----------

White 2,3
----------
          
  X X     
  O X O   
    O     
          
----------

Black 1,3
----------
          
  X X X   
  O X O   
    O     
          
----------

White 4,2
----------
          
  X X X   
  O X O   
    O     
    O     
----------

Black 1,0
----------
          
X X X X   
  O X O   
    O     
    O     
----------

White 0,2
----------
    O     
X X X X   
  O X O   
    O     
    O     
----------

Black 1,4
----------
    O     
X X X X X 
  O X O   
    O     
    O     
----------

White 3,3
----------
    O     
X X X X X 
  O X O   
    O O   
    O     
----------

Black 2,0
----------
    O     
X X X X X 
X O X O   
    O O   
    O     
----------

White 3,1
----------
    O     
X X X X X 
X O X O   
  O O O   
    O     
----------

Black 2,4
----------
    O     
X X X X X 
X O X O X 
  O O O   
    O     
----------

White 3,0
----------
    O     
X X X X X 
X O X O X 
O O O O   
    O     
----------

Black 3,4
----------
    O     
X X X X X 
X O X O X 
O O O O X 
    O     
----------

White 0,3
----------
    O O   
X X X X X 
X O X O X 
O O O O X 
    O     
----------

Black 4,4
----------
    O O   
X X X X X 
X O X O X 
O O O O X 
    O   X 
----------

White 0,1
----------
  O O O   
X X X X X 
X O X O X 
O O O O X 
    O   X 
----------

Black 0,0
----------
X O O O   
X X X X X 
X O X O X 
O O O O X 
    O   X 
----------

White 4,3
----------
X O O O   
X X X X X 
X O X O X 
O O O O X 
    O O X 
----------

Black 0,4
----------
X       X 
X X X X X 
X O X O X 
O O O O X 
    O O X 
----------

White 0,2
----------
X   O   X 
X X X X X 
X O X O X 
O O O O X 
    O O X 
----------

Game end.
The winner is X
ta time: 23.96
student time: 3.24
Black(You) win!
=====Round 7=====
Black:TA White:You
Wed Oct 28 22:00:27 PDT 2020
Clean up...
Start Playing...
Black 1,2
----------
          
    X     
          
          
          
----------

White 2,1
----------
          
    X     
  O       
          
          
----------

Black 2,2
----------
          
    X     
  O X     
          
          
----------

White 3,1
----------
          
    X     
  O X     
  O       
          
----------

Black 0,0
----------
X         
    X     
  O X     
  O       
          
----------

White 1,1
----------
X         
  O X     
  O X     
  O       
          
----------

Black 0,1
----------
X X       
  O X     
  O X     
  O       
          
----------

White 3,2
----------
X X       
  O X     
  O X     
  O O     
          
----------

Black 2,3
----------
X X       
  O X     
  O X X   
  O O     
          
----------

White 3,3
----------
X X       
  O X     
  O X X   
  O O O   
          
----------

Black 0,2
----------
X X X     
  O X     
  O X X   
  O O O   
          
----------

White 3,4
----------
X X X     
  O X     
  O X X   
  O O O O 
          
----------

Black 4,2
----------
X X X     
  O X     
  O X X   
  O O O O 
    X     
----------

White 2,4
----------
X X X     
  O X     
  O X X O 
  O O O O 
    X     
----------

Black 2,0
----------
X X X     
  O X     
X O X X O 
  O O O O 
    X     
----------

White 1,4
----------
X X X     
  O X   O 
X O X X O 
  O O O O 
    X     
----------

Black 1,3
----------
X X X     
  O X X O 
X O X X O 
  O O O O 
    X     
----------

White 0,4
----------
X X X   O 
  O X X O 
X O X X O 
  O O O O 
    X     
----------

Black 3,0
----------
X X X   O 
  O X X O 
X O X X O 
X O O O O 
    X     
----------

White 4,1
----------
X X X   O 
  O X X O 
X O X X O 
X O O O O 
  O X     
----------

Black 4,3
----------
X X X   O 
  O X X O 
X O X X O 
X O O O O 
  O X X   
----------

White 4,4
----------
X X X   O 
  O X X O 
X O X X O 
X O O O O 
  O     O 
----------

Black 4,2
----------
X X X   O 
  O X X O 
X O X X O 
X O O O O 
  O X   O 
----------

White 4,3
----------
X X X   O 
  O X X O 
X O X X O 
X O O O O 
  O   O O 
----------

Game end.
The winner is O
ta time: 28.32
student time: 3.63
White(You) win!
=====Round 8=====
Black:You White:TA
Wed Oct 28 22:00:37 PDT 2020
Clean up...
Start Playing...
Black 2,2
----------
          
          
    X     
          
          
----------

White 2,1
----------
          
          
  O X     
          
          
----------

Black 1,2
----------
          
    X     
  O X     
          
          
----------

White 3,2
----------
          
    X     
  O X     
    O     
          
----------

Black 1,1
----------
          
  X X     
  O X     
    O     
          
----------

White 2,3
----------
          
  X X     
  O X O   
    O     
          
----------

Black 1,3
----------
          
  X X X   
  O X O   
    O     
          
----------

White 3,3
----------
          
  X X X   
  O X O   
    O O   
          
----------

Black 1,0
----------
          
X X X X   
  O X O   
    O O   
          
----------

White 4,2
----------
          
X X X X   
  O X O   
    O O   
    O     
----------

Black 1,4
----------
          
X X X X X 
  O X O   
    O O   
    O     
----------

White 3,1
----------
          
X X X X X 
  O X O   
  O O O   
    O     
----------

Black 2,0
----------
          
X X X X X 
X O X O   
  O O O   
    O     
----------

White 2,4
----------
          
X X X X X 
X O X O O 
  O O O   
    O     
----------

Black 3,0
----------
          
X X X X X 
X O X O O 
X O O O   
    O     
----------

White 0,2
----------
    O     
X X X X X 
X O X O O 
X O O O   
    O     
----------

Black 4,0
----------
    O     
X X X X X 
X O X O O 
X O O O   
X   O     
----------

White 4,3
----------
    O     
X X X X X 
X O X O O 
X O O O   
X   O O   
----------

Black 0,0
----------
X   O     
X X X X X 
X O X O O 
X O O O   
X   O O   
----------

White 4,1
----------
X   O     
X X X X X 
X O X O O 
X O O O   
X O O O   
----------

Black 0,1
----------
X X O     
X X X X X 
X O X O O 
X O O O   
X O O O   
----------

White 0,3
----------
X X O O   
X X X X X 
X O X O O 
X O O O   
X O O O   
----------

Black 0,4
----------
X X     X 
X X X X X 
X O X O O 
X O O O   
X O O O   
----------

White 0,2
----------
X X O   X 
X X X X X 
X O X O O 
X O O O   
X O O O   
----------

Game end.
The winner is O
ta time: 32.1
student time: 4.16
Black(You) lose.
=====Round 9=====
Black:TA White:You
Wed Oct 28 22:00:45 PDT 2020
Clean up...
Start Playing...
Black 1,2
----------
          
    X     
          
          
          
----------

White 2,1
----------
          
    X     
  O       
          
          
----------

Black 2,2
----------
          
    X     
  O X     
          
          
----------

White 3,1
----------
          
    X     
  O X     
  O       
          
----------

Black 0,0
----------
X         
    X     
  O X     
  O       
          
----------

White 1,1
----------
X         
  O X     
  O X     
  O       
          
----------

Black 0,1
----------
X X       
  O X     
  O X     
  O       
          
----------

White 3,2
----------
X X       
  O X     
  O X     
  O O     
          
----------

Black 2,3
----------
X X       
  O X     
  O X X   
  O O     
          
----------

White 3,3
----------
X X       
  O X     
  O X X   
  O O O   
          
----------

Black 0,2
----------
X X X     
  O X     
  O X X   
  O O O   
          
----------

White 3,4
----------
X X X     
  O X     
  O X X   
  O O O O 
          
----------

Black 4,2
----------
X X X     
  O X     
  O X X   
  O O O O 
    X     
----------

White 2,4
----------
X X X     
  O X     
  O X X O 
  O O O O 
    X     
----------

Black 2,0
----------
X X X     
  O X     
X O X X O 
  O O O O 
    X     
----------

White 1,4
----------
X X X     
  O X   O 
X O X X O 
  O O O O 
    X     
----------

Black 1,3
----------
X X X     
  O X X O 
X O X X O 
  O O O O 
    X     
----------

White 0,4
----------
X X X   O 
  O X X O 
X O X X O 
  O O O O 
    X     
----------

Black 3,0
----------
X X X   O 
  O X X O 
X O X X O 
X O O O O 
    X     
----------

White 4,1
----------
X X X   O 
  O X X O 
X O X X O 
X O O O O 
  O X     
----------

Black 1,0
----------
X X X   O 
X O X X O 
X O X X O 
X O O O O 
  O X     
----------

White 4,3
----------
X X X   O 
X O X X O 
X O X X O 
X O O O O 
  O   O   
----------

Black 0,3
----------
X X X X O 
X O X X O 
X O X X O 
X O O O O 
  O   O   
----------

White 4,0
----------
        O 
  O     O 
  O     O 
  O O O O 
O O   O   
----------

Game end.
The winner is O
ta time: 36.49
student time: 4.51
White(You) win!
=====Round 10=====
Black:You White:TA
Wed Oct 28 22:00:54 PDT 2020
Clean up...
Start Playing...
Black 2,2
----------
          
          
    X     
          
          
----------

White 2,1
----------
          
          
  O X     
          
          
----------

Black 1,2
----------
          
    X     
  O X     
          
          
----------

White 3,2
----------
          
    X     
  O X     
    O     
          
----------

Black 1,1
----------
          
  X X     
  O X     
    O     
          
----------

White 2,3
----------
          
  X X     
  O X O   
    O     
          
----------

Black 1,3
----------
          
  X X X   
  O X O   
    O     
          
----------

White 3,1
----------
          
  X X X   
  O X O   
  O O     
          
----------

Black 1,0
----------
          
X X X X   
  O X O   
  O O     
          
----------

White 3,3
----------
          
X X X X   
  O X O   
  O O O   
          
----------

Black 1,4
----------
          
X X X X X 
  O X O   
  O O O   
          
----------

White 4,2
----------
          
X X X X X 
  O X O   
  O O O   
    O     
----------

Black 2,0
----------
          
X X X X X 
X O X O   
  O O O   
    O     
----------

White 2,4
----------
          
X X X X X 
X O X O O 
  O O O   
    O     
----------

Black 3,0
----------
          
X X X X X 
X O X O O 
X O O O   
    O     
----------

White 0,2
----------
    O     
X X X X X 
X O X O O 
X O O O   
    O     
----------

Black 4,0
----------
    O     
X X X X X 
X O X O O 
X O O O   
X   O     
----------

White 0,3
----------
    O O   
X X X X X 
X O X O O 
X O O O   
X   O     
----------

Black 0,0
----------
X   O O   
X X X X X 
X O X O O 
X O O O   
X   O     
----------

White 4,3
----------
X   O O   
X X X X X 
X O X O O 
X O O O   
X   O O   
----------

Black 0,1
----------
X X O O   
X X X X X 
X O X O O 
X O O O   
X   O O   
----------

White 3,4
----------
X X O O   
X X X X X 
X O X O O 
X O O O O 
X   O O   
----------

Black 0,4
----------
X X     X 
X X X X X 
X O X O O 
X O O O O 
X   O O   
----------

White 0,2
----------
X X O   X 
X X X X X 
X O X O O 
X O O O O 
X   O O   
----------

Game end.
The winner is O
ta time: 40.37
student time: 5
Black(You) lose.

==Playing with championship_player==
=====Round 1=====
Black:TA White:You
Wed Oct 28 22:01:02 PDT 2020
Clean up...
Start Playing...
Black 2,2
----------
          
          
    X     
          
          
----------

White 1,1
----------
          
  O       
    X     
          
          
----------

Black 1,2
----------
          
  O X     
    X     
          
          
----------

White 2,1
----------
          
  O X     
  O X     
          
          
----------

Black 3,1
----------
          
  O X     
  O X     
  X       
          
----------

White 0,1
----------
  O       
  O X     
  O X     
  X       
          
----------

Black 3,0
----------
  O       
  O X     
  O X     
X X       
          
----------

White 0,2
----------
  O O     
  O X     
  O X     
X X       
          
----------

Black 1,3
----------
  O O     
  O X X   
  O X     
X X       
          
----------

White 0,3
----------
  O O O   
  O X X   
  O X     
X X       
          
----------

Black 1,4
----------
  O O O   
  O X X X 
  O X     
X X       
          
----------

White 0,0
----------
O O O O   
  O X X X 
  O X     
X X       
          
----------

Black 2,0
----------
O O O O   
  O X X X 
X O X     
X X       
          
----------

White 3,3
----------
O O O O   
  O X X X 
X O X     
X X   O   
          
----------

Black 0,4
----------
O O O O X 
  O X X X 
X O X     
X X   O   
          
----------

White 2,3
----------
O O O O X 
  O X X X 
X O X O   
X X   O   
          
----------

Black 1,0
----------
        X 
X   X X X 
X   X O   
X X   O   
          
----------

White 3,2
----------
        X 
X   X X X 
X   X O   
X X O O   
          
----------

Black 2,1
----------
        X 
X   X X X 
X X X O   
X X O O   
          
----------

White 3,4
----------
        X 
X   X X X 
X X X O   
X X O O O 
          
----------

Black 4,2
----------
        X 
X   X X X 
X X X O   
X X O O O 
    X     
----------

White 2,4
----------
        X 
X   X X X 
X X X O O 
X X O O O 
    X     
----------

Black 0,1
----------
  X     X 
X   X X X 
X X X O O 
X X O O O 
    X     
----------

White 4,3
----------
  X     X 
X   X X X 
X X X O O 
X X O O O 
    X O   
----------

Game end.
The winner is X
ta time: 76.12
student time: 5.57
White(You) lose.
=====Round 2=====
Black:You White:TA
Wed Oct 28 22:01:35 PDT 2020
Clean up...
Start Playing...
Black 2,2
----------
          
          
    X     
          
          
----------

White 3,2
----------
          
          
    X     
    O     
          
----------

Black 1,2
----------
          
    X     
    X     
    O     
          
----------

White 3,3
----------
          
    X     
    X     
    O O   
          
----------

Black 1,1
----------
          
  X X     
    X     
    O O   
          
----------

White 3,1
----------
          
  X X     
    X     
  O O O   
          
----------

Black 1,3
----------
          
  X X X   
    X     
  O O O   
          
----------

White 2,4
----------
          
  X X X   
    X   O 
  O O O   
          
----------

Black 1,0
----------
          
X X X X   
    X   O 
  O O O   
          
----------

White 2,3
----------
          
X X X X   
    X O O 
  O O O   
          
----------

Black 0,3
----------
      X   
X X X X   
    X O O 
  O O O   
          
----------

White 2,0
----------
      X   
X X X X   
O   X O O 
  O O O   
          
----------

Black 2,1
----------
      X   
X X X X   
O X X O O 
  O O O   
          
----------

White 3,0
----------
      X   
X X X X   
O X X O O 
O O O O   
          
----------

Black 0,0
----------
X     X   
X X X X   
O X X O O 
O O O O   
          
----------

White 1,4
----------
X     X   
X X X X O 
O X X O O 
O O O O   
          
----------

Black 0,1
----------
X X   X   
X X X X O 
O X X O O 
O O O O   
          
----------

White 4,3
----------
X X   X   
X X X X O 
O X X O O 
O O O O   
      O   
----------

Black 4,1
----------
X X   X   
X X X X O 
O X X O O 
O O O O   
  X   O   
----------

White 4,0
----------
X X   X   
X X X X O 
O X X O O 
O O O O   
O X   O   
----------

Black 0,2
----------
X X X X   
X X X X O 
O X X O O 
O O O O   
O X   O   
----------

White 0,4
----------
        O 
        O 
O     O O 
O O O O   
O X   O   
----------

Black 1,1
----------
        O 
  X     O 
O     O O 
O O O O   
O X   O   
----------

White 4,2
----------
        O 
  X     O 
O     O O 
O O O O   
O   O O   
----------

Game end.
The winner is O
ta time: 108.34
student time: 6.2
Black(You) lose.
=====Round 3=====
Black:TA White:You
Wed Oct 28 22:02:01 PDT 2020
Clean up...
Start Playing...
Black 2,2
----------
          
          
    X     
          
          
----------

White 1,1
----------
          
  O       
    X     
          
          
----------

Black 1,2
----------
          
  O X     
    X     
          
          
----------

White 2,1
----------
          
  O X     
  O X     
          
          
----------

Black 3,1
----------
          
  O X     
  O X     
  X       
          
----------

White 0,1
----------
  O       
  O X     
  O X     
  X       
          
----------

Black 3,0
----------
  O       
  O X     
  O X     
X X       
          
----------

White 0,2
----------
  O O     
  O X     
  O X     
X X       
          
----------

Black 1,3
----------
  O O     
  O X X   
  O X     
X X       
          
----------

White 0,3
----------
  O O O   
  O X X   
  O X     
X X       
          
----------

Black 1,4
----------
  O O O   
  O X X X 
  O X     
X X       
          
----------

White 0,0
----------
O O O O   
  O X X X 
  O X     
X X       
          
----------

Black 2,0
----------
O O O O   
  O X X X 
X O X     
X X       
          
----------

White 3,3
----------
O O O O   
  O X X X 
X O X     
X X   O   
          
----------

Black 0,4
----------
O O O O X 
  O X X X 
X O X     
X X   O   
          
----------

White 2,3
----------
O O O O X 
  O X X X 
X O X O   
X X   O   
          
----------

Black 1,0
----------
        X 
X   X X X 
X   X O   
X X   O   
          
----------

White 3,2
----------
        X 
X   X X X 
X   X O   
X X O O   
          
----------

Black 4,2
----------
        X 
X   X X X 
X   X O   
X X O O   
    X     
----------

White 3,4
----------
        X 
X   X X X 
X   X O   
X X O O O 
    X     
----------

Black 4,3
----------
        X 
X   X X X 
X   X O   
X X O O O 
    X X   
----------

White 0,1
----------
  O     X 
X   X X X 
X   X O   
X X O O O 
    X X   
----------

Black 4,1
----------
  O     X 
X   X X X 
X   X O   
X X O O O 
  X X X   
----------

White 1,1
----------
  O     X 
X O X X X 
X   X O   
X X O O O 
  X X X   
----------

Game end.
The winner is X
ta time: 143.36
student time: 6.64
White(You) lose.
=====Round 4=====
Black:You White:TA
Wed Oct 28 22:02:29 PDT 2020
Clean up...
Start Playing...
Black 2,2
----------
          
          
    X     
          
          
----------

White 1,2
----------
          
    O     
    X     
          
          
----------

Black 2,1
----------
          
    O     
  X X     
          
          
----------

White 1,3
----------
          
    O O   
  X X     
          
          
----------

Black 1,1
----------
          
  X O O   
  X X     
          
          
----------

White 2,3
----------
          
  X O O   
  X X O   
          
          
----------

Black 3,1
----------
          
  X O O   
  X X O   
  X       
          
----------

White 3,3
----------
          
  X O O   
  X X O   
  X   O   
          
----------

Black 0,1
----------
  X       
  X O O   
  X X O   
  X   O   
          
----------

White 0,2
----------
  X O     
  X O O   
  X X O   
  X   O   
          
----------

Black 3,2
----------
  X O     
  X O O   
  X X O   
  X X O   
          
----------

White 4,3
----------
  X O     
  X O O   
  X X O   
  X X O   
      O   
----------

Black 3,0
----------
  X O     
  X O O   
  X X O   
X X X O   
      O   
----------

White 2,4
----------
  X O     
  X O O   
  X X O O 
X X X O   
      O   
----------

Black 0,0
----------
X X O     
  X O O   
  X X O O 
X X X O   
      O   
----------

White 0,3
----------
X X O O   
  X O O   
  X X O O 
X X X O   
      O   
----------

Black 1,0
----------
X X O O   
X X O O   
  X X O O 
X X X O   
      O   
----------

White 4,4
----------
X X O O   
X X O O   
  X X O O 
X X X O   
      O O 
----------

Black 2,0
----------
X X O O   
X X O O   
X X X O O 
X X X O   
      O O 
----------

White 4,2
----------
X X O O   
X X O O   
X X X O O 
X X X O   
    O O O 
----------

Black 4,0
----------
X X O O   
X X O O   
X X X O O 
X X X O   
X   O O O 
----------

White 1,4
----------
X X O O   
X X O O O 
X X X O O 
X X X O   
X   O O O 
----------

Black PASS
----------
X X O O   
X X O O O 
X X X O O 
X X X O   
X   O O O 
----------

White 0,4
----------
X X O O O 
X X O O O 
X X X O O 
X X X O   
X   O O O 
----------

Game end.
The winner is O
ta time: 181.39
student time: 7.34
Black(You) lose.
=====Round 5=====
Black:TA White:You
Wed Oct 28 22:02:58 PDT 2020
Clean up...
Start Playing...
Black 2,2
----------
          
          
    X     
          
          
----------

White 1,1
----------
          
  O       
    X     
          
          
----------

Black 2,1
----------
          
  O       
  X X     
          
          
----------

White 1,2
----------
          
  O O     
  X X     
          
          
----------

Black 1,3
----------
          
  O O X   
  X X     
          
          
----------

White 1,0
----------
          
O O O X   
  X X     
          
          
----------

Black 0,3
----------
      X   
O O O X   
  X X     
          
          
----------

White 2,0
----------
      X   
O O O X   
O X X     
          
          
----------

Black 3,1
----------
      X   
O O O X   
O X X     
  X       
          
----------

White 3,0
----------
      X   
O O O X   
O X X     
O X       
          
----------

Black 4,1
----------
      X   
O O O X   
O X X     
O X       
  X       
----------

White 0,0
----------
O     X   
O O O X   
O X X     
O X       
  X       
----------

Black 0,2
----------
O   X X   
O O O X   
O X X     
O X       
  X       
----------

White 3,3
----------
O   X X   
O O O X   
O X X     
O X   O   
  X       
----------

Black 4,0
----------
O   X X   
O O O X   
O X X     
O X   O   
X X       
----------

White 2,3
----------
O   X X   
O O O X   
O X X O   
O X   O   
X X       
----------

Black 0,1
----------
  X X X   
      X   
  X X O   
  X   O   
X X       
----------

White 3,2
----------
  X X X   
      X   
  X X O   
  X O O   
X X       
----------

Black 1,2
----------
  X X X   
    X X   
  X X O   
  X O O   
X X       
----------

White 2,4
----------
  X X X   
    X X   
  X X O O 
  X O O   
X X       
----------

Black 4,3
----------
  X X X   
    X X   
  X X O O 
  X O O   
X X   X   
----------

White 1,4
----------
  X X X   
    X X O 
  X X O O 
  X O O   
X X   X   
----------

Black 3,4
----------
  X X X   
    X X O 
  X X O O 
  X O O X 
X X   X   
----------

White 1,0
----------
  X X X   
O   X X O 
  X X O O 
  X O O X 
X X   X   
----------

Game end.
The winner is X
ta time: 218.65
student time: 7.98
White(You) lose.
=====Round 6=====
Black:You White:TA
Wed Oct 28 22:03:28 PDT 2020
Clean up...
Start Playing...
Black 2,2
----------
          
          
    X     
          
          
----------

White 3,2
----------
          
          
    X     
    O     
          
----------

Black 1,2
----------
          
    X     
    X     
    O     
          
----------

White 3,1
----------
          
    X     
    X     
  O O     
          
----------

Black 1,1
----------
          
  X X     
    X     
  O O     
          
----------

White 3,3
----------
          
  X X     
    X     
  O O O   
          
----------

Black 1,3
----------
          
  X X X   
    X     
  O O O   
          
----------

White 2,4
----------
          
  X X X   
    X   O 
  O O O   
          
----------

Black 1,0
----------
          
X X X X   
    X   O 
  O O O   
          
----------

White 2,3
----------
          
X X X X   
    X O O 
  O O O   
          
----------

Black 0,3
----------
      X   
X X X X   
    X O O 
  O O O   
          
----------

White 2,0
----------
      X   
X X X X   
O   X O O 
  O O O   
          
----------

Black 2,1
----------
      X   
X X X X   
O X X O O 
  O O O   
          
----------

White 3,0
----------
      X   
X X X X   
O X X O O 
O O O O   
          
----------

Black 0,0
----------
X     X   
X X X X   
O X X O O 
O O O O   
          
----------

White 1,4
----------
X     X   
X X X X O 
O X X O O 
O O O O   
          
----------

Black 0,1
----------
X X   X   
X X X X O 
O X X O O 
O O O O   
          
----------

White 4,3
----------
X X   X   
X X X X O 
O X X O O 
O O O O   
      O   
----------

Black 4,1
----------
X X   X   
X X X X O 
O X X O O 
O O O O   
  X   O   
----------

White 0,4
----------
X X   X O 
X X X X O 
O X X O O 
O O O O   
  X   O   
----------

Black 4,0
----------
X X   X O 
X X X X O 
O X X O O 
O O O O   
X X   O   
----------

White 0,2
----------
    O   O 
        O 
O     O O 
O O O O   
X X   O   
----------

Black 1,1
----------
    O   O 
  X     O 
O     O O 
O O O O   
X X   O   
----------

White 2,2
----------
    O   O 
  X     O 
O   O O O 
O O O O   
X X   O   
----------

Game end.
The winner is O
ta time: 250.5
student time: 8.42
Black(You) lose.
=====Round 7=====
Black:TA White:You
Wed Oct 28 22:03:54 PDT 2020
Clean up...
Start Playing...
Black 2,2
----------
          
          
    X     
          
          
----------

White 1,1
----------
          
  O       
    X     
          
          
----------

Black 2,1
----------
          
  O       
  X X     
          
          
----------

White 1,2
----------
          
  O O     
  X X     
          
          
----------

Black 1,3
----------
          
  O O X   
  X X     
          
          
----------

White 1,0
----------
          
O O O X   
  X X     
          
          
----------

Black 0,3
----------
      X   
O O O X   
  X X     
          
          
----------

White 2,0
----------
      X   
O O O X   
O X X     
          
          
----------

Black 3,1
----------
      X   
O O O X   
O X X     
  X       
          
----------

White 3,0
----------
      X   
O O O X   
O X X     
O X       
          
----------

Black 4,1
----------
      X   
O O O X   
O X X     
O X       
  X       
----------

White 0,0
----------
O     X   
O O O X   
O X X     
O X       
  X       
----------

Black 0,2
----------
O   X X   
O O O X   
O X X     
O X       
  X       
----------

White 3,3
----------
O   X X   
O O O X   
O X X     
O X   O   
  X       
----------

Black 4,0
----------
O   X X   
O O O X   
O X X     
O X   O   
X X       
----------

White 2,3
----------
O   X X   
O O O X   
O X X O   
O X   O   
X X       
----------

Black 0,1
----------
  X X X   
      X   
  X X O   
  X   O   
X X       
----------

White 3,2
----------
  X X X   
      X   
  X X O   
  X O O   
X X       
----------

Black 2,4
----------
  X X X   
      X   
  X X O X 
  X O O   
X X       
----------

White 3,4
----------
  X X X   
      X   
  X X O X 
  X O O O 
X X       
----------

Black 1,4
----------
  X X X   
      X X 
  X X O X 
  X O O O 
X X       
----------

White 4,2
----------
  X X X   
      X X 
  X X O X 
  X O O O 
X X O     
----------

Black 4,3
----------
  X X X   
      X X 
  X X O X 
  X O O O 
X X O X   
----------

White 1,0
----------
  X X X   
O     X X 
  X X O X 
  X O O O 
X X O X   
----------

Game end.
The winner is X
ta time: 286.12
student time: 8.9
White(You) lose.
=====Round 8=====
Black:You White:TA
Wed Oct 28 22:04:22 PDT 2020
Clean up...
Start Playing...
Black 2,2
----------
          
          
    X     
          
          
----------

White 3,1
----------
          
          
    X     
  O       
          
----------

Black 1,2
----------
          
    X     
    X     
  O       
          
----------

White 2,1
----------
          
    X     
  O X     
  O       
          
----------

Black 1,1
----------
          
  X X     
  O X     
  O       
          
----------

White 3,2
----------
          
  X X     
  O X     
  O O     
          
----------

Black 1,3
----------
          
  X X X   
  O X     
  O O     
          
----------

White 3,3
----------
          
  X X X   
  O X     
  O O O   
          
----------

Black 1,0
----------
          
X X X X   
  O X     
  O O O   
          
----------

White 2,0
----------
          
X X X X   
O O X     
  O O O   
          
----------

Black 1,4
----------
          
X X X X X 
O O X     
  O O O   
          
----------

White 3,4
----------
          
X X X X X 
O O X     
  O O O O 
          
----------

Black 2,3
----------
          
X X X X X 
O O X X   
  O O O O 
          
----------

White 4,1
----------
          
X X X X X 
O O X X   
  O O O O 
  O       
----------

Black 0,0
----------
X         
X X X X X 
O O X X   
  O O O O 
  O       
----------

White 4,3
----------
X         
X X X X X 
O O X X   
  O O O O 
  O   O   
----------

Black 0,1
----------
X X       
X X X X X 
O O X X   
  O O O O 
  O   O   
----------

White 0,3
----------
X X   O   
X X X X X 
O O X X   
  O O O O 
  O   O   
----------

Black 0,2
----------
X X X O   
X X X X X 
O O X X   
  O O O O 
  O   O   
----------

White 3,0
----------
X X X O   
X X X X X 
O O X X   
O O O O O 
  O   O   
----------

Black 0,4
----------
X X X   X 
X X X X X 
O O X X   
O O O O O 
  O   O   
----------

White 2,4
----------
X X X   X 
X X X X X 
O O X X O 
O O O O O 
  O   O   
----------

Black PASS
----------
X X X   X 
X X X X X 
O O X X O 
O O O O O 
  O   O   
----------

White 4,4
----------
X X X   X 
X X X X X 
O O X X O 
O O O O O 
  O   O O 
----------

Game end.
The winner is O
ta time: 324.88
student time: 9.48
Black(You) lose.
=====Round 9=====
Black:TA White:You
Wed Oct 28 22:04:51 PDT 2020
Clean up...
Start Playing...
Black 2,2
----------
          
          
    X     
          
          
----------

White 1,1
----------
          
  O       
    X     
          
          
----------

Black 2,1
----------
          
  O       
  X X     
          
          
----------

White 1,2
----------
          
  O O     
  X X     
          
          
----------

Black 1,3
----------
          
  O O X   
  X X     
          
          
----------

White 1,0
----------
          
O O O X   
  X X     
          
          
----------

Black 0,3
----------
      X   
O O O X   
  X X     
          
          
----------

White 2,0
----------
      X   
O O O X   
O X X     
          
          
----------

Black 3,1
----------
      X   
O O O X   
O X X     
  X       
          
----------

White 3,0
----------
      X   
O O O X   
O X X     
O X       
          
----------

Black 4,1
----------
      X   
O O O X   
O X X     
O X       
  X       
----------

White 0,0
----------
O     X   
O O O X   
O X X     
O X       
  X       
----------

Black 0,2
----------
O   X X   
O O O X   
O X X     
O X       
  X       
----------

White 3,3
----------
O   X X   
O O O X   
O X X     
O X   O   
  X       
----------

Black 4,0
----------
O   X X   
O O O X   
O X X     
O X   O   
X X       
----------

White 2,3
----------
O   X X   
O O O X   
O X X O   
O X   O   
X X       
----------

Black 0,1
----------
  X X X   
      X   
  X X O   
  X   O   
X X       
----------

White 3,2
----------
  X X X   
      X   
  X X O   
  X O O   
X X       
----------

Black 4,2
----------
  X X X   
      X   
  X X O   
  X O O   
X X X     
----------

White 2,4
----------
  X X X   
      X   
  X X O O 
  X O O   
X X X     
----------

Black 1,4
----------
  X X X   
      X X 
  X X O O 
  X O O   
X X X     
----------

White 3,4
----------
  X X X   
      X X 
  X X O O 
  X O O O 
X X X     
----------

Black 1,1
----------
  X X X   
  X   X X 
  X X O O 
  X O O O 
X X X     
----------

White 1,0
----------
  X X X   
O X   X X 
  X X O O 
  X O O O 
X X X     
----------

Game end.
The winner is X
ta time: 362.11
student time: 9.91
White(You) lose.
=====Round 10=====
Black:You White:TA
Wed Oct 28 22:05:20 PDT 2020
Clean up...
Start Playing...
Black 2,2
----------
          
          
    X     
          
          
----------

White 3,2
----------
          
          
    X     
    O     
          
----------

Black 1,2
----------
          
    X     
    X     
    O     
          
----------

White 3,1
----------
          
    X     
    X     
  O O     
          
----------

Black 1,1
----------
          
  X X     
    X     
  O O     
          
----------

White 3,3
----------
          
  X X     
    X     
  O O O   
          
----------

Black 1,3
----------
          
  X X X   
    X     
  O O O   
          
----------

White 2,3
----------
          
  X X X   
    X O   
  O O O   
          
----------

Black 1,0
----------
          
X X X X   
    X O   
  O O O   
          
----------

White 1,4
----------
          
X X X X O 
    X O   
  O O O   
          
----------

Black 0,3
----------
      X   
X X X X O 
    X O   
  O O O   
          
----------

White 2,1
----------
      X   
X X X X O 
  O X O   
  O O O   
          
----------

Black 2,0
----------
      X   
X X X X O 
X O X O   
  O O O   
          
----------

White 3,0
----------
      X   
X X X X O 
X O X O   
O O O O   
          
----------

Black 0,0
----------
X     X   
X X X X O 
X O X O   
O O O O   
          
----------

White 2,4
----------
X     X   
X X X X O 
X O X O O 
O O O O   
          
----------

Black 0,1
----------
X X   X   
X X X X O 
X O X O O 
O O O O   
          
----------

White 4,3
----------
X X   X   
X X X X O 
X O X O O 
O O O O   
      O   
----------

Black 4,1
----------
X X   X   
X X X X O 
X O X O O 
O O O O   
  X   O   
----------

White 4,2
----------
X X   X   
X X X X O 
X O X O O 
O O O O   
  X O O   
----------

Black 0,2
----------
X X X X   
X X X X O 
X O X O O 
O O O O   
  X O O   
----------

White 0,4
----------
        O 
        O 
  O   O O 
O O O O   
  X O O   
----------

Black 1,2
----------
        O 
    X   O 
  O   O O 
O O O O   
  X O O   
----------

White 1,3
----------
        O 
    X O O 
  O   O O 
O O O O   
  X O O   
----------

Game end.
The winner is O
ta time: 401.32
student time: 10.53
Black(You) lose.
