Thu Oct 29 22:56:32 PDT 2020

==Playing with qlearning_player==
=====Round 1=====
Black:TA White:You
Thu Oct 29 22:56:32 PDT 2020
Clean up...
Start Playing...
Black 1,2
----------
          
    X     
          
          
          
----------

White 2,1
----------
          
    X     
  O       
          
          
----------

Black 2,2
----------
          
    X     
  O X     
          
          
----------

White 3,1
----------
          
    X     
  O X     
  O       
          
----------

Black 0,0
----------
X         
    X     
  O X     
  O       
          
----------

White 1,1
----------
X         
  O X     
  O X     
  O       
          
----------

Black 0,1
----------
X X       
  O X     
  O X     
  O       
          
----------

White 1,0
----------
X X       
O O X     
  O X     
  O       
          
----------

Black 3,2
----------
X X       
O O X     
  O X     
  O X     
          
----------

White 0,2
----------
    O     
O O X     
  O X     
  O X     
          
----------

Black 2,3
----------
    O     
O O X     
  O X X   
  O X     
          
----------

White 0,3
----------
    O O   
O O X     
  O X X   
  O X     
          
----------

Black 3,3
----------
    O O   
O O X     
  O X X   
  O X X   
          
----------

White 4,1
----------
    O O   
O O X     
  O X X   
  O X X   
  O       
----------

Black 1,3
----------
    O O   
O O X X   
  O X X   
  O X X   
  O       
----------

White 0,4
----------
    O O O 
O O X X   
  O X X   
  O X X   
  O       
----------

Black 2,4
----------
    O O O 
O O X X   
  O X X X 
  O X X   
  O       
----------

White 4,2
----------
    O O O 
O O X X   
  O X X X 
  O X X   
  O O     
----------

Black 2,0
----------
    O O O 
O O X X   
X O X X X 
  O X X   
  O O     
----------

White 3,0
----------
    O O O 
O O X X   
  O X X X 
O O X X   
  O O     
----------

Black 0,1
----------
  X O O O 
O O X X   
  O X X X 
O O X X   
  O O     
----------

White 0,0
----------
O   O O O 
O O X X   
  O X X X 
O O X X   
  O O     
----------

Black 3,4
----------
O   O O O 
O O X X   
  O X X X 
O O X X X 
  O O     
----------

White 4,3
----------
O   O O O 
O O X X   
  O X X X 
O O X X X 
  O O O   
----------

Game end.
The winner is O
ta time: 3.81
student time: 3.33
White(You) win!
=====Round 2=====
Black:You White:TA
Thu Oct 29 22:56:50 PDT 2020
Clean up...
Start Playing...
Black 2,2
----------
          
          
    X     
          
          
----------

White 2,1
----------
          
          
  O X     
          
          
----------

Black 1,2
----------
          
    X     
  O X     
          
          
----------

White 3,2
----------
          
    X     
  O X     
    O     
          
----------

Black 1,1
----------
          
  X X     
  O X     
    O     
          
----------

White 2,3
----------
          
  X X     
  O X O   
    O     
          
----------

Black 3,1
----------
          
  X X     
  O X O   
  X O     
          
----------

White 2,4
----------
          
  X X     
  O X O O 
  X O     
          
----------

Black 2,0
----------
          
  X X     
X   X O O 
  X O     
          
----------

White 3,3
----------
          
  X X     
X   X O O 
  X O O   
          
----------

Black 1,3
----------
          
  X X X   
X   X O O 
  X O O   
          
----------

White 0,2
----------
    O     
  X X X   
X   X O O 
  X O O   
          
----------

Black 0,1
----------
  X O     
  X X X   
X   X O O 
  X O O   
          
----------

White 4,2
----------
  X O     
  X X X   
X   X O O 
  X O O   
    O     
----------

Black 0,3
----------
  X   X   
  X X X   
X   X O O 
  X O O   
    O     
----------

White 1,0
----------
  X   X   
O X X X   
X   X O O 
  X O O   
    O     
----------

Black 0,0
----------
X X   X   
  X X X   
X   X O O 
  X O O   
    O     
----------

White 3,0
----------
X X   X   
  X X X   
X   X O O 
O X O O   
    O     
----------

Black 4,1
----------
X X   X   
  X X X   
X   X O O 
O X O O   
  X O     
----------

White 4,3
----------
X X   X   
  X X X   
X   X O O 
O X O O   
  X O O   
----------

Black 2,1
----------
X X   X   
  X X X   
X X X O O 
O X O O   
  X O O   
----------

White 1,4
----------
X X   X   
  X X X O 
X X X O O 
O X O O   
  X O O   
----------

Black 4,0
----------
X X   X   
  X X X O 
X X X O O 
  X O O   
X X O O   
----------

White 3,4
----------
X X   X   
  X X X O 
X X X O O 
  X O O O 
X X O O   
----------

Game end.
The winner is X
ta time: 7.56
student time: 6.59
Black(You) win!
=====Round 3=====
Black:TA White:You
Thu Oct 29 22:57:08 PDT 2020
Clean up...
Start Playing...
Black 1,2
----------
          
    X     
          
          
          
----------

White 2,1
----------
          
    X     
  O       
          
          
----------

Black 2,2
----------
          
    X     
  O X     
          
          
----------

White 3,1
----------
          
    X     
  O X     
  O       
          
----------

Black 0,0
----------
X         
    X     
  O X     
  O       
          
----------

White 1,1
----------
X         
  O X     
  O X     
  O       
          
----------

Black 0,1
----------
X X       
  O X     
  O X     
  O       
          
----------

White 1,0
----------
X X       
O O X     
  O X     
  O       
          
----------

Black 2,3
----------
X X       
O O X     
  O X X   
  O       
          
----------

White 0,2
----------
    O     
O O X     
  O X X   
  O       
          
----------

Black 3,2
----------
    O     
O O X     
  O X X   
  O X     
          
----------

White 0,3
----------
    O O   
O O X     
  O X X   
  O X     
          
----------

Black 4,2
----------
    O O   
O O X     
  O X X   
  O X     
    X     
----------

White 1,3
----------
    O O   
O O X O   
  O X X   
  O X     
    X     
----------

Black 3,3
----------
    O O   
O O X O   
  O X X   
  O X X   
    X     
----------

White 1,4
----------
    O O   
O O X O O 
  O X X   
  O X X   
    X     
----------

Black 2,0
----------
    O O   
O O X O O 
X O X X   
  O X X   
    X     
----------

White 3,0
----------
    O O   
O O X O O 
  O X X   
O O X X   
    X     
----------

Black 2,4
----------
    O O   
O O X O O 
  O X X X 
O O X X   
    X     
----------

White 0,0
----------
O   O O   
O O X O O 
  O X X X 
O O X X   
    X     
----------

Black 4,1
----------
O   O O   
O O X O O 
  O X X X 
O O X X   
  X X     
----------

White 0,1
----------
O O O O   
O O X O O 
  O X X X 
O O X X   
  X X     
----------

Black 4,3
----------
O O O O   
O O X O O 
  O X X X 
O O X X   
  X X X   
----------

White 0,4
----------
O O O O O 
O O X O O 
  O X X X 
O O X X   
  X X X   
----------

Game end.
The winner is O
ta time: 11.57
student time: 9.94
White(You) win!
=====Round 4=====
Black:You White:TA
Thu Oct 29 22:57:26 PDT 2020
Clean up...
Start Playing...
Black 2,2
----------
          
          
    X     
          
          
----------

White 2,1
----------
          
          
  O X     
          
          
----------

Black 1,2
----------
          
    X     
  O X     
          
          
----------

White 3,2
----------
          
    X     
  O X     
    O     
          
----------

Black 1,1
----------
          
  X X     
  O X     
    O     
          
----------

White 2,3
----------
          
  X X     
  O X O   
    O     
          
----------

Black 3,1
----------
          
  X X     
  O X O   
  X O     
          
----------

White 0,2
----------
    O     
  X X     
  O X O   
  X O     
          
----------

Black 2,0
----------
    O     
  X X     
X   X O   
  X O     
          
----------

White 2,4
----------
    O     
  X X     
X   X O O 
  X O     
          
----------

Black 0,1
----------
  X O     
  X X     
X   X O O 
  X O     
          
----------

White 1,3
----------
  X O     
  X X O   
X   X O O 
  X O     
          
----------

Black 4,1
----------
  X O     
  X X O   
X   X O O 
  X O     
  X       
----------

White 3,3
----------
  X O     
  X X O   
X   X O O 
  X O O   
  X       
----------

Black 4,2
----------
  X O     
  X X O   
X   X O O 
  X O O   
  X X     
----------

White 1,4
----------
  X O     
  X X O O 
X   X O O 
  X O O   
  X X     
----------

Black 4,3
----------
  X O     
  X X O O 
X   X O O 
  X O O   
  X X X   
----------

White 1,0
----------
  X O     
O X X O O 
X   X O O 
  X O O   
  X X X   
----------

Black 2,1
----------
  X O     
O X X O O 
X X X O O 
  X O O   
  X X X   
----------

White 3,0
----------
  X O     
O X X O O 
X X X O O 
O X O O   
  X X X   
----------

Black 0,0
----------
X X O     
  X X O O 
X X X O O 
O X O O   
  X X X   
----------

White 3,4
----------
X X O     
  X X O O 
X X X O O 
O X O O O 
  X X X   
----------

Black 4,0
----------
X X O     
  X X O O 
X X X O O 
  X O O O 
X X X X   
----------

White 0,3
----------
X X O O   
  X X O O 
X X X O O 
  X O O O 
X X X X   
----------

Game end.
The winner is X
ta time: 15.23
student time: 13.1
Black(You) win!
=====Round 5=====
Black:TA White:You
Thu Oct 29 22:57:44 PDT 2020
Clean up...
Start Playing...
Black 1,2
----------
          
    X     
          
          
          
----------

White 2,1
----------
          
    X     
  O       
          
          
----------

Black 2,2
----------
          
    X     
  O X     
          
          
----------

White 3,1
----------
          
    X     
  O X     
  O       
          
----------

Black 0,0
----------
X         
    X     
  O X     
  O       
          
----------

White 1,1
----------
X         
  O X     
  O X     
  O       
          
----------

Black 0,1
----------
X X       
  O X     
  O X     
  O       
          
----------

White 1,0
----------
X X       
O O X     
  O X     
  O       
          
----------

Black 2,3
----------
X X       
O O X     
  O X X   
  O       
          
----------

White 0,2
----------
    O     
O O X     
  O X X   
  O       
          
----------

Black 3,2
----------
    O     
O O X     
  O X X   
  O X     
          
----------

White 0,3
----------
    O O   
O O X     
  O X X   
  O X     
          
----------

Black 4,2
----------
    O O   
O O X     
  O X X   
  O X     
    X     
----------

White 1,3
----------
    O O   
O O X O   
  O X X   
  O X     
    X     
----------

Black 2,4
----------
    O O   
O O X O   
  O X X X 
  O X     
    X     
----------

White 3,0
----------
    O O   
O O X O   
  O X X X 
O O X     
    X     
----------

Black 3,3
----------
    O O   
O O X O   
  O X X X 
O O X X   
    X     
----------

White 0,0
----------
O   O O   
O O X O   
  O X X X 
O O X X   
    X     
----------

Black 4,1
----------
O   O O   
O O X O   
  O X X X 
O O X X   
  X X     
----------

White 0,1
----------
O O O O   
O O X O   
  O X X X 
O O X X   
  X X     
----------

Black 3,4
----------
O O O O   
O O X O   
  O X X X 
O O X X X 
  X X     
----------

White 0,4
----------
O O O O O 
O O X O   
  O X X X 
O O X X X 
  X X     
----------

Black 4,3
----------
O O O O O 
O O X O   
  O X X X 
O O X X X 
  X X X   
----------

White 1,4
----------
O O O O O 
O O X O O 
  O X X X 
O O X X X 
  X X X   
----------

Game end.
The winner is O
ta time: 19.16
student time: 16.34
White(You) win!
=====Round 6=====
Black:You White:TA
Thu Oct 29 22:58:00 PDT 2020
Clean up...
Start Playing...
Black 2,2
----------
          
          
    X     
          
          
----------

White 2,1
----------
          
          
  O X     
          
          
----------

Black 1,2
----------
          
    X     
  O X     
          
          
----------

White 3,2
----------
          
    X     
  O X     
    O     
          
----------

Black 1,1
----------
          
  X X     
  O X     
    O     
          
----------

White 2,3
----------
          
  X X     
  O X O   
    O     
          
----------

Black 3,1
----------
          
  X X     
  O X O   
  X O     
          
----------

White 1,3
----------
          
  X X O   
  O X O   
  X O     
          
----------

Black 2,0
----------
          
  X X O   
X   X O   
  X O     
          
----------

White 2,4
----------
          
  X X O   
X   X O O 
  X O     
          
----------

Black 3,3
----------
          
  X X O   
X   X O O 
  X O X   
          
----------

White 4,2
----------
          
  X X O   
X   X O O 
  X O X   
    O     
----------

Black 4,1
----------
          
  X X O   
X   X O O 
  X O X   
  X O     
----------

White 0,2
----------
    O     
  X X O   
X   X O O 
  X O X   
  X O     
----------

Black 4,3
----------
    O     
  X X O   
X   X O O 
  X   X   
  X   X   
----------

White 3,2
----------
    O     
  X X O   
X   X O O 
  X O X   
  X   X   
----------

Black 4,2
----------
    O     
  X X O   
X   X O O 
  X   X   
  X X X   
----------

White 3,0
----------
    O     
  X X O   
X   X O O 
O X   X   
  X X X   
----------

Black 4,0
----------
    O     
  X X O   
X   X O O 
  X   X   
X X X X   
----------

White 1,4
----------
    O     
  X X O O 
X   X O O 
  X   X   
X X X X   
----------

Black 0,1
----------
  X O     
  X X O O 
X   X O O 
  X   X   
X X X X   
----------

White 1,0
----------
  X O     
O X X O O 
X   X O O 
  X   X   
X X X X   
----------

Black 0,0
----------
X X O     
  X X O O 
X   X O O 
  X   X   
X X X X   
----------

White 0,3
----------
X X O O   
  X X O O 
X   X O O 
  X   X   
X X X X   
----------

Game end.
The winner is X
ta time: 22.91
student time: 19.4
Black(You) win!
=====Round 7=====
Black:TA White:You
Thu Oct 29 22:58:17 PDT 2020
Clean up...
Start Playing...
Black 1,2
----------
          
    X     
          
          
          
----------

White 2,1
----------
          
    X     
  O       
          
          
----------

Black 2,2
----------
          
    X     
  O X     
          
          
----------

White 3,1
----------
          
    X     
  O X     
  O       
          
----------

Black 0,0
----------
X         
    X     
  O X     
  O       
          
----------

White 1,1
----------
X         
  O X     
  O X     
  O       
          
----------

Black 0,1
----------
X X       
  O X     
  O X     
  O       
          
----------

White 1,0
----------
X X       
O O X     
  O X     
  O       
          
----------

Black 2,3
----------
X X       
O O X     
  O X X   
  O       
          
----------

White 0,2
----------
    O     
O O X     
  O X X   
  O       
          
----------

Black 3,2
----------
    O     
O O X     
  O X X   
  O X     
          
----------

White 0,3
----------
    O O   
O O X     
  O X X   
  O X     
          
----------

Black 3,3
----------
    O O   
O O X     
  O X X   
  O X X   
          
----------

White 4,1
----------
    O O   
O O X     
  O X X   
  O X X   
  O       
----------

Black 1,3
----------
    O O   
O O X X   
  O X X   
  O X X   
  O       
----------

White 0,4
----------
    O O O 
O O X X   
  O X X   
  O X X   
  O       
----------

Black 4,2
----------
    O O O 
O O X X   
  O X X   
  O X X   
  O X     
----------

White 1,4
----------
    O O O 
O O X X O 
  O X X   
  O X X   
  O X     
----------

Black 2,0
----------
    O O O 
O O X X O 
X O X X   
  O X X   
  O X     
----------

White 3,0
----------
    O O O 
O O X X O 
  O X X   
O O X X   
  O X     
----------

Black 2,4
----------
    O O O 
O O X X O 
  O X X X 
O O X X   
  O X     
----------

White 3,4
----------
    O O O 
O O X X O 
  O X X X 
O O X X O 
  O X     
----------

Black 0,1
----------
  X       
O O X X   
  O X X X 
O O X X O 
  O X     
----------

White 0,0
----------
O X       
O O X X   
  O X X X 
O O X X O 
  O X     
----------

Game end.
The winner is O
ta time: 26.89
student time: 22.8
White(You) win!
=====Round 8=====
Black:You White:TA
Thu Oct 29 22:58:36 PDT 2020
Clean up...
Start Playing...
Black 2,2
----------
          
          
    X     
          
          
----------

White 2,1
----------
          
          
  O X     
          
          
----------

Black 1,2
----------
          
    X     
  O X     
          
          
----------

White 3,2
----------
          
    X     
  O X     
    O     
          
----------

Black 1,1
----------
          
  X X     
  O X     
    O     
          
----------

White 2,3
----------
          
  X X     
  O X O   
    O     
          
----------

Black 3,1
----------
          
  X X     
  O X O   
  X O     
          
----------

White 1,3
----------
          
  X X O   
  O X O   
  X O     
          
----------

Black 2,0
----------
          
  X X O   
X   X O   
  X O     
          
----------

White 4,2
----------
          
  X X O   
X   X O   
  X O     
    O     
----------

Black 0,1
----------
  X       
  X X O   
X   X O   
  X O     
    O     
----------

White 0,2
----------
  X O     
  X X O   
X   X O   
  X O     
    O     
----------

Black 2,1
----------
  X O     
  X X O   
X X X O   
  X O     
    O     
----------

White 3,3
----------
  X O     
  X X O   
X X X O   
  X O O   
    O     
----------

Black 3,0
----------
  X O     
  X X O   
X X X O   
X X O O   
    O     
----------

White 2,4
----------
  X O     
  X X O   
X X X O O 
X X O O   
    O     
----------

Black 0,0
----------
X X O     
  X X O   
X X X O O 
X X O O   
    O     
----------

White 0,3
----------
X X O O   
  X X O   
X X X O O 
X X O O   
    O     
----------

Black 1,0
----------
X X O O   
X X X O   
X X X O O 
X X O O   
    O     
----------

White 4,1
----------
X X O O   
X X X O   
X X X O O 
X X O O   
  O O     
----------

Black 4,4
----------
X X O O   
X X X O   
X X X O O 
X X O O   
  O O   X 
----------

White 4,0
----------
    O O   
      O   
      O O 
    O O   
O O O   X 
----------

Black PASS
----------
    O O   
      O   
      O O 
    O O   
O O O   X 
----------

White 2,2
----------
    O O   
      O   
    O O O 
    O O   
O O O   X 
----------

Game end.
The winner is O
ta time: 30.52
student time: 26.25
Black(You) lose.
=====Round 9=====
Black:TA White:You
Thu Oct 29 22:58:53 PDT 2020
Clean up...
Start Playing...
Black 1,2
----------
          
    X     
          
          
          
----------

White 2,1
----------
          
    X     
  O       
          
          
----------

Black 2,2
----------
          
    X     
  O X     
          
          
----------

White 3,1
----------
          
    X     
  O X     
  O       
          
----------

Black 0,0
----------
X         
    X     
  O X     
  O       
          
----------

White 1,1
----------
X         
  O X     
  O X     
  O       
          
----------

Black 0,1
----------
X X       
  O X     
  O X     
  O       
          
----------

White 1,0
----------
X X       
O O X     
  O X     
  O       
          
----------

Black 2,3
----------
X X       
O O X     
  O X X   
  O       
          
----------

White 0,2
----------
    O     
O O X     
  O X X   
  O       
          
----------

Black 3,2
----------
    O     
O O X     
  O X X   
  O X     
          
----------

White 0,3
----------
    O O   
O O X     
  O X X   
  O X     
          
----------

Black 2,0
----------
    O O   
O O X     
X O X X   
  O X     
          
----------

White 3,0
----------
    O O   
O O X     
  O X X   
O O X     
          
----------

Black 2,4
----------
    O O   
O O X     
  O X X X 
O O X     
          
----------

White 1,3
----------
    O O   
O O X O   
  O X X X 
O O X     
          
----------

Black 3,3
----------
    O O   
O O X O   
  O X X X 
O O X X   
          
----------

White 4,1
----------
    O O   
O O X O   
  O X X X 
O O X X   
  O       
----------

Black 4,2
----------
    O O   
O O X O   
  O X X X 
O O X X   
  O X     
----------

White 0,0
----------
O   O O   
O O X O   
  O X X X 
O O X X   
  O X     
----------

Black 4,3
----------
O   O O   
O O X O   
  O X X X 
O O X X   
  O X X   
----------

White 0,1
----------
O O O O   
O O X O   
  O X X X 
O O X X   
  O X X   
----------

Black 1,4
----------
O O O O   
O O X O X 
  O X X X 
O O X X   
  O X X   
----------

White 0,4
----------
O O O O O 
O O X O X 
  O X X X 
O O X X   
  O X X   
----------

Game end.
The winner is O
ta time: 34.5
student time: 29.6
White(You) win!
=====Round 10=====
Black:You White:TA
Thu Oct 29 22:59:13 PDT 2020
Clean up...
Start Playing...
Black 2,2
----------
          
          
    X     
          
          
----------

White 2,1
----------
          
          
  O X     
          
          
----------

Black 1,2
----------
          
    X     
  O X     
          
          
----------

White 3,2
----------
          
    X     
  O X     
    O     
          
----------

Black 1,1
----------
          
  X X     
  O X     
    O     
          
----------

White 2,3
----------
          
  X X     
  O X O   
    O     
          
----------

Black 3,1
----------
          
  X X     
  O X O   
  X O     
          
----------

White 0,2
----------
    O     
  X X     
  O X O   
  X O     
          
----------

Black 2,0
----------
    O     
  X X     
X   X O   
  X O     
          
----------

White 2,4
----------
    O     
  X X     
X   X O O 
  X O     
          
----------

Black 0,1
----------
  X O     
  X X     
X   X O O 
  X O     
          
----------

White 1,3
----------
  X O     
  X X O   
X   X O O 
  X O     
          
----------

Black 4,1
----------
  X O     
  X X O   
X   X O O 
  X O     
  X       
----------

White 4,2
----------
  X O     
  X X O   
X   X O O 
  X O     
  X O     
----------

Black 3,3
----------
  X O     
  X X O   
X   X O O 
  X O X   
  X O     
----------

White 0,3
----------
  X O O   
  X X O   
X   X O O 
  X O X   
  X O     
----------

Black 4,3
----------
  X O O   
  X X O   
X   X O O 
  X   X   
  X   X   
----------

White 3,2
----------
  X O O   
  X X O   
X   X O O 
  X O X   
  X   X   
----------

Black 4,2
----------
  X O O   
  X X O   
X   X O O 
  X   X   
  X X X   
----------

White 1,0
----------
  X O O   
O X X O   
X   X O O 
  X   X   
  X X X   
----------

Black 0,0
----------
X X O O   
  X X O   
X   X O O 
  X   X   
  X X X   
----------

White 3,4
----------
X X O O   
  X X O   
X   X O O 
  X   X O 
  X X X   
----------

Black 2,1
----------
X X O O   
  X X O   
X X X O O 
  X   X O 
  X X X   
----------

White 1,4
----------
X X O O   
  X X O O 
X X X O O 
  X   X O 
  X X X   
----------

Game end.
The winner is X
ta time: 38.01
student time: 32.82
Black(You) win!

==Playing with championship_player==
=====Round 1=====
Black:TA White:You
Thu Oct 29 22:59:31 PDT 2020
Clean up...
Start Playing...
Black 2,2
----------
          
          
    X     
          
          
----------

White 0,2
----------
    O     
          
    X     
          
          
----------

Black 1,3
----------
    O     
      X   
    X     
          
          
----------

White 0,1
----------
  O O     
      X   
    X     
          
          
----------

Black 1,1
----------
  O O     
  X   X   
    X     
          
          
----------

White 1,2
----------
  O O     
  X O X   
    X     
          
          
----------

Black 0,3
----------
  O O X   
  X O X   
    X     
          
          
----------

White 2,1
----------
  O O X   
  X O X   
  O X     
          
          
----------

Black 0,0
----------
X     X   
  X   X   
  O X     
          
          
----------

White 3,1
----------
X     X   
  X   X   
  O X     
  O       
          
----------

Black 3,2
----------
X     X   
  X   X   
  O X     
  O X     
          
----------

White 4,1
----------
X     X   
  X   X   
  O X     
  O X     
  O       
----------

Black 1,0
----------
X     X   
X X   X   
  O X     
  O X     
  O       
----------

White 4,2
----------
X     X   
X X   X   
  O X     
  O X     
  O O     
----------

Black 3,3
----------
X     X   
X X   X   
  O X     
  O X X   
  O O     
----------

White 4,3
----------
X     X   
X X   X   
  O X     
  O X X   
  O O O   
----------

Black 2,0
----------
X     X   
X X   X   
X O X     
  O X X   
  O O O   
----------

White 4,4
----------
X     X   
X X   X   
X O X     
  O X X   
  O O O O 
----------

Black 3,4
----------
X     X   
X X   X   
X O X     
  O X X X 
  O O O O 
----------

White 0,2
----------
X   O X   
X X   X   
X O X     
  O X X X 
  O O O O 
----------

Black 0,1
----------
X X O X   
X X   X   
X O X     
  O X X X 
  O O O O 
----------

White 3,0
----------
X X O X   
X X   X   
X O X     
O O X X X 
  O O O O 
----------

Black 1,2
----------
X X   X   
X X X X   
X O X     
O O X X X 
  O O O O 
----------

White PASS
----------
X X   X   
X X X X   
X O X     
O O X X X 
  O O O O 
----------

Game end.
The winner is X
ta time: 69.28
student time: 35.71
White(You) lose.
=====Round 2=====
Black:You White:TA
Thu Oct 29 23:00:05 PDT 2020
Clean up...
Start Playing...
Black 2,2
----------
          
          
    X     
          
          
----------

White 3,2
----------
          
          
    X     
    O     
          
----------

Black 1,2
----------
          
    X     
    X     
    O     
          
----------

White 2,1
----------
          
    X     
  O X     
    O     
          
----------

Black 1,1
----------
          
  X X     
  O X     
    O     
          
----------

White 3,3
----------
          
  X X     
  O X     
    O O   
          
----------

Black 3,1
----------
          
  X X     
  O X     
  X O O   
          
----------

White 2,0
----------
          
  X X     
O O X     
  X O O   
          
----------

Black 1,0
----------
          
X X X     
O O X     
  X O O   
          
----------

White 4,1
----------
          
X X X     
O O X     
  X O O   
  O       
----------

Black 3,0
----------
          
X X X     
    X     
X X O O   
  O       
----------

White 1,4
----------
          
X X X   O 
    X     
X X O O   
  O       
----------

Black 4,0
----------
          
X X X   O 
    X     
X X O O   
X O       
----------

White 4,2
----------
          
X X X   O 
    X     
X X O O   
X O O     
----------

Black 1,3
----------
          
X X X X O 
    X     
X X O O   
X O O     
----------

White 2,4
----------
          
X X X X O 
    X   O 
X X O O   
X O O     
----------

Black 0,3
----------
      X   
X X X X O 
    X   O 
X X O O   
X O O     
----------

White 0,1
----------
  O   X   
X X X X O 
    X   O 
X X O O   
X O O     
----------

Black 0,0
----------
X O   X   
X X X X O 
    X   O 
X X O O   
X O O     
----------

White 3,4
----------
X O   X   
X X X X O 
    X   O 
X X O O O 
X O O     
----------

Black 0,2
----------
X   X X   
X X X X O 
    X   O 
X X O O O 
X O O     
----------

White 4,3
----------
X   X X   
X X X X O 
    X   O 
X X O O O 
X O O O   
----------

Black 2,1
----------
X   X X   
X X X X O 
  X X   O 
X X O O O 
X O O O   
----------

White 2,3
----------
X   X X   
X X X X O 
  X X O O 
X X O O O 
X O O O   
----------

Game end.
The winner is X
ta time: 96.22
student time: 38.98
Black(You) win!
=====Round 3=====
Black:TA White:You
Thu Oct 29 23:00:37 PDT 2020
Clean up...
Start Playing...
Black 2,2
----------
          
          
    X     
          
          
----------

White 0,2
----------
    O     
          
    X     
          
          
----------

Black 2,1
----------
    O     
          
  X X     
          
          
----------

White 1,2
----------
    O     
    O     
  X X     
          
          
----------

Black 2,3
----------
    O     
    O     
  X X X   
          
          
----------

White 1,1
----------
    O     
  O O     
  X X X   
          
          
----------

Black 2,0
----------
    O     
  O O     
X X X X   
          
          
----------

White 1,3
----------
    O     
  O O O   
X X X X   
          
          
----------

Black 2,4
----------
    O     
  O O O   
X X X X X 
          
          
----------

White 0,1
----------
  O O     
  O O O   
X X X X X 
          
          
----------

Black 1,0
----------
  O O     
X O O O   
X X X X X 
          
          
----------

White 0,3
----------
  O O O   
X O O O   
X X X X X 
          
          
----------

Black 1,4
----------
  O O O   
X O O O X 
X X X X X 
          
          
----------

White 3,1
----------
  O O O   
X O O O X 
X X X X X 
  O       
          
----------

Black 0,4
----------
  O O O X 
X O O O X 
X X X X X 
  O       
          
----------

White 3,2
----------
  O O O X 
X O O O X 
X X X X X 
  O O     
          
----------

Black 0,0
----------
X       X 
X       X 
X X X X X 
  O O     
          
----------

White 3,3
----------
X       X 
X       X 
X X X X X 
  O O O   
          
----------

Black 1,1
----------
X       X 
X X     X 
X X X X X 
  O O O   
          
----------

White 3,0
----------
X       X 
X X     X 
X X X X X 
O O O O   
          
----------

Black 0,1
----------
X X     X 
X X     X 
X X X X X 
O O O O   
          
----------

White 3,4
----------
X X     X 
X X     X 
X X X X X 
O O O O O 
          
----------

Black 1,2
----------
X X     X 
X X X   X 
X X X X X 
O O O O O 
          
----------

White 4,0
----------
X X     X 
X X X   X 
X X X X X 
O O O O O 
O         
----------

Game end.
The winner is X
ta time: 135.49
student time: 42.83
White(You) lose.
=====Round 4=====
Black:You White:TA
Thu Oct 29 23:01:14 PDT 2020
Clean up...
Start Playing...
Black 2,2
----------
          
          
    X     
          
          
----------

White 2,1
----------
          
          
  O X     
          
          
----------

Black 1,2
----------
          
    X     
  O X     
          
          
----------

White 3,1
----------
          
    X     
  O X     
  O       
          
----------

Black 1,1
----------
          
  X X     
  O X     
  O       
          
----------

White 3,2
----------
          
  X X     
  O X     
  O O     
          
----------

Black 1,3
----------
          
  X X X   
  O X     
  O O     
          
----------

White 3,3
----------
          
  X X X   
  O X     
  O O O   
          
----------

Black 2,3
----------
          
  X X X   
  O X X   
  O O O   
          
----------

White 1,0
----------
          
O X X X   
  O X X   
  O O O   
          
----------

Black 0,1
----------
  X       
O X X X   
  O X X   
  O O O   
          
----------

White 3,4
----------
  X       
O X X X   
  O X X   
  O O O O 
          
----------

Black 0,0
----------
X X       
O X X X   
  O X X   
  O O O O 
          
----------

White 2,0
----------
X X       
O X X X   
O O X X   
  O O O O 
          
----------

Black 0,3
----------
X X   X   
O X X X   
O O X X   
  O O O O 
          
----------

White 2,4
----------
X X   X   
O X X X   
O O X X O 
  O O O O 
          
----------

Black 0,2
----------
X X X X   
O X X X   
O O X X O 
  O O O O 
          
----------

White 4,1
----------
X X X X   
O X X X   
O O X X O 
  O O O O 
  O       
----------

Black 4,3
----------
X X X X   
O X X X   
O O X X O 
  O O O O 
  O   X   
----------

White 4,4
----------
X X X X   
O X X X   
O O X X O 
  O O O O 
  O   X O 
----------

Black PASS
----------
X X X X   
O X X X   
O O X X O 
  O O O O 
  O   X O 
----------

White 4,2
----------
X X X X   
O X X X   
O O X X O 
  O O O O 
  O O   O 
----------

Black PASS
----------
X X X X   
O X X X   
O O X X O 
  O O O O 
  O O   O 
----------

White 4,3
----------
X X X X   
O X X X   
O O X X O 
  O O O O 
  O O O O 
----------

Game end.
The winner is O
ta time: 167.64
student time: 46.28
Black(You) lose.
=====Round 5=====
Black:TA White:You
Thu Oct 29 23:01:48 PDT 2020
Clean up...
Start Playing...
Black 2,2
----------
          
          
    X     
          
          
----------

White 0,2
----------
    O     
          
    X     
          
          
----------

Black 2,3
----------
    O     
          
    X X   
          
          
----------

White 1,2
----------
    O     
    O     
    X X   
          
          
----------

Black 2,1
----------
    O     
    O     
  X X X   
          
          
----------

White 1,1
----------
    O     
  O O     
  X X X   
          
          
----------

Black 2,0
----------
    O     
  O O     
X X X X   
          
          
----------

White 1,3
----------
    O     
  O O O   
X X X X   
          
          
----------

Black 2,4
----------
    O     
  O O O   
X X X X X 
          
          
----------

White 0,1
----------
  O O     
  O O O   
X X X X X 
          
          
----------

Black 1,0
----------
  O O     
X O O O   
X X X X X 
          
          
----------

White 0,3
----------
  O O O   
X O O O   
X X X X X 
          
          
----------

Black 1,4
----------
  O O O   
X O O O X 
X X X X X 
          
          
----------

White 3,1
----------
  O O O   
X O O O X 
X X X X X 
  O       
          
----------

Black 0,0
----------
X O O O   
X O O O X 
X X X X X 
  O       
          
----------

White 3,2
----------
X O O O   
X O O O X 
X X X X X 
  O O     
          
----------

Black 0,4
----------
X       X 
X       X 
X X X X X 
  O O     
          
----------

White 3,3
----------
X       X 
X       X 
X X X X X 
  O O O   
          
----------

Black 4,4
----------
X       X 
X       X 
X X X X X 
  O O O   
        X 
----------

White 3,4
----------
X       X 
X       X 
X X X X X 
  O O O O 
        X 
----------

Black 4,1
----------
X       X 
X       X 
X X X X X 
  O O O O 
  X     X 
----------

White 4,3
----------
X       X 
X       X 
X X X X X 
  O O O O 
  X   O   
----------

Black 1,1
----------
X       X 
X X     X 
X X X X X 
  O O O O 
  X   O   
----------

White 4,2
----------
X       X 
X X     X 
X X X X X 
  O O O O 
  X O O   
----------

Game end.
The winner is X
ta time: 206.14
student time: 49.8
White(You) lose.
=====Round 6=====
Black:You White:TA
Thu Oct 29 23:02:27 PDT 2020
Clean up...
Start Playing...
Black 2,2
----------
          
          
    X     
          
          
----------

White 3,2
----------
          
          
    X     
    O     
          
----------

Black 1,2
----------
          
    X     
    X     
    O     
          
----------

White 3,3
----------
          
    X     
    X     
    O O   
          
----------

Black 1,1
----------
          
  X X     
    X     
    O O   
          
----------

White 3,1
----------
          
  X X     
    X     
  O O O   
          
----------

Black 1,3
----------
          
  X X X   
    X     
  O O O   
          
----------

White 2,0
----------
          
  X X X   
O   X     
  O O O   
          
----------

Black 1,4
----------
          
  X X X X 
O   X     
  O O O   
          
----------

White 2,1
----------
          
  X X X X 
O O X     
  O O O   
          
----------

Black 2,3
----------
          
  X X X X 
O O X X   
  O O O   
          
----------

White 3,4
----------
          
  X X X X 
O O X X   
  O O O O 
          
----------

Black 0,1
----------
  X       
  X X X X 
O O X X   
  O O O O 
          
----------

White 4,2
----------
  X       
  X X X X 
O O X X   
  O O O O 
    O     
----------

Black 0,0
----------
X X       
  X X X X 
O O X X   
  O O O O 
    O     
----------

White 4,0
----------
X X       
  X X X X 
O O X X   
  O O O O 
O   O     
----------

Black 0,2
----------
X X X     
  X X X X 
O O X X   
  O O O O 
O   O     
----------

White 2,4
----------
X X X     
  X X X X 
O O X X O 
  O O O O 
O   O     
----------

Black 0,3
----------
X X X X   
  X X X X 
O O X X O 
  O O O O 
O   O     
----------

White 4,1
----------
X X X X   
  X X X X 
O O X X O 
  O O O O 
O O O     
----------

Black PASS
----------
X X X X   
  X X X X 
O O X X O 
  O O O O 
O O O     
----------

White 4,3
----------
X X X X   
  X X X X 
O O X X O 
  O O O O 
O O O O   
----------

Black PASS
----------
X X X X   
  X X X X 
O O X X O 
  O O O O 
O O O O   
----------

White 1,0
----------
X X X X   
O X X X X 
O O X X O 
  O O O O 
O O O O   
----------

Game end.
The winner is O
ta time: 244.23
student time: 53.2
Black(You) lose.
=====Round 7=====
Black:TA White:You
Thu Oct 29 23:03:05 PDT 2020
Clean up...
Start Playing...
Black 2,2
----------
          
          
    X     
          
          
----------

White 0,2
----------
    O     
          
    X     
          
          
----------

Black 2,3
----------
    O     
          
    X X   
          
          
----------

White 1,2
----------
    O     
    O     
    X X   
          
          
----------

Black 2,1
----------
    O     
    O     
  X X X   
          
          
----------

White 1,1
----------
    O     
  O O     
  X X X   
          
          
----------

Black 2,0
----------
    O     
  O O     
X X X X   
          
          
----------

White 1,3
----------
    O     
  O O O   
X X X X   
          
          
----------

Black 2,4
----------
    O     
  O O O   
X X X X X 
          
          
----------

White 0,1
----------
  O O     
  O O O   
X X X X X 
          
          
----------

Black 1,0
----------
  O O     
X O O O   
X X X X X 
          
          
----------

White 0,3
----------
  O O O   
X O O O   
X X X X X 
          
          
----------

Black 1,4
----------
  O O O   
X O O O X 
X X X X X 
          
          
----------

White 3,1
----------
  O O O   
X O O O X 
X X X X X 
  O       
          
----------

Black 0,4
----------
  O O O X 
X O O O X 
X X X X X 
  O       
          
----------

White 3,2
----------
  O O O X 
X O O O X 
X X X X X 
  O O     
          
----------

Black 0,0
----------
X       X 
X       X 
X X X X X 
  O O     
          
----------

White 3,3
----------
X       X 
X       X 
X X X X X 
  O O O   
          
----------

Black 3,0
----------
X       X 
X       X 
X X X X X 
X O O O   
          
----------

White 3,4
----------
X       X 
X       X 
X X X X X 
X O O O O 
          
----------

Black 4,3
----------
X       X 
X       X 
X X X X X 
X O O O O 
      X   
----------

White 4,2
----------
X       X 
X       X 
X X X X X 
X O O O O 
    O X   
----------

Black 4,1
----------
X       X 
X       X 
X X X X X 
X O O O O 
  X O X   
----------

White 4,4
----------
X       X 
X       X 
X X X X X 
X O O O O 
  X O   O 
----------

Game end.
The winner is X
ta time: 285.52
student time: 56.62
White(You) lose.
=====Round 8=====
Black:You White:TA
Thu Oct 29 23:03:45 PDT 2020
Clean up...
Start Playing...
Black 2,2
----------
          
          
    X     
          
          
----------

White 2,3
----------
          
          
    X O   
          
          
----------

Black 1,2
----------
          
    X     
    X O   
          
          
----------

White 3,3
----------
          
    X     
    X O   
      O   
          
----------

Black 1,1
----------
          
  X X     
    X O   
      O   
          
----------

White 3,2
----------
          
  X X     
    X O   
    O O   
          
----------

Black 1,3
----------
          
  X X X   
    X O   
    O O   
          
----------

White 3,1
----------
          
  X X X   
    X O   
  O O O   
          
----------

Black 2,1
----------
          
  X X X   
  X X O   
  O O O   
          
----------

White 2,0
----------
          
  X X X   
O X X O   
  O O O   
          
----------

Black 1,0
----------
          
X X X X   
O X X O   
  O O O   
          
----------

White 3,0
----------
          
X X X X   
O X X O   
O O O O   
          
----------

Black 1,4
----------
          
X X X X X 
O X X O   
O O O O   
          
----------

White 2,4
----------
          
X X X X X 
O X X O O 
O O O O   
          
----------

Black 0,0
----------
X         
X X X X X 
O X X O O 
O O O O   
          
----------

White 0,3
----------
X     O   
X X X X X 
O X X O O 
O O O O   
          
----------

Black 0,2
----------
X   X O   
X X X X X 
O X X O O 
O O O O   
          
----------

White 4,2
----------
X   X O   
X X X X X 
O X X O O 
O O O O   
    O     
----------

Black 4,4
----------
X   X O   
X X X X X 
O X X O O 
O O O O   
    O   X 
----------

White 4,0
----------
X   X O   
X X X X X 
O X X O O 
O O O O   
O   O   X 
----------

Black 0,4
----------
X   X   X 
X X X X X 
O X X O O 
O O O O   
O   O   X 
----------

White 4,3
----------
X   X   X 
X X X X X 
O X X O O 
O O O O   
O   O O X 
----------

Black PASS
----------
X   X   X 
X X X X X 
O X X O O 
O O O O   
O   O O X 
----------

White 3,4
----------
X   X   X 
X X X X X 
O X X O O 
O O O O O 
O   O O   
----------

Game end.
The winner is O
ta time: 317.28
student time: 60.01
Black(You) lose.
=====Round 9=====
Black:TA White:You
Thu Oct 29 23:04:19 PDT 2020
Clean up...
Start Playing...
Black 2,2
----------
          
          
    X     
          
          
----------

White 0,2
----------
    O     
          
    X     
          
          
----------

Black 1,3
----------
    O     
      X   
    X     
          
          
----------

White 0,1
----------
  O O     
      X   
    X     
          
          
----------

Black 1,1
----------
  O O     
  X   X   
    X     
          
          
----------

White 1,2
----------
  O O     
  X O X   
    X     
          
          
----------

Black 0,3
----------
  O O X   
  X O X   
    X     
          
          
----------

White 2,1
----------
  O O X   
  X O X   
  O X     
          
          
----------

Black 0,0
----------
X     X   
  X   X   
  O X     
          
          
----------

White 3,1
----------
X     X   
  X   X   
  O X     
  O       
          
----------

Black 3,2
----------
X     X   
  X   X   
  O X     
  O X     
          
----------

White 4,1
----------
X     X   
  X   X   
  O X     
  O X     
  O       
----------

Black 1,0
----------
X     X   
X X   X   
  O X     
  O X     
  O       
----------

White 4,2
----------
X     X   
X X   X   
  O X     
  O X     
  O O     
----------

Black 3,3
----------
X     X   
X X   X   
  O X     
  O X X   
  O O     
----------

White 4,3
----------
X     X   
X X   X   
  O X     
  O X X   
  O O O   
----------

Black 2,0
----------
X     X   
X X   X   
X O X     
  O X X   
  O O O   
----------

White 4,4
----------
X     X   
X X   X   
X O X     
  O X X   
  O O O O 
----------

Black 3,4
----------
X     X   
X X   X   
X O X     
  O X X X 
  O O O O 
----------

White 0,2
----------
X   O X   
X X   X   
X O X     
  O X X X 
  O O O O 
----------

Black 1,2
----------
X   O X   
X X X X   
X O X     
  O X X X 
  O O O O 
----------

White 1,4
----------
X   O X   
X X X X O 
X O X     
  O X X X 
  O O O O 
----------

Black 0,1
----------
X X   X   
X X X X O 
X O X     
  O X X X 
  O O O O 
----------

White 2,4
----------
X X   X   
X X X X O 
X O X   O 
  O X X X 
  O O O O 
----------

Game end.
The winner is X
ta time: 347.78
student time: 62.71
White(You) lose.
=====Round 10=====
Black:You White:TA
Thu Oct 29 23:04:53 PDT 2020
Clean up...
Start Playing...
Black 2,2
----------
          
          
    X     
          
          
----------

White 2,1
----------
          
          
  O X     
          
          
----------

Black 1,2
----------
          
    X     
  O X     
          
          
----------

White 3,1
----------
          
    X     
  O X     
  O       
          
----------

Black 1,1
----------
          
  X X     
  O X     
  O       
          
----------

White 3,2
----------
          
  X X     
  O X     
  O O     
          
----------

Black 1,3
----------
          
  X X X   
  O X     
  O O     
          
----------

White 3,3
----------
          
  X X X   
  O X     
  O O O   
          
----------

Black 2,3
----------
          
  X X X   
  O X X   
  O O O   
          
----------

White 1,0
----------
          
O X X X   
  O X X   
  O O O   
          
----------

Black 0,1
----------
  X       
O X X X   
  O X X   
  O O O   
          
----------

White 3,4
----------
  X       
O X X X   
  O X X   
  O O O O 
          
----------

Black 0,0
----------
X X       
O X X X   
  O X X   
  O O O O 
          
----------

White 2,0
----------
X X       
O X X X   
O O X X   
  O O O O 
          
----------

Black 0,3
----------
X X   X   
O X X X   
O O X X   
  O O O O 
          
----------

White 2,4
----------
X X   X   
O X X X   
O O X X O 
  O O O O 
          
----------

Black 0,2
----------
X X X X   
O X X X   
O O X X O 
  O O O O 
          
----------

White 4,2
----------
X X X X   
O X X X   
O O X X O 
  O O O O 
    O     
----------

Black 4,0
----------
X X X X   
O X X X   
O O X X O 
  O O O O 
X   O     
----------

White 4,1
----------
X X X X   
O X X X   
O O X X O 
  O O O O 
X O O     
----------

Black PASS
----------
X X X X   
O X X X   
O O X X O 
  O O O O 
X O O     
----------

White 1,4
----------
X X X X   
O X X X O 
O O X X O 
  O O O O 
X O O     
----------

Black PASS
----------
X X X X   
O X X X O 
O O X X O 
  O O O O 
X O O     
----------

White 0,4
----------
        O 
O       O 
O O     O 
  O O O O 
X O O     
----------

Game end.
The winner is O
ta time: 379.2
student time: 66.14
Black(You) lose.
