Wed Oct 28 06:59:07 PDT 2020

==Playing with qlearning_player==
=====Round 1=====
Black:TA White:You
Wed Oct 28 06:59:07 PDT 2020
Clean up...
Start Playing...
Black 1,2
----------
          
    X     
          
          
          
----------

White 2,1
----------
          
    X     
  O       
          
          
----------

Black 2,2
----------
          
    X     
  O X     
          
          
----------

White 3,1
----------
          
    X     
  O X     
  O       
          
----------

Black 0,0
----------
X         
    X     
  O X     
  O       
          
----------

White 0,1
----------
X O       
    X     
  O X     
  O       
          
----------

Black 2,3
----------
X O       
    X     
  O X X   
  O       
          
----------

White 1,0
----------
  O       
O   X     
  O X X   
  O       
          
----------

Black 0,2
----------
  O X     
O   X     
  O X X   
  O       
          
----------

White 3,2
----------
  O X     
O   X     
  O X X   
  O O     
          
----------

Black 0,3
----------
  O X X   
O   X     
  O X X   
  O O     
          
----------

White 3,3
----------
  O X X   
O   X     
  O X X   
  O O O   
          
----------

Black 0,4
----------
  O X X X 
O   X     
  O X X   
  O O O   
          
----------

White 3,4
----------
  O X X X 
O   X     
  O X X   
  O O O O 
          
----------

Black 4,2
----------
  O X X X 
O   X     
  O X X   
  O O O O 
    X     
----------

White 4,1
----------
  O X X X 
O   X     
  O X X   
  O O O O 
  O X     
----------

Black 2,4
----------
  O X X X 
O   X     
  O X X X 
  O O O O 
  O X     
----------

White 4,3
----------
  O X X X 
O   X     
  O X X X 
  O O O O 
  O   O   
----------

Black 2,0
----------
  O X X X 
O   X     
X O X X X 
  O O O O 
  O   O   
----------

White 3,0
----------
  O X X X 
O   X     
  O X X X 
O O O O O 
  O   O   
----------

Black 1,1
----------
  O X X X 
O X X     
  O X X X 
O O O O O 
  O   O   
----------

White 1,3
----------
  O X X X 
O X X O   
  O X X X 
O O O O O 
  O   O   
----------

Black 1,4
----------
  O X X X 
O X X   X 
  O X X X 
O O O O O 
  O   O   
----------

White 1,3
----------
  O       
O     O   
  O       
O O O O O 
  O   O   
----------

Game end.
The winner is O
ta time: 4.03
student time: 0.61
White(You) win!
=====Round 2=====
Black:You White:TA
Wed Oct 28 06:59:20 PDT 2020
Clean up...
Start Playing...
Black 2,2
----------
          
          
    X     
          
          
----------

White 2,1
----------
          
          
  O X     
          
          
----------

Black 1,2
----------
          
    X     
  O X     
          
          
----------

White 3,2
----------
          
    X     
  O X     
    O     
          
----------

Black 1,1
----------
          
  X X     
  O X     
    O     
          
----------

White 2,3
----------
          
  X X     
  O X O   
    O     
          
----------

Black 3,1
----------
          
  X X     
  O X O   
  X O     
          
----------

White 2,4
----------
          
  X X     
  O X O O 
  X O     
          
----------

Black 2,0
----------
          
  X X     
X   X O O 
  X O     
          
----------

White 1,3
----------
          
  X X O   
X   X O O 
  X O     
          
----------

Black 3,3
----------
          
  X X O   
X   X O O 
  X O X   
          
----------

White 4,2
----------
          
  X X O   
X   X O O 
  X O X   
    O     
----------

Black 4,1
----------
          
  X X O   
X   X O O 
  X O X   
  X O     
----------

White 0,2
----------
    O     
  X X O   
X   X O O 
  X O X   
  X O     
----------

Black 4,3
----------
    O     
  X X O   
X   X O O 
  X   X   
  X   X   
----------

White 3,2
----------
    O     
  X X O   
X   X O O 
  X O X   
  X   X   
----------

Black 4,2
----------
    O     
  X X O   
X   X O O 
  X   X   
  X X X   
----------

White 1,0
----------
    O     
O X X O   
X   X O O 
  X   X   
  X X X   
----------

Black 0,1
----------
  X O     
O X X O   
X   X O O 
  X   X   
  X X X   
----------

White 3,0
----------
  X O     
O X X O   
X   X O O 
O X   X   
  X X X   
----------

Black 0,0
----------
X X O     
  X X O   
X   X O O 
O X   X   
  X X X   
----------

White 0,3
----------
X X O O   
  X X O   
X   X O O 
O X   X   
  X X X   
----------

Black 4,0
----------
X X O O   
  X X O   
X   X O O 
  X   X   
X X X X   
----------

White 1,4
----------
X X O O   
  X X O O 
X   X O O 
  X   X   
X X X X   
----------

Game end.
The winner is X
ta time: 7.8
student time: 1.11
Black(You) win!
=====Round 3=====
Black:TA White:You
Wed Oct 28 06:59:28 PDT 2020
Clean up...
Start Playing...
Black 1,2
----------
          
    X     
          
          
          
----------

White 2,1
----------
          
    X     
  O       
          
          
----------

Black 2,2
----------
          
    X     
  O X     
          
          
----------

White 3,1
----------
          
    X     
  O X     
  O       
          
----------

Black 0,0
----------
X         
    X     
  O X     
  O       
          
----------

White 0,1
----------
X O       
    X     
  O X     
  O       
          
----------

Black 3,2
----------
X O       
    X     
  O X     
  O X     
          
----------

White 1,0
----------
  O       
O   X     
  O X     
  O X     
          
----------

Black 0,2
----------
  O X     
O   X     
  O X     
  O X     
          
----------

White 4,1
----------
  O X     
O   X     
  O X     
  O X     
  O       
----------

Black 2,3
----------
  O X     
O   X     
  O X X   
  O X     
  O       
----------

White 4,2
----------
  O X     
O   X     
  O X X   
  O X     
  O O     
----------

Black 2,0
----------
  O X     
O   X     
X O X X   
  O X     
  O O     
----------

White 3,0
----------
  O X     
O   X     
  O X X   
O O X     
  O O     
----------

Black 3,3
----------
  O X     
O   X     
  O X X   
O O X X   
  O O     
----------

White 1,1
----------
  O X     
O O X     
  O X X   
O O X X   
  O O     
----------

Black 2,4
----------
  O X     
O O X     
  O X X X 
O O X X   
  O O     
----------

White 4,3
----------
  O X     
O O X     
  O X X X 
O O X X   
  O O O   
----------

Black 1,3
----------
  O X     
O O X X   
  O X X X 
O O X X   
  O O O   
----------

White 4,4
----------
  O X     
O O X X   
  O X X X 
O O X X   
  O O O O 
----------

Black 3,4
----------
  O X     
O O X X   
  O X X X 
O O X X X 
  O O O O 
----------

White 0,3
----------
  O X O   
O O X X   
  O X X X 
O O X X X 
  O O O O 
----------

Black 0,4
----------
  O X   X 
O O X X   
  O X X X 
O O X X X 
  O O O O 
----------

White 0,0
----------
O O X   X 
O O X X   
  O X X X 
O O X X X 
  O O O O 
----------

Game end.
The winner is O
ta time: 12.06
student time: 1.73
White(You) win!
=====Round 4=====
Black:You White:TA
Wed Oct 28 06:59:35 PDT 2020
Clean up...
Start Playing...
Black 2,2
----------
          
          
    X     
          
          
----------

White 2,1
----------
          
          
  O X     
          
          
----------

Black 1,2
----------
          
    X     
  O X     
          
          
----------

White 3,2
----------
          
    X     
  O X     
    O     
          
----------

Black 1,1
----------
          
  X X     
  O X     
    O     
          
----------

White 2,3
----------
          
  X X     
  O X O   
    O     
          
----------

Black 3,1
----------
          
  X X     
  O X O   
  X O     
          
----------

White 3,3
----------
          
  X X     
  O X O   
  X O O   
          
----------

Black 2,0
----------
          
  X X     
X   X O   
  X O O   
          
----------

White 1,3
----------
          
  X X O   
X   X O   
  X O O   
          
----------

Black 4,1
----------
          
  X X O   
X   X O   
  X O O   
  X       
----------

White 2,4
----------
          
  X X O   
X   X O O 
  X O O   
  X       
----------

Black 2,1
----------
          
  X X O   
X X X O O 
  X O O   
  X       
----------

White 4,2
----------
          
  X X O   
X X X O O 
  X O O   
  X O     
----------

Black 0,1
----------
  X       
  X X O   
X X X O O 
  X O O   
  X O     
----------

White 0,2
----------
  X O     
  X X O   
X X X O O 
  X O O   
  X O     
----------

Black 0,0
----------
X X O     
  X X O   
X X X O O 
  X O O   
  X O     
----------

White 4,3
----------
X X O     
  X X O   
X X X O O 
  X O O   
  X O O   
----------

Black 1,0
----------
X X O     
X X X O   
X X X O O 
  X O O   
  X O O   
----------

White 3,4
----------
X X O     
X X X O   
X X X O O 
  X O O O 
  X O O   
----------

Black 0,4
----------
X X O   X 
X X X O   
X X X O O 
  X O O O 
  X O O   
----------

White 0,3
----------
X X O O X 
X X X O   
X X X O O 
  X O O O 
  X O O   
----------

Black 3,0
----------
X X O O X 
X X X O   
X X X O O 
X X O O O 
  X O O   
----------

White 4,0
----------
    O O X 
      O   
      O O 
    O O O 
O   O O   
----------

Game end.
The winner is O
ta time: 15.67
student time: 2.23
Black(You) lose.
=====Round 5=====
Black:TA White:You
Wed Oct 28 06:59:42 PDT 2020
Clean up...
Start Playing...
Black 1,2
----------
          
    X     
          
          
          
----------

White 2,1
----------
          
    X     
  O       
          
          
----------

Black 2,2
----------
          
    X     
  O X     
          
          
----------

White 3,1
----------
          
    X     
  O X     
  O       
          
----------

Black 0,0
----------
X         
    X     
  O X     
  O       
          
----------

White 0,1
----------
X O       
    X     
  O X     
  O       
          
----------

Black 2,3
----------
X O       
    X     
  O X X   
  O       
          
----------

White 1,0
----------
  O       
O   X     
  O X X   
  O       
          
----------

Black 0,2
----------
  O X     
O   X     
  O X X   
  O       
          
----------

White 3,2
----------
  O X     
O   X     
  O X X   
  O O     
          
----------

Black 0,3
----------
  O X X   
O   X     
  O X X   
  O O     
          
----------

White 3,3
----------
  O X X   
O   X     
  O X X   
  O O O   
          
----------

Black 0,4
----------
  O X X X 
O   X     
  O X X   
  O O O   
          
----------

White 3,4
----------
  O X X X 
O   X     
  O X X   
  O O O O 
          
----------

Black 2,4
----------
  O X X X 
O   X     
  O X X X 
  O O O O 
          
----------

White 1,1
----------
  O X X X 
O O X     
  O X X X 
  O O O O 
          
----------

Black 2,0
----------
  O X X X 
O O X     
X O X X X 
  O O O O 
          
----------

White 3,0
----------
  O X X X 
O O X     
  O X X X 
O O O O O 
          
----------

Black 1,3
----------
  O X X X 
O O X X   
  O X X X 
O O O O O 
          
----------

White 1,4
----------
  O       
O O     O 
  O       
O O O O O 
          
----------

Black 2,2
----------
  O       
O O     O 
  O X     
O O O O O 
          
----------

White 1,2
----------
  O       
O O O   O 
  O X     
O O O O O 
          
----------

Black 2,3
----------
  O       
O O O   O 
  O X X   
O O O O O 
          
----------

White 1,3
----------
  O       
O O O O O 
  O X X   
O O O O O 
          
----------

Game end.
The winner is O
ta time: 19.55
student time: 2.87
White(You) win!
=====Round 6=====
Black:You White:TA
Wed Oct 28 06:59:50 PDT 2020
Clean up...
Start Playing...
Black 2,2
----------
          
          
    X     
          
          
----------

White 2,1
----------
          
          
  O X     
          
          
----------

Black 1,2
----------
          
    X     
  O X     
          
          
----------

White 3,2
----------
          
    X     
  O X     
    O     
          
----------

Black 1,1
----------
          
  X X     
  O X     
    O     
          
----------

White 2,3
----------
          
  X X     
  O X O   
    O     
          
----------

Black 3,1
----------
          
  X X     
  O X O   
  X O     
          
----------

White 0,2
----------
    O     
  X X     
  O X O   
  X O     
          
----------

Black 2,0
----------
    O     
  X X     
X   X O   
  X O     
          
----------

White 4,2
----------
    O     
  X X     
X   X O   
  X O     
    O     
----------

Black 0,1
----------
  X O     
  X X     
X   X O   
  X O     
    O     
----------

White 3,3
----------
  X O     
  X X     
X   X O   
  X O O   
    O     
----------

Black 0,3
----------
  X   X   
  X X     
X   X O   
  X O O   
    O     
----------

White 0,0
----------
O X   X   
  X X     
X   X O   
  X O O   
    O     
----------

Black 1,0
----------
  X   X   
X X X     
X   X O   
  X O O   
    O     
----------

White 0,4
----------
  X   X O 
X X X     
X   X O   
  X O O   
    O     
----------

Black 1,4
----------
  X   X   
X X X   X 
X   X O   
  X O O   
    O     
----------

White 1,3
----------
  X   X   
X X X O X 
X   X O   
  X O O   
    O     
----------

Black 2,1
----------
  X   X   
X X X O X 
X X X O   
  X O O   
    O     
----------

White 2,4
----------
  X   X   
X X X O X 
X X X O O 
  X O O   
    O     
----------

Black 3,0
----------
  X   X   
X X X O X 
X X X O O 
X X O O   
    O     
----------

White 0,4
----------
  X   X O 
X X X O   
X X X O O 
X X O O   
    O     
----------

Black 0,0
----------
X X   X O 
X X X O   
X X X O O 
X X O O   
    O     
----------

White 0,2
----------
X X O   O 
X X X O   
X X X O O 
X X O O   
    O     
----------

Game end.
The winner is O
ta time: 23.25
student time: 3.41
Black(You) lose.
=====Round 7=====
Black:TA White:You
Wed Oct 28 06:59:57 PDT 2020
Clean up...
Start Playing...
Black 1,2
----------
          
    X     
          
          
          
----------

White 2,1
----------
          
    X     
  O       
          
          
----------

Black 2,2
----------
          
    X     
  O X     
          
          
----------

White 3,1
----------
          
    X     
  O X     
  O       
          
----------

Black 0,0
----------
X         
    X     
  O X     
  O       
          
----------

White 0,1
----------
X O       
    X     
  O X     
  O       
          
----------

Black 3,2
----------
X O       
    X     
  O X     
  O X     
          
----------

White 1,0
----------
  O       
O   X     
  O X     
  O X     
          
----------

Black 0,2
----------
  O X     
O   X     
  O X     
  O X     
          
----------

White 4,1
----------
  O X     
O   X     
  O X     
  O X     
  O       
----------

Black 2,3
----------
  O X     
O   X     
  O X X   
  O X     
  O       
----------

White 4,2
----------
  O X     
O   X     
  O X X   
  O X     
  O O     
----------

Black 1,3
----------
  O X     
O   X X   
  O X X   
  O X     
  O O     
----------

White 4,3
----------
  O X     
O   X X   
  O X X   
  O X     
  O O O   
----------

Black 2,0
----------
  O X     
O   X X   
X O X X   
  O X     
  O O O   
----------

White 3,0
----------
  O X     
O   X X   
  O X X   
O O X     
  O O O   
----------

Black 1,1
----------
  O X     
O X X X   
  O X X   
O O X     
  O O O   
----------

White 3,3
----------
  O X     
O X X X   
  O X X   
O O X O   
  O O O   
----------

Black 0,0
----------
X   X     
O X X X   
  O X X   
O O X O   
  O O O   
----------

White 3,4
----------
X   X     
O X X X   
  O X X   
O O X O O 
  O O O   
----------

Black 2,0
----------
X   X     
  X X X   
X O X X   
O O X O O 
  O O O   
----------

White 2,4
----------
X   X     
  X X X   
X O X X O 
O O X O O 
  O O O   
----------

Black 1,0
----------
X   X     
X X X X   
X O X X O 
O O X O O 
  O O O   
----------

White 1,4
----------
X   X     
X X X X O 
X O X X O 
O O X O O 
  O O O   
----------

Game end.
The winner is O
ta time: 27.06
student time: 4
White(You) win!
=====Round 8=====
Black:You White:TA
Wed Oct 28 07:00:04 PDT 2020
Clean up...
Start Playing...
Black 2,2
----------
          
          
    X     
          
          
----------

White 2,1
----------
          
          
  O X     
          
          
----------

Black 1,2
----------
          
    X     
  O X     
          
          
----------

White 3,2
----------
          
    X     
  O X     
    O     
          
----------

Black 1,1
----------
          
  X X     
  O X     
    O     
          
----------

White 2,3
----------
          
  X X     
  O X O   
    O     
          
----------

Black 3,1
----------
          
  X X     
  O X O   
  X O     
          
----------

White 1,3
----------
          
  X X O   
  O X O   
  X O     
          
----------

Black 2,0
----------
          
  X X O   
X   X O   
  X O     
          
----------

White 4,2
----------
          
  X X O   
X   X O   
  X O     
    O     
----------

Black 0,1
----------
  X       
  X X O   
X   X O   
  X O     
    O     
----------

White 3,3
----------
  X       
  X X O   
X   X O   
  X O O   
    O     
----------

Black 0,2
----------
  X X     
  X X O   
X   X O   
  X O O   
    O     
----------

White 2,4
----------
  X X     
  X X O   
X   X O O 
  X O O   
    O     
----------

Black 0,3
----------
  X X X   
  X X O   
X   X O O 
  X O O   
    O     
----------

White 4,1
----------
  X X X   
  X X O   
X   X O O 
  X O O   
  O O     
----------

Black 0,4
----------
  X X X X 
  X X O   
X   X O O 
  X O O   
  O O     
----------

White 1,4
----------
  X X X X 
  X X O O 
X   X O O 
  X O O   
  O O     
----------

Black 2,1
----------
  X X X X 
  X X O O 
X X X O O 
  X O O   
  O O     
----------

White 3,0
----------
  X X X X 
  X X O O 
X X X O O 
O X O O   
  O O     
----------

Black 4,4
----------
  X X X X 
  X X O O 
X X X O O 
O X O O   
  O O   X 
----------

White 1,0
----------
  X X X X 
O X X O O 
X X X O O 
O X O O   
  O O   X 
----------

Black 4,0
----------
  X X X X 
O X X O O 
X X X O O 
  X O O   
X O O   X 
----------

White 4,3
----------
  X X X X 
O X X O O 
X X X O O 
  X O O   
X O O O X 
----------

Game end.
The winner is O
ta time: 30.85
student time: 4.54
Black(You) lose.
=====Round 9=====
Black:TA White:You
Wed Oct 28 07:00:11 PDT 2020
Clean up...
Start Playing...
Black 1,2
----------
          
    X     
          
          
          
----------

White 2,1
----------
          
    X     
  O       
          
          
----------

Black 2,2
----------
          
    X     
  O X     
          
          
----------

White 3,1
----------
          
    X     
  O X     
  O       
          
----------

Black 0,0
----------
X         
    X     
  O X     
  O       
          
----------

White 0,1
----------
X O       
    X     
  O X     
  O       
          
----------

Black 2,3
----------
X O       
    X     
  O X X   
  O       
          
----------

White 1,0
----------
  O       
O   X     
  O X X   
  O       
          
----------

Black 0,2
----------
  O X     
O   X     
  O X X   
  O       
          
----------

White 3,2
----------
  O X     
O   X     
  O X X   
  O O     
          
----------

Black 0,3
----------
  O X X   
O   X     
  O X X   
  O O     
          
----------

White 3,3
----------
  O X X   
O   X     
  O X X   
  O O O   
          
----------

Black 0,4
----------
  O X X X 
O   X     
  O X X   
  O O O   
          
----------

White 3,4
----------
  O X X X 
O   X     
  O X X   
  O O O O 
          
----------

Black 4,2
----------
  O X X X 
O   X     
  O X X   
  O O O O 
    X     
----------

White 4,1
----------
  O X X X 
O   X     
  O X X   
  O O O O 
  O X     
----------

Black 1,1
----------
  O X X X 
O X X     
  O X X   
  O O O O 
  O X     
----------

White 4,3
----------
  O X X X 
O X X     
  O X X   
  O O O O 
  O   O   
----------

Black 0,0
----------
X   X X X 
O X X     
  O X X   
  O O O O 
  O   O   
----------

White 2,4
----------
X   X X X 
O X X     
  O X X O 
  O O O O 
  O   O   
----------

Black 2,0
----------
X   X X X 
  X X     
X O X X O 
  O O O O 
  O   O   
----------

White 3,0
----------
X   X X X 
  X X     
X O X X O 
O O O O O 
  O   O   
----------

Black 1,3
----------
X   X X X 
  X X X   
X O X X O 
O O O O O 
  O   O   
----------

White 1,4
----------
X   X X X 
  X X X O 
X O X X O 
O O O O O 
  O   O   
----------

Game end.
The winner is O
ta time: 34.73
student time: 5.14
White(You) win!
=====Round 10=====
Black:You White:TA
Wed Oct 28 07:00:19 PDT 2020
Clean up...
Start Playing...
Black 2,2
----------
          
          
    X     
          
          
----------

White 2,1
----------
          
          
  O X     
          
          
----------

Black 1,2
----------
          
    X     
  O X     
          
          
----------

White 3,2
----------
          
    X     
  O X     
    O     
          
----------

Black 1,1
----------
          
  X X     
  O X     
    O     
          
----------

White 2,3
----------
          
  X X     
  O X O   
    O     
          
----------

Black 3,1
----------
          
  X X     
  O X O   
  X O     
          
----------

White 2,0
----------
          
  X X     
O O X O   
  X O     
          
----------

Black 1,0
----------
          
X X X     
O O X O   
  X O     
          
----------

White 2,4
----------
          
X X X     
O O X O O 
  X O     
          
----------

Black 3,0
----------
          
X X X     
    X O O 
X X O     
          
----------

White 2,1
----------
          
X X X     
  O X O O 
X X O     
          
----------

Black 2,0
----------
          
X X X     
X   X O O 
X X O     
          
----------

White 3,3
----------
          
X X X     
X   X O O 
X X O O   
          
----------

Black 1,3
----------
          
X X X X   
X   X O O 
X X O O   
          
----------

White 0,2
----------
    O     
X X X X   
X   X O O 
X X O O   
          
----------

Black 0,3
----------
    O X   
X X X X   
X   X O O 
X X O O   
          
----------

White 4,2
----------
    O X   
X X X X   
X   X O O 
X X O O   
    O     
----------

Black 0,1
----------
  X   X   
X X X X   
X   X O O 
X X O O   
    O     
----------

White 4,3
----------
  X   X   
X X X X   
X   X O O 
X X O O   
    O O   
----------

Black 2,1
----------
  X   X   
X X X X   
X X X O O 
X X O O   
    O O   
----------

White 3,4
----------
  X   X   
X X X X   
X X X O O 
X X O O O 
    O O   
----------

Black 0,0
----------
X X   X   
X X X X   
X X X O O 
X X O O O 
    O O   
----------

White 1,4
----------
X X   X   
X X X X O 
X X X O O 
X X O O O 
    O O   
----------

Game end.
The winner is X
ta time: 38.41
student time: 5.73
Black(You) win!

==Playing with championship_player==
=====Round 1=====
Black:TA White:You
Wed Oct 28 07:00:27 PDT 2020
Clean up...
Start Playing...
Black 2,2
----------
          
          
    X     
          
          
----------

White 1,1
----------
          
  O       
    X     
          
          
----------

Black 1,2
----------
          
  O X     
    X     
          
          
----------

White 2,1
----------
          
  O X     
  O X     
          
          
----------

Black 3,1
----------
          
  O X     
  O X     
  X       
          
----------

White 0,1
----------
  O       
  O X     
  O X     
  X       
          
----------

Black 3,0
----------
  O       
  O X     
  O X     
X X       
          
----------

White 0,2
----------
  O O     
  O X     
  O X     
X X       
          
----------

Black 1,3
----------
  O O     
  O X X   
  O X     
X X       
          
----------

White 0,3
----------
  O O O   
  O X X   
  O X     
X X       
          
----------

Black 1,4
----------
  O O O   
  O X X X 
  O X     
X X       
          
----------

White 0,0
----------
O O O O   
  O X X X 
  O X     
X X       
          
----------

Black 2,0
----------
O O O O   
  O X X X 
X O X     
X X       
          
----------

White 3,3
----------
O O O O   
  O X X X 
X O X     
X X   O   
          
----------

Black 0,4
----------
O O O O X 
  O X X X 
X O X     
X X   O   
          
----------

White 2,3
----------
O O O O X 
  O X X X 
X O X O   
X X   O   
          
----------

Black 1,0
----------
        X 
X   X X X 
X   X O   
X X   O   
          
----------

White 3,2
----------
        X 
X   X X X 
X   X O   
X X O O   
          
----------

Black 2,1
----------
        X 
X   X X X 
X X X O   
X X O O   
          
----------

White 3,4
----------
        X 
X   X X X 
X X X O   
X X O O O 
          
----------

Black 2,4
----------
        X 
X   X X X 
X X X O X 
X X O O O 
          
----------

White 4,2
----------
        X 
X   X X X 
X X X O X 
X X O O O 
    O     
----------

Black 0,3
----------
      X X 
X   X X X 
X X X O X 
X X O O O 
    O     
----------

White 4,1
----------
      X X 
X   X X X 
X X X O X 
X X O O O 
  O O     
----------

Game end.
The winner is X
ta time: 73.35
student time: 6.46
White(You) lose.
=====Round 2=====
Black:You White:TA
Wed Oct 28 07:00:53 PDT 2020
Clean up...
Start Playing...
Black 2,2
----------
          
          
    X     
          
          
----------

White 3,2
----------
          
          
    X     
    O     
          
----------

Black 1,2
----------
          
    X     
    X     
    O     
          
----------

White 3,3
----------
          
    X     
    X     
    O O   
          
----------

Black 1,1
----------
          
  X X     
    X     
    O O   
          
----------

White 3,1
----------
          
  X X     
    X     
  O O O   
          
----------

Black 1,3
----------
          
  X X X   
    X     
  O O O   
          
----------

White 2,4
----------
          
  X X X   
    X   O 
  O O O   
          
----------

Black 1,0
----------
          
X X X X   
    X   O 
  O O O   
          
----------

White 2,3
----------
          
X X X X   
    X O O 
  O O O   
          
----------

Black 0,3
----------
      X   
X X X X   
    X O O 
  O O O   
          
----------

White 1,4
----------
      X   
X X X X O 
    X O O 
  O O O   
          
----------

Black 2,0
----------
      X   
X X X X O 
X   X O O 
  O O O   
          
----------

White 3,0
----------
      X   
X X X X O 
X   X O O 
O O O O   
          
----------

Black 2,1
----------
      X   
X X X X O 
X X X O O 
O O O O   
          
----------

White 0,1
----------
  O   X   
X X X X O 
X X X O O 
O O O O   
          
----------

Black 0,0
----------
X O   X   
X X X X O 
X X X O O 
O O O O   
          
----------

White 4,2
----------
X O   X   
X X X X O 
X X X O O 
O O O O   
    O     
----------

Black 4,4
----------
X O   X   
X X X X O 
X X X O O 
O O O O   
    O   X 
----------

White 3,4
----------
X O   X   
X X X X O 
X X X O O 
O O O O O 
    O   X 
----------

Black 0,2
----------
X   X X   
X X X X O 
X X X O O 
O O O O O 
    O   X 
----------

White 4,0
----------
X   X X   
X X X X O 
X X X O O 
O O O O O 
O   O   X 
----------

Black 0,1
----------
X X X X   
X X X X O 
X X X O O 
O O O O O 
O   O   X 
----------

White 0,4
----------
        O 
        O 
      O O 
O O O O O 
O   O   X 
----------

Game end.
The winner is O
ta time: 111.11
student time: 7.11
Black(You) lose.
=====Round 3=====
Black:TA White:You
Wed Oct 28 07:01:20 PDT 2020
Clean up...
Start Playing...
Black 2,2
----------
          
          
    X     
          
          
----------

White 1,1
----------
          
  O       
    X     
          
          
----------

Black 2,1
----------
          
  O       
  X X     
          
          
----------

White 1,2
----------
          
  O O     
  X X     
          
          
----------

Black 1,3
----------
          
  O O X   
  X X     
          
          
----------

White 1,0
----------
          
O O O X   
  X X     
          
          
----------

Black 0,3
----------
      X   
O O O X   
  X X     
          
          
----------

White 2,0
----------
      X   
O O O X   
O X X     
          
          
----------

Black 3,1
----------
      X   
O O O X   
O X X     
  X       
          
----------

White 3,0
----------
      X   
O O O X   
O X X     
O X       
          
----------

Black 4,1
----------
      X   
O O O X   
O X X     
O X       
  X       
----------

White 0,0
----------
O     X   
O O O X   
O X X     
O X       
  X       
----------

Black 0,2
----------
O   X X   
O O O X   
O X X     
O X       
  X       
----------

White 3,3
----------
O   X X   
O O O X   
O X X     
O X   O   
  X       
----------

Black 4,0
----------
O   X X   
O O O X   
O X X     
O X   O   
X X       
----------

White 2,3
----------
O   X X   
O O O X   
O X X O   
O X   O   
X X       
----------

Black 0,1
----------
  X X X   
      X   
  X X O   
  X   O   
X X       
----------

White 3,2
----------
  X X X   
      X   
  X X O   
  X O O   
X X       
----------

Black 4,2
----------
  X X X   
      X   
  X X O   
  X O O   
X X X     
----------

White 2,4
----------
  X X X   
      X   
  X X O O 
  X O O   
X X X     
----------

Black 1,2
----------
  X X X   
    X X   
  X X O O 
  X O O   
X X X     
----------

White 1,4
----------
  X X X   
    X X O 
  X X O O 
  X O O   
X X X     
----------

Black 1,0
----------
  X X X   
X   X X O 
  X X O O 
  X O O   
X X X     
----------

White 3,4
----------
  X X X   
X   X X O 
  X X O O 
  X O O O 
X X X     
----------

Game end.
The winner is X
ta time: 149.96
student time: 7.87
White(You) lose.
=====Round 4=====
Black:You White:TA
Wed Oct 28 07:01:48 PDT 2020
Clean up...
Start Playing...
Black 2,2
----------
          
          
    X     
          
          
----------

White 3,1
----------
          
          
    X     
  O       
          
----------

Black 1,2
----------
          
    X     
    X     
  O       
          
----------

White 2,1
----------
          
    X     
  O X     
  O       
          
----------

Black 1,1
----------
          
  X X     
  O X     
  O       
          
----------

White 3,2
----------
          
  X X     
  O X     
  O O     
          
----------

Black 1,3
----------
          
  X X X   
  O X     
  O O     
          
----------

White 3,3
----------
          
  X X X   
  O X     
  O O O   
          
----------

Black 1,0
----------
          
X X X X   
  O X     
  O O O   
          
----------

White 2,0
----------
          
X X X X   
O O X     
  O O O   
          
----------

Black 1,4
----------
          
X X X X X 
O O X     
  O O O   
          
----------

White 3,4
----------
          
X X X X X 
O O X     
  O O O O 
          
----------

Black 2,3
----------
          
X X X X X 
O O X X   
  O O O O 
          
----------

White 4,1
----------
          
X X X X X 
O O X X   
  O O O O 
  O       
----------

Black 0,0
----------
X         
X X X X X 
O O X X   
  O O O O 
  O       
----------

White 4,3
----------
X         
X X X X X 
O O X X   
  O O O O 
  O   O   
----------

Black 0,1
----------
X X       
X X X X X 
O O X X   
  O O O O 
  O   O   
----------

White 0,3
----------
X X   O   
X X X X X 
O O X X   
  O O O O 
  O   O   
----------

Black 0,2
----------
X X X O   
X X X X X 
O O X X   
  O O O O 
  O   O   
----------

White 3,0
----------
X X X O   
X X X X X 
O O X X   
O O O O O 
  O   O   
----------

Black 0,4
----------
X X X   X 
X X X X X 
O O X X   
O O O O O 
  O   O   
----------

White 2,4
----------
X X X   X 
X X X X X 
O O X X O 
O O O O O 
  O   O   
----------

Black PASS
----------
X X X   X 
X X X X X 
O O X X O 
O O O O O 
  O   O   
----------

White 0,3
----------
      O   
          
O O     O 
O O O O O 
  O   O   
----------

Game end.
The winner is O
ta time: 186.07
student time: 8.43
Black(You) lose.
=====Round 5=====
Black:TA White:You
Wed Oct 28 07:02:15 PDT 2020
Clean up...
Start Playing...
Black 2,2
----------
          
          
    X     
          
          
----------

White 1,1
----------
          
  O       
    X     
          
          
----------

Black 1,2
----------
          
  O X     
    X     
          
          
----------

White 2,1
----------
          
  O X     
  O X     
          
          
----------

Black 3,1
----------
          
  O X     
  O X     
  X       
          
----------

White 0,1
----------
  O       
  O X     
  O X     
  X       
          
----------

Black 3,0
----------
  O       
  O X     
  O X     
X X       
          
----------

White 0,2
----------
  O O     
  O X     
  O X     
X X       
          
----------

Black 1,3
----------
  O O     
  O X X   
  O X     
X X       
          
----------

White 0,3
----------
  O O O   
  O X X   
  O X     
X X       
          
----------

Black 1,4
----------
  O O O   
  O X X X 
  O X     
X X       
          
----------

White 0,0
----------
O O O O   
  O X X X 
  O X     
X X       
          
----------

Black 2,0
----------
O O O O   
  O X X X 
X O X     
X X       
          
----------

White 3,3
----------
O O O O   
  O X X X 
X O X     
X X   O   
          
----------

Black 0,4
----------
O O O O X 
  O X X X 
X O X     
X X   O   
          
----------

White 2,3
----------
O O O O X 
  O X X X 
X O X O   
X X   O   
          
----------

Black 1,0
----------
        X 
X   X X X 
X   X O   
X X   O   
          
----------

White 3,2
----------
        X 
X   X X X 
X   X O   
X X O O   
          
----------

Black 4,1
----------
        X 
X   X X X 
X   X O   
X X O O   
  X       
----------

White 3,4
----------
        X 
X   X X X 
X   X O   
X X O O O 
  X       
----------

Black 2,4
----------
        X 
X   X X X 
X   X O X 
X X O O O 
  X       
----------

White 4,2
----------
        X 
X   X X X 
X   X O X 
X X O O O 
  X O     
----------

Black 2,1
----------
        X 
X   X X X 
X X X O X 
X X O O O 
  X O     
----------

White 0,1
----------
  O     X 
X   X X X 
X X X O X 
X X O O O 
  X O     
----------

Game end.
The winner is X
ta time: 218.95
student time: 9.02
White(You) lose.
=====Round 6=====
Black:You White:TA
Wed Oct 28 07:02:41 PDT 2020
Clean up...
Start Playing...
Black 2,2
----------
          
          
    X     
          
          
----------

White 1,2
----------
          
    O     
    X     
          
          
----------

Black 2,1
----------
          
    O     
  X X     
          
          
----------

White 1,3
----------
          
    O O   
  X X     
          
          
----------

Black 1,1
----------
          
  X O O   
  X X     
          
          
----------

White 2,3
----------
          
  X O O   
  X X O   
          
          
----------

Black 3,1
----------
          
  X O O   
  X X O   
  X       
          
----------

White 3,3
----------
          
  X O O   
  X X O   
  X   O   
          
----------

Black 0,1
----------
  X       
  X O O   
  X X O   
  X   O   
          
----------

White 0,2
----------
  X O     
  X O O   
  X X O   
  X   O   
          
----------

Black 3,2
----------
  X O     
  X O O   
  X X O   
  X X O   
          
----------

White 4,3
----------
  X O     
  X O O   
  X X O   
  X X O   
      O   
----------

Black 3,0
----------
  X O     
  X O O   
  X X O   
X X X O   
      O   
----------

White 2,4
----------
  X O     
  X O O   
  X X O O 
X X X O   
      O   
----------

Black 0,0
----------
X X O     
  X O O   
  X X O O 
X X X O   
      O   
----------

White 0,4
----------
X X O   O 
  X O O   
  X X O O 
X X X O   
      O   
----------

Black 1,0
----------
X X O   O 
X X O O   
  X X O O 
X X X O   
      O   
----------

White 3,4
----------
X X O   O 
X X O O   
  X X O O 
X X X O O 
      O   
----------

Black 2,0
----------
X X O   O 
X X O O   
X X X O O 
X X X O O 
      O   
----------

White 4,2
----------
X X O   O 
X X O O   
X X X O O 
X X X O O 
    O O   
----------

Black 4,0
----------
X X O   O 
X X O O   
X X X O O 
X X X O O 
X   O O   
----------

White 1,4
----------
X X O   O 
X X O O O 
X X X O O 
X X X O O 
X   O O   
----------

Black PASS
----------
X X O   O 
X X O O O 
X X X O O 
X X X O O 
X   O O   
----------

White 4,1
----------
    O   O 
    O O O 
      O O 
      O O 
  O O O   
----------

Game end.
The winner is O
ta time: 257.39
student time: 9.64
Black(You) lose.
=====Round 7=====
Black:TA White:You
Wed Oct 28 07:03:08 PDT 2020
Clean up...
Start Playing...
Black 2,2
----------
          
          
    X     
          
          
----------

White 1,1
----------
          
  O       
    X     
          
          
----------

Black 1,2
----------
          
  O X     
    X     
          
          
----------

White 2,1
----------
          
  O X     
  O X     
          
          
----------

Black 3,1
----------
          
  O X     
  O X     
  X       
          
----------

White 0,1
----------
  O       
  O X     
  O X     
  X       
          
----------

Black 3,0
----------
  O       
  O X     
  O X     
X X       
          
----------

White 0,2
----------
  O O     
  O X     
  O X     
X X       
          
----------

Black 1,3
----------
  O O     
  O X X   
  O X     
X X       
          
----------

White 0,3
----------
  O O O   
  O X X   
  O X     
X X       
          
----------

Black 1,4
----------
  O O O   
  O X X X 
  O X     
X X       
          
----------

White 0,0
----------
O O O O   
  O X X X 
  O X     
X X       
          
----------

Black 2,0
----------
O O O O   
  O X X X 
X O X     
X X       
          
----------

White 3,3
----------
O O O O   
  O X X X 
X O X     
X X   O   
          
----------

Black 0,4
----------
O O O O X 
  O X X X 
X O X     
X X   O   
          
----------

White 2,3
----------
O O O O X 
  O X X X 
X O X O   
X X   O   
          
----------

Black 1,0
----------
        X 
X   X X X 
X   X O   
X X   O   
          
----------

White 3,2
----------
        X 
X   X X X 
X   X O   
X X O O   
          
----------

Black 4,2
----------
        X 
X   X X X 
X   X O   
X X O O   
    X     
----------

White 4,3
----------
        X 
X   X X X 
X   X O   
X X O O   
    X O   
----------

Black 4,1
----------
        X 
X   X X X 
X   X O   
X X O O   
  X X O   
----------

White 2,4
----------
        X 
X   X X X 
X   X O O 
X X O O   
  X X O   
----------

Black 0,2
----------
    X   X 
X   X X X 
X   X O O 
X X O O   
  X X O   
----------

White 1,1
----------
    X   X 
X O X X X 
X   X O O 
X X O O   
  X X O   
----------

Game end.
The winner is X
ta time: 291.81
student time: 10.34
White(You) lose.
=====Round 8=====
Black:You White:TA
Wed Oct 28 07:03:33 PDT 2020
Clean up...
Start Playing...
Black 2,2
----------
          
          
    X     
          
          
----------

White 2,3
----------
          
          
    X O   
          
          
----------

Black 1,2
----------
          
    X     
    X O   
          
          
----------

White 3,3
----------
          
    X     
    X O   
      O   
          
----------

Black 1,1
----------
          
  X X     
    X O   
      O   
          
----------

White 3,2
----------
          
  X X     
    X O   
    O O   
          
----------

Black 1,3
----------
          
  X X X   
    X O   
    O O   
          
----------

White 3,1
----------
          
  X X X   
    X O   
  O O O   
          
----------

Black 1,0
----------
          
X X X X   
    X O   
  O O O   
          
----------

White 1,4
----------
          
X X X X O 
    X O   
  O O O   
          
----------

Black 0,3
----------
      X   
X X X X O 
    X O   
  O O O   
          
----------

White 2,1
----------
      X   
X X X X O 
  O X O   
  O O O   
          
----------

Black 0,4
----------
      X X 
X X X X O 
  O X O   
  O O O   
          
----------

White 2,4
----------
      X X 
X X X X O 
  O X O O 
  O O O   
          
----------

Black 2,0
----------
      X X 
X X X X O 
X O X O O 
  O O O   
          
----------

White 3,0
----------
      X X 
X X X X O 
X O X O O 
O O O O   
          
----------

Black 0,0
----------
X     X X 
X X X X O 
X O X O O 
O O O O   
          
----------

White 4,3
----------
X     X X 
X X X X O 
X O X O O 
O O O O   
      O   
----------

Black 4,1
----------
X     X X 
X X X X O 
X O X O O 
O O O O   
  X   O   
----------

White 0,2
----------
X   O X X 
X X X X O 
X O X O O 
O O O O   
  X   O   
----------

Black 0,1
----------
X X   X X 
X X X X O 
X O X O O 
O O O O   
  X   O   
----------

White 4,4
----------
X X   X X 
X X X X O 
X O X O O 
O O O O   
  X   O O 
----------

Black 4,0
----------
X X   X X 
X X X X O 
X O X O O 
O O O O   
X X   O O 
----------

White 0,2
----------
    O     
        O 
  O   O O 
O O O O   
X X   O O 
----------

Game end.
The winner is O
ta time: 326.78
student time: 11.05
Black(You) lose.
=====Round 9=====
Black:TA White:You
Wed Oct 28 07:03:59 PDT 2020
Clean up...
Start Playing...
Black 2,2
----------
          
          
    X     
          
          
----------

White 1,1
----------
          
  O       
    X     
          
          
----------

Black 1,2
----------
          
  O X     
    X     
          
          
----------

White 2,1
----------
          
  O X     
  O X     
          
          
----------

Black 3,1
----------
          
  O X     
  O X     
  X       
          
----------

White 0,1
----------
  O       
  O X     
  O X     
  X       
          
----------

Black 3,0
----------
  O       
  O X     
  O X     
X X       
          
----------

White 0,2
----------
  O O     
  O X     
  O X     
X X       
          
----------

Black 1,3
----------
  O O     
  O X X   
  O X     
X X       
          
----------

White 0,3
----------
  O O O   
  O X X   
  O X     
X X       
          
----------

Black 1,4
----------
  O O O   
  O X X X 
  O X     
X X       
          
----------

White 0,0
----------
O O O O   
  O X X X 
  O X     
X X       
          
----------

Black 2,0
----------
O O O O   
  O X X X 
X O X     
X X       
          
----------

White 3,3
----------
O O O O   
  O X X X 
X O X     
X X   O   
          
----------

Black 0,4
----------
O O O O X 
  O X X X 
X O X     
X X   O   
          
----------

White 2,3
----------
O O O O X 
  O X X X 
X O X O   
X X   O   
          
----------

Black 1,0
----------
        X 
X   X X X 
X   X O   
X X   O   
          
----------

White 3,2
----------
        X 
X   X X X 
X   X O   
X X O O   
          
----------

Black 2,1
----------
        X 
X   X X X 
X X X O   
X X O O   
          
----------

White 3,4
----------
        X 
X   X X X 
X X X O   
X X O O O 
          
----------

Black 4,2
----------
        X 
X   X X X 
X X X O   
X X O O O 
    X     
----------

White 4,3
----------
        X 
X   X X X 
X X X O   
X X O O O 
    X O   
----------

Black 4,1
----------
        X 
X   X X X 
X X X O   
X X O O O 
  X X O   
----------

White 0,1
----------
  O     X 
X   X X X 
X X X O   
X X O O O 
  X X O   
----------

Game end.
The winner is X
ta time: 360.24
student time: 11.87
White(You) lose.
=====Round 10=====
Black:You White:TA
Wed Oct 28 07:04:25 PDT 2020
Clean up...
Start Playing...
Black 2,2
----------
          
          
    X     
          
          
----------

White 2,1
----------
          
          
  O X     
          
          
----------

Black 1,2
----------
          
    X     
  O X     
          
          
----------

White 3,1
----------
          
    X     
  O X     
  O       
          
----------

Black 1,1
----------
          
  X X     
  O X     
  O       
          
----------

White 3,2
----------
          
  X X     
  O X     
  O O     
          
----------

Black 1,3
----------
          
  X X X   
  O X     
  O O     
          
----------

White 3,3
----------
          
  X X X   
  O X     
  O O O   
          
----------

Black 1,0
----------
          
X X X X   
  O X     
  O O O   
          
----------

White 2,0
----------
          
X X X X   
O O X     
  O O O   
          
----------

Black 1,4
----------
          
X X X X X 
O O X     
  O O O   
          
----------

White 3,4
----------
          
X X X X X 
O O X     
  O O O O 
          
----------

Black 2,3
----------
          
X X X X X 
O O X X   
  O O O O 
          
----------

White 4,2
----------
          
X X X X X 
O O X X   
  O O O O 
    O     
----------

Black 0,0
----------
X         
X X X X X 
O O X X   
  O O O O 
    O     
----------

White 4,0
----------
X         
X X X X X 
O O X X   
  O O O O 
O   O     
----------

Black 0,1
----------
X X       
X X X X X 
O O X X   
  O O O O 
O   O     
----------

White 0,3
----------
X X   O   
X X X X X 
O O X X   
  O O O O 
O   O     
----------

Black 0,2
----------
X X X O   
X X X X X 
O O X X   
  O O O O 
O   O     
----------

White 4,3
----------
X X X O   
X X X X X 
O O X X   
  O O O O 
O   O O   
----------

Black 0,4
----------
X X X   X 
X X X X X 
O O X X   
  O O O O 
O   O O   
----------

White 3,0
----------
X X X   X 
X X X X X 
O O X X   
O O O O O 
O   O O   
----------

Black 0,3
----------
X X X X X 
X X X X X 
O O X X   
O O O O O 
O   O O   
----------

White 2,4
----------
          
          
O O     O 
O O O O O 
O   O O   
----------

Game end.
The winner is O
ta time: 399.83
student time: 12.43
Black(You) lose.
