Thu Oct 29 02:39:36 PDT 2020

==Playing with qlearning_player==
=====Round 1=====
Black:TA White:You
Thu Oct 29 02:39:36 PDT 2020
Clean up...
Start Playing...
Black 1,2
----------
          
    X     
          
          
          
----------

White 3,1
----------
          
    X     
          
  O       
          
----------

Black 2,2
----------
          
    X     
    X     
  O       
          
----------

White 2,1
----------
          
    X     
  O X     
  O       
          
----------

Black 0,0
----------
X         
    X     
  O X     
  O       
          
----------

White 1,1
----------
X         
  O X     
  O X     
  O       
          
----------

Black 0,1
----------
X X       
  O X     
  O X     
  O       
          
----------

White 3,2
----------
X X       
  O X     
  O X     
  O O     
          
----------

Black 2,3
----------
X X       
  O X     
  O X X   
  O O     
          
----------

White 3,3
----------
X X       
  O X     
  O X X   
  O O O   
          
----------

Black 2,0
----------
X X       
  O X     
X O X X   
  O O O   
          
----------

White 3,4
----------
X X       
  O X     
X O X X   
  O O O O 
          
----------

Black 1,3
----------
X X       
  O X X   
X O X X   
  O O O O 
          
----------

White 2,4
----------
X X       
  O X X   
X O X X O 
  O O O O 
          
----------

Black 4,2
----------
X X       
  O X X   
X O X X O 
  O O O O 
    X     
----------

White 1,4
----------
X X       
  O X X O 
X O X X O 
  O O O O 
    X     
----------

Black 0,2
----------
X X X     
  O X X O 
X O X X O 
  O O O O 
    X     
----------

White 0,4
----------
X X X   O 
  O X X O 
X O X X O 
  O O O O 
    X     
----------

Black 4,3
----------
X X X   O 
  O X X O 
X O X X O 
  O O O O 
    X X   
----------

White 3,0
----------
X X X   O 
  O X X O 
X O X X O 
O O O O O 
    X X   
----------

Black 4,1
----------
X X X   O 
  O X X O 
X O X X O 
O O O O O 
  X X X   
----------

White 1,0
----------
X X X   O 
O O X X O 
  O X X O 
O O O O O 
  X X X   
----------

Black 4,4
----------
X X X   O 
O O X X O 
  O X X O 
O O O O O 
  X X X X 
----------

White 0,3
----------
      O O 
O O     O 
  O     O 
O O O O O 
  X X X X 
----------

Game end.
The winner is O
ta time: 3.84
student time: 2.75
White(You) win!
=====Round 2=====
Black:You White:TA
Thu Oct 29 02:39:48 PDT 2020
Clean up...
Start Playing...
Black 2,2
----------
          
          
    X     
          
          
----------

White 2,1
----------
          
          
  O X     
          
          
----------

Black 1,2
----------
          
    X     
  O X     
          
          
----------

White 3,2
----------
          
    X     
  O X     
    O     
          
----------

Black 1,1
----------
          
  X X     
  O X     
    O     
          
----------

White 2,3
----------
          
  X X     
  O X O   
    O     
          
----------

Black 1,3
----------
          
  X X X   
  O X O   
    O     
          
----------

White 3,1
----------
          
  X X X   
  O X O   
  O O     
          
----------

Black 1,0
----------
          
X X X X   
  O X O   
  O O     
          
----------

White 2,0
----------
          
X X X X   
O O X O   
  O O     
          
----------

Black 1,4
----------
          
X X X X X 
O O X O   
  O O     
          
----------

White 0,2
----------
    O     
X X X X X 
O O X O   
  O O     
          
----------

Black 2,4
----------
    O     
X X X X X 
O O X O X 
  O O     
          
----------

White 4,2
----------
    O     
X X X X X 
O O X O X 
  O O     
    O     
----------

Black 3,3
----------
    O     
X X X X X 
O O X   X 
  O O X   
    O     
----------

White 4,1
----------
    O     
X X X X X 
O O X   X 
  O O X   
  O O     
----------

Black 0,1
----------
  X O     
X X X X X 
O O X   X 
  O O X   
  O O     
----------

White 0,3
----------
  X O O   
X X X X X 
O O X   X 
  O O X   
  O O     
----------

Black 0,4
----------
  X     X 
X X X X X 
O O X   X 
  O O X   
  O O     
----------

White 0,2
----------
  X O   X 
X X X X X 
O O X   X 
  O O X   
  O O     
----------

Black 0,3
----------
  X   X X 
X X X X X 
O O X   X 
  O O X   
  O O     
----------

White 3,4
----------
  X   X X 
X X X X X 
O O X   X 
  O O X O 
  O O     
----------

Black 4,3
----------
  X   X X 
X X X X X 
O O X   X 
  O O X O 
  O O X   
----------

White 3,0
----------
  X   X X 
X X X X X 
O O X   X 
O O O X O 
  O O X   
----------

Game end.
The winner is X
ta time: 7.49
student time: 5.81
Black(You) win!
=====Round 3=====
Black:TA White:You
Thu Oct 29 02:39:58 PDT 2020
Clean up...
Start Playing...
Black 1,2
----------
          
    X     
          
          
          
----------

White 3,1
----------
          
    X     
          
  O       
          
----------

Black 2,2
----------
          
    X     
    X     
  O       
          
----------

White 2,1
----------
          
    X     
  O X     
  O       
          
----------

Black 0,0
----------
X         
    X     
  O X     
  O       
          
----------

White 1,1
----------
X         
  O X     
  O X     
  O       
          
----------

Black 0,1
----------
X X       
  O X     
  O X     
  O       
          
----------

White 3,2
----------
X X       
  O X     
  O X     
  O O     
          
----------

Black 2,3
----------
X X       
  O X     
  O X X   
  O O     
          
----------

White 3,3
----------
X X       
  O X     
  O X X   
  O O O   
          
----------

Black 1,3
----------
X X       
  O X X   
  O X X   
  O O O   
          
----------

White 3,4
----------
X X       
  O X X   
  O X X   
  O O O O 
          
----------

Black 0,2
----------
X X X     
  O X X   
  O X X   
  O O O O 
          
----------

White 2,4
----------
X X X     
  O X X   
  O X X O 
  O O O O 
          
----------

Black 4,2
----------
X X X     
  O X X   
  O X X O 
  O O O O 
    X     
----------

White 1,4
----------
X X X     
  O X X O 
  O X X O 
  O O O O 
    X     
----------

Black 2,0
----------
X X X     
  O X X O 
X O X X O 
  O O O O 
    X     
----------

White 0,4
----------
X X X   O 
  O X X O 
X O X X O 
  O O O O 
    X     
----------

Black 4,1
----------
X X X   O 
  O X X O 
X O X X O 
  O O O O 
  X X     
----------

White 3,0
----------
X X X   O 
  O X X O 
X O X X O 
O O O O O 
  X X     
----------

Black 0,3
----------
X X X X O 
  O X X O 
X O X X O 
O O O O O 
  X X     
----------

White 1,0
----------
        O 
O O     O 
  O     O 
O O O O O 
  X X     
----------

Black 2,2
----------
        O 
O O     O 
  O X   O 
O O O O O 
  X X     
----------

White 1,2
----------
        O 
O O O   O 
  O X   O 
O O O O O 
  X X     
----------

Game end.
The winner is O
ta time: 11.33
student time: 8.41
White(You) win!
=====Round 4=====
Black:You White:TA
Thu Oct 29 02:40:10 PDT 2020
Clean up...
Start Playing...
Black 2,2
----------
          
          
    X     
          
          
----------

White 2,1
----------
          
          
  O X     
          
          
----------

Black 1,2
----------
          
    X     
  O X     
          
          
----------

White 3,2
----------
          
    X     
  O X     
    O     
          
----------

Black 1,1
----------
          
  X X     
  O X     
    O     
          
----------

White 2,3
----------
          
  X X     
  O X O   
    O     
          
----------

Black 1,3
----------
          
  X X X   
  O X O   
    O     
          
----------

White 2,4
----------
          
  X X X   
  O X O O 
    O     
          
----------

Black 1,0
----------
          
X X X X   
  O X O O 
    O     
          
----------

White 0,2
----------
    O     
X X X X   
  O X O O 
    O     
          
----------

Black 0,3
----------
    O X   
X X X X   
  O X O O 
    O     
          
----------

White 4,2
----------
    O X   
X X X X   
  O X O O 
    O     
    O     
----------

Black 0,1
----------
  X   X   
X X X X   
  O X O O 
    O     
    O     
----------

White 2,0
----------
  X   X   
X X X X   
O O X O O 
    O     
    O     
----------

Black 3,1
----------
  X   X   
X X X X   
O O X O O 
  X O     
    O     
----------

White 3,3
----------
  X   X   
X X X X   
O O X O O 
  X O O   
    O     
----------

Black 3,0
----------
  X   X   
X X X X   
    X O O 
X X O O   
    O     
----------

White 2,1
----------
  X   X   
X X X X   
  O X O O 
X X O O   
    O     
----------

Black 2,0
----------
  X   X   
X X X X   
X   X O O 
X X O O   
    O     
----------

White 1,4
----------
  X   X   
X X X X O 
X   X O O 
X X O O   
    O     
----------

Black 2,1
----------
  X   X   
X X X X O 
X X X O O 
X X O O   
    O     
----------

White 4,1
----------
  X   X   
X X X X O 
X X X O O 
X X O O   
  O O     
----------

Black 0,0
----------
X X   X   
X X X X O 
X X X O O 
X X O O   
  O O     
----------

White 4,3
----------
X X   X   
X X X X O 
X X X O O 
X X O O   
  O O O   
----------

Game end.
The winner is X
ta time: 15.04
student time: 11.57
Black(You) win!
=====Round 5=====
Black:TA White:You
Thu Oct 29 02:40:21 PDT 2020
Clean up...
Start Playing...
Black 1,2
----------
          
    X     
          
          
          
----------

White 3,1
----------
          
    X     
          
  O       
          
----------

Black 2,2
----------
          
    X     
    X     
  O       
          
----------

White 2,1
----------
          
    X     
  O X     
  O       
          
----------

Black 0,0
----------
X         
    X     
  O X     
  O       
          
----------

White 1,1
----------
X         
  O X     
  O X     
  O       
          
----------

Black 0,1
----------
X X       
  O X     
  O X     
  O       
          
----------

White 3,2
----------
X X       
  O X     
  O X     
  O O     
          
----------

Black 2,3
----------
X X       
  O X     
  O X X   
  O O     
          
----------

White 3,3
----------
X X       
  O X     
  O X X   
  O O O   
          
----------

Black 0,2
----------
X X X     
  O X     
  O X X   
  O O O   
          
----------

White 3,4
----------
X X X     
  O X     
  O X X   
  O O O O 
          
----------

Black 2,0
----------
X X X     
  O X     
X O X X   
  O O O O 
          
----------

White 2,4
----------
X X X     
  O X     
X O X X O 
  O O O O 
          
----------

Black 4,2
----------
X X X     
  O X     
X O X X O 
  O O O O 
    X     
----------

White 1,4
----------
X X X     
  O X   O 
X O X X O 
  O O O O 
    X     
----------

Black 1,3
----------
X X X     
  O X X O 
X O X X O 
  O O O O 
    X     
----------

White 0,4
----------
X X X   O 
  O X X O 
X O X X O 
  O O O O 
    X     
----------

Black 1,0
----------
X X X   O 
X O X X O 
X O X X O 
  O O O O 
    X     
----------

White 3,0
----------
X X X   O 
X O X X O 
X O X X O 
O O O O O 
    X     
----------

Black 4,1
----------
X X X   O 
X O X X O 
X O X X O 
O O O O O 
  X X     
----------

White 0,3
----------
      O O 
  O     O 
  O     O 
O O O O O 
  X X     
----------

Black 2,2
----------
      O O 
  O     O 
  O X   O 
O O O O O 
  X X     
----------

White 0,1
----------
  O   O O 
  O     O 
  O X   O 
O O O O O 
  X X     
----------

Game end.
The winner is O
ta time: 19
student time: 14.27
White(You) win!
=====Round 6=====
Black:You White:TA
Thu Oct 29 02:40:32 PDT 2020
Clean up...
Start Playing...
Black 2,2
----------
          
          
    X     
          
          
----------

White 2,1
----------
          
          
  O X     
          
          
----------

Black 1,2
----------
          
    X     
  O X     
          
          
----------

White 3,2
----------
          
    X     
  O X     
    O     
          
----------

Black 1,1
----------
          
  X X     
  O X     
    O     
          
----------

White 2,3
----------
          
  X X     
  O X O   
    O     
          
----------

Black 1,3
----------
          
  X X X   
  O X O   
    O     
          
----------

White 2,0
----------
          
  X X X   
O O X O   
    O     
          
----------

Black 1,4
----------
          
  X X X X 
O O X O   
    O     
          
----------

White 3,3
----------
          
  X X X X 
O O X O   
    O O   
          
----------

Black 0,1
----------
  X       
  X X X X 
O O X O   
    O O   
          
----------

White 4,2
----------
  X       
  X X X X 
O O X O   
    O O   
    O     
----------

Black 2,4
----------
  X       
  X X X X 
O O X O X 
    O O   
    O     
----------

White 3,1
----------
  X       
  X X X X 
O O X O X 
  O O O   
    O     
----------

Black 3,4
----------
  X       
  X X X X 
O O X O X 
  O O O X 
    O     
----------

White 0,2
----------
  X O     
  X X X X 
O O X O X 
  O O O X 
    O     
----------

Black 0,3
----------
  X   X   
  X X X X 
O O X O X 
  O O O X 
    O     
----------

White 4,3
----------
  X   X   
  X X X X 
O O X O X 
  O O O X 
    O O   
----------

Black 0,0
----------
X X   X   
  X X X X 
O O X O X 
  O O O X 
    O O   
----------

White 3,0
----------
X X   X   
  X X X X 
O O X O X 
O O O O X 
    O O   
----------

Black 0,2
----------
X X X X   
  X X X X 
O O X O X 
O O O O X 
    O O   
----------

White 1,0
----------
X X X X   
O X X X X 
O O X O X 
O O O O X 
    O O   
----------

Black 0,4
----------
X X X X X 
O X X X X 
O O X O X 
O O O O X 
    O O   
----------

White 4,4
----------
          
O         
O O   O   
O O O O   
    O O O 
----------

Game end.
The winner is O
ta time: 22.62
student time: 17.19
Black(You) lose.
=====Round 7=====
Black:TA White:You
Thu Oct 29 02:40:43 PDT 2020
Clean up...
Start Playing...
Black 1,2
----------
          
    X     
          
          
          
----------

White 3,1
----------
          
    X     
          
  O       
          
----------

Black 2,2
----------
          
    X     
    X     
  O       
          
----------

White 2,1
----------
          
    X     
  O X     
  O       
          
----------

Black 0,0
----------
X         
    X     
  O X     
  O       
          
----------

White 1,1
----------
X         
  O X     
  O X     
  O       
          
----------

Black 0,1
----------
X X       
  O X     
  O X     
  O       
          
----------

White 3,2
----------
X X       
  O X     
  O X     
  O O     
          
----------

Black 2,3
----------
X X       
  O X     
  O X X   
  O O     
          
----------

White 3,3
----------
X X       
  O X     
  O X X   
  O O O   
          
----------

Black 2,4
----------
X X       
  O X     
  O X X X 
  O O O   
          
----------

White 3,0
----------
X X       
  O X     
  O X X X 
O O O O   
          
----------

Black 2,0
----------
X X       
  O X     
X O X X X 
O O O O   
          
----------

White 1,0
----------
X X       
O O X     
  O X X X 
O O O O   
          
----------

Black 0,2
----------
X X X     
O O X     
  O X X X 
O O O O   
          
----------

White 3,4
----------
X X X     
O O X     
  O X X X 
O O O O O 
          
----------

Black 4,2
----------
X X X     
O O X     
  O X X X 
O O O O O 
    X     
----------

White 2,0
----------
X X X     
O O X     
O O X X X 
O O O O O 
    X     
----------

Black 1,3
----------
X X X     
O O X X   
O O X X X 
O O O O O 
    X     
----------

White 4,0
----------
X X X     
O O X X   
O O X X X 
O O O O O 
O   X     
----------

Black 4,1
----------
X X X     
O O X X   
O O X X X 
O O O O O 
O X X     
----------

White 4,3
----------
X X X     
O O X X   
O O X X X 
O O O O O 
O     O   
----------

Black 4,2
----------
X X X     
O O X X   
O O X X X 
O O O O O 
O   X O   
----------

White 4,1
----------
X X X     
O O X X   
O O X X X 
O O O O O 
O O   O   
----------

Game end.
The winner is O
ta time: 26.62
student time: 20.28
White(You) win!
=====Round 8=====
Black:You White:TA
Thu Oct 29 02:40:55 PDT 2020
Clean up...
Start Playing...
Black 2,2
----------
          
          
    X     
          
          
----------

White 2,1
----------
          
          
  O X     
          
          
----------

Black 1,2
----------
          
    X     
  O X     
          
          
----------

White 3,2
----------
          
    X     
  O X     
    O     
          
----------

Black 1,1
----------
          
  X X     
  O X     
    O     
          
----------

White 2,3
----------
          
  X X     
  O X O   
    O     
          
----------

Black 1,3
----------
          
  X X X   
  O X O   
    O     
          
----------

White 4,2
----------
          
  X X X   
  O X O   
    O     
    O     
----------

Black 1,0
----------
          
X X X X   
  O X O   
    O     
    O     
----------

White 3,1
----------
          
X X X X   
  O X O   
  O O     
    O     
----------

Black 1,4
----------
          
X X X X X 
  O X O   
  O O     
    O     
----------

White 2,0
----------
          
X X X X X 
O O X O   
  O O     
    O     
----------

Black 2,4
----------
          
X X X X X 
O O X O X 
  O O     
    O     
----------

White 3,3
----------
          
X X X X X 
O O X O X 
  O O O   
    O     
----------

Black 3,4
----------
          
X X X X X 
O O X O X 
  O O O X 
    O     
----------

White 0,2
----------
    O     
X X X X X 
O O X O X 
  O O O X 
    O     
----------

Black 4,4
----------
    O     
X X X X X 
O O X O X 
  O O O X 
    O   X 
----------

White 3,0
----------
    O     
X X X X X 
O O X O X 
O O O O X 
    O   X 
----------

Black 0,0
----------
X   O     
X X X X X 
O O X O X 
O O O O X 
    O   X 
----------

White 0,3
----------
X   O O   
X X X X X 
O O X O X 
O O O O X 
    O   X 
----------

Black 0,1
----------
X X O O   
X X X X X 
O O X O X 
O O O O X 
    O   X 
----------

White 4,3
----------
X X O O   
X X X X X 
O O X O X 
O O O O X 
    O O X 
----------

Black 0,4
----------
X X     X 
X X X X X 
O O X O X 
O O O O X 
    O O X 
----------

White 0,2
----------
X X O   X 
X X X X X 
O O X O X 
O O O O X 
    O O X 
----------

Game end.
The winner is O
ta time: 30.24
student time: 23.13
Black(You) lose.
=====Round 9=====
Black:TA White:You
Thu Oct 29 02:41:05 PDT 2020
Clean up...
Start Playing...
Black 1,2
----------
          
    X     
          
          
          
----------

White 3,1
----------
          
    X     
          
  O       
          
----------

Black 2,2
----------
          
    X     
    X     
  O       
          
----------

White 2,1
----------
          
    X     
  O X     
  O       
          
----------

Black 0,0
----------
X         
    X     
  O X     
  O       
          
----------

White 1,1
----------
X         
  O X     
  O X     
  O       
          
----------

Black 0,1
----------
X X       
  O X     
  O X     
  O       
          
----------

White 3,2
----------
X X       
  O X     
  O X     
  O O     
          
----------

Black 2,3
----------
X X       
  O X     
  O X X   
  O O     
          
----------

White 3,3
----------
X X       
  O X     
  O X X   
  O O O   
          
----------

Black 2,0
----------
X X       
  O X     
X O X X   
  O O O   
          
----------

White 3,4
----------
X X       
  O X     
X O X X   
  O O O O 
          
----------

Black 1,3
----------
X X       
  O X X   
X O X X   
  O O O O 
          
----------

White 2,4
----------
X X       
  O X X   
X O X X O 
  O O O O 
          
----------

Black 0,2
----------
X X X     
  O X X   
X O X X O 
  O O O O 
          
----------

White 1,4
----------
X X X     
  O X X O 
X O X X O 
  O O O O 
          
----------

Black 4,2
----------
X X X     
  O X X O 
X O X X O 
  O O O O 
    X     
----------

White 0,4
----------
X X X   O 
  O X X O 
X O X X O 
  O O O O 
    X     
----------

Black 0,3
----------
X X X X O 
  O X X O 
X O X X O 
  O O O O 
    X     
----------

White 1,0
----------
        O 
O O     O 
X O     O 
  O O O O 
    X     
----------

Black 2,2
----------
        O 
O O     O 
X O X   O 
  O O O O 
    X     
----------

White 3,0
----------
        O 
O O     O 
  O X   O 
O O O O O 
    X     
----------

Black 2,3
----------
        O 
O O     O 
  O X X O 
O O O O O 
    X     
----------

White 1,2
----------
        O 
O O O   O 
  O X X O 
O O O O O 
    X     
----------

Game end.
The winner is O
ta time: 34.42
student time: 25.75
White(You) win!
=====Round 10=====
Black:You White:TA
Thu Oct 29 02:41:17 PDT 2020
Clean up...
Start Playing...
Black 2,2
----------
          
          
    X     
          
          
----------

White 2,1
----------
          
          
  O X     
          
          
----------

Black 1,2
----------
          
    X     
  O X     
          
          
----------

White 3,2
----------
          
    X     
  O X     
    O     
          
----------

Black 1,1
----------
          
  X X     
  O X     
    O     
          
----------

White 2,3
----------
          
  X X     
  O X O   
    O     
          
----------

Black 1,3
----------
          
  X X X   
  O X O   
    O     
          
----------

White 2,4
----------
          
  X X X   
  O X O O 
    O     
          
----------

Black 1,0
----------
          
X X X X   
  O X O O 
    O     
          
----------

White 3,3
----------
          
X X X X   
  O X O O 
    O O   
          
----------

Black 0,3
----------
      X   
X X X X   
  O X O O 
    O O   
          
----------

White 4,2
----------
      X   
X X X X   
  O X O O 
    O O   
    O     
----------

Black 2,0
----------
      X   
X X X X   
X O X O O 
    O O   
    O     
----------

White 3,1
----------
      X   
X X X X   
X O X O O 
  O O O   
    O     
----------

Black 3,0
----------
      X   
X X X X   
X O X O O 
X O O O   
    O     
----------

White 0,2
----------
    O X   
X X X X   
X O X O O 
X O O O   
    O     
----------

Black 0,1
----------
  X   X   
X X X X   
X O X O O 
X O O O   
    O     
----------

White 3,4
----------
  X   X   
X X X X   
X O X O O 
X O O O O 
    O     
----------

Black 4,0
----------
  X   X   
X X X X   
X O X O O 
X O O O O 
X   O     
----------

White 4,1
----------
  X   X   
X X X X   
X O X O O 
X O O O O 
X O O     
----------

Black 0,0
----------
X X   X   
X X X X   
X O X O O 
X O O O O 
X O O     
----------

White 4,3
----------
X X   X   
X X X X   
X O X O O 
X O O O O 
X O O O   
----------

Black 0,2
----------
X X X X   
X X X X   
X O X O O 
X O O O O 
X O O O   
----------

White 1,4
----------
X X X X   
X X X X O 
X O X O O 
X O O O O 
X O O O   
----------

Game end.
The winner is O
ta time: 38.04
student time: 28.62
Black(You) lose.

==Playing with championship_player==
=====Round 1=====
Black:TA White:You
Thu Oct 29 02:41:28 PDT 2020
Clean up...
Start Playing...
Black 2,2
----------
          
          
    X     
          
          
----------

White 3,1
----------
          
          
    X     
  O       
          
----------

Black 3,2
----------
          
          
    X     
  O X     
          
----------

White 1,2
----------
          
    O     
    X     
  O X     
          
----------

Black 1,1
----------
          
  X O     
    X     
  O X     
          
----------

White 1,3
----------
          
  X O O   
    X     
  O X     
          
----------

Black 2,1
----------
          
  X O O   
  X X     
  O X     
          
----------

White 2,3
----------
          
  X O O   
  X X O   
  O X     
          
----------

Black 3,3
----------
          
  X O O   
  X X O   
  O X X   
          
----------

White 3,0
----------
          
  X O O   
  X X O   
O O X X   
          
----------

Black 3,4
----------
          
  X O O   
  X X O   
O O X X X 
          
----------

White 0,2
----------
    O     
  X O O   
  X X O   
O O X X X 
          
----------

Black 0,1
----------
  X O     
  X O O   
  X X O   
O O X X X 
          
----------

White 0,3
----------
  X O O   
  X O O   
  X X O   
O O X X X 
          
----------

Black 2,4
----------
  X O O   
  X O O   
  X X O X 
O O X X X 
          
----------

White 2,0
----------
  X O O   
  X O O   
O X X O X 
O O X X X 
          
----------

Black 1,0
----------
  X O O   
X X O O   
O X X O X 
O O X X X 
          
----------

White 4,1
----------
  X O O   
X X O O   
O X X O X 
O O X X X 
  O       
----------

Black 1,4
----------
  X O O   
X X O O X 
O X X O X 
O O X X X 
  O       
----------

White 4,2
----------
  X O O   
X X O O X 
O X X O X 
O O X X X 
  O O     
----------

Black 4,3
----------
  X O O   
X X O O X 
O X X O X 
O O X X X 
  O O X   
----------

White PASS
----------
  X O O   
X X O O X 
O X X O X 
O O X X X 
  O O X   
----------

Black 4,0
----------
  X O O   
X X O O X 
  X X O X 
    X X X 
X     X   
----------

White 3,0
----------
  X O O   
X X O O X 
  X X O X 
O   X X X 
X     X   
----------

Game end.
The winner is X
ta time: 76.96
student time: 31.91
White(You) lose.
=====Round 2=====
Black:You White:TA
Thu Oct 29 02:41:56 PDT 2020
Clean up...
Start Playing...
Black 2,2
----------
          
          
    X     
          
          
----------

White 1,2
----------
          
    O     
    X     
          
          
----------

Black 2,1
----------
          
    O     
  X X     
          
          
----------

White 1,3
----------
          
    O O   
  X X     
          
          
----------

Black 1,1
----------
          
  X O O   
  X X     
          
          
----------

White 2,3
----------
          
  X O O   
  X X O   
          
          
----------

Black 3,1
----------
          
  X O O   
  X X O   
  X       
          
----------

White 3,3
----------
          
  X O O   
  X X O   
  X   O   
          
----------

Black 0,1
----------
  X       
  X O O   
  X X O   
  X   O   
          
----------

White 0,2
----------
  X O     
  X O O   
  X X O   
  X   O   
          
----------

Black 3,2
----------
  X O     
  X O O   
  X X O   
  X X O   
          
----------

White 4,3
----------
  X O     
  X O O   
  X X O   
  X X O   
      O   
----------

Black 3,0
----------
  X O     
  X O O   
  X X O   
X X X O   
      O   
----------

White 2,4
----------
  X O     
  X O O   
  X X O O 
X X X O   
      O   
----------

Black 0,0
----------
X X O     
  X O O   
  X X O O 
X X X O   
      O   
----------

White 1,4
----------
X X O     
  X O O O 
  X X O O 
X X X O   
      O   
----------

Black 1,0
----------
X X O     
X X O O O 
  X X O O 
X X X O   
      O   
----------

White 0,4
----------
X X O   O 
X X O O O 
  X X O O 
X X X O   
      O   
----------

Black 2,0
----------
X X O   O 
X X O O O 
X X X O O 
X X X O   
      O   
----------

White 4,2
----------
X X O   O 
X X O O O 
X X X O O 
X X X O   
    O O   
----------

Black 4,0
----------
X X O   O 
X X O O O 
X X X O O 
X X X O   
X   O O   
----------

White 4,4
----------
X X O   O 
X X O O O 
X X X O O 
X X X O   
X   O O O 
----------

Black PASS
----------
X X O   O 
X X O O O 
X X X O O 
X X X O   
X   O O O 
----------

White 0,3
----------
X X O O O 
X X O O O 
X X X O O 
X X X O   
X   O O O 
----------

Game end.
The winner is O
ta time: 113.57
student time: 34.82
Black(You) lose.
=====Round 3=====
Black:TA White:You
Thu Oct 29 02:42:27 PDT 2020
Clean up...
Start Playing...
Black 2,2
----------
          
          
    X     
          
          
----------

White 3,1
----------
          
          
    X     
  O       
          
----------

Black 2,1
----------
          
          
  X X     
  O       
          
----------

White 0,0
----------
O         
          
  X X     
  O       
          
----------

Black 3,2
----------
O         
          
  X X     
  O X     
          
----------

White 0,1
----------
O O       
          
  X X     
  O X     
          
----------

Black 2,0
----------
O O       
          
X X X     
  O X     
          
----------

White 0,2
----------
O O O     
          
X X X     
  O X     
          
----------

Black 1,3
----------
O O O     
      X   
X X X     
  O X     
          
----------

White 4,1
----------
O O O     
      X   
X X X     
  O X     
  O       
----------

Black 0,3
----------
O O O X   
      X   
X X X     
  O X     
  O       
----------

White 1,1
----------
O O O X   
  O   X   
X X X     
  O X     
  O       
----------

Black 1,0
----------
O O O X   
X O   X   
X X X     
  O X     
  O       
----------

White 4,2
----------
O O O X   
X O   X   
X X X     
  O X     
  O O     
----------

Black 1,2
----------
      X   
X   X X   
X X X     
  O X     
  O O     
----------

White 4,3
----------
      X   
X   X X   
X X X     
  O X     
  O O O   
----------

Black 0,2
----------
    X X   
X   X X   
X X X     
  O X     
  O O O   
----------

White 3,3
----------
    X X   
X   X X   
X X X     
  O X O   
  O O O   
----------

Black 3,0
----------
    X X   
X   X X   
X X X     
X O X O   
  O O O   
----------

White 2,3
----------
    X X   
X   X X   
X X X O   
X O X O   
  O O O   
----------

Black 1,4
----------
    X X   
X   X X X 
X X X O   
X O X O   
  O O O   
----------

White 2,4
----------
    X X   
X   X X X 
X X X O O 
X O X O   
  O O O   
----------

Black 1,1
----------
    X X   
X X X X X 
X X X O O 
X O X O   
  O O O   
----------

White 3,4
----------
    X X   
X X X X X 
X X X O O 
X O X O O 
  O O O   
----------

Game end.
The winner is X
ta time: 151.91
student time: 38.34
White(You) lose.
=====Round 4=====
Black:You White:TA
Thu Oct 29 02:42:57 PDT 2020
Clean up...
Start Playing...
Black 2,2
----------
          
          
    X     
          
          
----------

White 2,3
----------
          
          
    X O   
          
          
----------

Black 1,2
----------
          
    X     
    X O   
          
          
----------

White 3,3
----------
          
    X     
    X O   
      O   
          
----------

Black 1,1
----------
          
  X X     
    X O   
      O   
          
----------

White 3,2
----------
          
  X X     
    X O   
    O O   
          
----------

Black 1,3
----------
          
  X X X   
    X O   
    O O   
          
----------

White 3,1
----------
          
  X X X   
    X O   
  O O O   
          
----------

Black 1,0
----------
          
X X X X   
    X O   
  O O O   
          
----------

White 1,4
----------
          
X X X X O 
    X O   
  O O O   
          
----------

Black 0,3
----------
      X   
X X X X O 
    X O   
  O O O   
          
----------

White 2,4
----------
      X   
X X X X O 
    X O O 
  O O O   
          
----------

Black 2,0
----------
      X   
X X X X O 
X   X O O 
  O O O   
          
----------

White 3,0
----------
      X   
X X X X O 
X   X O O 
O O O O   
          
----------

Black 2,1
----------
      X   
X X X X O 
X X X O O 
O O O O   
          
----------

White 0,1
----------
  O   X   
X X X X O 
X X X O O 
O O O O   
          
----------

Black 0,0
----------
X O   X   
X X X X O 
X X X O O 
O O O O   
          
----------

White 4,3
----------
X O   X   
X X X X O 
X X X O O 
O O O O   
      O   
----------

Black 0,4
----------
X O   X X 
X X X X O 
X X X O O 
O O O O   
      O   
----------

White 0,2
----------
  O O     
        O 
      O O 
O O O O   
      O   
----------

Black 1,1
----------
  O O     
  X     O 
      O O 
O O O O   
      O   
----------

White 1,2
----------
  O O     
  X O   O 
      O O 
O O O O   
      O   
----------

Black 2,1
----------
  O O     
  X O   O 
  X   O O 
O O O O   
      O   
----------

White 1,0
----------
  O O     
O X O   O 
  X   O O 
O O O O   
      O   
----------

Game end.
The winner is O
ta time: 191.15
student time: 41.15
Black(You) lose.
=====Round 5=====
Black:TA White:You
Thu Oct 29 02:43:28 PDT 2020
Clean up...
Start Playing...
Black 2,2
----------
          
          
    X     
          
          
----------

White 3,1
----------
          
          
    X     
  O       
          
----------

Black 2,1
----------
          
          
  X X     
  O       
          
----------

White 0,0
----------
O         
          
  X X     
  O       
          
----------

Black 3,2
----------
O         
          
  X X     
  O X     
          
----------

White 0,1
----------
O O       
          
  X X     
  O X     
          
----------

Black 1,2
----------
O O       
    X     
  X X     
  O X     
          
----------

White 3,0
----------
O O       
    X     
  X X     
O O X     
          
----------

Black 2,0
----------
O O       
    X     
X X X     
O O X     
          
----------

White 0,2
----------
O O O     
    X     
X X X     
O O X     
          
----------

Black 1,3
----------
O O O     
    X X   
X X X     
O O X     
          
----------

White 0,3
----------
O O O O   
    X X   
X X X     
O O X     
          
----------

Black 1,1
----------
O O O O   
  X X X   
X X X     
O O X     
          
----------

White 0,4
----------
O O O O O 
  X X X   
X X X     
O O X     
          
----------

Black 1,4
----------
O O O O O 
  X X X X 
X X X     
O O X     
          
----------

White 4,1
----------
O O O O O 
  X X X X 
X X X     
O O X     
  O       
----------

Black 1,0
----------
          
X X X X X 
X X X     
O O X     
  O       
----------

White 4,2
----------
          
X X X X X 
X X X     
O O X     
  O O     
----------

Black 0,2
----------
    X     
X X X X X 
X X X     
O O X     
  O O     
----------

White 4,3
----------
    X     
X X X X X 
X X X     
O O X     
  O O O   
----------

Black 3,4
----------
    X     
X X X X X 
X X X     
O O X   X 
  O O O   
----------

White 3,3
----------
    X     
X X X X X 
X X X     
O O X O X 
  O O O   
----------

Black 2,3
----------
    X     
X X X X X 
X X X X   
O O X O X 
  O O O   
----------

White 4,4
----------
    X     
X X X X X 
X X X X   
O O X O X 
  O O O O 
----------

Game end.
The winner is X
ta time: 229.52
student time: 44.57
White(You) lose.
=====Round 6=====
Black:You White:TA
Thu Oct 29 02:44:00 PDT 2020
Clean up...
Start Playing...
Black 2,2
----------
          
          
    X     
          
          
----------

White 3,2
----------
          
          
    X     
    O     
          
----------

Black 1,2
----------
          
    X     
    X     
    O     
          
----------

White 3,1
----------
          
    X     
    X     
  O O     
          
----------

Black 1,1
----------
          
  X X     
    X     
  O O     
          
----------

White 3,3
----------
          
  X X     
    X     
  O O O   
          
----------

Black 1,3
----------
          
  X X X   
    X     
  O O O   
          
----------

White 2,0
----------
          
  X X X   
O   X     
  O O O   
          
----------

Black 1,4
----------
          
  X X X X 
O   X     
  O O O   
          
----------

White 2,1
----------
          
  X X X X 
O O X     
  O O O   
          
----------

Black 0,1
----------
  X       
  X X X X 
O O X     
  O O O   
          
----------

White 1,0
----------
  X       
O X X X X 
O O X     
  O O O   
          
----------

Black 2,3
----------
  X       
O X X X X 
O O X X   
  O O O   
          
----------

White 3,4
----------
  X       
O X X X X 
O O X X   
  O O O O 
          
----------

Black 0,0
----------
X X       
O X X X X 
O O X X   
  O O O O 
          
----------

White 0,3
----------
X X   O   
O X X X X 
O O X X   
  O O O O 
          
----------

Black 0,2
----------
X X X O   
O X X X X 
O O X X   
  O O O O 
          
----------

White 4,1
----------
X X X O   
O X X X X 
O O X X   
  O O O O 
  O       
----------

Black 2,4
----------
X X X O   
O X X X X 
O O X X X 
  O O O O 
  O       
----------

White 0,4
----------
      O O 
O         
O O       
  O O O O 
  O       
----------

Black 1,2
----------
      O O 
O   X     
O O       
  O O O O 
  O       
----------

White 1,3
----------
      O O 
O   X O   
O O       
  O O O O 
  O       
----------

Black 1,1
----------
      O O 
O X X O   
O O       
  O O O O 
  O       
----------

White 0,1
----------
  O   O O 
O X X O   
O O       
  O O O O 
  O       
----------

Game end.
The winner is O
ta time: 268.99
student time: 47.53
Black(You) lose.
=====Round 7=====
Black:TA White:You
Thu Oct 29 02:44:30 PDT 2020
Clean up...
Start Playing...
Black 2,2
----------
          
          
    X     
          
          
----------

White 3,1
----------
          
          
    X     
  O       
          
----------

Black 2,1
----------
          
          
  X X     
  O       
          
----------

White 0,0
----------
O         
          
  X X     
  O       
          
----------

Black 3,2
----------
O         
          
  X X     
  O X     
          
----------

White 0,1
----------
O O       
          
  X X     
  O X     
          
----------

Black 1,2
----------
O O       
    X     
  X X     
  O X     
          
----------

White 3,0
----------
O O       
    X     
  X X     
O O X     
          
----------

Black 2,0
----------
O O       
    X     
X X X     
O O X     
          
----------

White 0,2
----------
O O O     
    X     
X X X     
O O X     
          
----------

Black 1,3
----------
O O O     
    X X   
X X X     
O O X     
          
----------

White 0,3
----------
O O O O   
    X X   
X X X     
O O X     
          
----------

Black 1,1
----------
O O O O   
  X X X   
X X X     
O O X     
          
----------

White 0,4
----------
O O O O O 
  X X X   
X X X     
O O X     
          
----------

Black 1,4
----------
O O O O O 
  X X X X 
X X X     
O O X     
          
----------

White 4,1
----------
O O O O O 
  X X X X 
X X X     
O O X     
  O       
----------

Black 1,0
----------
          
X X X X X 
X X X     
O O X     
  O       
----------

White 4,2
----------
          
X X X X X 
X X X     
O O X     
  O O     
----------

Black 3,3
----------
          
X X X X X 
X X X     
O O X X   
  O O     
----------

White 4,3
----------
          
X X X X X 
X X X     
O O X X   
  O O O   
----------

Black 0,1
----------
  X       
X X X X X 
X X X     
O O X X   
  O O O   
----------

White 4,4
----------
  X       
X X X X X 
X X X     
O O X X   
  O O O O 
----------

Black 2,3
----------
  X       
X X X X X 
X X X X   
O O X X   
  O O O O 
----------

White 3,4
----------
  X       
X X X X X 
X X X X   
O O X X O 
  O O O O 
----------

Game end.
The winner is X
ta time: 306.92
student time: 50.75
White(You) lose.
=====Round 8=====
Black:You White:TA
Thu Oct 29 02:44:59 PDT 2020
Clean up...
Start Playing...
Black 2,2
----------
          
          
    X     
          
          
----------

White 1,2
----------
          
    O     
    X     
          
          
----------

Black 2,1
----------
          
    O     
  X X     
          
          
----------

White 1,3
----------
          
    O O   
  X X     
          
          
----------

Black 1,1
----------
          
  X O O   
  X X     
          
          
----------

White 2,3
----------
          
  X O O   
  X X O   
          
          
----------

Black 3,1
----------
          
  X O O   
  X X O   
  X       
          
----------

White 3,3
----------
          
  X O O   
  X X O   
  X   O   
          
----------

Black 0,1
----------
  X       
  X O O   
  X X O   
  X   O   
          
----------

White 0,2
----------
  X O     
  X O O   
  X X O   
  X   O   
          
----------

Black 3,2
----------
  X O     
  X O O   
  X X O   
  X X O   
          
----------

White 4,3
----------
  X O     
  X O O   
  X X O   
  X X O   
      O   
----------

Black 3,0
----------
  X O     
  X O O   
  X X O   
X X X O   
      O   
----------

White 2,4
----------
  X O     
  X O O   
  X X O O 
X X X O   
      O   
----------

Black 0,0
----------
X X O     
  X O O   
  X X O O 
X X X O   
      O   
----------

White 0,4
----------
X X O   O 
  X O O   
  X X O O 
X X X O   
      O   
----------

Black 1,0
----------
X X O   O 
X X O O   
  X X O O 
X X X O   
      O   
----------

White 3,4
----------
X X O   O 
X X O O   
  X X O O 
X X X O O 
      O   
----------

Black 2,0
----------
X X O   O 
X X O O   
X X X O O 
X X X O O 
      O   
----------

White 4,1
----------
X X O   O 
X X O O   
X X X O O 
X X X O O 
  O   O   
----------

Black 4,0
----------
X X O   O 
X X O O   
X X X O O 
X X X O O 
X O   O   
----------

White 4,2
----------
    O   O 
    O O   
      O O 
      O O 
  O O O   
----------

Black 0,0
----------
X   O   O 
    O O   
      O O 
      O O 
  O O O   
----------

White 2,1
----------
X   O   O 
    O O   
  O   O O 
      O O 
  O O O   
----------

Game end.
The winner is O
ta time: 343.76
student time: 53.71
Black(You) lose.
=====Round 9=====
Black:TA White:You
Thu Oct 29 02:45:29 PDT 2020
Clean up...
Start Playing...
Black 2,2
----------
          
          
    X     
          
          
----------

White 3,1
----------
          
          
    X     
  O       
          
----------

Black 2,1
----------
          
          
  X X     
  O       
          
----------

White 0,0
----------
O         
          
  X X     
  O       
          
----------

Black 3,2
----------
O         
          
  X X     
  O X     
          
----------

White 0,1
----------
O O       
          
  X X     
  O X     
          
----------

Black 1,2
----------
O O       
    X     
  X X     
  O X     
          
----------

White 3,0
----------
O O       
    X     
  X X     
O O X     
          
----------

Black 2,0
----------
O O       
    X     
X X X     
O O X     
          
----------

White 0,2
----------
O O O     
    X     
X X X     
O O X     
          
----------

Black 1,3
----------
O O O     
    X X   
X X X     
O O X     
          
----------

White 0,3
----------
O O O O   
    X X   
X X X     
O O X     
          
----------

Black 1,1
----------
O O O O   
  X X X   
X X X     
O O X     
          
----------

White 0,4
----------
O O O O O 
  X X X   
X X X     
O O X     
          
----------

Black 1,4
----------
O O O O O 
  X X X X 
X X X     
O O X     
          
----------

White 4,1
----------
O O O O O 
  X X X X 
X X X     
O O X     
  O       
----------

Black 1,0
----------
          
X X X X X 
X X X     
O O X     
  O       
----------

White 4,2
----------
          
X X X X X 
X X X     
O O X     
  O O     
----------

Black 3,3
----------
          
X X X X X 
X X X     
O O X X   
  O O     
----------

White 4,3
----------
          
X X X X X 
X X X     
O O X X   
  O O O   
----------

Black 0,1
----------
  X       
X X X X X 
X X X     
O O X X   
  O O O   
----------

White 4,4
----------
  X       
X X X X X 
X X X     
O O X X   
  O O O O 
----------

Black 0,4
----------
  X     X 
X X X X X 
X X X     
O O X X   
  O O O O 
----------

White 3,4
----------
  X     X 
X X X X X 
X X X     
O O X X O 
  O O O O 
----------

Game end.
The winner is X
ta time: 382.01
student time: 57.42
White(You) lose.
=====Round 10=====
Black:You White:TA
Thu Oct 29 02:45:58 PDT 2020
Clean up...
Start Playing...
Black 2,2
----------
          
          
    X     
          
          
----------

White 2,3
----------
          
          
    X O   
          
          
----------

Black 1,2
----------
          
    X     
    X O   
          
          
----------

White 3,3
----------
          
    X     
    X O   
      O   
          
----------

Black 1,1
----------
          
  X X     
    X O   
      O   
          
----------

White 3,2
----------
          
  X X     
    X O   
    O O   
          
----------

Black 1,3
----------
          
  X X X   
    X O   
    O O   
          
----------

White 3,1
----------
          
  X X X   
    X O   
  O O O   
          
----------

Black 1,0
----------
          
X X X X   
    X O   
  O O O   
          
----------

White 1,4
----------
          
X X X X O 
    X O   
  O O O   
          
----------

Black 0,3
----------
      X   
X X X X O 
    X O   
  O O O   
          
----------

White 2,1
----------
      X   
X X X X O 
  O X O   
  O O O   
          
----------

Black 0,4
----------
      X X 
X X X X O 
  O X O   
  O O O   
          
----------

White 2,4
----------
      X X 
X X X X O 
  O X O O 
  O O O   
          
----------

Black 2,0
----------
      X X 
X X X X O 
X O X O O 
  O O O   
          
----------

White 3,0
----------
      X X 
X X X X O 
X O X O O 
O O O O   
          
----------

Black 0,0
----------
X     X X 
X X X X O 
X O X O O 
O O O O   
          
----------

White 4,3
----------
X     X X 
X X X X O 
X O X O O 
O O O O   
      O   
----------

Black 4,1
----------
X     X X 
X X X X O 
X O X O O 
O O O O   
  X   O   
----------

White 0,1
----------
X O   X X 
X X X X O 
X O X O O 
O O O O   
  X   O   
----------

Black 0,2
----------
X   X X X 
X X X X O 
X O X O O 
O O O O   
  X   O   
----------

White 3,4
----------
X   X X X 
X X X X O 
X O X O O 
O O O O O 
  X   O   
----------

Black 4,0
----------
X   X X X 
X X X X O 
X O X O O 
O O O O O 
X X   O   
----------

White 0,1
----------
  O       
        O 
  O   O O 
O O O O O 
X X   O   
----------

Game end.
The winner is O
ta time: 415.85
student time: 60.48
Black(You) lose.
