Wed Oct 28 21:41:52 PDT 2020

==Playing with qlearning_player==
=====Round 1=====
Black:TA White:You
Wed Oct 28 21:41:52 PDT 2020
Clean up...
Start Playing...
Black 1,2
----------
          
    X     
          
          
          
----------

White 2,1
----------
          
    X     
  O       
          
          
----------

Black 2,2
----------
          
    X     
  O X     
          
          
----------

White 3,1
----------
          
    X     
  O X     
  O       
          
----------

Black 0,0
----------
X         
    X     
  O X     
  O       
          
----------

White 1,1
----------
X         
  O X     
  O X     
  O       
          
----------

Black 0,1
----------
X X       
  O X     
  O X     
  O       
          
----------

White 3,2
----------
X X       
  O X     
  O X     
  O O     
          
----------

Black 2,3
----------
X X       
  O X     
  O X X   
  O O     
          
----------

White 3,3
----------
X X       
  O X     
  O X X   
  O O O   
          
----------

Black 2,4
----------
X X       
  O X     
  O X X X 
  O O O   
          
----------

White 3,0
----------
X X       
  O X     
  O X X X 
O O O O   
          
----------

Black 0,2
----------
X X X     
  O X     
  O X X X 
O O O O   
          
----------

White 3,4
----------
X X X     
  O X     
  O X X X 
O O O O O 
          
----------

Black 4,2
----------
X X X     
  O X     
  O X X X 
O O O O O 
    X     
----------

White 1,0
----------
X X X     
O O X     
  O X X X 
O O O O O 
    X     
----------

Black 1,3
----------
X X X     
O O X X   
  O X X X 
O O O O O 
    X     
----------

White 2,0
----------
X X X     
O O X X   
O O X X X 
O O O O O 
    X     
----------

Black 1,4
----------
X X X     
O O X X X 
O O X X X 
O O O O O 
    X     
----------

White 4,0
----------
X X X     
O O X X X 
O O X X X 
O O O O O 
O   X     
----------

Black 4,3
----------
X X X     
O O X X X 
O O X X X 
O O O O O 
O   X X   
----------

White 4,1
----------
X X X     
O O X X X 
O O X X X 
O O O O O 
O O X X   
----------

Black 4,4
----------
X X X     
    X X X 
    X X X 
          
    X X X 
----------

White 3,1
----------
X X X     
    X X X 
    X X X 
  O       
    X X X 
----------

Game end.
The winner is X
ta time: 3.7
student time: 0.81
White(You) lose.
=====Round 2=====
Black:You White:TA
Wed Oct 28 21:42:03 PDT 2020
Clean up...
Start Playing...
Black 2,2
----------
          
          
    X     
          
          
----------

White 2,1
----------
          
          
  O X     
          
          
----------

Black 1,2
----------
          
    X     
  O X     
          
          
----------

White 3,2
----------
          
    X     
  O X     
    O     
          
----------

Black 1,1
----------
          
  X X     
  O X     
    O     
          
----------

White 2,3
----------
          
  X X     
  O X O   
    O     
          
----------

Black 1,3
----------
          
  X X X   
  O X O   
    O     
          
----------

White 4,2
----------
          
  X X X   
  O X O   
    O     
    O     
----------

Black 1,0
----------
          
X X X X   
  O X O   
    O     
    O     
----------

White 2,0
----------
          
X X X X   
O O X O   
    O     
    O     
----------

Black 1,4
----------
          
X X X X X 
O O X O   
    O     
    O     
----------

White 3,3
----------
          
X X X X X 
O O X O   
    O O   
    O     
----------

Black 2,4
----------
          
X X X X X 
O O X O X 
    O O   
    O     
----------

White 0,2
----------
    O     
X X X X X 
O O X O X 
    O O   
    O     
----------

Black 3,4
----------
    O     
X X X X X 
O O X O X 
    O O X 
    O     
----------

White 3,1
----------
    O     
X X X X X 
O O X O X 
  O O O X 
    O     
----------

Black 4,4
----------
    O     
X X X X X 
O O X O X 
  O O O X 
    O   X 
----------

White 4,1
----------
    O     
X X X X X 
O O X O X 
  O O O X 
  O O   X 
----------

Black 0,0
----------
X   O     
X X X X X 
O O X O X 
  O O O X 
  O O   X 
----------

White 4,3
----------
X   O     
X X X X X 
O O X O X 
  O O O X 
  O O O X 
----------

Black 0,1
----------
X X O     
X X X X X 
O O X O X 
  O O O X 
  O O O X 
----------

White 3,0
----------
X X O     
X X X X X 
O O X O X 
O O O O X 
  O O O X 
----------

Black 4,0
----------
X X O     
X X X X X 
    X   X 
        X 
X       X 
----------

White 2,3
----------
X X O     
X X X X X 
    X O X 
        X 
X       X 
----------

Game end.
The winner is X
ta time: 7.11
student time: 1.51
Black(You) win!
=====Round 3=====
Black:TA White:You
Wed Oct 28 21:42:12 PDT 2020
Clean up...
Start Playing...
Black 1,2
----------
          
    X     
          
          
          
----------

White 2,1
----------
          
    X     
  O       
          
          
----------

Black 2,2
----------
          
    X     
  O X     
          
          
----------

White 3,1
----------
          
    X     
  O X     
  O       
          
----------

Black 0,0
----------
X         
    X     
  O X     
  O       
          
----------

White 1,1
----------
X         
  O X     
  O X     
  O       
          
----------

Black 0,1
----------
X X       
  O X     
  O X     
  O       
          
----------

White 3,2
----------
X X       
  O X     
  O X     
  O O     
          
----------

Black 2,3
----------
X X       
  O X     
  O X X   
  O O     
          
----------

White 3,3
----------
X X       
  O X     
  O X X   
  O O O   
          
----------

Black 0,2
----------
X X X     
  O X     
  O X X   
  O O O   
          
----------

White 3,4
----------
X X X     
  O X     
  O X X   
  O O O O 
          
----------

Black 1,3
----------
X X X     
  O X X   
  O X X   
  O O O O 
          
----------

White 2,4
----------
X X X     
  O X X   
  O X X O 
  O O O O 
          
----------

Black 4,2
----------
X X X     
  O X X   
  O X X O 
  O O O O 
    X     
----------

White 1,4
----------
X X X     
  O X X O 
  O X X O 
  O O O O 
    X     
----------

Black 2,0
----------
X X X     
  O X X O 
X O X X O 
  O O O O 
    X     
----------

White 0,4
----------
X X X   O 
  O X X O 
X O X X O 
  O O O O 
    X     
----------

Black 3,0
----------
X X X   O 
  O X X O 
X O X X O 
X O O O O 
    X     
----------

White 4,1
----------
X X X   O 
  O X X O 
X O X X O 
X O O O O 
  O X     
----------

Black 0,3
----------
X X X X O 
  O X X O 
X O X X O 
X O O O O 
  O X     
----------

White 1,0
----------
        O 
O O     O 
X O     O 
X O O O O 
  O X     
----------

Black 2,2
----------
        O 
O O     O 
X O X   O 
X O O O O 
  O X     
----------

White 4,0
----------
        O 
O O     O 
  O X   O 
  O O O O 
O O X     
----------

Game end.
The winner is O
ta time: 10.91
student time: 2.26
White(You) win!
=====Round 4=====
Black:You White:TA
Wed Oct 28 21:42:22 PDT 2020
Clean up...
Start Playing...
Black 2,2
----------
          
          
    X     
          
          
----------

White 2,1
----------
          
          
  O X     
          
          
----------

Black 1,2
----------
          
    X     
  O X     
          
          
----------

White 3,2
----------
          
    X     
  O X     
    O     
          
----------

Black 1,1
----------
          
  X X     
  O X     
    O     
          
----------

White 2,3
----------
          
  X X     
  O X O   
    O     
          
----------

Black 1,3
----------
          
  X X X   
  O X O   
    O     
          
----------

White 4,2
----------
          
  X X X   
  O X O   
    O     
    O     
----------

Black 1,0
----------
          
X X X X   
  O X O   
    O     
    O     
----------

White 2,4
----------
          
X X X X   
  O X O O 
    O     
    O     
----------

Black 0,3
----------
      X   
X X X X   
  O X O O 
    O     
    O     
----------

White 3,1
----------
      X   
X X X X   
  O X O O 
  O O     
    O     
----------

Black 2,0
----------
      X   
X X X X   
X O X O O 
  O O     
    O     
----------

White 0,2
----------
    O X   
X X X X   
X O X O O 
  O O     
    O     
----------

Black 0,1
----------
  X   X   
X X X X   
X O X O O 
  O O     
    O     
----------

White 3,3
----------
  X   X   
X X X X   
X O X O O 
  O O O   
    O     
----------

Black 3,0
----------
  X   X   
X X X X   
X O X O O 
X O O O   
    O     
----------

White 4,3
----------
  X   X   
X X X X   
X O X O O 
X O O O   
    O O   
----------

Black 4,0
----------
  X   X   
X X X X   
X O X O O 
X O O O   
X   O O   
----------

White 1,4
----------
  X   X   
X X X X O 
X O X O O 
X O O O   
X   O O   
----------

Black 0,0
----------
X X   X   
X X X X O 
X O X O O 
X O O O   
X   O O   
----------

White 4,1
----------
X X   X   
X X X X O 
X O X O O 
X O O O   
X O O O   
----------

Black 0,2
----------
X X X X   
X X X X O 
X O X O O 
X O O O   
X O O O   
----------

White 0,4
----------
        O 
        O 
  O   O O 
  O O O   
  O O O   
----------

Game end.
The winner is O
ta time: 14.32
student time: 3.02
Black(You) lose.
=====Round 5=====
Black:TA White:You
Wed Oct 28 21:42:32 PDT 2020
Clean up...
Start Playing...
Black 1,2
----------
          
    X     
          
          
          
----------

White 2,1
----------
          
    X     
  O       
          
          
----------

Black 2,2
----------
          
    X     
  O X     
          
          
----------

White 3,1
----------
          
    X     
  O X     
  O       
          
----------

Black 0,0
----------
X         
    X     
  O X     
  O       
          
----------

White 1,1
----------
X         
  O X     
  O X     
  O       
          
----------

Black 0,1
----------
X X       
  O X     
  O X     
  O       
          
----------

White 3,2
----------
X X       
  O X     
  O X     
  O O     
          
----------

Black 2,3
----------
X X       
  O X     
  O X X   
  O O     
          
----------

White 3,3
----------
X X       
  O X     
  O X X   
  O O O   
          
----------

Black 1,3
----------
X X       
  O X X   
  O X X   
  O O O   
          
----------

White 3,4
----------
X X       
  O X X   
  O X X   
  O O O O 
          
----------

Black 0,2
----------
X X X     
  O X X   
  O X X   
  O O O O 
          
----------

White 2,4
----------
X X X     
  O X X   
  O X X O 
  O O O O 
          
----------

Black 2,0
----------
X X X     
  O X X   
X O X X O 
  O O O O 
          
----------

White 1,4
----------
X X X     
  O X X O 
X O X X O 
  O O O O 
          
----------

Black 4,2
----------
X X X     
  O X X O 
X O X X O 
  O O O O 
    X     
----------

White 0,4
----------
X X X   O 
  O X X O 
X O X X O 
  O O O O 
    X     
----------

Black 0,3
----------
X X X X O 
  O X X O 
X O X X O 
  O O O O 
    X     
----------

White 1,0
----------
        O 
O O     O 
X O     O 
  O O O O 
    X     
----------

Black 2,2
----------
        O 
O O     O 
X O X   O 
  O O O O 
    X     
----------

White 3,0
----------
        O 
O O     O 
  O X   O 
O O O O O 
    X     
----------

Black 1,2
----------
        O 
O O X   O 
  O X   O 
O O O O O 
    X     
----------

White 0,1
----------
  O     O 
O O X   O 
  O X   O 
O O O O O 
    X     
----------

Game end.
The winner is O
ta time: 18.32
student time: 3.72
White(You) win!
=====Round 6=====
Black:You White:TA
Wed Oct 28 21:42:43 PDT 2020
Clean up...
Start Playing...
Black 2,2
----------
          
          
    X     
          
          
----------

White 2,1
----------
          
          
  O X     
          
          
----------

Black 1,2
----------
          
    X     
  O X     
          
          
----------

White 3,2
----------
          
    X     
  O X     
    O     
          
----------

Black 1,1
----------
          
  X X     
  O X     
    O     
          
----------

White 2,3
----------
          
  X X     
  O X O   
    O     
          
----------

Black 1,3
----------
          
  X X X   
  O X O   
    O     
          
----------

White 4,2
----------
          
  X X X   
  O X O   
    O     
    O     
----------

Black 1,0
----------
          
X X X X   
  O X O   
    O     
    O     
----------

White 3,1
----------
          
X X X X   
  O X O   
  O O     
    O     
----------

Black 1,4
----------
          
X X X X X 
  O X O   
  O O     
    O     
----------

White 2,4
----------
          
X X X X X 
  O X O O 
  O O     
    O     
----------

Black 2,0
----------
          
X X X X X 
X O X O O 
  O O     
    O     
----------

White 0,2
----------
    O     
X X X X X 
X O X O O 
  O O     
    O     
----------

Black 3,0
----------
    O     
X X X X X 
X O X O O 
X O O     
    O     
----------

White 3,3
----------
    O     
X X X X X 
X O X O O 
X O O O   
    O     
----------

Black 4,0
----------
    O     
X X X X X 
X O X O O 
X O O O   
X   O     
----------

White 4,1
----------
    O     
X X X X X 
X O X O O 
X O O O   
X O O     
----------

Black 0,0
----------
X   O     
X X X X X 
X O X O O 
X O O O   
X O O     
----------

White 0,3
----------
X   O O   
X X X X X 
X O X O O 
X O O O   
X O O     
----------

Black 4,4
----------
X   O O   
X X X X X 
X O X O O 
X O O O   
X O O   X 
----------

White 0,1
----------
X O O O   
X X X X X 
X O X O O 
X O O O   
X O O   X 
----------

Black 0,4
----------
X       X 
X X X X X 
X O X O O 
X O O O   
X O O   X 
----------

White 0,2
----------
X   O   X 
X X X X X 
X O X O O 
X O O O   
X O O   X 
----------

Game end.
The winner is X
ta time: 21.94
student time: 4.39
Black(You) win!
=====Round 7=====
Black:TA White:You
Wed Oct 28 21:42:53 PDT 2020
Clean up...
Start Playing...
Black 1,2
----------
          
    X     
          
          
          
----------

White 2,1
----------
          
    X     
  O       
          
          
----------

Black 2,2
----------
          
    X     
  O X     
          
          
----------

White 3,1
----------
          
    X     
  O X     
  O       
          
----------

Black 0,0
----------
X         
    X     
  O X     
  O       
          
----------

White 1,1
----------
X         
  O X     
  O X     
  O       
          
----------

Black 0,1
----------
X X       
  O X     
  O X     
  O       
          
----------

White 3,2
----------
X X       
  O X     
  O X     
  O O     
          
----------

Black 2,3
----------
X X       
  O X     
  O X X   
  O O     
          
----------

White 3,3
----------
X X       
  O X     
  O X X   
  O O O   
          
----------

Black 0,2
----------
X X X     
  O X     
  O X X   
  O O O   
          
----------

White 3,4
----------
X X X     
  O X     
  O X X   
  O O O O 
          
----------

Black 4,2
----------
X X X     
  O X     
  O X X   
  O O O O 
    X     
----------

White 2,4
----------
X X X     
  O X     
  O X X O 
  O O O O 
    X     
----------

Black 2,0
----------
X X X     
  O X     
X O X X O 
  O O O O 
    X     
----------

White 1,4
----------
X X X     
  O X   O 
X O X X O 
  O O O O 
    X     
----------

Black 1,3
----------
X X X     
  O X X O 
X O X X O 
  O O O O 
    X     
----------

White 0,4
----------
X X X   O 
  O X X O 
X O X X O 
  O O O O 
    X     
----------

Black 3,0
----------
X X X   O 
  O X X O 
X O X X O 
X O O O O 
    X     
----------

White 4,1
----------
X X X   O 
  O X X O 
X O X X O 
X O O O O 
  O X     
----------

Black 4,3
----------
X X X   O 
  O X X O 
X O X X O 
X O O O O 
  O X X   
----------

White 4,4
----------
X X X   O 
  O X X O 
X O X X O 
X O O O O 
  O     O 
----------

Black 4,2
----------
X X X   O 
  O X X O 
X O X X O 
X O O O O 
  O X   O 
----------

White 4,3
----------
X X X   O 
  O X X O 
X O X X O 
X O O O O 
  O   O O 
----------

Game end.
The winner is O
ta time: 25.93
student time: 4.97
White(You) win!
=====Round 8=====
Black:You White:TA
Wed Oct 28 21:43:03 PDT 2020
Clean up...
Start Playing...
Black 2,2
----------
          
          
    X     
          
          
----------

White 2,1
----------
          
          
  O X     
          
          
----------

Black 1,2
----------
          
    X     
  O X     
          
          
----------

White 3,2
----------
          
    X     
  O X     
    O     
          
----------

Black 1,1
----------
          
  X X     
  O X     
    O     
          
----------

White 2,3
----------
          
  X X     
  O X O   
    O     
          
----------

Black 1,3
----------
          
  X X X   
  O X O   
    O     
          
----------

White 3,3
----------
          
  X X X   
  O X O   
    O O   
          
----------

Black 1,0
----------
          
X X X X   
  O X O   
    O O   
          
----------

White 2,0
----------
          
X X X X   
O O X O   
    O O   
          
----------

Black 1,4
----------
          
X X X X X 
O O X O   
    O O   
          
----------

White 0,2
----------
    O     
X X X X X 
O O X O   
    O O   
          
----------

Black 2,4
----------
    O     
X X X X X 
O O X O X 
    O O   
          
----------

White 4,2
----------
    O     
X X X X X 
O O X O X 
    O O   
    O     
----------

Black 3,4
----------
    O     
X X X X X 
O O X O X 
    O O X 
    O     
----------

White 3,1
----------
    O     
X X X X X 
O O X O X 
  O O O X 
    O     
----------

Black 4,4
----------
    O     
X X X X X 
O O X O X 
  O O O X 
    O   X 
----------

White 4,3
----------
    O     
X X X X X 
O O X O X 
  O O O X 
    O O X 
----------

Black 0,0
----------
X   O     
X X X X X 
O O X O X 
  O O O X 
    O O X 
----------

White 3,0
----------
X   O     
X X X X X 
O O X O X 
O O O O X 
    O O X 
----------

Black 0,1
----------
X X O     
X X X X X 
O O X O X 
O O O O X 
    O O X 
----------

White 4,1
----------
X X O     
X X X X X 
O O X O X 
O O O O X 
  O O O X 
----------

Black 4,0
----------
X X O     
X X X X X 
    X   X 
        X 
X       X 
----------

White 2,1
----------
X X O     
X X X X X 
  O X   X 
        X 
X       X 
----------

Game end.
The winner is X
ta time: 29.43
student time: 5.48
Black(You) win!
=====Round 9=====
Black:TA White:You
Wed Oct 28 21:43:13 PDT 2020
Clean up...
Start Playing...
Black 1,2
----------
          
    X     
          
          
          
----------

White 2,1
----------
          
    X     
  O       
          
          
----------

Black 2,2
----------
          
    X     
  O X     
          
          
----------

White 3,1
----------
          
    X     
  O X     
  O       
          
----------

Black 0,0
----------
X         
    X     
  O X     
  O       
          
----------

White 1,1
----------
X         
  O X     
  O X     
  O       
          
----------

Black 0,1
----------
X X       
  O X     
  O X     
  O       
          
----------

White 3,2
----------
X X       
  O X     
  O X     
  O O     
          
----------

Black 2,3
----------
X X       
  O X     
  O X X   
  O O     
          
----------

White 3,3
----------
X X       
  O X     
  O X X   
  O O O   
          
----------

Black 2,0
----------
X X       
  O X     
X O X X   
  O O O   
          
----------

White 3,4
----------
X X       
  O X     
X O X X   
  O O O O 
          
----------

Black 1,3
----------
X X       
  O X X   
X O X X   
  O O O O 
          
----------

White 2,4
----------
X X       
  O X X   
X O X X O 
  O O O O 
          
----------

Black 4,2
----------
X X       
  O X X   
X O X X O 
  O O O O 
    X     
----------

White 1,4
----------
X X       
  O X X O 
X O X X O 
  O O O O 
    X     
----------

Black 0,2
----------
X X X     
  O X X O 
X O X X O 
  O O O O 
    X     
----------

White 0,4
----------
X X X   O 
  O X X O 
X O X X O 
  O O O O 
    X     
----------

Black 0,3
----------
X X X X O 
  O X X O 
X O X X O 
  O O O O 
    X     
----------

White 1,0
----------
        O 
O O     O 
X O     O 
  O O O O 
    X     
----------

Black 2,2
----------
        O 
O O     O 
X O X   O 
  O O O O 
    X     
----------

White 3,0
----------
        O 
O O     O 
  O X   O 
O O O O O 
    X     
----------

Black 1,2
----------
        O 
O O X   O 
  O X   O 
O O O O O 
    X     
----------

White 0,1
----------
  O     O 
O O X   O 
  O X   O 
O O O O O 
    X     
----------

Game end.
The winner is O
ta time: 33.31
student time: 5.98
White(You) win!
=====Round 10=====
Black:You White:TA
Wed Oct 28 21:43:22 PDT 2020
Clean up...
Start Playing...
Black 2,2
----------
          
          
    X     
          
          
----------

White 2,1
----------
          
          
  O X     
          
          
----------

Black 1,2
----------
          
    X     
  O X     
          
          
----------

White 3,2
----------
          
    X     
  O X     
    O     
          
----------

Black 1,1
----------
          
  X X     
  O X     
    O     
          
----------

White 2,3
----------
          
  X X     
  O X O   
    O     
          
----------

Black 1,3
----------
          
  X X X   
  O X O   
    O     
          
----------

White 2,4
----------
          
  X X X   
  O X O O 
    O     
          
----------

Black 1,0
----------
          
X X X X   
  O X O O 
    O     
          
----------

White 0,2
----------
    O     
X X X X   
  O X O O 
    O     
          
----------

Black 0,3
----------
    O X   
X X X X   
  O X O O 
    O     
          
----------

White 3,3
----------
    O X   
X X X X   
  O X O O 
    O O   
          
----------

Black 0,1
----------
  X   X   
X X X X   
  O X O O 
    O O   
          
----------

White 3,1
----------
  X   X   
X X X X   
  O X O O 
  O O O   
          
----------

Black 2,0
----------
  X   X   
X X X X   
X O X O O 
  O O O   
          
----------

White 4,2
----------
  X   X   
X X X X   
X O X O O 
  O O O   
    O     
----------

Black 3,0
----------
  X   X   
X X X X   
X O X O O 
X O O O   
    O     
----------

White 3,4
----------
  X   X   
X X X X   
X O X O O 
X O O O O 
    O     
----------

Black 4,0
----------
  X   X   
X X X X   
X O X O O 
X O O O O 
X   O     
----------

White 4,3
----------
  X   X   
X X X X   
X O X O O 
X O O O O 
X   O O   
----------

Black 0,0
----------
X X   X   
X X X X   
X O X O O 
X O O O O 
X   O O   
----------

White 4,1
----------
X X   X   
X X X X   
X O X O O 
X O O O O 
X O O O   
----------

Black 0,2
----------
X X X X   
X X X X   
X O X O O 
X O O O O 
X O O O   
----------

White 1,4
----------
X X X X   
X X X X O 
X O X O O 
X O O O O 
X O O O   
----------

Game end.
The winner is O
ta time: 36.66
student time: 6.58
Black(You) lose.

==Playing with championship_player==
=====Round 1=====
Black:TA White:You
Wed Oct 28 21:43:30 PDT 2020
Clean up...
Start Playing...
Black 2,2
----------
          
          
    X     
          
          
----------

White 1,1
----------
          
  O       
    X     
          
          
----------

Black 1,2
----------
          
  O X     
    X     
          
          
----------

White 2,1
----------
          
  O X     
  O X     
          
          
----------

Black 3,1
----------
          
  O X     
  O X     
  X       
          
----------

White 0,1
----------
  O       
  O X     
  O X     
  X       
          
----------

Black 3,0
----------
  O       
  O X     
  O X     
X X       
          
----------

White 0,2
----------
  O O     
  O X     
  O X     
X X       
          
----------

Black 1,3
----------
  O O     
  O X X   
  O X     
X X       
          
----------

White 0,3
----------
  O O O   
  O X X   
  O X     
X X       
          
----------

Black 1,4
----------
  O O O   
  O X X X 
  O X     
X X       
          
----------

White 0,0
----------
O O O O   
  O X X X 
  O X     
X X       
          
----------

Black 2,0
----------
O O O O   
  O X X X 
X O X     
X X       
          
----------

White 3,3
----------
O O O O   
  O X X X 
X O X     
X X   O   
          
----------

Black 0,4
----------
O O O O X 
  O X X X 
X O X     
X X   O   
          
----------

White 2,3
----------
O O O O X 
  O X X X 
X O X O   
X X   O   
          
----------

Black 1,0
----------
        X 
X   X X X 
X   X O   
X X   O   
          
----------

White 3,2
----------
        X 
X   X X X 
X   X O   
X X O O   
          
----------

Black 2,4
----------
        X 
X   X X X 
X   X O X 
X X O O   
          
----------

White 3,4
----------
        X 
X   X X X 
X   X O X 
X X O O O 
          
----------

Black 4,2
----------
        X 
X   X X X 
X   X O X 
X X O O O 
    X     
----------

White 0,1
----------
  O     X 
X   X X X 
X   X O X 
X X O O O 
    X     
----------

Black 4,3
----------
  O     X 
X   X X X 
X   X O X 
X X O O O 
    X X   
----------

White 1,1
----------
  O     X 
X O X X X 
X   X O X 
X X O O O 
    X X   
----------

Game end.
The winner is X
ta time: 68.53
student time: 7.31
White(You) lose.
=====Round 2=====
Black:You White:TA
Wed Oct 28 21:43:58 PDT 2020
Clean up...
Start Playing...
Black 2,2
----------
          
          
    X     
          
          
----------

White 3,1
----------
          
          
    X     
  O       
          
----------

Black 1,2
----------
          
    X     
    X     
  O       
          
----------

White 2,1
----------
          
    X     
  O X     
  O       
          
----------

Black 1,1
----------
          
  X X     
  O X     
  O       
          
----------

White 3,2
----------
          
  X X     
  O X     
  O O     
          
----------

Black 1,3
----------
          
  X X X   
  O X     
  O O     
          
----------

White 3,3
----------
          
  X X X   
  O X     
  O O O   
          
----------

Black 1,0
----------
          
X X X X   
  O X     
  O O O   
          
----------

White 2,0
----------
          
X X X X   
O O X     
  O O O   
          
----------

Black 1,4
----------
          
X X X X X 
O O X     
  O O O   
          
----------

White 3,4
----------
          
X X X X X 
O O X     
  O O O O 
          
----------

Black 2,3
----------
          
X X X X X 
O O X X   
  O O O O 
          
----------

White 4,1
----------
          
X X X X X 
O O X X   
  O O O O 
  O       
----------

Black 0,0
----------
X         
X X X X X 
O O X X   
  O O O O 
  O       
----------

White 4,3
----------
X         
X X X X X 
O O X X   
  O O O O 
  O   O   
----------

Black 0,1
----------
X X       
X X X X X 
O O X X   
  O O O O 
  O   O   
----------

White 0,3
----------
X X   O   
X X X X X 
O O X X   
  O O O O 
  O   O   
----------

Black 0,2
----------
X X X O   
X X X X X 
O O X X   
  O O O O 
  O   O   
----------

White 3,0
----------
X X X O   
X X X X X 
O O X X   
O O O O O 
  O   O   
----------

Black 0,4
----------
X X X   X 
X X X X X 
O O X X   
O O O O O 
  O   O   
----------

White 2,4
----------
X X X   X 
X X X X X 
O O X X O 
O O O O O 
  O   O   
----------

Black PASS
----------
X X X   X 
X X X X X 
O O X X O 
O O O O O 
  O   O   
----------

White 0,3
----------
      O   
          
O O     O 
O O O O O 
  O   O   
----------

Game end.
The winner is O
ta time: 104.52
student time: 7.96
Black(You) lose.
=====Round 3=====
Black:TA White:You
Wed Oct 28 21:44:26 PDT 2020
Clean up...
Start Playing...
Black 2,2
----------
          
          
    X     
          
          
----------

White 1,1
----------
          
  O       
    X     
          
          
----------

Black 2,1
----------
          
  O       
  X X     
          
          
----------

White 1,2
----------
          
  O O     
  X X     
          
          
----------

Black 1,3
----------
          
  O O X   
  X X     
          
          
----------

White 1,0
----------
          
O O O X   
  X X     
          
          
----------

Black 0,3
----------
      X   
O O O X   
  X X     
          
          
----------

White 2,0
----------
      X   
O O O X   
O X X     
          
          
----------

Black 3,1
----------
      X   
O O O X   
O X X     
  X       
          
----------

White 3,0
----------
      X   
O O O X   
O X X     
O X       
          
----------

Black 4,1
----------
      X   
O O O X   
O X X     
O X       
  X       
----------

White 0,0
----------
O     X   
O O O X   
O X X     
O X       
  X       
----------

Black 0,2
----------
O   X X   
O O O X   
O X X     
O X       
  X       
----------

White 3,3
----------
O   X X   
O O O X   
O X X     
O X   O   
  X       
----------

Black 4,0
----------
O   X X   
O O O X   
O X X     
O X   O   
X X       
----------

White 2,3
----------
O   X X   
O O O X   
O X X O   
O X   O   
X X       
----------

Black 0,1
----------
  X X X   
      X   
  X X O   
  X   O   
X X       
----------

White 3,2
----------
  X X X   
      X   
  X X O   
  X O O   
X X       
----------

Black 1,2
----------
  X X X   
    X X   
  X X O   
  X O O   
X X       
----------

White 2,4
----------
  X X X   
    X X   
  X X O O 
  X O O   
X X       
----------

Black 4,2
----------
  X X X   
    X X   
  X X O O 
  X O O   
X X X     
----------

White 1,4
----------
  X X X   
    X X O 
  X X O O 
  X O O   
X X X     
----------

Black 2,0
----------
  X X X   
    X X O 
X X X O O 
  X O O   
X X X     
----------

White 3,4
----------
  X X X   
    X X O 
X X X O O 
  X O O O 
X X X     
----------

Game end.
The winner is X
ta time: 144.22
student time: 8.67
White(You) lose.
=====Round 4=====
Black:You White:TA
Wed Oct 28 21:44:54 PDT 2020
Clean up...
Start Playing...
Black 2,2
----------
          
          
    X     
          
          
----------

White 2,1
----------
          
          
  O X     
          
          
----------

Black 1,2
----------
          
    X     
  O X     
          
          
----------

White 3,1
----------
          
    X     
  O X     
  O       
          
----------

Black 1,1
----------
          
  X X     
  O X     
  O       
          
----------

White 3,2
----------
          
  X X     
  O X     
  O O     
          
----------

Black 1,3
----------
          
  X X X   
  O X     
  O O     
          
----------

White 3,3
----------
          
  X X X   
  O X     
  O O O   
          
----------

Black 1,0
----------
          
X X X X   
  O X     
  O O O   
          
----------

White 2,0
----------
          
X X X X   
O O X     
  O O O   
          
----------

Black 1,4
----------
          
X X X X X 
O O X     
  O O O   
          
----------

White 3,4
----------
          
X X X X X 
O O X     
  O O O O 
          
----------

Black 2,3
----------
          
X X X X X 
O O X X   
  O O O O 
          
----------

White 4,1
----------
          
X X X X X 
O O X X   
  O O O O 
  O       
----------

Black 0,0
----------
X         
X X X X X 
O O X X   
  O O O O 
  O       
----------

White 4,3
----------
X         
X X X X X 
O O X X   
  O O O O 
  O   O   
----------

Black 0,1
----------
X X       
X X X X X 
O O X X   
  O O O O 
  O   O   
----------

White 3,0
----------
X X       
X X X X X 
O O X X   
O O O O O 
  O   O   
----------

Black 0,2
----------
X X X     
X X X X X 
O O X X   
O O O O O 
  O   O   
----------

White 2,4
----------
X X X     
X X X X X 
O O X X O 
O O O O O 
  O   O   
----------

Black 0,3
----------
X X X X   
X X X X X 
O O X X O 
O O O O O 
  O   O   
----------

White 0,4
----------
        O 
          
O O     O 
O O O O O 
  O   O   
----------

Black 1,2
----------
        O 
    X     
O O     O 
O O O O O 
  O   O   
----------

White 2,2
----------
        O 
    X     
O O O   O 
O O O O O 
  O   O   
----------

Game end.
The winner is O
ta time: 180.68
student time: 9.11
Black(You) lose.
=====Round 5=====
Black:TA White:You
Wed Oct 28 21:45:21 PDT 2020
Clean up...
Start Playing...
Black 2,2
----------
          
          
    X     
          
          
----------

White 1,1
----------
          
  O       
    X     
          
          
----------

Black 1,2
----------
          
  O X     
    X     
          
          
----------

White 2,1
----------
          
  O X     
  O X     
          
          
----------

Black 3,1
----------
          
  O X     
  O X     
  X       
          
----------

White 0,1
----------
  O       
  O X     
  O X     
  X       
          
----------

Black 3,0
----------
  O       
  O X     
  O X     
X X       
          
----------

White 0,2
----------
  O O     
  O X     
  O X     
X X       
          
----------

Black 1,3
----------
  O O     
  O X X   
  O X     
X X       
          
----------

White 0,3
----------
  O O O   
  O X X   
  O X     
X X       
          
----------

Black 1,4
----------
  O O O   
  O X X X 
  O X     
X X       
          
----------

White 0,0
----------
O O O O   
  O X X X 
  O X     
X X       
          
----------

Black 2,0
----------
O O O O   
  O X X X 
X O X     
X X       
          
----------

White 3,3
----------
O O O O   
  O X X X 
X O X     
X X   O   
          
----------

Black 0,4
----------
O O O O X 
  O X X X 
X O X     
X X   O   
          
----------

White 2,3
----------
O O O O X 
  O X X X 
X O X O   
X X   O   
          
----------

Black 1,0
----------
        X 
X   X X X 
X   X O   
X X   O   
          
----------

White 3,2
----------
        X 
X   X X X 
X   X O   
X X O O   
          
----------

Black 2,1
----------
        X 
X   X X X 
X X X O   
X X O O   
          
----------

White 3,4
----------
        X 
X   X X X 
X X X O   
X X O O O 
          
----------

Black 2,4
----------
        X 
X   X X X 
X X X O X 
X X O O O 
          
----------

White 4,2
----------
        X 
X   X X X 
X X X O X 
X X O O O 
    O     
----------

Black 0,1
----------
  X     X 
X   X X X 
X X X O X 
X X O O O 
    O     
----------

White 4,1
----------
  X     X 
X   X X X 
X X X O X 
X X O O O 
  O O     
----------

Game end.
The winner is X
ta time: 216.99
student time: 9.58
White(You) lose.
=====Round 6=====
Black:You White:TA
Wed Oct 28 21:45:49 PDT 2020
Clean up...
Start Playing...
Black 2,2
----------
          
          
    X     
          
          
----------

White 1,2
----------
          
    O     
    X     
          
          
----------

Black 2,1
----------
          
    O     
  X X     
          
          
----------

White 1,3
----------
          
    O O   
  X X     
          
          
----------

Black 1,1
----------
          
  X O O   
  X X     
          
          
----------

White 2,3
----------
          
  X O O   
  X X O   
          
          
----------

Black 3,1
----------
          
  X O O   
  X X O   
  X       
          
----------

White 3,3
----------
          
  X O O   
  X X O   
  X   O   
          
----------

Black 0,1
----------
  X       
  X O O   
  X X O   
  X   O   
          
----------

White 0,2
----------
  X O     
  X O O   
  X X O   
  X   O   
          
----------

Black 3,2
----------
  X O     
  X O O   
  X X O   
  X X O   
          
----------

White 4,3
----------
  X O     
  X O O   
  X X O   
  X X O   
      O   
----------

Black 3,0
----------
  X O     
  X O O   
  X X O   
X X X O   
      O   
----------

White 2,4
----------
  X O     
  X O O   
  X X O O 
X X X O   
      O   
----------

Black 0,0
----------
X X O     
  X O O   
  X X O O 
X X X O   
      O   
----------

White 1,4
----------
X X O     
  X O O O 
  X X O O 
X X X O   
      O   
----------

Black 1,0
----------
X X O     
X X O O O 
  X X O O 
X X X O   
      O   
----------

White 3,4
----------
X X O     
X X O O O 
  X X O O 
X X X O O 
      O   
----------

Black 2,0
----------
X X O     
X X O O O 
X X X O O 
X X X O O 
      O   
----------

White 4,1
----------
X X O     
X X O O O 
X X X O O 
X X X O O 
  O   O   
----------

Black 4,0
----------
X X O     
X X O O O 
X X X O O 
X X X O O 
X O   O   
----------

White 4,2
----------
    O     
    O O O 
      O O 
      O O 
  O O O   
----------

Black 2,1
----------
    O     
    O O O 
  X   O O 
      O O 
  O O O   
----------

White 3,1
----------
    O     
    O O O 
  X   O O 
  O   O O 
  O O O   
----------

Game end.
The winner is O
ta time: 254.16
student time: 10.35
Black(You) lose.
=====Round 7=====
Black:TA White:You
Wed Oct 28 21:46:17 PDT 2020
Clean up...
Start Playing...
Black 2,2
----------
          
          
    X     
          
          
----------

White 1,1
----------
          
  O       
    X     
          
          
----------

Black 2,1
----------
          
  O       
  X X     
          
          
----------

White 1,2
----------
          
  O O     
  X X     
          
          
----------

Black 1,3
----------
          
  O O X   
  X X     
          
          
----------

White 1,0
----------
          
O O O X   
  X X     
          
          
----------

Black 0,3
----------
      X   
O O O X   
  X X     
          
          
----------

White 2,0
----------
      X   
O O O X   
O X X     
          
          
----------

Black 3,1
----------
      X   
O O O X   
O X X     
  X       
          
----------

White 3,0
----------
      X   
O O O X   
O X X     
O X       
          
----------

Black 4,1
----------
      X   
O O O X   
O X X     
O X       
  X       
----------

White 0,0
----------
O     X   
O O O X   
O X X     
O X       
  X       
----------

Black 0,2
----------
O   X X   
O O O X   
O X X     
O X       
  X       
----------

White 3,3
----------
O   X X   
O O O X   
O X X     
O X   O   
  X       
----------

Black 4,0
----------
O   X X   
O O O X   
O X X     
O X   O   
X X       
----------

White 2,3
----------
O   X X   
O O O X   
O X X O   
O X   O   
X X       
----------

Black 0,1
----------
  X X X   
      X   
  X X O   
  X   O   
X X       
----------

White 3,2
----------
  X X X   
      X   
  X X O   
  X O O   
X X       
----------

Black 2,4
----------
  X X X   
      X   
  X X O X 
  X O O   
X X       
----------

White 3,4
----------
  X X X   
      X   
  X X O X 
  X O O O 
X X       
----------

Black 1,4
----------
  X X X   
      X X 
  X X O X 
  X O O O 
X X       
----------

White 4,2
----------
  X X X   
      X X 
  X X O X 
  X O O O 
X X O     
----------

Black 1,1
----------
  X X X   
  X   X X 
  X X O X 
  X O O O 
X X O     
----------

White 1,0
----------
  X X X   
O X   X X 
  X X O X 
  X O O O 
X X O     
----------

Game end.
The winner is X
ta time: 290.41
student time: 10.78
White(You) lose.
=====Round 8=====
Black:You White:TA
Wed Oct 28 21:46:44 PDT 2020
Clean up...
Start Playing...
Black 2,2
----------
          
          
    X     
          
          
----------

White 3,1
----------
          
          
    X     
  O       
          
----------

Black 1,2
----------
          
    X     
    X     
  O       
          
----------

White 2,1
----------
          
    X     
  O X     
  O       
          
----------

Black 1,1
----------
          
  X X     
  O X     
  O       
          
----------

White 3,2
----------
          
  X X     
  O X     
  O O     
          
----------

Black 1,3
----------
          
  X X X   
  O X     
  O O     
          
----------

White 3,3
----------
          
  X X X   
  O X     
  O O O   
          
----------

Black 1,0
----------
          
X X X X   
  O X     
  O O O   
          
----------

White 2,0
----------
          
X X X X   
O O X     
  O O O   
          
----------

Black 1,4
----------
          
X X X X X 
O O X     
  O O O   
          
----------

White 3,4
----------
          
X X X X X 
O O X     
  O O O O 
          
----------

Black 2,3
----------
          
X X X X X 
O O X X   
  O O O O 
          
----------

White 4,2
----------
          
X X X X X 
O O X X   
  O O O O 
    O     
----------

Black 0,0
----------
X         
X X X X X 
O O X X   
  O O O O 
    O     
----------

White 4,0
----------
X         
X X X X X 
O O X X   
  O O O O 
O   O     
----------

Black 0,1
----------
X X       
X X X X X 
O O X X   
  O O O O 
O   O     
----------

White 0,3
----------
X X   O   
X X X X X 
O O X X   
  O O O O 
O   O     
----------

Black 0,2
----------
X X X O   
X X X X X 
O O X X   
  O O O O 
O   O     
----------

White 4,1
----------
X X X O   
X X X X X 
O O X X   
  O O O O 
O O O     
----------

Black 0,4
----------
X X X   X 
X X X X X 
O O X X   
  O O O O 
O O O     
----------

White 4,4
----------
X X X   X 
X X X X X 
O O X X   
  O O O O 
O O O   O 
----------

Black 0,3
----------
X X X X X 
X X X X X 
O O X X   
  O O O O 
O O O   O 
----------

White 2,4
----------
          
          
O O     O 
  O O O O 
O O O   O 
----------

Game end.
The winner is O
ta time: 327.99
student time: 11.3
Black(You) lose.
=====Round 9=====
Black:TA White:You
Wed Oct 28 21:47:12 PDT 2020
Clean up...
Start Playing...
Black 2,2
----------
          
          
    X     
          
          
----------

White 1,1
----------
          
  O       
    X     
          
          
----------

Black 2,1
----------
          
  O       
  X X     
          
          
----------

White 1,2
----------
          
  O O     
  X X     
          
          
----------

Black 1,3
----------
          
  O O X   
  X X     
          
          
----------

White 1,0
----------
          
O O O X   
  X X     
          
          
----------

Black 0,3
----------
      X   
O O O X   
  X X     
          
          
----------

White 2,0
----------
      X   
O O O X   
O X X     
          
          
----------

Black 3,1
----------
      X   
O O O X   
O X X     
  X       
          
----------

White 3,0
----------
      X   
O O O X   
O X X     
O X       
          
----------

Black 4,1
----------
      X   
O O O X   
O X X     
O X       
  X       
----------

White 0,0
----------
O     X   
O O O X   
O X X     
O X       
  X       
----------

Black 0,2
----------
O   X X   
O O O X   
O X X     
O X       
  X       
----------

White 3,3
----------
O   X X   
O O O X   
O X X     
O X   O   
  X       
----------

Black 4,0
----------
O   X X   
O O O X   
O X X     
O X   O   
X X       
----------

White 2,3
----------
O   X X   
O O O X   
O X X O   
O X   O   
X X       
----------

Black 0,1
----------
  X X X   
      X   
  X X O   
  X   O   
X X       
----------

White 3,2
----------
  X X X   
      X   
  X X O   
  X O O   
X X       
----------

Black 4,2
----------
  X X X   
      X   
  X X O   
  X O O   
X X X     
----------

White 2,4
----------
  X X X   
      X   
  X X O O 
  X O O   
X X X     
----------

Black 1,2
----------
  X X X   
    X X   
  X X O O 
  X O O   
X X X     
----------

White 1,4
----------
  X X X   
    X X O 
  X X O O 
  X O O   
X X X     
----------

Black 3,0
----------
  X X X   
    X X O 
  X X O O 
X X O O   
X X X     
----------

White 3,4
----------
  X X X   
    X X O 
  X X O O 
X X O O O 
X X X     
----------

Game end.
The winner is X
ta time: 366.76
student time: 11.81
White(You) lose.
=====Round 10=====
Black:You White:TA
Wed Oct 28 21:47:40 PDT 2020
Clean up...
Start Playing...
Black 2,2
----------
          
          
    X     
          
          
----------

White 2,1
----------
          
          
  O X     
          
          
----------

Black 1,2
----------
          
    X     
  O X     
          
          
----------

White 3,1
----------
          
    X     
  O X     
  O       
          
----------

Black 1,1
----------
          
  X X     
  O X     
  O       
          
----------

White 3,2
----------
          
  X X     
  O X     
  O O     
          
----------

Black 1,3
----------
          
  X X X   
  O X     
  O O     
          
----------

White 3,3
----------
          
  X X X   
  O X     
  O O O   
          
----------

Black 1,0
----------
          
X X X X   
  O X     
  O O O   
          
----------

White 2,0
----------
          
X X X X   
O O X     
  O O O   
          
----------

Black 1,4
----------
          
X X X X X 
O O X     
  O O O   
          
----------

White 3,4
----------
          
X X X X X 
O O X     
  O O O O 
          
----------

Black 2,3
----------
          
X X X X X 
O O X X   
  O O O O 
          
----------

White 4,2
----------
          
X X X X X 
O O X X   
  O O O O 
    O     
----------

Black 0,0
----------
X         
X X X X X 
O O X X   
  O O O O 
    O     
----------

White 4,0
----------
X         
X X X X X 
O O X X   
  O O O O 
O   O     
----------

Black 0,1
----------
X X       
X X X X X 
O O X X   
  O O O O 
O   O     
----------

White 0,3
----------
X X   O   
X X X X X 
O O X X   
  O O O O 
O   O     
----------

Black 0,2
----------
X X X O   
X X X X X 
O O X X   
  O O O O 
O   O     
----------

White 4,1
----------
X X X O   
X X X X X 
O O X X   
  O O O O 
O O O     
----------

Black 0,4
----------
X X X   X 
X X X X X 
O O X X   
  O O O O 
O O O     
----------

White 4,3
----------
X X X   X 
X X X X X 
O O X X   
  O O O O 
O O O O   
----------

Black 0,3
----------
X X X X X 
X X X X X 
O O X X   
  O O O O 
O O O O   
----------

White 2,4
----------
          
          
O O     O 
  O O O O 
O O O O   
----------

Game end.
The winner is O
ta time: 403.61
student time: 12.22
Black(You) lose.
