Wed Oct 28 15:03:32 PDT 2020

==Playing with qlearning_player==
=====Round 1=====
Black:TA White:You
Wed Oct 28 15:03:32 PDT 2020
Clean up...
Start Playing...
Black 1,2
----------
          
    X     
          
          
          
----------

White 2,1
----------
          
    X     
  O       
          
          
----------

Black 2,2
----------
          
    X     
  O X     
          
          
----------

White 3,1
----------
          
    X     
  O X     
  O       
          
----------

Black 0,0
----------
X         
    X     
  O X     
  O       
          
----------

White 1,1
----------
X         
  O X     
  O X     
  O       
          
----------

Black 0,1
----------
X X       
  O X     
  O X     
  O       
          
----------

White 3,2
----------
X X       
  O X     
  O X     
  O O     
          
----------

Black 2,3
----------
X X       
  O X     
  O X X   
  O O     
          
----------

White 3,3
----------
X X       
  O X     
  O X X   
  O O O   
          
----------

Black 4,2
----------
X X       
  O X     
  O X X   
  O O O   
    X     
----------

White 3,4
----------
X X       
  O X     
  O X X   
  O O O O 
    X     
----------

Black 0,2
----------
X X X     
  O X     
  O X X   
  O O O O 
    X     
----------

White 2,4
----------
X X X     
  O X     
  O X X O 
  O O O O 
    X     
----------

Black 1,3
----------
X X X     
  O X X   
  O X X O 
  O O O O 
    X     
----------

White 1,4
----------
X X X     
  O X X O 
  O X X O 
  O O O O 
    X     
----------

Black 2,0
----------
X X X     
  O X X O 
X O X X O 
  O O O O 
    X     
----------

White 0,4
----------
X X X   O 
  O X X O 
X O X X O 
  O O O O 
    X     
----------

Black 4,3
----------
X X X   O 
  O X X O 
X O X X O 
  O O O O 
    X X   
----------

White 3,0
----------
X X X   O 
  O X X O 
X O X X O 
O O O O O 
    X X   
----------

Black 0,3
----------
X X X X O 
  O X X O 
X O X X O 
O O O O O 
    X X   
----------

White 1,0
----------
        O 
O O     O 
  O     O 
O O O O O 
    X X   
----------

Black 2,2
----------
        O 
O O     O 
  O X   O 
O O O O O 
    X X   
----------

White 1,2
----------
        O 
O O O   O 
  O X   O 
O O O O O 
    X X   
----------

Game end.
The winner is O
ta time: 3.72
student time: 0.51
White(You) win!
=====Round 2=====
Black:You White:TA
Wed Oct 28 15:03:39 PDT 2020
Clean up...
Start Playing...
Black 2,2
----------
          
          
    X     
          
          
----------

White 2,1
----------
          
          
  O X     
          
          
----------

Black 1,2
----------
          
    X     
  O X     
          
          
----------

White 3,2
----------
          
    X     
  O X     
    O     
          
----------

Black 1,1
----------
          
  X X     
  O X     
    O     
          
----------

White 2,3
----------
          
  X X     
  O X O   
    O     
          
----------

Black 1,3
----------
          
  X X X   
  O X O   
    O     
          
----------

White 2,4
----------
          
  X X X   
  O X O O 
    O     
          
----------

Black 1,0
----------
          
X X X X   
  O X O O 
    O     
          
----------

White 2,0
----------
          
X X X X   
O O X O O 
    O     
          
----------

Black 0,3
----------
      X   
X X X X   
O O X O O 
    O     
          
----------

White 3,1
----------
      X   
X X X X   
O O X O O 
  O O     
          
----------

Black 0,0
----------
X     X   
X X X X   
O O X O O 
  O O     
          
----------

White 0,2
----------
X   O X   
X X X X   
O O X O O 
  O O     
          
----------

Black 0,1
----------
X X   X   
X X X X   
O O X O O 
  O O     
          
----------

White 3,3
----------
X X   X   
X X X X   
O O X O O 
  O O O   
          
----------

Black 0,2
----------
X X X X   
X X X X   
O O X O O 
  O O O   
          
----------

White 4,2
----------
X X X X   
X X X X   
O O X O O 
  O O O   
    O     
----------

Black 1,4
----------
X X X X   
X X X X X 
O O X O O 
  O O O   
    O     
----------

White 0,4
----------
        O 
          
O O   O O 
  O O O   
    O     
----------

Black 1,2
----------
        O 
    X     
O O   O O 
  O O O   
    O     
----------

White 2,2
----------
        O 
    X     
O O O O O 
  O O O   
    O     
----------

Black 1,1
----------
        O 
  X X     
O O O O O 
  O O O   
    O     
----------

White 1,3
----------
        O 
  X X O   
O O O O O 
  O O O   
    O     
----------

Game end.
The winner is O
ta time: 7.19
student time: 1.01
Black(You) lose.
=====Round 3=====
Black:TA White:You
Wed Oct 28 15:03:47 PDT 2020
Clean up...
Start Playing...
Black 1,2
----------
          
    X     
          
          
          
----------

White 2,1
----------
          
    X     
  O       
          
          
----------

Black 2,2
----------
          
    X     
  O X     
          
          
----------

White 3,1
----------
          
    X     
  O X     
  O       
          
----------

Black 0,0
----------
X         
    X     
  O X     
  O       
          
----------

White 1,1
----------
X         
  O X     
  O X     
  O       
          
----------

Black 0,1
----------
X X       
  O X     
  O X     
  O       
          
----------

White 3,2
----------
X X       
  O X     
  O X     
  O O     
          
----------

Black 2,3
----------
X X       
  O X     
  O X X   
  O O     
          
----------

White 3,3
----------
X X       
  O X     
  O X X   
  O O O   
          
----------

Black 1,3
----------
X X       
  O X X   
  O X X   
  O O O   
          
----------

White 3,4
----------
X X       
  O X X   
  O X X   
  O O O O 
          
----------

Black 0,2
----------
X X X     
  O X X   
  O X X   
  O O O O 
          
----------

White 2,4
----------
X X X     
  O X X   
  O X X O 
  O O O O 
          
----------

Black 4,2
----------
X X X     
  O X X   
  O X X O 
  O O O O 
    X     
----------

White 1,4
----------
X X X     
  O X X O 
  O X X O 
  O O O O 
    X     
----------

Black 2,0
----------
X X X     
  O X X O 
X O X X O 
  O O O O 
    X     
----------

White 0,4
----------
X X X   O 
  O X X O 
X O X X O 
  O O O O 
    X     
----------

Black 1,0
----------
X X X   O 
X O X X O 
X O X X O 
  O O O O 
    X     
----------

White 3,0
----------
X X X   O 
X O X X O 
X O X X O 
O O O O O 
    X     
----------

Black 4,3
----------
X X X   O 
X O X X O 
X O X X O 
O O O O O 
    X X   
----------

White 0,3
----------
      O O 
  O     O 
  O     O 
O O O O O 
    X X   
----------

Black 2,2
----------
      O O 
  O     O 
  O X   O 
O O O O O 
    X X   
----------

White 0,1
----------
  O   O O 
  O     O 
  O X   O 
O O O O O 
    X X   
----------

Game end.
The winner is O
ta time: 10.75
student time: 1.52
White(You) win!
=====Round 4=====
Black:You White:TA
Wed Oct 28 15:03:54 PDT 2020
Clean up...
Start Playing...
Black 2,2
----------
          
          
    X     
          
          
----------

White 2,1
----------
          
          
  O X     
          
          
----------

Black 1,2
----------
          
    X     
  O X     
          
          
----------

White 3,2
----------
          
    X     
  O X     
    O     
          
----------

Black 1,1
----------
          
  X X     
  O X     
    O     
          
----------

White 2,3
----------
          
  X X     
  O X O   
    O     
          
----------

Black 1,3
----------
          
  X X X   
  O X O   
    O     
          
----------

White 2,4
----------
          
  X X X   
  O X O O 
    O     
          
----------

Black 1,0
----------
          
X X X X   
  O X O O 
    O     
          
----------

White 2,0
----------
          
X X X X   
O O X O O 
    O     
          
----------

Black 0,3
----------
      X   
X X X X   
O O X O O 
    O     
          
----------

White 3,3
----------
      X   
X X X X   
O O X O O 
    O O   
          
----------

Black 0,0
----------
X     X   
X X X X   
O O X O O 
    O O   
          
----------

White 4,2
----------
X     X   
X X X X   
O O X O O 
    O O   
    O     
----------

Black 0,1
----------
X X   X   
X X X X   
O O X O O 
    O O   
    O     
----------

White 3,1
----------
X X   X   
X X X X   
O O X O O 
  O O O   
    O     
----------

Black 0,2
----------
X X X X   
X X X X   
O O X O O 
  O O O   
    O     
----------

White 1,4
----------
X X X X   
X X X X O 
O O X O O 
  O O O   
    O     
----------

Black 4,0
----------
X X X X   
X X X X O 
O O X O O 
  O O O   
X   O     
----------

White 0,4
----------
        O 
        O 
O O   O O 
  O O O   
X   O     
----------

Black 1,2
----------
        O 
    X   O 
O O   O O 
  O O O   
X   O     
----------

White 2,2
----------
        O 
    X   O 
O O O O O 
  O O O   
X   O     
----------

Black 1,1
----------
        O 
  X X   O 
O O O O O 
  O O O   
X   O     
----------

White 1,3
----------
        O 
  X X O O 
O O O O O 
  O O O   
X   O     
----------

Game end.
The winner is O
ta time: 13.95
student time: 1.98
Black(You) lose.
=====Round 5=====
Black:TA White:You
Wed Oct 28 15:04:01 PDT 2020
Clean up...
Start Playing...
Black 1,2
----------
          
    X     
          
          
          
----------

White 2,1
----------
          
    X     
  O       
          
          
----------

Black 2,2
----------
          
    X     
  O X     
          
          
----------

White 3,1
----------
          
    X     
  O X     
  O       
          
----------

Black 0,0
----------
X         
    X     
  O X     
  O       
          
----------

White 1,1
----------
X         
  O X     
  O X     
  O       
          
----------

Black 0,1
----------
X X       
  O X     
  O X     
  O       
          
----------

White 3,2
----------
X X       
  O X     
  O X     
  O O     
          
----------

Black 2,3
----------
X X       
  O X     
  O X X   
  O O     
          
----------

White 3,3
----------
X X       
  O X     
  O X X   
  O O O   
          
----------

Black 2,0
----------
X X       
  O X     
X O X X   
  O O O   
          
----------

White 3,4
----------
X X       
  O X     
X O X X   
  O O O O 
          
----------

Black 1,3
----------
X X       
  O X X   
X O X X   
  O O O O 
          
----------

White 2,4
----------
X X       
  O X X   
X O X X O 
  O O O O 
          
----------

Black 4,2
----------
X X       
  O X X   
X O X X O 
  O O O O 
    X     
----------

White 1,4
----------
X X       
  O X X O 
X O X X O 
  O O O O 
    X     
----------

Black 0,2
----------
X X X     
  O X X O 
X O X X O 
  O O O O 
    X     
----------

White 0,4
----------
X X X   O 
  O X X O 
X O X X O 
  O O O O 
    X     
----------

Black 3,0
----------
X X X   O 
  O X X O 
X O X X O 
X O O O O 
    X     
----------

White 4,1
----------
X X X   O 
  O X X O 
X O X X O 
X O O O O 
  O X     
----------

Black 0,3
----------
X X X X O 
  O X X O 
X O X X O 
X O O O O 
  O X     
----------

White 1,0
----------
        O 
O O     O 
X O     O 
X O O O O 
  O X     
----------

Black 2,2
----------
        O 
O O     O 
X O X   O 
X O O O O 
  O X     
----------

White 4,0
----------
        O 
O O     O 
  O X   O 
  O O O O 
O O X     
----------

Game end.
The winner is O
ta time: 17.43
student time: 2.51
White(You) win!
=====Round 6=====
Black:You White:TA
Wed Oct 28 15:04:09 PDT 2020
Clean up...
Start Playing...
Black 2,2
----------
          
          
    X     
          
          
----------

White 2,1
----------
          
          
  O X     
          
          
----------

Black 1,2
----------
          
    X     
  O X     
          
          
----------

White 3,2
----------
          
    X     
  O X     
    O     
          
----------

Black 1,1
----------
          
  X X     
  O X     
    O     
          
----------

White 2,3
----------
          
  X X     
  O X O   
    O     
          
----------

Black 1,3
----------
          
  X X X   
  O X O   
    O     
          
----------

White 3,1
----------
          
  X X X   
  O X O   
  O O     
          
----------

Black 1,0
----------
          
X X X X   
  O X O   
  O O     
          
----------

White 4,2
----------
          
X X X X   
  O X O   
  O O     
    O     
----------

Black 1,4
----------
          
X X X X X 
  O X O   
  O O     
    O     
----------

White 2,0
----------
          
X X X X X 
O O X O   
  O O     
    O     
----------

Black 2,4
----------
          
X X X X X 
O O X O X 
  O O     
    O     
----------

White 0,2
----------
    O     
X X X X X 
O O X O X 
  O O     
    O     
----------

Black 3,3
----------
    O     
X X X X X 
O O X   X 
  O O X   
    O     
----------

White 0,3
----------
    O O   
X X X X X 
O O X   X 
  O O X   
    O     
----------

Black 2,3
----------
    O O   
X X X X X 
O O X X X 
  O O X   
    O     
----------

White 0,1
----------
  O O O   
X X X X X 
O O X X X 
  O O X   
    O     
----------

Black 3,4
----------
  O O O   
X X X X X 
O O X X X 
  O O X X 
    O     
----------

White 3,0
----------
  O O O   
X X X X X 
O O X X X 
O O O X X 
    O     
----------

Black 0,0
----------
X O O O   
X X X X X 
O O X X X 
O O O X X 
    O     
----------

White 4,1
----------
X O O O   
X X X X X 
O O X X X 
O O O X X 
  O O     
----------

Black 0,4
----------
X       X 
X X X X X 
O O X X X 
O O O X X 
  O O     
----------

White 0,2
----------
X   O   X 
X X X X X 
O O X X X 
O O O X X 
  O O     
----------

Game end.
The winner is X
ta time: 20.71
student time: 3.01
Black(You) win!
=====Round 7=====
Black:TA White:You
Wed Oct 28 15:04:16 PDT 2020
Clean up...
Start Playing...
Black 1,2
----------
          
    X     
          
          
          
----------

White 2,1
----------
          
    X     
  O       
          
          
----------

Black 2,2
----------
          
    X     
  O X     
          
          
----------

White 3,1
----------
          
    X     
  O X     
  O       
          
----------

Black 0,0
----------
X         
    X     
  O X     
  O       
          
----------

White 1,1
----------
X         
  O X     
  O X     
  O       
          
----------

Black 0,1
----------
X X       
  O X     
  O X     
  O       
          
----------

White 3,2
----------
X X       
  O X     
  O X     
  O O     
          
----------

Black 2,3
----------
X X       
  O X     
  O X X   
  O O     
          
----------

White 3,3
----------
X X       
  O X     
  O X X   
  O O O   
          
----------

Black 2,4
----------
X X       
  O X     
  O X X X 
  O O O   
          
----------

White 3,0
----------
X X       
  O X     
  O X X X 
O O O O   
          
----------

Black 0,2
----------
X X X     
  O X     
  O X X X 
O O O O   
          
----------

White 3,4
----------
X X X     
  O X     
  O X X X 
O O O O O 
          
----------

Black 1,3
----------
X X X     
  O X X   
  O X X X 
O O O O O 
          
----------

White 1,0
----------
X X X     
O O X X   
  O X X X 
O O O O O 
          
----------

Black 4,2
----------
X X X     
O O X X   
  O X X X 
O O O O O 
    X     
----------

White 2,0
----------
X X X     
O O X X   
O O X X X 
O O O O O 
    X     
----------

Black 4,1
----------
X X X     
O O X X   
O O X X X 
O O O O O 
  X X     
----------

White 4,0
----------
X X X     
O O X X   
O O X X X 
O O O O O 
O X X     
----------

Black 4,3
----------
X X X     
O O X X   
O O X X X 
O O O O O 
O X X X   
----------

White 0,4
----------
X X X   O 
O O X X   
O O X X X 
O O O O O 
O X X X   
----------

Black 4,4
----------
X X X   O 
    X X   
    X X X 
          
  X X X X 
----------

White 2,1
----------
X X X   O 
    X X   
  O X X X 
          
  X X X X 
----------

Game end.
The winner is X
ta time: 24.33
student time: 3.43
White(You) lose.
=====Round 8=====
Black:You White:TA
Wed Oct 28 15:04:23 PDT 2020
Clean up...
Start Playing...
Black 2,2
----------
          
          
    X     
          
          
----------

White 2,1
----------
          
          
  O X     
          
          
----------

Black 1,2
----------
          
    X     
  O X     
          
          
----------

White 3,2
----------
          
    X     
  O X     
    O     
          
----------

Black 1,1
----------
          
  X X     
  O X     
    O     
          
----------

White 2,3
----------
          
  X X     
  O X O   
    O     
          
----------

Black 1,3
----------
          
  X X X   
  O X O   
    O     
          
----------

White 3,3
----------
          
  X X X   
  O X O   
    O O   
          
----------

Black 1,0
----------
          
X X X X   
  O X O   
    O O   
          
----------

White 0,2
----------
    O     
X X X X   
  O X O   
    O O   
          
----------

Black 1,4
----------
    O     
X X X X X 
  O X O   
    O O   
          
----------

White 3,1
----------
    O     
X X X X X 
  O X O   
  O O O   
          
----------

Black 2,0
----------
    O     
X X X X X 
X O X O   
  O O O   
          
----------

White 4,2
----------
    O     
X X X X X 
X O X O   
  O O O   
    O     
----------

Black 2,4
----------
    O     
X X X X X 
X O X O X 
  O O O   
    O     
----------

White 0,3
----------
    O O   
X X X X X 
X O X O X 
  O O O   
    O     
----------

Black 3,0
----------
    O O   
X X X X X 
X O X O X 
X O O O   
    O     
----------

White 0,1
----------
  O O O   
X X X X X 
X O X O X 
X O O O   
    O     
----------

Black 3,4
----------
  O O O   
X X X X X 
X O X O X 
X O O O X 
    O     
----------

White 4,3
----------
  O O O   
X X X X X 
X O X O X 
X O O O X 
    O O   
----------

Black 4,0
----------
  O O O   
X X X X X 
X O X O X 
X O O O X 
X   O O   
----------

White 4,1
----------
  O O O   
X X X X X 
X O X O X 
X O O O X 
X O O O   
----------

Black 4,4
----------
  O O O   
X X X X X 
X   X   X 
X       X 
X       X 
----------

White 3,2
----------
  O O O   
X X X X X 
X   X   X 
X   O   X 
X       X 
----------

Game end.
The winner is X
ta time: 27.75
student time: 3.93
Black(You) win!
=====Round 9=====
Black:TA White:You
Wed Oct 28 15:04:30 PDT 2020
Clean up...
Start Playing...
Black 1,2
----------
          
    X     
          
          
          
----------

White 2,1
----------
          
    X     
  O       
          
          
----------

Black 2,2
----------
          
    X     
  O X     
          
          
----------

White 3,1
----------
          
    X     
  O X     
  O       
          
----------

Black 0,0
----------
X         
    X     
  O X     
  O       
          
----------

White 1,1
----------
X         
  O X     
  O X     
  O       
          
----------

Black 0,1
----------
X X       
  O X     
  O X     
  O       
          
----------

White 3,2
----------
X X       
  O X     
  O X     
  O O     
          
----------

Black 2,3
----------
X X       
  O X     
  O X X   
  O O     
          
----------

White 3,3
----------
X X       
  O X     
  O X X   
  O O O   
          
----------

Black 4,2
----------
X X       
  O X     
  O X X   
  O O O   
    X     
----------

White 3,4
----------
X X       
  O X     
  O X X   
  O O O O 
    X     
----------

Black 2,4
----------
X X       
  O X     
  O X X X 
  O O O O 
    X     
----------

White 3,0
----------
X X       
  O X     
  O X X X 
O O O O O 
    X     
----------

Black 0,2
----------
X X X     
  O X     
  O X X X 
O O O O O 
    X     
----------

White 1,0
----------
X X X     
O O X     
  O X X X 
O O O O O 
    X     
----------

Black 1,3
----------
X X X     
O O X X   
  O X X X 
O O O O O 
    X     
----------

White 2,0
----------
X X X     
O O X X   
O O X X X 
O O O O O 
    X     
----------

Black 4,1
----------
X X X     
O O X X   
O O X X X 
O O O O O 
  X X     
----------

White 4,0
----------
X X X     
O O X X   
O O X X X 
O O O O O 
O X X     
----------

Black 4,3
----------
X X X     
O O X X   
O O X X X 
O O O O O 
O X X X   
----------

White 0,4
----------
X X X   O 
O O X X   
O O X X X 
O O O O O 
O X X X   
----------

Black 4,4
----------
X X X   O 
    X X   
    X X X 
          
  X X X X 
----------

White 2,1
----------
X X X   O 
    X X   
  O X X X 
          
  X X X X 
----------

Game end.
The winner is X
ta time: 31.3
student time: 4.4
White(You) lose.
=====Round 10=====
Black:You White:TA
Wed Oct 28 15:04:38 PDT 2020
Clean up...
Start Playing...
Black 2,2
----------
          
          
    X     
          
          
----------

White 2,1
----------
          
          
  O X     
          
          
----------

Black 1,2
----------
          
    X     
  O X     
          
          
----------

White 3,2
----------
          
    X     
  O X     
    O     
          
----------

Black 1,1
----------
          
  X X     
  O X     
    O     
          
----------

White 2,3
----------
          
  X X     
  O X O   
    O     
          
----------

Black 1,3
----------
          
  X X X   
  O X O   
    O     
          
----------

White 3,3
----------
          
  X X X   
  O X O   
    O O   
          
----------

Black 1,0
----------
          
X X X X   
  O X O   
    O O   
          
----------

White 4,2
----------
          
X X X X   
  O X O   
    O O   
    O     
----------

Black 1,4
----------
          
X X X X X 
  O X O   
    O O   
    O     
----------

White 0,2
----------
    O     
X X X X X 
  O X O   
    O O   
    O     
----------

Black 2,0
----------
    O     
X X X X X 
X O X O   
    O O   
    O     
----------

White 3,1
----------
    O     
X X X X X 
X O X O   
  O O O   
    O     
----------

Black 2,4
----------
    O     
X X X X X 
X O X O X 
  O O O   
    O     
----------

White 0,3
----------
    O O   
X X X X X 
X O X O X 
  O O O   
    O     
----------

Black 3,0
----------
    O O   
X X X X X 
X O X O X 
X O O O   
    O     
----------

White 4,1
----------
    O O   
X X X X X 
X O X O X 
X O O O   
  O O     
----------

Black 3,4
----------
    O O   
X X X X X 
X O X O X 
X O O O X 
  O O     
----------

White 4,3
----------
    O O   
X X X X X 
X O X O X 
X O O O X 
  O O O   
----------

Black 0,0
----------
X   O O   
X X X X X 
X O X O X 
X O O O X 
  O O O   
----------

White 0,1
----------
X O O O   
X X X X X 
X O X O X 
X O O O X 
  O O O   
----------

Black 0,4
----------
X       X 
X X X X X 
X O X O X 
X O O O X 
  O O O   
----------

White 0,2
----------
X   O   X 
X X X X X 
X O X O X 
X O O O X 
  O O O   
----------

Game end.
The winner is X
ta time: 34.65
student time: 4.91
Black(You) win!

==Playing with championship_player==
=====Round 1=====
Black:TA White:You
Wed Oct 28 15:04:45 PDT 2020
Clean up...
Start Playing...
Black 2,2
----------
          
          
    X     
          
          
----------

White 1,1
----------
          
  O       
    X     
          
          
----------

Black 1,2
----------
          
  O X     
    X     
          
          
----------

White 2,1
----------
          
  O X     
  O X     
          
          
----------

Black 3,1
----------
          
  O X     
  O X     
  X       
          
----------

White 0,1
----------
  O       
  O X     
  O X     
  X       
          
----------

Black 3,0
----------
  O       
  O X     
  O X     
X X       
          
----------

White 0,2
----------
  O O     
  O X     
  O X     
X X       
          
----------

Black 1,3
----------
  O O     
  O X X   
  O X     
X X       
          
----------

White 0,3
----------
  O O O   
  O X X   
  O X     
X X       
          
----------

Black 1,4
----------
  O O O   
  O X X X 
  O X     
X X       
          
----------

White 0,0
----------
O O O O   
  O X X X 
  O X     
X X       
          
----------

Black 2,0
----------
O O O O   
  O X X X 
X O X     
X X       
          
----------

White 3,3
----------
O O O O   
  O X X X 
X O X     
X X   O   
          
----------

Black 0,4
----------
O O O O X 
  O X X X 
X O X     
X X   O   
          
----------

White 2,3
----------
O O O O X 
  O X X X 
X O X O   
X X   O   
          
----------

Black 1,0
----------
        X 
X   X X X 
X   X O   
X X   O   
          
----------

White 3,2
----------
        X 
X   X X X 
X   X O   
X X O O   
          
----------

Black 4,2
----------
        X 
X   X X X 
X   X O   
X X O O   
    X     
----------

White 3,4
----------
        X 
X   X X X 
X   X O   
X X O O O 
    X     
----------

Black 2,4
----------
        X 
X   X X X 
X   X O X 
X X O O O 
    X     
----------

White 4,3
----------
        X 
X   X X X 
X   X O X 
X X O O O 
    X O   
----------

Black 4,4
----------
        X 
X   X X X 
X   X   X 
X X       
    X   X 
----------

White 3,3
----------
        X 
X   X X X 
X   X   X 
X X   O   
    X   X 
----------

Game end.
The winner is X
ta time: 72.78
student time: 5.36
White(You) lose.
=====Round 2=====
Black:You White:TA
Wed Oct 28 15:05:11 PDT 2020
Clean up...
Start Playing...
Black 2,2
----------
          
          
    X     
          
          
----------

White 2,3
----------
          
          
    X O   
          
          
----------

Black 1,2
----------
          
    X     
    X O   
          
          
----------

White 3,3
----------
          
    X     
    X O   
      O   
          
----------

Black 1,1
----------
          
  X X     
    X O   
      O   
          
----------

White 3,2
----------
          
  X X     
    X O   
    O O   
          
----------

Black 1,3
----------
          
  X X X   
    X O   
    O O   
          
----------

White 3,1
----------
          
  X X X   
    X O   
  O O O   
          
----------

Black 1,0
----------
          
X X X X   
    X O   
  O O O   
          
----------

White 1,4
----------
          
X X X X O 
    X O   
  O O O   
          
----------

Black 0,3
----------
      X   
X X X X O 
    X O   
  O O O   
          
----------

White 2,1
----------
      X   
X X X X O 
  O X O   
  O O O   
          
----------

Black 2,0
----------
      X   
X X X X O 
X O X O   
  O O O   
          
----------

White 3,0
----------
      X   
X X X X O 
X O X O   
O O O O   
          
----------

Black 0,0
----------
X     X   
X X X X O 
X O X O   
O O O O   
          
----------

White 2,4
----------
X     X   
X X X X O 
X O X O O 
O O O O   
          
----------

Black 0,1
----------
X X   X   
X X X X O 
X O X O O 
O O O O   
          
----------

White 4,2
----------
X X   X   
X X X X O 
X O X O O 
O O O O   
    O     
----------

Black 0,4
----------
X X   X X 
X X X X O 
X O X O O 
O O O O   
    O     
----------

White 4,4
----------
X X   X X 
X X X X O 
X O X O O 
O O O O   
    O   O 
----------

Black 4,0
----------
X X   X X 
X X X X O 
X O X O O 
O O O O   
X   O   O 
----------

White 0,2
----------
    O     
        O 
  O   O O 
O O O O   
X   O   O 
----------

Black 1,1
----------
    O     
  X     O 
  O   O O 
O O O O   
X   O   O 
----------

White 1,0
----------
    O     
O X     O 
  O   O O 
O O O O   
X   O   O 
----------

Game end.
The winner is O
ta time: 113.72
student time: 5.83
Black(You) lose.
=====Round 3=====
Black:TA White:You
Wed Oct 28 15:05:38 PDT 2020
Clean up...
Start Playing...
Black 2,2
----------
          
          
    X     
          
          
----------

White 1,1
----------
          
  O       
    X     
          
          
----------

Black 2,1
----------
          
  O       
  X X     
          
          
----------

White 1,2
----------
          
  O O     
  X X     
          
          
----------

Black 1,3
----------
          
  O O X   
  X X     
          
          
----------

White 1,0
----------
          
O O O X   
  X X     
          
          
----------

Black 0,2
----------
    X     
O O O X   
  X X     
          
          
----------

White 2,0
----------
    X     
O O O X   
O X X     
          
          
----------

Black 3,0
----------
    X     
O O O X   
O X X     
X         
          
----------

White 0,1
----------
  O X     
O O O X   
O X X     
X         
          
----------

Black 0,0
----------
X   X     
      X   
  X X     
X         
          
----------

White 3,3
----------
X   X     
      X   
  X X     
X     O   
          
----------

Black 3,2
----------
X   X     
      X   
  X X     
X   X O   
          
----------

White 2,3
----------
X   X     
      X   
  X X O   
X   X O   
          
----------

Black 1,2
----------
X   X     
    X X   
  X X O   
X   X O   
          
----------

White 4,3
----------
X   X     
    X X   
  X X O   
X   X O   
      O   
----------

Black 4,2
----------
X   X     
    X X   
  X X O   
X   X O   
    X O   
----------

White 2,4
----------
X   X     
    X X   
  X X O O 
X   X O   
    X O   
----------

Black 2,0
----------
X   X     
    X X   
X X X O O 
X   X O   
    X O   
----------

White 1,4
----------
X   X     
    X X O 
X X X O O 
X   X O   
    X O   
----------

Black 4,0
----------
X   X     
    X X O 
X X X O O 
X   X O   
X   X O   
----------

White 0,4
----------
X   X   O 
    X X O 
X X X O O 
X   X O   
X   X O   
----------

Black 0,1
----------
X X X   O 
    X X O 
X X X O O 
X   X O   
X   X O   
----------

White 0,3
----------
X X X O O 
    X X O 
X X X O O 
X   X O   
X   X O   
----------

Game end.
The winner is X
ta time: 147.18
student time: 6.27
White(You) lose.
=====Round 4=====
Black:You White:TA
Wed Oct 28 15:06:03 PDT 2020
Clean up...
Start Playing...
Black 2,2
----------
          
          
    X     
          
          
----------

White 2,1
----------
          
          
  O X     
          
          
----------

Black 1,2
----------
          
    X     
  O X     
          
          
----------

White 3,1
----------
          
    X     
  O X     
  O       
          
----------

Black 1,1
----------
          
  X X     
  O X     
  O       
          
----------

White 3,2
----------
          
  X X     
  O X     
  O O     
          
----------

Black 1,3
----------
          
  X X X   
  O X     
  O O     
          
----------

White 3,3
----------
          
  X X X   
  O X     
  O O O   
          
----------

Black 1,0
----------
          
X X X X   
  O X     
  O O O   
          
----------

White 2,0
----------
          
X X X X   
O O X     
  O O O   
          
----------

Black 1,4
----------
          
X X X X X 
O O X     
  O O O   
          
----------

White 3,4
----------
          
X X X X X 
O O X     
  O O O O 
          
----------

Black 2,3
----------
          
X X X X X 
O O X X   
  O O O O 
          
----------

White 4,1
----------
          
X X X X X 
O O X X   
  O O O O 
  O       
----------

Black 0,0
----------
X         
X X X X X 
O O X X   
  O O O O 
  O       
----------

White 4,3
----------
X         
X X X X X 
O O X X   
  O O O O 
  O   O   
----------

Black 0,1
----------
X X       
X X X X X 
O O X X   
  O O O O 
  O   O   
----------

White 4,0
----------
X X       
X X X X X 
O O X X   
  O O O O 
O O   O   
----------

Black 0,2
----------
X X X     
X X X X X 
O O X X   
  O O O O 
O O   O   
----------

White 2,4
----------
X X X     
X X X X X 
O O X X O 
  O O O O 
O O   O   
----------

Black 0,3
----------
X X X X   
X X X X X 
O O X X O 
  O O O O 
O O   O   
----------

White 0,4
----------
        O 
          
O O     O 
  O O O O 
O O   O   
----------

Black 1,2
----------
        O 
    X     
O O     O 
  O O O O 
O O   O   
----------

White 1,3
----------
        O 
    X O   
O O     O 
  O O O O 
O O   O   
----------

Game end.
The winner is O
ta time: 183.97
student time: 6.75
Black(You) lose.
=====Round 5=====
Black:TA White:You
Wed Oct 28 15:06:30 PDT 2020
Clean up...
Start Playing...
Black 2,2
----------
          
          
    X     
          
          
----------

White 1,1
----------
          
  O       
    X     
          
          
----------

Black 1,2
----------
          
  O X     
    X     
          
          
----------

White 2,1
----------
          
  O X     
  O X     
          
          
----------

Black 3,1
----------
          
  O X     
  O X     
  X       
          
----------

White 0,1
----------
  O       
  O X     
  O X     
  X       
          
----------

Black 3,0
----------
  O       
  O X     
  O X     
X X       
          
----------

White 0,2
----------
  O O     
  O X     
  O X     
X X       
          
----------

Black 1,3
----------
  O O     
  O X X   
  O X     
X X       
          
----------

White 0,3
----------
  O O O   
  O X X   
  O X     
X X       
          
----------

Black 1,4
----------
  O O O   
  O X X X 
  O X     
X X       
          
----------

White 0,0
----------
O O O O   
  O X X X 
  O X     
X X       
          
----------

Black 2,0
----------
O O O O   
  O X X X 
X O X     
X X       
          
----------

White 3,3
----------
O O O O   
  O X X X 
X O X     
X X   O   
          
----------

Black 0,4
----------
O O O O X 
  O X X X 
X O X     
X X   O   
          
----------

White 2,3
----------
O O O O X 
  O X X X 
X O X O   
X X   O   
          
----------

Black 1,0
----------
        X 
X   X X X 
X   X O   
X X   O   
          
----------

White 3,2
----------
        X 
X   X X X 
X   X O   
X X O O   
          
----------

Black 2,1
----------
        X 
X   X X X 
X X X O   
X X O O   
          
----------

White 3,4
----------
        X 
X   X X X 
X X X O   
X X O O O 
          
----------

Black 4,1
----------
        X 
X   X X X 
X X X O   
X X O O O 
  X       
----------

White 2,4
----------
        X 
X   X X X 
X X X O O 
X X O O O 
  X       
----------

Black 0,2
----------
    X   X 
X   X X X 
X X X O O 
X X O O O 
  X       
----------

White 4,2
----------
    X   X 
X   X X X 
X X X O O 
X X O O O 
  X O     
----------

Game end.
The winner is X
ta time: 217.87
student time: 7.2
White(You) lose.
=====Round 6=====
Black:You White:TA
Wed Oct 28 15:06:55 PDT 2020
Clean up...
Start Playing...
Black 2,2
----------
          
          
    X     
          
          
----------

White 3,2
----------
          
          
    X     
    O     
          
----------

Black 1,2
----------
          
    X     
    X     
    O     
          
----------

White 3,3
----------
          
    X     
    X     
    O O   
          
----------

Black 1,1
----------
          
  X X     
    X     
    O O   
          
----------

White 3,1
----------
          
  X X     
    X     
  O O O   
          
----------

Black 1,3
----------
          
  X X X   
    X     
  O O O   
          
----------

White 2,4
----------
          
  X X X   
    X   O 
  O O O   
          
----------

Black 1,0
----------
          
X X X X   
    X   O 
  O O O   
          
----------

White 2,3
----------
          
X X X X   
    X O O 
  O O O   
          
----------

Black 0,3
----------
      X   
X X X X   
    X O O 
  O O O   
          
----------

White 1,4
----------
      X   
X X X X O 
    X O O 
  O O O   
          
----------

Black 2,0
----------
      X   
X X X X O 
X   X O O 
  O O O   
          
----------

White 3,0
----------
      X   
X X X X O 
X   X O O 
O O O O   
          
----------

Black 2,1
----------
      X   
X X X X O 
X X X O O 
O O O O   
          
----------

White 0,1
----------
  O   X   
X X X X O 
X X X O O 
O O O O   
          
----------

Black 0,0
----------
X O   X   
X X X X O 
X X X O O 
O O O O   
          
----------

White 4,3
----------
X O   X   
X X X X O 
X X X O O 
O O O O   
      O   
----------

Black 0,4
----------
X O   X X 
X X X X O 
X X X O O 
O O O O   
      O   
----------

White 0,2
----------
  O O     
        O 
      O O 
O O O O   
      O   
----------

Black 1,1
----------
  O O     
  X     O 
      O O 
O O O O   
      O   
----------

White 1,2
----------
  O O     
  X O   O 
      O O 
O O O O   
      O   
----------

Black 2,1
----------
  O O     
  X O   O 
  X   O O 
O O O O   
      O   
----------

White 2,2
----------
  O O     
  X O   O 
  X O O O 
O O O O   
      O   
----------

Game end.
The winner is O
ta time: 259.28
student time: 7.66
Black(You) lose.
=====Round 7=====
Black:TA White:You
Wed Oct 28 15:07:22 PDT 2020
Clean up...
Start Playing...
Black 2,2
----------
          
          
    X     
          
          
----------

White 1,1
----------
          
  O       
    X     
          
          
----------

Black 1,2
----------
          
  O X     
    X     
          
          
----------

White 2,1
----------
          
  O X     
  O X     
          
          
----------

Black 3,1
----------
          
  O X     
  O X     
  X       
          
----------

White 0,1
----------
  O       
  O X     
  O X     
  X       
          
----------

Black 2,0
----------
  O       
  O X     
X O X     
  X       
          
----------

White 0,2
----------
  O O     
  O X     
X O X     
  X       
          
----------

Black 0,3
----------
  O O X   
  O X     
X O X     
  X       
          
----------

White 1,0
----------
  O O X   
O O X     
X O X     
  X       
          
----------

Black 0,0
----------
X     X   
    X     
X   X     
  X       
          
----------

White 3,3
----------
X     X   
    X     
X   X     
  X   O   
          
----------

Black 2,3
----------
X     X   
    X     
X   X X   
  X   O   
          
----------

White 3,2
----------
X     X   
    X     
X   X X   
  X O O   
          
----------

Black 2,1
----------
X     X   
    X     
X X X X   
  X O O   
          
----------

White 3,4
----------
X     X   
    X     
X X X X   
  X O O O 
          
----------

Black 4,1
----------
X     X   
    X     
X X X X   
  X O O O 
  X       
----------

White 2,4
----------
X     X   
    X     
X X X X O 
  X O O O 
  X       
----------

Black 1,4
----------
X     X   
    X   X 
X X X X O 
  X O O O 
  X       
----------

White 4,2
----------
X     X   
    X   X 
X X X X O 
  X O O O 
  X O     
----------

Black 1,3
----------
X     X   
    X X X 
X X X X O 
  X O O O 
  X O     
----------

White 4,3
----------
X     X   
    X X X 
X X X X O 
  X O O O 
  X O O   
----------

Black 0,2
----------
X   X X   
    X X X 
X X X X O 
  X O O O 
  X O O   
----------

White 1,1
----------
X   X X   
  O X X X 
X X X X O 
  X O O O 
  X O O   
----------

Game end.
The winner is X
ta time: 292.48
student time: 8.07
White(You) lose.
=====Round 8=====
Black:You White:TA
Wed Oct 28 15:07:47 PDT 2020
Clean up...
Start Playing...
Black 2,2
----------
          
          
    X     
          
          
----------

White 2,1
----------
          
          
  O X     
          
          
----------

Black 1,2
----------
          
    X     
  O X     
          
          
----------

White 3,1
----------
          
    X     
  O X     
  O       
          
----------

Black 1,1
----------
          
  X X     
  O X     
  O       
          
----------

White 3,2
----------
          
  X X     
  O X     
  O O     
          
----------

Black 1,3
----------
          
  X X X   
  O X     
  O O     
          
----------

White 3,3
----------
          
  X X X   
  O X     
  O O O   
          
----------

Black 1,0
----------
          
X X X X   
  O X     
  O O O   
          
----------

White 2,0
----------
          
X X X X   
O O X     
  O O O   
          
----------

Black 1,4
----------
          
X X X X X 
O O X     
  O O O   
          
----------

White 3,4
----------
          
X X X X X 
O O X     
  O O O O 
          
----------

Black 2,3
----------
          
X X X X X 
O O X X   
  O O O O 
          
----------

White 4,1
----------
          
X X X X X 
O O X X   
  O O O O 
  O       
----------

Black 0,0
----------
X         
X X X X X 
O O X X   
  O O O O 
  O       
----------

White 4,3
----------
X         
X X X X X 
O O X X   
  O O O O 
  O   O   
----------

Black 0,1
----------
X X       
X X X X X 
O O X X   
  O O O O 
  O   O   
----------

White 4,0
----------
X X       
X X X X X 
O O X X   
  O O O O 
O O   O   
----------

Black 0,2
----------
X X X     
X X X X X 
O O X X   
  O O O O 
O O   O   
----------

White 2,4
----------
X X X     
X X X X X 
O O X X O 
  O O O O 
O O   O   
----------

Black 0,3
----------
X X X X   
X X X X X 
O O X X O 
  O O O O 
O O   O   
----------

White 0,4
----------
        O 
          
O O     O 
  O O O O 
O O   O   
----------

Black 1,2
----------
        O 
    X     
O O     O 
  O O O O 
O O   O   
----------

White 1,1
----------
        O 
  O X     
O O     O 
  O O O O 
O O   O   
----------

Game end.
The winner is O
ta time: 330
student time: 8.84
Black(You) lose.
=====Round 9=====
Black:TA White:You
Wed Oct 28 15:08:15 PDT 2020
Clean up...
Start Playing...
Black 2,2
----------
          
          
    X     
          
          
----------

White 1,1
----------
          
  O       
    X     
          
          
----------

Black 2,1
----------
          
  O       
  X X     
          
          
----------

White 1,2
----------
          
  O O     
  X X     
          
          
----------

Black 1,3
----------
          
  O O X   
  X X     
          
          
----------

White 1,0
----------
          
O O O X   
  X X     
          
          
----------

Black 0,3
----------
      X   
O O O X   
  X X     
          
          
----------

White 2,0
----------
      X   
O O O X   
O X X     
          
          
----------

Black 3,1
----------
      X   
O O O X   
O X X     
  X       
          
----------

White 3,0
----------
      X   
O O O X   
O X X     
O X       
          
----------

Black 4,1
----------
      X   
O O O X   
O X X     
O X       
  X       
----------

White 0,0
----------
O     X   
O O O X   
O X X     
O X       
  X       
----------

Black 0,2
----------
O   X X   
O O O X   
O X X     
O X       
  X       
----------

White 3,3
----------
O   X X   
O O O X   
O X X     
O X   O   
  X       
----------

Black 4,0
----------
O   X X   
O O O X   
O X X     
O X   O   
X X       
----------

White 2,3
----------
O   X X   
O O O X   
O X X O   
O X   O   
X X       
----------

Black 0,1
----------
  X X X   
      X   
  X X O   
  X   O   
X X       
----------

White 3,2
----------
  X X X   
      X   
  X X O   
  X O O   
X X       
----------

Black 4,2
----------
  X X X   
      X   
  X X O   
  X O O   
X X X     
----------

White 2,4
----------
  X X X   
      X   
  X X O O 
  X O O   
X X X     
----------

Black 4,3
----------
  X X X   
      X   
  X X O O 
  X O O   
X X X X   
----------

White 1,4
----------
  X X X   
      X O 
  X X O O 
  X O O   
X X X X   
----------

Black 1,2
----------
  X X X   
    X X O 
  X X O O 
  X O O   
X X X X   
----------

White 3,4
----------
  X X X   
    X X O 
  X X O O 
  X O O O 
X X X X   
----------

Game end.
The winner is X
ta time: 369.35
student time: 9.63
White(You) lose.
=====Round 10=====
Black:You White:TA
Wed Oct 28 15:08:43 PDT 2020
Clean up...
Start Playing...
Black 2,2
----------
          
          
    X     
          
          
----------

White 3,1
----------
          
          
    X     
  O       
          
----------

Black 1,2
----------
          
    X     
    X     
  O       
          
----------

White 2,1
----------
          
    X     
  O X     
  O       
          
----------

Black 1,1
----------
          
  X X     
  O X     
  O       
          
----------

White 3,2
----------
          
  X X     
  O X     
  O O     
          
----------

Black 1,3
----------
          
  X X X   
  O X     
  O O     
          
----------

White 3,3
----------
          
  X X X   
  O X     
  O O O   
          
----------

Black 1,0
----------
          
X X X X   
  O X     
  O O O   
          
----------

White 2,0
----------
          
X X X X   
O O X     
  O O O   
          
----------

Black 1,4
----------
          
X X X X X 
O O X     
  O O O   
          
----------

White 3,4
----------
          
X X X X X 
O O X     
  O O O O 
          
----------

Black 2,3
----------
          
X X X X X 
O O X X   
  O O O O 
          
----------

White 4,1
----------
          
X X X X X 
O O X X   
  O O O O 
  O       
----------

Black 0,0
----------
X         
X X X X X 
O O X X   
  O O O O 
  O       
----------

White 4,3
----------
X         
X X X X X 
O O X X   
  O O O O 
  O   O   
----------

Black 0,1
----------
X X       
X X X X X 
O O X X   
  O O O O 
  O   O   
----------

White 3,0
----------
X X       
X X X X X 
O O X X   
O O O O O 
  O   O   
----------

Black 0,2
----------
X X X     
X X X X X 
O O X X   
O O O O O 
  O   O   
----------

White 2,4
----------
X X X     
X X X X X 
O O X X O 
O O O O O 
  O   O   
----------

Black 0,3
----------
X X X X   
X X X X X 
O O X X O 
O O O O O 
  O   O   
----------

White 0,4
----------
        O 
          
O O     O 
O O O O O 
  O   O   
----------

Black 1,2
----------
        O 
    X     
O O     O 
O O O O O 
  O   O   
----------

White 1,3
----------
        O 
    X O   
O O     O 
O O O O O 
  O   O   
----------

Game end.
The winner is O
ta time: 407.16
student time: 10.38
Black(You) lose.
