Wed Oct 28 03:33:16 PDT 2020

==Playing with qlearning_player==
=====Round 1=====
Black:TA White:You
Wed Oct 28 03:33:16 PDT 2020
Clean up...
Start Playing...
Black 1,2
----------
          
    X     
          
          
          
----------

White 2,1
----------
          
    X     
  O       
          
          
----------

Black 2,2
----------
          
    X     
  O X     
          
          
----------

White 3,1
----------
          
    X     
  O X     
  O       
          
----------

Black 0,0
----------
X         
    X     
  O X     
  O       
          
----------

White 0,1
----------
X O       
    X     
  O X     
  O       
          
----------

Black 2,3
----------
X O       
    X     
  O X X   
  O       
          
----------

White 1,0
----------
  O       
O   X     
  O X X   
  O       
          
----------

Black 0,2
----------
  O X     
O   X     
  O X X   
  O       
          
----------

White 3,2
----------
  O X     
O   X     
  O X X   
  O O     
          
----------

Black 0,3
----------
  O X X   
O   X     
  O X X   
  O O     
          
----------

White 3,3
----------
  O X X   
O   X     
  O X X   
  O O O   
          
----------

Black 0,4
----------
  O X X X 
O   X     
  O X X   
  O O O   
          
----------

White 3,4
----------
  O X X X 
O   X     
  O X X   
  O O O O 
          
----------

Black 1,1
----------
  O X X X 
O X X     
  O X X   
  O O O O 
          
----------

White 2,4
----------
  O X X X 
O X X     
  O X X O 
  O O O O 
          
----------

Black 0,0
----------
X   X X X 
O X X     
  O X X O 
  O O O O 
          
----------

White 1,4
----------
X   X X X 
O X X   O 
  O X X O 
  O O O O 
          
----------

Black 2,0
----------
X   X X X 
  X X   O 
X O X X O 
  O O O O 
          
----------

White 3,0
----------
X   X X X 
  X X   O 
X O X X O 
O O O O O 
          
----------

Black 4,2
----------
X   X X X 
  X X   O 
X O X X O 
O O O O O 
    X     
----------

White 1,3
----------
X   X X X 
  X X O O 
X O X X O 
O O O O O 
    X     
----------

Black 4,1
----------
X   X X X 
  X X O O 
X O X X O 
O O O O O 
  X X     
----------

White 1,0
----------
X   X X X 
O X X O O 
  O X X O 
O O O O O 
  X X     
----------

Game end.
The winner is O
ta time: 3.93
student time: 1.04
White(You) win!
=====Round 2=====
Black:You White:TA
Wed Oct 28 03:33:26 PDT 2020
Clean up...
Start Playing...
Black 2,2
----------
          
          
    X     
          
          
----------

White 2,1
----------
          
          
  O X     
          
          
----------

Black 1,2
----------
          
    X     
  O X     
          
          
----------

White 3,2
----------
          
    X     
  O X     
    O     
          
----------

Black 1,1
----------
          
  X X     
  O X     
    O     
          
----------

White 2,3
----------
          
  X X     
  O X O   
    O     
          
----------

Black 3,1
----------
          
  X X     
  O X O   
  X O     
          
----------

White 3,3
----------
          
  X X     
  O X O   
  X O O   
          
----------

Black 2,0
----------
          
  X X     
X   X O   
  X O O   
          
----------

White 4,2
----------
          
  X X     
X   X O   
  X O O   
    O     
----------

Black 1,3
----------
          
  X X X   
X   X O   
  X O O   
    O     
----------

White 0,2
----------
    O     
  X X X   
X   X O   
  X O O   
    O     
----------

Black 0,1
----------
  X O     
  X X X   
X   X O   
  X O O   
    O     
----------

White 2,4
----------
  X O     
  X X X   
X   X O O 
  X O O   
    O     
----------

Black 0,3
----------
  X   X   
  X X X   
X   X O O 
  X O O   
    O     
----------

White 4,3
----------
  X   X   
  X X X   
X   X O O 
  X O O   
    O O   
----------

Black 2,1
----------
  X   X   
  X X X   
X X X O O 
  X O O   
    O O   
----------

White 3,4
----------
  X   X   
  X X X   
X X X O O 
  X O O O 
    O O   
----------

Black 3,0
----------
  X   X   
  X X X   
X X X O O 
X X O O O 
    O O   
----------

White 1,4
----------
  X   X   
  X X X O 
X X X O O 
X X O O O 
    O O   
----------

Black 0,0
----------
X X   X   
  X X X O 
X X X O O 
X X O O O 
    O O   
----------

White 4,1
----------
X X   X   
  X X X O 
X X X O O 
X X O O O 
  O O O   
----------

Black 0,2
----------
X X X X   
  X X X O 
X X X O O 
X X O O O 
  O O O   
----------

White 0,4
----------
X X X X O 
  X X X O 
X X X O O 
X X O O O 
  O O O   
----------

Game end.
The winner is O
ta time: 7.51
student time: 2.17
Black(You) lose.
=====Round 3=====
Black:TA White:You
Wed Oct 28 03:33:35 PDT 2020
Clean up...
Start Playing...
Black 1,2
----------
          
    X     
          
          
          
----------

White 2,1
----------
          
    X     
  O       
          
          
----------

Black 2,2
----------
          
    X     
  O X     
          
          
----------

White 3,1
----------
          
    X     
  O X     
  O       
          
----------

Black 0,0
----------
X         
    X     
  O X     
  O       
          
----------

White 0,1
----------
X O       
    X     
  O X     
  O       
          
----------

Black 3,2
----------
X O       
    X     
  O X     
  O X     
          
----------

White 1,0
----------
  O       
O   X     
  O X     
  O X     
          
----------

Black 0,2
----------
  O X     
O   X     
  O X     
  O X     
          
----------

White 4,1
----------
  O X     
O   X     
  O X     
  O X     
  O       
----------

Black 2,3
----------
  O X     
O   X     
  O X X   
  O X     
  O       
----------

White 4,2
----------
  O X     
O   X     
  O X X   
  O X     
  O O     
----------

Black 2,4
----------
  O X     
O   X     
  O X X X 
  O X     
  O O     
----------

White 4,3
----------
  O X     
O   X     
  O X X X 
  O X     
  O O O   
----------

Black 3,3
----------
  O X     
O   X     
  O X X X 
  O X X   
  O O O   
----------

White 4,4
----------
  O X     
O   X     
  O X X X 
  O X X   
  O O O O 
----------

Black 1,1
----------
  O X     
O X X     
  O X X X 
  O X X   
  O O O O 
----------

White 2,0
----------
  O X     
O X X     
O O X X X 
  O X X   
  O O O O 
----------

Black 0,0
----------
X   X     
O X X     
O O X X X 
  O X X   
  O O O O 
----------

White 3,0
----------
X   X     
O X X     
O O X X X 
O O X X   
  O O O O 
----------

Black 1,3
----------
X   X     
O X X X   
O O X X X 
O O X X   
  O O O O 
----------

White 0,4
----------
X   X   O 
O X X X   
O O X X X 
O O X X   
  O O O O 
----------

Black 1,4
----------
X   X   O 
O X X X X 
O O X X X 
O O X X   
  O O O O 
----------

White 0,1
----------
  O X   O 
O X X X X 
O O X X X 
O O X X   
  O O O O 
----------

Game end.
The winner is O
ta time: 11.07
student time: 3.28
White(You) win!
=====Round 4=====
Black:You White:TA
Wed Oct 28 03:33:44 PDT 2020
Clean up...
Start Playing...
Black 2,2
----------
          
          
    X     
          
          
----------

White 2,1
----------
          
          
  O X     
          
          
----------

Black 1,2
----------
          
    X     
  O X     
          
          
----------

White 3,2
----------
          
    X     
  O X     
    O     
          
----------

Black 1,1
----------
          
  X X     
  O X     
    O     
          
----------

White 2,3
----------
          
  X X     
  O X O   
    O     
          
----------

Black 3,1
----------
          
  X X     
  O X O   
  X O     
          
----------

White 4,2
----------
          
  X X     
  O X O   
  X O     
    O     
----------

Black 2,0
----------
          
  X X     
X   X O   
  X O     
    O     
----------

White 0,2
----------
    O     
  X X     
X   X O   
  X O     
    O     
----------

Black 0,1
----------
  X O     
  X X     
X   X O   
  X O     
    O     
----------

White 1,3
----------
  X O     
  X X O   
X   X O   
  X O     
    O     
----------

Black 2,1
----------
  X O     
  X X O   
X X X O   
  X O     
    O     
----------

White 2,4
----------
  X O     
  X X O   
X X X O O 
  X O     
    O     
----------

Black 3,0
----------
  X O     
  X X O   
X X X O O 
X X O     
    O     
----------

White 3,3
----------
  X O     
  X X O   
X X X O O 
X X O O   
    O     
----------

Black 0,0
----------
X X O     
  X X O   
X X X O O 
X X O O   
    O     
----------

White 3,4
----------
X X O     
  X X O   
X X X O O 
X X O O O 
    O     
----------

Black 1,0
----------
X X O     
X X X O   
X X X O O 
X X O O O 
    O     
----------

White 4,3
----------
X X O     
X X X O   
X X X O O 
X X O O O 
    O O   
----------

Black 0,4
----------
X X O   X 
X X X O   
X X X O O 
X X O O O 
    O O   
----------

White 1,4
----------
X X O   X 
X X X O O 
X X X O O 
X X O O O 
    O O   
----------

Black 0,3
----------
X X   X X 
X X X O O 
X X X O O 
X X O O O 
    O O   
----------

White 0,2
----------
X X O     
X X X O O 
X X X O O 
X X O O O 
    O O   
----------

Game end.
The winner is O
ta time: 14.65
student time: 4.41
Black(You) lose.
=====Round 5=====
Black:TA White:You
Wed Oct 28 03:33:53 PDT 2020
Clean up...
Start Playing...
Black 1,2
----------
          
    X     
          
          
          
----------

White 2,1
----------
          
    X     
  O       
          
          
----------

Black 2,2
----------
          
    X     
  O X     
          
          
----------

White 3,1
----------
          
    X     
  O X     
  O       
          
----------

Black 0,0
----------
X         
    X     
  O X     
  O       
          
----------

White 0,1
----------
X O       
    X     
  O X     
  O       
          
----------

Black 2,3
----------
X O       
    X     
  O X X   
  O       
          
----------

White 1,0
----------
  O       
O   X     
  O X X   
  O       
          
----------

Black 0,2
----------
  O X     
O   X     
  O X X   
  O       
          
----------

White 3,2
----------
  O X     
O   X     
  O X X   
  O O     
          
----------

Black 0,3
----------
  O X X   
O   X     
  O X X   
  O O     
          
----------

White 3,3
----------
  O X X   
O   X     
  O X X   
  O O O   
          
----------

Black 0,4
----------
  O X X X 
O   X     
  O X X   
  O O O   
          
----------

White 3,4
----------
  O X X X 
O   X     
  O X X   
  O O O O 
          
----------

Black 1,3
----------
  O X X X 
O   X X   
  O X X   
  O O O O 
          
----------

White 1,1
----------
  O X X X 
O O X X   
  O X X   
  O O O O 
          
----------

Black 4,2
----------
  O X X X 
O O X X   
  O X X   
  O O O O 
    X     
----------

White 2,4
----------
  O X X X 
O O X X   
  O X X O 
  O O O O 
    X     
----------

Black 2,0
----------
  O X X X 
O O X X   
X O X X O 
  O O O O 
    X     
----------

White 1,4
----------
  O       
O O     O 
X O     O 
  O O O O 
    X     
----------

Black 2,2
----------
  O       
O O     O 
X O X   O 
  O O O O 
    X     
----------

White 3,0
----------
  O       
O O     O 
  O X   O 
O O O O O 
    X     
----------

Black 2,3
----------
  O       
O O     O 
  O X X O 
O O O O O 
    X     
----------

White 1,3
----------
  O       
O O   O O 
  O X X O 
O O O O O 
    X     
----------

Game end.
The winner is O
ta time: 18.72
student time: 5.73
White(You) win!
=====Round 6=====
Black:You White:TA
Wed Oct 28 03:34:02 PDT 2020
Clean up...
Start Playing...
Black 2,2
----------
          
          
    X     
          
          
----------

White 2,1
----------
          
          
  O X     
          
          
----------

Black 1,2
----------
          
    X     
  O X     
          
          
----------

White 3,2
----------
          
    X     
  O X     
    O     
          
----------

Black 1,1
----------
          
  X X     
  O X     
    O     
          
----------

White 2,3
----------
          
  X X     
  O X O   
    O     
          
----------

Black 3,1
----------
          
  X X     
  O X O   
  X O     
          
----------

White 1,3
----------
          
  X X O   
  O X O   
  X O     
          
----------

Black 2,0
----------
          
  X X O   
X   X O   
  X O     
          
----------

White 4,2
----------
          
  X X O   
X   X O   
  X O     
    O     
----------

Black 0,1
----------
  X       
  X X O   
X   X O   
  X O     
    O     
----------

White 3,3
----------
  X       
  X X O   
X   X O   
  X O O   
    O     
----------

Black 0,2
----------
  X X     
  X X O   
X   X O   
  X O O   
    O     
----------

White 2,4
----------
  X X     
  X X O   
X   X O O 
  X O O   
    O     
----------

Black 0,3
----------
  X X X   
  X X O   
X   X O O 
  X O O   
    O     
----------

White 3,0
----------
  X X X   
  X X O   
X   X O O 
O X O O   
    O     
----------

Black 0,4
----------
  X X X X 
  X X O   
X   X O O 
O X O O   
    O     
----------

White 4,3
----------
  X X X X 
  X X O   
X   X O O 
O X O O   
    O O   
----------

Black 2,1
----------
  X X X X 
  X X O   
X X X O O 
O X O O   
    O O   
----------

White 1,0
----------
  X X X X 
O X X O   
X X X O O 
O X O O   
    O O   
----------

Black 0,0
----------
X X X X X 
  X X O   
X X X O O 
O X O O   
    O O   
----------

White 3,4
----------
X X X X X 
  X X O   
X X X O O 
O X O O O 
    O O   
----------

Black 4,1
----------
X X X X X 
  X X O   
X X X O O 
O X O O O 
  X O O   
----------

White 1,4
----------
X X X X X 
  X X O O 
X X X O O 
O X O O O 
  X O O   
----------

Game end.
The winner is O
ta time: 22.51
student time: 6.78
Black(You) lose.
=====Round 7=====
Black:TA White:You
Wed Oct 28 03:34:12 PDT 2020
Clean up...
Start Playing...
Black 1,2
----------
          
    X     
          
          
          
----------

White 2,1
----------
          
    X     
  O       
          
          
----------

Black 2,2
----------
          
    X     
  O X     
          
          
----------

White 3,1
----------
          
    X     
  O X     
  O       
          
----------

Black 0,0
----------
X         
    X     
  O X     
  O       
          
----------

White 0,1
----------
X O       
    X     
  O X     
  O       
          
----------

Black 3,2
----------
X O       
    X     
  O X     
  O X     
          
----------

White 1,0
----------
  O       
O   X     
  O X     
  O X     
          
----------

Black 0,2
----------
  O X     
O   X     
  O X     
  O X     
          
----------

White 4,1
----------
  O X     
O   X     
  O X     
  O X     
  O       
----------

Black 2,3
----------
  O X     
O   X     
  O X X   
  O X     
  O       
----------

White 4,2
----------
  O X     
O   X     
  O X X   
  O X     
  O O     
----------

Black 1,1
----------
  O X     
O X X     
  O X X   
  O X     
  O O     
----------

White 4,3
----------
  O X     
O X X     
  O X X   
  O X     
  O O O   
----------

Black 0,0
----------
X   X     
O X X     
  O X X   
  O X     
  O O O   
----------

White 3,3
----------
X   X     
O X X     
  O X X   
  O X O   
  O O O   
----------

Black 2,0
----------
X   X     
  X X     
X O X X   
  O X O   
  O O O   
----------

White 3,0
----------
X   X     
  X X     
X O X X   
O O X O   
  O O O   
----------

Black 1,3
----------
X   X     
  X X X   
X O X X   
O O X O   
  O O O   
----------

White 3,4
----------
X   X     
  X X X   
X O X X   
O O X O O 
  O O O   
----------

Black 2,4
----------
X   X     
  X X X   
X O X X X 
O O X O O 
  O O O   
----------

White 0,4
----------
X   X   O 
  X X X   
X O X X X 
O O X O O 
  O O O   
----------

Black 0,3
----------
X   X X O 
  X X X   
X O X X X 
O O X O O 
  O O O   
----------

White 1,0
----------
X   X X O 
O X X X   
  O X X X 
O O X O O 
  O O O   
----------

Game end.
The winner is O
ta time: 26.39
student time: 7.76
White(You) win!
=====Round 8=====
Black:You White:TA
Wed Oct 28 03:34:21 PDT 2020
Clean up...
Start Playing...
Black 2,2
----------
          
          
    X     
          
          
----------

White 2,1
----------
          
          
  O X     
          
          
----------

Black 1,2
----------
          
    X     
  O X     
          
          
----------

White 3,2
----------
          
    X     
  O X     
    O     
          
----------

Black 1,1
----------
          
  X X     
  O X     
    O     
          
----------

White 2,3
----------
          
  X X     
  O X O   
    O     
          
----------

Black 3,1
----------
          
  X X     
  O X O   
  X O     
          
----------

White 0,2
----------
    O     
  X X     
  O X O   
  X O     
          
----------

Black 2,0
----------
    O     
  X X     
X   X O   
  X O     
          
----------

White 2,4
----------
    O     
  X X     
X   X O O 
  X O     
          
----------

Black 0,1
----------
  X O     
  X X     
X   X O O 
  X O     
          
----------

White 3,3
----------
  X O     
  X X     
X   X O O 
  X O O   
          
----------

Black 0,3
----------
  X   X   
  X X     
X   X O O 
  X O O   
          
----------

White 4,2
----------
  X   X   
  X X     
X   X O O 
  X O O   
    O     
----------

Black 1,3
----------
  X   X   
  X X X   
X   X O O 
  X O O   
    O     
----------

White 1,0
----------
  X   X   
O X X X   
X   X O O 
  X O O   
    O     
----------

Black 0,0
----------
X X   X   
  X X X   
X   X O O 
  X O O   
    O     
----------

White 3,4
----------
X X   X   
  X X X   
X   X O O 
  X O O O 
    O     
----------

Black 2,1
----------
X X   X   
  X X X   
X X X O O 
  X O O O 
    O     
----------

White 3,0
----------
X X   X   
  X X X   
X X X O O 
O X O O O 
    O     
----------

Black 4,1
----------
X X   X   
  X X X   
X X X O O 
O X O O O 
  X O     
----------

White 4,3
----------
X X   X   
  X X X   
X X X O O 
O X O O O 
  X O O   
----------

Black 4,0
----------
X X   X   
  X X X   
X X X O O 
  X O O O 
X X O O   
----------

White 1,4
----------
X X   X   
  X X X O 
X X X O O 
  X O O O 
X X O O   
----------

Game end.
The winner is X
ta time: 30.19
student time: 8.81
Black(You) win!
=====Round 9=====
Black:TA White:You
Wed Oct 28 03:34:31 PDT 2020
Clean up...
Start Playing...
Black 1,2
----------
          
    X     
          
          
          
----------

White 2,1
----------
          
    X     
  O       
          
          
----------

Black 2,2
----------
          
    X     
  O X     
          
          
----------

White 3,1
----------
          
    X     
  O X     
  O       
          
----------

Black 0,0
----------
X         
    X     
  O X     
  O       
          
----------

White 0,1
----------
X O       
    X     
  O X     
  O       
          
----------

Black 2,3
----------
X O       
    X     
  O X X   
  O       
          
----------

White 1,0
----------
  O       
O   X     
  O X X   
  O       
          
----------

Black 0,2
----------
  O X     
O   X     
  O X X   
  O       
          
----------

White 3,2
----------
  O X     
O   X     
  O X X   
  O O     
          
----------

Black 0,3
----------
  O X X   
O   X     
  O X X   
  O O     
          
----------

White 3,3
----------
  O X X   
O   X     
  O X X   
  O O O   
          
----------

Black 0,4
----------
  O X X X 
O   X     
  O X X   
  O O O   
          
----------

White 3,4
----------
  O X X X 
O   X     
  O X X   
  O O O O 
          
----------

Black 1,1
----------
  O X X X 
O X X     
  O X X   
  O O O O 
          
----------

White 2,4
----------
  O X X X 
O X X     
  O X X O 
  O O O O 
          
----------

Black 0,0
----------
X   X X X 
O X X     
  O X X O 
  O O O O 
          
----------

White 1,4
----------
X   X X X 
O X X   O 
  O X X O 
  O O O O 
          
----------

Black 2,0
----------
X   X X X 
  X X   O 
X O X X O 
  O O O O 
          
----------

White 3,0
----------
X   X X X 
  X X   O 
X O X X O 
O O O O O 
          
----------

Black 4,2
----------
X   X X X 
  X X   O 
X O X X O 
O O O O O 
    X     
----------

White 1,3
----------
X   X X X 
  X X O O 
X O X X O 
O O O O O 
    X     
----------

Black 4,3
----------
X   X X X 
  X X O O 
X O X X O 
O O O O O 
    X X   
----------

White 1,0
----------
X   X X X 
O X X O O 
  O X X O 
O O O O O 
    X X   
----------

Game end.
The winner is O
ta time: 34.09
student time: 10.04
White(You) win!
=====Round 10=====
Black:You White:TA
Wed Oct 28 03:34:41 PDT 2020
Clean up...
Start Playing...
Black 2,2
----------
          
          
    X     
          
          
----------

White 2,1
----------
          
          
  O X     
          
          
----------

Black 1,2
----------
          
    X     
  O X     
          
          
----------

White 3,2
----------
          
    X     
  O X     
    O     
          
----------

Black 1,1
----------
          
  X X     
  O X     
    O     
          
----------

White 2,3
----------
          
  X X     
  O X O   
    O     
          
----------

Black 3,1
----------
          
  X X     
  O X O   
  X O     
          
----------

White 2,0
----------
          
  X X     
O O X O   
  X O     
          
----------

Black 1,0
----------
          
X X X     
O O X O   
  X O     
          
----------

White 3,3
----------
          
X X X     
O O X O   
  X O O   
          
----------

Black 3,0
----------
          
X X X     
    X O   
X X O O   
          
----------

White 2,1
----------
          
X X X     
  O X O   
X X O O   
          
----------

Black 2,0
----------
          
X X X     
X   X O   
X X O O   
          
----------

White 4,2
----------
          
X X X     
X   X O   
X X O O   
    O     
----------

Black 1,3
----------
          
X X X X   
X   X O   
X X O O   
    O     
----------

White 0,2
----------
    O     
X X X X   
X   X O   
X X O O   
    O     
----------

Black 0,3
----------
    O X   
X X X X   
X   X O   
X X O O   
    O     
----------

White 2,4
----------
    O X   
X X X X   
X   X O O 
X X O O   
    O     
----------

Black 0,1
----------
  X   X   
X X X X   
X   X O O 
X X O O   
    O     
----------

White 1,4
----------
  X   X   
X X X X O 
X   X O O 
X X O O   
    O     
----------

Black 2,1
----------
  X   X   
X X X X O 
X X X O O 
X X O O   
    O     
----------

White 3,4
----------
  X   X   
X X X X O 
X X X O O 
X X O O O 
    O     
----------

Black 0,0
----------
X X   X   
X X X X O 
X X X O O 
X X O O O 
    O     
----------

White 4,3
----------
X X   X   
X X X X O 
X X X O O 
X X O O O 
    O O   
----------

Game end.
The winner is X
ta time: 37.75
student time: 11.22
Black(You) win!

==Playing with championship_player==
=====Round 1=====
Black:TA White:You
Wed Oct 28 03:34:51 PDT 2020
Clean up...
Start Playing...
Black 2,2
----------
          
          
    X     
          
          
----------

White 1,1
----------
          
  O       
    X     
          
          
----------

Black 1,2
----------
          
  O X     
    X     
          
          
----------

White 2,1
----------
          
  O X     
  O X     
          
          
----------

Black 3,1
----------
          
  O X     
  O X     
  X       
          
----------

White 0,1
----------
  O       
  O X     
  O X     
  X       
          
----------

Black 3,0
----------
  O       
  O X     
  O X     
X X       
          
----------

White 0,2
----------
  O O     
  O X     
  O X     
X X       
          
----------

Black 1,3
----------
  O O     
  O X X   
  O X     
X X       
          
----------

White 0,3
----------
  O O O   
  O X X   
  O X     
X X       
          
----------

Black 1,4
----------
  O O O   
  O X X X 
  O X     
X X       
          
----------

White 0,0
----------
O O O O   
  O X X X 
  O X     
X X       
          
----------

Black 2,0
----------
O O O O   
  O X X X 
X O X     
X X       
          
----------

White 3,3
----------
O O O O   
  O X X X 
X O X     
X X   O   
          
----------

Black 0,4
----------
O O O O X 
  O X X X 
X O X     
X X   O   
          
----------

White 2,3
----------
O O O O X 
  O X X X 
X O X O   
X X   O   
          
----------

Black 1,0
----------
        X 
X   X X X 
X   X O   
X X   O   
          
----------

White 3,2
----------
        X 
X   X X X 
X   X O   
X X O O   
          
----------

Black 2,4
----------
        X 
X   X X X 
X   X O X 
X X O O   
          
----------

White 3,4
----------
        X 
X   X X X 
X   X O X 
X X O O O 
          
----------

Black 4,2
----------
        X 
X   X X X 
X   X O X 
X X O O O 
    X     
----------

White 0,1
----------
  O     X 
X   X X X 
X   X O X 
X X O O O 
    X     
----------

Black 0,2
----------
  O X   X 
X   X X X 
X   X O X 
X X O O O 
    X     
----------

White 1,1
----------
  O X   X 
X O X X X 
X   X O X 
X X O O O 
    X     
----------

Game end.
The winner is X
ta time: 76.32
student time: 12.44
White(You) lose.
=====Round 2=====
Black:You White:TA
Wed Oct 28 03:35:21 PDT 2020
Clean up...
Start Playing...
Black 2,2
----------
          
          
    X     
          
          
----------

White 2,1
----------
          
          
  O X     
          
          
----------

Black 1,2
----------
          
    X     
  O X     
          
          
----------

White 3,1
----------
          
    X     
  O X     
  O       
          
----------

Black 1,1
----------
          
  X X     
  O X     
  O       
          
----------

White 3,2
----------
          
  X X     
  O X     
  O O     
          
----------

Black 1,3
----------
          
  X X X   
  O X     
  O O     
          
----------

White 3,3
----------
          
  X X X   
  O X     
  O O O   
          
----------

Black 1,0
----------
          
X X X X   
  O X     
  O O O   
          
----------

White 2,0
----------
          
X X X X   
O O X     
  O O O   
          
----------

Black 1,4
----------
          
X X X X X 
O O X     
  O O O   
          
----------

White 3,4
----------
          
X X X X X 
O O X     
  O O O O 
          
----------

Black 2,3
----------
          
X X X X X 
O O X X   
  O O O O 
          
----------

White 4,1
----------
          
X X X X X 
O O X X   
  O O O O 
  O       
----------

Black 0,0
----------
X         
X X X X X 
O O X X   
  O O O O 
  O       
----------

White 4,3
----------
X         
X X X X X 
O O X X   
  O O O O 
  O   O   
----------

Black 0,1
----------
X X       
X X X X X 
O O X X   
  O O O O 
  O   O   
----------

White 4,0
----------
X X       
X X X X X 
O O X X   
  O O O O 
O O   O   
----------

Black 0,2
----------
X X X     
X X X X X 
O O X X   
  O O O O 
O O   O   
----------

White 2,4
----------
X X X     
X X X X X 
O O X X O 
  O O O O 
O O   O   
----------

Black 0,3
----------
X X X X   
X X X X X 
O O X X O 
  O O O O 
O O   O   
----------

White 0,4
----------
        O 
          
O O     O 
  O O O O 
O O   O   
----------

Black 0,3
----------
      X O 
          
O O     O 
  O O O O 
O O   O   
----------

White 1,4
----------
      X O 
        O 
O O     O 
  O O O O 
O O   O   
----------

Game end.
The winner is O
ta time: 115.73
student time: 13.55
Black(You) lose.
=====Round 3=====
Black:TA White:You
Wed Oct 28 03:35:53 PDT 2020
Clean up...
Start Playing...
Black 2,2
----------
          
          
    X     
          
          
----------

White 1,1
----------
          
  O       
    X     
          
          
----------

Black 2,1
----------
          
  O       
  X X     
          
          
----------

White 1,2
----------
          
  O O     
  X X     
          
          
----------

Black 1,3
----------
          
  O O X   
  X X     
          
          
----------

White 1,0
----------
          
O O O X   
  X X     
          
          
----------

Black 0,3
----------
      X   
O O O X   
  X X     
          
          
----------

White 2,0
----------
      X   
O O O X   
O X X     
          
          
----------

Black 3,1
----------
      X   
O O O X   
O X X     
  X       
          
----------

White 3,0
----------
      X   
O O O X   
O X X     
O X       
          
----------

Black 4,1
----------
      X   
O O O X   
O X X     
O X       
  X       
----------

White 0,0
----------
O     X   
O O O X   
O X X     
O X       
  X       
----------

Black 0,2
----------
O   X X   
O O O X   
O X X     
O X       
  X       
----------

White 3,3
----------
O   X X   
O O O X   
O X X     
O X   O   
  X       
----------

Black 4,0
----------
O   X X   
O O O X   
O X X     
O X   O   
X X       
----------

White 2,3
----------
O   X X   
O O O X   
O X X O   
O X   O   
X X       
----------

Black 0,1
----------
  X X X   
      X   
  X X O   
  X   O   
X X       
----------

White 3,2
----------
  X X X   
      X   
  X X O   
  X O O   
X X       
----------

Black 1,2
----------
  X X X   
    X X   
  X X O   
  X O O   
X X       
----------

White 2,4
----------
  X X X   
    X X   
  X X O O 
  X O O   
X X       
----------

Black 2,0
----------
  X X X   
    X X   
X X X O O 
  X O O   
X X       
----------

White 1,4
----------
  X X X   
    X X O 
X X X O O 
  X O O   
X X       
----------

Black 4,4
----------
  X X X   
    X X O 
X X X O O 
  X O O   
X X     X 
----------

White 3,4
----------
  X X X   
    X X O 
X X X O O 
  X O O O 
X X     X 
----------

Game end.
The winner is X
ta time: 154.4
student time: 14.79
White(You) lose.
=====Round 4=====
Black:You White:TA
Wed Oct 28 03:36:24 PDT 2020
Clean up...
Start Playing...
Black 2,2
----------
          
          
    X     
          
          
----------

White 3,2
----------
          
          
    X     
    O     
          
----------

Black 1,2
----------
          
    X     
    X     
    O     
          
----------

White 3,1
----------
          
    X     
    X     
  O O     
          
----------

Black 1,1
----------
          
  X X     
    X     
  O O     
          
----------

White 3,3
----------
          
  X X     
    X     
  O O O   
          
----------

Black 1,3
----------
          
  X X X   
    X     
  O O O   
          
----------

White 2,0
----------
          
  X X X   
O   X     
  O O O   
          
----------

Black 1,4
----------
          
  X X X X 
O   X     
  O O O   
          
----------

White 2,1
----------
          
  X X X X 
O O X     
  O O O   
          
----------

Black 0,1
----------
  X       
  X X X X 
O O X     
  O O O   
          
----------

White 1,0
----------
  X       
O X X X X 
O O X     
  O O O   
          
----------

Black 2,3
----------
  X       
O X X X X 
O O X X   
  O O O   
          
----------

White 3,4
----------
  X       
O X X X X 
O O X X   
  O O O O 
          
----------

Black 0,0
----------
X X       
O X X X X 
O O X X   
  O O O O 
          
----------

White 0,3
----------
X X   O   
O X X X X 
O O X X   
  O O O O 
          
----------

Black 0,2
----------
X X X O   
O X X X X 
O O X X   
  O O O O 
          
----------

White 4,1
----------
X X X O   
O X X X X 
O O X X   
  O O O O 
  O       
----------

Black 4,3
----------
X X X O   
O X X X X 
O O X X   
  O O O O 
  O   X   
----------

White 4,4
----------
X X X O   
O X X X X 
O O X X   
  O O O O 
  O   X O 
----------

Black 0,4
----------
X X X   X 
O X X X X 
O O X X   
  O O O O 
  O   X O 
----------

White 4,0
----------
X X X   X 
O X X X X 
O O X X   
  O O O O 
O O   X O 
----------

Black 0,3
----------
X X X X X 
O X X X X 
O O X X   
  O O O O 
O O   X O 
----------

White 2,4
----------
          
O         
O O     O 
  O O O O 
O O   X O 
----------

Game end.
The winner is O
ta time: 195.26
student time: 16.02
Black(You) lose.
=====Round 5=====
Black:TA White:You
Wed Oct 28 03:36:54 PDT 2020
Clean up...
Start Playing...
Black 2,2
----------
          
          
    X     
          
          
----------

White 1,1
----------
          
  O       
    X     
          
          
----------

Black 1,2
----------
          
  O X     
    X     
          
          
----------

White 2,1
----------
          
  O X     
  O X     
          
          
----------

Black 3,1
----------
          
  O X     
  O X     
  X       
          
----------

White 0,1
----------
  O       
  O X     
  O X     
  X       
          
----------

Black 3,0
----------
  O       
  O X     
  O X     
X X       
          
----------

White 0,2
----------
  O O     
  O X     
  O X     
X X       
          
----------

Black 1,3
----------
  O O     
  O X X   
  O X     
X X       
          
----------

White 0,3
----------
  O O O   
  O X X   
  O X     
X X       
          
----------

Black 1,4
----------
  O O O   
  O X X X 
  O X     
X X       
          
----------

White 0,0
----------
O O O O   
  O X X X 
  O X     
X X       
          
----------

Black 2,0
----------
O O O O   
  O X X X 
X O X     
X X       
          
----------

White 3,3
----------
O O O O   
  O X X X 
X O X     
X X   O   
          
----------

Black 0,4
----------
O O O O X 
  O X X X 
X O X     
X X   O   
          
----------

White 2,3
----------
O O O O X 
  O X X X 
X O X O   
X X   O   
          
----------

Black 1,0
----------
        X 
X   X X X 
X   X O   
X X   O   
          
----------

White 3,2
----------
        X 
X   X X X 
X   X O   
X X O O   
          
----------

Black 4,1
----------
        X 
X   X X X 
X   X O   
X X O O   
  X       
----------

White 3,4
----------
        X 
X   X X X 
X   X O   
X X O O O 
  X       
----------

Black 2,1
----------
        X 
X   X X X 
X X X O   
X X O O O 
  X       
----------

White 2,4
----------
        X 
X   X X X 
X X X O O 
X X O O O 
  X       
----------

Black 0,3
----------
      X X 
X   X X X 
X X X O O 
X X O O O 
  X       
----------

White 4,2
----------
      X X 
X   X X X 
X X X O O 
X X O O O 
  X O     
----------

Game end.
The winner is X
ta time: 231.94
student time: 17.21
White(You) lose.
=====Round 6=====
Black:You White:TA
Wed Oct 28 03:37:22 PDT 2020
Clean up...
Start Playing...
Black 2,2
----------
          
          
    X     
          
          
----------

White 1,2
----------
          
    O     
    X     
          
          
----------

Black 2,1
----------
          
    O     
  X X     
          
          
----------

White 1,3
----------
          
    O O   
  X X     
          
          
----------

Black 1,1
----------
          
  X O O   
  X X     
          
          
----------

White 2,3
----------
          
  X O O   
  X X O   
          
          
----------

Black 3,1
----------
          
  X O O   
  X X O   
  X       
          
----------

White 3,3
----------
          
  X O O   
  X X O   
  X   O   
          
----------

Black 0,1
----------
  X       
  X O O   
  X X O   
  X   O   
          
----------

White 0,2
----------
  X O     
  X O O   
  X X O   
  X   O   
          
----------

Black 3,2
----------
  X O     
  X O O   
  X X O   
  X X O   
          
----------

White 4,3
----------
  X O     
  X O O   
  X X O   
  X X O   
      O   
----------

Black 3,0
----------
  X O     
  X O O   
  X X O   
X X X O   
      O   
----------

White 2,4
----------
  X O     
  X O O   
  X X O O 
X X X O   
      O   
----------

Black 0,0
----------
X X O     
  X O O   
  X X O O 
X X X O   
      O   
----------

White 1,4
----------
X X O     
  X O O O 
  X X O O 
X X X O   
      O   
----------

Black 1,0
----------
X X O     
X X O O O 
  X X O O 
X X X O   
      O   
----------

White 0,3
----------
X X O O   
X X O O O 
  X X O O 
X X X O   
      O   
----------

Black 2,0
----------
X X O O   
X X O O O 
X X X O O 
X X X O   
      O   
----------

White 4,1
----------
X X O O   
X X O O O 
X X X O O 
X X X O   
  O   O   
----------

Black 4,0
----------
X X O O   
X X O O O 
X X X O O 
X X X O   
X O   O   
----------

White 4,2
----------
    O O   
    O O O 
      O O 
      O   
  O O O   
----------

Black 2,1
----------
    O O   
    O O O 
  X   O O 
      O   
  O O O   
----------

White 2,2
----------
    O O   
    O O O 
  X O O O 
      O   
  O O O   
----------

Game end.
The winner is O
ta time: 269.35
student time: 18.56
Black(You) lose.
=====Round 7=====
Black:TA White:You
Wed Oct 28 03:37:53 PDT 2020
Clean up...
Start Playing...
Black 2,2
----------
          
          
    X     
          
          
----------

White 1,1
----------
          
  O       
    X     
          
          
----------

Black 1,2
----------
          
  O X     
    X     
          
          
----------

White 2,1
----------
          
  O X     
  O X     
          
          
----------

Black 3,1
----------
          
  O X     
  O X     
  X       
          
----------

White 0,1
----------
  O       
  O X     
  O X     
  X       
          
----------

Black 3,0
----------
  O       
  O X     
  O X     
X X       
          
----------

White 0,2
----------
  O O     
  O X     
  O X     
X X       
          
----------

Black 1,3
----------
  O O     
  O X X   
  O X     
X X       
          
----------

White 0,3
----------
  O O O   
  O X X   
  O X     
X X       
          
----------

Black 1,4
----------
  O O O   
  O X X X 
  O X     
X X       
          
----------

White 0,0
----------
O O O O   
  O X X X 
  O X     
X X       
          
----------

Black 2,0
----------
O O O O   
  O X X X 
X O X     
X X       
          
----------

White 3,3
----------
O O O O   
  O X X X 
X O X     
X X   O   
          
----------

Black 0,4
----------
O O O O X 
  O X X X 
X O X     
X X   O   
          
----------

White 2,3
----------
O O O O X 
  O X X X 
X O X O   
X X   O   
          
----------

Black 1,0
----------
        X 
X   X X X 
X   X O   
X X   O   
          
----------

White 3,2
----------
        X 
X   X X X 
X   X O   
X X O O   
          
----------

Black 4,1
----------
        X 
X   X X X 
X   X O   
X X O O   
  X       
----------

White 3,4
----------
        X 
X   X X X 
X   X O   
X X O O O 
  X       
----------

Black 2,4
----------
        X 
X   X X X 
X   X O X 
X X O O O 
  X       
----------

White 4,2
----------
        X 
X   X X X 
X   X O X 
X X O O O 
  X O     
----------

Black 0,2
----------
    X   X 
X   X X X 
X   X O X 
X X O O O 
  X O     
----------

White 1,1
----------
    X   X 
X O X X X 
X   X O X 
X X O O O 
  X O     
----------

Game end.
The winner is X
ta time: 307.47
student time: 19.48
White(You) lose.
=====Round 8=====
Black:You White:TA
Wed Oct 28 03:38:20 PDT 2020
Clean up...
Start Playing...
Black 2,2
----------
          
          
    X     
          
          
----------

White 2,1
----------
          
          
  O X     
          
          
----------

Black 1,2
----------
          
    X     
  O X     
          
          
----------

White 3,1
----------
          
    X     
  O X     
  O       
          
----------

Black 1,1
----------
          
  X X     
  O X     
  O       
          
----------

White 3,2
----------
          
  X X     
  O X     
  O O     
          
----------

Black 1,3
----------
          
  X X X   
  O X     
  O O     
          
----------

White 3,3
----------
          
  X X X   
  O X     
  O O O   
          
----------

Black 1,0
----------
          
X X X X   
  O X     
  O O O   
          
----------

White 2,0
----------
          
X X X X   
O O X     
  O O O   
          
----------

Black 1,4
----------
          
X X X X X 
O O X     
  O O O   
          
----------

White 3,4
----------
          
X X X X X 
O O X     
  O O O O 
          
----------

Black 2,3
----------
          
X X X X X 
O O X X   
  O O O O 
          
----------

White 4,1
----------
          
X X X X X 
O O X X   
  O O O O 
  O       
----------

Black 0,0
----------
X         
X X X X X 
O O X X   
  O O O O 
  O       
----------

White 4,3
----------
X         
X X X X X 
O O X X   
  O O O O 
  O   O   
----------

Black 0,1
----------
X X       
X X X X X 
O O X X   
  O O O O 
  O   O   
----------

White 0,3
----------
X X   O   
X X X X X 
O O X X   
  O O O O 
  O   O   
----------

Black 0,2
----------
X X X O   
X X X X X 
O O X X   
  O O O O 
  O   O   
----------

White 4,0
----------
X X X O   
X X X X X 
O O X X   
  O O O O 
O O   O   
----------

Black 0,4
----------
X X X   X 
X X X X X 
O O X X   
  O O O O 
O O   O   
----------

White 2,4
----------
X X X   X 
X X X X X 
O O X X O 
  O O O O 
O O   O   
----------

Black PASS
----------
X X X   X 
X X X X X 
O O X X O 
  O O O O 
O O   O   
----------

White 4,4
----------
X X X   X 
X X X X X 
O O X X O 
  O O O O 
O O   O O 
----------

Game end.
The winner is O
ta time: 346.53
student time: 20.33
Black(You) lose.
=====Round 9=====
Black:TA White:You
Wed Oct 28 03:38:49 PDT 2020
Clean up...
Start Playing...
Black 2,2
----------
          
          
    X     
          
          
----------

White 1,1
----------
          
  O       
    X     
          
          
----------

Black 2,1
----------
          
  O       
  X X     
          
          
----------

White 1,2
----------
          
  O O     
  X X     
          
          
----------

Black 1,3
----------
          
  O O X   
  X X     
          
          
----------

White 1,0
----------
          
O O O X   
  X X     
          
          
----------

Black 0,3
----------
      X   
O O O X   
  X X     
          
          
----------

White 2,0
----------
      X   
O O O X   
O X X     
          
          
----------

Black 3,1
----------
      X   
O O O X   
O X X     
  X       
          
----------

White 3,0
----------
      X   
O O O X   
O X X     
O X       
          
----------

Black 4,1
----------
      X   
O O O X   
O X X     
O X       
  X       
----------

White 0,0
----------
O     X   
O O O X   
O X X     
O X       
  X       
----------

Black 0,2
----------
O   X X   
O O O X   
O X X     
O X       
  X       
----------

White 3,3
----------
O   X X   
O O O X   
O X X     
O X   O   
  X       
----------

Black 4,0
----------
O   X X   
O O O X   
O X X     
O X   O   
X X       
----------

White 2,3
----------
O   X X   
O O O X   
O X X O   
O X   O   
X X       
----------

Black 0,1
----------
  X X X   
      X   
  X X O   
  X   O   
X X       
----------

White 3,2
----------
  X X X   
      X   
  X X O   
  X O O   
X X       
----------

Black 1,2
----------
  X X X   
    X X   
  X X O   
  X O O   
X X       
----------

White 2,4
----------
  X X X   
    X X   
  X X O O 
  X O O   
X X       
----------

Black 1,0
----------
  X X X   
X   X X   
  X X O O 
  X O O   
X X       
----------

White 1,4
----------
  X X X   
X   X X O 
  X X O O 
  X O O   
X X       
----------

Black 3,0
----------
  X X X   
X   X X O 
  X X O O 
X X O O   
X X       
----------

White 3,4
----------
  X X X   
X   X X O 
  X X O O 
X X O O O 
X X       
----------

Game end.
The winner is X
ta time: 386.93
student time: 21.31
White(You) lose.
=====Round 10=====
Black:You White:TA
Wed Oct 28 03:39:21 PDT 2020
Clean up...
Start Playing...
Black 2,2
----------
          
          
    X     
          
          
----------

White 2,3
----------
          
          
    X O   
          
          
----------

Black 1,2
----------
          
    X     
    X O   
          
          
----------

White 3,3
----------
          
    X     
    X O   
      O   
          
----------

Black 1,1
----------
          
  X X     
    X O   
      O   
          
----------

White 3,2
----------
          
  X X     
    X O   
    O O   
          
----------

Black 1,3
----------
          
  X X X   
    X O   
    O O   
          
----------

White 3,1
----------
          
  X X X   
    X O   
  O O O   
          
----------

Black 1,0
----------
          
X X X X   
    X O   
  O O O   
          
----------

White 1,4
----------
          
X X X X O 
    X O   
  O O O   
          
----------

Black 0,3
----------
      X   
X X X X O 
    X O   
  O O O   
          
----------

White 2,1
----------
      X   
X X X X O 
  O X O   
  O O O   
          
----------

Black 0,4
----------
      X X 
X X X X O 
  O X O   
  O O O   
          
----------

White 2,4
----------
      X X 
X X X X O 
  O X O O 
  O O O   
          
----------

Black 2,0
----------
      X X 
X X X X O 
X O X O O 
  O O O   
          
----------

White 3,0
----------
      X X 
X X X X O 
X O X O O 
O O O O   
          
----------

Black 0,0
----------
X     X X 
X X X X O 
X O X O O 
O O O O   
          
----------

White 4,3
----------
X     X X 
X X X X O 
X O X O O 
O O O O   
      O   
----------

Black 4,1
----------
X     X X 
X X X X O 
X O X O O 
O O O O   
  X   O   
----------

White 0,2
----------
X   O X X 
X X X X O 
X O X O O 
O O O O   
  X   O   
----------

Black 0,1
----------
X X   X X 
X X X X O 
X O X O O 
O O O O   
  X   O   
----------

White 4,4
----------
X X   X X 
X X X X O 
X O X O O 
O O O O   
  X   O O 
----------

Black 4,0
----------
X X   X X 
X X X X O 
X O X O O 
O O O O   
X X   O O 
----------

White 0,2
----------
    O     
        O 
  O   O O 
O O O O   
X X   O O 
----------

Game end.
The winner is O
ta time: 424.27
student time: 22.33
Black(You) lose.
