Wed Oct 28 01:57:06 PDT 2020

==Playing with qlearning_player==
=====Round 1=====
Black:TA White:You
Wed Oct 28 01:57:06 PDT 2020
Clean up...
Start Playing...
Black 1,2
----------
          
    X     
          
          
          
----------

White 2,1
----------
          
    X     
  O       
          
          
----------

Black 2,2
----------
          
    X     
  O X     
          
          
----------

White 3,1
----------
          
    X     
  O X     
  O       
          
----------

Black 0,0
----------
X         
    X     
  O X     
  O       
          
----------

White 0,1
----------
X O       
    X     
  O X     
  O       
          
----------

Black 2,3
----------
X O       
    X     
  O X X   
  O       
          
----------

White 1,0
----------
  O       
O   X     
  O X X   
  O       
          
----------

Black 0,2
----------
  O X     
O   X     
  O X X   
  O       
          
----------

White 3,2
----------
  O X     
O   X     
  O X X   
  O O     
          
----------

Black 0,3
----------
  O X X   
O   X     
  O X X   
  O O     
          
----------

White 3,3
----------
  O X X   
O   X     
  O X X   
  O O O   
          
----------

Black 0,4
----------
  O X X X 
O   X     
  O X X   
  O O O   
          
----------

White 3,4
----------
  O X X X 
O   X     
  O X X   
  O O O O 
          
----------

Black 1,3
----------
  O X X X 
O   X X   
  O X X   
  O O O O 
          
----------

White 1,1
----------
  O X X X 
O O X X   
  O X X   
  O O O O 
          
----------

Black 4,2
----------
  O X X X 
O O X X   
  O X X   
  O O O O 
    X     
----------

White 2,4
----------
  O X X X 
O O X X   
  O X X O 
  O O O O 
    X     
----------

Black 2,0
----------
  O X X X 
O O X X   
X O X X O 
  O O O O 
    X     
----------

White 1,4
----------
  O       
O O     O 
X O     O 
  O O O O 
    X     
----------

Black 2,2
----------
  O       
O O     O 
X O X   O 
  O O O O 
    X     
----------

White 3,0
----------
  O       
O O     O 
  O X   O 
O O O O O 
    X     
----------

Black 1,2
----------
  O       
O O X   O 
  O X   O 
O O O O O 
    X     
----------

White 4,1
----------
  O       
O O X   O 
  O X   O 
O O O O O 
  O X     
----------

Game end.
The winner is O
ta time: 4.03
student time: 1.14
White(You) win!
=====Round 2=====
Black:You White:TA
Wed Oct 28 01:57:16 PDT 2020
Clean up...
Start Playing...
Black 2,2
----------
          
          
    X     
          
          
----------

White 2,1
----------
          
          
  O X     
          
          
----------

Black 1,2
----------
          
    X     
  O X     
          
          
----------

White 3,2
----------
          
    X     
  O X     
    O     
          
----------

Black 1,1
----------
          
  X X     
  O X     
    O     
          
----------

White 2,3
----------
          
  X X     
  O X O   
    O     
          
----------

Black 3,1
----------
          
  X X     
  O X O   
  X O     
          
----------

White 2,0
----------
          
  X X     
O O X O   
  X O     
          
----------

Black 1,0
----------
          
X X X     
O O X O   
  X O     
          
----------

White 0,2
----------
    O     
X X X     
O O X O   
  X O     
          
----------

Black 3,0
----------
    O     
X X X     
    X O   
X X O     
          
----------

White 2,1
----------
    O     
X X X     
  O X O   
X X O     
          
----------

Black 2,0
----------
    O     
X X X     
X   X O   
X X O     
          
----------

White 3,3
----------
    O     
X X X     
X   X O   
X X O O   
          
----------

Black 0,1
----------
  X O     
X X X     
X   X O   
X X O O   
          
----------

White 2,4
----------
  X O     
X X X     
X   X O O 
X X O O   
          
----------

Black 0,3
----------
  X   X   
X X X     
X   X O O 
X X O O   
          
----------

White 4,2
----------
  X   X   
X X X     
X   X O O 
X X O O   
    O     
----------

Black 1,3
----------
  X   X   
X X X X   
X   X O O 
X X O O   
    O     
----------

White 4,1
----------
  X   X   
X X X X   
X   X O O 
X X O O   
  O O     
----------

Black 2,1
----------
  X   X   
X X X X   
X X X O O 
X X O O   
  O O     
----------

White 1,4
----------
  X   X   
X X X X O 
X X X O O 
X X O O   
  O O     
----------

Black 0,0
----------
X X   X   
X X X X O 
X X X O O 
X X O O   
  O O     
----------

White 3,4
----------
X X   X   
X X X X O 
X X X O O 
X X O O O 
  O O     
----------

Game end.
The winner is X
ta time: 7.64
student time: 2.04
Black(You) win!
=====Round 3=====
Black:TA White:You
Wed Oct 28 01:57:25 PDT 2020
Clean up...
Start Playing...
Black 1,2
----------
          
    X     
          
          
          
----------

White 2,1
----------
          
    X     
  O       
          
          
----------

Black 2,2
----------
          
    X     
  O X     
          
          
----------

White 3,1
----------
          
    X     
  O X     
  O       
          
----------

Black 0,0
----------
X         
    X     
  O X     
  O       
          
----------

White 0,1
----------
X O       
    X     
  O X     
  O       
          
----------

Black 3,2
----------
X O       
    X     
  O X     
  O X     
          
----------

White 1,0
----------
  O       
O   X     
  O X     
  O X     
          
----------

Black 0,2
----------
  O X     
O   X     
  O X     
  O X     
          
----------

White 4,1
----------
  O X     
O   X     
  O X     
  O X     
  O       
----------

Black 2,3
----------
  O X     
O   X     
  O X X   
  O X     
  O       
----------

White 4,2
----------
  O X     
O   X     
  O X X   
  O X     
  O O     
----------

Black 3,3
----------
  O X     
O   X     
  O X X   
  O X X   
  O O     
----------

White 4,3
----------
  O X     
O   X     
  O X X   
  O X X   
  O O O   
----------

Black 2,4
----------
  O X     
O   X     
  O X X X 
  O X X   
  O O O   
----------

White 4,4
----------
  O X     
O   X     
  O X X X 
  O X X   
  O O O O 
----------

Black 1,1
----------
  O X     
O X X     
  O X X X 
  O X X   
  O O O O 
----------

White 2,0
----------
  O X     
O X X     
O O X X X 
  O X X   
  O O O O 
----------

Black 0,0
----------
X   X     
O X X     
O O X X X 
  O X X   
  O O O O 
----------

White 3,0
----------
X   X     
O X X     
O O X X X 
O O X X   
  O O O O 
----------

Black 1,3
----------
X   X     
O X X X   
O O X X X 
O O X X   
  O O O O 
----------

White 0,4
----------
X   X   O 
O X X X   
O O X X X 
O O X X   
  O O O O 
----------

Black 3,4
----------
X   X   O 
O X X X   
O O X X X 
O O X X X 
  O O O O 
----------

White 0,1
----------
  O X   O 
O X X X   
O O X X X 
O O X X X 
  O O O O 
----------

Game end.
The winner is O
ta time: 11.71
student time: 2.96
White(You) win!
=====Round 4=====
Black:You White:TA
Wed Oct 28 01:57:36 PDT 2020
Clean up...
Start Playing...
Black 2,2
----------
          
          
    X     
          
          
----------

White 2,1
----------
          
          
  O X     
          
          
----------

Black 1,2
----------
          
    X     
  O X     
          
          
----------

White 3,2
----------
          
    X     
  O X     
    O     
          
----------

Black 1,1
----------
          
  X X     
  O X     
    O     
          
----------

White 2,3
----------
          
  X X     
  O X O   
    O     
          
----------

Black 3,1
----------
          
  X X     
  O X O   
  X O     
          
----------

White 3,3
----------
          
  X X     
  O X O   
  X O O   
          
----------

Black 2,0
----------
          
  X X     
X   X O   
  X O O   
          
----------

White 2,4
----------
          
  X X     
X   X O O 
  X O O   
          
----------

Black 1,3
----------
          
  X X X   
X   X O O 
  X O O   
          
----------

White 4,2
----------
          
  X X X   
X   X O O 
  X O O   
    O     
----------

Black 0,1
----------
  X       
  X X X   
X   X O O 
  X O O   
    O     
----------

White 0,2
----------
  X O     
  X X X   
X   X O O 
  X O O   
    O     
----------

Black 0,3
----------
  X   X   
  X X X   
X   X O O 
  X O O   
    O     
----------

White 3,0
----------
  X   X   
  X X X   
X   X O O 
O X O O   
    O     
----------

Black 2,1
----------
  X   X   
  X X X   
X X X O O 
O X O O   
    O     
----------

White 4,3
----------
  X   X   
  X X X   
X X X O O 
O X O O   
    O O   
----------

Black 4,1
----------
  X   X   
  X X X   
X X X O O 
O X O O   
  X O O   
----------

White 1,4
----------
  X   X   
  X X X O 
X X X O O 
O X O O   
  X O O   
----------

Black 4,0
----------
  X   X   
  X X X O 
X X X O O 
  X O O   
X X O O   
----------

White 3,4
----------
  X   X   
  X X X O 
X X X O O 
  X O O O 
X X O O   
----------

Black 0,4
----------
  X   X X 
  X X X O 
X X X O O 
  X O O O 
X X O O   
----------

White 1,0
----------
  X   X X 
O X X X O 
X X X O O 
  X O O O 
X X O O   
----------

Game end.
The winner is X
ta time: 15.47
student time: 3.89
Black(You) win!
=====Round 5=====
Black:TA White:You
Wed Oct 28 01:57:45 PDT 2020
Clean up...
Start Playing...
Black 1,2
----------
          
    X     
          
          
          
----------

White 2,1
----------
          
    X     
  O       
          
          
----------

Black 2,2
----------
          
    X     
  O X     
          
          
----------

White 3,1
----------
          
    X     
  O X     
  O       
          
----------

Black 0,0
----------
X         
    X     
  O X     
  O       
          
----------

White 0,1
----------
X O       
    X     
  O X     
  O       
          
----------

Black 2,3
----------
X O       
    X     
  O X X   
  O       
          
----------

White 1,0
----------
  O       
O   X     
  O X X   
  O       
          
----------

Black 0,2
----------
  O X     
O   X     
  O X X   
  O       
          
----------

White 3,2
----------
  O X     
O   X     
  O X X   
  O O     
          
----------

Black 0,3
----------
  O X X   
O   X     
  O X X   
  O O     
          
----------

White 3,3
----------
  O X X   
O   X     
  O X X   
  O O O   
          
----------

Black 0,4
----------
  O X X X 
O   X     
  O X X   
  O O O   
          
----------

White 3,4
----------
  O X X X 
O   X     
  O X X   
  O O O O 
          
----------

Black 2,4
----------
  O X X X 
O   X     
  O X X X 
  O O O O 
          
----------

White 1,1
----------
  O X X X 
O O X     
  O X X X 
  O O O O 
          
----------

Black 4,2
----------
  O X X X 
O O X     
  O X X X 
  O O O O 
    X     
----------

White 1,3
----------
  O X X X 
O O X O   
  O X X X 
  O O O O 
    X     
----------

Black 1,4
----------
  O X X X 
O O X   X 
  O X X X 
  O O O O 
    X     
----------

White 1,3
----------
  O       
O O   O   
  O       
  O O O O 
    X     
----------

Black 2,2
----------
  O       
O O   O   
  O X     
  O O O O 
    X     
----------

White 4,1
----------
  O       
O O   O   
  O X     
  O O O O 
  O X     
----------

Black 2,3
----------
  O       
O O   O   
  O X X   
  O O O O 
  O X     
----------

White 4,3
----------
  O       
O O   O   
  O X X   
  O O O O 
  O   O   
----------

Game end.
The winner is O
ta time: 19.33
student time: 4.83
White(You) win!
=====Round 6=====
Black:You White:TA
Wed Oct 28 01:57:55 PDT 2020
Clean up...
Start Playing...
Black 2,2
----------
          
          
    X     
          
          
----------

White 2,1
----------
          
          
  O X     
          
          
----------

Black 1,2
----------
          
    X     
  O X     
          
          
----------

White 3,2
----------
          
    X     
  O X     
    O     
          
----------

Black 1,1
----------
          
  X X     
  O X     
    O     
          
----------

White 2,3
----------
          
  X X     
  O X O   
    O     
          
----------

Black 3,1
----------
          
  X X     
  O X O   
  X O     
          
----------

White 2,0
----------
          
  X X     
O O X O   
  X O     
          
----------

Black 1,0
----------
          
X X X     
O O X O   
  X O     
          
----------

White 4,2
----------
          
X X X     
O O X O   
  X O     
    O     
----------

Black 3,0
----------
          
X X X     
    X O   
X X O     
    O     
----------

White 2,1
----------
          
X X X     
  O X O   
X X O     
    O     
----------

Black 2,0
----------
          
X X X     
X   X O   
X X O     
    O     
----------

White 0,2
----------
    O     
X X X     
X   X O   
X X O     
    O     
----------

Black 0,1
----------
  X O     
X X X     
X   X O   
X X O     
    O     
----------

White 3,3
----------
  X O     
X X X     
X   X O   
X X O O   
    O     
----------

Black 0,3
----------
  X   X   
X X X     
X   X O   
X X O O   
    O     
----------

White 2,4
----------
  X   X   
X X X     
X   X O O 
X X O O   
    O     
----------

Black 1,3
----------
  X   X   
X X X X   
X   X O O 
X X O O   
    O     
----------

White 3,4
----------
  X   X   
X X X X   
X   X O O 
X X O O O 
    O     
----------

Black 2,1
----------
  X   X   
X X X X   
X X X O O 
X X O O O 
    O     
----------

White 1,4
----------
  X   X   
X X X X O 
X X X O O 
X X O O O 
    O     
----------

Black 0,0
----------
X X   X   
X X X X O 
X X X O O 
X X O O O 
    O     
----------

White 4,1
----------
X X   X   
X X X X O 
X X X O O 
X X O O O 
  O O     
----------

Game end.
The winner is X
ta time: 22.88
student time: 5.78
Black(You) win!
=====Round 7=====
Black:TA White:You
Wed Oct 28 01:58:05 PDT 2020
Clean up...
Start Playing...
Black 1,2
----------
          
    X     
          
          
          
----------

White 2,1
----------
          
    X     
  O       
          
          
----------

Black 2,2
----------
          
    X     
  O X     
          
          
----------

White 3,1
----------
          
    X     
  O X     
  O       
          
----------

Black 0,0
----------
X         
    X     
  O X     
  O       
          
----------

White 0,1
----------
X O       
    X     
  O X     
  O       
          
----------

Black 2,3
----------
X O       
    X     
  O X X   
  O       
          
----------

White 1,0
----------
  O       
O   X     
  O X X   
  O       
          
----------

Black 0,2
----------
  O X     
O   X     
  O X X   
  O       
          
----------

White 3,2
----------
  O X     
O   X     
  O X X   
  O O     
          
----------

Black 0,3
----------
  O X X   
O   X     
  O X X   
  O O     
          
----------

White 3,3
----------
  O X X   
O   X     
  O X X   
  O O O   
          
----------

Black 0,4
----------
  O X X X 
O   X     
  O X X   
  O O O   
          
----------

White 3,4
----------
  O X X X 
O   X     
  O X X   
  O O O O 
          
----------

Black 1,3
----------
  O X X X 
O   X X   
  O X X   
  O O O O 
          
----------

White 1,1
----------
  O X X X 
O O X X   
  O X X   
  O O O O 
          
----------

Black 2,0
----------
  O X X X 
O O X X   
X O X X   
  O O O O 
          
----------

White 2,4
----------
  O X X X 
O O X X   
X O X X O 
  O O O O 
          
----------

Black 4,2
----------
  O X X X 
O O X X   
X O X X O 
  O O O O 
    X     
----------

White 1,4
----------
  O       
O O     O 
X O     O 
  O O O O 
    X     
----------

Black 2,2
----------
  O       
O O     O 
X O X   O 
  O O O O 
    X     
----------

White 3,0
----------
  O       
O O     O 
  O X   O 
O O O O O 
    X     
----------

Black 2,3
----------
  O       
O O     O 
  O X X O 
O O O O O 
    X     
----------

White 1,3
----------
  O       
O O   O O 
  O X X O 
O O O O O 
    X     
----------

Game end.
The winner is O
ta time: 26.68
student time: 6.84
White(You) win!
=====Round 8=====
Black:You White:TA
Wed Oct 28 01:58:15 PDT 2020
Clean up...
Start Playing...
Black 2,2
----------
          
          
    X     
          
          
----------

White 2,1
----------
          
          
  O X     
          
          
----------

Black 1,2
----------
          
    X     
  O X     
          
          
----------

White 3,2
----------
          
    X     
  O X     
    O     
          
----------

Black 1,1
----------
          
  X X     
  O X     
    O     
          
----------

White 2,3
----------
          
  X X     
  O X O   
    O     
          
----------

Black 3,1
----------
          
  X X     
  O X O   
  X O     
          
----------

White 4,2
----------
          
  X X     
  O X O   
  X O     
    O     
----------

Black 2,0
----------
          
  X X     
X   X O   
  X O     
    O     
----------

White 1,3
----------
          
  X X O   
X   X O   
  X O     
    O     
----------

Black 0,1
----------
  X       
  X X O   
X   X O   
  X O     
    O     
----------

White 3,3
----------
  X       
  X X O   
X   X O   
  X O O   
    O     
----------

Black 0,2
----------
  X X     
  X X O   
X   X O   
  X O O   
    O     
----------

White 2,4
----------
  X X     
  X X O   
X   X O O 
  X O O   
    O     
----------

Black 0,3
----------
  X X X   
  X X O   
X   X O O 
  X O O   
    O     
----------

White 3,4
----------
  X X X   
  X X O   
X   X O O 
  X O O O 
    O     
----------

Black 0,4
----------
  X X X X 
  X X O   
X   X O O 
  X O O O 
    O     
----------

White 1,0
----------
  X X X X 
O X X O   
X   X O O 
  X O O O 
    O     
----------

Black 0,0
----------
X X X X X 
  X X O   
X   X O O 
  X O O O 
    O     
----------

White 4,3
----------
X X X X X 
  X X O   
X   X O O 
  X O O O 
    O O   
----------

Black 2,1
----------
X X X X X 
  X X O   
X X X O O 
  X O O O 
    O O   
----------

White 3,0
----------
X X X X X 
  X X O   
X X X O O 
O X O O O 
    O O   
----------

Black 4,1
----------
X X X X X 
  X X O   
X X X O O 
O X O O O 
  X O O   
----------

White 1,4
----------
X X X X X 
  X X O O 
X X X O O 
O X O O O 
  X O O   
----------

Game end.
The winner is O
ta time: 30.5
student time: 7.76
Black(You) lose.
=====Round 9=====
Black:TA White:You
Wed Oct 28 01:58:25 PDT 2020
Clean up...
Start Playing...
Black 1,2
----------
          
    X     
          
          
          
----------

White 2,1
----------
          
    X     
  O       
          
          
----------

Black 2,2
----------
          
    X     
  O X     
          
          
----------

White 3,1
----------
          
    X     
  O X     
  O       
          
----------

Black 0,0
----------
X         
    X     
  O X     
  O       
          
----------

White 0,1
----------
X O       
    X     
  O X     
  O       
          
----------

Black 2,3
----------
X O       
    X     
  O X X   
  O       
          
----------

White 1,0
----------
  O       
O   X     
  O X X   
  O       
          
----------

Black 0,2
----------
  O X     
O   X     
  O X X   
  O       
          
----------

White 3,2
----------
  O X     
O   X     
  O X X   
  O O     
          
----------

Black 0,3
----------
  O X X   
O   X     
  O X X   
  O O     
          
----------

White 3,3
----------
  O X X   
O   X     
  O X X   
  O O O   
          
----------

Black 0,4
----------
  O X X X 
O   X     
  O X X   
  O O O   
          
----------

White 3,4
----------
  O X X X 
O   X     
  O X X   
  O O O O 
          
----------

Black 1,3
----------
  O X X X 
O   X X   
  O X X   
  O O O O 
          
----------

White 1,1
----------
  O X X X 
O O X X   
  O X X   
  O O O O 
          
----------

Black 4,2
----------
  O X X X 
O O X X   
  O X X   
  O O O O 
    X     
----------

White 2,4
----------
  O X X X 
O O X X   
  O X X O 
  O O O O 
    X     
----------

Black 2,0
----------
  O X X X 
O O X X   
X O X X O 
  O O O O 
    X     
----------

White 1,4
----------
  O       
O O     O 
X O     O 
  O O O O 
    X     
----------

Black 2,2
----------
  O       
O O     O 
X O X   O 
  O O O O 
    X     
----------

White 3,0
----------
  O       
O O     O 
  O X   O 
O O O O O 
    X     
----------

Black 2,3
----------
  O       
O O     O 
  O X X O 
O O O O O 
    X     
----------

White 1,3
----------
  O       
O O   O O 
  O X X O 
O O O O O 
    X     
----------

Game end.
The winner is O
ta time: 34.56
student time: 8.85
White(You) win!
=====Round 10=====
Black:You White:TA
Wed Oct 28 01:58:36 PDT 2020
Clean up...
Start Playing...
Black 2,2
----------
          
          
    X     
          
          
----------

White 2,1
----------
          
          
  O X     
          
          
----------

Black 1,2
----------
          
    X     
  O X     
          
          
----------

White 3,2
----------
          
    X     
  O X     
    O     
          
----------

Black 1,1
----------
          
  X X     
  O X     
    O     
          
----------

White 2,3
----------
          
  X X     
  O X O   
    O     
          
----------

Black 3,1
----------
          
  X X     
  O X O   
  X O     
          
----------

White 1,3
----------
          
  X X O   
  O X O   
  X O     
          
----------

Black 2,0
----------
          
  X X O   
X   X O   
  X O     
          
----------

White 2,4
----------
          
  X X O   
X   X O O 
  X O     
          
----------

Black 3,3
----------
          
  X X O   
X   X O O 
  X O X   
          
----------

White 0,2
----------
    O     
  X X O   
X   X O O 
  X O X   
          
----------

Black 4,2
----------
    O     
  X X O   
X   X O O 
  X   X   
    X     
----------

White 0,3
----------
    O O   
  X X O   
X   X O O 
  X   X   
    X     
----------

Black 0,1
----------
  X O O   
  X X O   
X   X O O 
  X   X   
    X     
----------

White 1,4
----------
  X O O   
  X X O O 
X   X O O 
  X   X   
    X     
----------

Black 3,4
----------
  X O O   
  X X O O 
X   X O O 
  X   X X 
    X     
----------

White 4,1
----------
  X O O   
  X X O O 
X   X O O 
  X   X X 
  O X     
----------

Black 0,4
----------
  X     X 
  X X     
X   X     
  X   X X 
  O X     
----------

White 2,3
----------
  X     X 
  X X     
X   X O   
  X   X X 
  O X     
----------

Black 3,0
----------
  X     X 
  X X     
X   X O   
X X   X X 
  O X     
----------

White 1,3
----------
  X     X 
  X X O   
X   X O   
X X   X X 
  O X     
----------

Black 4,0
----------
  X     X 
  X X O   
X   X O   
X X   X X 
X   X     
----------

White 2,4
----------
  X     X 
  X X O   
X   X O O 
X X   X X 
X   X     
----------

Game end.
The winner is X
ta time: 38.36
student time: 9.69
Black(You) win!

==Playing with championship_player==
=====Round 1=====
Black:TA White:You
Wed Oct 28 01:58:46 PDT 2020
Clean up...
Start Playing...
Black 2,2
----------
          
          
    X     
          
          
----------

White 1,1
----------
          
  O       
    X     
          
          
----------

Black 1,2
----------
          
  O X     
    X     
          
          
----------

White 2,1
----------
          
  O X     
  O X     
          
          
----------

Black 3,1
----------
          
  O X     
  O X     
  X       
          
----------

White 0,1
----------
  O       
  O X     
  O X     
  X       
          
----------

Black 3,0
----------
  O       
  O X     
  O X     
X X       
          
----------

White 0,2
----------
  O O     
  O X     
  O X     
X X       
          
----------

Black 1,3
----------
  O O     
  O X X   
  O X     
X X       
          
----------

White 0,3
----------
  O O O   
  O X X   
  O X     
X X       
          
----------

Black 1,4
----------
  O O O   
  O X X X 
  O X     
X X       
          
----------

White 0,0
----------
O O O O   
  O X X X 
  O X     
X X       
          
----------

Black 2,0
----------
O O O O   
  O X X X 
X O X     
X X       
          
----------

White 3,3
----------
O O O O   
  O X X X 
X O X     
X X   O   
          
----------

Black 0,4
----------
O O O O X 
  O X X X 
X O X     
X X   O   
          
----------

White 2,3
----------
O O O O X 
  O X X X 
X O X O   
X X   O   
          
----------

Black 1,0
----------
        X 
X   X X X 
X   X O   
X X   O   
          
----------

White 3,2
----------
        X 
X   X X X 
X   X O   
X X O O   
          
----------

Black 2,1
----------
        X 
X   X X X 
X X X O   
X X O O   
          
----------

White 3,4
----------
        X 
X   X X X 
X X X O   
X X O O O 
          
----------

Black 4,2
----------
        X 
X   X X X 
X X X O   
X X O O O 
    X     
----------

White 4,3
----------
        X 
X   X X X 
X X X O   
X X O O O 
    X O   
----------

Black 4,1
----------
        X 
X   X X X 
X X X O   
X X O O O 
  X X O   
----------

White 0,1
----------
  O     X 
X   X X X 
X X X O   
X X O O O 
  X X O   
----------

Game end.
The winner is X
ta time: 72.73
student time: 10.75
White(You) lose.
=====Round 2=====
Black:You White:TA
Wed Oct 28 01:59:14 PDT 2020
Clean up...
Start Playing...
Black 2,2
----------
          
          
    X     
          
          
----------

White 2,1
----------
          
          
  O X     
          
          
----------

Black 1,2
----------
          
    X     
  O X     
          
          
----------

White 3,1
----------
          
    X     
  O X     
  O       
          
----------

Black 1,1
----------
          
  X X     
  O X     
  O       
          
----------

White 3,2
----------
          
  X X     
  O X     
  O O     
          
----------

Black 1,3
----------
          
  X X X   
  O X     
  O O     
          
----------

White 3,3
----------
          
  X X X   
  O X     
  O O O   
          
----------

Black 1,0
----------
          
X X X X   
  O X     
  O O O   
          
----------

White 2,0
----------
          
X X X X   
O O X     
  O O O   
          
----------

Black 1,4
----------
          
X X X X X 
O O X     
  O O O   
          
----------

White 3,4
----------
          
X X X X X 
O O X     
  O O O O 
          
----------

Black 2,3
----------
          
X X X X X 
O O X X   
  O O O O 
          
----------

White 4,2
----------
          
X X X X X 
O O X X   
  O O O O 
    O     
----------

Black 0,0
----------
X         
X X X X X 
O O X X   
  O O O O 
    O     
----------

White 3,0
----------
X         
X X X X X 
O O X X   
O O O O O 
    O     
----------

Black 0,1
----------
X X       
X X X X X 
O O X X   
O O O O O 
    O     
----------

White 0,3
----------
X X   O   
X X X X X 
O O X X   
O O O O O 
    O     
----------

Black 0,2
----------
X X X O   
X X X X X 
O O X X   
O O O O O 
    O     
----------

White 4,4
----------
X X X O   
X X X X X 
O O X X   
O O O O O 
    O   O 
----------

Black 0,4
----------
X X X   X 
X X X X X 
O O X X   
O O O O O 
    O   O 
----------

White 4,0
----------
X X X   X 
X X X X X 
O O X X   
O O O O O 
O   O   O 
----------

Black 0,3
----------
X X X X X 
X X X X X 
O O X X   
O O O O O 
O   O   O 
----------

White 4,1
----------
X X X X X 
X X X X X 
O O X X   
O O O O O 
O O O   O 
----------

Game end.
The winner is O
ta time: 112.12
student time: 11.75
Black(You) lose.
=====Round 3=====
Black:TA White:You
Wed Oct 28 01:59:44 PDT 2020
Clean up...
Start Playing...
Black 2,2
----------
          
          
    X     
          
          
----------

White 1,1
----------
          
  O       
    X     
          
          
----------

Black 1,2
----------
          
  O X     
    X     
          
          
----------

White 2,1
----------
          
  O X     
  O X     
          
          
----------

Black 3,1
----------
          
  O X     
  O X     
  X       
          
----------

White 0,1
----------
  O       
  O X     
  O X     
  X       
          
----------

Black 3,0
----------
  O       
  O X     
  O X     
X X       
          
----------

White 0,2
----------
  O O     
  O X     
  O X     
X X       
          
----------

Black 1,3
----------
  O O     
  O X X   
  O X     
X X       
          
----------

White 0,3
----------
  O O O   
  O X X   
  O X     
X X       
          
----------

Black 1,4
----------
  O O O   
  O X X X 
  O X     
X X       
          
----------

White 0,0
----------
O O O O   
  O X X X 
  O X     
X X       
          
----------

Black 2,0
----------
O O O O   
  O X X X 
X O X     
X X       
          
----------

White 3,3
----------
O O O O   
  O X X X 
X O X     
X X   O   
          
----------

Black 0,4
----------
O O O O X 
  O X X X 
X O X     
X X   O   
          
----------

White 2,3
----------
O O O O X 
  O X X X 
X O X O   
X X   O   
          
----------

Black 1,0
----------
        X 
X   X X X 
X   X O   
X X   O   
          
----------

White 3,2
----------
        X 
X   X X X 
X   X O   
X X O O   
          
----------

Black 4,2
----------
        X 
X   X X X 
X   X O   
X X O O   
    X     
----------

White 4,3
----------
        X 
X   X X X 
X   X O   
X X O O   
    X O   
----------

Black 4,1
----------
        X 
X   X X X 
X   X O   
X X O O   
  X X O   
----------

White 2,4
----------
        X 
X   X X X 
X   X O O 
X X O O   
  X X O   
----------

Black 2,1
----------
        X 
X   X X X 
X X X O O 
X X O O   
  X X O   
----------

White 0,1
----------
  O     X 
X   X X X 
X X X O O 
X X O O   
  X X O   
----------

Game end.
The winner is X
ta time: 145.73
student time: 12.75
White(You) lose.
=====Round 4=====
Black:You White:TA
Wed Oct 28 02:00:12 PDT 2020
Clean up...
Start Playing...
Black 2,2
----------
          
          
    X     
          
          
----------

White 1,3
----------
          
      O   
    X     
          
          
----------

Black 2,1
----------
          
      O   
  X X     
          
          
----------

White 1,2
----------
          
    O O   
  X X     
          
          
----------

Black 1,1
----------
          
  X O O   
  X X     
          
          
----------

White 2,3
----------
          
  X O O   
  X X O   
          
          
----------

Black 3,1
----------
          
  X O O   
  X X O   
  X       
          
----------

White 3,3
----------
          
  X O O   
  X X O   
  X   O   
          
----------

Black 0,1
----------
  X       
  X O O   
  X X O   
  X   O   
          
----------

White 0,2
----------
  X O     
  X O O   
  X X O   
  X   O   
          
----------

Black 3,2
----------
  X O     
  X O O   
  X X O   
  X X O   
          
----------

White 4,3
----------
  X O     
  X O O   
  X X O   
  X X O   
      O   
----------

Black 3,0
----------
  X O     
  X O O   
  X X O   
X X X O   
      O   
----------

White 1,4
----------
  X O     
  X O O O 
  X X O   
X X X O   
      O   
----------

Black 0,0
----------
X X O     
  X O O O 
  X X O   
X X X O   
      O   
----------

White 3,4
----------
X X O     
  X O O O 
  X X O   
X X X O O 
      O   
----------

Black 1,0
----------
X X O     
X X O O O 
  X X O   
X X X O O 
      O   
----------

White 4,2
----------
X X O     
X X O O O 
  X X O   
X X X O O 
    O O   
----------

Black 2,0
----------
X X O     
X X O O O 
X X X O   
X X X O O 
    O O   
----------

White 0,4
----------
X X O   O 
X X O O O 
X X X O   
X X X O O 
    O O   
----------

Black 4,0
----------
X X O   O 
X X O O O 
X X X O   
X X X O O 
X   O O   
----------

White 4,1
----------
    O   O 
    O O O 
      O   
      O O 
  O O O   
----------

Black 2,1
----------
    O   O 
    O O O 
  X   O   
      O O 
  O O O   
----------

White 2,2
----------
    O   O 
    O O O 
  X O O   
      O O 
  O O O   
----------

Game end.
The winner is O
ta time: 181.71
student time: 13.8
Black(You) lose.
=====Round 5=====
Black:TA White:You
Wed Oct 28 02:00:41 PDT 2020
Clean up...
Start Playing...
Black 2,2
----------
          
          
    X     
          
          
----------

White 1,1
----------
          
  O       
    X     
          
          
----------

Black 2,1
----------
          
  O       
  X X     
          
          
----------

White 1,2
----------
          
  O O     
  X X     
          
          
----------

Black 1,3
----------
          
  O O X   
  X X     
          
          
----------

White 1,0
----------
          
O O O X   
  X X     
          
          
----------

Black 0,3
----------
      X   
O O O X   
  X X     
          
          
----------

White 2,0
----------
      X   
O O O X   
O X X     
          
          
----------

Black 3,1
----------
      X   
O O O X   
O X X     
  X       
          
----------

White 3,0
----------
      X   
O O O X   
O X X     
O X       
          
----------

Black 4,1
----------
      X   
O O O X   
O X X     
O X       
  X       
----------

White 0,0
----------
O     X   
O O O X   
O X X     
O X       
  X       
----------

Black 0,2
----------
O   X X   
O O O X   
O X X     
O X       
  X       
----------

White 3,3
----------
O   X X   
O O O X   
O X X     
O X   O   
  X       
----------

Black 4,0
----------
O   X X   
O O O X   
O X X     
O X   O   
X X       
----------

White 2,3
----------
O   X X   
O O O X   
O X X O   
O X   O   
X X       
----------

Black 0,1
----------
  X X X   
      X   
  X X O   
  X   O   
X X       
----------

White 3,2
----------
  X X X   
      X   
  X X O   
  X O O   
X X       
----------

Black 1,4
----------
  X X X   
      X X 
  X X O   
  X O O   
X X       
----------

White 3,4
----------
  X X X   
      X X 
  X X O   
  X O O O 
X X       
----------

Black 2,4
----------
  X X X   
      X X 
  X X O X 
  X O O O 
X X       
----------

White 4,2
----------
  X X X   
      X X 
  X X O X 
  X O O O 
X X O     
----------

Black 0,0
----------
X X X X   
      X X 
  X X O X 
  X O O O 
X X O     
----------

White 1,1
----------
X X X X   
  O   X X 
  X X O X 
  X O O O 
X X O     
----------

Game end.
The winner is X
ta time: 219.04
student time: 14.74
White(You) lose.
=====Round 6=====
Black:You White:TA
Wed Oct 28 02:01:10 PDT 2020
Clean up...
Start Playing...
Black 2,2
----------
          
          
    X     
          
          
----------

White 1,3
----------
          
      O   
    X     
          
          
----------

Black 2,1
----------
          
      O   
  X X     
          
          
----------

White 1,2
----------
          
    O O   
  X X     
          
          
----------

Black 1,1
----------
          
  X O O   
  X X     
          
          
----------

White 2,3
----------
          
  X O O   
  X X O   
          
          
----------

Black 3,1
----------
          
  X O O   
  X X O   
  X       
          
----------

White 3,3
----------
          
  X O O   
  X X O   
  X   O   
          
----------

Black 0,1
----------
  X       
  X O O   
  X X O   
  X   O   
          
----------

White 0,2
----------
  X O     
  X O O   
  X X O   
  X   O   
          
----------

Black 3,2
----------
  X O     
  X O O   
  X X O   
  X X O   
          
----------

White 4,3
----------
  X O     
  X O O   
  X X O   
  X X O   
      O   
----------

Black 3,0
----------
  X O     
  X O O   
  X X O   
X X X O   
      O   
----------

White 2,4
----------
  X O     
  X O O   
  X X O O 
X X X O   
      O   
----------

Black 0,0
----------
X X O     
  X O O   
  X X O O 
X X X O   
      O   
----------

White 1,4
----------
X X O     
  X O O O 
  X X O O 
X X X O   
      O   
----------

Black 1,0
----------
X X O     
X X O O O 
  X X O O 
X X X O   
      O   
----------

White 3,4
----------
X X O     
X X O O O 
  X X O O 
X X X O O 
      O   
----------

Black 2,0
----------
X X O     
X X O O O 
X X X O O 
X X X O O 
      O   
----------

White 4,1
----------
X X O     
X X O O O 
X X X O O 
X X X O O 
  O   O   
----------

Black 4,0
----------
X X O     
X X O O O 
X X X O O 
X X X O O 
X O   O   
----------

White 4,2
----------
    O     
    O O O 
      O O 
      O O 
  O O O   
----------

Black 2,1
----------
    O     
    O O O 
  X   O O 
      O O 
  O O O   
----------

White 3,1
----------
    O     
    O O O 
  X   O O 
  O   O O 
  O O O   
----------

Game end.
The winner is O
ta time: 255.03
student time: 15.81
Black(You) lose.
=====Round 7=====
Black:TA White:You
Wed Oct 28 02:01:40 PDT 2020
Clean up...
Start Playing...
Black 2,2
----------
          
          
    X     
          
          
----------

White 1,1
----------
          
  O       
    X     
          
          
----------

Black 1,2
----------
          
  O X     
    X     
          
          
----------

White 2,1
----------
          
  O X     
  O X     
          
          
----------

Black 3,1
----------
          
  O X     
  O X     
  X       
          
----------

White 0,1
----------
  O       
  O X     
  O X     
  X       
          
----------

Black 3,0
----------
  O       
  O X     
  O X     
X X       
          
----------

White 0,2
----------
  O O     
  O X     
  O X     
X X       
          
----------

Black 1,3
----------
  O O     
  O X X   
  O X     
X X       
          
----------

White 0,3
----------
  O O O   
  O X X   
  O X     
X X       
          
----------

Black 1,4
----------
  O O O   
  O X X X 
  O X     
X X       
          
----------

White 0,0
----------
O O O O   
  O X X X 
  O X     
X X       
          
----------

Black 2,0
----------
O O O O   
  O X X X 
X O X     
X X       
          
----------

White 3,3
----------
O O O O   
  O X X X 
X O X     
X X   O   
          
----------

Black 0,4
----------
O O O O X 
  O X X X 
X O X     
X X   O   
          
----------

White 2,3
----------
O O O O X 
  O X X X 
X O X O   
X X   O   
          
----------

Black 1,0
----------
        X 
X   X X X 
X   X O   
X X   O   
          
----------

White 3,2
----------
        X 
X   X X X 
X   X O   
X X O O   
          
----------

Black 4,1
----------
        X 
X   X X X 
X   X O   
X X O O   
  X       
----------

White 3,4
----------
        X 
X   X X X 
X   X O   
X X O O O 
  X       
----------

Black 4,2
----------
        X 
X   X X X 
X   X O   
X X O O O 
  X X     
----------

White 2,4
----------
        X 
X   X X X 
X   X O O 
X X O O O 
  X X     
----------

Black 0,3
----------
      X X 
X   X X X 
X   X O O 
X X O O O 
  X X     
----------

White 0,1
----------
  O   X X 
X   X X X 
X   X O O 
X X O O O 
  X X     
----------

Game end.
The winner is X
ta time: 293.57
student time: 16.74
White(You) lose.
=====Round 8=====
Black:You White:TA
Wed Oct 28 02:02:08 PDT 2020
Clean up...
Start Playing...
Black 2,2
----------
          
          
    X     
          
          
----------

White 1,2
----------
          
    O     
    X     
          
          
----------

Black 2,1
----------
          
    O     
  X X     
          
          
----------

White 1,3
----------
          
    O O   
  X X     
          
          
----------

Black 1,1
----------
          
  X O O   
  X X     
          
          
----------

White 2,3
----------
          
  X O O   
  X X O   
          
          
----------

Black 3,1
----------
          
  X O O   
  X X O   
  X       
          
----------

White 3,3
----------
          
  X O O   
  X X O   
  X   O   
          
----------

Black 0,1
----------
  X       
  X O O   
  X X O   
  X   O   
          
----------

White 0,2
----------
  X O     
  X O O   
  X X O   
  X   O   
          
----------

Black 3,2
----------
  X O     
  X O O   
  X X O   
  X X O   
          
----------

White 4,3
----------
  X O     
  X O O   
  X X O   
  X X O   
      O   
----------

Black 3,0
----------
  X O     
  X O O   
  X X O   
X X X O   
      O   
----------

White 1,4
----------
  X O     
  X O O O 
  X X O   
X X X O   
      O   
----------

Black 0,0
----------
X X O     
  X O O O 
  X X O   
X X X O   
      O   
----------

White 3,4
----------
X X O     
  X O O O 
  X X O   
X X X O O 
      O   
----------

Black 1,0
----------
X X O     
X X O O O 
  X X O   
X X X O O 
      O   
----------

White 4,1
----------
X X O     
X X O O O 
  X X O   
X X X O O 
  O   O   
----------

Black 4,0
----------
X X O     
X X O O O 
  X X O   
X X X O O 
X O   O   
----------

White 4,2
----------
X X O     
X X O O O 
  X X O   
X X X O O 
X O O O   
----------

Black 0,3
----------
X X O X   
X X O O O 
  X X O   
X X X O O 
X O O O   
----------

White 2,0
----------
    O X   
    O O O 
O     O   
      O O 
  O O O   
----------

Black 1,1
----------
    O X   
  X O O O 
O     O   
      O O 
  O O O   
----------

White 2,1
----------
    O X   
  X O O O 
O O   O   
      O O 
  O O O   
----------

Game end.
The winner is O
ta time: 329.48
student time: 17.72
Black(You) lose.
=====Round 9=====
Black:TA White:You
Wed Oct 28 02:02:37 PDT 2020
Clean up...
Start Playing...
Black 2,2
----------
          
          
    X     
          
          
----------

White 1,1
----------
          
  O       
    X     
          
          
----------

Black 2,1
----------
          
  O       
  X X     
          
          
----------

White 1,2
----------
          
  O O     
  X X     
          
          
----------

Black 1,3
----------
          
  O O X   
  X X     
          
          
----------

White 1,0
----------
          
O O O X   
  X X     
          
          
----------

Black 0,3
----------
      X   
O O O X   
  X X     
          
          
----------

White 2,0
----------
      X   
O O O X   
O X X     
          
          
----------

Black 3,1
----------
      X   
O O O X   
O X X     
  X       
          
----------

White 3,0
----------
      X   
O O O X   
O X X     
O X       
          
----------

Black 4,1
----------
      X   
O O O X   
O X X     
O X       
  X       
----------

White 0,0
----------
O     X   
O O O X   
O X X     
O X       
  X       
----------

Black 0,2
----------
O   X X   
O O O X   
O X X     
O X       
  X       
----------

White 3,3
----------
O   X X   
O O O X   
O X X     
O X   O   
  X       
----------

Black 4,0
----------
O   X X   
O O O X   
O X X     
O X   O   
X X       
----------

White 2,3
----------
O   X X   
O O O X   
O X X O   
O X   O   
X X       
----------

Black 0,1
----------
  X X X   
      X   
  X X O   
  X   O   
X X       
----------

White 3,2
----------
  X X X   
      X   
  X X O   
  X O O   
X X       
----------

Black 4,2
----------
  X X X   
      X   
  X X O   
  X O O   
X X X     
----------

White 2,4
----------
  X X X   
      X   
  X X O O 
  X O O   
X X X     
----------

Black 1,4
----------
  X X X   
      X X 
  X X O O 
  X O O   
X X X     
----------

White 3,4
----------
  X X X   
      X X 
  X X O O 
  X O O O 
X X X     
----------

Black 3,0
----------
  X X X   
      X X 
  X X O O 
X X O O O 
X X X     
----------

White 1,0
----------
  X X X   
O     X X 
  X X O O 
X X O O O 
X X X     
----------

Game end.
The winner is X
ta time: 370.78
student time: 18.65
White(You) lose.
=====Round 10=====
Black:You White:TA
Wed Oct 28 02:03:06 PDT 2020
Clean up...
Start Playing...
Black 2,2
----------
          
          
    X     
          
          
----------

White 3,2
----------
          
          
    X     
    O     
          
----------

Black 1,2
----------
          
    X     
    X     
    O     
          
----------

White 2,1
----------
          
    X     
  O X     
    O     
          
----------

Black 1,1
----------
          
  X X     
  O X     
    O     
          
----------

White 3,1
----------
          
  X X     
  O X     
  O O     
          
----------

Black 1,3
----------
          
  X X X   
  O X     
  O O     
          
----------

White 3,3
----------
          
  X X X   
  O X     
  O O O   
          
----------

Black 1,0
----------
          
X X X X   
  O X     
  O O O   
          
----------

White 2,0
----------
          
X X X X   
O O X     
  O O O   
          
----------

Black 1,4
----------
          
X X X X X 
O O X     
  O O O   
          
----------

White 3,4
----------
          
X X X X X 
O O X     
  O O O O 
          
----------

Black 2,3
----------
          
X X X X X 
O O X X   
  O O O O 
          
----------

White 4,1
----------
          
X X X X X 
O O X X   
  O O O O 
  O       
----------

Black 0,0
----------
X         
X X X X X 
O O X X   
  O O O O 
  O       
----------

White 4,3
----------
X         
X X X X X 
O O X X   
  O O O O 
  O   O   
----------

Black 0,1
----------
X X       
X X X X X 
O O X X   
  O O O O 
  O   O   
----------

White 4,0
----------
X X       
X X X X X 
O O X X   
  O O O O 
O O   O   
----------

Black 0,2
----------
X X X     
X X X X X 
O O X X   
  O O O O 
O O   O   
----------

White 2,4
----------
X X X     
X X X X X 
O O X X O 
  O O O O 
O O   O   
----------

Black 0,3
----------
X X X X   
X X X X X 
O O X X O 
  O O O O 
O O   O   
----------

White 0,4
----------
        O 
          
O O     O 
  O O O O 
O O   O   
----------

Black 0,3
----------
      X O 
          
O O     O 
  O O O O 
O O   O   
----------

White 1,4
----------
      X O 
        O 
O O     O 
  O O O O 
O O   O   
----------

Game end.
The winner is O
ta time: 407.88
student time: 19.61
Black(You) lose.
