Thu Oct 29 17:36:43 PDT 2020

==Playing with qlearning_player==
=====Round 1=====
Black:TA White:You
Thu Oct 29 17:36:44 PDT 2020
Clean up...
Start Playing...
Black 1,2
----------
          
    X     
          
          
          
----------

White 2,1
----------
          
    X     
  O       
          
          
----------

Black 2,2
----------
          
    X     
  O X     
          
          
----------

White 3,1
----------
          
    X     
  O X     
  O       
          
----------

Black 0,0
----------
X         
    X     
  O X     
  O       
          
----------

White 1,1
----------
X         
  O X     
  O X     
  O       
          
----------

Black 0,1
----------
X X       
  O X     
  O X     
  O       
          
----------

White 1,0
----------
X X       
O O X     
  O X     
  O       
          
----------

Black 2,3
----------
X X       
O O X     
  O X X   
  O       
          
----------

White 0,2
----------
    O     
O O X     
  O X X   
  O       
          
----------

Black 3,2
----------
    O     
O O X     
  O X X   
  O X     
          
----------

White 0,3
----------
    O O   
O O X     
  O X X   
  O X     
          
----------

Black 1,3
----------
    O O   
O O X X   
  O X X   
  O X     
          
----------

White 4,1
----------
    O O   
O O X X   
  O X X   
  O X     
  O       
----------

Black 2,4
----------
    O O   
O O X X   
  O X X X 
  O X     
  O       
----------

White 0,4
----------
    O O O 
O O X X   
  O X X X 
  O X     
  O       
----------

Black 4,2
----------
    O O O 
O O X X   
  O X X X 
  O X     
  O X     
----------

White 0,0
----------
O   O O O 
O O X X   
  O X X X 
  O X     
  O X     
----------

Black 2,0
----------
O   O O O 
O O X X   
X O X X X 
  O X     
  O X     
----------

White 3,0
----------
O   O O O 
O O X X   
  O X X X 
O O X     
  O X     
----------

Black 3,3
----------
O   O O O 
O O X X   
  O X X X 
O O X X   
  O X     
----------

White 0,1
----------
O O O O O 
O O X X   
  O X X X 
O O X X   
  O X     
----------

Black 3,4
----------
O O O O O 
O O X X   
  O X X X 
O O X X X 
  O X     
----------

White 1,4
----------
O O O O O 
O O X X O 
  O X X X 
O O X X X 
  O X     
----------

Game end.
The winner is O
ta time: 3.62
student time: 3.28
White(You) win!
=====Round 2=====
Black:You White:TA
Thu Oct 29 17:36:56 PDT 2020
Clean up...
Start Playing...
Black 2,2
----------
          
          
    X     
          
          
----------

White 2,1
----------
          
          
  O X     
          
          
----------

Black 1,2
----------
          
    X     
  O X     
          
          
----------

White 3,2
----------
          
    X     
  O X     
    O     
          
----------

Black 1,1
----------
          
  X X     
  O X     
    O     
          
----------

White 2,3
----------
          
  X X     
  O X O   
    O     
          
----------

Black 3,1
----------
          
  X X     
  O X O   
  X O     
          
----------

White 1,3
----------
          
  X X O   
  O X O   
  X O     
          
----------

Black 2,0
----------
          
  X X O   
X   X O   
  X O     
          
----------

White 3,3
----------
          
  X X O   
X   X O   
  X O O   
          
----------

Black 4,1
----------
          
  X X O   
X   X O   
  X O O   
  X       
----------

White 0,2
----------
    O     
  X X O   
X   X O   
  X O O   
  X       
----------

Black 0,1
----------
  X O     
  X X O   
X   X O   
  X O O   
  X       
----------

White 2,4
----------
  X O     
  X X O   
X   X O O 
  X O O   
  X       
----------

Black 4,2
----------
  X O     
  X X O   
X   X O O 
  X O O   
  X X     
----------

White 3,0
----------
  X O     
  X X O   
X   X O O 
O X O O   
  X X     
----------

Black 4,0
----------
  X O     
  X X O   
X   X O O 
  X O O   
X X X     
----------

White 1,0
----------
  X O     
O X X O   
X   X O O 
  X O O   
X X X     
----------

Black 2,1
----------
  X O     
O X X O   
X X X O O 
  X O O   
X X X     
----------

White 4,3
----------
  X O     
O X X O   
X X X O O 
  X O O   
X X X O   
----------

Black 0,0
----------
X X O     
  X X O   
X X X O O 
  X O O   
X X X O   
----------

White 0,3
----------
X X O O   
  X X O   
X X X O O 
  X O O   
X X X O   
----------

Black PASS
----------
X X O O   
  X X O   
X X X O O 
  X O O   
X X X O   
----------

White 1,4
----------
X X O O   
  X X O O 
X X X O O 
  X O O   
X X X O   
----------

Game end.
The winner is O
ta time: 6.79
student time: 6.57
Black(You) lose.
=====Round 3=====
Black:TA White:You
Thu Oct 29 17:37:07 PDT 2020
Clean up...
Start Playing...
Black 1,2
----------
          
    X     
          
          
          
----------

White 2,1
----------
          
    X     
  O       
          
          
----------

Black 2,2
----------
          
    X     
  O X     
          
          
----------

White 3,1
----------
          
    X     
  O X     
  O       
          
----------

Black 0,0
----------
X         
    X     
  O X     
  O       
          
----------

White 1,1
----------
X         
  O X     
  O X     
  O       
          
----------

Black 0,1
----------
X X       
  O X     
  O X     
  O       
          
----------

White 1,0
----------
X X       
O O X     
  O X     
  O       
          
----------

Black 2,3
----------
X X       
O O X     
  O X X   
  O       
          
----------

White 0,2
----------
    O     
O O X     
  O X X   
  O       
          
----------

Black 3,2
----------
    O     
O O X     
  O X X   
  O X     
          
----------

White 0,3
----------
    O O   
O O X     
  O X X   
  O X     
          
----------

Black 2,0
----------
    O O   
O O X     
X O X X   
  O X     
          
----------

White 3,0
----------
    O O   
O O X     
  O X X   
O O X     
          
----------

Black 3,3
----------
    O O   
O O X     
  O X X   
O O X X   
          
----------

White 1,3
----------
    O O   
O O X O   
  O X X   
O O X X   
          
----------

Black 4,2
----------
    O O   
O O X O   
  O X X   
O O X X   
    X     
----------

White 1,4
----------
    O O   
O O X O O 
  O X X   
O O X X   
    X     
----------

Black 2,4
----------
    O O   
O O X O O 
  O X X X 
O O X X   
    X     
----------

White 0,0
----------
O   O O   
O O X O O 
  O X X X 
O O X X   
    X     
----------

Black 4,3
----------
O   O O   
O O X O O 
  O X X X 
O O X X   
    X X   
----------

White 0,1
----------
O O O O   
O O X O O 
  O X X X 
O O X X   
    X X   
----------

Black 3,4
----------
O O O O   
O O X O O 
  O X X X 
O O X X X 
    X X   
----------

White 4,1
----------
O O O O   
O O X O O 
  O X X X 
O O X X X 
  O X X   
----------

Game end.
The winner is O
ta time: 10.23
student time: 9.82
White(You) win!
=====Round 4=====
Black:You White:TA
Thu Oct 29 17:37:19 PDT 2020
Clean up...
Start Playing...
Black 2,2
----------
          
          
    X     
          
          
----------

White 2,1
----------
          
          
  O X     
          
          
----------

Black 1,2
----------
          
    X     
  O X     
          
          
----------

White 3,2
----------
          
    X     
  O X     
    O     
          
----------

Black 1,1
----------
          
  X X     
  O X     
    O     
          
----------

White 2,3
----------
          
  X X     
  O X O   
    O     
          
----------

Black 3,1
----------
          
  X X     
  O X O   
  X O     
          
----------

White 2,4
----------
          
  X X     
  O X O O 
  X O     
          
----------

Black 2,0
----------
          
  X X     
X   X O O 
  X O     
          
----------

White 0,2
----------
    O     
  X X     
X   X O O 
  X O     
          
----------

Black 0,1
----------
  X O     
  X X     
X   X O O 
  X O     
          
----------

White 4,2
----------
  X O     
  X X     
X   X O O 
  X O     
    O     
----------

Black 0,3
----------
  X   X   
  X X     
X   X O O 
  X O     
    O     
----------

White 3,3
----------
  X   X   
  X X     
X   X O O 
  X O O   
    O     
----------

Black 1,3
----------
  X   X   
  X X X   
X   X O O 
  X O O   
    O     
----------

White 3,4
----------
  X   X   
  X X X   
X   X O O 
  X O O O 
    O     
----------

Black 2,1
----------
  X   X   
  X X X   
X X X O O 
  X O O O 
    O     
----------

White 4,3
----------
  X   X   
  X X X   
X X X O O 
  X O O O 
    O O   
----------

Black 3,0
----------
  X   X   
  X X X   
X X X O O 
X X O O O 
    O O   
----------

White 1,0
----------
  X   X   
O X X X   
X X X O O 
X X O O O 
    O O   
----------

Black 0,0
----------
X X   X   
  X X X   
X X X O O 
X X O O O 
    O O   
----------

White 4,1
----------
X X   X   
  X X X   
X X X O O 
X X O O O 
  O O O   
----------

Black 0,2
----------
X X X X   
  X X X   
X X X O O 
X X O O O 
  O O O   
----------

White 1,4
----------
X X X X   
  X X X O 
X X X O O 
X X O O O 
  O O O   
----------

Game end.
The winner is X
ta time: 13.54
student time: 12.96
Black(You) win!
=====Round 5=====
Black:TA White:You
Thu Oct 29 17:37:30 PDT 2020
Clean up...
Start Playing...
Black 1,2
----------
          
    X     
          
          
          
----------

White 2,1
----------
          
    X     
  O       
          
          
----------

Black 2,2
----------
          
    X     
  O X     
          
          
----------

White 3,1
----------
          
    X     
  O X     
  O       
          
----------

Black 0,0
----------
X         
    X     
  O X     
  O       
          
----------

White 1,1
----------
X         
  O X     
  O X     
  O       
          
----------

Black 0,1
----------
X X       
  O X     
  O X     
  O       
          
----------

White 1,0
----------
X X       
O O X     
  O X     
  O       
          
----------

Black 3,2
----------
X X       
O O X     
  O X     
  O X     
          
----------

White 0,2
----------
    O     
O O X     
  O X     
  O X     
          
----------

Black 2,3
----------
    O     
O O X     
  O X X   
  O X     
          
----------

White 0,3
----------
    O O   
O O X     
  O X X   
  O X     
          
----------

Black 2,4
----------
    O O   
O O X     
  O X X X 
  O X     
          
----------

White 4,1
----------
    O O   
O O X     
  O X X X 
  O X     
  O       
----------

Black 2,0
----------
    O O   
O O X     
X O X X X 
  O X     
  O       
----------

White 3,0
----------
    O O   
O O X     
  O X X X 
O O X     
  O       
----------

Black 4,2
----------
    O O   
O O X     
  O X X X 
O O X     
  O X     
----------

White 1,3
----------
    O O   
O O X O   
  O X X X 
O O X     
  O X     
----------

Black 3,3
----------
    O O   
O O X O   
  O X X X 
O O X X   
  O X     
----------

White 0,0
----------
O   O O   
O O X O   
  O X X X 
O O X X   
  O X     
----------

Black 4,3
----------
O   O O   
O O X O   
  O X X X 
O O X X   
  O X X   
----------

White 0,1
----------
O O O O   
O O X O   
  O X X X 
O O X X   
  O X X   
----------

Black 1,4
----------
O O O O   
O O X O X 
  O X X X 
O O X X   
  O X X   
----------

White 0,4
----------
O O O O O 
O O X O X 
  O X X X 
O O X X   
  O X X   
----------

Game end.
The winner is O
ta time: 17.06
student time: 16.2
White(You) win!
=====Round 6=====
Black:You White:TA
Thu Oct 29 17:37:41 PDT 2020
Clean up...
Start Playing...
Black 2,2
----------
          
          
    X     
          
          
----------

White 2,1
----------
          
          
  O X     
          
          
----------

Black 1,2
----------
          
    X     
  O X     
          
          
----------

White 3,2
----------
          
    X     
  O X     
    O     
          
----------

Black 1,1
----------
          
  X X     
  O X     
    O     
          
----------

White 2,3
----------
          
  X X     
  O X O   
    O     
          
----------

Black 3,1
----------
          
  X X     
  O X O   
  X O     
          
----------

White 1,3
----------
          
  X X O   
  O X O   
  X O     
          
----------

Black 2,0
----------
          
  X X O   
X   X O   
  X O     
          
----------

White 0,2
----------
    O     
  X X O   
X   X O   
  X O     
          
----------

Black 0,1
----------
  X O     
  X X O   
X   X O   
  X O     
          
----------

White 2,4
----------
  X O     
  X X O   
X   X O O 
  X O     
          
----------

Black 4,1
----------
  X O     
  X X O   
X   X O O 
  X O     
  X       
----------

White 3,3
----------
  X O     
  X X O   
X   X O O 
  X O O   
  X       
----------

Black 4,2
----------
  X O     
  X X O   
X   X O O 
  X O O   
  X X     
----------

White 1,4
----------
  X O     
  X X O O 
X   X O O 
  X O O   
  X X     
----------

Black 4,3
----------
  X O     
  X X O O 
X   X O O 
  X O O   
  X X X   
----------

White 0,3
----------
  X O O   
  X X O O 
X   X O O 
  X O O   
  X X X   
----------

Black 3,4
----------
  X O O   
  X X O O 
X   X O O 
  X O O X 
  X X X   
----------

White 4,4
----------
  X O O   
  X X O O 
X   X O O 
  X O O   
  X X X O 
----------

Black 2,1
----------
  X O O   
  X X O O 
X X X O O 
  X O O   
  X X X O 
----------

White 3,4
----------
  X O O   
  X X O O 
X X X O O 
  X O O O 
  X X X O 
----------

Black 0,4
----------
  X     X 
  X X     
X X X     
  X       
  X X X   
----------

White 3,2
----------
  X     X 
  X X     
X X X     
  X O     
  X X X   
----------

Game end.
The winner is X
ta time: 20.37
student time: 19.38
Black(You) win!
=====Round 7=====
Black:TA White:You
Thu Oct 29 17:37:53 PDT 2020
Clean up...
Start Playing...
Black 1,2
----------
          
    X     
          
          
          
----------

White 2,1
----------
          
    X     
  O       
          
          
----------

Black 2,2
----------
          
    X     
  O X     
          
          
----------

White 3,1
----------
          
    X     
  O X     
  O       
          
----------

Black 0,0
----------
X         
    X     
  O X     
  O       
          
----------

White 1,1
----------
X         
  O X     
  O X     
  O       
          
----------

Black 0,1
----------
X X       
  O X     
  O X     
  O       
          
----------

White 1,0
----------
X X       
O O X     
  O X     
  O       
          
----------

Black 2,3
----------
X X       
O O X     
  O X X   
  O       
          
----------

White 0,2
----------
    O     
O O X     
  O X X   
  O       
          
----------

Black 3,2
----------
    O     
O O X     
  O X X   
  O X     
          
----------

White 0,3
----------
    O O   
O O X     
  O X X   
  O X     
          
----------

Black 4,2
----------
    O O   
O O X     
  O X X   
  O X     
    X     
----------

White 1,3
----------
    O O   
O O X O   
  O X X   
  O X     
    X     
----------

Black 2,4
----------
    O O   
O O X O   
  O X X X 
  O X     
    X     
----------

White 3,0
----------
    O O   
O O X O   
  O X X X 
O O X     
    X     
----------

Black 3,3
----------
    O O   
O O X O   
  O X X X 
O O X X   
    X     
----------

White 0,0
----------
O   O O   
O O X O   
  O X X X 
O O X X   
    X     
----------

Black 4,1
----------
O   O O   
O O X O   
  O X X X 
O O X X   
  X X     
----------

White 0,1
----------
O O O O   
O O X O   
  O X X X 
O O X X   
  X X     
----------

Black 4,3
----------
O O O O   
O O X O   
  O X X X 
O O X X   
  X X X   
----------

White 0,4
----------
O O O O O 
O O X O   
  O X X X 
O O X X   
  X X X   
----------

Black 3,4
----------
O O O O O 
O O X O   
  O X X X 
O O X X X 
  X X X   
----------

White 1,4
----------
O O O O O 
O O X O O 
  O X X X 
O O X X X 
  X X X   
----------

Game end.
The winner is O
ta time: 23.89
student time: 22.75
White(You) win!
=====Round 8=====
Black:You White:TA
Thu Oct 29 17:38:05 PDT 2020
Clean up...
Start Playing...
Black 2,2
----------
          
          
    X     
          
          
----------

White 2,1
----------
          
          
  O X     
          
          
----------

Black 1,2
----------
          
    X     
  O X     
          
          
----------

White 3,2
----------
          
    X     
  O X     
    O     
          
----------

Black 1,1
----------
          
  X X     
  O X     
    O     
          
----------

White 2,3
----------
          
  X X     
  O X O   
    O     
          
----------

Black 3,1
----------
          
  X X     
  O X O   
  X O     
          
----------

White 2,0
----------
          
  X X     
O O X O   
  X O     
          
----------

Black 1,0
----------
          
X X X     
O O X O   
  X O     
          
----------

White 4,2
----------
          
X X X     
O O X O   
  X O     
    O     
----------

Black 3,0
----------
          
X X X     
    X O   
X X O     
    O     
----------

White 2,1
----------
          
X X X     
  O X O   
X X O     
    O     
----------

Black 2,0
----------
          
X X X     
X   X O   
X X O     
    O     
----------

White 0,2
----------
    O     
X X X     
X   X O   
X X O     
    O     
----------

Black 0,1
----------
  X O     
X X X     
X   X O   
X X O     
    O     
----------

White 2,4
----------
  X O     
X X X     
X   X O O 
X X O     
    O     
----------

Black 0,3
----------
  X   X   
X X X     
X   X O O 
X X O     
    O     
----------

White 3,3
----------
  X   X   
X X X     
X   X O O 
X X O O   
    O     
----------

Black 1,3
----------
  X   X   
X X X X   
X   X O O 
X X O O   
    O     
----------

White 4,3
----------
  X   X   
X X X X   
X   X O O 
X X O O   
    O O   
----------

Black 2,1
----------
  X   X   
X X X X   
X X X O O 
X X O O   
    O O   
----------

White 3,4
----------
  X   X   
X X X X   
X X X O O 
X X O O O 
    O O   
----------

Black 0,0
----------
X X   X   
X X X X   
X X X O O 
X X O O O 
    O O   
----------

White 4,1
----------
X X   X   
X X X X   
X X X O O 
X X O O O 
  O O O   
----------

Game end.
The winner is X
ta time: 27.06
student time: 25.77
Black(You) win!
=====Round 9=====
Black:TA White:You
Thu Oct 29 17:38:16 PDT 2020
Clean up...
Start Playing...
Black 1,2
----------
          
    X     
          
          
          
----------

White 2,1
----------
          
    X     
  O       
          
          
----------

Black 2,2
----------
          
    X     
  O X     
          
          
----------

White 3,1
----------
          
    X     
  O X     
  O       
          
----------

Black 0,0
----------
X         
    X     
  O X     
  O       
          
----------

White 1,1
----------
X         
  O X     
  O X     
  O       
          
----------

Black 0,1
----------
X X       
  O X     
  O X     
  O       
          
----------

White 1,0
----------
X X       
O O X     
  O X     
  O       
          
----------

Black 2,3
----------
X X       
O O X     
  O X X   
  O       
          
----------

White 0,2
----------
    O     
O O X     
  O X X   
  O       
          
----------

Black 3,2
----------
    O     
O O X     
  O X X   
  O X     
          
----------

White 0,3
----------
    O O   
O O X     
  O X X   
  O X     
          
----------

Black 3,3
----------
    O O   
O O X     
  O X X   
  O X X   
          
----------

White 4,1
----------
    O O   
O O X     
  O X X   
  O X X   
  O       
----------

Black 2,0
----------
    O O   
O O X     
X O X X   
  O X X   
  O       
----------

White 3,0
----------
    O O   
O O X     
  O X X   
O O X X   
  O       
----------

Black 2,4
----------
    O O   
O O X     
  O X X X 
O O X X   
  O       
----------

White 1,3
----------
    O O   
O O X O   
  O X X X 
O O X X   
  O       
----------

Black 4,2
----------
    O O   
O O X O   
  O X X X 
O O X X   
  O X     
----------

White 0,0
----------
O   O O   
O O X O   
  O X X X 
O O X X   
  O X     
----------

Black 1,4
----------
O   O O   
O O X O X 
  O X X X 
O O X X   
  O X     
----------

White 0,1
----------
O O O O   
O O X O X 
  O X X X 
O O X X   
  O X     
----------

Black 4,3
----------
O O O O   
O O X O X 
  O X X X 
O O X X   
  O X X   
----------

White 0,4
----------
O O O O O 
O O X O X 
  O X X X 
O O X X   
  O X X   
----------

Game end.
The winner is O
ta time: 30.72
student time: 28.99
White(You) win!
=====Round 10=====
Black:You White:TA
Thu Oct 29 17:38:28 PDT 2020
Clean up...
Start Playing...
Black 2,2
----------
          
          
    X     
          
          
----------

White 2,1
----------
          
          
  O X     
          
          
----------

Black 1,2
----------
          
    X     
  O X     
          
          
----------

White 3,2
----------
          
    X     
  O X     
    O     
          
----------

Black 1,1
----------
          
  X X     
  O X     
    O     
          
----------

White 2,3
----------
          
  X X     
  O X O   
    O     
          
----------

Black 3,1
----------
          
  X X     
  O X O   
  X O     
          
----------

White 4,2
----------
          
  X X     
  O X O   
  X O     
    O     
----------

Black 2,0
----------
          
  X X     
X   X O   
  X O     
    O     
----------

White 1,3
----------
          
  X X O   
X   X O   
  X O     
    O     
----------

Black 0,1
----------
  X       
  X X O   
X   X O   
  X O     
    O     
----------

White 0,2
----------
  X O     
  X X O   
X   X O   
  X O     
    O     
----------

Black 2,1
----------
  X O     
  X X O   
X X X O   
  X O     
    O     
----------

White 3,3
----------
  X O     
  X X O   
X X X O   
  X O O   
    O     
----------

Black 3,0
----------
  X O     
  X X O   
X X X O   
X X O O   
    O     
----------

White 2,4
----------
  X O     
  X X O   
X X X O O 
X X O O   
    O     
----------

Black 0,0
----------
X X O     
  X X O   
X X X O O 
X X O O   
    O     
----------

White 4,1
----------
X X O     
  X X O   
X X X O O 
X X O O   
  O O     
----------

Black 0,4
----------
X X O   X 
  X X O   
X X X O O 
X X O O   
  O O     
----------

White 3,4
----------
X X O   X 
  X X O   
X X X O O 
X X O O O 
  O O     
----------

Black 0,3
----------
X X   X X 
  X X O   
X X X O O 
X X O O O 
  O O     
----------

White 1,4
----------
X X   X X 
  X X O O 
X X X O O 
X X O O O 
  O O     
----------

Black 0,2
----------
X X X X X 
  X X O O 
X X X O O 
X X O O O 
  O O     
----------

White 4,3
----------
X X X X X 
  X X O O 
X X X O O 
X X O O O 
  O O O   
----------

Game end.
The winner is O
ta time: 33.96
student time: 32.16
Black(You) lose.

==Playing with championship_player==
=====Round 1=====
Black:TA White:You
Thu Oct 29 17:38:39 PDT 2020
Clean up...
Start Playing...
Black 2,2
----------
          
          
    X     
          
          
----------

White 1,1
----------
          
  O       
    X     
          
          
----------

Black 2,1
----------
          
  O       
  X X     
          
          
----------

White 1,2
----------
          
  O O     
  X X     
          
          
----------

Black 1,3
----------
          
  O O X   
  X X     
          
          
----------

White 1,0
----------
          
O O O X   
  X X     
          
          
----------

Black 0,3
----------
      X   
O O O X   
  X X     
          
          
----------

White 2,0
----------
      X   
O O O X   
O X X     
          
          
----------

Black 3,1
----------
      X   
O O O X   
O X X     
  X       
          
----------

White 3,0
----------
      X   
O O O X   
O X X     
O X       
          
----------

Black 4,1
----------
      X   
O O O X   
O X X     
O X       
  X       
----------

White 0,0
----------
O     X   
O O O X   
O X X     
O X       
  X       
----------

Black 0,2
----------
O   X X   
O O O X   
O X X     
O X       
  X       
----------

White 3,3
----------
O   X X   
O O O X   
O X X     
O X   O   
  X       
----------

Black 4,0
----------
O   X X   
O O O X   
O X X     
O X   O   
X X       
----------

White 2,3
----------
O   X X   
O O O X   
O X X O   
O X   O   
X X       
----------

Black 0,1
----------
  X X X   
      X   
  X X O   
  X   O   
X X       
----------

White 3,2
----------
  X X X   
      X   
  X X O   
  X O O   
X X       
----------

Black 1,4
----------
  X X X   
      X X 
  X X O   
  X O O   
X X       
----------

White 3,4
----------
  X X X   
      X X 
  X X O   
  X O O O 
X X       
----------

Black 1,2
----------
  X X X   
    X X X 
  X X O   
  X O O O 
X X       
----------

White 2,4
----------
  X X X   
    X X X 
  X X O O 
  X O O O 
X X       
----------

Black 2,0
----------
  X X X   
    X X X 
X X X O O 
  X O O O 
X X       
----------

White 4,2
----------
  X X X   
    X X X 
X X X O O 
  X O O O 
X X O     
----------

Game end.
The winner is X
ta time: 70.1
student time: 35.21
White(You) lose.
=====Round 2=====
Black:You White:TA
Thu Oct 29 17:39:09 PDT 2020
Clean up...
Start Playing...
Black 2,2
----------
          
          
    X     
          
          
----------

White 1,2
----------
          
    O     
    X     
          
          
----------

Black 2,1
----------
          
    O     
  X X     
          
          
----------

White 1,3
----------
          
    O O   
  X X     
          
          
----------

Black 1,1
----------
          
  X O O   
  X X     
          
          
----------

White 2,3
----------
          
  X O O   
  X X O   
          
          
----------

Black 3,1
----------
          
  X O O   
  X X O   
  X       
          
----------

White 3,3
----------
          
  X O O   
  X X O   
  X   O   
          
----------

Black 3,2
----------
          
  X O O   
  X X O   
  X X O   
          
----------

White 0,1
----------
  O       
  X O O   
  X X O   
  X X O   
          
----------

Black 1,0
----------
  O       
X X O O   
  X X O   
  X X O   
          
----------

White 4,3
----------
  O       
X X O O   
  X X O   
  X X O   
      O   
----------

Black 0,0
----------
X O       
X X O O   
  X X O   
  X X O   
      O   
----------

White 0,2
----------
X O O     
X X O O   
  X X O   
  X X O   
      O   
----------

Black 3,0
----------
X O O     
X X O O   
  X X O   
X X X O   
      O   
----------

White 4,2
----------
X O O     
X X O O   
  X X O   
X X X O   
    O O   
----------

Black 2,0
----------
X O O     
X X O O   
X X X O   
X X X O   
    O O   
----------

White 2,4
----------
X O O     
X X O O   
X X X O O 
X X X O   
    O O   
----------

Black 0,4
----------
X O O   X 
X X O O   
X X X O O 
X X X O   
    O O   
----------

White 1,4
----------
X O O   X 
X X O O O 
X X X O O 
X X X O   
    O O   
----------

Black PASS
----------
X O O   X 
X X O O O 
X X X O O 
X X X O   
    O O   
----------

White 0,3
----------
X O O O   
X X O O O 
X X X O O 
X X X O   
    O O   
----------

Black PASS
----------
X O O O   
X X O O O 
X X X O O 
X X X O   
    O O   
----------

White 3,4
----------
X O O O   
X X O O O 
X X X O O 
X X X O O 
    O O   
----------

Game end.
The winner is O
ta time: 103.29
student time: 38.53
Black(You) lose.
=====Round 3=====
Black:TA White:You
Thu Oct 29 17:39:39 PDT 2020
Clean up...
Start Playing...
Black 2,2
----------
          
          
    X     
          
          
----------

White 1,1
----------
          
  O       
    X     
          
          
----------

Black 1,2
----------
          
  O X     
    X     
          
          
----------

White 2,1
----------
          
  O X     
  O X     
          
          
----------

Black 3,1
----------
          
  O X     
  O X     
  X       
          
----------

White 0,1
----------
  O       
  O X     
  O X     
  X       
          
----------

Black 3,0
----------
  O       
  O X     
  O X     
X X       
          
----------

White 0,2
----------
  O O     
  O X     
  O X     
X X       
          
----------

Black 1,3
----------
  O O     
  O X X   
  O X     
X X       
          
----------

White 0,3
----------
  O O O   
  O X X   
  O X     
X X       
          
----------

Black 1,4
----------
  O O O   
  O X X X 
  O X     
X X       
          
----------

White 0,0
----------
O O O O   
  O X X X 
  O X     
X X       
          
----------

Black 2,0
----------
O O O O   
  O X X X 
X O X     
X X       
          
----------

White 3,3
----------
O O O O   
  O X X X 
X O X     
X X   O   
          
----------

Black 0,4
----------
O O O O X 
  O X X X 
X O X     
X X   O   
          
----------

White 2,3
----------
O O O O X 
  O X X X 
X O X O   
X X   O   
          
----------

Black 1,0
----------
        X 
X   X X X 
X   X O   
X X   O   
          
----------

White 3,2
----------
        X 
X   X X X 
X   X O   
X X O O   
          
----------

Black 4,1
----------
        X 
X   X X X 
X   X O   
X X O O   
  X       
----------

White 3,4
----------
        X 
X   X X X 
X   X O   
X X O O O 
  X       
----------

Black 2,4
----------
        X 
X   X X X 
X   X O X 
X X O O O 
  X       
----------

White 4,2
----------
        X 
X   X X X 
X   X O X 
X X O O O 
  X O     
----------

Black 0,0
----------
X       X 
X   X X X 
X   X O X 
X X O O O 
  X O     
----------

White PASS
----------
X       X 
X   X X X 
X   X O X 
X X O O O 
  X O     
----------

Game end.
The winner is X
ta time: 137.73
student time: 41.61
White(You) lose.
=====Round 4=====
Black:You White:TA
Thu Oct 29 17:40:09 PDT 2020
Clean up...
Start Playing...
Black 2,2
----------
          
          
    X     
          
          
----------

White 3,3
----------
          
          
    X     
      O   
          
----------

Black 1,2
----------
          
    X     
    X     
      O   
          
----------

White 2,3
----------
          
    X     
    X O   
      O   
          
----------

Black 1,1
----------
          
  X X     
    X O   
      O   
          
----------

White 3,2
----------
          
  X X     
    X O   
    O O   
          
----------

Black 1,3
----------
          
  X X X   
    X O   
    O O   
          
----------

White 3,1
----------
          
  X X X   
    X O   
  O O O   
          
----------

Black 2,1
----------
          
  X X X   
  X X O   
  O O O   
          
----------

White 2,0
----------
          
  X X X   
O X X O   
  O O O   
          
----------

Black 1,0
----------
          
X X X X   
O X X O   
  O O O   
          
----------

White 3,0
----------
          
X X X X   
O X X O   
O O O O   
          
----------

Black 1,4
----------
          
X X X X X 
O X X O   
O O O O   
          
----------

White 2,4
----------
          
X X X X X 
O X X O O 
O O O O   
          
----------

Black 0,0
----------
X         
X X X X X 
O X X O O 
O O O O   
          
----------

White 0,3
----------
X     O   
X X X X X 
O X X O O 
O O O O   
          
----------

Black 0,2
----------
X   X O   
X X X X X 
O X X O O 
O O O O   
          
----------

White 4,3
----------
X   X O   
X X X X X 
O X X O O 
O O O O   
      O   
----------

Black 4,1
----------
X   X O   
X X X X X 
O X X O O 
O O O O   
  X   O   
----------

White 4,0
----------
X   X O   
X X X X X 
O X X O O 
O O O O   
O X   O   
----------

Black 0,4
----------
X   X   X 
X X X X X 
O X X O O 
O O O O   
O X   O   
----------

White 4,2
----------
X   X   X 
X X X X X 
O X X O O 
O O O O   
O   O O   
----------

Black PASS
----------
X   X   X 
X X X X X 
O X X O O 
O O O O   
O   O O   
----------

White 4,1
----------
X   X   X 
X X X X X 
O X X O O 
O O O O   
O O O O   
----------

Game end.
The winner is O
ta time: 171.26
student time: 44.87
Black(You) lose.
=====Round 5=====
Black:TA White:You
Thu Oct 29 17:40:37 PDT 2020
Clean up...
Start Playing...
Black 2,2
----------
          
          
    X     
          
          
----------

White 1,1
----------
          
  O       
    X     
          
          
----------

Black 1,2
----------
          
  O X     
    X     
          
          
----------

White 2,1
----------
          
  O X     
  O X     
          
          
----------

Black 3,1
----------
          
  O X     
  O X     
  X       
          
----------

White 0,1
----------
  O       
  O X     
  O X     
  X       
          
----------

Black 3,0
----------
  O       
  O X     
  O X     
X X       
          
----------

White 0,2
----------
  O O     
  O X     
  O X     
X X       
          
----------

Black 1,3
----------
  O O     
  O X X   
  O X     
X X       
          
----------

White 0,3
----------
  O O O   
  O X X   
  O X     
X X       
          
----------

Black 1,4
----------
  O O O   
  O X X X 
  O X     
X X       
          
----------

White 0,0
----------
O O O O   
  O X X X 
  O X     
X X       
          
----------

Black 2,0
----------
O O O O   
  O X X X 
X O X     
X X       
          
----------

White 3,3
----------
O O O O   
  O X X X 
X O X     
X X   O   
          
----------

Black 0,4
----------
O O O O X 
  O X X X 
X O X     
X X   O   
          
----------

White 2,3
----------
O O O O X 
  O X X X 
X O X O   
X X   O   
          
----------

Black 1,0
----------
        X 
X   X X X 
X   X O   
X X   O   
          
----------

White 3,2
----------
        X 
X   X X X 
X   X O   
X X O O   
          
----------

Black 4,1
----------
        X 
X   X X X 
X   X O   
X X O O   
  X       
----------

White 3,4
----------
        X 
X   X X X 
X   X O   
X X O O O 
  X       
----------

Black 2,1
----------
        X 
X   X X X 
X X X O   
X X O O O 
  X       
----------

White 2,4
----------
        X 
X   X X X 
X X X O O 
X X O O O 
  X       
----------

Black 0,1
----------
  X     X 
X   X X X 
X X X O O 
X X O O O 
  X       
----------

White 4,2
----------
  X     X 
X   X X X 
X X X O O 
X X O O O 
  X O     
----------

Game end.
The winner is X
ta time: 207.37
student time: 47.9
White(You) lose.
=====Round 6=====
Black:You White:TA
Thu Oct 29 17:41:07 PDT 2020
Clean up...
Start Playing...
Black 2,2
----------
          
          
    X     
          
          
----------

White 2,1
----------
          
          
  O X     
          
          
----------

Black 1,2
----------
          
    X     
  O X     
          
          
----------

White 3,1
----------
          
    X     
  O X     
  O       
          
----------

Black 1,1
----------
          
  X X     
  O X     
  O       
          
----------

White 3,2
----------
          
  X X     
  O X     
  O O     
          
----------

Black 1,3
----------
          
  X X X   
  O X     
  O O     
          
----------

White 3,3
----------
          
  X X X   
  O X     
  O O O   
          
----------

Black 2,3
----------
          
  X X X   
  O X X   
  O O O   
          
----------

White 1,0
----------
          
O X X X   
  O X X   
  O O O   
          
----------

Black 0,1
----------
  X       
O X X X   
  O X X   
  O O O   
          
----------

White 3,4
----------
  X       
O X X X   
  O X X   
  O O O O 
          
----------

Black 0,0
----------
X X       
O X X X   
  O X X   
  O O O O 
          
----------

White 2,0
----------
X X       
O X X X   
O O X X   
  O O O O 
          
----------

Black 0,3
----------
X X   X   
O X X X   
O O X X   
  O O O O 
          
----------

White 2,4
----------
X X   X   
O X X X   
O O X X O 
  O O O O 
          
----------

Black 0,2
----------
X X X X   
O X X X   
O O X X O 
  O O O O 
          
----------

White 4,2
----------
X X X X   
O X X X   
O O X X O 
  O O O O 
    O     
----------

Black 4,0
----------
X X X X   
O X X X   
O O X X O 
  O O O O 
X   O     
----------

White 4,1
----------
X X X X   
O X X X   
O O X X O 
  O O O O 
X O O     
----------

Black PASS
----------
X X X X   
O X X X   
O O X X O 
  O O O O 
X O O     
----------

White 0,4
----------
X X X X O 
O X X X   
O O X X O 
  O O O O 
X O O     
----------

Black 1,4
----------
X X X X   
O X X X X 
O O X X O 
  O O O O 
X O O     
----------

White 0,4
----------
        O 
O         
O O     O 
  O O O O 
X O O     
----------

Game end.
The winner is O
ta time: 239.39
student time: 51.22
Black(You) lose.
=====Round 7=====
Black:TA White:You
Thu Oct 29 17:41:35 PDT 2020
Clean up...
Start Playing...
Black 2,2
----------
          
          
    X     
          
          
----------

White 1,1
----------
          
  O       
    X     
          
          
----------

Black 1,2
----------
          
  O X     
    X     
          
          
----------

White 2,1
----------
          
  O X     
  O X     
          
          
----------

Black 3,1
----------
          
  O X     
  O X     
  X       
          
----------

White 0,1
----------
  O       
  O X     
  O X     
  X       
          
----------

Black 3,0
----------
  O       
  O X     
  O X     
X X       
          
----------

White 0,2
----------
  O O     
  O X     
  O X     
X X       
          
----------

Black 1,3
----------
  O O     
  O X X   
  O X     
X X       
          
----------

White 0,3
----------
  O O O   
  O X X   
  O X     
X X       
          
----------

Black 1,4
----------
  O O O   
  O X X X 
  O X     
X X       
          
----------

White 0,0
----------
O O O O   
  O X X X 
  O X     
X X       
          
----------

Black 2,0
----------
O O O O   
  O X X X 
X O X     
X X       
          
----------

White 3,3
----------
O O O O   
  O X X X 
X O X     
X X   O   
          
----------

Black 0,4
----------
O O O O X 
  O X X X 
X O X     
X X   O   
          
----------

White 2,3
----------
O O O O X 
  O X X X 
X O X O   
X X   O   
          
----------

Black 1,0
----------
        X 
X   X X X 
X   X O   
X X   O   
          
----------

White 3,2
----------
        X 
X   X X X 
X   X O   
X X O O   
          
----------

Black 4,2
----------
        X 
X   X X X 
X   X O   
X X O O   
    X     
----------

White 4,3
----------
        X 
X   X X X 
X   X O   
X X O O   
    X O   
----------

Black 4,1
----------
        X 
X   X X X 
X   X O   
X X O O   
  X X O   
----------

White 2,4
----------
        X 
X   X X X 
X   X O O 
X X O O   
  X X O   
----------

Black 0,1
----------
  X     X 
X   X X X 
X   X O O 
X X O O   
  X X O   
----------

White PASS
----------
  X     X 
X   X X X 
X   X O O 
X X O O   
  X X O   
----------

Game end.
The winner is X
ta time: 270.62
student time: 54.51
White(You) lose.
=====Round 8=====
Black:You White:TA
Thu Oct 29 17:42:04 PDT 2020
Clean up...
Start Playing...
Black 2,2
----------
          
          
    X     
          
          
----------

White 2,3
----------
          
          
    X O   
          
          
----------

Black 1,2
----------
          
    X     
    X O   
          
          
----------

White 3,3
----------
          
    X     
    X O   
      O   
          
----------

Black 1,1
----------
          
  X X     
    X O   
      O   
          
----------

White 3,2
----------
          
  X X     
    X O   
    O O   
          
----------

Black 1,3
----------
          
  X X X   
    X O   
    O O   
          
----------

White 3,1
----------
          
  X X X   
    X O   
  O O O   
          
----------

Black 2,1
----------
          
  X X X   
  X X O   
  O O O   
          
----------

White 1,4
----------
          
  X X X O 
  X X O   
  O O O   
          
----------

Black 0,1
----------
  X       
  X X X O 
  X X O   
  O O O   
          
----------

White 3,0
----------
  X       
  X X X O 
  X X O   
O O O O   
          
----------

Black 0,3
----------
  X   X   
  X X X O 
  X X O   
O O O O   
          
----------

White 2,4
----------
  X   X   
  X X X O 
  X X O O 
O O O O   
          
----------

Black 0,0
----------
X X   X   
  X X X O 
  X X O O 
O O O O   
          
----------

White 2,0
----------
X X   X   
  X X X O 
O X X O O 
O O O O   
          
----------

Black 0,2
----------
X X X X   
  X X X O 
O X X O O 
O O O O   
          
----------

White 4,2
----------
X X X X   
  X X X O 
O X X O O 
O O O O   
    O     
----------

Black 4,4
----------
X X X X   
  X X X O 
O X X O O 
O O O O   
    O   X 
----------

White 0,4
----------
X X X X O 
  X X X O 
O X X O O 
O O O O   
    O   X 
----------

Black PASS
----------
X X X X O 
  X X X O 
O X X O O 
O O O O   
    O   X 
----------

White 3,4
----------
X X X X O 
  X X X O 
O X X O O 
O O O O O 
    O   X 
----------

Black PASS
----------
X X X X O 
  X X X O 
O X X O O 
O O O O O 
    O   X 
----------

White 1,0
----------
        O 
O       O 
O     O O 
O O O O O 
    O   X 
----------

Game end.
The winner is O
ta time: 309.16
student time: 57.83
Black(You) lose.
=====Round 9=====
Black:TA White:You
Thu Oct 29 17:42:35 PDT 2020
Clean up...
Start Playing...
Black 2,2
----------
          
          
    X     
          
          
----------

White 1,1
----------
          
  O       
    X     
          
          
----------

Black 1,2
----------
          
  O X     
    X     
          
          
----------

White 2,1
----------
          
  O X     
  O X     
          
          
----------

Black 3,1
----------
          
  O X     
  O X     
  X       
          
----------

White 0,1
----------
  O       
  O X     
  O X     
  X       
          
----------

Black 3,0
----------
  O       
  O X     
  O X     
X X       
          
----------

White 0,2
----------
  O O     
  O X     
  O X     
X X       
          
----------

Black 1,3
----------
  O O     
  O X X   
  O X     
X X       
          
----------

White 0,3
----------
  O O O   
  O X X   
  O X     
X X       
          
----------

Black 1,4
----------
  O O O   
  O X X X 
  O X     
X X       
          
----------

White 0,0
----------
O O O O   
  O X X X 
  O X     
X X       
          
----------

Black 2,0
----------
O O O O   
  O X X X 
X O X     
X X       
          
----------

White 3,3
----------
O O O O   
  O X X X 
X O X     
X X   O   
          
----------

Black 0,4
----------
O O O O X 
  O X X X 
X O X     
X X   O   
          
----------

White 2,3
----------
O O O O X 
  O X X X 
X O X O   
X X   O   
          
----------

Black 1,0
----------
        X 
X   X X X 
X   X O   
X X   O   
          
----------

White 3,2
----------
        X 
X   X X X 
X   X O   
X X O O   
          
----------

Black 2,4
----------
        X 
X   X X X 
X   X O X 
X X O O   
          
----------

White 3,4
----------
        X 
X   X X X 
X   X O X 
X X O O O 
          
----------

Black 2,1
----------
        X 
X   X X X 
X X X O X 
X X O O O 
          
----------

White 4,2
----------
        X 
X   X X X 
X X X O X 
X X O O O 
    O     
----------

Black 4,1
----------
        X 
X   X X X 
X X X O X 
X X O O O 
  X O     
----------

White PASS
----------
        X 
X   X X X 
X X X O X 
X X O O O 
  X O     
----------

Game end.
The winner is X
ta time: 343.86
student time: 60.93
White(You) lose.
=====Round 10=====
Black:You White:TA
Thu Oct 29 17:43:04 PDT 2020
Clean up...
Start Playing...
Black 2,2
----------
          
          
    X     
          
          
----------

White 1,2
----------
          
    O     
    X     
          
          
----------

Black 2,1
----------
          
    O     
  X X     
          
          
----------

White 1,3
----------
          
    O O   
  X X     
          
          
----------

Black 1,1
----------
          
  X O O   
  X X     
          
          
----------

White 2,3
----------
          
  X O O   
  X X O   
          
          
----------

Black 3,1
----------
          
  X O O   
  X X O   
  X       
          
----------

White 3,3
----------
          
  X O O   
  X X O   
  X   O   
          
----------

Black 3,2
----------
          
  X O O   
  X X O   
  X X O   
          
----------

White 4,2
----------
          
  X O O   
  X X O   
  X X O   
    O     
----------

Black 4,1
----------
          
  X O O   
  X X O   
  X X O   
  X O     
----------

White 4,3
----------
          
  X O O   
  X X O   
  X X O   
  X O O   
----------

Black 0,1
----------
  X       
  X O O   
  X X O   
  X X O   
  X O O   
----------

White 0,3
----------
  X   O   
  X O O   
  X X O   
  X X O   
  X O O   
----------

Black 0,0
----------
X X   O   
  X O O   
  X X O   
  X X O   
  X O O   
----------

White 2,4
----------
X X   O   
  X O O   
  X X O O 
  X X O   
  X O O   
----------

Black 0,2
----------
X X X O   
  X O O   
  X X O O 
  X X O   
  X O O   
----------

White 0,4
----------
X X X O O 
  X O O   
  X X O O 
  X X O   
  X O O   
----------

Black 1,0
----------
X X X O O 
X X O O   
  X X O O 
  X X O   
  X O O   
----------

White 3,0
----------
X X X O O 
X X O O   
  X X O O 
O X X O   
  X O O   
----------

Black PASS
----------
X X X O O 
X X O O   
  X X O O 
O X X O   
  X O O   
----------

White 4,4
----------
X X X O O 
X X O O   
  X X O O 
O X X O   
  X O O O 
----------

Black PASS
----------
X X X O O 
X X O O   
  X X O O 
O X X O   
  X O O O 
----------

White 2,0
----------
X X X O O 
X X O O   
O X X O O 
O X X O   
  X O O O 
----------

Game end.
The winner is O
ta time: 378.14
student time: 64.25
Black(You) lose.
