Thu Oct 29 20:57:07 PDT 2020

==Playing with qlearning_player==
=====Round 1=====
Black:TA White:You
Thu Oct 29 20:57:07 PDT 2020
Clean up...
Start Playing...
Black 1,2
----------
          
    X     
          
          
          
----------

White 2,1
----------
          
    X     
  O       
          
          
----------

Black 2,2
----------
          
    X     
  O X     
          
          
----------

White 3,1
----------
          
    X     
  O X     
  O       
          
----------

Black 0,0
----------
X         
    X     
  O X     
  O       
          
----------

White 0,1
----------
X O       
    X     
  O X     
  O       
          
----------

Black 2,3
----------
X O       
    X     
  O X X   
  O       
          
----------

White 1,0
----------
  O       
O   X     
  O X X   
  O       
          
----------

Black 0,2
----------
  O X     
O   X     
  O X X   
  O       
          
----------

White 3,2
----------
  O X     
O   X     
  O X X   
  O O     
          
----------

Black 0,3
----------
  O X X   
O   X     
  O X X   
  O O     
          
----------

White 3,3
----------
  O X X   
O   X     
  O X X   
  O O O   
          
----------

Black 0,4
----------
  O X X X 
O   X     
  O X X   
  O O O   
          
----------

White 3,4
----------
  O X X X 
O   X     
  O X X   
  O O O O 
          
----------

Black 1,3
----------
  O X X X 
O   X X   
  O X X   
  O O O O 
          
----------

White 1,1
----------
  O X X X 
O O X X   
  O X X   
  O O O O 
          
----------

Black 4,2
----------
  O X X X 
O O X X   
  O X X   
  O O O O 
    X     
----------

White 2,4
----------
  O X X X 
O O X X   
  O X X O 
  O O O O 
    X     
----------

Black 2,0
----------
  O X X X 
O O X X   
X O X X O 
  O O O O 
    X     
----------

White 1,4
----------
  O       
O O     O 
X O     O 
  O O O O 
    X     
----------

Black 2,2
----------
  O       
O O     O 
X O X   O 
  O O O O 
    X     
----------

White 3,0
----------
  O       
O O     O 
  O X   O 
O O O O O 
    X     
----------

Black 2,3
----------
  O       
O O     O 
  O X X O 
O O O O O 
    X     
----------

White 1,3
----------
  O       
O O   O O 
  O X X O 
O O O O O 
    X     
----------

Game end.
The winner is O
ta time: 4.11
student time: 3.69
White(You) win!
=====Round 2=====
Black:You White:TA
Thu Oct 29 20:57:26 PDT 2020
Clean up...
Start Playing...
Black 2,2
----------
          
          
    X     
          
          
----------

White 2,1
----------
          
          
  O X     
          
          
----------

Black 1,2
----------
          
    X     
  O X     
          
          
----------

White 3,2
----------
          
    X     
  O X     
    O     
          
----------

Black 1,1
----------
          
  X X     
  O X     
    O     
          
----------

White 2,3
----------
          
  X X     
  O X O   
    O     
          
----------

Black 3,1
----------
          
  X X     
  O X O   
  X O     
          
----------

White 1,3
----------
          
  X X O   
  O X O   
  X O     
          
----------

Black 2,0
----------
          
  X X O   
X   X O   
  X O     
          
----------

White 4,2
----------
          
  X X O   
X   X O   
  X O     
    O     
----------

Black 0,1
----------
  X       
  X X O   
X   X O   
  X O     
    O     
----------

White 2,4
----------
  X       
  X X O   
X   X O O 
  X O     
    O     
----------

Black 0,2
----------
  X X     
  X X O   
X   X O O 
  X O     
    O     
----------

White 3,3
----------
  X X     
  X X O   
X   X O O 
  X O O   
    O     
----------

Black 0,3
----------
  X X X   
  X X O   
X   X O O 
  X O O   
    O     
----------

White 4,1
----------
  X X X   
  X X O   
X   X O O 
  X O O   
  O O     
----------

Black 0,4
----------
  X X X X 
  X X O   
X   X O O 
  X O O   
  O O     
----------

White 3,4
----------
  X X X X 
  X X O   
X   X O O 
  X O O O 
  O O     
----------

Black 2,1
----------
  X X X X 
  X X O   
X X X O O 
  X O O O 
  O O     
----------

White 3,0
----------
  X X X X 
  X X O   
X X X O O 
O X O O O 
  O O     
----------

Black 0,0
----------
X X X X X 
  X X O   
X X X O O 
O X O O O 
  O O     
----------

White 4,3
----------
X X X X X 
  X X O   
X X X O O 
O X O O O 
  O O O   
----------

Black 4,0
----------
X X X X X 
  X X O   
X X X O O 
  X O O O 
X O O O   
----------

White 1,4
----------
X X X X X 
  X X O O 
X X X O O 
  X O O O 
X O O O   
----------

Game end.
The winner is O
ta time: 7.75
student time: 7.01
Black(You) lose.
=====Round 3=====
Black:TA White:You
Thu Oct 29 20:57:44 PDT 2020
Clean up...
Start Playing...
Black 1,2
----------
          
    X     
          
          
          
----------

White 2,1
----------
          
    X     
  O       
          
          
----------

Black 2,2
----------
          
    X     
  O X     
          
          
----------

White 3,1
----------
          
    X     
  O X     
  O       
          
----------

Black 0,0
----------
X         
    X     
  O X     
  O       
          
----------

White 0,1
----------
X O       
    X     
  O X     
  O       
          
----------

Black 3,2
----------
X O       
    X     
  O X     
  O X     
          
----------

White 1,0
----------
  O       
O   X     
  O X     
  O X     
          
----------

Black 0,2
----------
  O X     
O   X     
  O X     
  O X     
          
----------

White 4,1
----------
  O X     
O   X     
  O X     
  O X     
  O       
----------

Black 2,3
----------
  O X     
O   X     
  O X X   
  O X     
  O       
----------

White 4,2
----------
  O X     
O   X     
  O X X   
  O X     
  O O     
----------

Black 1,3
----------
  O X     
O   X X   
  O X X   
  O X     
  O O     
----------

White 4,3
----------
  O X     
O   X X   
  O X X   
  O X     
  O O O   
----------

Black 2,0
----------
  O X     
O   X X   
X O X X   
  O X     
  O O O   
----------

White 3,0
----------
  O X     
O   X X   
  O X X   
O O X     
  O O O   
----------

Black 1,1
----------
  O X     
O X X X   
  O X X   
O O X     
  O O O   
----------

White 3,3
----------
  O X     
O X X X   
  O X X   
O O X O   
  O O O   
----------

Black 0,0
----------
X   X     
O X X X   
  O X X   
O O X O   
  O O O   
----------

White 3,4
----------
X   X     
O X X X   
  O X X   
O O X O O 
  O O O   
----------

Black 2,0
----------
X   X     
  X X X   
X O X X   
O O X O O 
  O O O   
----------

White 2,4
----------
X   X     
  X X X   
X O X X O 
O O X O O 
  O O O   
----------

Black 1,4
----------
X   X     
  X X X X 
X O X X O 
O O X O O 
  O O O   
----------

White 1,0
----------
X   X     
O X X X X 
  O X X O 
O O X O O 
  O O O   
----------

Game end.
The winner is O
ta time: 11.69
student time: 10.6
White(You) win!
=====Round 4=====
Black:You White:TA
Thu Oct 29 20:58:03 PDT 2020
Clean up...
Start Playing...
Black 2,2
----------
          
          
    X     
          
          
----------

White 2,1
----------
          
          
  O X     
          
          
----------

Black 1,2
----------
          
    X     
  O X     
          
          
----------

White 3,2
----------
          
    X     
  O X     
    O     
          
----------

Black 1,1
----------
          
  X X     
  O X     
    O     
          
----------

White 2,3
----------
          
  X X     
  O X O   
    O     
          
----------

Black 3,1
----------
          
  X X     
  O X O   
  X O     
          
----------

White 0,2
----------
    O     
  X X     
  O X O   
  X O     
          
----------

Black 2,0
----------
    O     
  X X     
X   X O   
  X O     
          
----------

White 1,3
----------
    O     
  X X O   
X   X O   
  X O     
          
----------

Black 0,1
----------
  X O     
  X X O   
X   X O   
  X O     
          
----------

White 2,4
----------
  X O     
  X X O   
X   X O O 
  X O     
          
----------

Black 4,1
----------
  X O     
  X X O   
X   X O O 
  X O     
  X       
----------

White 4,2
----------
  X O     
  X X O   
X   X O O 
  X O     
  X O     
----------

Black 3,3
----------
  X O     
  X X O   
X   X O O 
  X O X   
  X O     
----------

White 4,3
----------
  X O     
  X X O   
X   X O O 
  X O X   
  X O O   
----------

Black 4,4
----------
  X O     
  X X O   
X   X O O 
  X   X   
  X     X 
----------

White 3,2
----------
  X O     
  X X O   
X   X O O 
  X O X   
  X     X 
----------

Black 4,2
----------
  X O     
  X X O   
X   X O O 
  X   X   
  X X   X 
----------

White 1,4
----------
  X O     
  X X O O 
X   X O O 
  X   X   
  X X   X 
----------

Black 2,1
----------
  X O     
  X X O O 
X X X O O 
  X   X   
  X X   X 
----------

White 3,0
----------
  X O     
  X X O O 
X X X O O 
O X   X   
  X X   X 
----------

Black 4,0
----------
  X O     
  X X O O 
X X X O O 
  X   X   
X X X   X 
----------

White 0,3
----------
  X O O   
  X X O O 
X X X O O 
  X   X   
X X X   X 
----------

Game end.
The winner is X
ta time: 15.43
student time: 13.95
Black(You) win!
=====Round 5=====
Black:TA White:You
Thu Oct 29 20:58:20 PDT 2020
Clean up...
Start Playing...
Black 1,2
----------
          
    X     
          
          
          
----------

White 2,1
----------
          
    X     
  O       
          
          
----------

Black 2,2
----------
          
    X     
  O X     
          
          
----------

White 3,1
----------
          
    X     
  O X     
  O       
          
----------

Black 0,0
----------
X         
    X     
  O X     
  O       
          
----------

White 0,1
----------
X O       
    X     
  O X     
  O       
          
----------

Black 3,2
----------
X O       
    X     
  O X     
  O X     
          
----------

White 1,0
----------
  O       
O   X     
  O X     
  O X     
          
----------

Black 0,2
----------
  O X     
O   X     
  O X     
  O X     
          
----------

White 4,1
----------
  O X     
O   X     
  O X     
  O X     
  O       
----------

Black 2,3
----------
  O X     
O   X     
  O X X   
  O X     
  O       
----------

White 4,2
----------
  O X     
O   X     
  O X X   
  O X     
  O O     
----------

Black 1,3
----------
  O X     
O   X X   
  O X X   
  O X     
  O O     
----------

White 4,3
----------
  O X     
O   X X   
  O X X   
  O X     
  O O O   
----------

Black 2,0
----------
  O X     
O   X X   
X O X X   
  O X     
  O O O   
----------

White 3,0
----------
  O X     
O   X X   
  O X X   
O O X     
  O O O   
----------

Black 1,1
----------
  O X     
O X X X   
  O X X   
O O X     
  O O O   
----------

White 3,3
----------
  O X     
O X X X   
  O X X   
O O X O   
  O O O   
----------

Black 0,0
----------
X   X     
O X X X   
  O X X   
O O X O   
  O O O   
----------

White 3,4
----------
X   X     
O X X X   
  O X X   
O O X O O 
  O O O   
----------

Black 2,0
----------
X   X     
  X X X   
X O X X   
O O X O O 
  O O O   
----------

White 2,4
----------
X   X     
  X X X   
X O X X O 
O O X O O 
  O O O   
----------

Black 0,1
----------
X X X     
  X X X   
X O X X O 
O O X O O 
  O O O   
----------

White 1,4
----------
X X X     
  X X X O 
X O X X O 
O O X O O 
  O O O   
----------

Game end.
The winner is O
ta time: 19.17
student time: 17.45
White(You) win!
=====Round 6=====
Black:You White:TA
Thu Oct 29 20:58:40 PDT 2020
Clean up...
Start Playing...
Black 2,2
----------
          
          
    X     
          
          
----------

White 2,1
----------
          
          
  O X     
          
          
----------

Black 1,2
----------
          
    X     
  O X     
          
          
----------

White 3,2
----------
          
    X     
  O X     
    O     
          
----------

Black 1,1
----------
          
  X X     
  O X     
    O     
          
----------

White 2,3
----------
          
  X X     
  O X O   
    O     
          
----------

Black 3,1
----------
          
  X X     
  O X O   
  X O     
          
----------

White 2,4
----------
          
  X X     
  O X O O 
  X O     
          
----------

Black 2,0
----------
          
  X X     
X   X O O 
  X O     
          
----------

White 3,3
----------
          
  X X     
X   X O O 
  X O O   
          
----------

Black 1,3
----------
          
  X X X   
X   X O O 
  X O O   
          
----------

White 0,2
----------
    O     
  X X X   
X   X O O 
  X O O   
          
----------

Black 0,1
----------
  X O     
  X X X   
X   X O O 
  X O O   
          
----------

White 4,2
----------
  X O     
  X X X   
X   X O O 
  X O O   
    O     
----------

Black 0,3
----------
  X   X   
  X X X   
X   X O O 
  X O O   
    O     
----------

White 1,0
----------
  X   X   
O X X X   
X   X O O 
  X O O   
    O     
----------

Black 0,0
----------
X X   X   
  X X X   
X   X O O 
  X O O   
    O     
----------

White 4,3
----------
X X   X   
  X X X   
X   X O O 
  X O O   
    O O   
----------

Black 2,1
----------
X X   X   
  X X X   
X X X O O 
  X O O   
    O O   
----------

White 1,4
----------
X X   X   
  X X X O 
X X X O O 
  X O O   
    O O   
----------

Black 3,0
----------
X X   X   
  X X X O 
X X X O O 
X X O O   
    O O   
----------

White 4,1
----------
X X   X   
  X X X O 
X X X O O 
X X O O   
  O O O   
----------

Black 0,2
----------
X X X X   
  X X X O 
X X X O O 
X X O O   
  O O O   
----------

White 3,4
----------
X X X X   
  X X X O 
X X X O O 
X X O O O 
  O O O   
----------

Game end.
The winner is X
ta time: 22.89
student time: 20.98
Black(You) win!
=====Round 7=====
Black:TA White:You
Thu Oct 29 20:59:02 PDT 2020
Clean up...
Start Playing...
Black 1,2
----------
          
    X     
          
          
          
----------

White 2,1
----------
          
    X     
  O       
          
          
----------

Black 2,2
----------
          
    X     
  O X     
          
          
----------

White 3,1
----------
          
    X     
  O X     
  O       
          
----------

Black 0,0
----------
X         
    X     
  O X     
  O       
          
----------

White 0,1
----------
X O       
    X     
  O X     
  O       
          
----------

Black 2,3
----------
X O       
    X     
  O X X   
  O       
          
----------

White 1,0
----------
  O       
O   X     
  O X X   
  O       
          
----------

Black 0,2
----------
  O X     
O   X     
  O X X   
  O       
          
----------

White 3,2
----------
  O X     
O   X     
  O X X   
  O O     
          
----------

Black 0,3
----------
  O X X   
O   X     
  O X X   
  O O     
          
----------

White 3,3
----------
  O X X   
O   X     
  O X X   
  O O O   
          
----------

Black 0,4
----------
  O X X X 
O   X     
  O X X   
  O O O   
          
----------

White 3,4
----------
  O X X X 
O   X     
  O X X   
  O O O O 
          
----------

Black 2,4
----------
  O X X X 
O   X     
  O X X X 
  O O O O 
          
----------

White 1,1
----------
  O X X X 
O O X     
  O X X X 
  O O O O 
          
----------

Black 2,0
----------
  O X X X 
O O X     
X O X X X 
  O O O O 
          
----------

White 1,3
----------
  O X X X 
O O X O   
X O X X X 
  O O O O 
          
----------

Black 1,4
----------
  O X X X 
O O X   X 
X O X X X 
  O O O O 
          
----------

White 1,3
----------
  O       
O O   O   
X O       
  O O O O 
          
----------

Black 2,2
----------
  O       
O O   O   
X O X     
  O O O O 
          
----------

White 3,0
----------
  O       
O O   O   
  O X     
O O O O O 
          
----------

Black 1,2
----------
  O       
O O X O   
  O X     
O O O O O 
          
----------

White 2,3
----------
  O       
O O X O   
  O X O   
O O O O O 
          
----------

Game end.
The winner is O
ta time: 26.74
student time: 24.75
White(You) win!
=====Round 8=====
Black:You White:TA
Thu Oct 29 20:59:31 PDT 2020
Clean up...
Start Playing...
Black 2,2
----------
          
          
    X     
          
          
----------

White 2,1
----------
          
          
  O X     
          
          
----------

Black 1,2
----------
          
    X     
  O X     
          
          
----------

White 3,2
----------
          
    X     
  O X     
    O     
          
----------

Black 1,1
----------
          
  X X     
  O X     
    O     
          
----------

White 2,3
----------
          
  X X     
  O X O   
    O     
          
----------

Black 3,1
----------
          
  X X     
  O X O   
  X O     
          
----------

White 2,0
----------
          
  X X     
O O X O   
  X O     
          
----------

Black 1,0
----------
          
X X X     
O O X O   
  X O     
          
----------

White 1,3
----------
          
X X X O   
O O X O   
  X O     
          
----------

Black 3,0
----------
          
X X X O   
    X O   
X X O     
          
----------

White 2,1
----------
          
X X X O   
  O X O   
X X O     
          
----------

Black 2,0
----------
          
X X X O   
X   X O   
X X O     
          
----------

White 0,2
----------
    O     
X X X O   
X   X O   
X X O     
          
----------

Black 0,1
----------
  X O     
X X X O   
X   X O   
X X O     
          
----------

White 2,4
----------
  X O     
X X X O   
X   X O O 
X X O     
          
----------

Black 4,1
----------
  X O     
X X X O   
X   X O O 
X X O     
  X       
----------

White 4,2
----------
  X O     
X X X O   
X   X O O 
X X O     
  X O     
----------

Black 3,3
----------
  X O     
X X X O   
X   X O O 
X X O X   
  X O     
----------

White 4,3
----------
  X O     
X X X O   
X   X O O 
X X O X   
  X O O   
----------

Black 4,4
----------
  X O     
X X X O   
X   X O O 
X X   X   
  X     X 
----------

White 3,2
----------
  X O     
X X X O   
X   X O O 
X X O X   
  X     X 
----------

Black 4,2
----------
  X O     
X X X O   
X   X O O 
X X   X   
  X X   X 
----------

White 0,3
----------
  X O O   
X X X O   
X   X O O 
X X   X   
  X X   X 
----------

Game end.
The winner is X
ta time: 30.43
student time: 28.19
Black(You) win!
=====Round 9=====
Black:TA White:You
Thu Oct 29 20:59:54 PDT 2020
Clean up...
Start Playing...
Black 1,2
----------
          
    X     
          
          
          
----------

White 2,1
----------
          
    X     
  O       
          
          
----------

Black 2,2
----------
          
    X     
  O X     
          
          
----------

White 3,1
----------
          
    X     
  O X     
  O       
          
----------

Black 0,0
----------
X         
    X     
  O X     
  O       
          
----------

White 0,1
----------
X O       
    X     
  O X     
  O       
          
----------

Black 2,3
----------
X O       
    X     
  O X X   
  O       
          
----------

White 1,0
----------
  O       
O   X     
  O X X   
  O       
          
----------

Black 0,2
----------
  O X     
O   X     
  O X X   
  O       
          
----------

White 3,2
----------
  O X     
O   X     
  O X X   
  O O     
          
----------

Black 0,3
----------
  O X X   
O   X     
  O X X   
  O O     
          
----------

White 3,3
----------
  O X X   
O   X     
  O X X   
  O O O   
          
----------

Black 0,4
----------
  O X X X 
O   X     
  O X X   
  O O O   
          
----------

White 3,4
----------
  O X X X 
O   X     
  O X X   
  O O O O 
          
----------

Black 2,0
----------
  O X X X 
O   X     
X O X X   
  O O O O 
          
----------

White 3,0
----------
  O X X X 
O   X     
  O X X   
O O O O O 
          
----------

Black 1,3
----------
  O X X X 
O   X X   
  O X X   
O O O O O 
          
----------

White 1,1
----------
  O X X X 
O O X X   
  O X X   
O O O O O 
          
----------

Black 2,4
----------
  O X X X 
O O X X   
  O X X X 
O O O O O 
          
----------

White 1,4
----------
  O       
O O     O 
  O       
O O O O O 
          
----------

Black 2,2
----------
  O       
O O     O 
  O X     
O O O O O 
          
----------

White 1,2
----------
  O       
O O O   O 
  O X     
O O O O O 
          
----------

Black 2,3
----------
  O       
O O O   O 
  O X X   
O O O O O 
          
----------

White 1,3
----------
  O       
O O O O O 
  O X X   
O O O O O 
          
----------

Game end.
The winner is O
ta time: 34.43
student time: 31.89
White(You) win!
=====Round 10=====
Black:You White:TA
Thu Oct 29 21:00:14 PDT 2020
Clean up...
Start Playing...
Black 2,2
----------
          
          
    X     
          
          
----------

White 2,1
----------
          
          
  O X     
          
          
----------

Black 1,2
----------
          
    X     
  O X     
          
          
----------

White 3,2
----------
          
    X     
  O X     
    O     
          
----------

Black 1,1
----------
          
  X X     
  O X     
    O     
          
----------

White 2,3
----------
          
  X X     
  O X O   
    O     
          
----------

Black 3,1
----------
          
  X X     
  O X O   
  X O     
          
----------

White 1,3
----------
          
  X X O   
  O X O   
  X O     
          
----------

Black 2,0
----------
          
  X X O   
X   X O   
  X O     
          
----------

White 3,3
----------
          
  X X O   
X   X O   
  X O O   
          
----------

Black 4,1
----------
          
  X X O   
X   X O   
  X O O   
  X       
----------

White 4,2
----------
          
  X X O   
X   X O   
  X O O   
  X O     
----------

Black 0,1
----------
  X       
  X X O   
X   X O   
  X O O   
  X O     
----------

White 0,2
----------
  X O     
  X X O   
X   X O   
  X O O   
  X O     
----------

Black 2,1
----------
  X O     
  X X O   
X X X O   
  X O O   
  X O     
----------

White 2,4
----------
  X O     
  X X O   
X X X O O 
  X O O   
  X O     
----------

Black 0,0
----------
X X O     
  X X O   
X X X O O 
  X O O   
  X O     
----------

White 3,4
----------
X X O     
  X X O   
X X X O O 
  X O O O 
  X O     
----------

Black 1,0
----------
X X O     
X X X O   
X X X O O 
  X O O O 
  X O     
----------

White 1,4
----------
X X O     
X X X O O 
X X X O O 
  X O O O 
  X O     
----------

Black 0,3
----------
X X   X   
X X X O O 
X X X O O 
  X O O O 
  X O     
----------

White 4,3
----------
X X   X   
X X X O O 
X X X O O 
  X O O O 
  X O O   
----------

Black 0,4
----------
X X   X X 
X X X O O 
X X X O O 
  X O O O 
  X O O   
----------

White 0,2
----------
X X O     
X X X O O 
X X X O O 
  X O O O 
  X O O   
----------

Game end.
The winner is O
ta time: 37.87
student time: 35.06
Black(You) lose.

==Playing with championship_player==
=====Round 1=====
Black:TA White:You
Thu Oct 29 21:00:32 PDT 2020
Clean up...
Start Playing...
Black 2,2
----------
          
          
    X     
          
          
----------

White 1,1
----------
          
  O       
    X     
          
          
----------

Black 1,2
----------
          
  O X     
    X     
          
          
----------

White 2,1
----------
          
  O X     
  O X     
          
          
----------

Black 3,1
----------
          
  O X     
  O X     
  X       
          
----------

White 0,1
----------
  O       
  O X     
  O X     
  X       
          
----------

Black 3,0
----------
  O       
  O X     
  O X     
X X       
          
----------

White 0,2
----------
  O O     
  O X     
  O X     
X X       
          
----------

Black 1,3
----------
  O O     
  O X X   
  O X     
X X       
          
----------

White 0,3
----------
  O O O   
  O X X   
  O X     
X X       
          
----------

Black 1,4
----------
  O O O   
  O X X X 
  O X     
X X       
          
----------

White 3,3
----------
  O O O   
  O X X X 
  O X     
X X   O   
          
----------

Black 2,0
----------
  O O O   
  O X X X 
X O X     
X X   O   
          
----------

White 3,4
----------
  O O O   
  O X X X 
X O X     
X X   O O 
          
----------

Black 0,4
----------
  O O O X 
  O X X X 
X O X     
X X   O O 
          
----------

White 3,2
----------
  O O O X 
  O X X X 
X O X     
X X O O O 
          
----------

Black 1,0
----------
  O O O X 
X O X X X 
X O X     
X X O O O 
          
----------

White 2,3
----------
  O O O X 
X O X X X 
X O X O   
X X O O O 
          
----------

Black 0,0
----------
X       X 
X   X X X 
X   X O   
X X O O O 
          
----------

White 4,2
----------
X       X 
X   X X X 
X   X O   
X X O O O 
    O     
----------

Black 2,4
----------
X       X 
X   X X X 
X   X O X 
X X O O O 
    O     
----------

White 4,1
----------
X       X 
X   X X X 
X   X O X 
X X O O O 
  O O     
----------

Black 4,0
----------
X       X 
X   X X X 
X   X O X 
X X O O O 
X O O     
----------

White PASS
----------
X       X 
X   X X X 
X   X O X 
X X O O O 
X O O     
----------

Game end.
The winner is X
ta time: 69.26
student time: 38.21
White(You) lose.
=====Round 2=====
Black:You White:TA
Thu Oct 29 21:01:08 PDT 2020
Clean up...
Start Playing...
Black 2,2
----------
          
          
    X     
          
          
----------

White 2,1
----------
          
          
  O X     
          
          
----------

Black 1,2
----------
          
    X     
  O X     
          
          
----------

White 3,1
----------
          
    X     
  O X     
  O       
          
----------

Black 1,1
----------
          
  X X     
  O X     
  O       
          
----------

White 3,2
----------
          
  X X     
  O X     
  O O     
          
----------

Black 1,3
----------
          
  X X X   
  O X     
  O O     
          
----------

White 3,3
----------
          
  X X X   
  O X     
  O O O   
          
----------

Black 2,3
----------
          
  X X X   
  O X X   
  O O O   
          
----------

White 2,4
----------
          
  X X X   
  O X X O 
  O O O   
          
----------

Black 1,4
----------
          
  X X X X 
  O X X O 
  O O O   
          
----------

White 3,4
----------
          
  X X X X 
  O X X O 
  O O O O 
          
----------

Black 1,0
----------
          
X X X X X 
  O X X O 
  O O O O 
          
----------

White 2,0
----------
          
X X X X X 
O O X X O 
  O O O O 
          
----------

Black 0,0
----------
X         
X X X X X 
O O X X O 
  O O O O 
          
----------

White 0,3
----------
X     O   
X X X X X 
O O X X O 
  O O O O 
          
----------

Black 0,2
----------
X   X O   
X X X X X 
O O X X O 
  O O O O 
          
----------

White 4,1
----------
X   X O   
X X X X X 
O O X X O 
  O O O O 
  O       
----------

Black 4,3
----------
X   X O   
X X X X X 
O O X X O 
  O O O O 
  O   X   
----------

White 4,4
----------
X   X O   
X X X X X 
O O X X O 
  O O O O 
  O   X O 
----------

Black 0,4
----------
X   X   X 
X X X X X 
O O X X O 
  O O O O 
  O   X O 
----------

White 4,2
----------
X   X   X 
X X X X X 
O O X X O 
  O O O O 
  O O   O 
----------

Black PASS
----------
X   X   X 
X X X X X 
O O X X O 
  O O O O 
  O O   O 
----------

White 4,0
----------
X   X   X 
X X X X X 
O O X X O 
  O O O O 
O O O   O 
----------

Game end.
The winner is O
ta time: 98.44
student time: 41.51
Black(You) lose.
=====Round 3=====
Black:TA White:You
Thu Oct 29 21:01:43 PDT 2020
Clean up...
Start Playing...
Black 2,2
----------
          
          
    X     
          
          
----------

White 1,1
----------
          
  O       
    X     
          
          
----------

Black 2,1
----------
          
  O       
  X X     
          
          
----------

White 1,2
----------
          
  O O     
  X X     
          
          
----------

Black 1,3
----------
          
  O O X   
  X X     
          
          
----------

White 1,0
----------
          
O O O X   
  X X     
          
          
----------

Black 0,3
----------
      X   
O O O X   
  X X     
          
          
----------

White 2,0
----------
      X   
O O O X   
O X X     
          
          
----------

Black 3,1
----------
      X   
O O O X   
O X X     
  X       
          
----------

White 3,0
----------
      X   
O O O X   
O X X     
O X       
          
----------

Black 4,1
----------
      X   
O O O X   
O X X     
O X       
  X       
----------

White 3,3
----------
      X   
O O O X   
O X X     
O X   O   
  X       
----------

Black 0,2
----------
    X X   
O O O X   
O X X     
O X   O   
  X       
----------

White 3,4
----------
    X X   
O O O X   
O X X     
O X   O O 
  X       
----------

Black 0,1
----------
  X X X   
O O O X   
O X X     
O X   O O 
  X       
----------

White 3,2
----------
  X X X   
O O O X   
O X X     
O X O O O 
  X       
----------

Black 4,0
----------
  X X X   
O O O X   
O X X     
O X O O O 
X X       
----------

White 2,3
----------
  X X X   
O O O X   
O X X O   
O X O O O 
X X       
----------

Black 0,0
----------
X X X X   
      X   
  X X O   
  X O O O 
X X       
----------

White 2,4
----------
X X X X   
      X   
  X X O O 
  X O O O 
X X       
----------

Black 1,2
----------
X X X X   
    X X   
  X X O O 
  X O O O 
X X       
----------

White 1,4
----------
X X X X   
    X X O 
  X X O O 
  X O O O 
X X       
----------

Black 3,0
----------
X X X X   
    X X O 
  X X O O 
X X O O O 
X X       
----------

White 0,4
----------
X X X X O 
    X X O 
  X X O O 
X X O O O 
X X       
----------

Game end.
The winner is X
ta time: 133.87
student time: 44.57
White(You) lose.
=====Round 4=====
Black:You White:TA
Thu Oct 29 21:02:18 PDT 2020
Clean up...
Start Playing...
Black 2,2
----------
          
          
    X     
          
          
----------

White 2,3
----------
          
          
    X O   
          
          
----------

Black 1,2
----------
          
    X     
    X O   
          
          
----------

White 3,3
----------
          
    X     
    X O   
      O   
          
----------

Black 1,1
----------
          
  X X     
    X O   
      O   
          
----------

White 1,3
----------
          
  X X O   
    X O   
      O   
          
----------

Black 2,1
----------
          
  X X O   
  X X O   
      O   
          
----------

White 0,2
----------
    O     
  X X O   
  X X O   
      O   
          
----------

Black 0,1
----------
  X O     
  X X O   
  X X O   
      O   
          
----------

White 0,3
----------
  X O O   
  X X O   
  X X O   
      O   
          
----------

Black 3,1
----------
  X O O   
  X X O   
  X X O   
  X   O   
          
----------

White 3,2
----------
  X O O   
  X X O   
  X X O   
  X O O   
          
----------

Black 4,1
----------
  X O O   
  X X O   
  X X O   
  X O O   
  X       
----------

White 4,2
----------
  X O O   
  X X O   
  X X O   
  X O O   
  X O     
----------

Black 0,0
----------
X X O O   
  X X O   
  X X O   
  X O O   
  X O     
----------

White 3,0
----------
X X O O   
  X X O   
  X X O   
O X O O   
  X O     
----------

Black 2,0
----------
X X O O   
  X X O   
X X X O   
O X O O   
  X O     
----------

White 2,4
----------
X X O O   
  X X O   
X X X O O 
O X O O   
  X O     
----------

Black 4,4
----------
X X O O   
  X X O   
X X X O O 
O X O O   
  X O   X 
----------

White 0,4
----------
X X O O O 
  X X O   
X X X O O 
O X O O   
  X O   X 
----------

Black 4,0
----------
X X O O O 
  X X O   
X X X O O 
  X O O   
X X O   X 
----------

White 4,3
----------
X X O O O 
  X X O   
X X X O O 
  X O O   
X X O O X 
----------

Black PASS
----------
X X O O O 
  X X O   
X X X O O 
  X O O   
X X O O X 
----------

White 3,4
----------
X X O O O 
  X X O   
X X X O O 
  X O O O 
X X O O   
----------

Game end.
The winner is O
ta time: 165.8
student time: 47.95
Black(You) lose.
=====Round 5=====
Black:TA White:You
Thu Oct 29 21:02:54 PDT 2020
Clean up...
Start Playing...
Black 2,2
----------
          
          
    X     
          
          
----------

White 1,1
----------
          
  O       
    X     
          
          
----------

Black 1,2
----------
          
  O X     
    X     
          
          
----------

White 2,1
----------
          
  O X     
  O X     
          
          
----------

Black 3,1
----------
          
  O X     
  O X     
  X       
          
----------

White 0,1
----------
  O       
  O X     
  O X     
  X       
          
----------

Black 3,0
----------
  O       
  O X     
  O X     
X X       
          
----------

White 0,2
----------
  O O     
  O X     
  O X     
X X       
          
----------

Black 1,3
----------
  O O     
  O X X   
  O X     
X X       
          
----------

White 0,3
----------
  O O O   
  O X X   
  O X     
X X       
          
----------

Black 1,4
----------
  O O O   
  O X X X 
  O X     
X X       
          
----------

White 3,3
----------
  O O O   
  O X X X 
  O X     
X X   O   
          
----------

Black 2,0
----------
  O O O   
  O X X X 
X O X     
X X   O   
          
----------

White 3,4
----------
  O O O   
  O X X X 
X O X     
X X   O O 
          
----------

Black 0,4
----------
  O O O X 
  O X X X 
X O X     
X X   O O 
          
----------

White 3,2
----------
  O O O X 
  O X X X 
X O X     
X X O O O 
          
----------

Black 1,0
----------
  O O O X 
X O X X X 
X O X     
X X O O O 
          
----------

White 2,3
----------
  O O O X 
X O X X X 
X O X O   
X X O O O 
          
----------

Black 0,0
----------
X       X 
X   X X X 
X   X O   
X X O O O 
          
----------

White 4,2
----------
X       X 
X   X X X 
X   X O   
X X O O O 
    O     
----------

Black 2,4
----------
X       X 
X   X X X 
X   X O X 
X X O O O 
    O     
----------

White 4,1
----------
X       X 
X   X X X 
X   X O X 
X X O O O 
  O O     
----------

Black 1,1
----------
X       X 
X X X X X 
X   X O X 
X X O O O 
  O O     
----------

White 4,0
----------
X       X 
X X X X X 
X   X O X 
X X O O O 
O O O     
----------

Game end.
The winner is X
ta time: 200.18
student time: 51.24
White(You) lose.
=====Round 6=====
Black:You White:TA
Thu Oct 29 21:03:30 PDT 2020
Clean up...
Start Playing...
Black 2,2
----------
          
          
    X     
          
          
----------

White 1,3
----------
          
      O   
    X     
          
          
----------

Black 2,1
----------
          
      O   
  X X     
          
          
----------

White 1,2
----------
          
    O O   
  X X     
          
          
----------

Black 1,1
----------
          
  X O O   
  X X     
          
          
----------

White 2,3
----------
          
  X O O   
  X X O   
          
          
----------

Black 3,1
----------
          
  X O O   
  X X O   
  X       
          
----------

White 3,3
----------
          
  X O O   
  X X O   
  X   O   
          
----------

Black 3,2
----------
          
  X O O   
  X X O   
  X X O   
          
----------

White 4,2
----------
          
  X O O   
  X X O   
  X X O   
    O     
----------

Black 4,1
----------
          
  X O O   
  X X O   
  X X O   
  X O     
----------

White 4,3
----------
          
  X O O   
  X X O   
  X X O   
  X O O   
----------

Black 0,1
----------
  X       
  X O O   
  X X O   
  X X O   
  X O O   
----------

White 0,2
----------
  X O     
  X O O   
  X X O   
  X X O   
  X O O   
----------

Black 0,0
----------
X X O     
  X O O   
  X X O   
  X X O   
  X O O   
----------

White 3,0
----------
X X O     
  X O O   
  X X O   
O X X O   
  X O O   
----------

Black 2,0
----------
X X O     
  X O O   
X X X O   
O X X O   
  X O O   
----------

White 2,4
----------
X X O     
  X O O   
X X X O O 
O X X O   
  X O O   
----------

Black 0,4
----------
X X O   X 
  X O O   
X X X O O 
O X X O   
  X O O   
----------

White 3,4
----------
X X O   X 
  X O O   
X X X O O 
O X X O O 
  X O O   
----------

Black 4,0
----------
X X O   X 
  X O O   
X X X O O 
  X X O O 
X X O O   
----------

White 1,4
----------
X X O   X 
  X O O O 
X X X O O 
  X X O O 
X X O O   
----------

Black PASS
----------
X X O   X 
  X O O O 
X X X O O 
  X X O O 
X X O O   
----------

White 0,3
----------
X X O O   
  X O O O 
X X X O O 
  X X O O 
X X O O   
----------

Game end.
The winner is O
ta time: 230.58
student time: 54.46
Black(You) lose.
=====Round 7=====
Black:TA White:You
Thu Oct 29 21:04:07 PDT 2020
Clean up...
Start Playing...
Black 2,2
----------
          
          
    X     
          
          
----------

White 1,1
----------
          
  O       
    X     
          
          
----------

Black 2,1
----------
          
  O       
  X X     
          
          
----------

White 1,2
----------
          
  O O     
  X X     
          
          
----------

Black 1,3
----------
          
  O O X   
  X X     
          
          
----------

White 1,0
----------
          
O O O X   
  X X     
          
          
----------

Black 0,3
----------
      X   
O O O X   
  X X     
          
          
----------

White 2,0
----------
      X   
O O O X   
O X X     
          
          
----------

Black 3,1
----------
      X   
O O O X   
O X X     
  X       
          
----------

White 3,0
----------
      X   
O O O X   
O X X     
O X       
          
----------

Black 4,1
----------
      X   
O O O X   
O X X     
O X       
  X       
----------

White 3,3
----------
      X   
O O O X   
O X X     
O X   O   
  X       
----------

Black 0,2
----------
    X X   
O O O X   
O X X     
O X   O   
  X       
----------

White 3,4
----------
    X X   
O O O X   
O X X     
O X   O O 
  X       
----------

Black 0,1
----------
  X X X   
O O O X   
O X X     
O X   O O 
  X       
----------

White 3,2
----------
  X X X   
O O O X   
O X X     
O X O O O 
  X       
----------

Black 4,0
----------
  X X X   
O O O X   
O X X     
O X O O O 
X X       
----------

White 2,3
----------
  X X X   
O O O X   
O X X O   
O X O O O 
X X       
----------

Black 0,0
----------
X X X X   
      X   
  X X O   
  X O O O 
X X       
----------

White 2,4
----------
X X X X   
      X   
  X X O O 
  X O O O 
X X       
----------

Black 1,2
----------
X X X X   
    X X   
  X X O O 
  X O O O 
X X       
----------

White 1,4
----------
X X X X   
    X X O 
  X X O O 
  X O O O 
X X       
----------

Black 2,0
----------
X X X X   
    X X O 
X X X O O 
  X O O O 
X X       
----------

White 0,4
----------
X X X X O 
    X X O 
X X X O O 
  X O O O 
X X       
----------

Game end.
The winner is X
ta time: 264.29
student time: 57.64
White(You) lose.
=====Round 8=====
Black:You White:TA
Thu Oct 29 21:04:44 PDT 2020
Clean up...
Start Playing...
Black 2,2
----------
          
          
    X     
          
          
----------

White 3,2
----------
          
          
    X     
    O     
          
----------

Black 1,2
----------
          
    X     
    X     
    O     
          
----------

White 3,3
----------
          
    X     
    X     
    O O   
          
----------

Black 1,1
----------
          
  X X     
    X     
    O O   
          
----------

White 3,1
----------
          
  X X     
    X     
  O O O   
          
----------

Black 1,3
----------
          
  X X X   
    X     
  O O O   
          
----------

White 2,1
----------
          
  X X X   
  O X     
  O O O   
          
----------

Black 2,3
----------
          
  X X X   
  O X X   
  O O O   
          
----------

White 2,4
----------
          
  X X X   
  O X X O 
  O O O   
          
----------

Black 1,4
----------
          
  X X X X 
  O X X O 
  O O O   
          
----------

White 3,4
----------
          
  X X X X 
  O X X O 
  O O O O 
          
----------

Black 1,0
----------
          
X X X X X 
  O X X O 
  O O O O 
          
----------

White 2,0
----------
          
X X X X X 
O O X X O 
  O O O O 
          
----------

Black 0,0
----------
X         
X X X X X 
O O X X O 
  O O O O 
          
----------

White 0,3
----------
X     O   
X X X X X 
O O X X O 
  O O O O 
          
----------

Black 0,2
----------
X   X O   
X X X X X 
O O X X O 
  O O O O 
          
----------

White 4,1
----------
X   X O   
X X X X X 
O O X X O 
  O O O O 
  O       
----------

Black 4,3
----------
X   X O   
X X X X X 
O O X X O 
  O O O O 
  O   X   
----------

White 4,4
----------
X   X O   
X X X X X 
O O X X O 
  O O O O 
  O   X O 
----------

Black 0,4
----------
X   X   X 
X X X X X 
O O X X O 
  O O O O 
  O   X O 
----------

White 4,2
----------
X   X   X 
X X X X X 
O O X X O 
  O O O O 
  O O   O 
----------

Black PASS
----------
X   X   X 
X X X X X 
O O X X O 
  O O O O 
  O O   O 
----------

White 3,0
----------
X   X   X 
X X X X X 
O O X X O 
O O O O O 
  O O   O 
----------

Game end.
The winner is O
ta time: 294.28
student time: 61.2
Black(You) lose.
=====Round 9=====
Black:TA White:You
Thu Oct 29 21:05:31 PDT 2020
Clean up...
Start Playing...
Black 2,2
----------
          
          
    X     
          
          
----------

White 1,1
----------
          
  O       
    X     
          
          
----------

Black 2,1
----------
          
  O       
  X X     
          
          
----------

White 1,2
----------
          
  O O     
  X X     
          
          
----------

Black 1,3
----------
          
  O O X   
  X X     
          
          
----------

White 1,0
----------
          
O O O X   
  X X     
          
          
----------

Black 0,3
----------
      X   
O O O X   
  X X     
          
          
----------

White 2,0
----------
      X   
O O O X   
O X X     
          
          
----------

Black 3,1
----------
      X   
O O O X   
O X X     
  X       
          
----------

White 3,0
----------
      X   
O O O X   
O X X     
O X       
          
----------

Black 4,1
----------
      X   
O O O X   
O X X     
O X       
  X       
----------

White 3,3
----------
      X   
O O O X   
O X X     
O X   O   
  X       
----------

Black 0,2
----------
    X X   
O O O X   
O X X     
O X   O   
  X       
----------

White 3,4
----------
    X X   
O O O X   
O X X     
O X   O O 
  X       
----------

Black 0,1
----------
  X X X   
O O O X   
O X X     
O X   O O 
  X       
----------

White 3,2
----------
  X X X   
O O O X   
O X X     
O X O O O 
  X       
----------

Black 4,0
----------
  X X X   
O O O X   
O X X     
O X O O O 
X X       
----------

White 2,3
----------
  X X X   
O O O X   
O X X O   
O X O O O 
X X       
----------

Black 0,0
----------
X X X X   
      X   
  X X O   
  X O O O 
X X       
----------

White 2,4
----------
X X X X   
      X   
  X X O O 
  X O O O 
X X       
----------

Black 4,2
----------
X X X X   
      X   
  X X O O 
  X O O O 
X X X     
----------

White 1,4
----------
X X X X   
      X O 
  X X O O 
  X O O O 
X X X     
----------

Black 0,4
----------
X X X X X 
      X O 
  X X O O 
  X O O O 
X X X     
----------

White PASS
----------
X X X X X 
      X O 
  X X O O 
  X O O O 
X X X     
----------

Game end.
The winner is X
ta time: 328.97
student time: 64.47
White(You) lose.
=====Round 10=====
Black:You White:TA
Thu Oct 29 21:06:10 PDT 2020
Clean up...
Start Playing...
Black 2,2
----------
          
          
    X     
          
          
----------

White 2,3
----------
          
          
    X O   
          
          
----------

Black 1,2
----------
          
    X     
    X O   
          
          
----------

White 3,3
----------
          
    X     
    X O   
      O   
          
----------

Black 1,1
----------
          
  X X     
    X O   
      O   
          
----------

White 3,2
----------
          
  X X     
    X O   
    O O   
          
----------

Black 1,3
----------
          
  X X X   
    X O   
    O O   
          
----------

White 3,1
----------
          
  X X X   
    X O   
  O O O   
          
----------

Black 2,1
----------
          
  X X X   
  X X O   
  O O O   
          
----------

White 1,4
----------
          
  X X X O 
  X X O   
  O O O   
          
----------

Black 0,1
----------
  X       
  X X X O 
  X X O   
  O O O   
          
----------

White 2,4
----------
  X       
  X X X O 
  X X O O 
  O O O   
          
----------

Black 0,3
----------
  X   X   
  X X X O 
  X X O O 
  O O O   
          
----------

White 3,0
----------
  X   X   
  X X X O 
  X X O O 
O O O O   
          
----------

Black 0,0
----------
X X   X   
  X X X O 
  X X O O 
O O O O   
          
----------

White 2,0
----------
X X   X   
  X X X O 
O X X O O 
O O O O   
          
----------

Black 0,2
----------
X X X X   
  X X X O 
O X X O O 
O O O O   
          
----------

White 3,4
----------
X X X X   
  X X X O 
O X X O O 
O O O O O 
          
----------

Black 4,1
----------
X X X X   
  X X X O 
O X X O O 
O O O O O 
  X       
----------

White 4,2
----------
X X X X   
  X X X O 
O X X O O 
O O O O O 
  X O     
----------

Black PASS
----------
X X X X   
  X X X O 
O X X O O 
O O O O O 
  X O     
----------

White 0,4
----------
X X X X O 
  X X X O 
O X X O O 
O O O O O 
  X O     
----------

Black PASS
----------
X X X X O 
  X X X O 
O X X O O 
O O O O O 
  X O     
----------

White 1,0
----------
        O 
O       O 
O     O O 
O O O O O 
  X O     
----------

Game end.
The winner is O
ta time: 365.8
student time: 67.82
Black(You) lose.
