Thu Oct 29 23:38:00 PDT 2020

==Playing with qlearning_player==
=====Round 1=====
Black:TA White:You
Thu Oct 29 23:38:00 PDT 2020
Clean up...
Start Playing...
Black 1,2
----------
          
    X     
          
          
          
----------

White 2,1
----------
          
    X     
  O       
          
          
----------

Black 2,2
----------
          
    X     
  O X     
          
          
----------

White 3,1
----------
          
    X     
  O X     
  O       
          
----------

Black 0,0
----------
X         
    X     
  O X     
  O       
          
----------

White 1,1
----------
X         
  O X     
  O X     
  O       
          
----------

Black 0,1
----------
X X       
  O X     
  O X     
  O       
          
----------

White 1,0
----------
X X       
O O X     
  O X     
  O       
          
----------

Black 2,3
----------
X X       
O O X     
  O X X   
  O       
          
----------

White 0,2
----------
    O     
O O X     
  O X X   
  O       
          
----------

Black 3,2
----------
    O     
O O X     
  O X X   
  O X     
          
----------

White 0,3
----------
    O O   
O O X     
  O X X   
  O X     
          
----------

Black 3,3
----------
    O O   
O O X     
  O X X   
  O X X   
          
----------

White 4,1
----------
    O O   
O O X     
  O X X   
  O X X   
  O       
----------

Black 4,2
----------
    O O   
O O X     
  O X X   
  O X X   
  O X     
----------

White 1,3
----------
    O O   
O O X O   
  O X X   
  O X X   
  O X     
----------

Black 2,4
----------
    O O   
O O X O   
  O X X X 
  O X X   
  O X     
----------

White 0,0
----------
O   O O   
O O X O   
  O X X X 
  O X X   
  O X     
----------

Black 2,0
----------
O   O O   
O O X O   
X O X X X 
  O X X   
  O X     
----------

White 3,0
----------
O   O O   
O O X O   
  O X X X 
O O X X   
  O X     
----------

Black 4,3
----------
O   O O   
O O X O   
  O X X X 
O O X X   
  O X X   
----------

White 0,1
----------
O O O O   
O O X O   
  O X X X 
O O X X   
  O X X   
----------

Black 3,4
----------
O O O O   
O O X O   
  O X X X 
O O X X X 
  O X X   
----------

White 1,4
----------
O O O O   
O O X O O 
  O X X X 
O O X X X 
  O X X   
----------

Game end.
The winner is O
ta time: 4.1
student time: 3.35
White(You) win!
=====Round 2=====
Black:You White:TA
Thu Oct 29 23:38:25 PDT 2020
Clean up...
Start Playing...
Black 2,2
----------
          
          
    X     
          
          
----------

White 2,1
----------
          
          
  O X     
          
          
----------

Black 1,2
----------
          
    X     
  O X     
          
          
----------

White 3,2
----------
          
    X     
  O X     
    O     
          
----------

Black 1,1
----------
          
  X X     
  O X     
    O     
          
----------

White 2,3
----------
          
  X X     
  O X O   
    O     
          
----------

Black 3,1
----------
          
  X X     
  O X O   
  X O     
          
----------

White 2,0
----------
          
  X X     
O O X O   
  X O     
          
----------

Black 1,0
----------
          
X X X     
O O X O   
  X O     
          
----------

White 3,3
----------
          
X X X     
O O X O   
  X O O   
          
----------

Black 3,0
----------
          
X X X     
    X O   
X X O O   
          
----------

White 2,1
----------
          
X X X     
  O X O   
X X O O   
          
----------

Black 2,0
----------
          
X X X     
X   X O   
X X O O   
          
----------

White 0,2
----------
    O     
X X X     
X   X O   
X X O O   
          
----------

Black 0,1
----------
  X O     
X X X     
X   X O   
X X O O   
          
----------

White 4,2
----------
  X O     
X X X     
X   X O   
X X O O   
    O     
----------

Black 0,3
----------
  X   X   
X X X     
X   X O   
X X O O   
    O     
----------

White 2,4
----------
  X   X   
X X X     
X   X O O 
X X O O   
    O     
----------

Black 1,3
----------
  X   X   
X X X X   
X   X O O 
X X O O   
    O     
----------

White 3,4
----------
  X   X   
X X X X   
X   X O O 
X X O O O 
    O     
----------

Black 2,1
----------
  X   X   
X X X X   
X X X O O 
X X O O O 
    O     
----------

White 4,1
----------
  X   X   
X X X X   
X X X O O 
X X O O O 
  O O     
----------

Black 0,4
----------
  X   X X 
X X X X   
X X X O O 
X X O O O 
  O O     
----------

White 4,3
----------
  X   X X 
X X X X   
X X X O O 
X X O O O 
  O O O   
----------

Game end.
The winner is X
ta time: 7.56
student time: 6.66
Black(You) win!
=====Round 3=====
Black:TA White:You
Thu Oct 29 23:38:45 PDT 2020
Clean up...
Start Playing...
Black 1,2
----------
          
    X     
          
          
          
----------

White 2,1
----------
          
    X     
  O       
          
          
----------

Black 2,2
----------
          
    X     
  O X     
          
          
----------

White 3,1
----------
          
    X     
  O X     
  O       
          
----------

Black 0,0
----------
X         
    X     
  O X     
  O       
          
----------

White 1,1
----------
X         
  O X     
  O X     
  O       
          
----------

Black 0,1
----------
X X       
  O X     
  O X     
  O       
          
----------

White 1,0
----------
X X       
O O X     
  O X     
  O       
          
----------

Black 2,3
----------
X X       
O O X     
  O X X   
  O       
          
----------

White 0,2
----------
    O     
O O X     
  O X X   
  O       
          
----------

Black 3,2
----------
    O     
O O X     
  O X X   
  O X     
          
----------

White 0,3
----------
    O O   
O O X     
  O X X   
  O X     
          
----------

Black 2,4
----------
    O O   
O O X     
  O X X X 
  O X     
          
----------

White 4,1
----------
    O O   
O O X     
  O X X X 
  O X     
  O       
----------

Black 2,0
----------
    O O   
O O X     
X O X X X 
  O X     
  O       
----------

White 3,0
----------
    O O   
O O X     
  O X X X 
O O X     
  O       
----------

Black 1,3
----------
    O O   
O O X X   
  O X X X 
O O X     
  O       
----------

White 0,4
----------
    O O O 
O O X X   
  O X X X 
O O X     
  O       
----------

Black 3,3
----------
    O O O 
O O X X   
  O X X X 
O O X X   
  O       
----------

White 4,2
----------
    O O O 
O O X X   
  O X X X 
O O X X   
  O O     
----------

Black 1,4
----------
    O O O 
O O X X X 
  O X X X 
O O X X   
  O O     
----------

White 4,3
----------
    O O O 
O O X X X 
  O X X X 
O O X X   
  O O O   
----------

Black 0,1
----------
  X       
O O X X X 
  O X X X 
O O X X   
  O O O   
----------

White 0,0
----------
O X       
O O X X X 
  O X X X 
O O X X   
  O O O   
----------

Game end.
The winner is O
ta time: 11.58
student time: 10.14
White(You) win!
=====Round 4=====
Black:You White:TA
Thu Oct 29 23:39:07 PDT 2020
Clean up...
Start Playing...
Black 2,2
----------
          
          
    X     
          
          
----------

White 2,1
----------
          
          
  O X     
          
          
----------

Black 1,2
----------
          
    X     
  O X     
          
          
----------

White 3,2
----------
          
    X     
  O X     
    O     
          
----------

Black 1,1
----------
          
  X X     
  O X     
    O     
          
----------

White 2,3
----------
          
  X X     
  O X O   
    O     
          
----------

Black 3,1
----------
          
  X X     
  O X O   
  X O     
          
----------

White 4,2
----------
          
  X X     
  O X O   
  X O     
    O     
----------

Black 2,0
----------
          
  X X     
X   X O   
  X O     
    O     
----------

White 1,3
----------
          
  X X O   
X   X O   
  X O     
    O     
----------

Black 0,1
----------
  X       
  X X O   
X   X O   
  X O     
    O     
----------

White 3,3
----------
  X       
  X X O   
X   X O   
  X O O   
    O     
----------

Black 0,2
----------
  X X     
  X X O   
X   X O   
  X O O   
    O     
----------

White 2,4
----------
  X X     
  X X O   
X   X O O 
  X O O   
    O     
----------

Black 0,3
----------
  X X X   
  X X O   
X   X O O 
  X O O   
    O     
----------

White 4,1
----------
  X X X   
  X X O   
X   X O O 
  X O O   
  O O     
----------

Black 0,4
----------
  X X X X 
  X X O   
X   X O O 
  X O O   
  O O     
----------

White 1,0
----------
  X X X X 
O X X O   
X   X O O 
  X O O   
  O O     
----------

Black 0,0
----------
X X X X X 
  X X O   
X   X O O 
  X O O   
  O O     
----------

White 3,4
----------
X X X X X 
  X X O   
X   X O O 
  X O O O 
  O O     
----------

Black 2,1
----------
X X X X X 
  X X O   
X X X O O 
  X O O O 
  O O     
----------

White 1,4
----------
X X X X X 
  X X O O 
X X X O O 
  X O O O 
  O O     
----------

Black 3,0
----------
X X X X X 
  X X O O 
X X X O O 
X X O O O 
  O O     
----------

White 4,3
----------
X X X X X 
  X X O O 
X X X O O 
X X O O O 
  O O O   
----------

Game end.
The winner is O
ta time: 15.15
student time: 13.23
Black(You) lose.
=====Round 5=====
Black:TA White:You
Thu Oct 29 23:39:27 PDT 2020
Clean up...
Start Playing...
Black 1,2
----------
          
    X     
          
          
          
----------

White 2,1
----------
          
    X     
  O       
          
          
----------

Black 2,2
----------
          
    X     
  O X     
          
          
----------

White 3,1
----------
          
    X     
  O X     
  O       
          
----------

Black 0,0
----------
X         
    X     
  O X     
  O       
          
----------

White 1,1
----------
X         
  O X     
  O X     
  O       
          
----------

Black 0,1
----------
X X       
  O X     
  O X     
  O       
          
----------

White 1,0
----------
X X       
O O X     
  O X     
  O       
          
----------

Black 3,2
----------
X X       
O O X     
  O X     
  O X     
          
----------

White 0,2
----------
    O     
O O X     
  O X     
  O X     
          
----------

Black 2,3
----------
    O     
O O X     
  O X X   
  O X     
          
----------

White 0,3
----------
    O O   
O O X     
  O X X   
  O X     
          
----------

Black 2,4
----------
    O O   
O O X     
  O X X X 
  O X     
          
----------

White 4,1
----------
    O O   
O O X     
  O X X X 
  O X     
  O       
----------

Black 4,2
----------
    O O   
O O X     
  O X X X 
  O X     
  O X     
----------

White 1,3
----------
    O O   
O O X O   
  O X X X 
  O X     
  O X     
----------

Black 3,3
----------
    O O   
O O X O   
  O X X X 
  O X X   
  O X     
----------

White 0,0
----------
O   O O   
O O X O   
  O X X X 
  O X X   
  O X     
----------

Black 2,0
----------
O   O O   
O O X O   
X O X X X 
  O X X   
  O X     
----------

White 3,0
----------
O   O O   
O O X O   
  O X X X 
O O X X   
  O X     
----------

Black 4,3
----------
O   O O   
O O X O   
  O X X X 
O O X X   
  O X X   
----------

White 0,1
----------
O O O O   
O O X O   
  O X X X 
O O X X   
  O X X   
----------

Black 3,4
----------
O O O O   
O O X O   
  O X X X 
O O X X X 
  O X X   
----------

White 1,4
----------
O O O O   
O O X O O 
  O X X X 
O O X X X 
  O X X   
----------

Game end.
The winner is O
ta time: 19.19
student time: 16.7
White(You) win!
=====Round 6=====
Black:You White:TA
Thu Oct 29 23:39:46 PDT 2020
Clean up...
Start Playing...
Black 2,2
----------
          
          
    X     
          
          
----------

White 2,1
----------
          
          
  O X     
          
          
----------

Black 1,2
----------
          
    X     
  O X     
          
          
----------

White 3,2
----------
          
    X     
  O X     
    O     
          
----------

Black 1,1
----------
          
  X X     
  O X     
    O     
          
----------

White 2,3
----------
          
  X X     
  O X O   
    O     
          
----------

Black 3,1
----------
          
  X X     
  O X O   
  X O     
          
----------

White 2,0
----------
          
  X X     
O O X O   
  X O     
          
----------

Black 1,0
----------
          
X X X     
O O X O   
  X O     
          
----------

White 2,4
----------
          
X X X     
O O X O O 
  X O     
          
----------

Black 3,0
----------
          
X X X     
    X O O 
X X O     
          
----------

White 2,1
----------
          
X X X     
  O X O O 
X X O     
          
----------

Black 2,0
----------
          
X X X     
X   X O O 
X X O     
          
----------

White 4,2
----------
          
X X X     
X   X O O 
X X O     
    O     
----------

Black 1,3
----------
          
X X X X   
X   X O O 
X X O     
    O     
----------

White 3,3
----------
          
X X X X   
X   X O O 
X X O O   
    O     
----------

Black 0,3
----------
      X   
X X X X   
X   X O O 
X X O O   
    O     
----------

White 0,2
----------
    O X   
X X X X   
X   X O O 
X X O O   
    O     
----------

Black 0,1
----------
  X   X   
X X X X   
X   X O O 
X X O O   
    O     
----------

White 1,4
----------
  X   X   
X X X X O 
X   X O O 
X X O O   
    O     
----------

Black 2,1
----------
  X   X   
X X X X O 
X X X O O 
X X O O   
    O     
----------

White 3,4
----------
  X   X   
X X X X O 
X X X O O 
X X O O O 
    O     
----------

Black 0,4
----------
  X   X X 
X X X X O 
X X X O O 
X X O O O 
    O     
----------

White 4,1
----------
  X   X X 
X X X X O 
X X X O O 
X X O O O 
  O O     
----------

Game end.
The winner is X
ta time: 22.91
student time: 20.16
Black(You) win!
=====Round 7=====
Black:TA White:You
Thu Oct 29 23:40:06 PDT 2020
Clean up...
Start Playing...
Black 1,2
----------
          
    X     
          
          
          
----------

White 2,1
----------
          
    X     
  O       
          
          
----------

Black 2,2
----------
          
    X     
  O X     
          
          
----------

White 3,1
----------
          
    X     
  O X     
  O       
          
----------

Black 0,0
----------
X         
    X     
  O X     
  O       
          
----------

White 1,1
----------
X         
  O X     
  O X     
  O       
          
----------

Black 0,1
----------
X X       
  O X     
  O X     
  O       
          
----------

White 1,0
----------
X X       
O O X     
  O X     
  O       
          
----------

Black 2,3
----------
X X       
O O X     
  O X X   
  O       
          
----------

White 0,2
----------
    O     
O O X     
  O X X   
  O       
          
----------

Black 3,2
----------
    O     
O O X     
  O X X   
  O X     
          
----------

White 0,3
----------
    O O   
O O X     
  O X X   
  O X     
          
----------

Black 3,3
----------
    O O   
O O X     
  O X X   
  O X X   
          
----------

White 4,1
----------
    O O   
O O X     
  O X X   
  O X X   
  O       
----------

Black 1,3
----------
    O O   
O O X X   
  O X X   
  O X X   
  O       
----------

White 0,4
----------
    O O O 
O O X X   
  O X X   
  O X X   
  O       
----------

Black 2,0
----------
    O O O 
O O X X   
X O X X   
  O X X   
  O       
----------

White 3,0
----------
    O O O 
O O X X   
  O X X   
O O X X   
  O       
----------

Black 4,2
----------
    O O O 
O O X X   
  O X X   
O O X X   
  O X     
----------

White 1,4
----------
    O O O 
O O X X O 
  O X X   
O O X X   
  O X     
----------

Black 2,4
----------
    O O O 
O O X X O 
  O X X X 
O O X X   
  O X     
----------

White 3,4
----------
    O O O 
O O X X O 
  O X X X 
O O X X O 
  O X     
----------

Black 0,1
----------
  X       
O O X X   
  O X X X 
O O X X O 
  O X     
----------

White 0,0
----------
O X       
O O X X   
  O X X X 
O O X X O 
  O X     
----------

Game end.
The winner is O
ta time: 27.2
student time: 23.17
White(You) win!
=====Round 8=====
Black:You White:TA
Thu Oct 29 23:40:25 PDT 2020
Clean up...
Start Playing...
Black 2,2
----------
          
          
    X     
          
          
----------

White 2,1
----------
          
          
  O X     
          
          
----------

Black 1,2
----------
          
    X     
  O X     
          
          
----------

White 3,2
----------
          
    X     
  O X     
    O     
          
----------

Black 1,1
----------
          
  X X     
  O X     
    O     
          
----------

White 2,3
----------
          
  X X     
  O X O   
    O     
          
----------

Black 3,1
----------
          
  X X     
  O X O   
  X O     
          
----------

White 2,0
----------
          
  X X     
O O X O   
  X O     
          
----------

Black 1,0
----------
          
X X X     
O O X O   
  X O     
          
----------

White 0,2
----------
    O     
X X X     
O O X O   
  X O     
          
----------

Black 3,0
----------
    O     
X X X     
    X O   
X X O     
          
----------

White 2,1
----------
    O     
X X X     
  O X O   
X X O     
          
----------

Black 2,0
----------
    O     
X X X     
X   X O   
X X O     
          
----------

White 2,4
----------
    O     
X X X     
X   X O O 
X X O     
          
----------

Black 0,1
----------
  X O     
X X X     
X   X O O 
X X O     
          
----------

White 1,3
----------
  X O     
X X X O   
X   X O O 
X X O     
          
----------

Black 2,1
----------
  X O     
X X X O   
X X X O O 
X X O     
          
----------

White 4,2
----------
  X O     
X X X O   
X X X O O 
X X O     
    O     
----------

Black 4,0
----------
  X O     
X X X O   
X X X O O 
X X O     
X   O     
----------

White 3,3
----------
  X O     
X X X O   
X X X O O 
X X O O   
X   O     
----------

Black 0,4
----------
  X O   X 
X X X O   
X X X O O 
X X O O   
X   O     
----------

White 4,1
----------
  X O   X 
X X X O   
X X X O O 
X X O O   
X O O     
----------

Black 4,4
----------
  X O   X 
X X X O   
X X X O O 
X X O O   
X O O   X 
----------

White 0,0
----------
O   O   X 
      O   
      O O 
    O O   
  O O   X 
----------

Game end.
The winner is O
ta time: 30.84
student time: 26.44
Black(You) lose.
=====Round 9=====
Black:TA White:You
Thu Oct 29 23:40:40 PDT 2020
Clean up...
Start Playing...
Black 1,2
----------
          
    X     
          
          
          
----------

White 2,1
----------
          
    X     
  O       
          
          
----------

Black 2,2
----------
          
    X     
  O X     
          
          
----------

White 3,1
----------
          
    X     
  O X     
  O       
          
----------

Black 0,0
----------
X         
    X     
  O X     
  O       
          
----------

White 1,1
----------
X         
  O X     
  O X     
  O       
          
----------

Black 0,1
----------
X X       
  O X     
  O X     
  O       
          
----------

White 1,0
----------
X X       
O O X     
  O X     
  O       
          
----------

Black 3,2
----------
X X       
O O X     
  O X     
  O X     
          
----------

White 0,2
----------
    O     
O O X     
  O X     
  O X     
          
----------

Black 2,3
----------
    O     
O O X     
  O X X   
  O X     
          
----------

White 0,3
----------
    O O   
O O X     
  O X X   
  O X     
          
----------

Black 3,3
----------
    O O   
O O X     
  O X X   
  O X X   
          
----------

White 4,1
----------
    O O   
O O X     
  O X X   
  O X X   
  O       
----------

Black 2,0
----------
    O O   
O O X     
X O X X   
  O X X   
  O       
----------

White 3,0
----------
    O O   
O O X     
  O X X   
O O X X   
  O       
----------

Black 1,3
----------
    O O   
O O X X   
  O X X   
O O X X   
  O       
----------

White 0,4
----------
    O O O 
O O X X   
  O X X   
O O X X   
  O       
----------

Black 2,4
----------
    O O O 
O O X X   
  O X X X 
O O X X   
  O       
----------

White 4,2
----------
    O O O 
O O X X   
  O X X X 
O O X X   
  O O     
----------

Black 0,1
----------
  X O O O 
O O X X   
  O X X X 
O O X X   
  O O     
----------

White 0,0
----------
O   O O O 
O O X X   
  O X X X 
O O X X   
  O O     
----------

Black 4,3
----------
O   O O O 
O O X X   
  O X X X 
O O X X   
  O O X   
----------

White 0,1
----------
O O O O O 
O O X X   
  O X X X 
O O X X   
  O O X   
----------

Game end.
The winner is O
ta time: 34.91
student time: 29.87
White(You) win!
=====Round 10=====
Black:You White:TA
Thu Oct 29 23:40:57 PDT 2020
Clean up...
Start Playing...
Black 2,2
----------
          
          
    X     
          
          
----------

White 2,1
----------
          
          
  O X     
          
          
----------

Black 1,2
----------
          
    X     
  O X     
          
          
----------

White 3,2
----------
          
    X     
  O X     
    O     
          
----------

Black 1,1
----------
          
  X X     
  O X     
    O     
          
----------

White 2,3
----------
          
  X X     
  O X O   
    O     
          
----------

Black 3,1
----------
          
  X X     
  O X O   
  X O     
          
----------

White 2,0
----------
          
  X X     
O O X O   
  X O     
          
----------

Black 1,0
----------
          
X X X     
O O X O   
  X O     
          
----------

White 2,4
----------
          
X X X     
O O X O O 
  X O     
          
----------

Black 3,0
----------
          
X X X     
    X O O 
X X O     
          
----------

White 2,1
----------
          
X X X     
  O X O O 
X X O     
          
----------

Black 2,0
----------
          
X X X     
X   X O O 
X X O     
          
----------

White 3,3
----------
          
X X X     
X   X O O 
X X O O   
          
----------

Black 1,3
----------
          
X X X X   
X   X O O 
X X O O   
          
----------

White 4,2
----------
          
X X X X   
X   X O O 
X X O O   
    O     
----------

Black 0,3
----------
      X   
X X X X   
X   X O O 
X X O O   
    O     
----------

White 0,2
----------
    O X   
X X X X   
X   X O O 
X X O O   
    O     
----------

Black 0,1
----------
  X   X   
X X X X   
X   X O O 
X X O O   
    O     
----------

White 4,1
----------
  X   X   
X X X X   
X   X O O 
X X O O   
  O O     
----------

Black 2,1
----------
  X   X   
X X X X   
X X X O O 
X X O O   
  O O     
----------

White 3,4
----------
  X   X   
X X X X   
X X X O O 
X X O O O 
  O O     
----------

Black 0,4
----------
  X   X X 
X X X X   
X X X O O 
X X O O O 
  O O     
----------

White 4,3
----------
  X   X X 
X X X X   
X X X O O 
X X O O O 
  O O O   
----------

Game end.
The winner is X
ta time: 38.63
student time: 33.35
Black(You) win!

==Playing with championship_player==
=====Round 1=====
Black:TA White:You
Thu Oct 29 23:41:12 PDT 2020
Clean up...
Start Playing...
Black 2,2
----------
          
          
    X     
          
          
----------

White 1,1
----------
          
  O       
    X     
          
          
----------

Black 1,2
----------
          
  O X     
    X     
          
          
----------

White 3,3
----------
          
  O X     
    X     
      O   
          
----------

Black 2,1
----------
          
  O X     
  X X     
      O   
          
----------

White 2,3
----------
          
  O X     
  X X O   
      O   
          
----------

Black 1,3
----------
          
  O X X   
  X X O   
      O   
          
----------

White 3,2
----------
          
  O X X   
  X X O   
    O O   
          
----------

Black 3,1
----------
          
  O X X   
  X X O   
  X O O   
          
----------

White 0,1
----------
  O       
  O X X   
  X X O   
  X O O   
          
----------

Black 4,1
----------
  O       
  O X X   
  X X O   
  X O O   
  X       
----------

White 0,2
----------
  O O     
  O X X   
  X X O   
  X O O   
  X       
----------

Black 0,3
----------
  O O X   
  O X X   
  X X O   
  X O O   
  X       
----------

White 1,0
----------
  O O X   
O O X X   
  X X O   
  X O O   
  X       
----------

Black 1,4
----------
  O O X   
O O X X X 
  X X O   
  X O O   
  X       
----------

White 2,0
----------
  O O X   
O O X X X 
O X X O   
  X O O   
  X       
----------

Black 3,0
----------
  O O X   
O O X X X 
O X X O   
X X O O   
  X       
----------

White 3,4
----------
  O O X   
O O X X X 
O X X O   
X X O O O 
  X       
----------

Black 4,3
----------
  O O X   
O O X X X 
O X X O   
X X O O O 
  X   X   
----------

White 4,2
----------
  O O X   
O O X X X 
O X X O   
X X O O O 
  X O X   
----------

Black 2,4
----------
  O O X   
O O X X X 
O X X O X 
X X O O O 
  X O X   
----------

White 4,4
----------
  O O X   
O O X X X 
O X X O X 
X X O O O 
  X O   O 
----------

Black 4,3
----------
  O O X   
O O X X X 
O X X   X 
X X       
  X   X   
----------

White PASS
----------
  O O X   
O O X X X 
O X X   X 
X X       
  X   X   
----------

Game end.
The winner is X
ta time: 72.88
student time: 36.71
White(You) lose.
=====Round 2=====
Black:You White:TA
Thu Oct 29 23:41:48 PDT 2020
Clean up...
Start Playing...
Black 2,2
----------
          
          
    X     
          
          
----------

White 2,3
----------
          
          
    X O   
          
          
----------

Black 1,2
----------
          
    X     
    X O   
          
          
----------

White 3,3
----------
          
    X     
    X O   
      O   
          
----------

Black 1,1
----------
          
  X X     
    X O   
      O   
          
----------

White 3,2
----------
          
  X X     
    X O   
    O O   
          
----------

Black 1,3
----------
          
  X X X   
    X O   
    O O   
          
----------

White 3,1
----------
          
  X X X   
    X O   
  O O O   
          
----------

Black 2,1
----------
          
  X X X   
  X X O   
  O O O   
          
----------

White 1,4
----------
          
  X X X O 
  X X O   
  O O O   
          
----------

Black 0,1
----------
  X       
  X X X O 
  X X O   
  O O O   
          
----------

White 2,4
----------
  X       
  X X X O 
  X X O O 
  O O O   
          
----------

Black 0,3
----------
  X   X   
  X X X O 
  X X O O 
  O O O   
          
----------

White 3,0
----------
  X   X   
  X X X O 
  X X O O 
O O O O   
          
----------

Black 0,0
----------
X X   X   
  X X X O 
  X X O O 
O O O O   
          
----------

White 2,0
----------
X X   X   
  X X X O 
O X X O O 
O O O O   
          
----------

Black 0,4
----------
X X   X X 
  X X X O 
O X X O O 
O O O O   
          
----------

White 4,3
----------
X X   X X 
  X X X O 
O X X O O 
O O O O   
      O   
----------

Black 4,1
----------
X X   X X 
  X X X O 
O X X O O 
O O O O   
  X   O   
----------

White 4,0
----------
X X   X X 
  X X X O 
O X X O O 
O O O O   
O X   O   
----------

Black PASS
----------
X X   X X 
  X X X O 
O X X O O 
O O O O   
O X   O   
----------

White 3,4
----------
X X   X X 
  X X X O 
O X X O O 
O O O O O 
O X   O   
----------

Black PASS
----------
X X   X X 
  X X X O 
O X X O O 
O O O O O 
O X   O   
----------

White 4,2
----------
X X   X X 
  X X X O 
O X X O O 
O O O O O 
O   O O   
----------

Game end.
The winner is O
ta time: 108.87
student time: 39.87
Black(You) lose.
=====Round 3=====
Black:TA White:You
Thu Oct 29 23:42:27 PDT 2020
Clean up...
Start Playing...
Black 2,2
----------
          
          
    X     
          
          
----------

White 1,1
----------
          
  O       
    X     
          
          
----------

Black 1,2
----------
          
  O X     
    X     
          
          
----------

White 3,3
----------
          
  O X     
    X     
      O   
          
----------

Black 3,2
----------
          
  O X     
    X     
    X O   
          
----------

White 0,3
----------
      O   
  O X     
    X     
    X O   
          
----------

Black 0,2
----------
    X O   
  O X     
    X     
    X O   
          
----------

White 3,0
----------
    X O   
  O X     
    X     
O   X O   
          
----------

Black 4,2
----------
    X O   
  O X     
    X     
O   X O   
    X     
----------

White 1,3
----------
    X O   
  O X O   
    X     
O   X O   
    X     
----------

Black 2,3
----------
    X O   
  O X O   
    X X   
O   X O   
    X     
----------

White 3,1
----------
    X O   
  O X O   
    X X   
O O X O   
    X     
----------

Black 3,4
----------
    X O   
  O X O   
    X X   
O O X O X 
    X     
----------

White 0,1
----------
  O X O   
  O X O   
    X X   
O O X O X 
    X     
----------

Black 4,3
----------
  O X O   
  O X O   
    X X   
O O X   X 
    X X   
----------

White 1,4
----------
  O X O   
  O X O O 
    X X   
O O X   X 
    X X   
----------

Black 2,1
----------
  O X O   
  O X O O 
  X X X   
O O X   X 
    X X   
----------

White 1,0
----------
  O X O   
O O X O O 
  X X X   
O O X   X 
    X X   
----------

Black 2,4
----------
  O X O   
O O X O O 
  X X X X 
O O X   X 
    X X   
----------

White 2,0
----------
  O X O   
O O X O O 
O X X X X 
O O X   X 
    X X   
----------

Black 4,4
----------
  O X O   
O O X O O 
O X X X X 
O O X   X 
    X X X 
----------

White 4,1
----------
  O X O   
O O X O O 
O X X X X 
O O X   X 
  O X X X 
----------

Black 0,4
----------
  O X   X 
O O X     
O X X X X 
O O X   X 
  O X X X 
----------

White 1,3
----------
  O X   X 
O O X O   
O X X X X 
O O X   X 
  O X X X 
----------

Game end.
The winner is X
ta time: 139.57
student time: 43.1
White(You) lose.
=====Round 4=====
Black:You White:TA
Thu Oct 29 23:43:03 PDT 2020
Clean up...
Start Playing...
Black 2,2
----------
          
          
    X     
          
          
----------

White 1,2
----------
          
    O     
    X     
          
          
----------

Black 1,1
----------
          
  X O     
    X     
          
          
----------

White 1,3
----------
          
  X O O   
    X     
          
          
----------

Black 2,3
----------
          
  X O O   
    X X   
          
          
----------

White 2,1
----------
          
  X O O   
  O X X   
          
          
----------

Black 3,1
----------
          
  X O O   
  O X X   
  X       
          
----------

White 2,0
----------
          
  X O O   
O O X X   
  X       
          
----------

Black 1,0
----------
          
X X O O   
O O X X   
  X       
          
----------

White 2,4
----------
          
X X O O   
O O X X O 
  X       
          
----------

Black 3,0
----------
          
X X O O   
    X X O 
X X       
          
----------

White 3,3
----------
          
X X O O   
    X X O 
X X   O   
          
----------

Black 3,2
----------
          
X X O O   
    X X O 
X X X O   
          
----------

White 4,2
----------
          
X X O O   
    X X O 
X X X O   
    O     
----------

Black 4,1
----------
          
X X O O   
    X X O 
X X X O   
  X O     
----------

White 4,3
----------
          
X X O O   
    X X O 
X X X O   
  X O O   
----------

Black 0,1
----------
  X       
X X O O   
    X X O 
X X X O   
  X O O   
----------

White 1,4
----------
  X       
X X O O O 
    X X O 
X X X O   
  X O O   
----------

Black 0,2
----------
  X X     
X X O O O 
    X X O 
X X X O   
  X O O   
----------

White 0,3
----------
  X X O   
X X O O O 
    X X O 
X X X O   
  X O O   
----------

Black 2,1
----------
  X X O   
X X O O O 
  X X X O 
X X X O   
  X O O   
----------

White 3,4
----------
  X X O   
X X O O O 
  X X X O 
X X X O O 
  X O O   
----------

Black PASS
----------
  X X O   
X X O O O 
  X X X O 
X X X O O 
  X O O   
----------

White 4,4
----------
  X X O   
X X O O O 
  X X X O 
X X X O O 
  X O O O 
----------

Game end.
The winner is O
ta time: 161.83
student time: 46.56
Black(You) lose.
=====Round 5=====
Black:TA White:You
Thu Oct 29 23:43:34 PDT 2020
Clean up...
Start Playing...
Black 2,2
----------
          
          
    X     
          
          
----------

White 1,1
----------
          
  O       
    X     
          
          
----------

Black 2,1
----------
          
  O       
  X X     
          
          
----------

White 1,2
----------
          
  O O     
  X X     
          
          
----------

Black 1,3
----------
          
  O O X   
  X X     
          
          
----------

White 1,0
----------
          
O O O X   
  X X     
          
          
----------

Black 0,3
----------
      X   
O O O X   
  X X     
          
          
----------

White 2,0
----------
      X   
O O O X   
O X X     
          
          
----------

Black 3,1
----------
      X   
O O O X   
O X X     
  X       
          
----------

White 3,0
----------
      X   
O O O X   
O X X     
O X       
          
----------

Black 4,1
----------
      X   
O O O X   
O X X     
O X       
  X       
----------

White 3,3
----------
      X   
O O O X   
O X X     
O X   O   
  X       
----------

Black 0,2
----------
    X X   
O O O X   
O X X     
O X   O   
  X       
----------

White 3,4
----------
    X X   
O O O X   
O X X     
O X   O O 
  X       
----------

Black 0,1
----------
  X X X   
O O O X   
O X X     
O X   O O 
  X       
----------

White 3,2
----------
  X X X   
O O O X   
O X X     
O X O O O 
  X       
----------

Black 4,0
----------
  X X X   
O O O X   
O X X     
O X O O O 
X X       
----------

White 2,3
----------
  X X X   
O O O X   
O X X O   
O X O O O 
X X       
----------

Black 0,0
----------
X X X X   
      X   
  X X O   
  X O O O 
X X       
----------

White 2,4
----------
X X X X   
      X   
  X X O O 
  X O O O 
X X       
----------

Black 1,2
----------
X X X X   
    X X   
  X X O O 
  X O O O 
X X       
----------

White 1,4
----------
X X X X   
    X X O 
  X X O O 
  X O O O 
X X       
----------

Black 1,1
----------
X X X X   
  X X X O 
  X X O O 
  X O O O 
X X       
----------

White 0,4
----------
X X X X O 
  X X X O 
  X X O O 
  X O O O 
X X       
----------

Game end.
The winner is X
ta time: 196.74
student time: 49.58
White(You) lose.
=====Round 6=====
Black:You White:TA
Thu Oct 29 23:44:21 PDT 2020
Clean up...
Start Playing...
Black 2,2
----------
          
          
    X     
          
          
----------

White 2,1
----------
          
          
  O X     
          
          
----------

Black 1,2
----------
          
    X     
  O X     
          
          
----------

White 3,1
----------
          
    X     
  O X     
  O       
          
----------

Black 1,1
----------
          
  X X     
  O X     
  O       
          
----------

White 3,2
----------
          
  X X     
  O X     
  O O     
          
----------

Black 1,3
----------
          
  X X X   
  O X     
  O O     
          
----------

White 3,3
----------
          
  X X X   
  O X     
  O O O   
          
----------

Black 2,3
----------
          
  X X X   
  O X X   
  O O O   
          
----------

White 1,0
----------
          
O X X X   
  O X X   
  O O O   
          
----------

Black 0,1
----------
  X       
O X X X   
  O X X   
  O O O   
          
----------

White 3,4
----------
  X       
O X X X   
  O X X   
  O O O O 
          
----------

Black 0,0
----------
X X       
O X X X   
  O X X   
  O O O O 
          
----------

White 2,0
----------
X X       
O X X X   
O O X X   
  O O O O 
          
----------

Black 0,3
----------
X X   X   
O X X X   
O O X X   
  O O O O 
          
----------

White 2,4
----------
X X   X   
O X X X   
O O X X O 
  O O O O 
          
----------

Black 0,4
----------
X X   X X 
O X X X   
O O X X O 
  O O O O 
          
----------

White 4,1
----------
X X   X X 
O X X X   
O O X X O 
  O O O O 
  O       
----------

Black 4,3
----------
X X   X X 
O X X X   
O O X X O 
  O O O O 
  O   X   
----------

White 4,4
----------
X X   X X 
O X X X   
O O X X O 
  O O O O 
  O   X O 
----------

Black PASS
----------
X X   X X 
O X X X   
O O X X O 
  O O O O 
  O   X O 
----------

White 1,4
----------
X X   X X 
O X X X O 
O O X X O 
  O O O O 
  O   X O 
----------

Black PASS
----------
X X   X X 
O X X X O 
O O X X O 
  O O O O 
  O   X O 
----------

White 0,2
----------
    O     
O       O 
O O     O 
  O O O O 
  O   X O 
----------

Game end.
The winner is O
ta time: 226.18
student time: 52.88
Black(You) lose.
=====Round 7=====
Black:TA White:You
Thu Oct 29 23:45:01 PDT 2020
Clean up...
Start Playing...
Black 2,2
----------
          
          
    X     
          
          
----------

White 1,1
----------
          
  O       
    X     
          
          
----------

Black 1,2
----------
          
  O X     
    X     
          
          
----------

White 3,3
----------
          
  O X     
    X     
      O   
          
----------

Black 3,2
----------
          
  O X     
    X     
    X O   
          
----------

White 0,3
----------
      O   
  O X     
    X     
    X O   
          
----------

Black 1,3
----------
      O   
  O X X   
    X     
    X O   
          
----------

White 2,1
----------
      O   
  O X X   
  O X     
    X O   
          
----------

Black 3,1
----------
      O   
  O X X   
  O X     
  X X O   
          
----------

White 2,3
----------
      O   
  O X X   
  O X O   
  X X O   
          
----------

Black 0,1
----------
  X   O   
  O X X   
  O X O   
  X X O   
          
----------

White 4,3
----------
  X   O   
  O X X   
  O X O   
  X X O   
      O   
----------

Black 1,0
----------
  X   O   
X O X X   
  O X O   
  X X O   
      O   
----------

White 0,4
----------
  X   O O 
X O X X   
  O X O   
  X X O   
      O   
----------

Black 2,0
----------
  X   O O 
X   X X   
X   X O   
  X X O   
      O   
----------

White 4,2
----------
  X   O O 
X   X X   
X   X O   
  X X O   
    O O   
----------

Black 1,4
----------
  X   O O 
X   X X X 
X   X O   
  X X O   
    O O   
----------

White 4,1
----------
  X   O O 
X   X X X 
X   X O   
  X X O   
  O O O   
----------

Black 0,2
----------
  X X     
X   X X X 
X   X O   
  X X O   
  O O O   
----------

White 4,0
----------
  X X     
X   X X X 
X   X O   
  X X O   
O O O O   
----------

Black 0,4
----------
  X X   X 
X   X X X 
X   X O   
  X X O   
O O O O   
----------

White 2,4
----------
  X X   X 
X   X X X 
X   X O O 
  X X O   
O O O O   
----------

Black 2,1
----------
  X X   X 
X   X X X 
X X X O O 
  X X O   
O O O O   
----------

White 3,0
----------
  X X   X 
X   X X X 
X X X O O 
O X X O   
O O O O   
----------

Game end.
The winner is X
ta time: 259.46
student time: 56.06
White(You) lose.
=====Round 8=====
Black:You White:TA
Thu Oct 29 23:45:37 PDT 2020
Clean up...
Start Playing...
Black 2,2
----------
          
          
    X     
          
          
----------

White 2,1
----------
          
          
  O X     
          
          
----------

Black 1,2
----------
          
    X     
  O X     
          
          
----------

White 3,1
----------
          
    X     
  O X     
  O       
          
----------

Black 1,1
----------
          
  X X     
  O X     
  O       
          
----------

White 3,2
----------
          
  X X     
  O X     
  O O     
          
----------

Black 1,3
----------
          
  X X X   
  O X     
  O O     
          
----------

White 3,3
----------
          
  X X X   
  O X     
  O O O   
          
----------

Black 2,3
----------
          
  X X X   
  O X X   
  O O O   
          
----------

White 1,0
----------
          
O X X X   
  O X X   
  O O O   
          
----------

Black 0,1
----------
  X       
O X X X   
  O X X   
  O O O   
          
----------

White 3,4
----------
  X       
O X X X   
  O X X   
  O O O O 
          
----------

Black 0,0
----------
X X       
O X X X   
  O X X   
  O O O O 
          
----------

White 2,0
----------
X X       
O X X X   
O O X X   
  O O O O 
          
----------

Black 0,3
----------
X X   X   
O X X X   
O O X X   
  O O O O 
          
----------

White 2,4
----------
X X   X   
O X X X   
O O X X O 
  O O O O 
          
----------

Black 0,4
----------
X X   X X 
O X X X   
O O X X O 
  O O O O 
          
----------

White 4,2
----------
X X   X X 
O X X X   
O O X X O 
  O O O O 
    O     
----------

Black 4,0
----------
X X   X X 
O X X X   
O O X X O 
  O O O O 
X   O     
----------

White 3,0
----------
X X   X X 
O X X X   
O O X X O 
O O O O O 
X   O     
----------

Black PASS
----------
X X   X X 
O X X X   
O O X X O 
O O O O O 
X   O     
----------

White 4,1
----------
X X   X X 
O X X X   
O O X X O 
O O O O O 
  O O     
----------

Black PASS
----------
X X   X X 
O X X X   
O O X X O 
O O O O O 
  O O     
----------

White 4,4
----------
X X   X X 
O X X X   
O O X X O 
O O O O O 
  O O   O 
----------

Game end.
The winner is O
ta time: 291.34
student time: 59.26
Black(You) lose.
=====Round 9=====
Black:TA White:You
Thu Oct 29 23:46:16 PDT 2020
Clean up...
Start Playing...
Black 2,2
----------
          
          
    X     
          
          
----------

White 1,1
----------
          
  O       
    X     
          
          
----------

Black 1,2
----------
          
  O X     
    X     
          
          
----------

White 3,3
----------
          
  O X     
    X     
      O   
          
----------

Black 3,2
----------
          
  O X     
    X     
    X O   
          
----------

White 0,3
----------
      O   
  O X     
    X     
    X O   
          
----------

Black 0,2
----------
    X O   
  O X     
    X     
    X O   
          
----------

White 3,0
----------
    X O   
  O X     
    X     
O   X O   
          
----------

Black 4,2
----------
    X O   
  O X     
    X     
O   X O   
    X     
----------

White 1,3
----------
    X O   
  O X O   
    X     
O   X O   
    X     
----------

Black 2,3
----------
    X O   
  O X O   
    X X   
O   X O   
    X     
----------

White 3,1
----------
    X O   
  O X O   
    X X   
O O X O   
    X     
----------

Black 3,4
----------
    X O   
  O X O   
    X X   
O O X O X 
    X     
----------

White 0,1
----------
  O X O   
  O X O   
    X X   
O O X O X 
    X     
----------

Black 4,3
----------
  O X O   
  O X O   
    X X   
O O X   X 
    X X   
----------

White 1,4
----------
  O X O   
  O X O O 
    X X   
O O X   X 
    X X   
----------

Black 2,1
----------
  O X O   
  O X O O 
  X X X   
O O X   X 
    X X   
----------

White 1,0
----------
  O X O   
O O X O O 
  X X X   
O O X   X 
    X X   
----------

Black 2,4
----------
  O X O   
O O X O O 
  X X X X 
O O X   X 
    X X   
----------

White 2,0
----------
  O X O   
O O X O O 
O X X X X 
O O X   X 
    X X   
----------

Black 0,4
----------
  O X   X 
O O X     
O X X X X 
O O X   X 
    X X   
----------

White 4,0
----------
  O X   X 
O O X     
O X X X X 
O O X   X 
O   X X   
----------

Black 4,1
----------
  O X   X 
O O X     
O X X X X 
O O X   X 
O X X X   
----------

White PASS
----------
  O X   X 
O O X     
O X X X X 
O O X   X 
O X X X   
----------

Game end.
The winner is X
ta time: 322.22
student time: 62.46
White(You) lose.
=====Round 10=====
Black:You White:TA
Thu Oct 29 23:47:04 PDT 2020
Clean up...
Start Playing...
Black 2,2
----------
          
          
    X     
          
          
----------

White 3,2
----------
          
          
    X     
    O     
          
----------

Black 1,2
----------
          
    X     
    X     
    O     
          
----------

White 3,3
----------
          
    X     
    X     
    O O   
          
----------

Black 1,1
----------
          
  X X     
    X     
    O O   
          
----------

White 3,1
----------
          
  X X     
    X     
  O O O   
          
----------

Black 1,3
----------
          
  X X X   
    X     
  O O O   
          
----------

White 2,0
----------
          
  X X X   
O   X     
  O O O   
          
----------

Black 1,4
----------
          
  X X X X 
O   X     
  O O O   
          
----------

White 2,1
----------
          
  X X X X 
O O X     
  O O O   
          
----------

Black 2,3
----------
          
  X X X X 
O O X X   
  O O O   
          
----------

White 3,4
----------
          
  X X X X 
O O X X   
  O O O O 
          
----------

Black 0,1
----------
  X       
  X X X X 
O O X X   
  O O O O 
          
----------

White 4,1
----------
  X       
  X X X X 
O O X X   
  O O O O 
  O       
----------

Black 0,0
----------
X X       
  X X X X 
O O X X   
  O O O O 
  O       
----------

White 4,3
----------
X X       
  X X X X 
O O X X   
  O O O O 
  O   O   
----------

Black 0,2
----------
X X X     
  X X X X 
O O X X   
  O O O O 
  O   O   
----------

White 2,4
----------
X X X     
  X X X X 
O O X X O 
  O O O O 
  O   O   
----------

Black 0,3
----------
X X X X   
  X X X X 
O O X X O 
  O O O O 
  O   O   
----------

White 1,0
----------
X X X X   
O X X X X 
O O X X O 
  O O O O 
  O   O   
----------

Black PASS
----------
X X X X   
O X X X X 
O O X X O 
  O O O O 
  O   O   
----------

White 4,0
----------
X X X X   
O X X X X 
O O X X O 
  O O O O 
O O   O   
----------

Black PASS
----------
X X X X   
O X X X X 
O O X X O 
  O O O O 
O O   O   
----------

White 4,4
----------
X X X X   
O X X X X 
O O X X O 
  O O O O 
O O   O O 
----------

Game end.
The winner is O
ta time: 357.62
student time: 65.67
Black(You) lose.
