Thu Oct 29 14:33:25 PDT 2020

==Playing with qlearning_player==
=====Round 1=====
Black:TA White:You
Thu Oct 29 14:33:25 PDT 2020
Clean up...
Start Playing...
Black 1,2
----------
          
    X     
          
          
          
----------

White 0,0
----------
O         
    X     
          
          
          
----------

Black 2,2
----------
O         
    X     
    X     
          
          
----------

White 0,1
----------
O O       
    X     
    X     
          
          
----------

Black 3,2
----------
O O       
    X     
    X     
    X     
          
----------

White 1,1
----------
O O       
  O X     
    X     
    X     
          
----------

Black 2,1
----------
O O       
  O X     
  X X     
    X     
          
----------

White 0,2
----------
O O O     
  O X     
  X X     
    X     
          
----------

Black 2,3
----------
O O O     
  O X     
  X X X   
    X     
          
----------

White 0,3
----------
O O O O   
  O X     
  X X X   
    X     
          
----------

Black 3,3
----------
O O O O   
  O X     
  X X X   
    X X   
          
----------

White 1,3
----------
O O O O   
  O X O   
  X X X   
    X X   
          
----------

Black 2,4
----------
O O O O   
  O X O   
  X X X X 
    X X   
          
----------

White 1,0
----------
O O O O   
O O X O   
  X X X X 
    X X   
          
----------

Black 2,0
----------
O O O O   
O O X O   
X X X X X 
    X X   
          
----------

White 3,1
----------
O O O O   
O O X O   
X X X X X 
  O X X   
          
----------

Black 4,2
----------
O O O O   
O O X O   
X X X X X 
  O X X   
    X     
----------

White 3,0
----------
O O O O   
O O X O   
X X X X X 
O O X X   
    X     
----------

Black 4,1
----------
O O O O   
O O X O   
X X X X X 
O O X X   
  X X     
----------

White 4,4
----------
O O O O   
O O X O   
X X X X X 
O O X X   
  X X   O 
----------

Black 4,0
----------
O O O O   
O O X O   
X X X X X 
    X X   
X X X   O 
----------

White PASS
----------
O O O O   
O O X O   
X X X X X 
    X X   
X X X   O 
----------

Black 3,1
----------
O O O O   
O O X O   
X X X X X 
  X X X   
X X X   O 
----------

White PASS
----------
O O O O   
O O X O   
X X X X X 
  X X X   
X X X   O 
----------

Game end.
The winner is X
ta time: 3.42
student time: 3.41
White(You) lose.
=====Round 2=====
Black:You White:TA
Thu Oct 29 14:33:36 PDT 2020
Clean up...
Start Playing...
Black 2,2
----------
          
          
    X     
          
          
----------

White 2,1
----------
          
          
  O X     
          
          
----------

Black 0,0
----------
X         
          
  O X     
          
          
----------

White 1,2
----------
X         
    O     
  O X     
          
          
----------

Black 2,3
----------
X         
    O     
  O X X   
          
          
----------

White 3,2
----------
X         
    O     
  O X X   
    O     
          
----------

Black 1,3
----------
X         
    O X   
  O X X   
    O     
          
----------

White 0,2
----------
X   O     
    O X   
  O X X   
    O     
          
----------

Black 3,3
----------
X   O     
    O X   
  O X X   
    O X   
          
----------

White 2,4
----------
X   O     
    O X   
  O X X O 
    O X   
          
----------

Black 1,4
----------
X   O     
    O X X 
  O X X O 
    O X   
          
----------

White 2,0
----------
X   O     
    O X X 
O O X X O 
    O X   
          
----------

Black 3,4
----------
X   O     
    O X X 
O O X X   
    O X X 
          
----------

White 4,2
----------
X   O     
    O X X 
O O X X   
    O X X 
    O     
----------

Black 0,1
----------
X X O     
    O X X 
O O X X   
    O X X 
    O     
----------

White 3,1
----------
X X O     
    O X X 
O O X X   
  O O X X 
    O     
----------

Black 0,3
----------
X X O X   
    O X X 
O O X X   
  O O X X 
    O     
----------

White 1,1
----------
X X O X   
  O O X X 
O O X X   
  O O X X 
    O     
----------

Black 0,4
----------
X X O X X 
  O O X X 
O O X X   
  O O X X 
    O     
----------

White 1,0
----------
    O X X 
O O O X X 
O O X X   
  O O X X 
    O     
----------

Black 2,4
----------
    O X X 
O O O X X 
O O X X X 
  O O X X 
    O     
----------

White 3,0
----------
    O X X 
O O O X X 
O O X X X 
O O O X X 
    O     
----------

Black PASS
----------
    O X X 
O O O X X 
O O X X X 
O O O X X 
    O     
----------

White 4,3
----------
    O X X 
O O O X X 
O O X X X 
O O O X X 
    O O   
----------

Game end.
The winner is O
ta time: 6.72
student time: 6.65
Black(You) lose.
=====Round 3=====
Black:TA White:You
Thu Oct 29 14:33:46 PDT 2020
Clean up...
Start Playing...
Black 1,2
----------
          
    X     
          
          
          
----------

White 0,0
----------
O         
    X     
          
          
          
----------

Black 2,2
----------
O         
    X     
    X     
          
          
----------

White 0,1
----------
O O       
    X     
    X     
          
          
----------

Black 3,2
----------
O O       
    X     
    X     
    X     
          
----------

White 1,1
----------
O O       
  O X     
    X     
    X     
          
----------

Black 2,3
----------
O O       
  O X     
    X X   
    X     
          
----------

White 2,1
----------
O O       
  O X     
  O X X   
    X     
          
----------

Black 3,3
----------
O O       
  O X     
  O X X   
    X X   
          
----------

White 3,1
----------
O O       
  O X     
  O X X   
  O X X   
          
----------

Black 1,3
----------
O O       
  O X X   
  O X X   
  O X X   
          
----------

White 4,1
----------
O O       
  O X X   
  O X X   
  O X X   
  O       
----------

Black 2,0
----------
O O       
  O X X   
X O X X   
  O X X   
  O       
----------

White 1,0
----------
O O       
O O X X   
X O X X   
  O X X   
  O       
----------

Black 4,2
----------
O O       
O O X X   
X O X X   
  O X X   
  O X     
----------

White 3,0
----------
O O       
O O X X   
  O X X   
O O X X   
  O X     
----------

Black 2,4
----------
O O       
O O X X   
  O X X X 
O O X X   
  O X     
----------

White 0,2
----------
O O O     
O O X X   
  O X X X 
O O X X   
  O X     
----------

Black 4,3
----------
O O O     
O O X X   
  O X X X 
O O X X   
  O X X   
----------

White 0,3
----------
O O O O   
O O X X   
  O X X X 
O O X X   
  O X X   
----------

Black 3,4
----------
O O O O   
O O X X   
  O X X X 
O O X X X 
  O X X   
----------

White 1,4
----------
O O O O   
O O X X O 
  O X X X 
O O X X X 
  O X X   
----------

Black 0,4
----------
O O O O X 
O O X X   
  O X X X 
O O X X X 
  O X X   
----------

White PASS
----------
O O O O X 
O O X X   
  O X X X 
O O X X X 
  O X X   
----------

Game end.
The winner is O
ta time: 10.21
student time: 10.2
White(You) win!
=====Round 4=====
Black:You White:TA
Thu Oct 29 14:33:57 PDT 2020
Clean up...
Start Playing...
Black 2,2
----------
          
          
    X     
          
          
----------

White 2,1
----------
          
          
  O X     
          
          
----------

Black 0,0
----------
X         
          
  O X     
          
          
----------

White 1,2
----------
X         
    O     
  O X     
          
          
----------

Black 2,3
----------
X         
    O     
  O X X   
          
          
----------

White 3,2
----------
X         
    O     
  O X X   
    O     
          
----------

Black 1,3
----------
X         
    O X   
  O X X   
    O     
          
----------

White 1,1
----------
X         
  O O X   
  O X X   
    O     
          
----------

Black 3,3
----------
X         
  O O X   
  O X X   
    O X   
          
----------

White 4,2
----------
X         
  O O X   
  O X X   
    O X   
    O     
----------

Black 0,3
----------
X     X   
  O O X   
  O X X   
    O X   
    O     
----------

White 3,1
----------
X     X   
  O O X   
  O X X   
  O O X   
    O     
----------

Black 1,0
----------
X     X   
X O O X   
  O X X   
  O O X   
    O     
----------

White 2,0
----------
X     X   
X O O X   
O O X X   
  O O X   
    O     
----------

Black 3,4
----------
X     X   
X O O X   
O O X X   
  O O X X 
    O     
----------

White 0,1
----------
  O   X   
  O O X   
O O X X   
  O O X X 
    O     
----------

Black 0,2
----------
  O X X   
  O O X   
O O X X   
  O O X X 
    O     
----------

White 2,4
----------
  O X X   
  O O X   
O O X X O 
  O O X X 
    O     
----------

Black 1,4
----------
  O X X   
  O O X X 
O O X X   
  O O X X 
    O     
----------

White 3,0
----------
  O X X   
  O O X X 
O O X X   
O O O X X 
    O     
----------

Black 0,4
----------
  O X X X 
  O O X X 
O O X X   
O O O X X 
    O     
----------

White 4,1
----------
  O X X X 
  O O X X 
O O X X   
O O O X X 
  O O     
----------

Black 2,4
----------
  O X X X 
  O O X X 
O O X X X 
O O O X X 
  O O     
----------

White 1,0
----------
  O X X X 
O O O X X 
O O X X X 
O O O X X 
  O O     
----------

Game end.
The winner is O
ta time: 13.47
student time: 13.8
Black(You) lose.
=====Round 5=====
Black:TA White:You
Thu Oct 29 14:34:07 PDT 2020
Clean up...
Start Playing...
Black 1,2
----------
          
    X     
          
          
          
----------

White 0,0
----------
O         
    X     
          
          
          
----------

Black 2,2
----------
O         
    X     
    X     
          
          
----------

White 0,1
----------
O O       
    X     
    X     
          
          
----------

Black 3,2
----------
O O       
    X     
    X     
    X     
          
----------

White 1,1
----------
O O       
  O X     
    X     
    X     
          
----------

Black 2,1
----------
O O       
  O X     
  X X     
    X     
          
----------

White 0,2
----------
O O O     
  O X     
  X X     
    X     
          
----------

Black 2,3
----------
O O O     
  O X     
  X X X   
    X     
          
----------

White 0,3
----------
O O O O   
  O X     
  X X X   
    X     
          
----------

Black 1,3
----------
O O O O   
  O X X   
  X X X   
    X     
          
----------

White 0,4
----------
O O O O O 
  O X X   
  X X X   
    X     
          
----------

Black 2,4
----------
O O O O O 
  O X X   
  X X X X 
    X     
          
----------

White 1,0
----------
O O O O O 
O O X X   
  X X X X 
    X     
          
----------

Black 4,2
----------
O O O O O 
O O X X   
  X X X X 
    X     
    X     
----------

White 2,0
----------
O O O O O 
O O X X   
O X X X X 
    X     
    X     
----------

Black 3,1
----------
O O O O O 
O O X X   
O X X X X 
  X X     
    X     
----------

White 3,0
----------
O O O O O 
O O X X   
O X X X X 
O X X     
    X     
----------

Black 3,3
----------
O O O O O 
O O X X   
O X X X X 
O X X X   
    X     
----------

White 4,0
----------
O O O O O 
O O X X   
O X X X X 
O X X X   
O   X     
----------

Black 4,3
----------
O O O O O 
O O X X   
O X X X X 
O X X X   
O   X X   
----------

White PASS
----------
O O O O O 
O O X X   
O X X X X 
O X X X   
O   X X   
----------

Black 3,4
----------
O O O O O 
O O X X   
O X X X X 
O X X X X 
O   X X   
----------

White PASS
----------
O O O O O 
O O X X   
O X X X X 
O X X X X 
O   X X   
----------

Game end.
The winner is O
ta time: 16.79
student time: 16.82
White(You) win!
=====Round 6=====
Black:You White:TA
Thu Oct 29 14:34:18 PDT 2020
Clean up...
Start Playing...
Black 2,2
----------
          
          
    X     
          
          
----------

White 2,1
----------
          
          
  O X     
          
          
----------

Black 0,0
----------
X         
          
  O X     
          
          
----------

White 1,2
----------
X         
    O     
  O X     
          
          
----------

Black 2,3
----------
X         
    O     
  O X X   
          
          
----------

White 3,2
----------
X         
    O     
  O X X   
    O     
          
----------

Black 1,3
----------
X         
    O X   
  O X X   
    O     
          
----------

White 3,1
----------
X         
    O X   
  O X X   
  O O     
          
----------

Black 1,1
----------
X         
  X O X   
  O X X   
  O O     
          
----------

White 0,2
----------
X   O     
  X O X   
  O X X   
  O O     
          
----------

Black 0,3
----------
X   O X   
  X O X   
  O X X   
  O O     
          
----------

White 2,4
----------
X   O X   
  X O X   
  O X X O 
  O O     
          
----------

Black 0,1
----------
X X   X   
  X   X   
  O X X O 
  O O     
          
----------

White 1,2
----------
X X   X   
  X O X   
  O X X O 
  O O     
          
----------

Black 0,2
----------
X X X X   
  X   X   
  O X X O 
  O O     
          
----------

White 2,0
----------
X X X X   
  X   X   
O O X X O 
  O O     
          
----------

Black 1,4
----------
X X X X   
  X   X X 
O O X X O 
  O O     
          
----------

White 4,2
----------
X X X X   
  X   X X 
O O X X O 
  O O     
    O     
----------

Black 3,4
----------
X X X X   
  X   X X 
O O X X   
  O O   X 
    O     
----------

White 3,3
----------
X X X X   
  X   X X 
O O X X   
  O O O X 
    O     
----------

Black 1,2
----------
X X X X   
  X X X X 
O O X X   
  O O O X 
    O     
----------

White 1,0
----------
X X X X   
O X X X X 
O O X X   
  O O O X 
    O     
----------

Black 4,4
----------
X X X X   
O X X X X 
O O X X   
  O O O X 
    O   X 
----------

White 4,3
----------
X X X X   
O X X X X 
O O X X   
  O O O X 
    O O X 
----------

Game end.
The winner is X
ta time: 20.02
student time: 20.06
Black(You) win!
=====Round 7=====
Black:TA White:You
Thu Oct 29 14:34:28 PDT 2020
Clean up...
Start Playing...
Black 1,2
----------
          
    X     
          
          
          
----------

White 0,0
----------
O         
    X     
          
          
          
----------

Black 2,2
----------
O         
    X     
    X     
          
          
----------

White 0,1
----------
O O       
    X     
    X     
          
          
----------

Black 3,2
----------
O O       
    X     
    X     
    X     
          
----------

White 1,1
----------
O O       
  O X     
    X     
    X     
          
----------

Black 2,3
----------
O O       
  O X     
    X X   
    X     
          
----------

White 2,1
----------
O O       
  O X     
  O X X   
    X     
          
----------

Black 3,1
----------
O O       
  O X     
  O X X   
  X X     
          
----------

White 0,2
----------
O O O     
  O X     
  O X X   
  X X     
          
----------

Black 2,4
----------
O O O     
  O X     
  O X X X 
  X X     
          
----------

White 0,3
----------
O O O O   
  O X     
  O X X X 
  X X     
          
----------

Black 3,3
----------
O O O O   
  O X     
  O X X X 
  X X X   
          
----------

White 1,3
----------
O O O O   
  O X O   
  O X X X 
  X X X   
          
----------

Black 4,2
----------
O O O O   
  O X O   
  O X X X 
  X X X   
    X     
----------

White 2,0
----------
O O O O   
  O X O   
O O X X X 
  X X X   
    X     
----------

Black 3,0
----------
O O O O   
  O X O   
O O X X X 
X X X X   
    X     
----------

White 0,4
----------
O O O O O 
  O X O   
O O X X X 
X X X X   
    X     
----------

Black 4,1
----------
O O O O O 
  O X O   
O O X X X 
X X X X   
  X X     
----------

White 4,4
----------
O O O O O 
  O X O   
O O X X X 
X X X X   
  X X   O 
----------

Black 4,3
----------
O O O O O 
  O X O   
O O X X X 
X X X X   
  X X X O 
----------

White PASS
----------
O O O O O 
  O X O   
O O X X X 
X X X X   
  X X X O 
----------

Black 3,4
----------
O O O O O 
  O X O   
O O X X X 
X X X X X 
  X X X   
----------

White PASS
----------
O O O O O 
  O X O   
O O X X X 
X X X X X 
  X X X   
----------

Game end.
The winner is X
ta time: 23.59
student time: 23.23
White(You) lose.
=====Round 8=====
Black:You White:TA
Thu Oct 29 14:34:39 PDT 2020
Clean up...
Start Playing...
Black 2,2
----------
          
          
    X     
          
          
----------

White 2,1
----------
          
          
  O X     
          
          
----------

Black 0,0
----------
X         
          
  O X     
          
          
----------

White 1,2
----------
X         
    O     
  O X     
          
          
----------

Black 2,3
----------
X         
    O     
  O X X   
          
          
----------

White 3,2
----------
X         
    O     
  O X X   
    O     
          
----------

Black 1,3
----------
X         
    O X   
  O X X   
    O     
          
----------

White 3,1
----------
X         
    O X   
  O X X   
  O O     
          
----------

Black 1,1
----------
X         
  X O X   
  O X X   
  O O     
          
----------

White 2,0
----------
X         
  X O X   
O O X X   
  O O     
          
----------

Black 0,2
----------
X   X     
  X   X   
O O X X   
  O O     
          
----------

White 4,2
----------
X   X     
  X   X   
O O X X   
  O O     
    O     
----------

Black 3,3
----------
X   X     
  X   X   
O O X X   
  O O X   
    O     
----------

White 2,4
----------
X   X     
  X   X   
O O X X O 
  O O X   
    O     
----------

Black 1,4
----------
X   X     
  X   X X 
O O X X O 
  O O X   
    O     
----------

White 3,0
----------
X   X     
  X   X X 
O O X X O 
O O O X   
    O     
----------

Black 3,4
----------
X   X     
  X   X X 
O O X X   
O O O X X 
    O     
----------

White 4,1
----------
X   X     
  X   X X 
O O X X   
O O O X X 
  O O     
----------

Black 1,2
----------
X   X     
  X X X X 
O O X X   
O O O X X 
  O O     
----------

White 1,0
----------
X   X     
O X X X X 
O O X X   
O O O X X 
  O O     
----------

Black 4,3
----------
X   X     
O X X X X 
O O X X   
O O O X X 
  O O X   
----------

White 0,1
----------
  O X     
O X X X X 
O O X X   
O O O X X 
  O O X   
----------

Black 0,3
----------
  O X X   
O X X X X 
O O X X   
O O O X X 
  O O X   
----------

White 0,0
----------
O O X X   
O X X X X 
O O X X   
O O O X X 
  O O X   
----------

Game end.
The winner is O
ta time: 26.79
student time: 26.24
Black(You) lose.
=====Round 9=====
Black:TA White:You
Thu Oct 29 14:34:49 PDT 2020
Clean up...
Start Playing...
Black 1,2
----------
          
    X     
          
          
          
----------

White 0,0
----------
O         
    X     
          
          
          
----------

Black 2,2
----------
O         
    X     
    X     
          
          
----------

White 0,1
----------
O O       
    X     
    X     
          
          
----------

Black 3,2
----------
O O       
    X     
    X     
    X     
          
----------

White 1,1
----------
O O       
  O X     
    X     
    X     
          
----------

Black 2,3
----------
O O       
  O X     
    X X   
    X     
          
----------

White 2,1
----------
O O       
  O X     
  O X X   
    X     
          
----------

Black 3,3
----------
O O       
  O X     
  O X X   
    X X   
          
----------

White 3,1
----------
O O       
  O X     
  O X X   
  O X X   
          
----------

Black 2,4
----------
O O       
  O X     
  O X X X 
  O X X   
          
----------

White 4,1
----------
O O       
  O X     
  O X X X 
  O X X   
  O       
----------

Black 4,2
----------
O O       
  O X     
  O X X X 
  O X X   
  O X     
----------

White 0,2
----------
O O O     
  O X     
  O X X X 
  O X X   
  O X     
----------

Black 1,3
----------
O O O     
  O X X   
  O X X X 
  O X X   
  O X     
----------

White 0,3
----------
O O O O   
  O X X   
  O X X X 
  O X X   
  O X     
----------

Black 2,0
----------
O O O O   
  O X X   
X O X X X 
  O X X   
  O X     
----------

White 1,0
----------
O O O O   
O O X X   
X O X X X 
  O X X   
  O X     
----------

Black 4,3
----------
O O O O   
O O X X   
X O X X X 
  O X X   
  O X X   
----------

White 3,0
----------
O O O O   
O O X X   
  O X X X 
O O X X   
  O X X   
----------

Black 1,4
----------
O O O O   
O O X X X 
  O X X X 
O O X X   
  O X X   
----------

White 0,4
----------
O O O O O 
O O X X X 
  O X X X 
O O X X   
  O X X   
----------

Black 3,4
----------
O O O O O 
O O X X X 
  O X X X 
O O X X X 
  O X X   
----------

White 4,4
----------
O O O O O 
O O       
  O       
O O       
  O     O 
----------

Game end.
The winner is O
ta time: 30.35
student time: 29.44
White(You) win!
=====Round 10=====
Black:You White:TA
Thu Oct 29 14:35:00 PDT 2020
Clean up...
Start Playing...
Black 2,2
----------
          
          
    X     
          
          
----------

White 2,1
----------
          
          
  O X     
          
          
----------

Black 0,0
----------
X         
          
  O X     
          
          
----------

White 1,2
----------
X         
    O     
  O X     
          
          
----------

Black 2,3
----------
X         
    O     
  O X X   
          
          
----------

White 3,2
----------
X         
    O     
  O X X   
    O     
          
----------

Black 1,3
----------
X         
    O X   
  O X X   
    O     
          
----------

White 3,3
----------
X         
    O X   
  O X X   
    O O   
          
----------

Black 1,1
----------
X         
  X O X   
  O X X   
    O O   
          
----------

White 2,4
----------
X         
  X O X   
  O X X O 
    O O   
          
----------

Black 0,2
----------
X   X     
  X   X   
  O X X O 
    O O   
          
----------

White 2,0
----------
X   X     
  X   X   
O O X X O 
    O O   
          
----------

Black 1,4
----------
X   X     
  X   X X 
O O X X O 
    O O   
          
----------

White 4,2
----------
X   X     
  X   X X 
O O X X O 
    O O   
    O     
----------

Black 1,2
----------
X   X     
  X X X X 
O O X X O 
    O O   
    O     
----------

White 3,1
----------
X   X     
  X X X X 
O O X X O 
  O O O   
    O     
----------

Black 0,1
----------
X X X     
  X X X X 
O O X X O 
  O O O   
    O     
----------

White 3,0
----------
X X X     
  X X X X 
O O X X O 
O O O O   
    O     
----------

Black 0,3
----------
X X X X   
  X X X X 
O O X X O 
O O O O   
    O     
----------

White 4,3
----------
X X X X   
  X X X X 
O O X X O 
O O O O   
    O O   
----------

Black 3,4
----------
X X X X   
  X X X X 
O O X X   
O O O O X 
    O O   
----------

White 1,0
----------
X X X X   
O X X X X 
O O X X   
O O O O X 
    O O   
----------

Black 2,4
----------
X X X X   
O X X X X 
O O X X X 
O O O O X 
    O O   
----------

White 4,1
----------
X X X X   
O X X X X 
O O X X X 
O O O O X 
  O O O   
----------

Game end.
The winner is O
ta time: 33.43
student time: 32.64
Black(You) lose.

==Playing with championship_player==
=====Round 1=====
Black:TA White:You
Thu Oct 29 14:35:10 PDT 2020
Clean up...
Start Playing...
Black 2,2
----------
          
          
    X     
          
          
----------

White 1,2
----------
          
    O     
    X     
          
          
----------

Black 1,1
----------
          
  X O     
    X     
          
          
----------

White 1,3
----------
          
  X O O   
    X     
          
          
----------

Black 2,3
----------
          
  X O O   
    X X   
          
          
----------

White 0,0
----------
O         
  X O O   
    X X   
          
          
----------

Black 1,4
----------
O         
  X O O X 
    X X   
          
          
----------

White 0,3
----------
O     O   
  X O O X 
    X X   
          
          
----------

Black 2,4
----------
O     O   
  X O O X 
    X X X 
          
          
----------

White 1,0
----------
O     O   
O X O O X 
    X X X 
          
          
----------

Black 0,4
----------
O     O X 
O X O O X 
    X X X 
          
          
----------

White 0,1
----------
O O   O X 
O X O O X 
    X X X 
          
          
----------

Black 0,2
----------
O O X   X 
O X     X 
    X X X 
          
          
----------

White 2,1
----------
O O X   X 
O X     X 
  O X X X 
          
          
----------

Black 2,0
----------
    X   X 
  X     X 
X O X X X 
          
          
----------

White 3,0
----------
    X   X 
  X     X 
X O X X X 
O         
          
----------

Black 3,1
----------
    X   X 
  X     X 
X   X X X 
O X       
          
----------

White PASS
----------
    X   X 
  X     X 
X   X X X 
O X       
          
----------

Black 4,0
----------
    X   X 
  X     X 
X   X X X 
  X       
X         
----------

White PASS
----------
    X   X 
  X     X 
X   X X X 
  X       
X         
----------

Black 1,0
----------
    X   X 
X X     X 
X   X X X 
  X       
X         
----------

White PASS
----------
    X   X 
X X     X 
X   X X X 
  X       
X         
----------

Black 1,3
----------
    X   X 
X X   X X 
X   X X X 
  X       
X         
----------

White PASS
----------
    X   X 
X X   X X 
X   X X X 
  X       
X         
----------

Game end.
The winner is X
ta time: 57.81
student time: 35.8
White(You) lose.
=====Round 2=====
Black:You White:TA
Thu Oct 29 14:35:33 PDT 2020
Clean up...
Start Playing...
Black 2,2
----------
          
          
    X     
          
          
----------

White 1,2
----------
          
    O     
    X     
          
          
----------

Black 0,0
----------
X         
    O     
    X     
          
          
----------

White 2,1
----------
X         
    O     
  O X     
          
          
----------

Black 2,3
----------
X         
    O     
  O X X   
          
          
----------

White 1,1
----------
X         
  O O     
  O X X   
          
          
----------

Black 1,3
----------
X         
  O O X   
  O X X   
          
          
----------

White 3,1
----------
X         
  O O X   
  O X X   
  O       
          
----------

Black 3,3
----------
X         
  O O X   
  O X X   
  O   X   
          
----------

White 0,2
----------
X   O     
  O O X   
  O X X   
  O   X   
          
----------

Black 3,2
----------
X   O     
  O O X   
  O X X   
  O X X   
          
----------

White 4,1
----------
X   O     
  O O X   
  O X X   
  O X X   
  O       
----------

Black 0,3
----------
X   O X   
  O O X   
  O X X   
  O X X   
  O       
----------

White 1,0
----------
X   O X   
O O O X   
  O X X   
  O X X   
  O       
----------

Black 3,4
----------
X   O X   
O O O X   
  O X X   
  O X X X 
  O       
----------

White 3,0
----------
X   O X   
O O O X   
  O X X   
O O X X X 
  O       
----------

Black 0,4
----------
X   O X X 
O O O X   
  O X X   
O O X X X 
  O       
----------

White 4,2
----------
X   O X X 
O O O X   
  O X X   
O O X X X 
  O O     
----------

Black 1,4
----------
X   O X X 
O O O X X 
  O X X   
O O X X X 
  O O     
----------

White 0,1
----------
  O O X X 
O O O X X 
  O X X   
O O X X X 
  O O     
----------

Black 2,4
----------
  O O X X 
O O O X X 
  O X X X 
O O X X X 
  O O     
----------

White 4,4
----------
  O O X X 
O O O X X 
  O X X X 
O O X X X 
  O O   O 
----------

Black PASS
----------
  O O X X 
O O O X X 
  O X X X 
O O X X X 
  O O   O 
----------

White 0,0
----------
O O O X X 
O O O X X 
  O X X X 
O O X X X 
  O O   O 
----------

Game end.
The winner is O
ta time: 94
student time: 39.12
Black(You) lose.
=====Round 3=====
Black:TA White:You
Thu Oct 29 14:36:03 PDT 2020
Clean up...
Start Playing...
Black 2,2
----------
          
          
    X     
          
          
----------

White 1,2
----------
          
    O     
    X     
          
          
----------

Black 1,1
----------
          
  X O     
    X     
          
          
----------

White 1,3
----------
          
  X O O   
    X     
          
          
----------

Black 2,3
----------
          
  X O O   
    X X   
          
          
----------

White 0,0
----------
O         
  X O O   
    X X   
          
          
----------

Black 2,1
----------
O         
  X O O   
  X X X   
          
          
----------

White 1,4
----------
O         
  X O O O 
  X X X   
          
          
----------

Black 2,4
----------
O         
  X O O O 
  X X X X 
          
          
----------

White 1,0
----------
O         
O X O O O 
  X X X X 
          
          
----------

Black 0,2
----------
O   X     
O X O O O 
  X X X X 
          
          
----------

White 2,0
----------
O   X     
O X O O O 
O X X X X 
          
          
----------

Black 3,0
----------
O   X     
O X O O O 
O X X X X 
X         
          
----------

White 3,1
----------
O   X     
O X O O O 
O X X X X 
X O       
          
----------

Black 0,1
----------
  X X     
  X O O O 
  X X X X 
X O       
          
----------

White 3,2
----------
  X X     
  X O O O 
  X X X X 
X O O     
          
----------

Black 3,3
----------
  X X     
  X O O O 
  X X X X 
X O O X   
          
----------

White 4,1
----------
  X X     
  X O O O 
  X X X X 
X O O X   
  O       
----------

Black 4,3
----------
  X X     
  X O O O 
  X X X X 
X O O X   
  O   X   
----------

White 1,0
----------
  X X     
O X O O O 
  X X X X 
X O O X   
  O   X   
----------

Black 4,2
----------
  X X     
O X O O O 
  X X X X 
X O O X   
  O X X   
----------

White PASS
----------
  X X     
O X O O O 
  X X X X 
X O O X   
  O X X   
----------

Black 4,0
----------
  X X     
O X O O O 
  X X X X 
X     X   
X   X X   
----------

White PASS
----------
  X X     
O X O O O 
  X X X X 
X     X   
X   X X   
----------

Game end.
The winner is X
ta time: 122.52
student time: 42.44
White(You) lose.
=====Round 4=====
Black:You White:TA
Thu Oct 29 14:36:28 PDT 2020
Clean up...
Start Playing...
Black 2,2
----------
          
          
    X     
          
          
----------

White 1,2
----------
          
    O     
    X     
          
          
----------

Black 0,0
----------
X         
    O     
    X     
          
          
----------

White 2,1
----------
X         
    O     
  O X     
          
          
----------

Black 2,3
----------
X         
    O     
  O X X   
          
          
----------

White 1,1
----------
X         
  O O     
  O X X   
          
          
----------

Black 1,3
----------
X         
  O O X   
  O X X   
          
          
----------

White 3,1
----------
X         
  O O X   
  O X X   
  O       
          
----------

Black 3,3
----------
X         
  O O X   
  O X X   
  O   X   
          
----------

White 0,2
----------
X   O     
  O O X   
  O X X   
  O   X   
          
----------

Black 3,2
----------
X   O     
  O O X   
  O X X   
  O X X   
          
----------

White 4,1
----------
X   O     
  O O X   
  O X X   
  O X X   
  O       
----------

Black 0,3
----------
X   O X   
  O O X   
  O X X   
  O X X   
  O       
----------

White 1,0
----------
X   O X   
O O O X   
  O X X   
  O X X   
  O       
----------

Black 3,4
----------
X   O X   
O O O X   
  O X X   
  O X X X 
  O       
----------

White 3,0
----------
X   O X   
O O O X   
  O X X   
O O X X X 
  O       
----------

Black 0,4
----------
X   O X X 
O O O X   
  O X X   
O O X X X 
  O       
----------

White 0,1
----------
  O O X X 
O O O X   
  O X X   
O O X X X 
  O       
----------

Black 1,4
----------
  O O X X 
O O O X X 
  O X X   
O O X X X 
  O       
----------

White 4,3
----------
  O O X X 
O O O X X 
  O X X   
O O X X X 
  O   O   
----------

Black 4,2
----------
  O O X X 
O O O X X 
  O X X   
O O X X X 
  O X O   
----------

White PASS
----------
  O O X X 
O O O X X 
  O X X   
O O X X X 
  O X O   
----------

Black 4,4
----------
  O O X X 
O O O X X 
  O X X   
O O X X X 
  O X   X 
----------

White 4,0
----------
  O O X X 
O O O X X 
  O X X   
O O X X X 
O O X   X 
----------

Game end.
The winner is O
ta time: 157.91
student time: 45.61
Black(You) lose.
=====Round 5=====
Black:TA White:You
Thu Oct 29 14:36:58 PDT 2020
Clean up...
Start Playing...
Black 2,2
----------
          
          
    X     
          
          
----------

White 1,2
----------
          
    O     
    X     
          
          
----------

Black 1,1
----------
          
  X O     
    X     
          
          
----------

White 1,3
----------
          
  X O O   
    X     
          
          
----------

Black 2,3
----------
          
  X O O   
    X X   
          
          
----------

White 0,0
----------
O         
  X O O   
    X X   
          
          
----------

Black 1,4
----------
O         
  X O O X 
    X X   
          
          
----------

White 0,3
----------
O     O   
  X O O X 
    X X   
          
          
----------

Black 2,4
----------
O     O   
  X O O X 
    X X X 
          
          
----------

White 1,0
----------
O     O   
O X O O X 
    X X X 
          
          
----------

Black 0,4
----------
O     O X 
O X O O X 
    X X X 
          
          
----------

White 0,1
----------
O O   O X 
O X O O X 
    X X X 
          
          
----------

Black 0,2
----------
O O X   X 
O X     X 
    X X X 
          
          
----------

White 2,1
----------
O O X   X 
O X     X 
  O X X X 
          
          
----------

Black 2,0
----------
    X   X 
  X     X 
X O X X X 
          
          
----------

White 3,0
----------
    X   X 
  X     X 
X O X X X 
O         
          
----------

Black 3,1
----------
    X   X 
  X     X 
X   X X X 
O X       
          
----------

White PASS
----------
    X   X 
  X     X 
X   X X X 
O X       
          
----------

Black 4,3
----------
    X   X 
  X     X 
X   X X X 
O X       
      X   
----------

White PASS
----------
    X   X 
  X     X 
X   X X X 
O X       
      X   
----------

Black 3,3
----------
    X   X 
  X     X 
X   X X X 
O X   X   
      X   
----------

White PASS
----------
    X   X 
  X     X 
X   X X X 
O X   X   
      X   
----------

Black 1,0
----------
    X   X 
X X     X 
X   X X X 
O X   X   
      X   
----------

White PASS
----------
    X   X 
X X     X 
X   X X X 
O X   X   
      X   
----------

Game end.
The winner is X
ta time: 181.08
student time: 49.1
White(You) lose.
=====Round 6=====
Black:You White:TA
Thu Oct 29 14:37:22 PDT 2020
Clean up...
Start Playing...
Black 2,2
----------
          
          
    X     
          
          
----------

White 2,1
----------
          
          
  O X     
          
          
----------

Black 0,0
----------
X         
          
  O X     
          
          
----------

White 1,2
----------
X         
    O     
  O X     
          
          
----------

Black 2,3
----------
X         
    O     
  O X X   
          
          
----------

White 1,1
----------
X         
  O O     
  O X X   
          
          
----------

Black 1,3
----------
X         
  O O X   
  O X X   
          
          
----------

White 3,1
----------
X         
  O O X   
  O X X   
  O       
          
----------

Black 3,3
----------
X         
  O O X   
  O X X   
  O   X   
          
----------

White 0,2
----------
X   O     
  O O X   
  O X X   
  O   X   
          
----------

Black 3,2
----------
X   O     
  O O X   
  O X X   
  O X X   
          
----------

White 4,1
----------
X   O     
  O O X   
  O X X   
  O X X   
  O       
----------

Black 0,3
----------
X   O X   
  O O X   
  O X X   
  O X X   
  O       
----------

White 1,0
----------
X   O X   
O O O X   
  O X X   
  O X X   
  O       
----------

Black 3,4
----------
X   O X   
O O O X   
  O X X   
  O X X X 
  O       
----------

White 3,0
----------
X   O X   
O O O X   
  O X X   
O O X X X 
  O       
----------

Black 0,4
----------
X   O X X 
O O O X   
  O X X   
O O X X X 
  O       
----------

White 0,1
----------
  O O X X 
O O O X   
  O X X   
O O X X X 
  O       
----------

Black 1,4
----------
  O O X X 
O O O X X 
  O X X   
O O X X X 
  O       
----------

White 4,3
----------
  O O X X 
O O O X X 
  O X X   
O O X X X 
  O   O   
----------

Black 4,2
----------
  O O X X 
O O O X X 
  O X X   
O O X X X 
  O X O   
----------

White PASS
----------
  O O X X 
O O O X X 
  O X X   
O O X X X 
  O X O   
----------

Black 4,4
----------
  O O X X 
O O O X X 
  O X X   
O O X X X 
  O X   X 
----------

White 4,0
----------
  O O X X 
O O O X X 
  O X X   
O O X X X 
O O X   X 
----------

Game end.
The winner is O
ta time: 215.45
student time: 52.42
Black(You) lose.
=====Round 7=====
Black:TA White:You
Thu Oct 29 14:37:52 PDT 2020
Clean up...
Start Playing...
Black 2,2
----------
          
          
    X     
          
          
----------

White 1,2
----------
          
    O     
    X     
          
          
----------

Black 1,1
----------
          
  X O     
    X     
          
          
----------

White 1,3
----------
          
  X O O   
    X     
          
          
----------

Black 2,3
----------
          
  X O O   
    X X   
          
          
----------

White 0,0
----------
O         
  X O O   
    X X   
          
          
----------

Black 0,1
----------
O X       
  X O O   
    X X   
          
          
----------

White 1,4
----------
O X       
  X O O O 
    X X   
          
          
----------

Black 1,0
----------
  X       
X X O O O 
    X X   
          
          
----------

White 2,4
----------
  X       
X X O O O 
    X X O 
          
          
----------

Black 3,3
----------
  X       
X X O O O 
    X X O 
      X   
          
----------

White 3,4
----------
  X       
X X O O O 
    X X O 
      X O 
          
----------

Black 4,3
----------
  X       
X X O O O 
    X X O 
      X O 
      X   
----------

White 0,2
----------
  X O     
X X O O O 
    X X O 
      X O 
      X   
----------

Black 3,1
----------
  X O     
X X O O O 
    X X O 
  X   X O 
      X   
----------

White 0,3
----------
  X O O   
X X O O O 
    X X O 
  X   X O 
      X   
----------

Black 3,0
----------
  X O O   
X X O O O 
    X X O 
X X   X O 
      X   
----------

White 4,1
----------
  X O O   
X X O O O 
    X X O 
X X   X O 
  O   X   
----------

Black 4,2
----------
  X O O   
X X O O O 
    X X O 
X X   X O 
  O X X   
----------

White PASS
----------
  X O O   
X X O O O 
    X X O 
X X   X O 
  O X X   
----------

Black 2,1
----------
  X O O   
X X O O O 
  X X X O 
X X   X O 
  O X X   
----------

White PASS
----------
  X O O   
X X O O O 
  X X X O 
X X   X O 
  O X X   
----------

Black 4,4
----------
  X O O   
X X O O O 
  X X X O 
X X   X O 
  O X X X 
----------

White PASS
----------
  X O O   
X X O O O 
  X X X O 
X X   X O 
  O X X X 
----------

Game end.
The winner is X
ta time: 240.63
student time: 55.61
White(You) lose.
=====Round 8=====
Black:You White:TA
Thu Oct 29 14:38:15 PDT 2020
Clean up...
Start Playing...
Black 2,2
----------
          
          
    X     
          
          
----------

White 3,2
----------
          
          
    X     
    O     
          
----------

Black 0,0
----------
X         
          
    X     
    O     
          
----------

White 2,1
----------
X         
          
  O X     
    O     
          
----------

Black 1,2
----------
X         
    X     
  O X     
    O     
          
----------

White 3,1
----------
X         
    X     
  O X     
  O O     
          
----------

Black 0,1
----------
X X       
    X     
  O X     
  O O     
          
----------

White 3,3
----------
X X       
    X     
  O X     
  O O O   
          
----------

Black 1,3
----------
X X       
    X X   
  O X     
  O O O   
          
----------

White 1,1
----------
X X       
  O X X   
  O X     
  O O O   
          
----------

Black 1,4
----------
X X       
  O X X X 
  O X     
  O O O   
          
----------

White 1,0
----------
X X       
O O X X X 
  O X     
  O O O   
          
----------

Black 2,3
----------
X X       
O O X X X 
  O X X   
  O O O   
          
----------

White 0,2
----------
    O     
O O X X X 
  O X X   
  O O O   
          
----------

Black 0,3
----------
    O X   
O O X X X 
  O X X   
  O O O   
          
----------

White 0,1
----------
  O O X   
O O X X X 
  O X X   
  O O O   
          
----------

Black 2,4
----------
  O O X   
O O X X X 
  O X X X 
  O O O   
          
----------

White 3,0
----------
  O O X   
O O X X X 
  O X X X 
O O O O   
          
----------

Black 3,4
----------
  O O X   
O O X X X 
  O X X X 
O O O O X 
          
----------

White 4,3
----------
  O O X   
O O X X X 
  O X X X 
O O O O X 
      O   
----------

Black 4,1
----------
  O O X   
O O X X X 
  O X X X 
O O O O X 
  X   O   
----------

White 4,4
----------
  O O X   
O O X X X 
  O X X X 
O O O O X 
  X   O O 
----------

Black PASS
----------
  O O X   
O O X X X 
  O X X X 
O O O O X 
  X   O O 
----------

White 4,2
----------
  O O X   
O O X X X 
  O X X X 
O O O O X 
  X O O O 
----------

Game end.
The winner is O
ta time: 270.21
student time: 58.69
Black(You) lose.
=====Round 9=====
Black:TA White:You
Thu Oct 29 14:38:41 PDT 2020
Clean up...
Start Playing...
Black 2,2
----------
          
          
    X     
          
          
----------

White 1,2
----------
          
    O     
    X     
          
          
----------

Black 1,1
----------
          
  X O     
    X     
          
          
----------

White 1,3
----------
          
  X O O   
    X     
          
          
----------

Black 2,3
----------
          
  X O O   
    X X   
          
          
----------

White 0,0
----------
O         
  X O O   
    X X   
          
          
----------

Black 1,4
----------
O         
  X O O X 
    X X   
          
          
----------

White 0,3
----------
O     O   
  X O O X 
    X X   
          
          
----------

Black 2,4
----------
O     O   
  X O O X 
    X X X 
          
          
----------

White 1,0
----------
O     O   
O X O O X 
    X X X 
          
          
----------

Black 0,4
----------
O     O X 
O X O O X 
    X X X 
          
          
----------

White 0,1
----------
O O   O X 
O X O O X 
    X X X 
          
          
----------

Black 0,2
----------
O O X   X 
O X     X 
    X X X 
          
          
----------

White 2,1
----------
O O X   X 
O X     X 
  O X X X 
          
          
----------

Black 2,0
----------
    X   X 
  X     X 
X O X X X 
          
          
----------

White 3,0
----------
    X   X 
  X     X 
X O X X X 
O         
          
----------

Black 3,1
----------
    X   X 
  X     X 
X   X X X 
O X       
          
----------

White PASS
----------
    X   X 
  X     X 
X   X X X 
O X       
          
----------

Black 4,3
----------
    X   X 
  X     X 
X   X X X 
O X       
      X   
----------

White PASS
----------
    X   X 
  X     X 
X   X X X 
O X       
      X   
----------

Black 1,0
----------
    X   X 
X X     X 
X   X X X 
O X       
      X   
----------

White PASS
----------
    X   X 
X X     X 
X   X X X 
O X       
      X   
----------

Black 4,2
----------
    X   X 
X X     X 
X   X X X 
O X       
    X X   
----------

White PASS
----------
    X   X 
X X     X 
X   X X X 
O X       
    X X   
----------

Game end.
The winner is X
ta time: 294.51
student time: 61.93
White(You) lose.
=====Round 10=====
Black:You White:TA
Thu Oct 29 14:39:04 PDT 2020
Clean up...
Start Playing...
Black 2,2
----------
          
          
    X     
          
          
----------

White 1,2
----------
          
    O     
    X     
          
          
----------

Black 0,0
----------
X         
    O     
    X     
          
          
----------

White 2,1
----------
X         
    O     
  O X     
          
          
----------

Black 2,3
----------
X         
    O     
  O X X   
          
          
----------

White 1,1
----------
X         
  O O     
  O X X   
          
          
----------

Black 1,3
----------
X         
  O O X   
  O X X   
          
          
----------

White 3,1
----------
X         
  O O X   
  O X X   
  O       
          
----------

Black 3,3
----------
X         
  O O X   
  O X X   
  O   X   
          
----------

White 0,1
----------
X O       
  O O X   
  O X X   
  O   X   
          
----------

Black 0,3
----------
X O   X   
  O O X   
  O X X   
  O   X   
          
----------

White 1,0
----------
  O   X   
O O O X   
  O X X   
  O   X   
          
----------

Black 3,2
----------
  O   X   
O O O X   
  O X X   
  O X X   
          
----------

White 4,1
----------
  O   X   
O O O X   
  O X X   
  O X X   
  O       
----------

Black 3,4
----------
  O   X   
O O O X   
  O X X   
  O X X X 
  O       
----------

White 3,0
----------
  O   X   
O O O X   
  O X X   
O O X X X 
  O       
----------

Black 0,2
----------
  O X X   
O O O X   
  O X X   
O O X X X 
  O       
----------

White 4,2
----------
  O X X   
O O O X   
  O X X   
O O X X X 
  O O     
----------

Black 0,4
----------
  O X X X 
O O O X   
  O X X   
O O X X X 
  O O     
----------

White 4,3
----------
  O X X X 
O O O X   
  O X X   
O O X X X 
  O O O   
----------

Black 1,4
----------
  O X X X 
O O O X X 
  O X X   
O O X X X 
  O O O   
----------

White 4,4
----------
  O X X X 
O O O X X 
  O X X   
O O X X X 
  O O O O 
----------

Black PASS
----------
  O X X X 
O O O X X 
  O X X   
O O X X X 
  O O O O 
----------

White 2,4
----------
  O       
O O O     
  O     O 
O O       
  O O O O 
----------

Game end.
The winner is O
ta time: 324.11
student time: 65.14
Black(You) lose.
