Wed Oct 28 15:24:56 PDT 2020

==Playing with qlearning_player==
=====Round 1=====
Black:TA White:You
Wed Oct 28 15:24:57 PDT 2020
Clean up...
Start Playing...
Black 1,2
----------
          
    X     
          
          
          
----------

White 2,1
----------
          
    X     
  O       
          
          
----------

Black 2,2
----------
          
    X     
  O X     
          
          
----------

White 3,1
----------
          
    X     
  O X     
  O       
          
----------

Black 0,0
----------
X         
    X     
  O X     
  O       
          
----------

White 1,1
----------
X         
  O X     
  O X     
  O       
          
----------

Black 0,1
----------
X X       
  O X     
  O X     
  O       
          
----------

White 3,2
----------
X X       
  O X     
  O X     
  O O     
          
----------

Black 2,3
----------
X X       
  O X     
  O X X   
  O O     
          
----------

White 3,3
----------
X X       
  O X     
  O X X   
  O O O   
          
----------

Black 2,0
----------
X X       
  O X     
X O X X   
  O O O   
          
----------

White 3,4
----------
X X       
  O X     
X O X X   
  O O O O 
          
----------

Black 2,4
----------
X X       
  O X     
X O X X X 
  O O O O 
          
----------

White 3,0
----------
X X       
  O X     
X O X X X 
O O O O O 
          
----------

Black 1,3
----------
X X       
  O X X   
X O X X X 
O O O O O 
          
----------

White 1,0
----------
X X       
O O X X   
  O X X X 
O O O O O 
          
----------

Black 0,2
----------
X X X     
O O X X   
  O X X X 
O O O O O 
          
----------

White 2,0
----------
X X X     
O O X X   
O O X X X 
O O O O O 
          
----------

Black 4,2
----------
X X X     
O O X X   
O O X X X 
O O O O O 
    X     
----------

White 4,0
----------
X X X     
O O X X   
O O X X X 
O O O O O 
O   X     
----------

Black 4,3
----------
X X X     
O O X X   
O O X X X 
O O O O O 
O   X X   
----------

White 4,1
----------
X X X     
O O X X   
O O X X X 
O O O O O 
O O X X   
----------

Black 4,4
----------
X X X     
    X X   
    X X X 
          
    X X X 
----------

White 3,1
----------
X X X     
    X X   
    X X X 
  O       
    X X X 
----------

Game end.
The winner is X
ta time: 4.06
student time: 0.63
White(You) lose.
=====Round 2=====
Black:You White:TA
Wed Oct 28 15:25:05 PDT 2020
Clean up...
Start Playing...
Black 2,2
----------
          
          
    X     
          
          
----------

White 2,1
----------
          
          
  O X     
          
          
----------

Black 1,2
----------
          
    X     
  O X     
          
          
----------

White 3,2
----------
          
    X     
  O X     
    O     
          
----------

Black 1,1
----------
          
  X X     
  O X     
    O     
          
----------

White 2,3
----------
          
  X X     
  O X O   
    O     
          
----------

Black 1,3
----------
          
  X X X   
  O X O   
    O     
          
----------

White 2,0
----------
          
  X X X   
O O X O   
    O     
          
----------

Black 1,4
----------
          
  X X X X 
O O X O   
    O     
          
----------

White 3,1
----------
          
  X X X X 
O O X O   
  O O     
          
----------

Black 0,1
----------
  X       
  X X X X 
O O X O   
  O O     
          
----------

White 0,2
----------
  X O     
  X X X X 
O O X O   
  O O     
          
----------

Black 0,3
----------
  X   X   
  X X X X 
O O X O   
  O O     
          
----------

White 2,4
----------
  X   X   
  X X X X 
O O X O O 
  O O     
          
----------

Black 0,0
----------
X X   X   
  X X X X 
O O X O O 
  O O     
          
----------

White 4,2
----------
X X   X   
  X X X X 
O O X O O 
  O O     
    O     
----------

Black 0,2
----------
X X X X   
  X X X X 
O O X O O 
  O O     
    O     
----------

White 3,3
----------
X X X X   
  X X X X 
O O X O O 
  O O O   
    O     
----------

Black 1,0
----------
X X X X   
X X X X X 
O O X O O 
  O O O   
    O     
----------

White 0,4
----------
        O 
          
O O   O O 
  O O O   
    O     
----------

Black 1,2
----------
        O 
    X     
O O   O O 
  O O O   
    O     
----------

White 2,2
----------
        O 
    X     
O O O O O 
  O O O   
    O     
----------

Black 1,1
----------
        O 
  X X     
O O O O O 
  O O O   
    O     
----------

White 1,3
----------
        O 
  X X O   
O O O O O 
  O O O   
    O     
----------

Game end.
The winner is O
ta time: 7.75
student time: 1.19
Black(You) lose.
=====Round 3=====
Black:TA White:You
Wed Oct 28 15:25:14 PDT 2020
Clean up...
Start Playing...
Black 1,2
----------
          
    X     
          
          
          
----------

White 2,1
----------
          
    X     
  O       
          
          
----------

Black 2,2
----------
          
    X     
  O X     
          
          
----------

White 3,1
----------
          
    X     
  O X     
  O       
          
----------

Black 0,0
----------
X         
    X     
  O X     
  O       
          
----------

White 1,1
----------
X         
  O X     
  O X     
  O       
          
----------

Black 0,1
----------
X X       
  O X     
  O X     
  O       
          
----------

White 3,2
----------
X X       
  O X     
  O X     
  O O     
          
----------

Black 2,3
----------
X X       
  O X     
  O X X   
  O O     
          
----------

White 3,3
----------
X X       
  O X     
  O X X   
  O O O   
          
----------

Black 0,2
----------
X X X     
  O X     
  O X X   
  O O O   
          
----------

White 3,4
----------
X X X     
  O X     
  O X X   
  O O O O 
          
----------

Black 1,3
----------
X X X     
  O X X   
  O X X   
  O O O O 
          
----------

White 2,4
----------
X X X     
  O X X   
  O X X O 
  O O O O 
          
----------

Black 2,0
----------
X X X     
  O X X   
X O X X O 
  O O O O 
          
----------

White 1,4
----------
X X X     
  O X X O 
X O X X O 
  O O O O 
          
----------

Black 4,2
----------
X X X     
  O X X O 
X O X X O 
  O O O O 
    X     
----------

White 0,4
----------
X X X   O 
  O X X O 
X O X X O 
  O O O O 
    X     
----------

Black 1,0
----------
X X X   O 
X O X X O 
X O X X O 
  O O O O 
    X     
----------

White 3,0
----------
X X X   O 
X O X X O 
X O X X O 
O O O O O 
    X     
----------

Black 4,1
----------
X X X   O 
X O X X O 
X O X X O 
O O O O O 
  X X     
----------

White 0,3
----------
      O O 
  O     O 
  O     O 
O O O O O 
  X X     
----------

Black 2,2
----------
      O O 
  O     O 
  O X   O 
O O O O O 
  X X     
----------

White 0,1
----------
  O   O O 
  O     O 
  O X   O 
O O O O O 
  X X     
----------

Game end.
The winner is O
ta time: 11.95
student time: 1.84
White(You) win!
=====Round 4=====
Black:You White:TA
Wed Oct 28 15:25:22 PDT 2020
Clean up...
Start Playing...
Black 2,2
----------
          
          
    X     
          
          
----------

White 2,1
----------
          
          
  O X     
          
          
----------

Black 1,2
----------
          
    X     
  O X     
          
          
----------

White 3,2
----------
          
    X     
  O X     
    O     
          
----------

Black 1,1
----------
          
  X X     
  O X     
    O     
          
----------

White 2,3
----------
          
  X X     
  O X O   
    O     
          
----------

Black 1,3
----------
          
  X X X   
  O X O   
    O     
          
----------

White 0,2
----------
    O     
  X X X   
  O X O   
    O     
          
----------

Black 1,0
----------
    O     
X X X X   
  O X O   
    O     
          
----------

White 2,0
----------
    O     
X X X X   
O O X O   
    O     
          
----------

Black 1,4
----------
    O     
X X X X X 
O O X O   
    O     
          
----------

White 3,1
----------
    O     
X X X X X 
O O X O   
  O O     
          
----------

Black 2,4
----------
    O     
X X X X X 
O O X O X 
  O O     
          
----------

White 3,3
----------
    O     
X X X X X 
O O X O X 
  O O O   
          
----------

Black 3,4
----------
    O     
X X X X X 
O O X O X 
  O O O X 
          
----------

White 4,2
----------
    O     
X X X X X 
O O X O X 
  O O O X 
    O     
----------

Black 4,4
----------
    O     
X X X X X 
O O X O X 
  O O O X 
    O   X 
----------

White 0,3
----------
    O O   
X X X X X 
O O X O X 
  O O O X 
    O   X 
----------

Black 0,0
----------
X   O O   
X X X X X 
O O X O X 
  O O O X 
    O   X 
----------

White 3,0
----------
X   O O   
X X X X X 
O O X O X 
O O O O X 
    O   X 
----------

Black 0,1
----------
X X O O   
X X X X X 
O O X O X 
O O O O X 
    O   X 
----------

White 4,1
----------
X X O O   
X X X X X 
O O X O X 
O O O O X 
  O O   X 
----------

Black 0,4
----------
X X     X 
X X X X X 
O O X O X 
O O O O X 
  O O   X 
----------

White 0,2
----------
X X O   X 
X X X X X 
O O X O X 
O O O O X 
  O O   X 
----------

Game end.
The winner is O
ta time: 15.73
student time: 2.46
Black(You) lose.
=====Round 5=====
Black:TA White:You
Wed Oct 28 15:25:30 PDT 2020
Clean up...
Start Playing...
Black 1,2
----------
          
    X     
          
          
          
----------

White 2,1
----------
          
    X     
  O       
          
          
----------

Black 2,2
----------
          
    X     
  O X     
          
          
----------

White 3,1
----------
          
    X     
  O X     
  O       
          
----------

Black 0,0
----------
X         
    X     
  O X     
  O       
          
----------

White 1,1
----------
X         
  O X     
  O X     
  O       
          
----------

Black 0,1
----------
X X       
  O X     
  O X     
  O       
          
----------

White 3,2
----------
X X       
  O X     
  O X     
  O O     
          
----------

Black 2,3
----------
X X       
  O X     
  O X X   
  O O     
          
----------

White 3,3
----------
X X       
  O X     
  O X X   
  O O O   
          
----------

Black 2,0
----------
X X       
  O X     
X O X X   
  O O O   
          
----------

White 3,4
----------
X X       
  O X     
X O X X   
  O O O O 
          
----------

Black 0,2
----------
X X X     
  O X     
X O X X   
  O O O O 
          
----------

White 2,4
----------
X X X     
  O X     
X O X X O 
  O O O O 
          
----------

Black 1,3
----------
X X X     
  O X X   
X O X X O 
  O O O O 
          
----------

White 1,4
----------
X X X     
  O X X O 
X O X X O 
  O O O O 
          
----------

Black 4,2
----------
X X X     
  O X X O 
X O X X O 
  O O O O 
    X     
----------

White 0,4
----------
X X X   O 
  O X X O 
X O X X O 
  O O O O 
    X     
----------

Black 0,3
----------
X X X X O 
  O X X O 
X O X X O 
  O O O O 
    X     
----------

White 1,0
----------
        O 
O O     O 
X O     O 
  O O O O 
    X     
----------

Black 2,2
----------
        O 
O O     O 
X O X   O 
  O O O O 
    X     
----------

White 3,0
----------
        O 
O O     O 
  O X   O 
O O O O O 
    X     
----------

Black 2,3
----------
        O 
O O     O 
  O X X O 
O O O O O 
    X     
----------

White 1,2
----------
        O 
O O O   O 
  O X X O 
O O O O O 
    X     
----------

Game end.
The winner is O
ta time: 19.94
student time: 3.11
White(You) win!
=====Round 6=====
Black:You White:TA
Wed Oct 28 15:25:39 PDT 2020
Clean up...
Start Playing...
Black 2,2
----------
          
          
    X     
          
          
----------

White 2,1
----------
          
          
  O X     
          
          
----------

Black 1,2
----------
          
    X     
  O X     
          
          
----------

White 3,2
----------
          
    X     
  O X     
    O     
          
----------

Black 1,1
----------
          
  X X     
  O X     
    O     
          
----------

White 2,3
----------
          
  X X     
  O X O   
    O     
          
----------

Black 1,3
----------
          
  X X X   
  O X O   
    O     
          
----------

White 0,2
----------
    O     
  X X X   
  O X O   
    O     
          
----------

Black 1,0
----------
    O     
X X X X   
  O X O   
    O     
          
----------

White 2,0
----------
    O     
X X X X   
O O X O   
    O     
          
----------

Black 1,4
----------
    O     
X X X X X 
O O X O   
    O     
          
----------

White 2,4
----------
    O     
X X X X X 
O O X O O 
    O     
          
----------

Black 0,0
----------
X   O     
X X X X X 
O O X O O 
    O     
          
----------

White 3,1
----------
X   O     
X X X X X 
O O X O O 
  O O     
          
----------

Black 0,1
----------
X X O     
X X X X X 
O O X O O 
  O O     
          
----------

White 3,3
----------
X X O     
X X X X X 
O O X O O 
  O O O   
          
----------

Black 0,3
----------
X X   X   
X X X X X 
O O X O O 
  O O O   
          
----------

White 4,2
----------
X X   X   
X X X X X 
O O X O O 
  O O O   
    O     
----------

Black 0,2
----------
X X X X   
X X X X X 
O O X O O 
  O O O   
    O     
----------

White 0,4
----------
        O 
          
O O   O O 
  O O O   
    O     
----------

Black 1,2
----------
        O 
    X     
O O   O O 
  O O O   
    O     
----------

White 2,2
----------
        O 
    X     
O O O O O 
  O O O   
    O     
----------

Black 1,1
----------
        O 
  X X     
O O O O O 
  O O O   
    O     
----------

White 0,2
----------
    O   O 
  X X     
O O O O O 
  O O O   
    O     
----------

Game end.
The winner is O
ta time: 23.48
student time: 3.74
Black(You) lose.
=====Round 7=====
Black:TA White:You
Wed Oct 28 15:25:47 PDT 2020
Clean up...
Start Playing...
Black 1,2
----------
          
    X     
          
          
          
----------

White 2,1
----------
          
    X     
  O       
          
          
----------

Black 2,2
----------
          
    X     
  O X     
          
          
----------

White 3,1
----------
          
    X     
  O X     
  O       
          
----------

Black 0,0
----------
X         
    X     
  O X     
  O       
          
----------

White 1,1
----------
X         
  O X     
  O X     
  O       
          
----------

Black 0,1
----------
X X       
  O X     
  O X     
  O       
          
----------

White 3,2
----------
X X       
  O X     
  O X     
  O O     
          
----------

Black 2,3
----------
X X       
  O X     
  O X X   
  O O     
          
----------

White 3,3
----------
X X       
  O X     
  O X X   
  O O O   
          
----------

Black 2,4
----------
X X       
  O X     
  O X X X 
  O O O   
          
----------

White 3,0
----------
X X       
  O X     
  O X X X 
O O O O   
          
----------

Black 1,3
----------
X X       
  O X X   
  O X X X 
O O O O   
          
----------

White 3,4
----------
X X       
  O X X   
  O X X X 
O O O O O 
          
----------

Black 4,2
----------
X X       
  O X X   
  O X X X 
O O O O O 
    X     
----------

White 1,0
----------
X X       
O O X X   
  O X X X 
O O O O O 
    X     
----------

Black 0,2
----------
X X X     
O O X X   
  O X X X 
O O O O O 
    X     
----------

White 2,0
----------
X X X     
O O X X   
O O X X X 
O O O O O 
    X     
----------

Black 0,3
----------
X X X X   
O O X X   
O O X X X 
O O O O O 
    X     
----------

White 4,0
----------
X X X X   
O O X X   
O O X X X 
O O O O O 
O   X     
----------

Black 4,3
----------
X X X X   
O O X X   
O O X X X 
O O O O O 
O   X X   
----------

White 4,1
----------
X X X X   
O O X X   
O O X X X 
O O O O O 
O O X X   
----------

Black 4,4
----------
X X X X   
    X X   
    X X X 
          
    X X X 
----------

White 3,1
----------
X X X X   
    X X   
    X X X 
  O       
    X X X 
----------

Game end.
The winner is X
ta time: 27.49
student time: 4.28
White(You) lose.
=====Round 8=====
Black:You White:TA
Wed Oct 28 15:25:55 PDT 2020
Clean up...
Start Playing...
Black 2,2
----------
          
          
    X     
          
          
----------

White 2,1
----------
          
          
  O X     
          
          
----------

Black 1,2
----------
          
    X     
  O X     
          
          
----------

White 3,2
----------
          
    X     
  O X     
    O     
          
----------

Black 1,1
----------
          
  X X     
  O X     
    O     
          
----------

White 2,3
----------
          
  X X     
  O X O   
    O     
          
----------

Black 1,3
----------
          
  X X X   
  O X O   
    O     
          
----------

White 4,2
----------
          
  X X X   
  O X O   
    O     
    O     
----------

Black 1,0
----------
          
X X X X   
  O X O   
    O     
    O     
----------

White 3,3
----------
          
X X X X   
  O X O   
    O O   
    O     
----------

Black 1,4
----------
          
X X X X X 
  O X O   
    O O   
    O     
----------

White 3,1
----------
          
X X X X X 
  O X O   
  O O O   
    O     
----------

Black 2,0
----------
          
X X X X X 
X O X O   
  O O O   
    O     
----------

White 0,2
----------
    O     
X X X X X 
X O X O   
  O O O   
    O     
----------

Black 2,4
----------
    O     
X X X X X 
X O X O X 
  O O O   
    O     
----------

White 0,3
----------
    O O   
X X X X X 
X O X O X 
  O O O   
    O     
----------

Black 3,0
----------
    O O   
X X X X X 
X O X O X 
X O O O   
    O     
----------

White 0,1
----------
  O O O   
X X X X X 
X O X O X 
X O O O   
    O     
----------

Black 3,4
----------
  O O O   
X X X X X 
X O X O X 
X O O O X 
    O     
----------

White 4,3
----------
  O O O   
X X X X X 
X O X O X 
X O O O X 
    O O   
----------

Black 4,0
----------
  O O O   
X X X X X 
X O X O X 
X O O O X 
X   O O   
----------

White 4,1
----------
  O O O   
X X X X X 
X O X O X 
X O O O X 
X O O O   
----------

Black 4,4
----------
  O O O   
X X X X X 
X   X   X 
X       X 
X       X 
----------

White 2,3
----------
  O O O   
X X X X X 
X   X O X 
X       X 
X       X 
----------

Game end.
The winner is X
ta time: 31.27
student time: 4.78
Black(You) win!
=====Round 9=====
Black:TA White:You
Wed Oct 28 15:26:03 PDT 2020
Clean up...
Start Playing...
Black 1,2
----------
          
    X     
          
          
          
----------

White 2,1
----------
          
    X     
  O       
          
          
----------

Black 2,2
----------
          
    X     
  O X     
          
          
----------

White 3,1
----------
          
    X     
  O X     
  O       
          
----------

Black 0,0
----------
X         
    X     
  O X     
  O       
          
----------

White 1,1
----------
X         
  O X     
  O X     
  O       
          
----------

Black 0,1
----------
X X       
  O X     
  O X     
  O       
          
----------

White 3,2
----------
X X       
  O X     
  O X     
  O O     
          
----------

Black 2,3
----------
X X       
  O X     
  O X X   
  O O     
          
----------

White 3,3
----------
X X       
  O X     
  O X X   
  O O O   
          
----------

Black 1,3
----------
X X       
  O X X   
  O X X   
  O O O   
          
----------

White 3,4
----------
X X       
  O X X   
  O X X   
  O O O O 
          
----------

Black 2,4
----------
X X       
  O X X   
  O X X X 
  O O O O 
          
----------

White 3,0
----------
X X       
  O X X   
  O X X X 
O O O O O 
          
----------

Black 0,2
----------
X X X     
  O X X   
  O X X X 
O O O O O 
          
----------

White 1,0
----------
X X X     
O O X X   
  O X X X 
O O O O O 
          
----------

Black 4,2
----------
X X X     
O O X X   
  O X X X 
O O O O O 
    X     
----------

White 2,0
----------
X X X     
O O X X   
O O X X X 
O O O O O 
    X     
----------

Black 4,3
----------
X X X     
O O X X   
O O X X X 
O O O O O 
    X X   
----------

White 4,0
----------
X X X     
O O X X   
O O X X X 
O O O O O 
O   X X   
----------

Black 4,1
----------
X X X     
O O X X   
O O X X X 
O O O O O 
O X X X   
----------

White 0,4
----------
X X X   O 
O O X X   
O O X X X 
O O O O O 
O X X X   
----------

Black 4,4
----------
X X X   O 
    X X   
    X X X 
          
  X X X X 
----------

White 2,1
----------
X X X   O 
    X X   
  O X X X 
          
  X X X X 
----------

Game end.
The winner is X
ta time: 35.05
student time: 5.23
White(You) lose.
=====Round 10=====
Black:You White:TA
Wed Oct 28 15:26:11 PDT 2020
Clean up...
Start Playing...
Black 2,2
----------
          
          
    X     
          
          
----------

White 2,1
----------
          
          
  O X     
          
          
----------

Black 1,2
----------
          
    X     
  O X     
          
          
----------

White 3,2
----------
          
    X     
  O X     
    O     
          
----------

Black 1,1
----------
          
  X X     
  O X     
    O     
          
----------

White 2,3
----------
          
  X X     
  O X O   
    O     
          
----------

Black 1,3
----------
          
  X X X   
  O X O   
    O     
          
----------

White 4,2
----------
          
  X X X   
  O X O   
    O     
    O     
----------

Black 1,0
----------
          
X X X X   
  O X O   
    O     
    O     
----------

White 2,0
----------
          
X X X X   
O O X O   
    O     
    O     
----------

Black 1,4
----------
          
X X X X X 
O O X O   
    O     
    O     
----------

White 3,3
----------
          
X X X X X 
O O X O   
    O O   
    O     
----------

Black 2,4
----------
          
X X X X X 
O O X O X 
    O O   
    O     
----------

White 0,2
----------
    O     
X X X X X 
O O X O X 
    O O   
    O     
----------

Black 3,4
----------
    O     
X X X X X 
O O X O X 
    O O X 
    O     
----------

White 3,1
----------
    O     
X X X X X 
O O X O X 
  O O O X 
    O     
----------

Black 4,4
----------
    O     
X X X X X 
O O X O X 
  O O O X 
    O   X 
----------

White 4,3
----------
    O     
X X X X X 
O O X O X 
  O O O X 
    O O X 
----------

Black 0,0
----------
X   O     
X X X X X 
O O X O X 
  O O O X 
    O O X 
----------

White 4,1
----------
X   O     
X X X X X 
O O X O X 
  O O O X 
  O O O X 
----------

Black 0,1
----------
X X O     
X X X X X 
O O X O X 
  O O O X 
  O O O X 
----------

White 0,3
----------
X X O O   
X X X X X 
O O X O X 
  O O O X 
  O O O X 
----------

Black 3,0
----------
X X O O   
X X X X X 
O O X O X 
X O O O X 
  O O O X 
----------

White 0,4
----------
    O O O 
          
O O   O   
X O O O   
  O O O   
----------

Game end.
The winner is O
ta time: 38.48
student time: 5.73
Black(You) lose.

==Playing with championship_player==
=====Round 1=====
Black:TA White:You
Wed Oct 28 15:26:18 PDT 2020
Clean up...
Start Playing...
Black 2,2
----------
          
          
    X     
          
          
----------

White 1,1
----------
          
  O       
    X     
          
          
----------

Black 1,2
----------
          
  O X     
    X     
          
          
----------

White 2,1
----------
          
  O X     
  O X     
          
          
----------

Black 3,1
----------
          
  O X     
  O X     
  X       
          
----------

White 0,1
----------
  O       
  O X     
  O X     
  X       
          
----------

Black 3,0
----------
  O       
  O X     
  O X     
X X       
          
----------

White 0,2
----------
  O O     
  O X     
  O X     
X X       
          
----------

Black 1,3
----------
  O O     
  O X X   
  O X     
X X       
          
----------

White 0,3
----------
  O O O   
  O X X   
  O X     
X X       
          
----------

Black 1,4
----------
  O O O   
  O X X X 
  O X     
X X       
          
----------

White 0,0
----------
O O O O   
  O X X X 
  O X     
X X       
          
----------

Black 2,0
----------
O O O O   
  O X X X 
X O X     
X X       
          
----------

White 3,3
----------
O O O O   
  O X X X 
X O X     
X X   O   
          
----------

Black 0,4
----------
O O O O X 
  O X X X 
X O X     
X X   O   
          
----------

White 2,3
----------
O O O O X 
  O X X X 
X O X O   
X X   O   
          
----------

Black 1,0
----------
        X 
X   X X X 
X   X O   
X X   O   
          
----------

White 3,2
----------
        X 
X   X X X 
X   X O   
X X O O   
          
----------

Black 4,1
----------
        X 
X   X X X 
X   X O   
X X O O   
  X       
----------

White 3,4
----------
        X 
X   X X X 
X   X O   
X X O O O 
  X       
----------

Black 4,2
----------
        X 
X   X X X 
X   X O   
X X O O O 
  X X     
----------

White 2,4
----------
        X 
X   X X X 
X   X O O 
X X O O O 
  X X     
----------

Black 0,0
----------
X       X 
X   X X X 
X   X O O 
X X O O O 
  X X     
----------

White 4,3
----------
X       X 
X   X X X 
X   X O O 
X X O O O 
  X X O   
----------

Game end.
The winner is X
ta time: 73.12
student time: 6.18
White(You) lose.
=====Round 2=====
Black:You White:TA
Wed Oct 28 15:26:44 PDT 2020
Clean up...
Start Playing...
Black 2,2
----------
          
          
    X     
          
          
----------

White 2,3
----------
          
          
    X O   
          
          
----------

Black 1,2
----------
          
    X     
    X O   
          
          
----------

White 3,3
----------
          
    X     
    X O   
      O   
          
----------

Black 1,1
----------
          
  X X     
    X O   
      O   
          
----------

White 3,2
----------
          
  X X     
    X O   
    O O   
          
----------

Black 1,3
----------
          
  X X X   
    X O   
    O O   
          
----------

White 3,1
----------
          
  X X X   
    X O   
  O O O   
          
----------

Black 1,0
----------
          
X X X X   
    X O   
  O O O   
          
----------

White 1,4
----------
          
X X X X O 
    X O   
  O O O   
          
----------

Black 0,3
----------
      X   
X X X X O 
    X O   
  O O O   
          
----------

White 2,1
----------
      X   
X X X X O 
  O X O   
  O O O   
          
----------

Black 2,0
----------
      X   
X X X X O 
X O X O   
  O O O   
          
----------

White 3,0
----------
      X   
X X X X O 
X O X O   
O O O O   
          
----------

Black 0,0
----------
X     X   
X X X X O 
X O X O   
O O O O   
          
----------

White 2,4
----------
X     X   
X X X X O 
X O X O O 
O O O O   
          
----------

Black 0,1
----------
X X   X   
X X X X O 
X O X O O 
O O O O   
          
----------

White 4,3
----------
X X   X   
X X X X O 
X O X O O 
O O O O   
      O   
----------

Black 0,4
----------
X X   X X 
X X X X O 
X O X O O 
O O O O   
      O   
----------

White 4,0
----------
X X   X X 
X X X X O 
X O X O O 
O O O O   
O     O   
----------

Black 3,4
----------
X X   X X 
X X X X O 
X O X O O 
O O O O X 
O     O   
----------

White 0,2
----------
    O     
        O 
  O   O O 
O O O O X 
O     O   
----------

Black 1,1
----------
    O     
  X     O 
  O   O O 
O O O O X 
O     O   
----------

White 4,4
----------
    O     
  X     O 
  O   O O 
O O O O   
O     O O 
----------

Game end.
The winner is O
ta time: 112.81
student time: 6.71
Black(You) lose.
=====Round 3=====
Black:TA White:You
Wed Oct 28 15:27:12 PDT 2020
Clean up...
Start Playing...
Black 2,2
----------
          
          
    X     
          
          
----------

White 1,1
----------
          
  O       
    X     
          
          
----------

Black 1,2
----------
          
  O X     
    X     
          
          
----------

White 2,1
----------
          
  O X     
  O X     
          
          
----------

Black 3,1
----------
          
  O X     
  O X     
  X       
          
----------

White 0,1
----------
  O       
  O X     
  O X     
  X       
          
----------

Black 3,0
----------
  O       
  O X     
  O X     
X X       
          
----------

White 0,2
----------
  O O     
  O X     
  O X     
X X       
          
----------

Black 1,3
----------
  O O     
  O X X   
  O X     
X X       
          
----------

White 0,3
----------
  O O O   
  O X X   
  O X     
X X       
          
----------

Black 1,4
----------
  O O O   
  O X X X 
  O X     
X X       
          
----------

White 0,0
----------
O O O O   
  O X X X 
  O X     
X X       
          
----------

Black 2,0
----------
O O O O   
  O X X X 
X O X     
X X       
          
----------

White 3,3
----------
O O O O   
  O X X X 
X O X     
X X   O   
          
----------

Black 0,4
----------
O O O O X 
  O X X X 
X O X     
X X   O   
          
----------

White 2,3
----------
O O O O X 
  O X X X 
X O X O   
X X   O   
          
----------

Black 1,0
----------
        X 
X   X X X 
X   X O   
X X   O   
          
----------

White 3,2
----------
        X 
X   X X X 
X   X O   
X X O O   
          
----------

Black 2,1
----------
        X 
X   X X X 
X X X O   
X X O O   
          
----------

White 3,4
----------
        X 
X   X X X 
X X X O   
X X O O O 
          
----------

Black 4,1
----------
        X 
X   X X X 
X X X O   
X X O O O 
  X       
----------

White 2,4
----------
        X 
X   X X X 
X X X O O 
X X O O O 
  X       
----------

Black 0,2
----------
    X   X 
X   X X X 
X X X O O 
X X O O O 
  X       
----------

White 4,2
----------
    X   X 
X   X X X 
X X X O O 
X X O O O 
  X O     
----------

Game end.
The winner is X
ta time: 148.19
student time: 7.23
White(You) lose.
=====Round 4=====
Black:You White:TA
Wed Oct 28 15:27:39 PDT 2020
Clean up...
Start Playing...
Black 2,2
----------
          
          
    X     
          
          
----------

White 2,1
----------
          
          
  O X     
          
          
----------

Black 1,2
----------
          
    X     
  O X     
          
          
----------

White 3,1
----------
          
    X     
  O X     
  O       
          
----------

Black 1,1
----------
          
  X X     
  O X     
  O       
          
----------

White 3,2
----------
          
  X X     
  O X     
  O O     
          
----------

Black 1,3
----------
          
  X X X   
  O X     
  O O     
          
----------

White 3,3
----------
          
  X X X   
  O X     
  O O O   
          
----------

Black 1,0
----------
          
X X X X   
  O X     
  O O O   
          
----------

White 2,0
----------
          
X X X X   
O O X     
  O O O   
          
----------

Black 1,4
----------
          
X X X X X 
O O X     
  O O O   
          
----------

White 3,4
----------
          
X X X X X 
O O X     
  O O O O 
          
----------

Black 2,3
----------
          
X X X X X 
O O X X   
  O O O O 
          
----------

White 4,1
----------
          
X X X X X 
O O X X   
  O O O O 
  O       
----------

Black 0,0
----------
X         
X X X X X 
O O X X   
  O O O O 
  O       
----------

White 4,3
----------
X         
X X X X X 
O O X X   
  O O O O 
  O   O   
----------

Black 0,1
----------
X X       
X X X X X 
O O X X   
  O O O O 
  O   O   
----------

White 4,0
----------
X X       
X X X X X 
O O X X   
  O O O O 
O O   O   
----------

Black 0,2
----------
X X X     
X X X X X 
O O X X   
  O O O O 
O O   O   
----------

White 2,4
----------
X X X     
X X X X X 
O O X X O 
  O O O O 
O O   O   
----------

Black 0,3
----------
X X X X   
X X X X X 
O O X X O 
  O O O O 
O O   O   
----------

White 0,4
----------
        O 
          
O O     O 
  O O O O 
O O   O   
----------

Black 1,2
----------
        O 
    X     
O O     O 
  O O O O 
O O   O   
----------

White 0,3
----------
      O O 
    X     
O O     O 
  O O O O 
O O   O   
----------

Game end.
The winner is O
ta time: 183.3
student time: 7.79
Black(You) lose.
=====Round 5=====
Black:TA White:You
Wed Oct 28 15:28:06 PDT 2020
Clean up...
Start Playing...
Black 2,2
----------
          
          
    X     
          
          
----------

White 1,1
----------
          
  O       
    X     
          
          
----------

Black 1,2
----------
          
  O X     
    X     
          
          
----------

White 2,1
----------
          
  O X     
  O X     
          
          
----------

Black 3,1
----------
          
  O X     
  O X     
  X       
          
----------

White 0,1
----------
  O       
  O X     
  O X     
  X       
          
----------

Black 3,0
----------
  O       
  O X     
  O X     
X X       
          
----------

White 0,2
----------
  O O     
  O X     
  O X     
X X       
          
----------

Black 1,3
----------
  O O     
  O X X   
  O X     
X X       
          
----------

White 0,3
----------
  O O O   
  O X X   
  O X     
X X       
          
----------

Black 1,4
----------
  O O O   
  O X X X 
  O X     
X X       
          
----------

White 0,0
----------
O O O O   
  O X X X 
  O X     
X X       
          
----------

Black 2,0
----------
O O O O   
  O X X X 
X O X     
X X       
          
----------

White 3,3
----------
O O O O   
  O X X X 
X O X     
X X   O   
          
----------

Black 0,4
----------
O O O O X 
  O X X X 
X O X     
X X   O   
          
----------

White 2,3
----------
O O O O X 
  O X X X 
X O X O   
X X   O   
          
----------

Black 1,0
----------
        X 
X   X X X 
X   X O   
X X   O   
          
----------

White 3,2
----------
        X 
X   X X X 
X   X O   
X X O O   
          
----------

Black 2,1
----------
        X 
X   X X X 
X X X O   
X X O O   
          
----------

White 3,4
----------
        X 
X   X X X 
X X X O   
X X O O O 
          
----------

Black 4,2
----------
        X 
X   X X X 
X X X O   
X X O O O 
    X     
----------

White 2,4
----------
        X 
X   X X X 
X X X O O 
X X O O O 
    X     
----------

Black 0,2
----------
    X   X 
X   X X X 
X X X O O 
X X O O O 
    X     
----------

White 4,3
----------
    X   X 
X   X X X 
X X X O O 
X X O O O 
    X O   
----------

Game end.
The winner is X
ta time: 217.72
student time: 8.27
White(You) lose.
=====Round 6=====
Black:You White:TA
Wed Oct 28 15:28:32 PDT 2020
Clean up...
Start Playing...
Black 2,2
----------
          
          
    X     
          
          
----------

White 2,3
----------
          
          
    X O   
          
          
----------

Black 1,2
----------
          
    X     
    X O   
          
          
----------

White 3,3
----------
          
    X     
    X O   
      O   
          
----------

Black 1,1
----------
          
  X X     
    X O   
      O   
          
----------

White 3,2
----------
          
  X X     
    X O   
    O O   
          
----------

Black 1,3
----------
          
  X X X   
    X O   
    O O   
          
----------

White 3,1
----------
          
  X X X   
    X O   
  O O O   
          
----------

Black 1,0
----------
          
X X X X   
    X O   
  O O O   
          
----------

White 1,4
----------
          
X X X X O 
    X O   
  O O O   
          
----------

Black 0,3
----------
      X   
X X X X O 
    X O   
  O O O   
          
----------

White 2,1
----------
      X   
X X X X O 
  O X O   
  O O O   
          
----------

Black 2,0
----------
      X   
X X X X O 
X O X O   
  O O O   
          
----------

White 3,0
----------
      X   
X X X X O 
X O X O   
O O O O   
          
----------

Black 0,0
----------
X     X   
X X X X O 
X O X O   
O O O O   
          
----------

White 2,4
----------
X     X   
X X X X O 
X O X O O 
O O O O   
          
----------

Black 0,1
----------
X X   X   
X X X X O 
X O X O O 
O O O O   
          
----------

White 4,2
----------
X X   X   
X X X X O 
X O X O O 
O O O O   
    O     
----------

Black 0,4
----------
X X   X X 
X X X X O 
X O X O O 
O O O O   
    O     
----------

White 0,2
----------
    O     
        O 
  O   O O 
O O O O   
    O     
----------

Black 1,1
----------
    O     
  X     O 
  O   O O 
O O O O   
    O     
----------

White 2,0
----------
    O     
  X     O 
O O   O O 
O O O O   
    O     
----------

Black 1,2
----------
    O     
  X X   O 
O O   O O 
O O O O   
    O     
----------

White 0,3
----------
    O O   
  X X   O 
O O   O O 
O O O O   
    O     
----------

Game end.
The winner is O
ta time: 257.39
student time: 8.75
Black(You) lose.
=====Round 7=====
Black:TA White:You
Wed Oct 28 15:29:00 PDT 2020
Clean up...
Start Playing...
Black 2,2
----------
          
          
    X     
          
          
----------

White 1,1
----------
          
  O       
    X     
          
          
----------

Black 2,1
----------
          
  O       
  X X     
          
          
----------

White 1,2
----------
          
  O O     
  X X     
          
          
----------

Black 1,3
----------
          
  O O X   
  X X     
          
          
----------

White 1,0
----------
          
O O O X   
  X X     
          
          
----------

Black 0,3
----------
      X   
O O O X   
  X X     
          
          
----------

White 2,0
----------
      X   
O O O X   
O X X     
          
          
----------

Black 3,1
----------
      X   
O O O X   
O X X     
  X       
          
----------

White 3,0
----------
      X   
O O O X   
O X X     
O X       
          
----------

Black 4,1
----------
      X   
O O O X   
O X X     
O X       
  X       
----------

White 0,0
----------
O     X   
O O O X   
O X X     
O X       
  X       
----------

Black 0,2
----------
O   X X   
O O O X   
O X X     
O X       
  X       
----------

White 3,3
----------
O   X X   
O O O X   
O X X     
O X   O   
  X       
----------

Black 4,0
----------
O   X X   
O O O X   
O X X     
O X   O   
X X       
----------

White 2,3
----------
O   X X   
O O O X   
O X X O   
O X   O   
X X       
----------

Black 0,1
----------
  X X X   
      X   
  X X O   
  X   O   
X X       
----------

White 3,2
----------
  X X X   
      X   
  X X O   
  X O O   
X X       
----------

Black 1,4
----------
  X X X   
      X X 
  X X O   
  X O O   
X X       
----------

White 3,4
----------
  X X X   
      X X 
  X X O   
  X O O O 
X X       
----------

Black 4,2
----------
  X X X   
      X X 
  X X O   
  X O O O 
X X X     
----------

White 2,4
----------
  X X X   
      X X 
  X X O O 
  X O O O 
X X X     
----------

Black 4,3
----------
  X X X   
      X X 
  X X O O 
  X O O O 
X X X X   
----------

White 1,0
----------
  X X X   
O     X X 
  X X O O 
  X O O O 
X X X X   
----------

Game end.
The winner is X
ta time: 293.55
student time: 9.23
White(You) lose.
=====Round 8=====
Black:You White:TA
Wed Oct 28 15:29:28 PDT 2020
Clean up...
Start Playing...
Black 2,2
----------
          
          
    X     
          
          
----------

White 3,2
----------
          
          
    X     
    O     
          
----------

Black 1,2
----------
          
    X     
    X     
    O     
          
----------

White 3,1
----------
          
    X     
    X     
  O O     
          
----------

Black 1,1
----------
          
  X X     
    X     
  O O     
          
----------

White 3,3
----------
          
  X X     
    X     
  O O O   
          
----------

Black 1,3
----------
          
  X X X   
    X     
  O O O   
          
----------

White 2,4
----------
          
  X X X   
    X   O 
  O O O   
          
----------

Black 1,0
----------
          
X X X X   
    X   O 
  O O O   
          
----------

White 2,3
----------
          
X X X X   
    X O O 
  O O O   
          
----------

Black 0,3
----------
      X   
X X X X   
    X O O 
  O O O   
          
----------

White 1,4
----------
      X   
X X X X O 
    X O O 
  O O O   
          
----------

Black 2,0
----------
      X   
X X X X O 
X   X O O 
  O O O   
          
----------

White 3,0
----------
      X   
X X X X O 
X   X O O 
O O O O   
          
----------

Black 2,1
----------
      X   
X X X X O 
X X X O O 
O O O O   
          
----------

White 0,1
----------
  O   X   
X X X X O 
X X X O O 
O O O O   
          
----------

Black 0,0
----------
X O   X   
X X X X O 
X X X O O 
O O O O   
          
----------

White 4,2
----------
X O   X   
X X X X O 
X X X O O 
O O O O   
    O     
----------

Black 0,4
----------
X O   X X 
X X X X O 
X X X O O 
O O O O   
    O     
----------

White 0,2
----------
  O O     
        O 
      O O 
O O O O   
    O     
----------

Black 1,1
----------
  O O     
  X     O 
      O O 
O O O O   
    O     
----------

White 2,1
----------
  O O     
  X     O 
  O   O O 
O O O O   
    O     
----------

Black 1,2
----------
  O O     
  X X   O 
  O   O O 
O O O O   
    O     
----------

White 1,0
----------
  O O     
O X X   O 
  O   O O 
O O O O   
    O     
----------

Game end.
The winner is O
ta time: 330.71
student time: 9.77
Black(You) lose.
=====Round 9=====
Black:TA White:You
Wed Oct 28 15:29:56 PDT 2020
Clean up...
Start Playing...
Black 2,2
----------
          
          
    X     
          
          
----------

White 1,1
----------
          
  O       
    X     
          
          
----------

Black 1,2
----------
          
  O X     
    X     
          
          
----------

White 2,1
----------
          
  O X     
  O X     
          
          
----------

Black 3,1
----------
          
  O X     
  O X     
  X       
          
----------

White 0,1
----------
  O       
  O X     
  O X     
  X       
          
----------

Black 3,0
----------
  O       
  O X     
  O X     
X X       
          
----------

White 0,2
----------
  O O     
  O X     
  O X     
X X       
          
----------

Black 1,3
----------
  O O     
  O X X   
  O X     
X X       
          
----------

White 0,3
----------
  O O O   
  O X X   
  O X     
X X       
          
----------

Black 1,4
----------
  O O O   
  O X X X 
  O X     
X X       
          
----------

White 0,0
----------
O O O O   
  O X X X 
  O X     
X X       
          
----------

Black 2,0
----------
O O O O   
  O X X X 
X O X     
X X       
          
----------

White 3,3
----------
O O O O   
  O X X X 
X O X     
X X   O   
          
----------

Black 0,4
----------
O O O O X 
  O X X X 
X O X     
X X   O   
          
----------

White 2,3
----------
O O O O X 
  O X X X 
X O X O   
X X   O   
          
----------

Black 1,0
----------
        X 
X   X X X 
X   X O   
X X   O   
          
----------

White 3,2
----------
        X 
X   X X X 
X   X O   
X X O O   
          
----------

Black 4,2
----------
        X 
X   X X X 
X   X O   
X X O O   
    X     
----------

White 3,4
----------
        X 
X   X X X 
X   X O   
X X O O O 
    X     
----------

Black 2,4
----------
        X 
X   X X X 
X   X O X 
X X O O O 
    X     
----------

White 4,3
----------
        X 
X   X X X 
X   X O X 
X X O O O 
    X O   
----------

Black 4,4
----------
        X 
X   X X X 
X   X   X 
X X       
    X   X 
----------

White 3,3
----------
        X 
X   X X X 
X   X   X 
X X   O   
    X   X 
----------

Game end.
The winner is X
ta time: 368.3
student time: 10.24
White(You) lose.
=====Round 10=====
Black:You White:TA
Wed Oct 28 15:30:22 PDT 2020
Clean up...
Start Playing...
Black 2,2
----------
          
          
    X     
          
          
----------

White 2,3
----------
          
          
    X O   
          
          
----------

Black 1,2
----------
          
    X     
    X O   
          
          
----------

White 3,3
----------
          
    X     
    X O   
      O   
          
----------

Black 1,1
----------
          
  X X     
    X O   
      O   
          
----------

White 3,2
----------
          
  X X     
    X O   
    O O   
          
----------

Black 1,3
----------
          
  X X X   
    X O   
    O O   
          
----------

White 3,1
----------
          
  X X X   
    X O   
  O O O   
          
----------

Black 1,0
----------
          
X X X X   
    X O   
  O O O   
          
----------

White 1,4
----------
          
X X X X O 
    X O   
  O O O   
          
----------

Black 0,3
----------
      X   
X X X X O 
    X O   
  O O O   
          
----------

White 2,1
----------
      X   
X X X X O 
  O X O   
  O O O   
          
----------

Black 2,0
----------
      X   
X X X X O 
X O X O   
  O O O   
          
----------

White 3,0
----------
      X   
X X X X O 
X O X O   
O O O O   
          
----------

Black 0,0
----------
X     X   
X X X X O 
X O X O   
O O O O   
          
----------

White 2,4
----------
X     X   
X X X X O 
X O X O O 
O O O O   
          
----------

Black 0,1
----------
X X   X   
X X X X O 
X O X O O 
O O O O   
          
----------

White 4,2
----------
X X   X   
X X X X O 
X O X O O 
O O O O   
    O     
----------

Black 0,4
----------
X X   X X 
X X X X O 
X O X O O 
O O O O   
    O     
----------

White 0,2
----------
    O     
        O 
  O   O O 
O O O O   
    O     
----------

Black 1,1
----------
    O     
  X     O 
  O   O O 
O O O O   
    O     
----------

White 1,0
----------
    O     
O X     O 
  O   O O 
O O O O   
    O     
----------

Black 1,2
----------
    O     
O X X   O 
  O   O O 
O O O O   
    O     
----------

White 2,2
----------
    O     
O X X   O 
  O O O O 
O O O O   
    O     
----------

Game end.
The winner is O
ta time: 408.18
student time: 10.76
Black(You) lose.
