Thu Oct 29 01:14:50 PDT 2020

==Playing with qlearning_player==
=====Round 1=====
Black:TA White:You
Thu Oct 29 01:14:50 PDT 2020
Clean up...
Start Playing...
Black 1,2
----------
          
    X     
          
          
          
----------

White 2,1
----------
          
    X     
  O       
          
          
----------

Black 2,2
----------
          
    X     
  O X     
          
          
----------

White 3,1
----------
          
    X     
  O X     
  O       
          
----------

Black 0,0
----------
X         
    X     
  O X     
  O       
          
----------

White 0,1
----------
X O       
    X     
  O X     
  O       
          
----------

Black 2,3
----------
X O       
    X     
  O X X   
  O       
          
----------

White 1,0
----------
  O       
O   X     
  O X X   
  O       
          
----------

Black 0,2
----------
  O X     
O   X     
  O X X   
  O       
          
----------

White 3,2
----------
  O X     
O   X     
  O X X   
  O O     
          
----------

Black 0,3
----------
  O X X   
O   X     
  O X X   
  O O     
          
----------

White 3,3
----------
  O X X   
O   X     
  O X X   
  O O O   
          
----------

Black 0,4
----------
  O X X X 
O   X     
  O X X   
  O O O   
          
----------

White 3,4
----------
  O X X X 
O   X     
  O X X   
  O O O O 
          
----------

Black 1,1
----------
  O X X X 
O X X     
  O X X   
  O O O O 
          
----------

White 2,4
----------
  O X X X 
O X X     
  O X X O 
  O O O O 
          
----------

Black 0,0
----------
X   X X X 
O X X     
  O X X O 
  O O O O 
          
----------

White 1,4
----------
X   X X X 
O X X   O 
  O X X O 
  O O O O 
          
----------

Black 2,0
----------
X   X X X 
  X X   O 
X O X X O 
  O O O O 
          
----------

White 3,0
----------
X   X X X 
  X X   O 
X O X X O 
O O O O O 
          
----------

Black 4,2
----------
X   X X X 
  X X   O 
X O X X O 
O O O O O 
    X     
----------

White 1,3
----------
X   X X X 
  X X O O 
X O X X O 
O O O O O 
    X     
----------

Black 0,1
----------
X X X X X 
  X X O O 
X O X X O 
O O O O O 
    X     
----------

White 1,0
----------
          
O     O O 
  O     O 
O O O O O 
    X     
----------

Game end.
The winner is O
ta time: 3.86
student time: 0.88
White(You) win!
=====Round 2=====
Black:You White:TA
Thu Oct 29 01:15:00 PDT 2020
Clean up...
Start Playing...
Black 2,2
----------
          
          
    X     
          
          
----------

White 2,1
----------
          
          
  O X     
          
          
----------

Black 1,2
----------
          
    X     
  O X     
          
          
----------

White 3,2
----------
          
    X     
  O X     
    O     
          
----------

Black 1,1
----------
          
  X X     
  O X     
    O     
          
----------

White 2,3
----------
          
  X X     
  O X O   
    O     
          
----------

Black 3,1
----------
          
  X X     
  O X O   
  X O     
          
----------

White 2,4
----------
          
  X X     
  O X O O 
  X O     
          
----------

Black 2,0
----------
          
  X X     
X   X O O 
  X O     
          
----------

White 3,3
----------
          
  X X     
X   X O O 
  X O O   
          
----------

Black 1,3
----------
          
  X X X   
X   X O O 
  X O O   
          
----------

White 4,2
----------
          
  X X X   
X   X O O 
  X O O   
    O     
----------

Black 0,1
----------
  X       
  X X X   
X   X O O 
  X O O   
    O     
----------

White 0,2
----------
  X O     
  X X X   
X   X O O 
  X O O   
    O     
----------

Black 0,3
----------
  X   X   
  X X X   
X   X O O 
  X O O   
    O     
----------

White 1,0
----------
  X   X   
O X X X   
X   X O O 
  X O O   
    O     
----------

Black 0,0
----------
X X   X   
  X X X   
X   X O O 
  X O O   
    O     
----------

White 4,1
----------
X X   X   
  X X X   
X   X O O 
  X O O   
  O O     
----------

Black 3,0
----------
X X   X   
  X X X   
X   X O O 
X X O O   
  O O     
----------

White 1,4
----------
X X   X   
  X X X O 
X   X O O 
X X O O   
  O O     
----------

Black 2,1
----------
X X   X   
  X X X O 
X X X O O 
X X O O   
  O O     
----------

White 4,3
----------
X X   X   
  X X X O 
X X X O O 
X X O O   
  O O O   
----------

Black 0,2
----------
X X X X   
  X X X O 
X X X O O 
X X O O   
  O O O   
----------

White 3,4
----------
X X X X   
  X X X O 
X X X O O 
X X O O O 
  O O O   
----------

Game end.
The winner is X
ta time: 7.45
student time: 1.65
Black(You) win!
=====Round 3=====
Black:TA White:You
Thu Oct 29 01:15:09 PDT 2020
Clean up...
Start Playing...
Black 1,2
----------
          
    X     
          
          
          
----------

White 2,1
----------
          
    X     
  O       
          
          
----------

Black 2,2
----------
          
    X     
  O X     
          
          
----------

White 3,1
----------
          
    X     
  O X     
  O       
          
----------

Black 0,0
----------
X         
    X     
  O X     
  O       
          
----------

White 0,1
----------
X O       
    X     
  O X     
  O       
          
----------

Black 2,3
----------
X O       
    X     
  O X X   
  O       
          
----------

White 1,0
----------
  O       
O   X     
  O X X   
  O       
          
----------

Black 0,2
----------
  O X     
O   X     
  O X X   
  O       
          
----------

White 3,2
----------
  O X     
O   X     
  O X X   
  O O     
          
----------

Black 0,3
----------
  O X X   
O   X     
  O X X   
  O O     
          
----------

White 3,3
----------
  O X X   
O   X     
  O X X   
  O O O   
          
----------

Black 0,4
----------
  O X X X 
O   X     
  O X X   
  O O O   
          
----------

White 3,4
----------
  O X X X 
O   X     
  O X X   
  O O O O 
          
----------

Black 2,4
----------
  O X X X 
O   X     
  O X X X 
  O O O O 
          
----------

White 3,0
----------
  O X X X 
O   X     
  O X X X 
O O O O O 
          
----------

Black 1,1
----------
  O X X X 
O X X     
  O X X X 
O O O O O 
          
----------

White 1,3
----------
  O X X X 
O X X O   
  O X X X 
O O O O O 
          
----------

Black 1,4
----------
  O X X X 
O X X   X 
  O X X X 
O O O O O 
          
----------

White 1,3
----------
  O       
O     O   
  O       
O O O O O 
          
----------

Black 2,2
----------
  O       
O     O   
  O X     
O O O O O 
          
----------

White 1,2
----------
  O       
O   O O   
  O X     
O O O O O 
          
----------

Black 2,3
----------
  O       
O   O O   
  O X X   
O O O O O 
          
----------

White 2,4
----------
  O       
O   O O   
  O     O 
O O O O O 
          
----------

Game end.
The winner is O
ta time: 11.37
student time: 2.21
White(You) win!
=====Round 4=====
Black:You White:TA
Thu Oct 29 01:15:18 PDT 2020
Clean up...
Start Playing...
Black 2,2
----------
          
          
    X     
          
          
----------

White 2,1
----------
          
          
  O X     
          
          
----------

Black 1,2
----------
          
    X     
  O X     
          
          
----------

White 3,2
----------
          
    X     
  O X     
    O     
          
----------

Black 1,1
----------
          
  X X     
  O X     
    O     
          
----------

White 2,3
----------
          
  X X     
  O X O   
    O     
          
----------

Black 3,1
----------
          
  X X     
  O X O   
  X O     
          
----------

White 2,0
----------
          
  X X     
O O X O   
  X O     
          
----------

Black 1,0
----------
          
X X X     
O O X O   
  X O     
          
----------

White 0,2
----------
    O     
X X X     
O O X O   
  X O     
          
----------

Black 3,0
----------
    O     
X X X     
    X O   
X X O     
          
----------

White 2,1
----------
    O     
X X X     
  O X O   
X X O     
          
----------

Black 2,0
----------
    O     
X X X     
X   X O   
X X O     
          
----------

White 1,3
----------
    O     
X X X O   
X   X O   
X X O     
          
----------

Black 0,1
----------
  X O     
X X X O   
X   X O   
X X O     
          
----------

White 2,4
----------
  X O     
X X X O   
X   X O O 
X X O     
          
----------

Black 4,1
----------
  X O     
X X X O   
X   X O O 
X X O     
  X       
----------

White 4,2
----------
  X O     
X X X O   
X   X O O 
X X O     
  X O     
----------

Black 2,1
----------
  X O     
X X X O   
X X X O O 
X X O     
  X O     
----------

White 3,3
----------
  X O     
X X X O   
X X X O O 
X X O O   
  X O     
----------

Black 0,4
----------
  X O   X 
X X X O   
X X X O O 
X X O O   
  X O     
----------

White 1,4
----------
  X O   X 
X X X O O 
X X X O O 
X X O O   
  X O     
----------

Black 4,4
----------
  X O   X 
X X X O O 
X X X O O 
X X O O   
  X O   X 
----------

White 0,3
----------
  X O O   
X X X O O 
X X X O O 
X X O O   
  X O   X 
----------

Game end.
The winner is O
ta time: 14.96
student time: 2.82
Black(You) lose.
=====Round 5=====
Black:TA White:You
Thu Oct 29 01:15:26 PDT 2020
Clean up...
Start Playing...
Black 1,2
----------
          
    X     
          
          
          
----------

White 2,1
----------
          
    X     
  O       
          
          
----------

Black 2,2
----------
          
    X     
  O X     
          
          
----------

White 3,1
----------
          
    X     
  O X     
  O       
          
----------

Black 0,0
----------
X         
    X     
  O X     
  O       
          
----------

White 0,1
----------
X O       
    X     
  O X     
  O       
          
----------

Black 2,3
----------
X O       
    X     
  O X X   
  O       
          
----------

White 1,0
----------
  O       
O   X     
  O X X   
  O       
          
----------

Black 0,2
----------
  O X     
O   X     
  O X X   
  O       
          
----------

White 3,2
----------
  O X     
O   X     
  O X X   
  O O     
          
----------

Black 0,3
----------
  O X X   
O   X     
  O X X   
  O O     
          
----------

White 3,3
----------
  O X X   
O   X     
  O X X   
  O O O   
          
----------

Black 0,4
----------
  O X X X 
O   X     
  O X X   
  O O O   
          
----------

White 3,4
----------
  O X X X 
O   X     
  O X X   
  O O O O 
          
----------

Black 2,4
----------
  O X X X 
O   X     
  O X X X 
  O O O O 
          
----------

White 3,0
----------
  O X X X 
O   X     
  O X X X 
O O O O O 
          
----------

Black 1,1
----------
  O X X X 
O X X     
  O X X X 
O O O O O 
          
----------

White 1,3
----------
  O X X X 
O X X O   
  O X X X 
O O O O O 
          
----------

Black 1,4
----------
  O X X X 
O X X   X 
  O X X X 
O O O O O 
          
----------

White 1,3
----------
  O       
O     O   
  O       
O O O O O 
          
----------

Black 2,2
----------
  O       
O     O   
  O X     
O O O O O 
          
----------

White 1,2
----------
  O       
O   O O   
  O X     
O O O O O 
          
----------

Black 2,3
----------
  O       
O   O O   
  O X X   
O O O O O 
          
----------

White 2,4
----------
  O       
O   O O   
  O     O 
O O O O O 
          
----------

Game end.
The winner is O
ta time: 18.82
student time: 3.18
White(You) win!
=====Round 6=====
Black:You White:TA
Thu Oct 29 01:15:34 PDT 2020
Clean up...
Start Playing...
Black 2,2
----------
          
          
    X     
          
          
----------

White 2,1
----------
          
          
  O X     
          
          
----------

Black 1,2
----------
          
    X     
  O X     
          
          
----------

White 3,2
----------
          
    X     
  O X     
    O     
          
----------

Black 1,1
----------
          
  X X     
  O X     
    O     
          
----------

White 2,3
----------
          
  X X     
  O X O   
    O     
          
----------

Black 3,1
----------
          
  X X     
  O X O   
  X O     
          
----------

White 2,0
----------
          
  X X     
O O X O   
  X O     
          
----------

Black 1,0
----------
          
X X X     
O O X O   
  X O     
          
----------

White 1,3
----------
          
X X X O   
O O X O   
  X O     
          
----------

Black 3,0
----------
          
X X X O   
    X O   
X X O     
          
----------

White 2,1
----------
          
X X X O   
  O X O   
X X O     
          
----------

Black 2,0
----------
          
X X X O   
X   X O   
X X O     
          
----------

White 3,3
----------
          
X X X O   
X   X O   
X X O O   
          
----------

Black 0,2
----------
    X     
X X X O   
X   X O   
X X O O   
          
----------

White 2,4
----------
    X     
X X X O   
X   X O O 
X X O O   
          
----------

Black 0,3
----------
    X X   
X X X O   
X   X O O 
X X O O   
          
----------

White 4,2
----------
    X X   
X X X O   
X   X O O 
X X O O   
    O     
----------

Black 0,4
----------
    X X X 
X X X O   
X   X O O 
X X O O   
    O     
----------

White 4,1
----------
    X X X 
X X X O   
X   X O O 
X X O O   
  O O     
----------

Black 2,1
----------
    X X X 
X X X O   
X X X O O 
X X O O   
  O O     
----------

White 4,3
----------
    X X X 
X X X O   
X X X O O 
X X O O   
  O O O   
----------

Black 0,0
----------
X   X X X 
X X X O   
X X X O O 
X X O O   
  O O O   
----------

White 1,4
----------
X   X X X 
X X X O O 
X X X O O 
X X O O   
  O O O   
----------

Game end.
The winner is X
ta time: 22.43
student time: 3.9
Black(You) win!
=====Round 7=====
Black:TA White:You
Thu Oct 29 01:15:42 PDT 2020
Clean up...
Start Playing...
Black 1,2
----------
          
    X     
          
          
          
----------

White 2,1
----------
          
    X     
  O       
          
          
----------

Black 2,2
----------
          
    X     
  O X     
          
          
----------

White 3,1
----------
          
    X     
  O X     
  O       
          
----------

Black 0,0
----------
X         
    X     
  O X     
  O       
          
----------

White 0,1
----------
X O       
    X     
  O X     
  O       
          
----------

Black 2,3
----------
X O       
    X     
  O X X   
  O       
          
----------

White 1,0
----------
  O       
O   X     
  O X X   
  O       
          
----------

Black 0,2
----------
  O X     
O   X     
  O X X   
  O       
          
----------

White 3,2
----------
  O X     
O   X     
  O X X   
  O O     
          
----------

Black 0,3
----------
  O X X   
O   X     
  O X X   
  O O     
          
----------

White 3,3
----------
  O X X   
O   X     
  O X X   
  O O O   
          
----------

Black 0,4
----------
  O X X X 
O   X     
  O X X   
  O O O   
          
----------

White 3,4
----------
  O X X X 
O   X     
  O X X   
  O O O O 
          
----------

Black 2,0
----------
  O X X X 
O   X     
X O X X   
  O O O O 
          
----------

White 3,0
----------
  O X X X 
O   X     
  O X X   
O O O O O 
          
----------

Black 1,1
----------
  O X X X 
O X X     
  O X X   
O O O O O 
          
----------

White 2,4
----------
  O X X X 
O X X     
  O X X O 
O O O O O 
          
----------

Black 0,0
----------
X   X X X 
O X X     
  O X X O 
O O O O O 
          
----------

White 1,4
----------
X   X X X 
O X X   O 
  O X X O 
O O O O O 
          
----------

Black 2,0
----------
X   X X X 
  X X   O 
X O X X O 
O O O O O 
          
----------

White 1,3
----------
X   X X X 
  X X O O 
X O X X O 
O O O O O 
          
----------

Black 4,2
----------
X   X X X 
  X X O O 
X O X X O 
O O O O O 
    X     
----------

White 1,0
----------
X   X X X 
O X X O O 
  O X X O 
O O O O O 
    X     
----------

Game end.
The winner is O
ta time: 26.37
student time: 4.39
White(You) win!
=====Round 8=====
Black:You White:TA
Thu Oct 29 01:15:50 PDT 2020
Clean up...
Start Playing...
Black 2,2
----------
          
          
    X     
          
          
----------

White 2,1
----------
          
          
  O X     
          
          
----------

Black 1,2
----------
          
    X     
  O X     
          
          
----------

White 3,2
----------
          
    X     
  O X     
    O     
          
----------

Black 1,1
----------
          
  X X     
  O X     
    O     
          
----------

White 2,3
----------
          
  X X     
  O X O   
    O     
          
----------

Black 3,1
----------
          
  X X     
  O X O   
  X O     
          
----------

White 0,2
----------
    O     
  X X     
  O X O   
  X O     
          
----------

Black 2,0
----------
    O     
  X X     
X   X O   
  X O     
          
----------

White 1,3
----------
    O     
  X X O   
X   X O   
  X O     
          
----------

Black 0,1
----------
  X O     
  X X O   
X   X O   
  X O     
          
----------

White 4,2
----------
  X O     
  X X O   
X   X O   
  X O     
    O     
----------

Black 3,0
----------
  X O     
  X X O   
X   X O   
X X O     
    O     
----------

White 3,3
----------
  X O     
  X X O   
X   X O   
X X O O   
    O     
----------

Black 2,1
----------
  X O     
  X X O   
X X X O   
X X O O   
    O     
----------

White 2,4
----------
  X O     
  X X O   
X X X O O 
X X O O   
    O     
----------

Black 0,0
----------
X X O     
  X X O   
X X X O O 
X X O O   
    O     
----------

White 3,4
----------
X X O     
  X X O   
X X X O O 
X X O O O 
    O     
----------

Black 1,0
----------
X X O     
X X X O   
X X X O O 
X X O O O 
    O     
----------

White 1,4
----------
X X O     
X X X O O 
X X X O O 
X X O O O 
    O     
----------

Black 0,3
----------
X X   X   
X X X O O 
X X X O O 
X X O O O 
    O     
----------

White 4,3
----------
X X   X   
X X X O O 
X X X O O 
X X O O O 
    O O   
----------

Black 0,2
----------
X X X X   
X X X O O 
X X X O O 
X X O O O 
    O O   
----------

White 4,1
----------
X X X X   
X X X O O 
X X X O O 
X X O O O 
  O O O   
----------

Game end.
The winner is O
ta time: 29.95
student time: 5.04
Black(You) lose.
=====Round 9=====
Black:TA White:You
Thu Oct 29 01:15:58 PDT 2020
Clean up...
Start Playing...
Black 1,2
----------
          
    X     
          
          
          
----------

White 2,1
----------
          
    X     
  O       
          
          
----------

Black 2,2
----------
          
    X     
  O X     
          
          
----------

White 3,1
----------
          
    X     
  O X     
  O       
          
----------

Black 0,0
----------
X         
    X     
  O X     
  O       
          
----------

White 0,1
----------
X O       
    X     
  O X     
  O       
          
----------

Black 3,2
----------
X O       
    X     
  O X     
  O X     
          
----------

White 1,0
----------
  O       
O   X     
  O X     
  O X     
          
----------

Black 0,2
----------
  O X     
O   X     
  O X     
  O X     
          
----------

White 4,1
----------
  O X     
O   X     
  O X     
  O X     
  O       
----------

Black 2,3
----------
  O X     
O   X     
  O X X   
  O X     
  O       
----------

White 4,2
----------
  O X     
O   X     
  O X X   
  O X     
  O O     
----------

Black 1,3
----------
  O X     
O   X X   
  O X X   
  O X     
  O O     
----------

White 4,3
----------
  O X     
O   X X   
  O X X   
  O X     
  O O O   
----------

Black 2,4
----------
  O X     
O   X X   
  O X X X 
  O X     
  O O O   
----------

White 3,3
----------
  O X     
O   X X   
  O X X X 
  O X O   
  O O O   
----------

Black 2,0
----------
  O X     
O   X X   
X O X X X 
  O X O   
  O O O   
----------

White 3,0
----------
  O X     
O   X X   
  O X X X 
O O X O   
  O O O   
----------

Black 1,1
----------
  O X     
O X X X   
  O X X X 
O O X O   
  O O O   
----------

White 2,0
----------
  O X     
O X X X   
O O X X X 
O O X O   
  O O O   
----------

Black 0,0
----------
X   X     
O X X X   
O O X X X 
O O X O   
  O O O   
----------

White 3,4
----------
X   X     
O X X X   
O O X X X 
O O X O O 
  O O O   
----------

Black 0,3
----------
X   X X   
O X X X   
O O X X X 
O O X O O 
  O O O   
----------

White 0,1
----------
  O X X   
O X X X   
O O X X X 
O O X O O 
  O O O   
----------

Game end.
The winner is O
ta time: 33.68
student time: 5.68
White(You) win!
=====Round 10=====
Black:You White:TA
Thu Oct 29 01:16:07 PDT 2020
Clean up...
Start Playing...
Black 2,2
----------
          
          
    X     
          
          
----------

White 2,1
----------
          
          
  O X     
          
          
----------

Black 1,2
----------
          
    X     
  O X     
          
          
----------

White 3,2
----------
          
    X     
  O X     
    O     
          
----------

Black 1,1
----------
          
  X X     
  O X     
    O     
          
----------

White 2,3
----------
          
  X X     
  O X O   
    O     
          
----------

Black 3,1
----------
          
  X X     
  O X O   
  X O     
          
----------

White 2,0
----------
          
  X X     
O O X O   
  X O     
          
----------

Black 1,0
----------
          
X X X     
O O X O   
  X O     
          
----------

White 2,4
----------
          
X X X     
O O X O O 
  X O     
          
----------

Black 3,0
----------
          
X X X     
    X O O 
X X O     
          
----------

White 2,1
----------
          
X X X     
  O X O O 
X X O     
          
----------

Black 2,0
----------
          
X X X     
X   X O O 
X X O     
          
----------

White 0,2
----------
    O     
X X X     
X   X O O 
X X O     
          
----------

Black 0,1
----------
  X O     
X X X     
X   X O O 
X X O     
          
----------

White 1,3
----------
  X O     
X X X O   
X   X O O 
X X O     
          
----------

Black 4,1
----------
  X O     
X X X O   
X   X O O 
X X O     
  X       
----------

White 4,2
----------
  X O     
X X X O   
X   X O O 
X X O     
  X O     
----------

Black 2,1
----------
  X O     
X X X O   
X X X O O 
X X O     
  X O     
----------

White 3,3
----------
  X O     
X X X O   
X X X O O 
X X O O   
  X O     
----------

Black 0,4
----------
  X O   X 
X X X O   
X X X O O 
X X O O   
  X O     
----------

White 1,4
----------
  X O   X 
X X X O O 
X X X O O 
X X O O   
  X O     
----------

Black 4,4
----------
  X O   X 
X X X O O 
X X X O O 
X X O O   
  X O   X 
----------

White 0,3
----------
  X O O   
X X X O O 
X X X O O 
X X O O   
  X O   X 
----------

Game end.
The winner is O
ta time: 37.25
student time: 6.13
Black(You) lose.

==Playing with championship_player==
=====Round 1=====
Black:TA White:You
Thu Oct 29 01:16:15 PDT 2020
Clean up...
Start Playing...
Black 2,2
----------
          
          
    X     
          
          
----------

White 1,1
----------
          
  O       
    X     
          
          
----------

Black 2,1
----------
          
  O       
  X X     
          
          
----------

White 1,2
----------
          
  O O     
  X X     
          
          
----------

Black 1,3
----------
          
  O O X   
  X X     
          
          
----------

White 1,0
----------
          
O O O X   
  X X     
          
          
----------

Black 0,3
----------
      X   
O O O X   
  X X     
          
          
----------

White 2,0
----------
      X   
O O O X   
O X X     
          
          
----------

Black 3,1
----------
      X   
O O O X   
O X X     
  X       
          
----------

White 3,0
----------
      X   
O O O X   
O X X     
O X       
          
----------

Black 4,1
----------
      X   
O O O X   
O X X     
O X       
  X       
----------

White 3,3
----------
      X   
O O O X   
O X X     
O X   O   
  X       
----------

Black 0,2
----------
    X X   
O O O X   
O X X     
O X   O   
  X       
----------

White 3,4
----------
    X X   
O O O X   
O X X     
O X   O O 
  X       
----------

Black 0,1
----------
  X X X   
O O O X   
O X X     
O X   O O 
  X       
----------

White 3,2
----------
  X X X   
O O O X   
O X X     
O X O O O 
  X       
----------

Black 4,0
----------
  X X X   
O O O X   
O X X     
O X O O O 
X X       
----------

White 2,3
----------
  X X X   
O O O X   
O X X O   
O X O O O 
X X       
----------

Black 0,0
----------
X X X X   
      X   
  X X O   
  X O O O 
X X       
----------

White 2,4
----------
X X X X   
      X   
  X X O O 
  X O O O 
X X       
----------

Black 1,2
----------
X X X X   
    X X   
  X X O O 
  X O O O 
X X       
----------

White 1,4
----------
X X X X   
    X X O 
  X X O O 
  X O O O 
X X       
----------

Black 4,2
----------
X X X X   
    X X O 
  X X O O 
  X O O O 
X X X     
----------

White 0,4
----------
X X X X O 
    X X O 
  X X O O 
  X O O O 
X X X     
----------

Game end.
The winner is X
ta time: 73.38
student time: 6.88
White(You) lose.
=====Round 2=====
Black:You White:TA
Thu Oct 29 01:16:42 PDT 2020
Clean up...
Start Playing...
Black 2,2
----------
          
          
    X     
          
          
----------

White 3,1
----------
          
          
    X     
  O       
          
----------

Black 1,2
----------
          
    X     
    X     
  O       
          
----------

White 2,1
----------
          
    X     
  O X     
  O       
          
----------

Black 1,1
----------
          
  X X     
  O X     
  O       
          
----------

White 3,2
----------
          
  X X     
  O X     
  O O     
          
----------

Black 1,3
----------
          
  X X X   
  O X     
  O O     
          
----------

White 3,3
----------
          
  X X X   
  O X     
  O O O   
          
----------

Black 1,0
----------
          
X X X X   
  O X     
  O O O   
          
----------

White 2,0
----------
          
X X X X   
O O X     
  O O O   
          
----------

Black 1,4
----------
          
X X X X X 
O O X     
  O O O   
          
----------

White 3,4
----------
          
X X X X X 
O O X     
  O O O O 
          
----------

Black 2,3
----------
          
X X X X X 
O O X X   
  O O O O 
          
----------

White 4,2
----------
          
X X X X X 
O O X X   
  O O O O 
    O     
----------

Black 0,0
----------
X         
X X X X X 
O O X X   
  O O O O 
    O     
----------

White 3,0
----------
X         
X X X X X 
O O X X   
O O O O O 
    O     
----------

Black 0,1
----------
X X       
X X X X X 
O O X X   
O O O O O 
    O     
----------

White 0,3
----------
X X   O   
X X X X X 
O O X X   
O O O O O 
    O     
----------

Black 0,2
----------
X X X O   
X X X X X 
O O X X   
O O O O O 
    O     
----------

White 4,1
----------
X X X O   
X X X X X 
O O X X   
O O O O O 
  O O     
----------

Black 0,4
----------
X X X   X 
X X X X X 
O O X X   
O O O O O 
  O O     
----------

White 4,3
----------
X X X   X 
X X X X X 
O O X X   
O O O O O 
  O O O   
----------

Black 0,3
----------
X X X X X 
X X X X X 
O O X X   
O O O O O 
  O O O   
----------

White 2,4
----------
          
          
O O     O 
O O O O O 
  O O O   
----------

Game end.
The winner is O
ta time: 110.61
student time: 7.69
Black(You) lose.
=====Round 3=====
Black:TA White:You
Thu Oct 29 01:17:10 PDT 2020
Clean up...
Start Playing...
Black 2,2
----------
          
          
    X     
          
          
----------

White 1,1
----------
          
  O       
    X     
          
          
----------

Black 1,2
----------
          
  O X     
    X     
          
          
----------

White 2,1
----------
          
  O X     
  O X     
          
          
----------

Black 3,1
----------
          
  O X     
  O X     
  X       
          
----------

White 0,1
----------
  O       
  O X     
  O X     
  X       
          
----------

Black 3,0
----------
  O       
  O X     
  O X     
X X       
          
----------

White 0,2
----------
  O O     
  O X     
  O X     
X X       
          
----------

Black 1,3
----------
  O O     
  O X X   
  O X     
X X       
          
----------

White 0,3
----------
  O O O   
  O X X   
  O X     
X X       
          
----------

Black 1,4
----------
  O O O   
  O X X X 
  O X     
X X       
          
----------

White 3,3
----------
  O O O   
  O X X X 
  O X     
X X   O   
          
----------

Black 2,0
----------
  O O O   
  O X X X 
X O X     
X X   O   
          
----------

White 3,4
----------
  O O O   
  O X X X 
X O X     
X X   O O 
          
----------

Black 0,4
----------
  O O O X 
  O X X X 
X O X     
X X   O O 
          
----------

White 3,2
----------
  O O O X 
  O X X X 
X O X     
X X O O O 
          
----------

Black 1,0
----------
  O O O X 
X O X X X 
X O X     
X X O O O 
          
----------

White 2,3
----------
  O O O X 
X O X X X 
X O X O   
X X O O O 
          
----------

Black 0,0
----------
X       X 
X   X X X 
X   X O   
X X O O O 
          
----------

White 4,2
----------
X       X 
X   X X X 
X   X O   
X X O O O 
    O     
----------

Black 2,1
----------
X       X 
X   X X X 
X X X O   
X X O O O 
    O     
----------

White 4,1
----------
X       X 
X   X X X 
X X X O   
X X O O O 
  O O     
----------

Black 0,2
----------
X   X   X 
X   X X X 
X X X O   
X X O O O 
  O O     
----------

White 2,4
----------
X   X   X 
X   X X X 
X X X O O 
X X O O O 
  O O     
----------

Game end.
The winner is X
ta time: 146.1
student time: 8.49
White(You) lose.
=====Round 4=====
Black:You White:TA
Thu Oct 29 01:17:35 PDT 2020
Clean up...
Start Playing...
Black 2,2
----------
          
          
    X     
          
          
----------

White 2,1
----------
          
          
  O X     
          
          
----------

Black 1,2
----------
          
    X     
  O X     
          
          
----------

White 3,1
----------
          
    X     
  O X     
  O       
          
----------

Black 1,1
----------
          
  X X     
  O X     
  O       
          
----------

White 3,2
----------
          
  X X     
  O X     
  O O     
          
----------

Black 1,3
----------
          
  X X X   
  O X     
  O O     
          
----------

White 3,3
----------
          
  X X X   
  O X     
  O O O   
          
----------

Black 1,0
----------
          
X X X X   
  O X     
  O O O   
          
----------

White 2,0
----------
          
X X X X   
O O X     
  O O O   
          
----------

Black 1,4
----------
          
X X X X X 
O O X     
  O O O   
          
----------

White 3,4
----------
          
X X X X X 
O O X     
  O O O O 
          
----------

Black 2,3
----------
          
X X X X X 
O O X X   
  O O O O 
          
----------

White 4,2
----------
          
X X X X X 
O O X X   
  O O O O 
    O     
----------

Black 0,0
----------
X         
X X X X X 
O O X X   
  O O O O 
    O     
----------

White 3,0
----------
X         
X X X X X 
O O X X   
O O O O O 
    O     
----------

Black 0,1
----------
X X       
X X X X X 
O O X X   
O O O O O 
    O     
----------

White 0,3
----------
X X   O   
X X X X X 
O O X X   
O O O O O 
    O     
----------

Black 0,2
----------
X X X O   
X X X X X 
O O X X   
O O O O O 
    O     
----------

White 4,4
----------
X X X O   
X X X X X 
O O X X   
O O O O O 
    O   O 
----------

Black 0,4
----------
X X X   X 
X X X X X 
O O X X   
O O O O O 
    O   O 
----------

White 4,1
----------
X X X   X 
X X X X X 
O O X X   
O O O O O 
  O O   O 
----------

Black 0,3
----------
X X X X X 
X X X X X 
O O X X   
O O O O O 
  O O   O 
----------

White 4,0
----------
X X X X X 
X X X X X 
O O X X   
O O O O O 
O O O   O 
----------

Game end.
The winner is O
ta time: 184.54
student time: 8.88
Black(You) lose.
=====Round 5=====
Black:TA White:You
Thu Oct 29 01:18:03 PDT 2020
Clean up...
Start Playing...
Black 2,2
----------
          
          
    X     
          
          
----------

White 1,1
----------
          
  O       
    X     
          
          
----------

Black 2,1
----------
          
  O       
  X X     
          
          
----------

White 1,2
----------
          
  O O     
  X X     
          
          
----------

Black 1,3
----------
          
  O O X   
  X X     
          
          
----------

White 1,0
----------
          
O O O X   
  X X     
          
          
----------

Black 0,3
----------
      X   
O O O X   
  X X     
          
          
----------

White 2,0
----------
      X   
O O O X   
O X X     
          
          
----------

Black 3,1
----------
      X   
O O O X   
O X X     
  X       
          
----------

White 3,0
----------
      X   
O O O X   
O X X     
O X       
          
----------

Black 4,1
----------
      X   
O O O X   
O X X     
O X       
  X       
----------

White 3,3
----------
      X   
O O O X   
O X X     
O X   O   
  X       
----------

Black 2,3
----------
      X   
O O O X   
O X X X   
O X   O   
  X       
----------

White 3,4
----------
      X   
O O O X   
O X X X   
O X   O O 
  X       
----------

Black 3,2
----------
      X   
O O O X   
O X X X   
O X X O O 
  X       
----------

White 2,4
----------
      X   
O O O X   
O X X X O 
O X X O O 
  X       
----------

Black 1,4
----------
      X   
O O O X X 
O X X X O 
O X X O O 
  X       
----------

White 4,3
----------
      X   
O O O X X 
O X X X O 
O X X O O 
  X   O   
----------

Black 4,0
----------
      X   
O O O X X 
O X X X O 
O X X O O 
X X   O   
----------

White 0,0
----------
O     X   
O O O X X 
O X X X O 
O X X O O 
X X   O   
----------

Black 0,2
----------
O   X X   
O O O X X 
O X X X O 
O X X O O 
X X   O   
----------

White 4,2
----------
O   X X   
O O O X X 
O X X X O 
O X X O O 
X X O O   
----------

Black 0,1
----------
  X X X   
      X X 
  X X X O 
  X X O O 
X X O O   
----------

White 1,0
----------
  X X X   
O     X X 
  X X X O 
  X X O O 
X X O O   
----------

Game end.
The winner is X
ta time: 220.44
student time: 9.41
White(You) lose.
=====Round 6=====
Black:You White:TA
Thu Oct 29 01:18:28 PDT 2020
Clean up...
Start Playing...
Black 2,2
----------
          
          
    X     
          
          
----------

White 2,3
----------
          
          
    X O   
          
          
----------

Black 1,2
----------
          
    X     
    X O   
          
          
----------

White 3,3
----------
          
    X     
    X O   
      O   
          
----------

Black 1,1
----------
          
  X X     
    X O   
      O   
          
----------

White 3,2
----------
          
  X X     
    X O   
    O O   
          
----------

Black 1,3
----------
          
  X X X   
    X O   
    O O   
          
----------

White 3,1
----------
          
  X X X   
    X O   
  O O O   
          
----------

Black 1,0
----------
          
X X X X   
    X O   
  O O O   
          
----------

White 1,4
----------
          
X X X X O 
    X O   
  O O O   
          
----------

Black 0,3
----------
      X   
X X X X O 
    X O   
  O O O   
          
----------

White 2,1
----------
      X   
X X X X O 
  O X O   
  O O O   
          
----------

Black 0,4
----------
      X X 
X X X X O 
  O X O   
  O O O   
          
----------

White 2,4
----------
      X X 
X X X X O 
  O X O O 
  O O O   
          
----------

Black 2,0
----------
      X X 
X X X X O 
X O X O O 
  O O O   
          
----------

White 3,0
----------
      X X 
X X X X O 
X O X O O 
O O O O   
          
----------

Black 0,0
----------
X     X X 
X X X X O 
X O X O O 
O O O O   
          
----------

White 4,3
----------
X     X X 
X X X X O 
X O X O O 
O O O O   
      O   
----------

Black 4,1
----------
X     X X 
X X X X O 
X O X O O 
O O O O   
  X   O   
----------

White 0,2
----------
X   O X X 
X X X X O 
X O X O O 
O O O O   
  X   O   
----------

Black 0,1
----------
X X   X X 
X X X X O 
X O X O O 
O O O O   
  X   O   
----------

White 3,4
----------
X X   X X 
X X X X O 
X O X O O 
O O O O O 
  X   O   
----------

Black 4,0
----------
X X   X X 
X X X X O 
X O X O O 
O O O O O 
X X   O   
----------

White 0,2
----------
    O     
        O 
  O   O O 
O O O O O 
X X   O   
----------

Game end.
The winner is O
ta time: 253.89
student time: 10.26
Black(You) lose.
=====Round 7=====
Black:TA White:You
Thu Oct 29 01:18:55 PDT 2020
Clean up...
Start Playing...
Black 2,2
----------
          
          
    X     
          
          
----------

White 1,1
----------
          
  O       
    X     
          
          
----------

Black 2,1
----------
          
  O       
  X X     
          
          
----------

White 1,2
----------
          
  O O     
  X X     
          
          
----------

Black 1,3
----------
          
  O O X   
  X X     
          
          
----------

White 1,0
----------
          
O O O X   
  X X     
          
          
----------

Black 0,3
----------
      X   
O O O X   
  X X     
          
          
----------

White 2,0
----------
      X   
O O O X   
O X X     
          
          
----------

Black 3,1
----------
      X   
O O O X   
O X X     
  X       
          
----------

White 3,0
----------
      X   
O O O X   
O X X     
O X       
          
----------

Black 4,1
----------
      X   
O O O X   
O X X     
O X       
  X       
----------

White 3,3
----------
      X   
O O O X   
O X X     
O X   O   
  X       
----------

Black 0,2
----------
    X X   
O O O X   
O X X     
O X   O   
  X       
----------

White 3,4
----------
    X X   
O O O X   
O X X     
O X   O O 
  X       
----------

Black 0,1
----------
  X X X   
O O O X   
O X X     
O X   O O 
  X       
----------

White 3,2
----------
  X X X   
O O O X   
O X X     
O X O O O 
  X       
----------

Black 4,0
----------
  X X X   
O O O X   
O X X     
O X O O O 
X X       
----------

White 2,3
----------
  X X X   
O O O X   
O X X O   
O X O O O 
X X       
----------

Black 0,0
----------
X X X X   
      X   
  X X O   
  X O O O 
X X       
----------

White 2,4
----------
X X X X   
      X   
  X X O O 
  X O O O 
X X       
----------

Black 1,2
----------
X X X X   
    X X   
  X X O O 
  X O O O 
X X       
----------

White 1,4
----------
X X X X   
    X X O 
  X X O O 
  X O O O 
X X       
----------

Black 4,3
----------
X X X X   
    X X O 
  X X O O 
  X O O O 
X X   X   
----------

White 4,2
----------
X X X X   
    X X O 
  X X O O 
  X O O O 
X X O X   
----------

Game end.
The winner is X
ta time: 290.14
student time: 10.58
White(You) lose.
=====Round 8=====
Black:You White:TA
Thu Oct 29 01:19:21 PDT 2020
Clean up...
Start Playing...
Black 2,2
----------
          
          
    X     
          
          
----------

White 2,3
----------
          
          
    X O   
          
          
----------

Black 1,2
----------
          
    X     
    X O   
          
          
----------

White 3,3
----------
          
    X     
    X O   
      O   
          
----------

Black 1,1
----------
          
  X X     
    X O   
      O   
          
----------

White 3,2
----------
          
  X X     
    X O   
    O O   
          
----------

Black 1,3
----------
          
  X X X   
    X O   
    O O   
          
----------

White 3,1
----------
          
  X X X   
    X O   
  O O O   
          
----------

Black 1,0
----------
          
X X X X   
    X O   
  O O O   
          
----------

White 1,4
----------
          
X X X X O 
    X O   
  O O O   
          
----------

Black 0,3
----------
      X   
X X X X O 
    X O   
  O O O   
          
----------

White 2,1
----------
      X   
X X X X O 
  O X O   
  O O O   
          
----------

Black 0,4
----------
      X X 
X X X X O 
  O X O   
  O O O   
          
----------

White 2,4
----------
      X X 
X X X X O 
  O X O O 
  O O O   
          
----------

Black 2,0
----------
      X X 
X X X X O 
X O X O O 
  O O O   
          
----------

White 3,0
----------
      X X 
X X X X O 
X O X O O 
O O O O   
          
----------

Black 0,0
----------
X     X X 
X X X X O 
X O X O O 
O O O O   
          
----------

White 4,3
----------
X     X X 
X X X X O 
X O X O O 
O O O O   
      O   
----------

Black 4,1
----------
X     X X 
X X X X O 
X O X O O 
O O O O   
  X   O   
----------

White 0,1
----------
X O   X X 
X X X X O 
X O X O O 
O O O O   
  X   O   
----------

Black 0,2
----------
X   X X X 
X X X X O 
X O X O O 
O O O O   
  X   O   
----------

White 4,2
----------
X   X X X 
X X X X O 
X O X O O 
O O O O   
  X O O   
----------

Black 3,4
----------
X   X X X 
X X X X O 
X O X O O 
O O O O X 
  X O O   
----------

White 0,1
----------
  O       
        O 
  O   O O 
O O O O X 
  X O O   
----------

Game end.
The winner is O
ta time: 323.5
student time: 10.94
Black(You) lose.
=====Round 9=====
Black:TA White:You
Thu Oct 29 01:19:47 PDT 2020
Clean up...
Start Playing...
Black 2,2
----------
          
          
    X     
          
          
----------

White 1,1
----------
          
  O       
    X     
          
          
----------

Black 2,1
----------
          
  O       
  X X     
          
          
----------

White 1,2
----------
          
  O O     
  X X     
          
          
----------

Black 1,3
----------
          
  O O X   
  X X     
          
          
----------

White 1,0
----------
          
O O O X   
  X X     
          
          
----------

Black 0,3
----------
      X   
O O O X   
  X X     
          
          
----------

White 2,0
----------
      X   
O O O X   
O X X     
          
          
----------

Black 3,1
----------
      X   
O O O X   
O X X     
  X       
          
----------

White 3,0
----------
      X   
O O O X   
O X X     
O X       
          
----------

Black 4,1
----------
      X   
O O O X   
O X X     
O X       
  X       
----------

White 3,3
----------
      X   
O O O X   
O X X     
O X   O   
  X       
----------

Black 0,2
----------
    X X   
O O O X   
O X X     
O X   O   
  X       
----------

White 3,4
----------
    X X   
O O O X   
O X X     
O X   O O 
  X       
----------

Black 0,1
----------
  X X X   
O O O X   
O X X     
O X   O O 
  X       
----------

White 3,2
----------
  X X X   
O O O X   
O X X     
O X O O O 
  X       
----------

Black 4,0
----------
  X X X   
O O O X   
O X X     
O X O O O 
X X       
----------

White 2,3
----------
  X X X   
O O O X   
O X X O   
O X O O O 
X X       
----------

Black 0,0
----------
X X X X   
      X   
  X X O   
  X O O O 
X X       
----------

White 2,4
----------
X X X X   
      X   
  X X O O 
  X O O O 
X X       
----------

Black 1,2
----------
X X X X   
    X X   
  X X O O 
  X O O O 
X X       
----------

White 1,4
----------
X X X X   
    X X O 
  X X O O 
  X O O O 
X X       
----------

Black 1,1
----------
X X X X   
  X X X O 
  X X O O 
  X O O O 
X X       
----------

White 0,4
----------
X X X X O 
  X X X O 
  X X O O 
  X O O O 
X X       
----------

Game end.
The winner is X
ta time: 362.86
student time: 11.32
White(You) lose.
=====Round 10=====
Black:You White:TA
Thu Oct 29 01:20:15 PDT 2020
Clean up...
Start Playing...
Black 2,2
----------
          
          
    X     
          
          
----------

White 1,2
----------
          
    O     
    X     
          
          
----------

Black 2,1
----------
          
    O     
  X X     
          
          
----------

White 1,3
----------
          
    O O   
  X X     
          
          
----------

Black 1,1
----------
          
  X O O   
  X X     
          
          
----------

White 2,3
----------
          
  X O O   
  X X O   
          
          
----------

Black 3,1
----------
          
  X O O   
  X X O   
  X       
          
----------

White 3,3
----------
          
  X O O   
  X X O   
  X   O   
          
----------

Black 0,1
----------
  X       
  X O O   
  X X O   
  X   O   
          
----------

White 0,2
----------
  X O     
  X O O   
  X X O   
  X   O   
          
----------

Black 4,1
----------
  X O     
  X O O   
  X X O   
  X   O   
  X       
----------

White 4,3
----------
  X O     
  X O O   
  X X O   
  X   O   
  X   O   
----------

Black 3,2
----------
  X O     
  X O O   
  X X O   
  X X O   
  X   O   
----------

White 1,4
----------
  X O     
  X O O O 
  X X O   
  X X O   
  X   O   
----------

Black 0,0
----------
X X O     
  X O O O 
  X X O   
  X X O   
  X   O   
----------

White 3,4
----------
X X O     
  X O O O 
  X X O   
  X X O O 
  X   O   
----------

Black 1,0
----------
X X O     
X X O O O 
  X X O   
  X X O O 
  X   O   
----------

White 0,3
----------
X X O O   
X X O O O 
  X X O   
  X X O O 
  X   O   
----------

Black 2,0
----------
X X O O   
X X O O O 
X X X O   
  X X O O 
  X   O   
----------

White 4,2
----------
X X O O   
X X O O O 
X X X O   
  X X O O 
  X O O   
----------

Black 3,0
----------
X X O O   
X X O O O 
X X X O   
X X X O O 
  X O O   
----------

White 4,0
----------
    O O   
    O O O 
      O   
      O O 
O   O O   
----------

Black 3,0
----------
    O O   
    O O O 
      O   
X     O O 
O   O O   
----------

White 4,1
----------
    O O   
    O O O 
      O   
X     O O 
O O O O   
----------

Game end.
The winner is O
ta time: 400.56
student time: 12.19
Black(You) lose.
