Wed Oct 28 23:07:27 PDT 2020

==Playing with qlearning_player==
=====Round 1=====
Black:TA White:You
Wed Oct 28 23:07:27 PDT 2020
Clean up...
Start Playing...
Black 1,2
----------
          
    X     
          
          
          
----------

White 2,1
----------
          
    X     
  O       
          
          
----------

Black 2,2
----------
          
    X     
  O X     
          
          
----------

White 3,1
----------
          
    X     
  O X     
  O       
          
----------

Black 0,0
----------
X         
    X     
  O X     
  O       
          
----------

White 1,1
----------
X         
  O X     
  O X     
  O       
          
----------

Black 0,1
----------
X X       
  O X     
  O X     
  O       
          
----------

White 3,2
----------
X X       
  O X     
  O X     
  O O     
          
----------

Black 2,3
----------
X X       
  O X     
  O X X   
  O O     
          
----------

White 3,3
----------
X X       
  O X     
  O X X   
  O O O   
          
----------

Black 1,3
----------
X X       
  O X X   
  O X X   
  O O O   
          
----------

White 3,4
----------
X X       
  O X X   
  O X X   
  O O O O 
          
----------

Black 0,2
----------
X X X     
  O X X   
  O X X   
  O O O O 
          
----------

White 2,4
----------
X X X     
  O X X   
  O X X O 
  O O O O 
          
----------

Black 4,2
----------
X X X     
  O X X   
  O X X O 
  O O O O 
    X     
----------

White 1,4
----------
X X X     
  O X X O 
  O X X O 
  O O O O 
    X     
----------

Black 2,0
----------
X X X     
  O X X O 
X O X X O 
  O O O O 
    X     
----------

White 0,4
----------
X X X   O 
  O X X O 
X O X X O 
  O O O O 
    X     
----------

Black 3,0
----------
X X X   O 
  O X X O 
X O X X O 
X O O O O 
    X     
----------

White 4,1
----------
X X X   O 
  O X X O 
X O X X O 
X O O O O 
  O X     
----------

Black 4,3
----------
X X X   O 
  O X X O 
X O X X O 
X O O O O 
  O X X   
----------

White 4,4
----------
X X X   O 
  O X X O 
X O X X O 
X O O O O 
  O     O 
----------

Black 4,2
----------
X X X   O 
  O X X O 
X O X X O 
X O O O O 
  O X   O 
----------

White 4,3
----------
X X X   O 
  O X X O 
X O X X O 
X O O O O 
  O   O O 
----------

Game end.
The winner is O
ta time: 3.8
student time: 0.8
White(You) win!
=====Round 2=====
Black:You White:TA
Wed Oct 28 23:07:37 PDT 2020
Clean up...
Start Playing...
Black 2,2
----------
          
          
    X     
          
          
----------

White 2,1
----------
          
          
  O X     
          
          
----------

Black 1,2
----------
          
    X     
  O X     
          
          
----------

White 3,2
----------
          
    X     
  O X     
    O     
          
----------

Black 1,1
----------
          
  X X     
  O X     
    O     
          
----------

White 2,3
----------
          
  X X     
  O X O   
    O     
          
----------

Black 1,3
----------
          
  X X X   
  O X O   
    O     
          
----------

White 2,0
----------
          
  X X X   
O O X O   
    O     
          
----------

Black 1,4
----------
          
  X X X X 
O O X O   
    O     
          
----------

White 4,2
----------
          
  X X X X 
O O X O   
    O     
    O     
----------

Black 0,1
----------
  X       
  X X X X 
O O X O   
    O     
    O     
----------

White 3,1
----------
  X       
  X X X X 
O O X O   
  O O     
    O     
----------

Black 2,4
----------
  X       
  X X X X 
O O X O X 
  O O     
    O     
----------

White 3,3
----------
  X       
  X X X X 
O O X O X 
  O O O   
    O     
----------

Black 3,4
----------
  X       
  X X X X 
O O X O X 
  O O O X 
    O     
----------

White 0,2
----------
  X O     
  X X X X 
O O X O X 
  O O O X 
    O     
----------

Black 0,3
----------
  X   X   
  X X X X 
O O X O X 
  O O O X 
    O     
----------

White 3,0
----------
  X   X   
  X X X X 
O O X O X 
O O O O X 
    O     
----------

Black 4,4
----------
  X   X   
  X X X X 
O O X O X 
O O O O X 
    O   X 
----------

White 4,3
----------
  X   X   
  X X X X 
O O X O X 
O O O O X 
    O O X 
----------

Black 0,0
----------
X X   X   
  X X X X 
O O X O X 
O O O O X 
    O O X 
----------

White 1,0
----------
X X   X   
O X X X X 
O O X O X 
O O O O X 
    O O X 
----------

Black 0,2
----------
X X X X   
O X X X X 
O O X O X 
O O O O X 
    O O X 
----------

White 0,4
----------
        O 
O         
O O   O   
O O O O   
    O O   
----------

Game end.
The winner is O
ta time: 7.11
student time: 1.44
Black(You) lose.
=====Round 3=====
Black:TA White:You
Wed Oct 28 23:07:46 PDT 2020
Clean up...
Start Playing...
Black 1,2
----------
          
    X     
          
          
          
----------

White 2,1
----------
          
    X     
  O       
          
          
----------

Black 2,2
----------
          
    X     
  O X     
          
          
----------

White 3,1
----------
          
    X     
  O X     
  O       
          
----------

Black 0,0
----------
X         
    X     
  O X     
  O       
          
----------

White 1,1
----------
X         
  O X     
  O X     
  O       
          
----------

Black 0,1
----------
X X       
  O X     
  O X     
  O       
          
----------

White 3,2
----------
X X       
  O X     
  O X     
  O O     
          
----------

Black 2,3
----------
X X       
  O X     
  O X X   
  O O     
          
----------

White 3,3
----------
X X       
  O X     
  O X X   
  O O O   
          
----------

Black 2,0
----------
X X       
  O X     
X O X X   
  O O O   
          
----------

White 3,4
----------
X X       
  O X     
X O X X   
  O O O O 
          
----------

Black 2,4
----------
X X       
  O X     
X O X X X 
  O O O O 
          
----------

White 3,0
----------
X X       
  O X     
X O X X X 
O O O O O 
          
----------

Black 4,2
----------
X X       
  O X     
X O X X X 
O O O O O 
    X     
----------

White 1,0
----------
X X       
O O X     
  O X X X 
O O O O O 
    X     
----------

Black 1,3
----------
X X       
O O X X   
  O X X X 
O O O O O 
    X     
----------

White 0,2
----------
    O     
O O X X   
  O X X X 
O O O O O 
    X     
----------

Black 0,1
----------
  X O     
O O X X   
  O X X X 
O O O O O 
    X     
----------

White 0,0
----------
O   O     
O O X X   
  O X X X 
O O O O O 
    X     
----------

Black 4,3
----------
O   O     
O O X X   
  O X X X 
O O O O O 
    X X   
----------

White 0,3
----------
O   O O   
O O X X   
  O X X X 
O O O O O 
    X X   
----------

Black 4,1
----------
O   O O   
O O X X   
  O X X X 
O O O O O 
  X X X   
----------

White 1,4
----------
O   O O   
O O     O 
  O       
O O O O O 
  X X X   
----------

Game end.
The winner is O
ta time: 10.56
student time: 1.99
White(You) win!
=====Round 4=====
Black:You White:TA
Wed Oct 28 23:07:54 PDT 2020
Clean up...
Start Playing...
Black 2,2
----------
          
          
    X     
          
          
----------

White 2,1
----------
          
          
  O X     
          
          
----------

Black 1,2
----------
          
    X     
  O X     
          
          
----------

White 3,2
----------
          
    X     
  O X     
    O     
          
----------

Black 1,1
----------
          
  X X     
  O X     
    O     
          
----------

White 2,3
----------
          
  X X     
  O X O   
    O     
          
----------

Black 1,3
----------
          
  X X X   
  O X O   
    O     
          
----------

White 3,1
----------
          
  X X X   
  O X O   
  O O     
          
----------

Black 1,0
----------
          
X X X X   
  O X O   
  O O     
          
----------

White 0,2
----------
    O     
X X X X   
  O X O   
  O O     
          
----------

Black 1,4
----------
    O     
X X X X X 
  O X O   
  O O     
          
----------

White 2,4
----------
    O     
X X X X X 
  O X O O 
  O O     
          
----------

Black 2,0
----------
    O     
X X X X X 
X O X O O 
  O O     
          
----------

White 3,3
----------
    O     
X X X X X 
X O X O O 
  O O O   
          
----------

Black 3,0
----------
    O     
X X X X X 
X O X O O 
X O O O   
          
----------

White 4,2
----------
    O     
X X X X X 
X O X O O 
X O O O   
    O     
----------

Black 4,0
----------
    O     
X X X X X 
X O X O O 
X O O O   
X   O     
----------

White 4,3
----------
    O     
X X X X X 
X O X O O 
X O O O   
X   O O   
----------

Black 0,0
----------
X   O     
X X X X X 
X O X O O 
X O O O   
X   O O   
----------

White 3,4
----------
X   O     
X X X X X 
X O X O O 
X O O O O 
X   O O   
----------

Black 0,1
----------
X X O     
X X X X X 
X O X O O 
X O O O O 
X   O O   
----------

White 0,3
----------
X X O O   
X X X X X 
X O X O O 
X O O O O 
X   O O   
----------

Black 0,4
----------
X X     X 
X X X X X 
X O X O O 
X O O O O 
X   O O   
----------

White 0,2
----------
X X O   X 
X X X X X 
X O X O O 
X O O O O 
X   O O   
----------

Game end.
The winner is O
ta time: 13.79
student time: 2.47
Black(You) lose.
=====Round 5=====
Black:TA White:You
Wed Oct 28 23:08:02 PDT 2020
Clean up...
Start Playing...
Black 1,2
----------
          
    X     
          
          
          
----------

White 2,1
----------
          
    X     
  O       
          
          
----------

Black 2,2
----------
          
    X     
  O X     
          
          
----------

White 3,1
----------
          
    X     
  O X     
  O       
          
----------

Black 0,0
----------
X         
    X     
  O X     
  O       
          
----------

White 1,1
----------
X         
  O X     
  O X     
  O       
          
----------

Black 0,1
----------
X X       
  O X     
  O X     
  O       
          
----------

White 3,2
----------
X X       
  O X     
  O X     
  O O     
          
----------

Black 2,3
----------
X X       
  O X     
  O X X   
  O O     
          
----------

White 3,3
----------
X X       
  O X     
  O X X   
  O O O   
          
----------

Black 2,4
----------
X X       
  O X     
  O X X X 
  O O O   
          
----------

White 3,0
----------
X X       
  O X     
  O X X X 
O O O O   
          
----------

Black 4,2
----------
X X       
  O X     
  O X X X 
O O O O   
    X     
----------

White 3,4
----------
X X       
  O X     
  O X X X 
O O O O O 
    X     
----------

Black 1,3
----------
X X       
  O X X   
  O X X X 
O O O O O 
    X     
----------

White 1,0
----------
X X       
O O X X   
  O X X X 
O O O O O 
    X     
----------

Black 0,2
----------
X X X     
O O X X   
  O X X X 
O O O O O 
    X     
----------

White 2,0
----------
X X X     
O O X X   
O O X X X 
O O O O O 
    X     
----------

Black 4,1
----------
X X X     
O O X X   
O O X X X 
O O O O O 
  X X     
----------

White 4,0
----------
X X X     
O O X X   
O O X X X 
O O O O O 
O X X     
----------

Black 4,3
----------
X X X     
O O X X   
O O X X X 
O O O O O 
O X X X   
----------

White 4,4
----------
X X X     
O O X X   
O O X X X 
O O O O O 
O       O 
----------

Black 4,2
----------
X X X     
O O X X   
O O X X X 
O O O O O 
O   X   O 
----------

White 0,4
----------
X X X   O 
O O X X   
O O X X X 
O O O O O 
O   X   O 
----------

Game end.
The winner is O
ta time: 17.34
student time: 2.91
White(You) win!
=====Round 6=====
Black:You White:TA
Wed Oct 28 23:08:10 PDT 2020
Clean up...
Start Playing...
Black 2,2
----------
          
          
    X     
          
          
----------

White 2,1
----------
          
          
  O X     
          
          
----------

Black 1,2
----------
          
    X     
  O X     
          
          
----------

White 3,2
----------
          
    X     
  O X     
    O     
          
----------

Black 1,1
----------
          
  X X     
  O X     
    O     
          
----------

White 2,3
----------
          
  X X     
  O X O   
    O     
          
----------

Black 1,3
----------
          
  X X X   
  O X O   
    O     
          
----------

White 2,4
----------
          
  X X X   
  O X O O 
    O     
          
----------

Black 1,0
----------
          
X X X X   
  O X O O 
    O     
          
----------

White 3,3
----------
          
X X X X   
  O X O O 
    O O   
          
----------

Black 0,3
----------
      X   
X X X X   
  O X O O 
    O O   
          
----------

White 3,1
----------
      X   
X X X X   
  O X O O 
  O O O   
          
----------

Black 2,0
----------
      X   
X X X X   
X O X O O 
  O O O   
          
----------

White 4,2
----------
      X   
X X X X   
X O X O O 
  O O O   
    O     
----------

Black 3,0
----------
      X   
X X X X   
X O X O O 
X O O O   
    O     
----------

White 0,2
----------
    O X   
X X X X   
X O X O O 
X O O O   
    O     
----------

Black 0,1
----------
  X   X   
X X X X   
X O X O O 
X O O O   
    O     
----------

White 1,4
----------
  X   X   
X X X X O 
X O X O O 
X O O O   
    O     
----------

Black 4,0
----------
  X   X   
X X X X O 
X O X O O 
X O O O   
X   O     
----------

White 3,4
----------
  X   X   
X X X X O 
X O X O O 
X O O O O 
X   O     
----------

Black 0,0
----------
X X   X   
X X X X O 
X O X O O 
X O O O O 
X   O     
----------

White 4,1
----------
X X   X   
X X X X O 
X O X O O 
X O O O O 
X O O     
----------

Black 0,2
----------
X X X X   
X X X X O 
X O X O O 
X O O O O 
X O O     
----------

White 0,4
----------
        O 
        O 
  O   O O 
  O O O O 
  O O     
----------

Game end.
The winner is O
ta time: 20.68
student time: 3.45
Black(You) lose.
=====Round 7=====
Black:TA White:You
Wed Oct 28 23:08:18 PDT 2020
Clean up...
Start Playing...
Black 1,2
----------
          
    X     
          
          
          
----------

White 2,1
----------
          
    X     
  O       
          
          
----------

Black 2,2
----------
          
    X     
  O X     
          
          
----------

White 3,1
----------
          
    X     
  O X     
  O       
          
----------

Black 0,0
----------
X         
    X     
  O X     
  O       
          
----------

White 1,1
----------
X         
  O X     
  O X     
  O       
          
----------

Black 0,1
----------
X X       
  O X     
  O X     
  O       
          
----------

White 3,2
----------
X X       
  O X     
  O X     
  O O     
          
----------

Black 2,3
----------
X X       
  O X     
  O X X   
  O O     
          
----------

White 3,3
----------
X X       
  O X     
  O X X   
  O O O   
          
----------

Black 2,0
----------
X X       
  O X     
X O X X   
  O O O   
          
----------

White 3,4
----------
X X       
  O X     
X O X X   
  O O O O 
          
----------

Black 2,4
----------
X X       
  O X     
X O X X X 
  O O O O 
          
----------

White 3,0
----------
X X       
  O X     
X O X X X 
O O O O O 
          
----------

Black 4,2
----------
X X       
  O X     
X O X X X 
O O O O O 
    X     
----------

White 1,0
----------
X X       
O O X     
  O X X X 
O O O O O 
    X     
----------

Black 1,3
----------
X X       
O O X X   
  O X X X 
O O O O O 
    X     
----------

White 0,2
----------
    O     
O O X X   
  O X X X 
O O O O O 
    X     
----------

Black 4,3
----------
    O     
O O X X   
  O X X X 
O O O O O 
    X X   
----------

White 0,3
----------
    O O   
O O X X   
  O X X X 
O O O O O 
    X X   
----------

Black 4,1
----------
    O O   
O O X X   
  O X X X 
O O O O O 
  X X X   
----------

White 1,4
----------
    O O   
O O     O 
  O       
O O O O O 
  X X X   
----------

Black 2,2
----------
    O O   
O O     O 
  O X     
O O O O O 
  X X X   
----------

White 1,2
----------
    O O   
O O O   O 
  O X     
O O O O O 
  X X X   
----------

Game end.
The winner is O
ta time: 24.19
student time: 3.82
White(You) win!
=====Round 8=====
Black:You White:TA
Wed Oct 28 23:08:26 PDT 2020
Clean up...
Start Playing...
Black 2,2
----------
          
          
    X     
          
          
----------

White 2,1
----------
          
          
  O X     
          
          
----------

Black 1,2
----------
          
    X     
  O X     
          
          
----------

White 3,2
----------
          
    X     
  O X     
    O     
          
----------

Black 1,1
----------
          
  X X     
  O X     
    O     
          
----------

White 2,3
----------
          
  X X     
  O X O   
    O     
          
----------

Black 1,3
----------
          
  X X X   
  O X O   
    O     
          
----------

White 2,4
----------
          
  X X X   
  O X O O 
    O     
          
----------

Black 1,0
----------
          
X X X X   
  O X O O 
    O     
          
----------

White 3,1
----------
          
X X X X   
  O X O O 
  O O     
          
----------

Black 0,3
----------
      X   
X X X X   
  O X O O 
  O O     
          
----------

White 0,2
----------
    O X   
X X X X   
  O X O O 
  O O     
          
----------

Black 0,1
----------
  X   X   
X X X X   
  O X O O 
  O O     
          
----------

White 4,2
----------
  X   X   
X X X X   
  O X O O 
  O O     
    O     
----------

Black 2,0
----------
  X   X   
X X X X   
X O X O O 
  O O     
    O     
----------

White 3,3
----------
  X   X   
X X X X   
X O X O O 
  O O O   
    O     
----------

Black 3,0
----------
  X   X   
X X X X   
X O X O O 
X O O O   
    O     
----------

White 4,3
----------
  X   X   
X X X X   
X O X O O 
X O O O   
    O O   
----------

Black 4,0
----------
  X   X   
X X X X   
X O X O O 
X O O O   
X   O O   
----------

White 4,1
----------
  X   X   
X X X X   
X O X O O 
X O O O   
X O O O   
----------

Black 0,0
----------
X X   X   
X X X X   
X O X O O 
X O O O   
X O O O   
----------

White 1,4
----------
X X   X   
X X X X O 
X O X O O 
X O O O   
X O O O   
----------

Black 0,2
----------
X X X X   
X X X X O 
X O X O O 
X O O O   
X O O O   
----------

White 0,4
----------
        O 
        O 
  O   O O 
  O O O   
  O O O   
----------

Game end.
The winner is O
ta time: 27.21
student time: 4.3
Black(You) lose.
=====Round 9=====
Black:TA White:You
Wed Oct 28 23:08:34 PDT 2020
Clean up...
Start Playing...
Black 1,2
----------
          
    X     
          
          
          
----------

White 2,1
----------
          
    X     
  O       
          
          
----------

Black 2,2
----------
          
    X     
  O X     
          
          
----------

White 3,1
----------
          
    X     
  O X     
  O       
          
----------

Black 0,0
----------
X         
    X     
  O X     
  O       
          
----------

White 1,1
----------
X         
  O X     
  O X     
  O       
          
----------

Black 0,1
----------
X X       
  O X     
  O X     
  O       
          
----------

White 3,2
----------
X X       
  O X     
  O X     
  O O     
          
----------

Black 2,3
----------
X X       
  O X     
  O X X   
  O O     
          
----------

White 3,3
----------
X X       
  O X     
  O X X   
  O O O   
          
----------

Black 1,3
----------
X X       
  O X X   
  O X X   
  O O O   
          
----------

White 3,4
----------
X X       
  O X X   
  O X X   
  O O O O 
          
----------

Black 0,2
----------
X X X     
  O X X   
  O X X   
  O O O O 
          
----------

White 2,4
----------
X X X     
  O X X   
  O X X O 
  O O O O 
          
----------

Black 2,0
----------
X X X     
  O X X   
X O X X O 
  O O O O 
          
----------

White 1,4
----------
X X X     
  O X X O 
X O X X O 
  O O O O 
          
----------

Black 4,2
----------
X X X     
  O X X O 
X O X X O 
  O O O O 
    X     
----------

White 0,4
----------
X X X   O 
  O X X O 
X O X X O 
  O O O O 
    X     
----------

Black 4,3
----------
X X X   O 
  O X X O 
X O X X O 
  O O O O 
    X X   
----------

White 3,0
----------
X X X   O 
  O X X O 
X O X X O 
O O O O O 
    X X   
----------

Black 1,0
----------
X X X   O 
X O X X O 
X O X X O 
O O O O O 
    X X   
----------

White 0,3
----------
      O O 
  O     O 
  O     O 
O O O O O 
    X X   
----------

Black 2,2
----------
      O O 
  O     O 
  O X   O 
O O O O O 
    X X   
----------

White 0,1
----------
  O   O O 
  O     O 
  O X   O 
O O O O O 
    X X   
----------

Game end.
The winner is O
ta time: 30.63
student time: 4.73
White(You) win!
=====Round 10=====
Black:You White:TA
Wed Oct 28 23:08:43 PDT 2020
Clean up...
Start Playing...
Black 2,2
----------
          
          
    X     
          
          
----------

White 2,1
----------
          
          
  O X     
          
          
----------

Black 1,2
----------
          
    X     
  O X     
          
          
----------

White 3,2
----------
          
    X     
  O X     
    O     
          
----------

Black 1,1
----------
          
  X X     
  O X     
    O     
          
----------

White 2,3
----------
          
  X X     
  O X O   
    O     
          
----------

Black 1,3
----------
          
  X X X   
  O X O   
    O     
          
----------

White 2,4
----------
          
  X X X   
  O X O O 
    O     
          
----------

Black 1,0
----------
          
X X X X   
  O X O O 
    O     
          
----------

White 4,2
----------
          
X X X X   
  O X O O 
    O     
    O     
----------

Black 0,3
----------
      X   
X X X X   
  O X O O 
    O     
    O     
----------

White 3,3
----------
      X   
X X X X   
  O X O O 
    O O   
    O     
----------

Black 2,0
----------
      X   
X X X X   
X O X O O 
    O O   
    O     
----------

White 3,1
----------
      X   
X X X X   
X O X O O 
  O O O   
    O     
----------

Black 3,0
----------
      X   
X X X X   
X O X O O 
X O O O   
    O     
----------

White 0,2
----------
    O X   
X X X X   
X O X O O 
X O O O   
    O     
----------

Black 0,1
----------
  X   X   
X X X X   
X O X O O 
X O O O   
    O     
----------

White 1,4
----------
  X   X   
X X X X O 
X O X O O 
X O O O   
    O     
----------

Black 4,0
----------
  X   X   
X X X X O 
X O X O O 
X O O O   
X   O     
----------

White 4,1
----------
  X   X   
X X X X O 
X O X O O 
X O O O   
X O O     
----------

Black 0,0
----------
X X   X   
X X X X O 
X O X O O 
X O O O   
X O O     
----------

White 4,3
----------
X X   X   
X X X X O 
X O X O O 
X O O O   
X O O O   
----------

Black 0,2
----------
X X X X   
X X X X O 
X O X O O 
X O O O   
X O O O   
----------

White 0,4
----------
        O 
        O 
  O   O O 
  O O O   
  O O O   
----------

Game end.
The winner is O
ta time: 34.09
student time: 5.17
Black(You) lose.

==Playing with championship_player==
=====Round 1=====
Black:TA White:You
Wed Oct 28 23:08:51 PDT 2020
Clean up...
Start Playing...
Black 2,2
----------
          
          
    X     
          
          
----------

White 1,1
----------
          
  O       
    X     
          
          
----------

Black 2,1
----------
          
  O       
  X X     
          
          
----------

White 1,2
----------
          
  O O     
  X X     
          
          
----------

Black 1,3
----------
          
  O O X   
  X X     
          
          
----------

White 1,0
----------
          
O O O X   
  X X     
          
          
----------

Black 0,3
----------
      X   
O O O X   
  X X     
          
          
----------

White 2,0
----------
      X   
O O O X   
O X X     
          
          
----------

Black 3,1
----------
      X   
O O O X   
O X X     
  X       
          
----------

White 3,0
----------
      X   
O O O X   
O X X     
O X       
          
----------

Black 4,1
----------
      X   
O O O X   
O X X     
O X       
  X       
----------

White 0,0
----------
O     X   
O O O X   
O X X     
O X       
  X       
----------

Black 0,2
----------
O   X X   
O O O X   
O X X     
O X       
  X       
----------

White 3,3
----------
O   X X   
O O O X   
O X X     
O X   O   
  X       
----------

Black 4,0
----------
O   X X   
O O O X   
O X X     
O X   O   
X X       
----------

White 2,3
----------
O   X X   
O O O X   
O X X O   
O X   O   
X X       
----------

Black 0,1
----------
  X X X   
      X   
  X X O   
  X   O   
X X       
----------

White 3,2
----------
  X X X   
      X   
  X X O   
  X O O   
X X       
----------

Black 1,4
----------
  X X X   
      X X 
  X X O   
  X O O   
X X       
----------

White 3,4
----------
  X X X   
      X X 
  X X O   
  X O O O 
X X       
----------

Black 2,4
----------
  X X X   
      X X 
  X X O X 
  X O O O 
X X       
----------

White 4,2
----------
  X X X   
      X X 
  X X O X 
  X O O O 
X X O     
----------

Black 2,0
----------
  X X X   
      X X 
X X X O X 
  X O O O 
X X O     
----------

White 1,1
----------
  X X X   
  O   X X 
X X X O X 
  X O O O 
X X O     
----------

Game end.
The winner is X
ta time: 73.18
student time: 5.64
White(You) lose.
=====Round 2=====
Black:You White:TA
Wed Oct 28 23:09:18 PDT 2020
Clean up...
Start Playing...
Black 2,2
----------
          
          
    X     
          
          
----------

White 2,3
----------
          
          
    X O   
          
          
----------

Black 1,2
----------
          
    X     
    X O   
          
          
----------

White 3,3
----------
          
    X     
    X O   
      O   
          
----------

Black 1,1
----------
          
  X X     
    X O   
      O   
          
----------

White 3,2
----------
          
  X X     
    X O   
    O O   
          
----------

Black 1,3
----------
          
  X X X   
    X O   
    O O   
          
----------

White 3,1
----------
          
  X X X   
    X O   
  O O O   
          
----------

Black 1,0
----------
          
X X X X   
    X O   
  O O O   
          
----------

White 1,4
----------
          
X X X X O 
    X O   
  O O O   
          
----------

Black 0,3
----------
      X   
X X X X O 
    X O   
  O O O   
          
----------

White 2,1
----------
      X   
X X X X O 
  O X O   
  O O O   
          
----------

Black 2,0
----------
      X   
X X X X O 
X O X O   
  O O O   
          
----------

White 3,0
----------
      X   
X X X X O 
X O X O   
O O O O   
          
----------

Black 0,0
----------
X     X   
X X X X O 
X O X O   
O O O O   
          
----------

White 2,4
----------
X     X   
X X X X O 
X O X O O 
O O O O   
          
----------

Black 0,1
----------
X X   X   
X X X X O 
X O X O O 
O O O O   
          
----------

White 4,3
----------
X X   X   
X X X X O 
X O X O O 
O O O O   
      O   
----------

Black 4,1
----------
X X   X   
X X X X O 
X O X O O 
O O O O   
  X   O   
----------

White 4,2
----------
X X   X   
X X X X O 
X O X O O 
O O O O   
  X O O   
----------

Black 0,2
----------
X X X X   
X X X X O 
X O X O O 
O O O O   
  X O O   
----------

White 0,4
----------
        O 
        O 
  O   O O 
O O O O   
  X O O   
----------

Black 1,2
----------
        O 
    X   O 
  O   O O 
O O O O   
  X O O   
----------

White 1,1
----------
        O 
  O X   O 
  O   O O 
O O O O   
  X O O   
----------

Game end.
The winner is O
ta time: 109.61
student time: 6.23
Black(You) lose.
=====Round 3=====
Black:TA White:You
Wed Oct 28 23:09:46 PDT 2020
Clean up...
Start Playing...
Black 2,2
----------
          
          
    X     
          
          
----------

White 1,1
----------
          
  O       
    X     
          
          
----------

Black 1,2
----------
          
  O X     
    X     
          
          
----------

White 2,1
----------
          
  O X     
  O X     
          
          
----------

Black 3,1
----------
          
  O X     
  O X     
  X       
          
----------

White 0,1
----------
  O       
  O X     
  O X     
  X       
          
----------

Black 3,0
----------
  O       
  O X     
  O X     
X X       
          
----------

White 0,2
----------
  O O     
  O X     
  O X     
X X       
          
----------

Black 1,3
----------
  O O     
  O X X   
  O X     
X X       
          
----------

White 0,3
----------
  O O O   
  O X X   
  O X     
X X       
          
----------

Black 1,4
----------
  O O O   
  O X X X 
  O X     
X X       
          
----------

White 0,0
----------
O O O O   
  O X X X 
  O X     
X X       
          
----------

Black 2,0
----------
O O O O   
  O X X X 
X O X     
X X       
          
----------

White 3,3
----------
O O O O   
  O X X X 
X O X     
X X   O   
          
----------

Black 0,4
----------
O O O O X 
  O X X X 
X O X     
X X   O   
          
----------

White 2,3
----------
O O O O X 
  O X X X 
X O X O   
X X   O   
          
----------

Black 1,0
----------
        X 
X   X X X 
X   X O   
X X   O   
          
----------

White 3,2
----------
        X 
X   X X X 
X   X O   
X X O O   
          
----------

Black 2,4
----------
        X 
X   X X X 
X   X O X 
X X O O   
          
----------

White 3,4
----------
        X 
X   X X X 
X   X O X 
X X O O O 
          
----------

Black 4,1
----------
        X 
X   X X X 
X   X O X 
X X O O O 
  X       
----------

White 4,2
----------
        X 
X   X X X 
X   X O X 
X X O O O 
  X O     
----------

Black 1,1
----------
        X 
X X X X X 
X   X O X 
X X O O O 
  X O     
----------

White 0,1
----------
  O     X 
X X X X X 
X   X O X 
X X O O O 
  X O     
----------

Game end.
The winner is X
ta time: 142.29
student time: 6.72
White(You) lose.
=====Round 4=====
Black:You White:TA
Wed Oct 28 23:10:12 PDT 2020
Clean up...
Start Playing...
Black 2,2
----------
          
          
    X     
          
          
----------

White 1,1
----------
          
  O       
    X     
          
          
----------

Black 2,3
----------
          
  O       
    X X   
          
          
----------

White 1,2
----------
          
  O O     
    X X   
          
          
----------

Black 1,3
----------
          
  O O X   
    X X   
          
          
----------

White 2,1
----------
          
  O O X   
  O X X   
          
          
----------

Black 3,2
----------
          
  O O X   
  O X X   
    X     
          
----------

White 0,3
----------
      O   
  O O X   
  O X X   
    X     
          
----------

Black 3,1
----------
      O   
  O O X   
  O X X   
  X X     
          
----------

White 3,0
----------
      O   
  O O X   
  O X X   
O X X     
          
----------

Black 3,3
----------
      O   
  O O X   
  O X X   
O X X X   
          
----------

White 0,2
----------
    O O   
  O O X   
  O X X   
O X X X   
          
----------

Black 1,4
----------
    O O   
  O O X X 
  O X X   
O X X X   
          
----------

White 2,0
----------
    O O   
  O O X X 
O O X X   
O X X X   
          
----------

Black 3,4
----------
    O O   
  O O X X 
O O X X   
O X X X X 
          
----------

White 0,4
----------
    O O O 
  O O X X 
O O X X   
O X X X X 
          
----------

Black 4,1
----------
    O O O 
  O O X X 
O O X X   
O X X X X 
  X       
----------

White 4,3
----------
    O O O 
  O O X X 
O O X X   
O X X X X 
  X   O   
----------

Black 2,4
----------
    O O O 
  O O X X 
O O X X X 
O X X X X 
  X   O   
----------

White 4,0
----------
    O O O 
  O O X X 
O O X X X 
O X X X X 
O X   O   
----------

Black 0,0
----------
X   O O O 
  O O X X 
O O X X X 
O X X X X 
O X   O   
----------

White PASS
----------
X   O O O 
  O O X X 
O O X X X 
O X X X X 
O X   O   
----------

Black 0,1
----------
X X O O O 
  O O X X 
O O X X X 
O X X X X 
O X   O   
----------

White 1,0
----------
    O O O 
O O O X X 
O O X X X 
O X X X X 
O X   O   
----------

Game end.
The winner is O
ta time: 178.1
student time: 7.31
Black(You) lose.
=====Round 5=====
Black:TA White:You
Wed Oct 28 23:10:39 PDT 2020
Clean up...
Start Playing...
Black 2,2
----------
          
          
    X     
          
          
----------

White 1,1
----------
          
  O       
    X     
          
          
----------

Black 1,2
----------
          
  O X     
    X     
          
          
----------

White 2,1
----------
          
  O X     
  O X     
          
          
----------

Black 3,1
----------
          
  O X     
  O X     
  X       
          
----------

White 0,1
----------
  O       
  O X     
  O X     
  X       
          
----------

Black 2,0
----------
  O       
  O X     
X O X     
  X       
          
----------

White 0,2
----------
  O O     
  O X     
X O X     
  X       
          
----------

Black 0,3
----------
  O O X   
  O X     
X O X     
  X       
          
----------

White 3,3
----------
  O O X   
  O X     
X O X     
  X   O   
          
----------

Black 1,3
----------
  O O X   
  O X X   
X O X     
  X   O   
          
----------

White 2,3
----------
  O O X   
  O X X   
X O X O   
  X   O   
          
----------

Black 1,0
----------
  O O X   
X O X X   
X O X O   
  X   O   
          
----------

White 3,2
----------
  O O X   
X O X X   
X O X O   
  X O O   
          
----------

Black 0,0
----------
X     X   
X   X X   
X   X O   
  X O O   
          
----------

White 2,4
----------
X     X   
X   X X   
X   X O O 
  X O O   
          
----------

Black 4,1
----------
X     X   
X   X X   
X   X O O 
  X O O   
  X       
----------

White 1,4
----------
X     X   
X   X X O 
X   X O O 
  X O O   
  X       
----------

Black 0,4
----------
X     X X 
X   X X O 
X   X O O 
  X O O   
  X       
----------

White 3,4
----------
X     X X 
X   X X O 
X   X O O 
  X O O O 
  X       
----------

Black 1,1
----------
X     X X 
X X X X O 
X   X O O 
  X O O O 
  X       
----------

White 4,2
----------
X     X X 
X X X X O 
X   X O O 
  X O O O 
  X O     
----------

Black 4,4
----------
X     X X 
X X X X O 
X   X O O 
  X O O O 
  X O   X 
----------

White 4,3
----------
X     X X 
X X X X O 
X   X O O 
  X O O O 
  X O O   
----------

Game end.
The winner is X
ta time: 208.59
student time: 7.75
White(You) lose.
=====Round 6=====
Black:You White:TA
Wed Oct 28 23:11:02 PDT 2020
Clean up...
Start Playing...
Black 2,2
----------
          
          
    X     
          
          
----------

White 2,3
----------
          
          
    X O   
          
          
----------

Black 1,2
----------
          
    X     
    X O   
          
          
----------

White 3,3
----------
          
    X     
    X O   
      O   
          
----------

Black 1,1
----------
          
  X X     
    X O   
      O   
          
----------

White 3,2
----------
          
  X X     
    X O   
    O O   
          
----------

Black 1,3
----------
          
  X X X   
    X O   
    O O   
          
----------

White 3,1
----------
          
  X X X   
    X O   
  O O O   
          
----------

Black 1,0
----------
          
X X X X   
    X O   
  O O O   
          
----------

White 1,4
----------
          
X X X X O 
    X O   
  O O O   
          
----------

Black 0,3
----------
      X   
X X X X O 
    X O   
  O O O   
          
----------

White 2,1
----------
      X   
X X X X O 
  O X O   
  O O O   
          
----------

Black 2,0
----------
      X   
X X X X O 
X O X O   
  O O O   
          
----------

White 3,0
----------
      X   
X X X X O 
X O X O   
O O O O   
          
----------

Black 0,0
----------
X     X   
X X X X O 
X O X O   
O O O O   
          
----------

White 2,4
----------
X     X   
X X X X O 
X O X O O 
O O O O   
          
----------

Black 0,1
----------
X X   X   
X X X X O 
X O X O O 
O O O O   
          
----------

White 4,2
----------
X X   X   
X X X X O 
X O X O O 
O O O O   
    O     
----------

Black 4,4
----------
X X   X   
X X X X O 
X O X O O 
O O O O   
    O   X 
----------

White 3,4
----------
X X   X   
X X X X O 
X O X O O 
O O O O O 
    O   X 
----------

Black 0,2
----------
X X X X   
X X X X O 
X O X O O 
O O O O O 
    O   X 
----------

White 0,4
----------
        O 
        O 
  O   O O 
O O O O O 
    O   X 
----------

Black 1,2
----------
        O 
    X   O 
  O   O O 
O O O O O 
    O   X 
----------

White 2,2
----------
        O 
    X   O 
  O O O O 
O O O O O 
    O   X 
----------

Game end.
The winner is O
ta time: 245.39
student time: 8.11
Black(You) lose.
=====Round 7=====
Black:TA White:You
Wed Oct 28 23:11:30 PDT 2020
Clean up...
Start Playing...
Black 2,2
----------
          
          
    X     
          
          
----------

White 1,1
----------
          
  O       
    X     
          
          
----------

Black 2,1
----------
          
  O       
  X X     
          
          
----------

White 1,2
----------
          
  O O     
  X X     
          
          
----------

Black 1,3
----------
          
  O O X   
  X X     
          
          
----------

White 1,0
----------
          
O O O X   
  X X     
          
          
----------

Black 0,3
----------
      X   
O O O X   
  X X     
          
          
----------

White 2,0
----------
      X   
O O O X   
O X X     
          
          
----------

Black 3,1
----------
      X   
O O O X   
O X X     
  X       
          
----------

White 3,0
----------
      X   
O O O X   
O X X     
O X       
          
----------

Black 4,1
----------
      X   
O O O X   
O X X     
O X       
  X       
----------

White 0,0
----------
O     X   
O O O X   
O X X     
O X       
  X       
----------

Black 0,2
----------
O   X X   
O O O X   
O X X     
O X       
  X       
----------

White 3,3
----------
O   X X   
O O O X   
O X X     
O X   O   
  X       
----------

Black 4,0
----------
O   X X   
O O O X   
O X X     
O X   O   
X X       
----------

White 2,3
----------
O   X X   
O O O X   
O X X O   
O X   O   
X X       
----------

Black 0,1
----------
  X X X   
      X   
  X X O   
  X   O   
X X       
----------

White 3,2
----------
  X X X   
      X   
  X X O   
  X O O   
X X       
----------

Black 1,2
----------
  X X X   
    X X   
  X X O   
  X O O   
X X       
----------

White 2,4
----------
  X X X   
    X X   
  X X O O 
  X O O   
X X       
----------

Black 1,4
----------
  X X X   
    X X X 
  X X O O 
  X O O   
X X       
----------

White 3,4
----------
  X X X   
    X X X 
  X X O O 
  X O O O 
X X       
----------

Black 1,1
----------
  X X X   
  X X X X 
  X X O O 
  X O O O 
X X       
----------

White 4,2
----------
  X X X   
  X X X X 
  X X O O 
  X O O O 
X X O     
----------

Game end.
The winner is X
ta time: 285.29
student time: 8.5
White(You) lose.
=====Round 8=====
Black:You White:TA
Wed Oct 28 23:11:58 PDT 2020
Clean up...
Start Playing...
Black 2,2
----------
          
          
    X     
          
          
----------

White 3,3
----------
          
          
    X     
      O   
          
----------

Black 1,2
----------
          
    X     
    X     
      O   
          
----------

White 2,3
----------
          
    X     
    X O   
      O   
          
----------

Black 1,1
----------
          
  X X     
    X O   
      O   
          
----------

White 3,2
----------
          
  X X     
    X O   
    O O   
          
----------

Black 1,3
----------
          
  X X X   
    X O   
    O O   
          
----------

White 3,1
----------
          
  X X X   
    X O   
  O O O   
          
----------

Black 1,0
----------
          
X X X X   
    X O   
  O O O   
          
----------

White 1,4
----------
          
X X X X O 
    X O   
  O O O   
          
----------

Black 0,3
----------
      X   
X X X X O 
    X O   
  O O O   
          
----------

White 2,1
----------
      X   
X X X X O 
  O X O   
  O O O   
          
----------

Black 2,0
----------
      X   
X X X X O 
X O X O   
  O O O   
          
----------

White 3,0
----------
      X   
X X X X O 
X O X O   
O O O O   
          
----------

Black 0,0
----------
X     X   
X X X X O 
X O X O   
O O O O   
          
----------

White 2,4
----------
X     X   
X X X X O 
X O X O O 
O O O O   
          
----------

Black 0,1
----------
X X   X   
X X X X O 
X O X O O 
O O O O   
          
----------

White 4,2
----------
X X   X   
X X X X O 
X O X O O 
O O O O   
    O     
----------

Black 4,4
----------
X X   X   
X X X X O 
X O X O O 
O O O O   
    O   X 
----------

White 0,4
----------
X X   X O 
X X X X O 
X O X O O 
O O O O   
    O   X 
----------

Black 3,4
----------
X X   X O 
X X X X O 
X O X O O 
O O O O X 
    O   X 
----------

White 0,2
----------
    O   O 
        O 
  O   O O 
O O O O X 
    O   X 
----------

Black 1,1
----------
    O   O 
  X     O 
  O   O O 
O O O O X 
    O   X 
----------

White 2,0
----------
    O   O 
  X     O 
O O   O O 
O O O O X 
    O   X 
----------

Game end.
The winner is O
ta time: 324.32
student time: 8.89
Black(You) lose.
=====Round 9=====
Black:TA White:You
Wed Oct 28 23:12:26 PDT 2020
Clean up...
Start Playing...
Black 2,2
----------
          
          
    X     
          
          
----------

White 1,1
----------
          
  O       
    X     
          
          
----------

Black 1,2
----------
          
  O X     
    X     
          
          
----------

White 2,1
----------
          
  O X     
  O X     
          
          
----------

Black 3,1
----------
          
  O X     
  O X     
  X       
          
----------

White 0,1
----------
  O       
  O X     
  O X     
  X       
          
----------

Black 3,0
----------
  O       
  O X     
  O X     
X X       
          
----------

White 0,2
----------
  O O     
  O X     
  O X     
X X       
          
----------

Black 1,3
----------
  O O     
  O X X   
  O X     
X X       
          
----------

White 0,3
----------
  O O O   
  O X X   
  O X     
X X       
          
----------

Black 1,4
----------
  O O O   
  O X X X 
  O X     
X X       
          
----------

White 0,0
----------
O O O O   
  O X X X 
  O X     
X X       
          
----------

Black 2,0
----------
O O O O   
  O X X X 
X O X     
X X       
          
----------

White 3,3
----------
O O O O   
  O X X X 
X O X     
X X   O   
          
----------

Black 0,4
----------
O O O O X 
  O X X X 
X O X     
X X   O   
          
----------

White 2,3
----------
O O O O X 
  O X X X 
X O X O   
X X   O   
          
----------

Black 1,0
----------
        X 
X   X X X 
X   X O   
X X   O   
          
----------

White 3,2
----------
        X 
X   X X X 
X   X O   
X X O O   
          
----------

Black 2,1
----------
        X 
X   X X X 
X X X O   
X X O O   
          
----------

White 3,4
----------
        X 
X   X X X 
X X X O   
X X O O O 
          
----------

Black 4,1
----------
        X 
X   X X X 
X X X O   
X X O O O 
  X       
----------

White 2,4
----------
        X 
X   X X X 
X X X O O 
X X O O O 
  X       
----------

Black 0,3
----------
      X X 
X   X X X 
X X X O O 
X X O O O 
  X       
----------

White 4,2
----------
      X X 
X   X X X 
X X X O O 
X X O O O 
  X O     
----------

Game end.
The winner is X
ta time: 360.42
student time: 9.27
White(You) lose.
=====Round 10=====
Black:You White:TA
Wed Oct 28 23:12:52 PDT 2020
Clean up...
Start Playing...
Black 2,2
----------
          
          
    X     
          
          
----------

White 2,3
----------
          
          
    X O   
          
          
----------

Black 1,2
----------
          
    X     
    X O   
          
          
----------

White 3,3
----------
          
    X     
    X O   
      O   
          
----------

Black 1,1
----------
          
  X X     
    X O   
      O   
          
----------

White 3,2
----------
          
  X X     
    X O   
    O O   
          
----------

Black 1,3
----------
          
  X X X   
    X O   
    O O   
          
----------

White 3,1
----------
          
  X X X   
    X O   
  O O O   
          
----------

Black 1,0
----------
          
X X X X   
    X O   
  O O O   
          
----------

White 1,4
----------
          
X X X X O 
    X O   
  O O O   
          
----------

Black 0,3
----------
      X   
X X X X O 
    X O   
  O O O   
          
----------

White 2,1
----------
      X   
X X X X O 
  O X O   
  O O O   
          
----------

Black 2,0
----------
      X   
X X X X O 
X O X O   
  O O O   
          
----------

White 3,0
----------
      X   
X X X X O 
X O X O   
O O O O   
          
----------

Black 0,0
----------
X     X   
X X X X O 
X O X O   
O O O O   
          
----------

White 2,4
----------
X     X   
X X X X O 
X O X O O 
O O O O   
          
----------

Black 0,1
----------
X X   X   
X X X X O 
X O X O O 
O O O O   
          
----------

White 4,3
----------
X X   X   
X X X X O 
X O X O O 
O O O O   
      O   
----------

Black 4,1
----------
X X   X   
X X X X O 
X O X O O 
O O O O   
  X   O   
----------

White 0,4
----------
X X   X O 
X X X X O 
X O X O O 
O O O O   
  X   O   
----------

Black 4,0
----------
X X   X O 
X X X X O 
X O X O O 
O O O O   
X X   O   
----------

White 0,2
----------
    O   O 
        O 
  O   O O 
O O O O   
X X   O   
----------

Black 1,1
----------
    O   O 
  X     O 
  O   O O 
O O O O   
X X   O   
----------

White 0,1
----------
  O O   O 
  X     O 
  O   O O 
O O O O   
X X   O   
----------

Game end.
The winner is O
ta time: 398.33
student time: 9.58
Black(You) lose.
