Wed Oct 28 07:51:27 PDT 2020

==Playing with qlearning_player==
=====Round 1=====
Black:TA White:You
Wed Oct 28 07:51:27 PDT 2020
Clean up...
Start Playing...
Black 1,2
----------
          
    X     
          
          
          
----------

White 2,1
----------
          
    X     
  O       
          
          
----------

Black 2,2
----------
          
    X     
  O X     
          
          
----------

White 3,1
----------
          
    X     
  O X     
  O       
          
----------

Black 0,0
----------
X         
    X     
  O X     
  O       
          
----------

White 0,1
----------
X O       
    X     
  O X     
  O       
          
----------

Black 2,3
----------
X O       
    X     
  O X X   
  O       
          
----------

White 1,0
----------
  O       
O   X     
  O X X   
  O       
          
----------

Black 0,2
----------
  O X     
O   X     
  O X X   
  O       
          
----------

White 3,2
----------
  O X     
O   X     
  O X X   
  O O     
          
----------

Black 0,3
----------
  O X X   
O   X     
  O X X   
  O O     
          
----------

White 3,3
----------
  O X X   
O   X     
  O X X   
  O O O   
          
----------

Black 0,4
----------
  O X X X 
O   X     
  O X X   
  O O O   
          
----------

White 3,4
----------
  O X X X 
O   X     
  O X X   
  O O O O 
          
----------

Black 1,1
----------
  O X X X 
O X X     
  O X X   
  O O O O 
          
----------

White 2,4
----------
  O X X X 
O X X     
  O X X O 
  O O O O 
          
----------

Black 0,0
----------
X   X X X 
O X X     
  O X X O 
  O O O O 
          
----------

White 1,4
----------
X   X X X 
O X X   O 
  O X X O 
  O O O O 
          
----------

Black 2,0
----------
X   X X X 
  X X   O 
X O X X O 
  O O O O 
          
----------

White 1,3
----------
X   X X X 
  X X O O 
X O X X O 
  O O O O 
          
----------

Black 4,2
----------
X   X X X 
  X X O O 
X O X X O 
  O O O O 
    X     
----------

White 4,1
----------
X   X X X 
  X X O O 
X O X X O 
  O O O O 
  O X     
----------

Black 0,1
----------
X X X X X 
  X X O O 
X O X X O 
  O O O O 
  O X     
----------

White 4,3
----------
X X X X X 
  X X O O 
X O X X O 
  O O O O 
  O   O   
----------

Game end.
The winner is O
ta time: 4.15
student time: 0.94
White(You) win!
=====Round 2=====
Black:You White:TA
Wed Oct 28 07:51:37 PDT 2020
Clean up...
Start Playing...
Black 2,2
----------
          
          
    X     
          
          
----------

White 2,1
----------
          
          
  O X     
          
          
----------

Black 1,2
----------
          
    X     
  O X     
          
          
----------

White 3,2
----------
          
    X     
  O X     
    O     
          
----------

Black 1,1
----------
          
  X X     
  O X     
    O     
          
----------

White 2,3
----------
          
  X X     
  O X O   
    O     
          
----------

Black 3,1
----------
          
  X X     
  O X O   
  X O     
          
----------

White 4,2
----------
          
  X X     
  O X O   
  X O     
    O     
----------

Black 2,0
----------
          
  X X     
X   X O   
  X O     
    O     
----------

White 0,2
----------
    O     
  X X     
X   X O   
  X O     
    O     
----------

Black 0,1
----------
  X O     
  X X     
X   X O   
  X O     
    O     
----------

White 3,3
----------
  X O     
  X X     
X   X O   
  X O O   
    O     
----------

Black 0,3
----------
  X   X   
  X X     
X   X O   
  X O O   
    O     
----------

White 0,0
----------
O X   X   
  X X     
X   X O   
  X O O   
    O     
----------

Black 1,0
----------
  X   X   
X X X     
X   X O   
  X O O   
    O     
----------

White 0,4
----------
  X   X O 
X X X     
X   X O   
  X O O   
    O     
----------

Black 1,4
----------
  X   X   
X X X   X 
X   X O   
  X O O   
    O     
----------

White 1,3
----------
  X   X   
X X X O X 
X   X O   
  X O O   
    O     
----------

Black 2,1
----------
  X   X   
X X X O X 
X X X O   
  X O O   
    O     
----------

White 2,4
----------
  X   X   
X X X O X 
X X X O O 
  X O O   
    O     
----------

Black 3,0
----------
  X   X   
X X X O X 
X X X O O 
X X O O   
    O     
----------

White 0,4
----------
  X   X O 
X X X O   
X X X O O 
X X O O   
    O     
----------

Black 0,0
----------
X X   X O 
X X X O   
X X X O O 
X X O O   
    O     
----------

White 0,2
----------
X X O   O 
X X X O   
X X X O O 
X X O O   
    O     
----------

Game end.
The winner is O
ta time: 7.71
student time: 1.76
Black(You) lose.
=====Round 3=====
Black:TA White:You
Wed Oct 28 07:51:45 PDT 2020
Clean up...
Start Playing...
Black 1,2
----------
          
    X     
          
          
          
----------

White 2,1
----------
          
    X     
  O       
          
          
----------

Black 2,2
----------
          
    X     
  O X     
          
          
----------

White 3,1
----------
          
    X     
  O X     
  O       
          
----------

Black 0,0
----------
X         
    X     
  O X     
  O       
          
----------

White 0,1
----------
X O       
    X     
  O X     
  O       
          
----------

Black 3,2
----------
X O       
    X     
  O X     
  O X     
          
----------

White 1,0
----------
  O       
O   X     
  O X     
  O X     
          
----------

Black 0,2
----------
  O X     
O   X     
  O X     
  O X     
          
----------

White 4,1
----------
  O X     
O   X     
  O X     
  O X     
  O       
----------

Black 2,3
----------
  O X     
O   X     
  O X X   
  O X     
  O       
----------

White 4,2
----------
  O X     
O   X     
  O X X   
  O X     
  O O     
----------

Black 2,0
----------
  O X     
O   X     
X O X X   
  O X     
  O O     
----------

White 3,0
----------
  O X     
O   X     
  O X X   
O O X     
  O O     
----------

Black 1,1
----------
  O X     
O X X     
  O X X   
O O X     
  O O     
----------

White 4,3
----------
  O X     
O X X     
  O X X   
O O X     
  O O O   
----------

Black 0,0
----------
X   X     
O X X     
  O X X   
O O X     
  O O O   
----------

White 3,3
----------
X   X     
O X X     
  O X X   
O O X O   
  O O O   
----------

Black 2,0
----------
X   X     
  X X     
X O X X   
O O X O   
  O O O   
----------

White 3,4
----------
X   X     
  X X     
X O X X   
O O X O O 
  O O O   
----------

Black 2,4
----------
X   X     
  X X     
X O X X X 
O O X O O 
  O O O   
----------

White 4,0
----------
X   X     
  X X     
X O X X X 
O O X O O 
O O O O   
----------

Black 4,4
----------
X   X     
  X X     
X   X X X 
    X     
        X 
----------

White 4,3
----------
X   X     
  X X     
X   X X X 
    X     
      O X 
----------

Game end.
The winner is X
ta time: 11.58
student time: 2.68
White(You) lose.
=====Round 4=====
Black:You White:TA
Wed Oct 28 07:51:54 PDT 2020
Clean up...
Start Playing...
Black 2,2
----------
          
          
    X     
          
          
----------

White 2,1
----------
          
          
  O X     
          
          
----------

Black 1,2
----------
          
    X     
  O X     
          
          
----------

White 3,2
----------
          
    X     
  O X     
    O     
          
----------

Black 1,1
----------
          
  X X     
  O X     
    O     
          
----------

White 2,3
----------
          
  X X     
  O X O   
    O     
          
----------

Black 3,1
----------
          
  X X     
  O X O   
  X O     
          
----------

White 2,4
----------
          
  X X     
  O X O O 
  X O     
          
----------

Black 2,0
----------
          
  X X     
X   X O O 
  X O     
          
----------

White 0,2
----------
    O     
  X X     
X   X O O 
  X O     
          
----------

Black 0,1
----------
  X O     
  X X     
X   X O O 
  X O     
          
----------

White 1,3
----------
  X O     
  X X O   
X   X O O 
  X O     
          
----------

Black 4,1
----------
  X O     
  X X O   
X   X O O 
  X O     
  X       
----------

White 3,3
----------
  X O     
  X X O   
X   X O O 
  X O O   
  X       
----------

Black 4,2
----------
  X O     
  X X O   
X   X O O 
  X O O   
  X X     
----------

White 0,3
----------
  X O O   
  X X O   
X   X O O 
  X O O   
  X X     
----------

Black 2,1
----------
  X O O   
  X X O   
X X X O O 
  X O O   
  X X     
----------

White 3,0
----------
  X O O   
  X X O   
X X X O O 
O X O O   
  X X     
----------

Black 4,0
----------
  X O O   
  X X O   
X X X O O 
  X O O   
X X X     
----------

White 4,3
----------
  X O O   
  X X O   
X X X O O 
  X O O   
X X X O   
----------

Black 0,0
----------
X X O O   
  X X O   
X X X O O 
  X O O   
X X X O   
----------

White 3,4
----------
X X O O   
  X X O   
X X X O O 
  X O O O 
X X X O   
----------

Black 1,0
----------
X X O O   
X X X O   
X X X O O 
  X O O O 
X X X O   
----------

White 3,0
----------
    O O   
      O   
      O O 
O   O O O 
      O   
----------

Game end.
The winner is O
ta time: 15.07
student time: 3.53
Black(You) lose.
=====Round 5=====
Black:TA White:You
Wed Oct 28 07:52:03 PDT 2020
Clean up...
Start Playing...
Black 1,2
----------
          
    X     
          
          
          
----------

White 2,1
----------
          
    X     
  O       
          
          
----------

Black 2,2
----------
          
    X     
  O X     
          
          
----------

White 3,1
----------
          
    X     
  O X     
  O       
          
----------

Black 0,0
----------
X         
    X     
  O X     
  O       
          
----------

White 0,1
----------
X O       
    X     
  O X     
  O       
          
----------

Black 3,2
----------
X O       
    X     
  O X     
  O X     
          
----------

White 1,0
----------
  O       
O   X     
  O X     
  O X     
          
----------

Black 0,2
----------
  O X     
O   X     
  O X     
  O X     
          
----------

White 4,1
----------
  O X     
O   X     
  O X     
  O X     
  O       
----------

Black 2,3
----------
  O X     
O   X     
  O X X   
  O X     
  O       
----------

White 4,2
----------
  O X     
O   X     
  O X X   
  O X     
  O O     
----------

Black 1,3
----------
  O X     
O   X X   
  O X X   
  O X     
  O O     
----------

White 4,3
----------
  O X     
O   X X   
  O X X   
  O X     
  O O O   
----------

Black 2,4
----------
  O X     
O   X X   
  O X X X 
  O X     
  O O O   
----------

White 3,3
----------
  O X     
O   X X   
  O X X X 
  O X O   
  O O O   
----------

Black 1,1
----------
  O X     
O X X X   
  O X X X 
  O X O   
  O O O   
----------

White 2,0
----------
  O X     
O X X X   
O O X X X 
  O X O   
  O O O   
----------

Black 0,0
----------
X   X     
O X X X   
O O X X X 
  O X O   
  O O O   
----------

White 3,0
----------
X   X     
O X X X   
O O X X X 
O O X O   
  O O O   
----------

Black 1,4
----------
X   X     
O X X X X 
O O X X X 
O O X O   
  O O O   
----------

White 3,4
----------
X   X     
O X X X X 
O O X X X 
O O X O O 
  O O O   
----------

Black 0,3
----------
X   X X   
O X X X X 
O O X X X 
O O X O O 
  O O O   
----------

White 4,0
----------
X   X X   
O X X X X 
O O X X X 
O O X O O 
O O O O   
----------

Game end.
The winner is O
ta time: 19.18
student time: 4.42
White(You) win!
=====Round 6=====
Black:You White:TA
Wed Oct 28 07:52:12 PDT 2020
Clean up...
Start Playing...
Black 2,2
----------
          
          
    X     
          
          
----------

White 2,1
----------
          
          
  O X     
          
          
----------

Black 1,2
----------
          
    X     
  O X     
          
          
----------

White 3,2
----------
          
    X     
  O X     
    O     
          
----------

Black 1,1
----------
          
  X X     
  O X     
    O     
          
----------

White 2,3
----------
          
  X X     
  O X O   
    O     
          
----------

Black 3,1
----------
          
  X X     
  O X O   
  X O     
          
----------

White 1,3
----------
          
  X X O   
  O X O   
  X O     
          
----------

Black 2,0
----------
          
  X X O   
X   X O   
  X O     
          
----------

White 3,3
----------
          
  X X O   
X   X O   
  X O O   
          
----------

Black 4,1
----------
          
  X X O   
X   X O   
  X O O   
  X       
----------

White 2,4
----------
          
  X X O   
X   X O O 
  X O O   
  X       
----------

Black 2,1
----------
          
  X X O   
X X X O O 
  X O O   
  X       
----------

White 4,2
----------
          
  X X O   
X X X O O 
  X O O   
  X O     
----------

Black 0,1
----------
  X       
  X X O   
X X X O O 
  X O O   
  X O     
----------

White 0,2
----------
  X O     
  X X O   
X X X O O 
  X O O   
  X O     
----------

Black 0,0
----------
X X O     
  X X O   
X X X O O 
  X O O   
  X O     
----------

White 0,3
----------
X X O O   
  X X O   
X X X O O 
  X O O   
  X O     
----------

Black 1,0
----------
X X O O   
X X X O   
X X X O O 
  X O O   
  X O     
----------

White 1,4
----------
X X O O   
X X X O O 
X X X O O 
  X O O   
  X O     
----------

Black 3,0
----------
X X O O   
X X X O O 
X X X O O 
X X O O   
  X O     
----------

White 4,0
----------
    O O   
      O O 
      O O 
    O O   
O   O     
----------

Black 3,0
----------
    O O   
      O O 
      O O 
X   O O   
O   O     
----------

White 2,2
----------
    O O   
      O O 
    O O O 
X   O O   
O   O     
----------

Game end.
The winner is O
ta time: 22.97
student time: 5.34
Black(You) lose.
=====Round 7=====
Black:TA White:You
Wed Oct 28 07:52:20 PDT 2020
Clean up...
Start Playing...
Black 1,2
----------
          
    X     
          
          
          
----------

White 2,1
----------
          
    X     
  O       
          
          
----------

Black 2,2
----------
          
    X     
  O X     
          
          
----------

White 3,1
----------
          
    X     
  O X     
  O       
          
----------

Black 0,0
----------
X         
    X     
  O X     
  O       
          
----------

White 0,1
----------
X O       
    X     
  O X     
  O       
          
----------

Black 3,2
----------
X O       
    X     
  O X     
  O X     
          
----------

White 1,0
----------
  O       
O   X     
  O X     
  O X     
          
----------

Black 0,2
----------
  O X     
O   X     
  O X     
  O X     
          
----------

White 4,1
----------
  O X     
O   X     
  O X     
  O X     
  O       
----------

Black 2,3
----------
  O X     
O   X     
  O X X   
  O X     
  O       
----------

White 4,2
----------
  O X     
O   X     
  O X X   
  O X     
  O O     
----------

Black 1,1
----------
  O X     
O X X     
  O X X   
  O X     
  O O     
----------

White 4,3
----------
  O X     
O X X     
  O X X   
  O X     
  O O O   
----------

Black 0,0
----------
X   X     
O X X     
  O X X   
  O X     
  O O O   
----------

White 3,3
----------
X   X     
O X X     
  O X X   
  O X O   
  O O O   
----------

Black 2,0
----------
X   X     
  X X     
X O X X   
  O X O   
  O O O   
----------

White 3,4
----------
X   X     
  X X     
X O X X   
  O X O O 
  O O O   
----------

Black 2,4
----------
X   X     
  X X     
X O X X X 
  O X O O 
  O O O   
----------

White 3,0
----------
X   X     
  X X     
X O X X X 
O O X O O 
  O O O   
----------

Black 1,3
----------
X   X     
  X X X   
X O X X X 
O O X O O 
  O O O   
----------

White 4,0
----------
X   X     
  X X X   
X O X X X 
O O X O O 
O O O O   
----------

Black 4,4
----------
X   X     
  X X X   
X   X X X 
    X     
        X 
----------

White 4,3
----------
X   X     
  X X X   
X   X X X 
    X     
      O X 
----------

Game end.
The winner is X
ta time: 26.83
student time: 6.2
White(You) lose.
=====Round 8=====
Black:You White:TA
Wed Oct 28 07:52:29 PDT 2020
Clean up...
Start Playing...
Black 2,2
----------
          
          
    X     
          
          
----------

White 2,1
----------
          
          
  O X     
          
          
----------

Black 1,2
----------
          
    X     
  O X     
          
          
----------

White 3,2
----------
          
    X     
  O X     
    O     
          
----------

Black 1,1
----------
          
  X X     
  O X     
    O     
          
----------

White 2,3
----------
          
  X X     
  O X O   
    O     
          
----------

Black 3,1
----------
          
  X X     
  O X O   
  X O     
          
----------

White 4,2
----------
          
  X X     
  O X O   
  X O     
    O     
----------

Black 2,0
----------
          
  X X     
X   X O   
  X O     
    O     
----------

White 2,4
----------
          
  X X     
X   X O O 
  X O     
    O     
----------

Black 1,3
----------
          
  X X X   
X   X O O 
  X O     
    O     
----------

White 3,3
----------
          
  X X X   
X   X O O 
  X O O   
    O     
----------

Black 0,1
----------
  X       
  X X X   
X   X O O 
  X O O   
    O     
----------

White 0,2
----------
  X O     
  X X X   
X   X O O 
  X O O   
    O     
----------

Black 0,3
----------
  X   X   
  X X X   
X   X O O 
  X O O   
    O     
----------

White 4,3
----------
  X   X   
  X X X   
X   X O O 
  X O O   
    O O   
----------

Black 2,1
----------
  X   X   
  X X X   
X X X O O 
  X O O   
    O O   
----------

White 1,0
----------
  X   X   
O X X X   
X X X O O 
  X O O   
    O O   
----------

Black 0,0
----------
X X   X   
  X X X   
X X X O O 
  X O O   
    O O   
----------

White 3,0
----------
X X   X   
  X X X   
X X X O O 
O X O O   
    O O   
----------

Black 4,1
----------
X X   X   
  X X X   
X X X O O 
O X O O   
  X O O   
----------

White 3,4
----------
X X   X   
  X X X   
X X X O O 
O X O O O 
  X O O   
----------

Black 4,0
----------
X X   X   
  X X X   
X X X O O 
  X O O O 
X X O O   
----------

White 1,4
----------
X X   X   
  X X X O 
X X X O O 
  X O O O 
X X O O   
----------

Game end.
The winner is X
ta time: 30.56
student time: 7.03
Black(You) win!
=====Round 9=====
Black:TA White:You
Wed Oct 28 07:52:37 PDT 2020
Clean up...
Start Playing...
Black 1,2
----------
          
    X     
          
          
          
----------

White 2,1
----------
          
    X     
  O       
          
          
----------

Black 2,2
----------
          
    X     
  O X     
          
          
----------

White 3,1
----------
          
    X     
  O X     
  O       
          
----------

Black 0,0
----------
X         
    X     
  O X     
  O       
          
----------

White 0,1
----------
X O       
    X     
  O X     
  O       
          
----------

Black 3,2
----------
X O       
    X     
  O X     
  O X     
          
----------

White 1,0
----------
  O       
O   X     
  O X     
  O X     
          
----------

Black 0,2
----------
  O X     
O   X     
  O X     
  O X     
          
----------

White 4,1
----------
  O X     
O   X     
  O X     
  O X     
  O       
----------

Black 2,3
----------
  O X     
O   X     
  O X X   
  O X     
  O       
----------

White 4,2
----------
  O X     
O   X     
  O X X   
  O X     
  O O     
----------

Black 2,4
----------
  O X     
O   X     
  O X X X 
  O X     
  O O     
----------

White 4,3
----------
  O X     
O   X     
  O X X X 
  O X     
  O O O   
----------

Black 1,1
----------
  O X     
O X X     
  O X X X 
  O X     
  O O O   
----------

White 3,3
----------
  O X     
O X X     
  O X X X 
  O X O   
  O O O   
----------

Black 0,0
----------
X   X     
O X X     
  O X X X 
  O X O   
  O O O   
----------

White 2,0
----------
X   X     
O X X     
O O X X X 
  O X O   
  O O O   
----------

Black 1,3
----------
X   X     
O X X X   
O O X X X 
  O X O   
  O O O   
----------

White 3,0
----------
X   X     
O X X X   
O O X X X 
O O X O   
  O O O   
----------

Black 1,4
----------
X   X     
O X X X X 
O O X X X 
O O X O   
  O O O   
----------

White 3,4
----------
X   X     
O X X X X 
O O X X X 
O O X O O 
  O O O   
----------

Black 0,3
----------
X   X X   
O X X X X 
O O X X X 
O O X O O 
  O O O   
----------

White 4,0
----------
X   X X   
O X X X X 
O O X X X 
O O X O O 
O O O O   
----------

Game end.
The winner is O
ta time: 34.63
student time: 7.86
White(You) win!
=====Round 10=====
Black:You White:TA
Wed Oct 28 07:52:46 PDT 2020
Clean up...
Start Playing...
Black 2,2
----------
          
          
    X     
          
          
----------

White 2,1
----------
          
          
  O X     
          
          
----------

Black 1,2
----------
          
    X     
  O X     
          
          
----------

White 3,2
----------
          
    X     
  O X     
    O     
          
----------

Black 1,1
----------
          
  X X     
  O X     
    O     
          
----------

White 2,3
----------
          
  X X     
  O X O   
    O     
          
----------

Black 3,1
----------
          
  X X     
  O X O   
  X O     
          
----------

White 3,3
----------
          
  X X     
  O X O   
  X O O   
          
----------

Black 2,0
----------
          
  X X     
X   X O   
  X O O   
          
----------

White 4,2
----------
          
  X X     
X   X O   
  X O O   
    O     
----------

Black 1,3
----------
          
  X X X   
X   X O   
  X O O   
    O     
----------

White 0,2
----------
    O     
  X X X   
X   X O   
  X O O   
    O     
----------

Black 0,1
----------
  X O     
  X X X   
X   X O   
  X O O   
    O     
----------

White 2,4
----------
  X O     
  X X X   
X   X O O 
  X O O   
    O     
----------

Black 0,3
----------
  X   X   
  X X X   
X   X O O 
  X O O   
    O     
----------

White 3,0
----------
  X   X   
  X X X   
X   X O O 
O X O O   
    O     
----------

Black 2,1
----------
  X   X   
  X X X   
X X X O O 
O X O O   
    O     
----------

White 3,4
----------
  X   X   
  X X X   
X X X O O 
O X O O O 
    O     
----------

Black 4,1
----------
  X   X   
  X X X   
X X X O O 
O X O O O 
  X O     
----------

White 1,4
----------
  X   X   
  X X X O 
X X X O O 
O X O O O 
  X O     
----------

Black 4,0
----------
  X   X   
  X X X O 
X X X O O 
  X O O O 
X X O     
----------

White 1,0
----------
  X   X   
O X X X O 
X X X O O 
  X O O O 
X X O     
----------

Black 0,0
----------
X X   X   
  X X X O 
X X X O O 
  X O O O 
X X O     
----------

White 4,3
----------
X X   X   
  X X X O 
X X X O O 
  X O O O 
X X O O   
----------

Game end.
The winner is X
ta time: 38.41
student time: 8.66
Black(You) win!

==Playing with championship_player==
=====Round 1=====
Black:TA White:You
Wed Oct 28 07:52:55 PDT 2020
Clean up...
Start Playing...
Black 2,2
----------
          
          
    X     
          
          
----------

White 1,1
----------
          
  O       
    X     
          
          
----------

Black 1,2
----------
          
  O X     
    X     
          
          
----------

White 2,1
----------
          
  O X     
  O X     
          
          
----------

Black 3,1
----------
          
  O X     
  O X     
  X       
          
----------

White 0,1
----------
  O       
  O X     
  O X     
  X       
          
----------

Black 3,0
----------
  O       
  O X     
  O X     
X X       
          
----------

White 0,2
----------
  O O     
  O X     
  O X     
X X       
          
----------

Black 1,3
----------
  O O     
  O X X   
  O X     
X X       
          
----------

White 0,3
----------
  O O O   
  O X X   
  O X     
X X       
          
----------

Black 1,4
----------
  O O O   
  O X X X 
  O X     
X X       
          
----------

White 0,0
----------
O O O O   
  O X X X 
  O X     
X X       
          
----------

Black 2,0
----------
O O O O   
  O X X X 
X O X     
X X       
          
----------

White 3,3
----------
O O O O   
  O X X X 
X O X     
X X   O   
          
----------

Black 0,4
----------
O O O O X 
  O X X X 
X O X     
X X   O   
          
----------

White 2,3
----------
O O O O X 
  O X X X 
X O X O   
X X   O   
          
----------

Black 1,0
----------
        X 
X   X X X 
X   X O   
X X   O   
          
----------

White 3,2
----------
        X 
X   X X X 
X   X O   
X X O O   
          
----------

Black 2,4
----------
        X 
X   X X X 
X   X O X 
X X O O   
          
----------

White 3,4
----------
        X 
X   X X X 
X   X O X 
X X O O O 
          
----------

Black 2,1
----------
        X 
X   X X X 
X X X O X 
X X O O O 
          
----------

White 4,2
----------
        X 
X   X X X 
X X X O X 
X X O O O 
    O     
----------

Black 0,0
----------
X       X 
X   X X X 
X X X O X 
X X O O O 
    O     
----------

White 4,1
----------
X       X 
X   X X X 
X X X O X 
X X O O O 
  O O     
----------

Game end.
The winner is X
ta time: 76.55
student time: 9.59
White(You) lose.
=====Round 2=====
Black:You White:TA
Wed Oct 28 07:53:22 PDT 2020
Clean up...
Start Playing...
Black 2,2
----------
          
          
    X     
          
          
----------

White 2,1
----------
          
          
  O X     
          
          
----------

Black 1,2
----------
          
    X     
  O X     
          
          
----------

White 3,1
----------
          
    X     
  O X     
  O       
          
----------

Black 1,1
----------
          
  X X     
  O X     
  O       
          
----------

White 3,2
----------
          
  X X     
  O X     
  O O     
          
----------

Black 1,3
----------
          
  X X X   
  O X     
  O O     
          
----------

White 3,3
----------
          
  X X X   
  O X     
  O O O   
          
----------

Black 1,0
----------
          
X X X X   
  O X     
  O O O   
          
----------

White 2,0
----------
          
X X X X   
O O X     
  O O O   
          
----------

Black 1,4
----------
          
X X X X X 
O O X     
  O O O   
          
----------

White 3,4
----------
          
X X X X X 
O O X     
  O O O O 
          
----------

Black 2,3
----------
          
X X X X X 
O O X X   
  O O O O 
          
----------

White 4,2
----------
          
X X X X X 
O O X X   
  O O O O 
    O     
----------

Black 0,0
----------
X         
X X X X X 
O O X X   
  O O O O 
    O     
----------

White 4,1
----------
X         
X X X X X 
O O X X   
  O O O O 
  O O     
----------

Black 0,1
----------
X X       
X X X X X 
O O X X   
  O O O O 
  O O     
----------

White 0,3
----------
X X   O   
X X X X X 
O O X X   
  O O O O 
  O O     
----------

Black 0,2
----------
X X X O   
X X X X X 
O O X X   
  O O O O 
  O O     
----------

White 4,4
----------
X X X O   
X X X X X 
O O X X   
  O O O O 
  O O   O 
----------

Black 0,4
----------
X X X   X 
X X X X X 
O O X X   
  O O O O 
  O O   O 
----------

White 4,0
----------
X X X   X 
X X X X X 
O O X X   
  O O O O 
O O O   O 
----------

Black 2,4
----------
X X X   X 
X X X X X 
O O X X X 
  O O O O 
O O O   O 
----------

White 0,3
----------
      O   
          
O O       
  O O O O 
O O O   O 
----------

Game end.
The winner is O
ta time: 116.86
student time: 10.48
Black(You) lose.
=====Round 3=====
Black:TA White:You
Wed Oct 28 07:53:51 PDT 2020
Clean up...
Start Playing...
Black 2,2
----------
          
          
    X     
          
          
----------

White 1,1
----------
          
  O       
    X     
          
          
----------

Black 1,2
----------
          
  O X     
    X     
          
          
----------

White 2,1
----------
          
  O X     
  O X     
          
          
----------

Black 3,1
----------
          
  O X     
  O X     
  X       
          
----------

White 0,1
----------
  O       
  O X     
  O X     
  X       
          
----------

Black 3,0
----------
  O       
  O X     
  O X     
X X       
          
----------

White 0,2
----------
  O O     
  O X     
  O X     
X X       
          
----------

Black 1,3
----------
  O O     
  O X X   
  O X     
X X       
          
----------

White 0,3
----------
  O O O   
  O X X   
  O X     
X X       
          
----------

Black 1,4
----------
  O O O   
  O X X X 
  O X     
X X       
          
----------

White 0,0
----------
O O O O   
  O X X X 
  O X     
X X       
          
----------

Black 2,0
----------
O O O O   
  O X X X 
X O X     
X X       
          
----------

White 3,3
----------
O O O O   
  O X X X 
X O X     
X X   O   
          
----------

Black 0,4
----------
O O O O X 
  O X X X 
X O X     
X X   O   
          
----------

White 2,3
----------
O O O O X 
  O X X X 
X O X O   
X X   O   
          
----------

Black 1,0
----------
        X 
X   X X X 
X   X O   
X X   O   
          
----------

White 3,2
----------
        X 
X   X X X 
X   X O   
X X O O   
          
----------

Black 4,2
----------
        X 
X   X X X 
X   X O   
X X O O   
    X     
----------

White 4,3
----------
        X 
X   X X X 
X   X O   
X X O O   
    X O   
----------

Black 4,1
----------
        X 
X   X X X 
X   X O   
X X O O   
  X X O   
----------

White 2,4
----------
        X 
X   X X X 
X   X O O 
X X O O   
  X X O   
----------

Black 4,4
----------
        X 
X   X X X 
X   X O O 
X X O O   
  X X O X 
----------

White 0,1
----------
  O     X 
X   X X X 
X   X O O 
X X O O   
  X X O X 
----------

Game end.
The winner is X
ta time: 152.97
student time: 11.43
White(You) lose.
=====Round 4=====
Black:You White:TA
Wed Oct 28 07:54:18 PDT 2020
Clean up...
Start Playing...
Black 2,2
----------
          
          
    X     
          
          
----------

White 3,2
----------
          
          
    X     
    O     
          
----------

Black 1,2
----------
          
    X     
    X     
    O     
          
----------

White 3,3
----------
          
    X     
    X     
    O O   
          
----------

Black 1,1
----------
          
  X X     
    X     
    O O   
          
----------

White 3,1
----------
          
  X X     
    X     
  O O O   
          
----------

Black 1,3
----------
          
  X X X   
    X     
  O O O   
          
----------

White 2,3
----------
          
  X X X   
    X O   
  O O O   
          
----------

Black 1,0
----------
          
X X X X   
    X O   
  O O O   
          
----------

White 1,4
----------
          
X X X X O 
    X O   
  O O O   
          
----------

Black 0,3
----------
      X   
X X X X O 
    X O   
  O O O   
          
----------

White 2,1
----------
      X   
X X X X O 
  O X O   
  O O O   
          
----------

Black 0,4
----------
      X X 
X X X X O 
  O X O   
  O O O   
          
----------

White 2,4
----------
      X X 
X X X X O 
  O X O O 
  O O O   
          
----------

Black 2,0
----------
      X X 
X X X X O 
X O X O O 
  O O O   
          
----------

White 3,0
----------
      X X 
X X X X O 
X O X O O 
O O O O   
          
----------

Black 0,0
----------
X     X X 
X X X X O 
X O X O O 
O O O O   
          
----------

White 4,3
----------
X     X X 
X X X X O 
X O X O O 
O O O O   
      O   
----------

Black 0,1
----------
X X   X X 
X X X X O 
X O X O O 
O O O O   
      O   
----------

White 4,0
----------
X X   X X 
X X X X O 
X O X O O 
O O O O   
O     O   
----------

Black 3,4
----------
X X   X X 
X X X X O 
X O X O O 
O O O O X 
O     O   
----------

White 0,2
----------
    O     
        O 
  O   O O 
O O O O X 
O     O   
----------

Black 1,1
----------
    O     
  X     O 
  O   O O 
O O O O X 
O     O   
----------

White 4,4
----------
    O     
  X     O 
  O   O O 
O O O O   
O     O O 
----------

Game end.
The winner is O
ta time: 190.18
student time: 12.4
Black(You) lose.
=====Round 5=====
Black:TA White:You
Wed Oct 28 07:54:45 PDT 2020
Clean up...
Start Playing...
Black 2,2
----------
          
          
    X     
          
          
----------

White 1,1
----------
          
  O       
    X     
          
          
----------

Black 2,1
----------
          
  O       
  X X     
          
          
----------

White 1,2
----------
          
  O O     
  X X     
          
          
----------

Black 1,3
----------
          
  O O X   
  X X     
          
          
----------

White 1,0
----------
          
O O O X   
  X X     
          
          
----------

Black 0,3
----------
      X   
O O O X   
  X X     
          
          
----------

White 2,0
----------
      X   
O O O X   
O X X     
          
          
----------

Black 3,1
----------
      X   
O O O X   
O X X     
  X       
          
----------

White 3,0
----------
      X   
O O O X   
O X X     
O X       
          
----------

Black 4,1
----------
      X   
O O O X   
O X X     
O X       
  X       
----------

White 0,0
----------
O     X   
O O O X   
O X X     
O X       
  X       
----------

Black 0,2
----------
O   X X   
O O O X   
O X X     
O X       
  X       
----------

White 3,3
----------
O   X X   
O O O X   
O X X     
O X   O   
  X       
----------

Black 4,0
----------
O   X X   
O O O X   
O X X     
O X   O   
X X       
----------

White 2,3
----------
O   X X   
O O O X   
O X X O   
O X   O   
X X       
----------

Black 0,1
----------
  X X X   
      X   
  X X O   
  X   O   
X X       
----------

White 3,2
----------
  X X X   
      X   
  X X O   
  X O O   
X X       
----------

Black 1,4
----------
  X X X   
      X X 
  X X O   
  X O O   
X X       
----------

White 3,4
----------
  X X X   
      X X 
  X X O   
  X O O O 
X X       
----------

Black 2,4
----------
  X X X   
      X X 
  X X O X 
  X O O O 
X X       
----------

White 4,2
----------
  X X X   
      X X 
  X X O X 
  X O O O 
X X O     
----------

Black 4,3
----------
  X X X   
      X X 
  X X O X 
  X O O O 
X X O X   
----------

White 1,0
----------
  X X X   
O     X X 
  X X O X 
  X O O O 
X X O X   
----------

Game end.
The winner is X
ta time: 234.16
student time: 13.43
White(You) lose.
=====Round 6=====
Black:You White:TA
Wed Oct 28 07:55:14 PDT 2020
Clean up...
Start Playing...
Black 2,2
----------
          
          
    X     
          
          
----------

White 2,3
----------
          
          
    X O   
          
          
----------

Black 1,2
----------
          
    X     
    X O   
          
          
----------

White 3,3
----------
          
    X     
    X O   
      O   
          
----------

Black 1,1
----------
          
  X X     
    X O   
      O   
          
----------

White 3,2
----------
          
  X X     
    X O   
    O O   
          
----------

Black 1,3
----------
          
  X X X   
    X O   
    O O   
          
----------

White 3,1
----------
          
  X X X   
    X O   
  O O O   
          
----------

Black 1,0
----------
          
X X X X   
    X O   
  O O O   
          
----------

White 1,4
----------
          
X X X X O 
    X O   
  O O O   
          
----------

Black 0,3
----------
      X   
X X X X O 
    X O   
  O O O   
          
----------

White 2,1
----------
      X   
X X X X O 
  O X O   
  O O O   
          
----------

Black 0,4
----------
      X X 
X X X X O 
  O X O   
  O O O   
          
----------

White 2,4
----------
      X X 
X X X X O 
  O X O O 
  O O O   
          
----------

Black 2,0
----------
      X X 
X X X X O 
X O X O O 
  O O O   
          
----------

White 3,0
----------
      X X 
X X X X O 
X O X O O 
O O O O   
          
----------

Black 0,0
----------
X     X X 
X X X X O 
X O X O O 
O O O O   
          
----------

White 4,2
----------
X     X X 
X X X X O 
X O X O O 
O O O O   
    O     
----------

Black 0,1
----------
X X   X X 
X X X X O 
X O X O O 
O O O O   
    O     
----------

White 3,4
----------
X X   X X 
X X X X O 
X O X O O 
O O O O O 
    O     
----------

Black 4,0
----------
X X   X X 
X X X X O 
X O X O O 
O O O O O 
X   O     
----------

White 0,2
----------
    O     
        O 
  O   O O 
O O O O O 
X   O     
----------

Black 1,1
----------
    O     
  X     O 
  O   O O 
O O O O O 
X   O     
----------

White 2,0
----------
    O     
  X     O 
O O   O O 
O O O O O 
X   O     
----------

Game end.
The winner is O
ta time: 269.01
student time: 14.47
Black(You) lose.
=====Round 7=====
Black:TA White:You
Wed Oct 28 07:55:40 PDT 2020
Clean up...
Start Playing...
Black 2,2
----------
          
          
    X     
          
          
----------

White 1,1
----------
          
  O       
    X     
          
          
----------

Black 1,2
----------
          
  O X     
    X     
          
          
----------

White 2,1
----------
          
  O X     
  O X     
          
          
----------

Black 3,1
----------
          
  O X     
  O X     
  X       
          
----------

White 0,1
----------
  O       
  O X     
  O X     
  X       
          
----------

Black 3,0
----------
  O       
  O X     
  O X     
X X       
          
----------

White 0,2
----------
  O O     
  O X     
  O X     
X X       
          
----------

Black 1,3
----------
  O O     
  O X X   
  O X     
X X       
          
----------

White 0,3
----------
  O O O   
  O X X   
  O X     
X X       
          
----------

Black 1,4
----------
  O O O   
  O X X X 
  O X     
X X       
          
----------

White 0,0
----------
O O O O   
  O X X X 
  O X     
X X       
          
----------

Black 2,0
----------
O O O O   
  O X X X 
X O X     
X X       
          
----------

White 3,3
----------
O O O O   
  O X X X 
X O X     
X X   O   
          
----------

Black 0,4
----------
O O O O X 
  O X X X 
X O X     
X X   O   
          
----------

White 2,3
----------
O O O O X 
  O X X X 
X O X O   
X X   O   
          
----------

Black 1,0
----------
        X 
X   X X X 
X   X O   
X X   O   
          
----------

White 3,2
----------
        X 
X   X X X 
X   X O   
X X O O   
          
----------

Black 4,2
----------
        X 
X   X X X 
X   X O   
X X O O   
    X     
----------

White 4,3
----------
        X 
X   X X X 
X   X O   
X X O O   
    X O   
----------

Black 4,1
----------
        X 
X   X X X 
X   X O   
X X O O   
  X X O   
----------

White 2,4
----------
        X 
X   X X X 
X   X O O 
X X O O   
  X X O   
----------

Black 0,0
----------
X       X 
X   X X X 
X   X O O 
X X O O   
  X X O   
----------

White 3,4
----------
X       X 
X   X X X 
X   X O O 
X X O O O 
  X X O   
----------

Game end.
The winner is X
ta time: 303.28
student time: 15.38
White(You) lose.
=====Round 8=====
Black:You White:TA
Wed Oct 28 07:56:07 PDT 2020
Clean up...
Start Playing...
Black 2,2
----------
          
          
    X     
          
          
----------

White 1,2
----------
          
    O     
    X     
          
          
----------

Black 2,1
----------
          
    O     
  X X     
          
          
----------

White 1,3
----------
          
    O O   
  X X     
          
          
----------

Black 1,1
----------
          
  X O O   
  X X     
          
          
----------

White 2,3
----------
          
  X O O   
  X X O   
          
          
----------

Black 3,1
----------
          
  X O O   
  X X O   
  X       
          
----------

White 3,3
----------
          
  X O O   
  X X O   
  X   O   
          
----------

Black 0,1
----------
  X       
  X O O   
  X X O   
  X   O   
          
----------

White 0,2
----------
  X O     
  X O O   
  X X O   
  X   O   
          
----------

Black 3,2
----------
  X O     
  X O O   
  X X O   
  X X O   
          
----------

White 4,3
----------
  X O     
  X O O   
  X X O   
  X X O   
      O   
----------

Black 3,0
----------
  X O     
  X O O   
  X X O   
X X X O   
      O   
----------

White 1,4
----------
  X O     
  X O O O 
  X X O   
X X X O   
      O   
----------

Black 0,0
----------
X X O     
  X O O O 
  X X O   
X X X O   
      O   
----------

White 3,4
----------
X X O     
  X O O O 
  X X O   
X X X O O 
      O   
----------

Black 1,0
----------
X X O     
X X O O O 
  X X O   
X X X O O 
      O   
----------

White 0,3
----------
X X O O   
X X O O O 
  X X O   
X X X O O 
      O   
----------

Black 2,0
----------
X X O O   
X X O O O 
X X X O   
X X X O O 
      O   
----------

White 4,1
----------
X X O O   
X X O O O 
X X X O   
X X X O O 
  O   O   
----------

Black 4,2
----------
X X O O   
X X O O O 
X X X O   
X X X O O 
  O X O   
----------

White 4,0
----------
    O O   
    O O O 
      O   
      O O 
O O   O   
----------

Black 2,1
----------
    O O   
    O O O 
  X   O   
      O O 
O O   O   
----------

White 3,1
----------
    O O   
    O O O 
  X   O   
  O   O O 
O O   O   
----------

Game end.
The winner is O
ta time: 340.92
student time: 16.35
Black(You) lose.
=====Round 9=====
Black:TA White:You
Wed Oct 28 07:56:35 PDT 2020
Clean up...
Start Playing...
Black 2,2
----------
          
          
    X     
          
          
----------

White 1,1
----------
          
  O       
    X     
          
          
----------

Black 1,2
----------
          
  O X     
    X     
          
          
----------

White 2,1
----------
          
  O X     
  O X     
          
          
----------

Black 3,1
----------
          
  O X     
  O X     
  X       
          
----------

White 0,1
----------
  O       
  O X     
  O X     
  X       
          
----------

Black 3,0
----------
  O       
  O X     
  O X     
X X       
          
----------

White 0,2
----------
  O O     
  O X     
  O X     
X X       
          
----------

Black 1,3
----------
  O O     
  O X X   
  O X     
X X       
          
----------

White 0,3
----------
  O O O   
  O X X   
  O X     
X X       
          
----------

Black 1,4
----------
  O O O   
  O X X X 
  O X     
X X       
          
----------

White 0,0
----------
O O O O   
  O X X X 
  O X     
X X       
          
----------

Black 2,0
----------
O O O O   
  O X X X 
X O X     
X X       
          
----------

White 3,3
----------
O O O O   
  O X X X 
X O X     
X X   O   
          
----------

Black 0,4
----------
O O O O X 
  O X X X 
X O X     
X X   O   
          
----------

White 2,3
----------
O O O O X 
  O X X X 
X O X O   
X X   O   
          
----------

Black 1,0
----------
        X 
X   X X X 
X   X O   
X X   O   
          
----------

White 3,2
----------
        X 
X   X X X 
X   X O   
X X O O   
          
----------

Black 4,1
----------
        X 
X   X X X 
X   X O   
X X O O   
  X       
----------

White 3,4
----------
        X 
X   X X X 
X   X O   
X X O O O 
  X       
----------

Black 2,4
----------
        X 
X   X X X 
X   X O X 
X X O O O 
  X       
----------

White 4,2
----------
        X 
X   X X X 
X   X O X 
X X O O O 
  X O     
----------

Black 2,1
----------
        X 
X   X X X 
X X X O X 
X X O O O 
  X O     
----------

White 4,3
----------
        X 
X   X X X 
X X X O X 
X X O O O 
  X O O   
----------

Game end.
The winner is X
ta time: 378.37
student time: 17.3
White(You) lose.
=====Round 10=====
Black:You White:TA
Wed Oct 28 07:57:02 PDT 2020
Clean up...
Start Playing...
Black 2,2
----------
          
          
    X     
          
          
----------

White 2,3
----------
          
          
    X O   
          
          
----------

Black 1,2
----------
          
    X     
    X O   
          
          
----------

White 3,3
----------
          
    X     
    X O   
      O   
          
----------

Black 1,1
----------
          
  X X     
    X O   
      O   
          
----------

White 3,2
----------
          
  X X     
    X O   
    O O   
          
----------

Black 1,3
----------
          
  X X X   
    X O   
    O O   
          
----------

White 3,1
----------
          
  X X X   
    X O   
  O O O   
          
----------

Black 1,0
----------
          
X X X X   
    X O   
  O O O   
          
----------

White 1,4
----------
          
X X X X O 
    X O   
  O O O   
          
----------

Black 0,3
----------
      X   
X X X X O 
    X O   
  O O O   
          
----------

White 2,1
----------
      X   
X X X X O 
  O X O   
  O O O   
          
----------

Black 0,4
----------
      X X 
X X X X O 
  O X O   
  O O O   
          
----------

White 2,4
----------
      X X 
X X X X O 
  O X O O 
  O O O   
          
----------

Black 2,0
----------
      X X 
X X X X O 
X O X O O 
  O O O   
          
----------

White 3,0
----------
      X X 
X X X X O 
X O X O O 
O O O O   
          
----------

Black 0,0
----------
X     X X 
X X X X O 
X O X O O 
O O O O   
          
----------

White 4,2
----------
X     X X 
X X X X O 
X O X O O 
O O O O   
    O     
----------

Black 0,1
----------
X X   X X 
X X X X O 
X O X O O 
O O O O   
    O     
----------

White 0,2
----------
    O     
        O 
  O   O O 
O O O O   
    O     
----------

Black 1,1
----------
    O     
  X     O 
  O   O O 
O O O O   
    O     
----------

White 1,2
----------
    O     
  X O   O 
  O   O O 
O O O O   
    O     
----------

Black 1,0
----------
    O     
X X O   O 
  O   O O 
O O O O   
    O     
----------

White 4,4
----------
    O     
X X O   O 
  O   O O 
O O O O   
    O   O 
----------

Game end.
The winner is O
ta time: 412.56
student time: 18.24
Black(You) lose.
