Thu Oct 29 15:03:39 PDT 2020

==Playing with qlearning_player==
=====Round 1=====
Black:TA White:You
Thu Oct 29 15:03:39 PDT 2020
Clean up...
Start Playing...
Black 1,2
----------
          
    X     
          
          
          
----------

White 2,1
----------
          
    X     
  O       
          
          
----------

Black 2,2
----------
          
    X     
  O X     
          
          
----------

White 3,1
----------
          
    X     
  O X     
  O       
          
----------

Black 0,0
----------
X         
    X     
  O X     
  O       
          
----------

White 1,1
----------
X         
  O X     
  O X     
  O       
          
----------

Black 0,1
----------
X X       
  O X     
  O X     
  O       
          
----------

White 1,0
----------
X X       
O O X     
  O X     
  O       
          
----------

Black 2,3
----------
X X       
O O X     
  O X X   
  O       
          
----------

White 0,2
----------
    O     
O O X     
  O X X   
  O       
          
----------

Black 3,2
----------
    O     
O O X     
  O X X   
  O X     
          
----------

White 0,3
----------
    O O   
O O X     
  O X X   
  O X     
          
----------

Black 2,0
----------
    O O   
O O X     
X O X X   
  O X     
          
----------

White 3,0
----------
    O O   
O O X     
  O X X   
O O X     
          
----------

Black 2,4
----------
    O O   
O O X     
  O X X X 
O O X     
          
----------

White 1,3
----------
    O O   
O O X O   
  O X X X 
O O X     
          
----------

Black 3,3
----------
    O O   
O O X O   
  O X X X 
O O X X   
          
----------

White 4,1
----------
    O O   
O O X O   
  O X X X 
O O X X   
  O       
----------

Black 4,2
----------
    O O   
O O X O   
  O X X X 
O O X X   
  O X     
----------

White 0,0
----------
O   O O   
O O X O   
  O X X X 
O O X X   
  O X     
----------

Black 3,4
----------
O   O O   
O O X O   
  O X X X 
O O X X X 
  O X     
----------

White 0,1
----------
O O O O   
O O X O   
  O X X X 
O O X X X 
  O X     
----------

Black 1,4
----------
O O O O   
O O X O X 
  O X X X 
O O X X X 
  O X     
----------

White 0,4
----------
O O O O O 
O O X O X 
  O X X X 
O O X X X 
  O X     
----------

Game end.
The winner is O
ta time: 4.08
student time: 3.37
White(You) win!
=====Round 2=====
Black:You White:TA
Thu Oct 29 15:03:50 PDT 2020
Clean up...
Start Playing...
Black 2,2
----------
          
          
    X     
          
          
----------

White 2,1
----------
          
          
  O X     
          
          
----------

Black 1,2
----------
          
    X     
  O X     
          
          
----------

White 3,2
----------
          
    X     
  O X     
    O     
          
----------

Black 1,1
----------
          
  X X     
  O X     
    O     
          
----------

White 2,3
----------
          
  X X     
  O X O   
    O     
          
----------

Black 3,1
----------
          
  X X     
  O X O   
  X O     
          
----------

White 0,2
----------
    O     
  X X     
  O X O   
  X O     
          
----------

Black 2,0
----------
    O     
  X X     
X   X O   
  X O     
          
----------

White 4,2
----------
    O     
  X X     
X   X O   
  X O     
    O     
----------

Black 0,1
----------
  X O     
  X X     
X   X O   
  X O     
    O     
----------

White 2,4
----------
  X O     
  X X     
X   X O O 
  X O     
    O     
----------

Black 0,3
----------
  X   X   
  X X     
X   X O O 
  X O     
    O     
----------

White 1,3
----------
  X   X   
  X X O   
X   X O O 
  X O     
    O     
----------

Black 0,4
----------
  X   X X 
  X X O   
X   X O O 
  X O     
    O     
----------

White 3,3
----------
  X   X X 
  X X O   
X   X O O 
  X O O   
    O     
----------

Black 2,1
----------
  X   X X 
  X X O   
X X X O O 
  X O O   
    O     
----------

White 1,0
----------
  X   X X 
O X X O   
X X X O O 
  X O O   
    O     
----------

Black 0,0
----------
X X   X X 
  X X O   
X X X O O 
  X O O   
    O     
----------

White 3,4
----------
X X   X X 
  X X O   
X X X O O 
  X O O O 
    O     
----------

Black 3,0
----------
X X   X X 
  X X O   
X X X O O 
X X O O O 
    O     
----------

White 4,3
----------
X X   X X 
  X X O   
X X X O O 
X X O O O 
    O O   
----------

Black 0,2
----------
X X X X X 
  X X O   
X X X O O 
X X O O O 
    O O   
----------

White 1,4
----------
X X X X X 
  X X O O 
X X X O O 
X X O O O 
    O O   
----------

Game end.
The winner is X
ta time: 7.71
student time: 6.75
Black(You) win!
=====Round 3=====
Black:TA White:You
Thu Oct 29 15:04:01 PDT 2020
Clean up...
Start Playing...
Black 1,2
----------
          
    X     
          
          
          
----------

White 2,1
----------
          
    X     
  O       
          
          
----------

Black 2,2
----------
          
    X     
  O X     
          
          
----------

White 3,1
----------
          
    X     
  O X     
  O       
          
----------

Black 0,0
----------
X         
    X     
  O X     
  O       
          
----------

White 1,1
----------
X         
  O X     
  O X     
  O       
          
----------

Black 0,1
----------
X X       
  O X     
  O X     
  O       
          
----------

White 1,0
----------
X X       
O O X     
  O X     
  O       
          
----------

Black 2,3
----------
X X       
O O X     
  O X X   
  O       
          
----------

White 0,2
----------
    O     
O O X     
  O X X   
  O       
          
----------

Black 3,2
----------
    O     
O O X     
  O X X   
  O X     
          
----------

White 0,3
----------
    O O   
O O X     
  O X X   
  O X     
          
----------

Black 3,3
----------
    O O   
O O X     
  O X X   
  O X X   
          
----------

White 4,1
----------
    O O   
O O X     
  O X X   
  O X X   
  O       
----------

Black 1,3
----------
    O O   
O O X X   
  O X X   
  O X X   
  O       
----------

White 0,4
----------
    O O O 
O O X X   
  O X X   
  O X X   
  O       
----------

Black 4,2
----------
    O O O 
O O X X   
  O X X   
  O X X   
  O X     
----------

White 1,4
----------
    O O O 
O O X X O 
  O X X   
  O X X   
  O X     
----------

Black 2,0
----------
    O O O 
O O X X O 
X O X X   
  O X X   
  O X     
----------

White 3,0
----------
    O O O 
O O X X O 
  O X X   
O O X X   
  O X     
----------

Black 2,4
----------
    O O O 
O O X X O 
  O X X X 
O O X X   
  O X     
----------

White 3,4
----------
    O O O 
O O X X O 
  O X X X 
O O X X O 
  O X     
----------

Black 0,1
----------
  X       
O O X X   
  O X X X 
O O X X O 
  O X     
----------

White 0,0
----------
O X       
O O X X   
  O X X X 
O O X X O 
  O X     
----------

Game end.
The winner is O
ta time: 11.94
student time: 10.17
White(You) win!
=====Round 4=====
Black:You White:TA
Thu Oct 29 15:04:13 PDT 2020
Clean up...
Start Playing...
Black 2,2
----------
          
          
    X     
          
          
----------

White 2,1
----------
          
          
  O X     
          
          
----------

Black 1,2
----------
          
    X     
  O X     
          
          
----------

White 3,2
----------
          
    X     
  O X     
    O     
          
----------

Black 1,1
----------
          
  X X     
  O X     
    O     
          
----------

White 2,3
----------
          
  X X     
  O X O   
    O     
          
----------

Black 3,1
----------
          
  X X     
  O X O   
  X O     
          
----------

White 4,2
----------
          
  X X     
  O X O   
  X O     
    O     
----------

Black 2,0
----------
          
  X X     
X   X O   
  X O     
    O     
----------

White 2,4
----------
          
  X X     
X   X O O 
  X O     
    O     
----------

Black 1,3
----------
          
  X X X   
X   X O O 
  X O     
    O     
----------

White 0,2
----------
    O     
  X X X   
X   X O O 
  X O     
    O     
----------

Black 0,1
----------
  X O     
  X X X   
X   X O O 
  X O     
    O     
----------

White 3,3
----------
  X O     
  X X X   
X   X O O 
  X O O   
    O     
----------

Black 0,3
----------
  X   X   
  X X X   
X   X O O 
  X O O   
    O     
----------

White 1,4
----------
  X   X   
  X X X O 
X   X O O 
  X O O   
    O     
----------

Black 2,1
----------
  X   X   
  X X X O 
X X X O O 
  X O O   
    O     
----------

White 1,0
----------
  X   X   
O X X X O 
X X X O O 
  X O O   
    O     
----------

Black 0,0
----------
X X   X   
  X X X O 
X X X O O 
  X O O   
    O     
----------

White 4,1
----------
X X   X   
  X X X O 
X X X O O 
  X O O   
  O O     
----------

Black 3,0
----------
X X   X   
  X X X O 
X X X O O 
X X O O   
  O O     
----------

White 3,4
----------
X X   X   
  X X X O 
X X X O O 
X X O O O 
  O O     
----------

Black 0,2
----------
X X X X   
  X X X O 
X X X O O 
X X O O O 
  O O     
----------

White 4,3
----------
X X X X   
  X X X O 
X X X O O 
X X O O O 
  O O O   
----------

Game end.
The winner is X
ta time: 15.38
student time: 13.68
Black(You) win!
=====Round 5=====
Black:TA White:You
Thu Oct 29 15:04:24 PDT 2020
Clean up...
Start Playing...
Black 1,2
----------
          
    X     
          
          
          
----------

White 2,1
----------
          
    X     
  O       
          
          
----------

Black 2,2
----------
          
    X     
  O X     
          
          
----------

White 3,1
----------
          
    X     
  O X     
  O       
          
----------

Black 0,0
----------
X         
    X     
  O X     
  O       
          
----------

White 1,1
----------
X         
  O X     
  O X     
  O       
          
----------

Black 0,1
----------
X X       
  O X     
  O X     
  O       
          
----------

White 1,0
----------
X X       
O O X     
  O X     
  O       
          
----------

Black 3,2
----------
X X       
O O X     
  O X     
  O X     
          
----------

White 0,2
----------
    O     
O O X     
  O X     
  O X     
          
----------

Black 2,3
----------
    O     
O O X     
  O X X   
  O X     
          
----------

White 0,3
----------
    O O   
O O X     
  O X X   
  O X     
          
----------

Black 3,3
----------
    O O   
O O X     
  O X X   
  O X X   
          
----------

White 4,1
----------
    O O   
O O X     
  O X X   
  O X X   
  O       
----------

Black 1,3
----------
    O O   
O O X X   
  O X X   
  O X X   
  O       
----------

White 0,4
----------
    O O O 
O O X X   
  O X X   
  O X X   
  O       
----------

Black 2,0
----------
    O O O 
O O X X   
X O X X   
  O X X   
  O       
----------

White 3,0
----------
    O O O 
O O X X   
  O X X   
O O X X   
  O       
----------

Black 4,2
----------
    O O O 
O O X X   
  O X X   
O O X X   
  O X     
----------

White 1,4
----------
    O O O 
O O X X O 
  O X X   
O O X X   
  O X     
----------

Black 2,4
----------
    O O O 
O O X X O 
  O X X X 
O O X X   
  O X     
----------

White 3,4
----------
    O O O 
O O X X O 
  O X X X 
O O X X O 
  O X     
----------

Black 0,1
----------
  X       
O O X X   
  O X X X 
O O X X O 
  O X     
----------

White 0,0
----------
O X       
O O X X   
  O X X X 
O O X X O 
  O X     
----------

Game end.
The winner is O
ta time: 19.35
student time: 17.05
White(You) win!
=====Round 6=====
Black:You White:TA
Thu Oct 29 15:04:35 PDT 2020
Clean up...
Start Playing...
Black 2,2
----------
          
          
    X     
          
          
----------

White 2,1
----------
          
          
  O X     
          
          
----------

Black 1,2
----------
          
    X     
  O X     
          
          
----------

White 3,2
----------
          
    X     
  O X     
    O     
          
----------

Black 1,1
----------
          
  X X     
  O X     
    O     
          
----------

White 2,3
----------
          
  X X     
  O X O   
    O     
          
----------

Black 3,1
----------
          
  X X     
  O X O   
  X O     
          
----------

White 1,3
----------
          
  X X O   
  O X O   
  X O     
          
----------

Black 2,0
----------
          
  X X O   
X   X O   
  X O     
          
----------

White 2,4
----------
          
  X X O   
X   X O O 
  X O     
          
----------

Black 3,3
----------
          
  X X O   
X   X O O 
  X O X   
          
----------

White 4,2
----------
          
  X X O   
X   X O O 
  X O X   
    O     
----------

Black 4,1
----------
          
  X X O   
X   X O O 
  X O X   
  X O     
----------

White 0,2
----------
    O     
  X X O   
X   X O O 
  X O X   
  X O     
----------

Black 4,3
----------
    O     
  X X O   
X   X O O 
  X   X   
  X   X   
----------

White 3,2
----------
    O     
  X X O   
X   X O O 
  X O X   
  X   X   
----------

Black 4,2
----------
    O     
  X X O   
X   X O O 
  X   X   
  X X X   
----------

White 0,1
----------
  O O     
  X X O   
X   X O O 
  X   X   
  X X X   
----------

Black 1,0
----------
  O O     
X X X O   
X   X O O 
  X   X   
  X X X   
----------

White 0,3
----------
  O O O   
X X X O   
X   X O O 
  X   X   
  X X X   
----------

Black 2,1
----------
  O O O   
X X X O   
X X X O O 
  X   X   
  X X X   
----------

White 1,4
----------
  O O O   
X X X O O 
X X X O O 
  X   X   
  X X X   
----------

Black 3,2
----------
  O O O   
X X X O O 
X X X O O 
  X X X   
  X X X   
----------

White 3,0
----------
  O O O   
X X X O O 
X X X O O 
O X X X   
  X X X   
----------

Game end.
The winner is X
ta time: 22.82
student time: 20.37
Black(You) win!
=====Round 7=====
Black:TA White:You
Thu Oct 29 15:04:46 PDT 2020
Clean up...
Start Playing...
Black 1,2
----------
          
    X     
          
          
          
----------

White 2,1
----------
          
    X     
  O       
          
          
----------

Black 2,2
----------
          
    X     
  O X     
          
          
----------

White 3,1
----------
          
    X     
  O X     
  O       
          
----------

Black 0,0
----------
X         
    X     
  O X     
  O       
          
----------

White 1,1
----------
X         
  O X     
  O X     
  O       
          
----------

Black 0,1
----------
X X       
  O X     
  O X     
  O       
          
----------

White 1,0
----------
X X       
O O X     
  O X     
  O       
          
----------

Black 2,3
----------
X X       
O O X     
  O X X   
  O       
          
----------

White 0,2
----------
    O     
O O X     
  O X X   
  O       
          
----------

Black 3,2
----------
    O     
O O X     
  O X X   
  O X     
          
----------

White 0,3
----------
    O O   
O O X     
  O X X   
  O X     
          
----------

Black 3,3
----------
    O O   
O O X     
  O X X   
  O X X   
          
----------

White 4,1
----------
    O O   
O O X     
  O X X   
  O X X   
  O       
----------

Black 1,3
----------
    O O   
O O X X   
  O X X   
  O X X   
  O       
----------

White 0,4
----------
    O O O 
O O X X   
  O X X   
  O X X   
  O       
----------

Black 2,0
----------
    O O O 
O O X X   
X O X X   
  O X X   
  O       
----------

White 3,0
----------
    O O O 
O O X X   
  O X X   
O O X X   
  O       
----------

Black 2,4
----------
    O O O 
O O X X   
  O X X X 
O O X X   
  O       
----------

White 4,2
----------
    O O O 
O O X X   
  O X X X 
O O X X   
  O O     
----------

Black 4,3
----------
    O O O 
O O X X   
  O X X X 
O O X X   
  O O X   
----------

White 0,0
----------
O   O O O 
O O X X   
  O X X X 
O O X X   
  O O X   
----------

Black 1,4
----------
O   O O O 
O O X X X 
  O X X X 
O O X X   
  O O X   
----------

White 3,4
----------
O   O O O 
O O X X X 
  O X X X 
O O X X O 
  O O X   
----------

Game end.
The winner is O
ta time: 26.96
student time: 23.91
White(You) win!
=====Round 8=====
Black:You White:TA
Thu Oct 29 15:04:57 PDT 2020
Clean up...
Start Playing...
Black 2,2
----------
          
          
    X     
          
          
----------

White 2,1
----------
          
          
  O X     
          
          
----------

Black 1,2
----------
          
    X     
  O X     
          
          
----------

White 3,2
----------
          
    X     
  O X     
    O     
          
----------

Black 1,1
----------
          
  X X     
  O X     
    O     
          
----------

White 2,3
----------
          
  X X     
  O X O   
    O     
          
----------

Black 3,1
----------
          
  X X     
  O X O   
  X O     
          
----------

White 2,0
----------
          
  X X     
O O X O   
  X O     
          
----------

Black 1,0
----------
          
X X X     
O O X O   
  X O     
          
----------

White 0,2
----------
    O     
X X X     
O O X O   
  X O     
          
----------

Black 3,0
----------
    O     
X X X     
    X O   
X X O     
          
----------

White 2,1
----------
    O     
X X X     
  O X O   
X X O     
          
----------

Black 2,0
----------
    O     
X X X     
X   X O   
X X O     
          
----------

White 4,2
----------
    O     
X X X     
X   X O   
X X O     
    O     
----------

Black 0,1
----------
  X O     
X X X     
X   X O   
X X O     
    O     
----------

White 2,4
----------
  X O     
X X X     
X   X O O 
X X O     
    O     
----------

Black 0,3
----------
  X   X   
X X X     
X   X O O 
X X O     
    O     
----------

White 3,3
----------
  X   X   
X X X     
X   X O O 
X X O O   
    O     
----------

Black 1,3
----------
  X   X   
X X X X   
X   X O O 
X X O O   
    O     
----------

White 4,3
----------
  X   X   
X X X X   
X   X O O 
X X O O   
    O O   
----------

Black 2,1
----------
  X   X   
X X X X   
X X X O O 
X X O O   
    O O   
----------

White 1,4
----------
  X   X   
X X X X O 
X X X O O 
X X O O   
    O O   
----------

Black 0,0
----------
X X   X   
X X X X O 
X X X O O 
X X O O   
    O O   
----------

White 3,4
----------
X X   X   
X X X X O 
X X X O O 
X X O O O 
    O O   
----------

Game end.
The winner is X
ta time: 30.74
student time: 27.38
Black(You) win!
=====Round 9=====
Black:TA White:You
Thu Oct 29 15:05:10 PDT 2020
Clean up...
Start Playing...
Black 1,2
----------
          
    X     
          
          
          
----------

White 2,1
----------
          
    X     
  O       
          
          
----------

Black 2,2
----------
          
    X     
  O X     
          
          
----------

White 3,1
----------
          
    X     
  O X     
  O       
          
----------

Black 0,0
----------
X         
    X     
  O X     
  O       
          
----------

White 1,1
----------
X         
  O X     
  O X     
  O       
          
----------

Black 0,1
----------
X X       
  O X     
  O X     
  O       
          
----------

White 1,0
----------
X X       
O O X     
  O X     
  O       
          
----------

Black 2,3
----------
X X       
O O X     
  O X X   
  O       
          
----------

White 0,2
----------
    O     
O O X     
  O X X   
  O       
          
----------

Black 3,2
----------
    O     
O O X     
  O X X   
  O X     
          
----------

White 0,3
----------
    O O   
O O X     
  O X X   
  O X     
          
----------

Black 4,2
----------
    O O   
O O X     
  O X X   
  O X     
    X     
----------

White 1,3
----------
    O O   
O O X O   
  O X X   
  O X     
    X     
----------

Black 3,3
----------
    O O   
O O X O   
  O X X   
  O X X   
    X     
----------

White 1,4
----------
    O O   
O O X O O 
  O X X   
  O X X   
    X     
----------

Black 2,0
----------
    O O   
O O X O O 
X O X X   
  O X X   
    X     
----------

White 3,0
----------
    O O   
O O X O O 
  O X X   
O O X X   
    X     
----------

Black 2,4
----------
    O O   
O O X O O 
  O X X X 
O O X X   
    X     
----------

White 0,0
----------
O   O O   
O O X O O 
  O X X X 
O O X X   
    X     
----------

Black 4,1
----------
O   O O   
O O X O O 
  O X X X 
O O X X   
  X X     
----------

White 0,1
----------
O O O O   
O O X O O 
  O X X X 
O O X X   
  X X     
----------

Black 4,3
----------
O O O O   
O O X O O 
  O X X X 
O O X X   
  X X X   
----------

White 0,4
----------
O O O O O 
O O X O O 
  O X X X 
O O X X   
  X X X   
----------

Game end.
The winner is O
ta time: 34.74
student time: 30.78
White(You) win!
=====Round 10=====
Black:You White:TA
Thu Oct 29 15:05:21 PDT 2020
Clean up...
Start Playing...
Black 2,2
----------
          
          
    X     
          
          
----------

White 2,1
----------
          
          
  O X     
          
          
----------

Black 1,2
----------
          
    X     
  O X     
          
          
----------

White 3,2
----------
          
    X     
  O X     
    O     
          
----------

Black 1,1
----------
          
  X X     
  O X     
    O     
          
----------

White 2,3
----------
          
  X X     
  O X O   
    O     
          
----------

Black 3,1
----------
          
  X X     
  O X O   
  X O     
          
----------

White 2,0
----------
          
  X X     
O O X O   
  X O     
          
----------

Black 1,0
----------
          
X X X     
O O X O   
  X O     
          
----------

White 3,3
----------
          
X X X     
O O X O   
  X O O   
          
----------

Black 3,0
----------
          
X X X     
    X O   
X X O O   
          
----------

White 2,1
----------
          
X X X     
  O X O   
X X O O   
          
----------

Black 2,0
----------
          
X X X     
X   X O   
X X O O   
          
----------

White 4,2
----------
          
X X X     
X   X O   
X X O O   
    O     
----------

Black 1,3
----------
          
X X X X   
X   X O   
X X O O   
    O     
----------

White 2,4
----------
          
X X X X   
X   X O O 
X X O O   
    O     
----------

Black 0,3
----------
      X   
X X X X   
X   X O O 
X X O O   
    O     
----------

White 0,2
----------
    O X   
X X X X   
X   X O O 
X X O O   
    O     
----------

Black 0,1
----------
  X   X   
X X X X   
X   X O O 
X X O O   
    O     
----------

White 3,4
----------
  X   X   
X X X X   
X   X O O 
X X O O O 
    O     
----------

Black 2,1
----------
  X   X   
X X X X   
X X X O O 
X X O O O 
    O     
----------

White 4,1
----------
  X   X   
X X X X   
X X X O O 
X X O O O 
  O O     
----------

Black 0,0
----------
X X   X   
X X X X   
X X X O O 
X X O O O 
  O O     
----------

White 4,3
----------
X X   X   
X X X X   
X X X O O 
X X O O O 
  O O O   
----------

Game end.
The winner is X
ta time: 38.36
student time: 34.25
Black(You) win!

==Playing with championship_player==
=====Round 1=====
Black:TA White:You
Thu Oct 29 15:05:32 PDT 2020
Clean up...
Start Playing...
Black 2,2
----------
          
          
    X     
          
          
----------

White 1,1
----------
          
  O       
    X     
          
          
----------

Black 1,2
----------
          
  O X     
    X     
          
          
----------

White 2,1
----------
          
  O X     
  O X     
          
          
----------

Black 3,1
----------
          
  O X     
  O X     
  X       
          
----------

White 0,1
----------
  O       
  O X     
  O X     
  X       
          
----------

Black 3,0
----------
  O       
  O X     
  O X     
X X       
          
----------

White 0,2
----------
  O O     
  O X     
  O X     
X X       
          
----------

Black 1,3
----------
  O O     
  O X X   
  O X     
X X       
          
----------

White 0,3
----------
  O O O   
  O X X   
  O X     
X X       
          
----------

Black 1,4
----------
  O O O   
  O X X X 
  O X     
X X       
          
----------

White 0,0
----------
O O O O   
  O X X X 
  O X     
X X       
          
----------

Black 2,0
----------
O O O O   
  O X X X 
X O X     
X X       
          
----------

White 0,4
----------
O O O O O 
  O X X X 
X O X     
X X       
          
----------

Black 1,0
----------
          
X   X X X 
X   X     
X X       
          
----------

White 3,3
----------
          
X   X X X 
X   X     
X X   O   
          
----------

Black 4,2
----------
          
X   X X X 
X   X     
X X   O   
    X     
----------

White 2,3
----------
          
X   X X X 
X   X O   
X X   O   
    X     
----------

Black 3,2
----------
          
X   X X X 
X   X O   
X X X O   
    X     
----------

White 3,4
----------
          
X   X X X 
X   X O   
X X X O O 
    X     
----------

Black 0,3
----------
      X   
X   X X X 
X   X O   
X X X O O 
    X     
----------

White 2,4
----------
      X   
X   X X X 
X   X O O 
X X X O O 
    X     
----------

Black 4,4
----------
      X   
X   X X X 
X   X O O 
X X X O O 
    X   X 
----------

White 0,1
----------
  O   X   
X   X X X 
X   X O O 
X X X O O 
    X   X 
----------

Game end.
The winner is X
ta time: 71.9
student time: 37.49
White(You) lose.
=====Round 2=====
Black:You White:TA
Thu Oct 29 15:06:01 PDT 2020
Clean up...
Start Playing...
Black 2,2
----------
          
          
    X     
          
          
----------

White 2,3
----------
          
          
    X O   
          
          
----------

Black 1,2
----------
          
    X     
    X O   
          
          
----------

White 3,3
----------
          
    X     
    X O   
      O   
          
----------

Black 1,1
----------
          
  X X     
    X O   
      O   
          
----------

White 3,2
----------
          
  X X     
    X O   
    O O   
          
----------

Black 1,3
----------
          
  X X X   
    X O   
    O O   
          
----------

White 3,1
----------
          
  X X X   
    X O   
  O O O   
          
----------

Black 2,1
----------
          
  X X X   
  X X O   
  O O O   
          
----------

White 1,4
----------
          
  X X X O 
  X X O   
  O O O   
          
----------

Black 0,1
----------
  X       
  X X X O 
  X X O   
  O O O   
          
----------

White 2,4
----------
  X       
  X X X O 
  X X O O 
  O O O   
          
----------

Black 0,3
----------
  X   X   
  X X X O 
  X X O O 
  O O O   
          
----------

White 3,0
----------
  X   X   
  X X X O 
  X X O O 
O O O O   
          
----------

Black 0,0
----------
X X   X   
  X X X O 
  X X O O 
O O O O   
          
----------

White 2,0
----------
X X   X   
  X X X O 
O X X O O 
O O O O   
          
----------

Black 0,2
----------
X X X X   
  X X X O 
O X X O O 
O O O O   
          
----------

White 4,2
----------
X X X X   
  X X X O 
O X X O O 
O O O O   
    O     
----------

Black 4,4
----------
X X X X   
  X X X O 
O X X O O 
O O O O   
    O   X 
----------

White 1,0
----------
X X X X   
O X X X O 
O X X O O 
O O O O   
    O   X 
----------

Black PASS
----------
X X X X   
O X X X O 
O X X O O 
O O O O   
    O   X 
----------

White 4,3
----------
X X X X   
O X X X O 
O X X O O 
O O O O   
    O O X 
----------

Black PASS
----------
X X X X   
O X X X O 
O X X O O 
O O O O   
    O O X 
----------

White 0,4
----------
        O 
O       O 
O     O O 
O O O O   
    O O X 
----------

Game end.
The winner is O
ta time: 112.39
student time: 40.86
Black(You) lose.
=====Round 3=====
Black:TA White:You
Thu Oct 29 15:06:32 PDT 2020
Clean up...
Start Playing...
Black 2,2
----------
          
          
    X     
          
          
----------

White 1,1
----------
          
  O       
    X     
          
          
----------

Black 1,2
----------
          
  O X     
    X     
          
          
----------

White 2,1
----------
          
  O X     
  O X     
          
          
----------

Black 3,1
----------
          
  O X     
  O X     
  X       
          
----------

White 0,1
----------
  O       
  O X     
  O X     
  X       
          
----------

Black 3,0
----------
  O       
  O X     
  O X     
X X       
          
----------

White 0,2
----------
  O O     
  O X     
  O X     
X X       
          
----------

Black 1,3
----------
  O O     
  O X X   
  O X     
X X       
          
----------

White 0,3
----------
  O O O   
  O X X   
  O X     
X X       
          
----------

Black 1,4
----------
  O O O   
  O X X X 
  O X     
X X       
          
----------

White 0,0
----------
O O O O   
  O X X X 
  O X     
X X       
          
----------

Black 2,0
----------
O O O O   
  O X X X 
X O X     
X X       
          
----------

White 0,4
----------
O O O O O 
  O X X X 
X O X     
X X       
          
----------

Black 1,0
----------
          
X   X X X 
X   X     
X X       
          
----------

White 3,3
----------
          
X   X X X 
X   X     
X X   O   
          
----------

Black 2,3
----------
          
X   X X X 
X   X X   
X X   O   
          
----------

White 3,2
----------
          
X   X X X 
X   X X   
X X O O   
          
----------

Black 4,1
----------
          
X   X X X 
X   X X   
X X O O   
  X       
----------

White 3,4
----------
          
X   X X X 
X   X X   
X X O O O 
  X       
----------

Black 2,4
----------
          
X   X X X 
X   X X X 
X X O O O 
  X       
----------

White 4,2
----------
          
X   X X X 
X   X X X 
X X O O O 
  X O     
----------

Black 4,4
----------
          
X   X X X 
X   X X X 
X X O O O 
  X O   X 
----------

White 0,1
----------
  O       
X   X X X 
X   X X X 
X X O O O 
  X O   X 
----------

Game end.
The winner is X
ta time: 146.31
student time: 43.66
White(You) lose.
=====Round 4=====
Black:You White:TA
Thu Oct 29 15:07:01 PDT 2020
Clean up...
Start Playing...
Black 2,2
----------
          
          
    X     
          
          
----------

White 3,2
----------
          
          
    X     
    O     
          
----------

Black 1,2
----------
          
    X     
    X     
    O     
          
----------

White 3,3
----------
          
    X     
    X     
    O O   
          
----------

Black 1,1
----------
          
  X X     
    X     
    O O   
          
----------

White 3,1
----------
          
  X X     
    X     
  O O O   
          
----------

Black 1,3
----------
          
  X X X   
    X     
  O O O   
          
----------

White 2,4
----------
          
  X X X   
    X   O 
  O O O   
          
----------

Black 1,0
----------
          
X X X X   
    X   O 
  O O O   
          
----------

White 2,3
----------
          
X X X X   
    X O O 
  O O O   
          
----------

Black 2,1
----------
          
X X X X   
  X X O O 
  O O O   
          
----------

White 3,0
----------
          
X X X X   
  X X O O 
O O O O   
          
----------

Black 0,3
----------
      X   
X X X X   
  X X O O 
O O O O   
          
----------

White 4,3
----------
      X   
X X X X   
  X X O O 
O O O O   
      O   
----------

Black 0,0
----------
X     X   
X X X X   
  X X O O 
O O O O   
      O   
----------

White 4,1
----------
X     X   
X X X X   
  X X O O 
O O O O   
  O   O   
----------

Black 0,1
----------
X X   X   
X X X X   
  X X O O 
O O O O   
  O   O   
----------

White 1,4
----------
X X   X   
X X X X O 
  X X O O 
O O O O   
  O   O   
----------

Black 0,2
----------
X X X X   
X X X X O 
  X X O O 
O O O O   
  O   O   
----------

White 3,4
----------
X X X X   
X X X X O 
  X X O O 
O O O O O 
  O   O   
----------

Black PASS
----------
X X X X   
X X X X O 
  X X O O 
O O O O O 
  O   O   
----------

White 0,4
----------
X X X X O 
X X X X O 
  X X O O 
O O O O O 
  O   O   
----------

Black PASS
----------
X X X X O 
X X X X O 
  X X O O 
O O O O O 
  O   O   
----------

White 4,4
----------
X X X X O 
X X X X O 
  X X O O 
O O O O O 
  O   O O 
----------

Game end.
The winner is O
ta time: 181.48
student time: 46.94
Black(You) lose.
=====Round 5=====
Black:TA White:You
Thu Oct 29 15:07:32 PDT 2020
Clean up...
Start Playing...
Black 2,2
----------
          
          
    X     
          
          
----------

White 1,1
----------
          
  O       
    X     
          
          
----------

Black 1,2
----------
          
  O X     
    X     
          
          
----------

White 2,1
----------
          
  O X     
  O X     
          
          
----------

Black 3,1
----------
          
  O X     
  O X     
  X       
          
----------

White 0,1
----------
  O       
  O X     
  O X     
  X       
          
----------

Black 3,0
----------
  O       
  O X     
  O X     
X X       
          
----------

White 0,2
----------
  O O     
  O X     
  O X     
X X       
          
----------

Black 1,3
----------
  O O     
  O X X   
  O X     
X X       
          
----------

White 0,3
----------
  O O O   
  O X X   
  O X     
X X       
          
----------

Black 1,4
----------
  O O O   
  O X X X 
  O X     
X X       
          
----------

White 0,0
----------
O O O O   
  O X X X 
  O X     
X X       
          
----------

Black 2,0
----------
O O O O   
  O X X X 
X O X     
X X       
          
----------

White 0,4
----------
O O O O O 
  O X X X 
X O X     
X X       
          
----------

Black 1,0
----------
          
X   X X X 
X   X     
X X       
          
----------

White 3,3
----------
          
X   X X X 
X   X     
X X   O   
          
----------

Black 2,4
----------
          
X   X X X 
X   X   X 
X X   O   
          
----------

White 3,2
----------
          
X   X X X 
X   X   X 
X X O O   
          
----------

Black 2,1
----------
          
X   X X X 
X X X   X 
X X O O   
          
----------

White 2,3
----------
          
X   X X X 
X X X O X 
X X O O   
          
----------

Black 4,1
----------
          
X   X X X 
X X X O X 
X X O O   
  X       
----------

White 3,4
----------
          
X   X X X 
X X X O X 
X X O O O 
  X       
----------

Black 4,2
----------
          
X   X X X 
X X X O X 
X X O O O 
  X X     
----------

White PASS
----------
          
X   X X X 
X X X O X 
X X O O O 
  X X     
----------

Game end.
The winner is X
ta time: 216.18
student time: 50.01
White(You) lose.
=====Round 6=====
Black:You White:TA
Thu Oct 29 15:08:00 PDT 2020
Clean up...
Start Playing...
Black 2,2
----------
          
          
    X     
          
          
----------

White 1,2
----------
          
    O     
    X     
          
          
----------

Black 2,1
----------
          
    O     
  X X     
          
          
----------

White 1,3
----------
          
    O O   
  X X     
          
          
----------

Black 1,1
----------
          
  X O O   
  X X     
          
          
----------

White 2,3
----------
          
  X O O   
  X X O   
          
          
----------

Black 3,1
----------
          
  X O O   
  X X O   
  X       
          
----------

White 3,3
----------
          
  X O O   
  X X O   
  X   O   
          
----------

Black 3,2
----------
          
  X O O   
  X X O   
  X X O   
          
----------

White 0,1
----------
  O       
  X O O   
  X X O   
  X X O   
          
----------

Black 1,0
----------
  O       
X X O O   
  X X O   
  X X O   
          
----------

White 4,3
----------
  O       
X X O O   
  X X O   
  X X O   
      O   
----------

Black 0,0
----------
X O       
X X O O   
  X X O   
  X X O   
      O   
----------

White 0,2
----------
X O O     
X X O O   
  X X O   
  X X O   
      O   
----------

Black 3,0
----------
X O O     
X X O O   
  X X O   
X X X O   
      O   
----------

White 4,2
----------
X O O     
X X O O   
  X X O   
X X X O   
    O O   
----------

Black 2,0
----------
X O O     
X X O O   
X X X O   
X X X O   
    O O   
----------

White 0,4
----------
X O O   O 
X X O O   
X X X O   
X X X O   
    O O   
----------

Black 2,4
----------
X O O   O 
X X O O   
X X X O X 
X X X O   
    O O   
----------

White 4,1
----------
X O O   O 
X X O O   
X X X O X 
X X X O   
  O O O   
----------

Black 3,4
----------
X O O   O 
X X O O   
X X X O X 
X X X O X 
  O O O   
----------

White 4,4
----------
X O O   O 
X X O O   
X X X O X 
X X X O X 
  O O O O 
----------

Black PASS
----------
X O O   O 
X X O O   
X X X O X 
X X X O X 
  O O O O 
----------

White 4,0
----------
  O O   O 
    O O   
      O X 
      O X 
O O O O O 
----------

Game end.
The winner is O
ta time: 248.83
student time: 53.31
Black(You) lose.
=====Round 7=====
Black:TA White:You
Thu Oct 29 15:08:29 PDT 2020
Clean up...
Start Playing...
Black 2,2
----------
          
          
    X     
          
          
----------

White 1,1
----------
          
  O       
    X     
          
          
----------

Black 2,1
----------
          
  O       
  X X     
          
          
----------

White 1,2
----------
          
  O O     
  X X     
          
          
----------

Black 1,3
----------
          
  O O X   
  X X     
          
          
----------

White 1,0
----------
          
O O O X   
  X X     
          
          
----------

Black 0,3
----------
      X   
O O O X   
  X X     
          
          
----------

White 2,0
----------
      X   
O O O X   
O X X     
          
          
----------

Black 3,1
----------
      X   
O O O X   
O X X     
  X       
          
----------

White 3,0
----------
      X   
O O O X   
O X X     
O X       
          
----------

Black 4,1
----------
      X   
O O O X   
O X X     
O X       
  X       
----------

White 3,3
----------
      X   
O O O X   
O X X     
O X   O   
  X       
----------

Black 0,2
----------
    X X   
O O O X   
O X X     
O X   O   
  X       
----------

White 3,4
----------
    X X   
O O O X   
O X X     
O X   O O 
  X       
----------

Black 0,1
----------
  X X X   
O O O X   
O X X     
O X   O O 
  X       
----------

White 3,2
----------
  X X X   
O O O X   
O X X     
O X O O O 
  X       
----------

Black 4,0
----------
  X X X   
O O O X   
O X X     
O X O O O 
X X       
----------

White 2,3
----------
  X X X   
O O O X   
O X X O   
O X O O O 
X X       
----------

Black 0,0
----------
X X X X   
      X   
  X X O   
  X O O O 
X X       
----------

White 2,4
----------
X X X X   
      X   
  X X O O 
  X O O O 
X X       
----------

Black 1,4
----------
X X X X   
      X X 
  X X O O 
  X O O O 
X X       
----------

White 4,2
----------
X X X X   
      X X 
  X X O O 
  X O O O 
X X O     
----------

Black 3,0
----------
X X X X   
      X X 
  X X O O 
X X O O O 
X X O     
----------

White PASS
----------
X X X X   
      X X 
  X X O O 
X X O O O 
X X O     
----------

Game end.
The winner is X
ta time: 284.14
student time: 56.31
White(You) lose.
=====Round 8=====
Black:You White:TA
Thu Oct 29 15:08:58 PDT 2020
Clean up...
Start Playing...
Black 2,2
----------
          
          
    X     
          
          
----------

White 1,2
----------
          
    O     
    X     
          
          
----------

Black 2,1
----------
          
    O     
  X X     
          
          
----------

White 1,3
----------
          
    O O   
  X X     
          
          
----------

Black 1,1
----------
          
  X O O   
  X X     
          
          
----------

White 2,3
----------
          
  X O O   
  X X O   
          
          
----------

Black 3,1
----------
          
  X O O   
  X X O   
  X       
          
----------

White 3,3
----------
          
  X O O   
  X X O   
  X   O   
          
----------

Black 3,2
----------
          
  X O O   
  X X O   
  X X O   
          
----------

White 4,2
----------
          
  X O O   
  X X O   
  X X O   
    O     
----------

Black 4,1
----------
          
  X O O   
  X X O   
  X X O   
  X O     
----------

White 4,3
----------
          
  X O O   
  X X O   
  X X O   
  X O O   
----------

Black 0,1
----------
  X       
  X O O   
  X X O   
  X X O   
  X O O   
----------

White 0,2
----------
  X O     
  X O O   
  X X O   
  X X O   
  X O O   
----------

Black 0,0
----------
X X O     
  X O O   
  X X O   
  X X O   
  X O O   
----------

White 3,0
----------
X X O     
  X O O   
  X X O   
O X X O   
  X O O   
----------

Black 2,0
----------
X X O     
  X O O   
X X X O   
O X X O   
  X O O   
----------

White 2,4
----------
X X O     
  X O O   
X X X O O 
O X X O   
  X O O   
----------

Black 0,4
----------
X X O   X 
  X O O   
X X X O O 
O X X O   
  X O O   
----------

White 4,4
----------
X X O   X 
  X O O   
X X X O O 
O X X O   
  X O O O 
----------

Black 4,0
----------
X X O   X 
  X O O   
X X X O O 
  X X O   
X X O O O 
----------

White 0,3
----------
X X O O X 
  X O O   
X X X O O 
  X X O   
X X O O O 
----------

Black PASS
----------
X X O O X 
  X O O   
X X X O O 
  X X O   
X X O O O 
----------

White 1,4
----------
X X O O   
  X O O O 
X X X O O 
  X X O   
X X O O O 
----------

Game end.
The winner is O
ta time: 317.88
student time: 59.78
Black(You) lose.
=====Round 9=====
Black:TA White:You
Thu Oct 29 15:09:26 PDT 2020
Clean up...
Start Playing...
Black 2,2
----------
          
          
    X     
          
          
----------

White 1,1
----------
          
  O       
    X     
          
          
----------

Black 1,2
----------
          
  O X     
    X     
          
          
----------

White 2,1
----------
          
  O X     
  O X     
          
          
----------

Black 3,1
----------
          
  O X     
  O X     
  X       
          
----------

White 0,1
----------
  O       
  O X     
  O X     
  X       
          
----------

Black 3,0
----------
  O       
  O X     
  O X     
X X       
          
----------

White 0,2
----------
  O O     
  O X     
  O X     
X X       
          
----------

Black 1,3
----------
  O O     
  O X X   
  O X     
X X       
          
----------

White 0,3
----------
  O O O   
  O X X   
  O X     
X X       
          
----------

Black 1,4
----------
  O O O   
  O X X X 
  O X     
X X       
          
----------

White 0,0
----------
O O O O   
  O X X X 
  O X     
X X       
          
----------

Black 2,0
----------
O O O O   
  O X X X 
X O X     
X X       
          
----------

White 0,4
----------
O O O O O 
  O X X X 
X O X     
X X       
          
----------

Black 1,0
----------
          
X   X X X 
X   X     
X X       
          
----------

White 3,3
----------
          
X   X X X 
X   X     
X X   O   
          
----------

Black 2,4
----------
          
X   X X X 
X   X   X 
X X   O   
          
----------

White 3,2
----------
          
X   X X X 
X   X   X 
X X O O   
          
----------

Black 2,3
----------
          
X   X X X 
X   X X X 
X X O O   
          
----------

White 3,4
----------
          
X   X X X 
X   X X X 
X X O O O 
          
----------

Black 4,1
----------
          
X   X X X 
X   X X X 
X X O O O 
  X       
----------

White 4,2
----------
          
X   X X X 
X   X X X 
X X O O O 
  X O     
----------

Black 4,3
----------
          
X   X X X 
X   X X X 
X X O O O 
  X O X   
----------

White 0,1
----------
  O       
X   X X X 
X   X X X 
X X O O O 
  X O X   
----------

Game end.
The winner is X
ta time: 351.63
student time: 62.8
White(You) lose.
=====Round 10=====
Black:You White:TA
Thu Oct 29 15:09:54 PDT 2020
Clean up...
Start Playing...
Black 2,2
----------
          
          
    X     
          
          
----------

White 1,2
----------
          
    O     
    X     
          
          
----------

Black 2,1
----------
          
    O     
  X X     
          
          
----------

White 1,3
----------
          
    O O   
  X X     
          
          
----------

Black 1,1
----------
          
  X O O   
  X X     
          
          
----------

White 2,3
----------
          
  X O O   
  X X O   
          
          
----------

Black 3,1
----------
          
  X O O   
  X X O   
  X       
          
----------

White 3,3
----------
          
  X O O   
  X X O   
  X   O   
          
----------

Black 3,2
----------
          
  X O O   
  X X O   
  X X O   
          
----------

White 0,1
----------
  O       
  X O O   
  X X O   
  X X O   
          
----------

Black 1,0
----------
  O       
X X O O   
  X X O   
  X X O   
          
----------

White 4,3
----------
  O       
X X O O   
  X X O   
  X X O   
      O   
----------

Black 0,0
----------
X O       
X X O O   
  X X O   
  X X O   
      O   
----------

White 0,2
----------
X O O     
X X O O   
  X X O   
  X X O   
      O   
----------

Black 3,0
----------
X O O     
X X O O   
  X X O   
X X X O   
      O   
----------

White 4,2
----------
X O O     
X X O O   
  X X O   
X X X O   
    O O   
----------

Black 2,0
----------
X O O     
X X O O   
X X X O   
X X X O   
    O O   
----------

White 2,4
----------
X O O     
X X O O   
X X X O O 
X X X O   
    O O   
----------

Black 0,4
----------
X O O   X 
X X O O   
X X X O O 
X X X O   
    O O   
----------

White 1,4
----------
X O O   X 
X X O O O 
X X X O O 
X X X O   
    O O   
----------

Black PASS
----------
X O O   X 
X X O O O 
X X X O O 
X X X O   
    O O   
----------

White 0,3
----------
X O O O   
X X O O O 
X X X O O 
X X X O   
    O O   
----------

Black PASS
----------
X O O O   
X X O O O 
X X X O O 
X X X O   
    O O   
----------

White 4,4
----------
X O O O   
X X O O O 
X X X O O 
X X X O   
    O O O 
----------

Game end.
The winner is O
ta time: 385.27
student time: 66.31
Black(You) lose.
