Thu Oct 29 22:42:18 PDT 2020

==Playing with qlearning_player==
=====Round 1=====
Black:TA White:You
Thu Oct 29 22:42:18 PDT 2020
Clean up...
Start Playing...
Black 1,2
----------
          
    X     
          
          
          
----------

White 2,1
----------
          
    X     
  O       
          
          
----------

Black 2,2
----------
          
    X     
  O X     
          
          
----------

White 3,1
----------
          
    X     
  O X     
  O       
          
----------

Black 0,0
----------
X         
    X     
  O X     
  O       
          
----------

White 1,1
----------
X         
  O X     
  O X     
  O       
          
----------

Black 0,1
----------
X X       
  O X     
  O X     
  O       
          
----------

White 1,0
----------
X X       
O O X     
  O X     
  O       
          
----------

Black 2,3
----------
X X       
O O X     
  O X X   
  O       
          
----------

White 0,2
----------
    O     
O O X     
  O X X   
  O       
          
----------

Black 3,2
----------
    O     
O O X     
  O X X   
  O X     
          
----------

White 0,3
----------
    O O   
O O X     
  O X X   
  O X     
          
----------

Black 2,0
----------
    O O   
O O X     
X O X X   
  O X     
          
----------

White 3,0
----------
    O O   
O O X     
  O X X   
O O X     
          
----------

Black 2,4
----------
    O O   
O O X     
  O X X X 
O O X     
          
----------

White 1,3
----------
    O O   
O O X O   
  O X X X 
O O X     
          
----------

Black 3,3
----------
    O O   
O O X O   
  O X X X 
O O X X   
          
----------

White 4,1
----------
    O O   
O O X O   
  O X X X 
O O X X   
  O       
----------

Black 4,2
----------
    O O   
O O X O   
  O X X X 
O O X X   
  O X     
----------

White 0,0
----------
O   O O   
O O X O   
  O X X X 
O O X X   
  O X     
----------

Black 1,4
----------
O   O O   
O O X O X 
  O X X X 
O O X X   
  O X     
----------

White 0,1
----------
O O O O   
O O X O X 
  O X X X 
O O X X   
  O X     
----------

Black 3,4
----------
O O O O   
O O X O X 
  O X X X 
O O X X X 
  O X     
----------

White 0,4
----------
O O O O O 
O O X O X 
  O X X X 
O O X X X 
  O X     
----------

Game end.
The winner is O
ta time: 3.75
student time: 3.19
White(You) win!
=====Round 2=====
Black:You White:TA
Thu Oct 29 22:42:37 PDT 2020
Clean up...
Start Playing...
Black 2,2
----------
          
          
    X     
          
          
----------

White 2,1
----------
          
          
  O X     
          
          
----------

Black 1,2
----------
          
    X     
  O X     
          
          
----------

White 3,2
----------
          
    X     
  O X     
    O     
          
----------

Black 1,1
----------
          
  X X     
  O X     
    O     
          
----------

White 2,3
----------
          
  X X     
  O X O   
    O     
          
----------

Black 3,1
----------
          
  X X     
  O X O   
  X O     
          
----------

White 0,2
----------
    O     
  X X     
  O X O   
  X O     
          
----------

Black 2,0
----------
    O     
  X X     
X   X O   
  X O     
          
----------

White 3,3
----------
    O     
  X X     
X   X O   
  X O O   
          
----------

Black 0,1
----------
  X O     
  X X     
X   X O   
  X O O   
          
----------

White 1,3
----------
  X O     
  X X O   
X   X O   
  X O O   
          
----------

Black 4,1
----------
  X O     
  X X O   
X   X O   
  X O O   
  X       
----------

White 4,2
----------
  X O     
  X X O   
X   X O   
  X O O   
  X O     
----------

Black 2,1
----------
  X O     
  X X O   
X X X O   
  X O O   
  X O     
----------

White 2,4
----------
  X O     
  X X O   
X X X O O 
  X O O   
  X O     
----------

Black 0,0
----------
X X O     
  X X O   
X X X O O 
  X O O   
  X O     
----------

White 1,4
----------
X X O     
  X X O O 
X X X O O 
  X O O   
  X O     
----------

Black 1,0
----------
X X O     
X X X O O 
X X X O O 
  X O O   
  X O     
----------

White 3,0
----------
X X O     
X X X O O 
X X X O O 
O X O O   
  X O     
----------

Black 4,0
----------
X X O     
X X X O O 
X X X O O 
  X O O   
X X O     
----------

White 3,0
----------
    O     
      O O 
      O O 
O   O O   
    O     
----------

Black PASS
----------
    O     
      O O 
      O O 
O   O O   
    O     
----------

White 2,2
----------
    O     
      O O 
    O O O 
O   O O   
    O     
----------

Game end.
The winner is O
ta time: 7.44
student time: 6.57
Black(You) lose.
=====Round 3=====
Black:TA White:You
Thu Oct 29 22:42:56 PDT 2020
Clean up...
Start Playing...
Black 1,2
----------
          
    X     
          
          
          
----------

White 2,1
----------
          
    X     
  O       
          
          
----------

Black 2,2
----------
          
    X     
  O X     
          
          
----------

White 3,1
----------
          
    X     
  O X     
  O       
          
----------

Black 0,0
----------
X         
    X     
  O X     
  O       
          
----------

White 1,1
----------
X         
  O X     
  O X     
  O       
          
----------

Black 0,1
----------
X X       
  O X     
  O X     
  O       
          
----------

White 1,0
----------
X X       
O O X     
  O X     
  O       
          
----------

Black 2,3
----------
X X       
O O X     
  O X X   
  O       
          
----------

White 0,2
----------
    O     
O O X     
  O X X   
  O       
          
----------

Black 3,2
----------
    O     
O O X     
  O X X   
  O X     
          
----------

White 0,3
----------
    O O   
O O X     
  O X X   
  O X     
          
----------

Black 2,0
----------
    O O   
O O X     
X O X X   
  O X     
          
----------

White 3,0
----------
    O O   
O O X     
  O X X   
O O X     
          
----------

Black 3,3
----------
    O O   
O O X     
  O X X   
O O X X   
          
----------

White 1,3
----------
    O O   
O O X O   
  O X X   
O O X X   
          
----------

Black 2,4
----------
    O O   
O O X O   
  O X X X 
O O X X   
          
----------

White 4,1
----------
    O O   
O O X O   
  O X X X 
O O X X   
  O       
----------

Black 4,2
----------
    O O   
O O X O   
  O X X X 
O O X X   
  O X     
----------

White 0,0
----------
O   O O   
O O X O   
  O X X X 
O O X X   
  O X     
----------

Black 3,4
----------
O   O O   
O O X O   
  O X X X 
O O X X X 
  O X     
----------

White 0,1
----------
O O O O   
O O X O   
  O X X X 
O O X X X 
  O X     
----------

Black 1,4
----------
O O O O   
O O X O X 
  O X X X 
O O X X X 
  O X     
----------

White 0,4
----------
O O O O O 
O O X O X 
  O X X X 
O O X X X 
  O X     
----------

Game end.
The winner is O
ta time: 11.22
student time: 9.93
White(You) win!
=====Round 4=====
Black:You White:TA
Thu Oct 29 22:43:17 PDT 2020
Clean up...
Start Playing...
Black 2,2
----------
          
          
    X     
          
          
----------

White 2,1
----------
          
          
  O X     
          
          
----------

Black 1,2
----------
          
    X     
  O X     
          
          
----------

White 3,2
----------
          
    X     
  O X     
    O     
          
----------

Black 1,1
----------
          
  X X     
  O X     
    O     
          
----------

White 2,3
----------
          
  X X     
  O X O   
    O     
          
----------

Black 3,1
----------
          
  X X     
  O X O   
  X O     
          
----------

White 4,2
----------
          
  X X     
  O X O   
  X O     
    O     
----------

Black 2,0
----------
          
  X X     
X   X O   
  X O     
    O     
----------

White 0,2
----------
    O     
  X X     
X   X O   
  X O     
    O     
----------

Black 0,1
----------
  X O     
  X X     
X   X O   
  X O     
    O     
----------

White 1,3
----------
  X O     
  X X O   
X   X O   
  X O     
    O     
----------

Black 2,1
----------
  X O     
  X X O   
X X X O   
  X O     
    O     
----------

White 3,3
----------
  X O     
  X X O   
X X X O   
  X O O   
    O     
----------

Black 3,0
----------
  X O     
  X X O   
X X X O   
X X O O   
    O     
----------

White 2,4
----------
  X O     
  X X O   
X X X O O 
X X O O   
    O     
----------

Black 0,0
----------
X X O     
  X X O   
X X X O O 
X X O O   
    O     
----------

White 1,4
----------
X X O     
  X X O O 
X X X O O 
X X O O   
    O     
----------

Black 1,0
----------
X X O     
X X X O O 
X X X O O 
X X O O   
    O     
----------

White 3,4
----------
X X O     
X X X O O 
X X X O O 
X X O O O 
    O     
----------

Black 0,3
----------
X X   X   
X X X O O 
X X X O O 
X X O O O 
    O     
----------

White 4,1
----------
X X   X   
X X X O O 
X X X O O 
X X O O O 
  O O     
----------

Black 0,2
----------
X X X X   
X X X O O 
X X X O O 
X X O O O 
  O O     
----------

White 4,4
----------
X X X X   
X X X O O 
X X X O O 
X X O O O 
  O O   O 
----------

Game end.
The winner is O
ta time: 14.87
student time: 13.46
Black(You) lose.
=====Round 5=====
Black:TA White:You
Thu Oct 29 22:43:38 PDT 2020
Clean up...
Start Playing...
Black 1,2
----------
          
    X     
          
          
          
----------

White 2,1
----------
          
    X     
  O       
          
          
----------

Black 2,2
----------
          
    X     
  O X     
          
          
----------

White 3,1
----------
          
    X     
  O X     
  O       
          
----------

Black 0,0
----------
X         
    X     
  O X     
  O       
          
----------

White 1,1
----------
X         
  O X     
  O X     
  O       
          
----------

Black 0,1
----------
X X       
  O X     
  O X     
  O       
          
----------

White 1,0
----------
X X       
O O X     
  O X     
  O       
          
----------

Black 3,2
----------
X X       
O O X     
  O X     
  O X     
          
----------

White 0,2
----------
    O     
O O X     
  O X     
  O X     
          
----------

Black 2,3
----------
    O     
O O X     
  O X X   
  O X     
          
----------

White 0,3
----------
    O O   
O O X     
  O X X   
  O X     
          
----------

Black 4,2
----------
    O O   
O O X     
  O X X   
  O X     
    X     
----------

White 1,3
----------
    O O   
O O X O   
  O X X   
  O X     
    X     
----------

Black 2,0
----------
    O O   
O O X O   
X O X X   
  O X     
    X     
----------

White 3,0
----------
    O O   
O O X O   
  O X X   
O O X     
    X     
----------

Black 3,3
----------
    O O   
O O X O   
  O X X   
O O X X   
    X     
----------

White 1,4
----------
    O O   
O O X O O 
  O X X   
O O X X   
    X     
----------

Black 2,4
----------
    O O   
O O X O O 
  O X X X 
O O X X   
    X     
----------

White 0,0
----------
O   O O   
O O X O O 
  O X X X 
O O X X   
    X     
----------

Black 4,1
----------
O   O O   
O O X O O 
  O X X X 
O O X X   
  X X     
----------

White 0,1
----------
O O O O   
O O X O O 
  O X X X 
O O X X   
  X X     
----------

Black 3,4
----------
O O O O   
O O X O O 
  O X X X 
O O X X X 
  X X     
----------

White 0,4
----------
O O O O O 
O O X O O 
  O X X X 
O O X X X 
  X X     
----------

Game end.
The winner is O
ta time: 18.67
student time: 16.77
White(You) win!
=====Round 6=====
Black:You White:TA
Thu Oct 29 22:43:58 PDT 2020
Clean up...
Start Playing...
Black 2,2
----------
          
          
    X     
          
          
----------

White 2,1
----------
          
          
  O X     
          
          
----------

Black 1,2
----------
          
    X     
  O X     
          
          
----------

White 3,2
----------
          
    X     
  O X     
    O     
          
----------

Black 1,1
----------
          
  X X     
  O X     
    O     
          
----------

White 2,3
----------
          
  X X     
  O X O   
    O     
          
----------

Black 3,1
----------
          
  X X     
  O X O   
  X O     
          
----------

White 3,3
----------
          
  X X     
  O X O   
  X O O   
          
----------

Black 2,0
----------
          
  X X     
X   X O   
  X O O   
          
----------

White 4,2
----------
          
  X X     
X   X O   
  X O O   
    O     
----------

Black 1,3
----------
          
  X X X   
X   X O   
  X O O   
    O     
----------

White 0,2
----------
    O     
  X X X   
X   X O   
  X O O   
    O     
----------

Black 0,1
----------
  X O     
  X X X   
X   X O   
  X O O   
    O     
----------

White 2,4
----------
  X O     
  X X X   
X   X O O 
  X O O   
    O     
----------

Black 0,3
----------
  X   X   
  X X X   
X   X O O 
  X O O   
    O     
----------

White 4,1
----------
  X   X   
  X X X   
X   X O O 
  X O O   
  O O     
----------

Black 2,1
----------
  X   X   
  X X X   
X X X O O 
  X O O   
  O O     
----------

White 1,0
----------
  X   X   
O X X X   
X X X O O 
  X O O   
  O O     
----------

Black 0,0
----------
X X   X   
  X X X   
X X X O O 
  X O O   
  O O     
----------

White 4,3
----------
X X   X   
  X X X   
X X X O O 
  X O O   
  O O O   
----------

Black 3,0
----------
X X   X   
  X X X   
X X X O O 
X X O O   
  O O O   
----------

White 1,4
----------
X X   X   
  X X X O 
X X X O O 
X X O O   
  O O O   
----------

Black 0,2
----------
X X X X   
  X X X O 
X X X O O 
X X O O   
  O O O   
----------

White 3,4
----------
X X X X   
  X X X O 
X X X O O 
X X O O O 
  O O O   
----------

Game end.
The winner is X
ta time: 22.25
student time: 20.09
Black(You) win!
=====Round 7=====
Black:TA White:You
Thu Oct 29 22:44:20 PDT 2020
Clean up...
Start Playing...
Black 1,2
----------
          
    X     
          
          
          
----------

White 2,1
----------
          
    X     
  O       
          
          
----------

Black 2,2
----------
          
    X     
  O X     
          
          
----------

White 3,1
----------
          
    X     
  O X     
  O       
          
----------

Black 0,0
----------
X         
    X     
  O X     
  O       
          
----------

White 1,1
----------
X         
  O X     
  O X     
  O       
          
----------

Black 0,1
----------
X X       
  O X     
  O X     
  O       
          
----------

White 1,0
----------
X X       
O O X     
  O X     
  O       
          
----------

Black 2,3
----------
X X       
O O X     
  O X X   
  O       
          
----------

White 0,2
----------
    O     
O O X     
  O X X   
  O       
          
----------

Black 3,2
----------
    O     
O O X     
  O X X   
  O X     
          
----------

White 0,3
----------
    O O   
O O X     
  O X X   
  O X     
          
----------

Black 1,3
----------
    O O   
O O X X   
  O X X   
  O X     
          
----------

White 4,1
----------
    O O   
O O X X   
  O X X   
  O X     
  O       
----------

Black 2,0
----------
    O O   
O O X X   
X O X X   
  O X     
  O       
----------

White 3,0
----------
    O O   
O O X X   
  O X X   
O O X     
  O       
----------

Black 3,3
----------
    O O   
O O X X   
  O X X   
O O X X   
  O       
----------

White 0,4
----------
    O O O 
O O X X   
  O X X   
O O X X   
  O       
----------

Black 2,4
----------
    O O O 
O O X X   
  O X X X 
O O X X   
  O       
----------

White 4,2
----------
    O O O 
O O X X   
  O X X X 
O O X X   
  O O     
----------

Black 0,1
----------
  X O O O 
O O X X   
  O X X X 
O O X X   
  O O     
----------

White 0,0
----------
O   O O O 
O O X X   
  O X X X 
O O X X   
  O O     
----------

Black 1,4
----------
O   O O O 
O O X X X 
  O X X X 
O O X X   
  O O     
----------

White 4,3
----------
O   O O O 
O O X X X 
  O X X X 
O O X X   
  O O O   
----------

Game end.
The winner is O
ta time: 26.19
student time: 23.23
White(You) win!
=====Round 8=====
Black:You White:TA
Thu Oct 29 22:44:40 PDT 2020
Clean up...
Start Playing...
Black 2,2
----------
          
          
    X     
          
          
----------

White 2,1
----------
          
          
  O X     
          
          
----------

Black 1,2
----------
          
    X     
  O X     
          
          
----------

White 3,2
----------
          
    X     
  O X     
    O     
          
----------

Black 1,1
----------
          
  X X     
  O X     
    O     
          
----------

White 2,3
----------
          
  X X     
  O X O   
    O     
          
----------

Black 3,1
----------
          
  X X     
  O X O   
  X O     
          
----------

White 2,4
----------
          
  X X     
  O X O O 
  X O     
          
----------

Black 2,0
----------
          
  X X     
X   X O O 
  X O     
          
----------

White 4,2
----------
          
  X X     
X   X O O 
  X O     
    O     
----------

Black 1,3
----------
          
  X X X   
X   X O O 
  X O     
    O     
----------

White 3,3
----------
          
  X X X   
X   X O O 
  X O O   
    O     
----------

Black 0,1
----------
  X       
  X X X   
X   X O O 
  X O O   
    O     
----------

White 0,2
----------
  X O     
  X X X   
X   X O O 
  X O O   
    O     
----------

Black 0,3
----------
  X   X   
  X X X   
X   X O O 
  X O O   
    O     
----------

White 3,4
----------
  X   X   
  X X X   
X   X O O 
  X O O O 
    O     
----------

Black 2,1
----------
  X   X   
  X X X   
X X X O O 
  X O O O 
    O     
----------

White 4,3
----------
  X   X   
  X X X   
X X X O O 
  X O O O 
    O O   
----------

Black 3,0
----------
  X   X   
  X X X   
X X X O O 
X X O O O 
    O O   
----------

White 1,0
----------
  X   X   
O X X X   
X X X O O 
X X O O O 
    O O   
----------

Black 0,0
----------
X X   X   
  X X X   
X X X O O 
X X O O O 
    O O   
----------

White 4,1
----------
X X   X   
  X X X   
X X X O O 
X X O O O 
  O O O   
----------

Black 0,2
----------
X X X X   
  X X X   
X X X O O 
X X O O O 
  O O O   
----------

White 1,4
----------
X X X X   
  X X X O 
X X X O O 
X X O O O 
  O O O   
----------

Game end.
The winner is X
ta time: 29.89
student time: 26.57
Black(You) win!
=====Round 9=====
Black:TA White:You
Thu Oct 29 22:44:59 PDT 2020
Clean up...
Start Playing...
Black 1,2
----------
          
    X     
          
          
          
----------

White 2,1
----------
          
    X     
  O       
          
          
----------

Black 2,2
----------
          
    X     
  O X     
          
          
----------

White 3,1
----------
          
    X     
  O X     
  O       
          
----------

Black 0,0
----------
X         
    X     
  O X     
  O       
          
----------

White 1,1
----------
X         
  O X     
  O X     
  O       
          
----------

Black 0,1
----------
X X       
  O X     
  O X     
  O       
          
----------

White 1,0
----------
X X       
O O X     
  O X     
  O       
          
----------

Black 2,3
----------
X X       
O O X     
  O X X   
  O       
          
----------

White 0,2
----------
    O     
O O X     
  O X X   
  O       
          
----------

Black 3,2
----------
    O     
O O X     
  O X X   
  O X     
          
----------

White 0,3
----------
    O O   
O O X     
  O X X   
  O X     
          
----------

Black 4,2
----------
    O O   
O O X     
  O X X   
  O X     
    X     
----------

White 1,3
----------
    O O   
O O X O   
  O X X   
  O X     
    X     
----------

Black 3,3
----------
    O O   
O O X O   
  O X X   
  O X X   
    X     
----------

White 1,4
----------
    O O   
O O X O O 
  O X X   
  O X X   
    X     
----------

Black 2,4
----------
    O O   
O O X O O 
  O X X X 
  O X X   
    X     
----------

White 3,0
----------
    O O   
O O X O O 
  O X X X 
O O X X   
    X     
----------

Black 4,1
----------
    O O   
O O X O O 
  O X X X 
O O X X   
  X X     
----------

White 0,0
----------
O   O O   
O O X O O 
  O X X X 
O O X X   
  X X     
----------

Black 3,4
----------
O   O O   
O O X O O 
  O X X X 
O O X X X 
  X X     
----------

White 0,1
----------
O O O O   
O O X O O 
  O X X X 
O O X X X 
  X X     
----------

Black 4,3
----------
O O O O   
O O X O O 
  O X X X 
O O X X X 
  X X X   
----------

White 4,0
----------
O O O O   
O O X O O 
  O X X X 
O O X X X 
O X X X   
----------

Game end.
The winner is O
ta time: 33.95
student time: 30.17
White(You) win!
=====Round 10=====
Black:You White:TA
Thu Oct 29 22:45:17 PDT 2020
Clean up...
Start Playing...
Black 2,2
----------
          
          
    X     
          
          
----------

White 2,1
----------
          
          
  O X     
          
          
----------

Black 1,2
----------
          
    X     
  O X     
          
          
----------

White 3,2
----------
          
    X     
  O X     
    O     
          
----------

Black 1,1
----------
          
  X X     
  O X     
    O     
          
----------

White 2,3
----------
          
  X X     
  O X O   
    O     
          
----------

Black 3,1
----------
          
  X X     
  O X O   
  X O     
          
----------

White 1,3
----------
          
  X X O   
  O X O   
  X O     
          
----------

Black 2,0
----------
          
  X X O   
X   X O   
  X O     
          
----------

White 3,3
----------
          
  X X O   
X   X O   
  X O O   
          
----------

Black 4,1
----------
          
  X X O   
X   X O   
  X O O   
  X       
----------

White 4,2
----------
          
  X X O   
X   X O   
  X O O   
  X O     
----------

Black 0,1
----------
  X       
  X X O   
X   X O   
  X O O   
  X O     
----------

White 2,4
----------
  X       
  X X O   
X   X O O 
  X O O   
  X O     
----------

Black 0,2
----------
  X X     
  X X O   
X   X O O 
  X O O   
  X O     
----------

White 3,0
----------
  X X     
  X X O   
X   X O O 
O X O O   
  X O     
----------

Black 0,3
----------
  X X X   
  X X O   
X   X O O 
O X O O   
  X O     
----------

White 1,4
----------
  X X X   
  X X O O 
X   X O O 
O X O O   
  X O     
----------

Black 2,1
----------
  X X X   
  X X O O 
X X X O O 
O X O O   
  X O     
----------

White 3,4
----------
  X X X   
  X X O O 
X X X O O 
O X O O O 
  X O     
----------

Black 4,0
----------
  X X X   
  X X O O 
X X X O O 
  X O O O 
X X O     
----------

White 1,0
----------
  X X X   
O X X O O 
X X X O O 
  X O O O 
X X O     
----------

Black 0,0
----------
X X X X   
  X X O O 
X X X O O 
  X O O O 
X X O     
----------

White 4,3
----------
X X X X   
  X X O O 
X X X O O 
  X O O O 
X X O O   
----------

Game end.
The winner is X
ta time: 37.69
student time: 33.65
Black(You) win!

==Playing with championship_player==
=====Round 1=====
Black:TA White:You
Thu Oct 29 22:45:35 PDT 2020
Clean up...
Start Playing...
Black 2,2
----------
          
          
    X     
          
          
----------

White 0,2
----------
    O     
          
    X     
          
          
----------

Black 1,1
----------
    O     
  X       
    X     
          
          
----------

White 0,3
----------
    O O   
  X       
    X     
          
          
----------

Black 1,3
----------
    O O   
  X   X   
    X     
          
          
----------

White 1,2
----------
    O O   
  X O X   
    X     
          
          
----------

Black 0,1
----------
  X O O   
  X O X   
    X     
          
          
----------

White 2,3
----------
  X O O   
  X O X   
    X O   
          
          
----------

Black 0,4
----------
  X     X 
  X   X   
    X O   
          
          
----------

White 3,3
----------
  X     X 
  X   X   
    X O   
      O   
          
----------

Black 3,2
----------
  X     X 
  X   X   
    X O   
    X O   
          
----------

White 4,3
----------
  X     X 
  X   X   
    X O   
    X O   
      O   
----------

Black 1,4
----------
  X     X 
  X   X X 
    X O   
    X O   
      O   
----------

White 4,2
----------
  X     X 
  X   X X 
    X O   
    X O   
    O O   
----------

Black 3,1
----------
  X     X 
  X   X X 
    X O   
  X X O   
    O O   
----------

White 4,1
----------
  X     X 
  X   X X 
    X O   
  X X O   
  O O O   
----------

Black 2,4
----------
  X     X 
  X   X X 
    X O X 
  X X O   
  O O O   
----------

White 4,0
----------
  X     X 
  X   X X 
    X O X 
  X X O   
O O O O   
----------

Black 3,0
----------
  X     X 
  X   X X 
    X O X 
X X X O   
O O O O   
----------

White 0,2
----------
  X O   X 
  X   X X 
    X O X 
X X X O   
O O O O   
----------

Black 3,4
----------
  X O   X 
  X   X X 
    X O X 
X X X O X 
O O O O   
----------

White 1,0
----------
  X O   X 
O X   X X 
    X O X 
X X X O X 
O O O O   
----------

Black 2,1
----------
  X O   X 
O X   X X 
  X X O X 
X X X O X 
O O O O   
----------

White PASS
----------
  X O   X 
O X   X X 
  X X O X 
X X X O X 
O O O O   
----------

Game end.
The winner is X
ta time: 65.26
student time: 36.85
White(You) lose.
=====Round 2=====
Black:You White:TA
Thu Oct 29 22:46:07 PDT 2020
Clean up...
Start Playing...
Black 2,2
----------
          
          
    X     
          
          
----------

White 3,2
----------
          
          
    X     
    O     
          
----------

Black 1,2
----------
          
    X     
    X     
    O     
          
----------

White 3,3
----------
          
    X     
    X     
    O O   
          
----------

Black 1,1
----------
          
  X X     
    X     
    O O   
          
----------

White 3,1
----------
          
  X X     
    X     
  O O O   
          
----------

Black 1,3
----------
          
  X X X   
    X     
  O O O   
          
----------

White 2,0
----------
          
  X X X   
O   X     
  O O O   
          
----------

Black 1,4
----------
          
  X X X X 
O   X     
  O O O   
          
----------

White 2,1
----------
          
  X X X X 
O O X     
  O O O   
          
----------

Black 2,3
----------
          
  X X X X 
O O X X   
  O O O   
          
----------

White 3,4
----------
          
  X X X X 
O O X X   
  O O O O 
          
----------

Black 0,1
----------
  X       
  X X X X 
O O X X   
  O O O O 
          
----------

White 4,2
----------
  X       
  X X X X 
O O X X   
  O O O O 
    O     
----------

Black 0,0
----------
X X       
  X X X X 
O O X X   
  O O O O 
    O     
----------

White 4,1
----------
X X       
  X X X X 
O O X X   
  O O O O 
  O O     
----------

Black 0,2
----------
X X X     
  X X X X 
O O X X   
  O O O O 
  O O     
----------

White 1,0
----------
X X X     
O X X X X 
O O X X   
  O O O O 
  O O     
----------

Black 0,3
----------
X X X X   
O X X X X 
O O X X   
  O O O O 
  O O     
----------

White 4,3
----------
X X X X   
O X X X X 
O O X X   
  O O O O 
  O O O   
----------

Black PASS
----------
X X X X   
O X X X X 
O O X X   
  O O O O 
  O O O   
----------

White 4,0
----------
X X X X   
O X X X X 
O O X X   
  O O O O 
O O O O   
----------

Black PASS
----------
X X X X   
O X X X X 
O O X X   
  O O O O 
O O O O   
----------

White 2,4
----------
X X X X   
O X X X X 
O O X X O 
  O O O O 
O O O O   
----------

Game end.
The winner is O
ta time: 101.22
student time: 40.17
Black(You) lose.
=====Round 3=====
Black:TA White:You
Thu Oct 29 22:46:49 PDT 2020
Clean up...
Start Playing...
Black 2,2
----------
          
          
    X     
          
          
----------

White 0,2
----------
    O     
          
    X     
          
          
----------

Black 1,3
----------
    O     
      X   
    X     
          
          
----------

White 0,1
----------
  O O     
      X   
    X     
          
          
----------

Black 1,1
----------
  O O     
  X   X   
    X     
          
          
----------

White 1,2
----------
  O O     
  X O X   
    X     
          
          
----------

Black 0,3
----------
  O O X   
  X O X   
    X     
          
          
----------

White 2,1
----------
  O O X   
  X O X   
  O X     
          
          
----------

Black 0,0
----------
X     X   
  X   X   
  O X     
          
          
----------

White 3,1
----------
X     X   
  X   X   
  O X     
  O       
          
----------

Black 3,2
----------
X     X   
  X   X   
  O X     
  O X     
          
----------

White 4,1
----------
X     X   
  X   X   
  O X     
  O X     
  O       
----------

Black 1,0
----------
X     X   
X X   X   
  O X     
  O X     
  O       
----------

White 4,2
----------
X     X   
X X   X   
  O X     
  O X     
  O O     
----------

Black 3,3
----------
X     X   
X X   X   
  O X     
  O X X   
  O O     
----------

White 4,3
----------
X     X   
X X   X   
  O X     
  O X X   
  O O O   
----------

Black 2,0
----------
X     X   
X X   X   
X O X     
  O X X   
  O O O   
----------

White 4,4
----------
X     X   
X X   X   
X O X     
  O X X   
  O O O O 
----------

Black 3,4
----------
X     X   
X X   X   
X O X     
  O X X X 
  O O O O 
----------

White 0,2
----------
X   O X   
X X   X   
X O X     
  O X X X 
  O O O O 
----------

Black 0,1
----------
X X O X   
X X   X   
X O X     
  O X X X 
  O O O O 
----------

White 3,0
----------
X X O X   
X X   X   
X O X     
O O X X X 
  O O O O 
----------

Black 1,2
----------
X X   X   
X X X X   
X O X     
O O X X X 
  O O O O 
----------

White PASS
----------
X X   X   
X X X X   
X O X     
O O X X X 
  O O O O 
----------

Game end.
The winner is X
ta time: 129.98
student time: 43.06
White(You) lose.
=====Round 4=====
Black:You White:TA
Thu Oct 29 22:47:26 PDT 2020
Clean up...
Start Playing...
Black 2,2
----------
          
          
    X     
          
          
----------

White 2,3
----------
          
          
    X O   
          
          
----------

Black 1,2
----------
          
    X     
    X O   
          
          
----------

White 3,3
----------
          
    X     
    X O   
      O   
          
----------

Black 1,1
----------
          
  X X     
    X O   
      O   
          
----------

White 3,2
----------
          
  X X     
    X O   
    O O   
          
----------

Black 1,3
----------
          
  X X X   
    X O   
    O O   
          
----------

White 3,1
----------
          
  X X X   
    X O   
  O O O   
          
----------

Black 2,1
----------
          
  X X X   
  X X O   
  O O O   
          
----------

White 1,4
----------
          
  X X X O 
  X X O   
  O O O   
          
----------

Black 0,1
----------
  X       
  X X X O 
  X X O   
  O O O   
          
----------

White 2,4
----------
  X       
  X X X O 
  X X O O 
  O O O   
          
----------

Black 0,3
----------
  X   X   
  X X X O 
  X X O O 
  O O O   
          
----------

White 3,0
----------
  X   X   
  X X X O 
  X X O O 
O O O O   
          
----------

Black 0,0
----------
X X   X   
  X X X O 
  X X O O 
O O O O   
          
----------

White 2,0
----------
X X   X   
  X X X O 
O X X O O 
O O O O   
          
----------

Black 0,2
----------
X X X X   
  X X X O 
O X X O O 
O O O O   
          
----------

White 4,3
----------
X X X X   
  X X X O 
O X X O O 
O O O O   
      O   
----------

Black 4,1
----------
X X X X   
  X X X O 
O X X O O 
O O O O   
  X   O   
----------

White 4,0
----------
X X X X   
  X X X O 
O X X O O 
O O O O   
O X   O   
----------

Black PASS
----------
X X X X   
  X X X O 
O X X O O 
O O O O   
O X   O   
----------

White 1,0
----------
X X X X   
O X X X O 
O X X O O 
O O O O   
O X   O   
----------

Black PASS
----------
X X X X   
O X X X O 
O X X O O 
O O O O   
O X   O   
----------

White 0,4
----------
        O 
O       O 
O     O O 
O O O O   
O X   O   
----------

Game end.
The winner is O
ta time: 166.68
student time: 46.49
Black(You) lose.
=====Round 5=====
Black:TA White:You
Thu Oct 29 22:48:07 PDT 2020
Clean up...
Start Playing...
Black 2,2
----------
          
          
    X     
          
          
----------

White 0,2
----------
    O     
          
    X     
          
          
----------

Black 1,3
----------
    O     
      X   
    X     
          
          
----------

White 0,1
----------
  O O     
      X   
    X     
          
          
----------

Black 1,1
----------
  O O     
  X   X   
    X     
          
          
----------

White 1,2
----------
  O O     
  X O X   
    X     
          
          
----------

Black 0,3
----------
  O O X   
  X O X   
    X     
          
          
----------

White 2,1
----------
  O O X   
  X O X   
  O X     
          
          
----------

Black 0,0
----------
X     X   
  X   X   
  O X     
          
          
----------

White 3,1
----------
X     X   
  X   X   
  O X     
  O       
          
----------

Black 3,2
----------
X     X   
  X   X   
  O X     
  O X     
          
----------

White 4,1
----------
X     X   
  X   X   
  O X     
  O X     
  O       
----------

Black 1,0
----------
X     X   
X X   X   
  O X     
  O X     
  O       
----------

White 4,2
----------
X     X   
X X   X   
  O X     
  O X     
  O O     
----------

Black 3,3
----------
X     X   
X X   X   
  O X     
  O X X   
  O O     
----------

White 4,3
----------
X     X   
X X   X   
  O X     
  O X X   
  O O O   
----------

Black 2,0
----------
X     X   
X X   X   
X O X     
  O X X   
  O O O   
----------

White 4,4
----------
X     X   
X X   X   
X O X     
  O X X   
  O O O O 
----------

Black 3,4
----------
X     X   
X X   X   
X O X     
  O X X X 
  O O O O 
----------

White 0,2
----------
X   O X   
X X   X   
X O X     
  O X X X 
  O O O O 
----------

Black 1,2
----------
X   O X   
X X X X   
X O X     
  O X X X 
  O O O O 
----------

White 1,4
----------
X   O X   
X X X X O 
X O X     
  O X X X 
  O O O O 
----------

Black 0,4
----------
X   O X X 
X X X X O 
X O X     
  O X X X 
  O O O O 
----------

White PASS
----------
X   O X X 
X X X X O 
X O X     
  O X X X 
  O O O O 
----------

Game end.
The winner is X
ta time: 196.37
student time: 49.68
White(You) lose.
=====Round 6=====
Black:You White:TA
Thu Oct 29 22:48:41 PDT 2020
Clean up...
Start Playing...
Black 2,2
----------
          
          
    X     
          
          
----------

White 2,3
----------
          
          
    X O   
          
          
----------

Black 1,2
----------
          
    X     
    X O   
          
          
----------

White 3,3
----------
          
    X     
    X O   
      O   
          
----------

Black 1,1
----------
          
  X X     
    X O   
      O   
          
----------

White 3,2
----------
          
  X X     
    X O   
    O O   
          
----------

Black 1,3
----------
          
  X X X   
    X O   
    O O   
          
----------

White 3,1
----------
          
  X X X   
    X O   
  O O O   
          
----------

Black 2,1
----------
          
  X X X   
  X X O   
  O O O   
          
----------

White 2,0
----------
          
  X X X   
O X X O   
  O O O   
          
----------

Black 1,0
----------
          
X X X X   
O X X O   
  O O O   
          
----------

White 3,0
----------
          
X X X X   
O X X O   
O O O O   
          
----------

Black 1,4
----------
          
X X X X X 
O X X O   
O O O O   
          
----------

White 2,4
----------
          
X X X X X 
O X X O O 
O O O O   
          
----------

Black 0,0
----------
X         
X X X X X 
O X X O O 
O O O O   
          
----------

White 0,3
----------
X     O   
X X X X X 
O X X O O 
O O O O   
          
----------

Black 0,2
----------
X   X O   
X X X X X 
O X X O O 
O O O O   
          
----------

White 4,2
----------
X   X O   
X X X X X 
O X X O O 
O O O O   
    O     
----------

Black 4,4
----------
X   X O   
X X X X X 
O X X O O 
O O O O   
    O   X 
----------

White 3,4
----------
X   X O   
X X X X X 
O X X O O 
O O O O O 
    O   X 
----------

Black 0,4
----------
X   X   X 
X X X X X 
O X X O O 
O O O O O 
    O   X 
----------

White 4,3
----------
X   X   X 
X X X X X 
O X X O O 
O O O O O 
    O O   
----------

Black PASS
----------
X   X   X 
X X X X X 
O X X O O 
O O O O O 
    O O   
----------

White 4,0
----------
X   X   X 
X X X X X 
O X X O O 
O O O O O 
O   O O   
----------

Game end.
The winner is O
ta time: 229.07
student time: 52.99
Black(You) lose.
=====Round 7=====
Black:TA White:You
Thu Oct 29 22:49:18 PDT 2020
Clean up...
Start Playing...
Black 2,2
----------
          
          
    X     
          
          
----------

White 0,2
----------
    O     
          
    X     
          
          
----------

Black 1,1
----------
    O     
  X       
    X     
          
          
----------

White 0,3
----------
    O O   
  X       
    X     
          
          
----------

Black 1,3
----------
    O O   
  X   X   
    X     
          
          
----------

White 1,2
----------
    O O   
  X O X   
    X     
          
          
----------

Black 0,1
----------
  X O O   
  X O X   
    X     
          
          
----------

White 2,3
----------
  X O O   
  X O X   
    X O   
          
          
----------

Black 0,4
----------
  X     X 
  X   X   
    X O   
          
          
----------

White 3,3
----------
  X     X 
  X   X   
    X O   
      O   
          
----------

Black 3,2
----------
  X     X 
  X   X   
    X O   
    X O   
          
----------

White 4,3
----------
  X     X 
  X   X   
    X O   
    X O   
      O   
----------

Black 1,4
----------
  X     X 
  X   X X 
    X O   
    X O   
      O   
----------

White 4,2
----------
  X     X 
  X   X X 
    X O   
    X O   
    O O   
----------

Black 3,1
----------
  X     X 
  X   X X 
    X O   
  X X O   
    O O   
----------

White 4,1
----------
  X     X 
  X   X X 
    X O   
  X X O   
  O O O   
----------

Black 2,4
----------
  X     X 
  X   X X 
    X O X 
  X X O   
  O O O   
----------

White 4,0
----------
  X     X 
  X   X X 
    X O X 
  X X O   
O O O O   
----------

Black 3,0
----------
  X     X 
  X   X X 
    X O X 
X X X O   
O O O O   
----------

White 0,2
----------
  X O   X 
  X   X X 
    X O X 
X X X O   
O O O O   
----------

Black 3,4
----------
  X O   X 
  X   X X 
    X O X 
X X X O X 
O O O O   
----------

White 1,0
----------
  X O   X 
O X   X X 
    X O X 
X X X O X 
O O O O   
----------

Black 2,1
----------
  X O   X 
O X   X X 
  X X O X 
X X X O X 
O O O O   
----------

White PASS
----------
  X O   X 
O X   X X 
  X X O X 
X X X O X 
O O O O   
----------

Game end.
The winner is X
ta time: 257.23
student time: 55.99
White(You) lose.
=====Round 8=====
Black:You White:TA
Thu Oct 29 22:49:53 PDT 2020
Clean up...
Start Playing...
Black 2,2
----------
          
          
    X     
          
          
----------

White 1,2
----------
          
    O     
    X     
          
          
----------

Black 1,1
----------
          
  X O     
    X     
          
          
----------

White 1,3
----------
          
  X O O   
    X     
          
          
----------

Black 2,3
----------
          
  X O O   
    X X   
          
          
----------

White 2,1
----------
          
  X O O   
  O X X   
          
          
----------

Black 3,1
----------
          
  X O O   
  O X X   
  X       
          
----------

White 2,0
----------
          
  X O O   
O O X X   
  X       
          
----------

Black 1,0
----------
          
X X O O   
O O X X   
  X       
          
----------

White 2,4
----------
          
X X O O   
O O X X O 
  X       
          
----------

Black 3,0
----------
          
X X O O   
    X X O 
X X       
          
----------

White 3,3
----------
          
X X O O   
    X X O 
X X   O   
          
----------

Black 3,2
----------
          
X X O O   
    X X O 
X X X O   
          
----------

White 4,2
----------
          
X X O O   
    X X O 
X X X O   
    O     
----------

Black 4,1
----------
          
X X O O   
    X X O 
X X X O   
  X O     
----------

White 4,3
----------
          
X X O O   
    X X O 
X X X O   
  X O O   
----------

Black 0,1
----------
  X       
X X O O   
    X X O 
X X X O   
  X O O   
----------

White 1,4
----------
  X       
X X O O O 
    X X O 
X X X O   
  X O O   
----------

Black 0,2
----------
  X X     
X X O O O 
    X X O 
X X X O   
  X O O   
----------

White 0,3
----------
  X X O   
X X O O O 
    X X O 
X X X O   
  X O O   
----------

Black 2,1
----------
  X X O   
X X O O O 
  X X X O 
X X X O   
  X O O   
----------

White 3,4
----------
  X X O   
X X O O O 
  X X X O 
X X X O O 
  X O O   
----------

Black 0,0
----------
X X X O   
X X O O O 
  X X X O 
X X X O O 
  X O O   
----------

White 4,4
----------
X X X O   
X X O O O 
  X X X O 
X X X O O 
  X O O O 
----------

Game end.
The winner is O
ta time: 280.04
student time: 59.19
Black(You) lose.
=====Round 9=====
Black:TA White:You
Thu Oct 29 22:50:25 PDT 2020
Clean up...
Start Playing...
Black 2,2
----------
          
          
    X     
          
          
----------

White 0,2
----------
    O     
          
    X     
          
          
----------

Black 2,1
----------
    O     
          
  X X     
          
          
----------

White 1,2
----------
    O     
    O     
  X X     
          
          
----------

Black 2,3
----------
    O     
    O     
  X X X   
          
          
----------

White 1,1
----------
    O     
  O O     
  X X X   
          
          
----------

Black 2,0
----------
    O     
  O O     
X X X X   
          
          
----------

White 1,3
----------
    O     
  O O O   
X X X X   
          
          
----------

Black 2,4
----------
    O     
  O O O   
X X X X X 
          
          
----------

White 0,1
----------
  O O     
  O O O   
X X X X X 
          
          
----------

Black 1,0
----------
  O O     
X O O O   
X X X X X 
          
          
----------

White 0,3
----------
  O O O   
X O O O   
X X X X X 
          
          
----------

Black 1,4
----------
  O O O   
X O O O X 
X X X X X 
          
          
----------

White 3,1
----------
  O O O   
X O O O X 
X X X X X 
  O       
          
----------

Black 0,0
----------
X O O O   
X O O O X 
X X X X X 
  O       
          
----------

White 3,2
----------
X O O O   
X O O O X 
X X X X X 
  O O     
          
----------

Black 0,4
----------
X       X 
X       X 
X X X X X 
  O O     
          
----------

White 3,3
----------
X       X 
X       X 
X X X X X 
  O O O   
          
----------

Black 1,2
----------
X       X 
X   X   X 
X X X X X 
  O O O   
          
----------

White 3,0
----------
X       X 
X   X   X 
X X X X X 
O O O O   
          
----------

Black 4,4
----------
X       X 
X   X   X 
X X X X X 
O O O O   
        X 
----------

White 3,4
----------
X       X 
X   X   X 
X X X X X 
O O O O O 
        X 
----------

Black 0,2
----------
X   X   X 
X   X   X 
X X X X X 
O O O O O 
        X 
----------

White 4,3
----------
X   X   X 
X   X   X 
X X X X X 
O O O O O 
      O   
----------

Game end.
The winner is X
ta time: 319.3
student time: 62.89
White(You) lose.
=====Round 10=====
Black:You White:TA
Thu Oct 29 22:51:07 PDT 2020
Clean up...
Start Playing...
Black 2,2
----------
          
          
    X     
          
          
----------

White 2,3
----------
          
          
    X O   
          
          
----------

Black 1,2
----------
          
    X     
    X O   
          
          
----------

White 3,3
----------
          
    X     
    X O   
      O   
          
----------

Black 1,1
----------
          
  X X     
    X O   
      O   
          
----------

White 3,2
----------
          
  X X     
    X O   
    O O   
          
----------

Black 1,3
----------
          
  X X X   
    X O   
    O O   
          
----------

White 3,1
----------
          
  X X X   
    X O   
  O O O   
          
----------

Black 2,1
----------
          
  X X X   
  X X O   
  O O O   
          
----------

White 2,0
----------
          
  X X X   
O X X O   
  O O O   
          
----------

Black 1,0
----------
          
X X X X   
O X X O   
  O O O   
          
----------

White 3,0
----------
          
X X X X   
O X X O   
O O O O   
          
----------

Black 1,4
----------
          
X X X X X 
O X X O   
O O O O   
          
----------

White 2,4
----------
          
X X X X X 
O X X O O 
O O O O   
          
----------

Black 0,0
----------
X         
X X X X X 
O X X O O 
O O O O   
          
----------

White 0,2
----------
X   O     
X X X X X 
O X X O O 
O O O O   
          
----------

Black 0,1
----------
X X O     
X X X X X 
O X X O O 
O O O O   
          
----------

White 4,2
----------
X X O     
X X X X X 
O X X O O 
O O O O   
    O     
----------

Black 4,4
----------
X X O     
X X X X X 
O X X O O 
O O O O   
    O   X 
----------

White 4,0
----------
X X O     
X X X X X 
O X X O O 
O O O O   
O   O   X 
----------

Black 0,3
----------
X X   X   
X X X X X 
O X X O O 
O O O O   
O   O   X 
----------

White 4,3
----------
X X   X   
X X X X X 
O X X O O 
O O O O   
O   O O X 
----------

Black PASS
----------
X X   X   
X X X X X 
O X X O O 
O O O O   
O   O O X 
----------

White 3,4
----------
X X   X   
X X X X X 
O X X O O 
O O O O O 
O   O O   
----------

Game end.
The winner is O
ta time: 350.76
student time: 66.32
Black(You) lose.
