Wed Oct 28 02:20:45 PDT 2020

==Playing with qlearning_player==
=====Round 1=====
Black:TA White:You
Wed Oct 28 02:20:45 PDT 2020
Clean up...
Start Playing...
Black 1,2
----------
          
    X     
          
          
          
----------

White 2,1
----------
          
    X     
  O       
          
          
----------

Black 2,2
----------
          
    X     
  O X     
          
          
----------

White 3,1
----------
          
    X     
  O X     
  O       
          
----------

Black 0,0
----------
X         
    X     
  O X     
  O       
          
----------

White 0,1
----------
X O       
    X     
  O X     
  O       
          
----------

Black 3,2
----------
X O       
    X     
  O X     
  O X     
          
----------

White 1,0
----------
  O       
O   X     
  O X     
  O X     
          
----------

Black 0,2
----------
  O X     
O   X     
  O X     
  O X     
          
----------

White 4,1
----------
  O X     
O   X     
  O X     
  O X     
  O       
----------

Black 2,3
----------
  O X     
O   X     
  O X X   
  O X     
  O       
----------

White 4,2
----------
  O X     
O   X     
  O X X   
  O X     
  O O     
----------

Black 2,0
----------
  O X     
O   X     
X O X X   
  O X     
  O O     
----------

White 3,0
----------
  O X     
O   X     
  O X X   
O O X     
  O O     
----------

Black 2,4
----------
  O X     
O   X     
  O X X X 
O O X     
  O O     
----------

White 4,3
----------
  O X     
O   X     
  O X X X 
O O X     
  O O O   
----------

Black 3,3
----------
  O X     
O   X     
  O X X X 
O O X X   
  O O O   
----------

White 1,1
----------
  O X     
O O X     
  O X X X 
O O X X   
  O O O   
----------

Black 1,3
----------
  O X     
O O X X   
  O X X X 
O O X X   
  O O O   
----------

White 4,4
----------
  O X     
O O X X   
  O X X X 
O O X X   
  O O O O 
----------

Black 0,3
----------
  O X X   
O O X X   
  O X X X 
O O X X   
  O O O O 
----------

White 0,0
----------
O O X X   
O O X X   
  O X X X 
O O X X   
  O O O O 
----------

Black 1,4
----------
O O X X   
O O X X X 
  O X X X 
O O X X   
  O O O O 
----------

White 3,4
----------
O O X X   
O O X X X 
  O X X X 
O O X X O 
  O O O O 
----------

Game end.
The winner is O
ta time: 3.87
student time: 0.77
White(You) win!
=====Round 2=====
Black:You White:TA
Wed Oct 28 02:20:54 PDT 2020
Clean up...
Start Playing...
Black 2,2
----------
          
          
    X     
          
          
----------

White 2,1
----------
          
          
  O X     
          
          
----------

Black 1,2
----------
          
    X     
  O X     
          
          
----------

White 3,2
----------
          
    X     
  O X     
    O     
          
----------

Black 1,1
----------
          
  X X     
  O X     
    O     
          
----------

White 2,3
----------
          
  X X     
  O X O   
    O     
          
----------

Black 3,1
----------
          
  X X     
  O X O   
  X O     
          
----------

White 1,3
----------
          
  X X O   
  O X O   
  X O     
          
----------

Black 2,0
----------
          
  X X O   
X   X O   
  X O     
          
----------

White 2,4
----------
          
  X X O   
X   X O O 
  X O     
          
----------

Black 3,3
----------
          
  X X O   
X   X O O 
  X O X   
          
----------

White 0,2
----------
    O     
  X X O   
X   X O O 
  X O X   
          
----------

Black 4,2
----------
    O     
  X X O   
X   X O O 
  X   X   
    X     
----------

White 4,1
----------
    O     
  X X O   
X   X O O 
  X   X   
  O X     
----------

Black 0,1
----------
  X O     
  X X O   
X   X O O 
  X   X   
  O X     
----------

White 1,4
----------
  X O     
  X X O O 
X   X O O 
  X   X   
  O X     
----------

Black 2,1
----------
  X O     
  X X O O 
X X X O O 
  X   X   
  O X     
----------

White 0,3
----------
  X O O   
  X X O O 
X X X O O 
  X   X   
  O X     
----------

Black 3,4
----------
  X O O   
  X X O O 
X X X O O 
  X   X X 
  O X     
----------

White 3,0
----------
  X O O   
  X X O O 
X X X O O 
O X   X X 
  O X     
----------

Black 0,4
----------
  X     X 
  X X     
X X X     
O X   X X 
  O X     
----------

White 2,3
----------
  X     X 
  X X     
X X X O   
O X   X X 
  O X     
----------

Black 4,0
----------
  X     X 
  X X     
X X X O   
  X   X X 
X   X     
----------

White 1,3
----------
  X     X 
  X X O   
X X X O   
  X   X X 
X   X     
----------

Game end.
The winner is X
ta time: 7.54
student time: 1.51
Black(You) win!
=====Round 3=====
Black:TA White:You
Wed Oct 28 02:21:02 PDT 2020
Clean up...
Start Playing...
Black 1,2
----------
          
    X     
          
          
          
----------

White 2,1
----------
          
    X     
  O       
          
          
----------

Black 2,2
----------
          
    X     
  O X     
          
          
----------

White 3,1
----------
          
    X     
  O X     
  O       
          
----------

Black 0,0
----------
X         
    X     
  O X     
  O       
          
----------

White 0,1
----------
X O       
    X     
  O X     
  O       
          
----------

Black 3,2
----------
X O       
    X     
  O X     
  O X     
          
----------

White 1,0
----------
  O       
O   X     
  O X     
  O X     
          
----------

Black 0,2
----------
  O X     
O   X     
  O X     
  O X     
          
----------

White 4,1
----------
  O X     
O   X     
  O X     
  O X     
  O       
----------

Black 2,3
----------
  O X     
O   X     
  O X X   
  O X     
  O       
----------

White 4,2
----------
  O X     
O   X     
  O X X   
  O X     
  O O     
----------

Black 2,0
----------
  O X     
O   X     
X O X X   
  O X     
  O O     
----------

White 3,0
----------
  O X     
O   X     
  O X X   
O O X     
  O O     
----------

Black 2,4
----------
  O X     
O   X     
  O X X X 
O O X     
  O O     
----------

White 4,3
----------
  O X     
O   X     
  O X X X 
O O X     
  O O O   
----------

Black 1,3
----------
  O X     
O   X X   
  O X X X 
O O X     
  O O O   
----------

White 3,3
----------
  O X     
O   X X   
  O X X X 
O O X O   
  O O O   
----------

Black 1,1
----------
  O X     
O X X X   
  O X X X 
O O X O   
  O O O   
----------

White 2,0
----------
  O X     
O X X X   
O O X X X 
O O X O   
  O O O   
----------

Black 0,0
----------
X   X     
O X X X   
O O X X X 
O O X O   
  O O O   
----------

White 3,4
----------
X   X     
O X X X   
O O X X X 
O O X O O 
  O O O   
----------

Black 1,4
----------
X   X     
O X X X X 
O O X X X 
O O X O O 
  O O O   
----------

White 0,1
----------
  O X     
O X X X X 
O O X X X 
O O X O O 
  O O O   
----------

Game end.
The winner is O
ta time: 11.45
student time: 2.26
White(You) win!
=====Round 4=====
Black:You White:TA
Wed Oct 28 02:21:10 PDT 2020
Clean up...
Start Playing...
Black 2,2
----------
          
          
    X     
          
          
----------

White 2,1
----------
          
          
  O X     
          
          
----------

Black 1,2
----------
          
    X     
  O X     
          
          
----------

White 3,2
----------
          
    X     
  O X     
    O     
          
----------

Black 1,1
----------
          
  X X     
  O X     
    O     
          
----------

White 2,3
----------
          
  X X     
  O X O   
    O     
          
----------

Black 3,1
----------
          
  X X     
  O X O   
  X O     
          
----------

White 2,4
----------
          
  X X     
  O X O O 
  X O     
          
----------

Black 2,0
----------
          
  X X     
X   X O O 
  X O     
          
----------

White 4,2
----------
          
  X X     
X   X O O 
  X O     
    O     
----------

Black 1,3
----------
          
  X X X   
X   X O O 
  X O     
    O     
----------

White 0,2
----------
    O     
  X X X   
X   X O O 
  X O     
    O     
----------

Black 0,1
----------
  X O     
  X X X   
X   X O O 
  X O     
    O     
----------

White 3,3
----------
  X O     
  X X X   
X   X O O 
  X O O   
    O     
----------

Black 0,3
----------
  X   X   
  X X X   
X   X O O 
  X O O   
    O     
----------

White 1,4
----------
  X   X   
  X X X O 
X   X O O 
  X O O   
    O     
----------

Black 2,1
----------
  X   X   
  X X X O 
X X X O O 
  X O O   
    O     
----------

White 3,4
----------
  X   X   
  X X X O 
X X X O O 
  X O O O 
    O     
----------

Black 3,0
----------
  X   X   
  X X X O 
X X X O O 
X X O O O 
    O     
----------

White 4,1
----------
  X   X   
  X X X O 
X X X O O 
X X O O O 
  O O     
----------

Black 0,0
----------
X X   X   
  X X X O 
X X X O O 
X X O O O 
  O O     
----------

White 4,3
----------
X X   X   
  X X X O 
X X X O O 
X X O O O 
  O O O   
----------

Black 0,2
----------
X X X X   
  X X X O 
X X X O O 
X X O O O 
  O O O   
----------

White 4,4
----------
X X X X   
  X X X O 
X X X O O 
X X O O O 
  O O O O 
----------

Game end.
The winner is O
ta time: 15.27
student time: 3
Black(You) lose.
=====Round 5=====
Black:TA White:You
Wed Oct 28 02:21:17 PDT 2020
Clean up...
Start Playing...
Black 1,2
----------
          
    X     
          
          
          
----------

White 2,1
----------
          
    X     
  O       
          
          
----------

Black 2,2
----------
          
    X     
  O X     
          
          
----------

White 3,1
----------
          
    X     
  O X     
  O       
          
----------

Black 0,0
----------
X         
    X     
  O X     
  O       
          
----------

White 0,1
----------
X O       
    X     
  O X     
  O       
          
----------

Black 3,2
----------
X O       
    X     
  O X     
  O X     
          
----------

White 1,0
----------
  O       
O   X     
  O X     
  O X     
          
----------

Black 0,2
----------
  O X     
O   X     
  O X     
  O X     
          
----------

White 4,1
----------
  O X     
O   X     
  O X     
  O X     
  O       
----------

Black 2,3
----------
  O X     
O   X     
  O X X   
  O X     
  O       
----------

White 4,2
----------
  O X     
O   X     
  O X X   
  O X     
  O O     
----------

Black 2,0
----------
  O X     
O   X     
X O X X   
  O X     
  O O     
----------

White 3,0
----------
  O X     
O   X     
  O X X   
O O X     
  O O     
----------

Black 1,1
----------
  O X     
O X X     
  O X X   
O O X     
  O O     
----------

White 4,3
----------
  O X     
O X X     
  O X X   
O O X     
  O O O   
----------

Black 0,0
----------
X   X     
O X X     
  O X X   
O O X     
  O O O   
----------

White 3,3
----------
X   X     
O X X     
  O X X   
O O X O   
  O O O   
----------

Black 2,0
----------
X   X     
  X X     
X O X X   
O O X O   
  O O O   
----------

White 3,4
----------
X   X     
  X X     
X O X X   
O O X O O 
  O O O   
----------

Black 2,4
----------
X   X     
  X X     
X O X X X 
O O X O O 
  O O O   
----------

White 1,3
----------
X   X     
  X X O   
X O X X X 
O O X O O 
  O O O   
----------

Black 1,4
----------
X   X     
  X X O X 
X O X X X 
O O X O O 
  O O O   
----------

White 1,0
----------
X   X     
O X X O X 
  O X X X 
O O X O O 
  O O O   
----------

Game end.
The winner is O
ta time: 19.06
student time: 3.74
White(You) win!
=====Round 6=====
Black:You White:TA
Wed Oct 28 02:21:26 PDT 2020
Clean up...
Start Playing...
Black 2,2
----------
          
          
    X     
          
          
----------

White 2,1
----------
          
          
  O X     
          
          
----------

Black 1,2
----------
          
    X     
  O X     
          
          
----------

White 3,2
----------
          
    X     
  O X     
    O     
          
----------

Black 1,1
----------
          
  X X     
  O X     
    O     
          
----------

White 2,3
----------
          
  X X     
  O X O   
    O     
          
----------

Black 3,1
----------
          
  X X     
  O X O   
  X O     
          
----------

White 2,4
----------
          
  X X     
  O X O O 
  X O     
          
----------

Black 2,0
----------
          
  X X     
X   X O O 
  X O     
          
----------

White 3,3
----------
          
  X X     
X   X O O 
  X O O   
          
----------

Black 1,3
----------
          
  X X X   
X   X O O 
  X O O   
          
----------

White 0,2
----------
    O     
  X X X   
X   X O O 
  X O O   
          
----------

Black 0,1
----------
  X O     
  X X X   
X   X O O 
  X O O   
          
----------

White 4,2
----------
  X O     
  X X X   
X   X O O 
  X O O   
    O     
----------

Black 0,3
----------
  X   X   
  X X X   
X   X O O 
  X O O   
    O     
----------

White 3,0
----------
  X   X   
  X X X   
X   X O O 
O X O O   
    O     
----------

Black 2,1
----------
  X   X   
  X X X   
X X X O O 
O X O O   
    O     
----------

White 4,1
----------
  X   X   
  X X X   
X X X O O 
O X O O   
  O O     
----------

Black 0,0
----------
X X   X   
  X X X   
X X X O O 
O X O O   
  O O     
----------

White 3,4
----------
X X   X   
  X X X   
X X X O O 
O X O O O 
  O O     
----------

Black 0,2
----------
X X X X   
  X X X   
X X X O O 
O X O O O 
  O O     
----------

White 4,3
----------
X X X X   
  X X X   
X X X O O 
O X O O O 
  O O O   
----------

Black 0,4
----------
X X X X X 
  X X X   
X X X O O 
O X O O O 
  O O O   
----------

White 1,4
----------
X X X X X 
  X X X O 
X X X O O 
O X O O O 
  O O O   
----------

Game end.
The winner is O
ta time: 22.59
student time: 4.51
Black(You) lose.
=====Round 7=====
Black:TA White:You
Wed Oct 28 02:21:34 PDT 2020
Clean up...
Start Playing...
Black 1,2
----------
          
    X     
          
          
          
----------

White 2,1
----------
          
    X     
  O       
          
          
----------

Black 2,2
----------
          
    X     
  O X     
          
          
----------

White 3,1
----------
          
    X     
  O X     
  O       
          
----------

Black 0,0
----------
X         
    X     
  O X     
  O       
          
----------

White 0,1
----------
X O       
    X     
  O X     
  O       
          
----------

Black 3,2
----------
X O       
    X     
  O X     
  O X     
          
----------

White 1,0
----------
  O       
O   X     
  O X     
  O X     
          
----------

Black 0,2
----------
  O X     
O   X     
  O X     
  O X     
          
----------

White 4,1
----------
  O X     
O   X     
  O X     
  O X     
  O       
----------

Black 2,3
----------
  O X     
O   X     
  O X X   
  O X     
  O       
----------

White 4,2
----------
  O X     
O   X     
  O X X   
  O X     
  O O     
----------

Black 3,3
----------
  O X     
O   X     
  O X X   
  O X X   
  O O     
----------

White 4,3
----------
  O X     
O   X     
  O X X   
  O X X   
  O O O   
----------

Black 1,1
----------
  O X     
O X X     
  O X X   
  O X X   
  O O O   
----------

White 4,4
----------
  O X     
O X X     
  O X X   
  O X X   
  O O O O 
----------

Black 0,0
----------
X   X     
O X X     
  O X X   
  O X X   
  O O O O 
----------

White 3,4
----------
X   X     
O X X     
  O X X   
  O X X O 
  O O O O 
----------

Black 2,0
----------
X   X     
  X X     
X O X X   
  O X X O 
  O O O O 
----------

White 3,0
----------
X   X     
  X X     
X O X X   
O O X X O 
  O O O O 
----------

Black 2,4
----------
X   X     
  X X     
X O X X X 
O O X X O 
  O O O O 
----------

White 1,3
----------
X   X     
  X X O   
X O X X X 
O O X X O 
  O O O O 
----------

Black 4,0
----------
X   X     
  X X O   
X   X X X 
    X X   
X         
----------

White 4,1
----------
X   X     
  X X O   
X   X X X 
    X X   
X O       
----------

Game end.
The winner is X
ta time: 26.68
student time: 5.3
White(You) lose.
=====Round 8=====
Black:You White:TA
Wed Oct 28 02:21:42 PDT 2020
Clean up...
Start Playing...
Black 2,2
----------
          
          
    X     
          
          
----------

White 2,1
----------
          
          
  O X     
          
          
----------

Black 1,2
----------
          
    X     
  O X     
          
          
----------

White 3,2
----------
          
    X     
  O X     
    O     
          
----------

Black 1,1
----------
          
  X X     
  O X     
    O     
          
----------

White 2,3
----------
          
  X X     
  O X O   
    O     
          
----------

Black 3,1
----------
          
  X X     
  O X O   
  X O     
          
----------

White 3,3
----------
          
  X X     
  O X O   
  X O O   
          
----------

Black 2,0
----------
          
  X X     
X   X O   
  X O O   
          
----------

White 0,2
----------
    O     
  X X     
X   X O   
  X O O   
          
----------

Black 0,1
----------
  X O     
  X X     
X   X O   
  X O O   
          
----------

White 1,3
----------
  X O     
  X X O   
X   X O   
  X O O   
          
----------

Black 4,1
----------
  X O     
  X X O   
X   X O   
  X O O   
  X       
----------

White 2,4
----------
  X O     
  X X O   
X   X O O 
  X O O   
  X       
----------

Black 4,2
----------
  X O     
  X X O   
X   X O O 
  X O O   
  X X     
----------

White 3,4
----------
  X O     
  X X O   
X   X O O 
  X O O O 
  X X     
----------

Black 4,3
----------
  X O     
  X X O   
X   X O O 
  X O O O 
  X X X   
----------

White 3,0
----------
  X O     
  X X O   
X   X O O 
O X O O O 
  X X X   
----------

Black 4,0
----------
  X O     
  X X O   
X   X O O 
  X O O O 
X X X X   
----------

White 0,3
----------
  X O O   
  X X O   
X   X O O 
  X O O O 
X X X X   
----------

Black 2,1
----------
  X O O   
  X X O   
X X X O O 
  X O O O 
X X X X   
----------

White 1,4
----------
  X O O   
  X X O O 
X X X O O 
  X O O O 
X X X X   
----------

Black 4,4
----------
  X O O   
  X X O O 
X X X O O 
  X O O O 
X X X X X 
----------

White 1,0
----------
  X O O   
O X X O O 
X X X O O 
  X O O O 
X X X X X 
----------

Game end.
The winner is O
ta time: 30.33
student time: 5.94
Black(You) lose.
=====Round 9=====
Black:TA White:You
Wed Oct 28 02:21:50 PDT 2020
Clean up...
Start Playing...
Black 1,2
----------
          
    X     
          
          
          
----------

White 2,1
----------
          
    X     
  O       
          
          
----------

Black 2,2
----------
          
    X     
  O X     
          
          
----------

White 3,1
----------
          
    X     
  O X     
  O       
          
----------

Black 0,0
----------
X         
    X     
  O X     
  O       
          
----------

White 0,1
----------
X O       
    X     
  O X     
  O       
          
----------

Black 2,3
----------
X O       
    X     
  O X X   
  O       
          
----------

White 1,0
----------
  O       
O   X     
  O X X   
  O       
          
----------

Black 0,2
----------
  O X     
O   X     
  O X X   
  O       
          
----------

White 3,2
----------
  O X     
O   X     
  O X X   
  O O     
          
----------

Black 0,3
----------
  O X X   
O   X     
  O X X   
  O O     
          
----------

White 3,3
----------
  O X X   
O   X     
  O X X   
  O O O   
          
----------

Black 0,4
----------
  O X X X 
O   X     
  O X X   
  O O O   
          
----------

White 3,4
----------
  O X X X 
O   X     
  O X X   
  O O O O 
          
----------

Black 4,2
----------
  O X X X 
O   X     
  O X X   
  O O O O 
    X     
----------

White 4,1
----------
  O X X X 
O   X     
  O X X   
  O O O O 
  O X     
----------

Black 2,0
----------
  O X X X 
O   X     
X O X X   
  O O O O 
  O X     
----------

White 3,0
----------
  O X X X 
O   X     
  O X X   
O O O O O 
  O X     
----------

Black 1,3
----------
  O X X X 
O   X X   
  O X X   
O O O O O 
  O X     
----------

White 4,3
----------
  O X X X 
O   X X   
  O X X   
O O O O O 
  O   O   
----------

Black 2,4
----------
  O X X X 
O   X X   
  O X X X 
O O O O O 
  O   O   
----------

White 1,1
----------
  O X X X 
O O X X   
  O X X X 
O O O O O 
  O   O   
----------

Black PASS
----------
  O X X X 
O O X X   
  O X X X 
O O O O O 
  O   O   
----------

White 1,4
----------
  O       
O O     O 
  O       
O O O O O 
  O   O   
----------

Game end.
The winner is O
ta time: 34.13
student time: 6.68
White(You) win!
=====Round 10=====
Black:You White:TA
Wed Oct 28 02:21:58 PDT 2020
Clean up...
Start Playing...
Black 2,2
----------
          
          
    X     
          
          
----------

White 2,1
----------
          
          
  O X     
          
          
----------

Black 1,2
----------
          
    X     
  O X     
          
          
----------

White 3,2
----------
          
    X     
  O X     
    O     
          
----------

Black 1,1
----------
          
  X X     
  O X     
    O     
          
----------

White 2,3
----------
          
  X X     
  O X O   
    O     
          
----------

Black 3,1
----------
          
  X X     
  O X O   
  X O     
          
----------

White 0,2
----------
    O     
  X X     
  O X O   
  X O     
          
----------

Black 2,0
----------
    O     
  X X     
X   X O   
  X O     
          
----------

White 1,3
----------
    O     
  X X O   
X   X O   
  X O     
          
----------

Black 0,1
----------
  X O     
  X X O   
X   X O   
  X O     
          
----------

White 3,3
----------
  X O     
  X X O   
X   X O   
  X O O   
          
----------

Black 4,1
----------
  X O     
  X X O   
X   X O   
  X O O   
  X       
----------

White 2,4
----------
  X O     
  X X O   
X   X O O 
  X O O   
  X       
----------

Black 4,2
----------
  X O     
  X X O   
X   X O O 
  X O O   
  X X     
----------

White 3,0
----------
  X O     
  X X O   
X   X O O 
O X O O   
  X X     
----------

Black 4,0
----------
  X O     
  X X O   
X   X O O 
  X O O   
X X X     
----------

White 3,4
----------
  X O     
  X X O   
X   X O O 
  X O O O 
X X X     
----------

Black 4,3
----------
  X O     
  X X O   
X   X O O 
  X O O O 
X X X X   
----------

White 0,3
----------
  X O O   
  X X O   
X   X O O 
  X O O O 
X X X X   
----------

Black 2,1
----------
  X O O   
  X X O   
X X X O O 
  X O O O 
X X X X   
----------

White 1,0
----------
  X O O   
O X X O   
X X X O O 
  X O O O 
X X X X   
----------

Black 0,0
----------
X X O O   
  X X O   
X X X O O 
  X O O O 
X X X X   
----------

White 1,4
----------
X X O O   
  X X O O 
X X X O O 
  X O O O 
X X X X   
----------

Game end.
The winner is X
ta time: 37.73
student time: 7.31
Black(You) win!

==Playing with championship_player==
=====Round 1=====
Black:TA White:You
Wed Oct 28 02:22:06 PDT 2020
Clean up...
Start Playing...
Black 2,2
----------
          
          
    X     
          
          
----------

White 1,1
----------
          
  O       
    X     
          
          
----------

Black 2,1
----------
          
  O       
  X X     
          
          
----------

White 1,2
----------
          
  O O     
  X X     
          
          
----------

Black 1,3
----------
          
  O O X   
  X X     
          
          
----------

White 1,0
----------
          
O O O X   
  X X     
          
          
----------

Black 0,3
----------
      X   
O O O X   
  X X     
          
          
----------

White 2,0
----------
      X   
O O O X   
O X X     
          
          
----------

Black 3,1
----------
      X   
O O O X   
O X X     
  X       
          
----------

White 3,0
----------
      X   
O O O X   
O X X     
O X       
          
----------

Black 4,1
----------
      X   
O O O X   
O X X     
O X       
  X       
----------

White 0,0
----------
O     X   
O O O X   
O X X     
O X       
  X       
----------

Black 0,2
----------
O   X X   
O O O X   
O X X     
O X       
  X       
----------

White 3,3
----------
O   X X   
O O O X   
O X X     
O X   O   
  X       
----------

Black 4,0
----------
O   X X   
O O O X   
O X X     
O X   O   
X X       
----------

White 2,3
----------
O   X X   
O O O X   
O X X O   
O X   O   
X X       
----------

Black 0,1
----------
  X X X   
      X   
  X X O   
  X   O   
X X       
----------

White 3,2
----------
  X X X   
      X   
  X X O   
  X O O   
X X       
----------

Black 4,2
----------
  X X X   
      X   
  X X O   
  X O O   
X X X     
----------

White 2,4
----------
  X X X   
      X   
  X X O O 
  X O O   
X X X     
----------

Black 1,2
----------
  X X X   
    X X   
  X X O O 
  X O O   
X X X     
----------

White 1,4
----------
  X X X   
    X X O 
  X X O O 
  X O O   
X X X     
----------

Black 2,0
----------
  X X X   
    X X O 
X X X O O 
  X O O   
X X X     
----------

White 3,4
----------
  X X X   
    X X O 
X X X O O 
  X O O O 
X X X     
----------

Game end.
The winner is X
ta time: 72.94
student time: 8.17
White(You) lose.
=====Round 2=====
Black:You White:TA
Wed Oct 28 02:22:33 PDT 2020
Clean up...
Start Playing...
Black 2,2
----------
          
          
    X     
          
          
----------

White 1,2
----------
          
    O     
    X     
          
          
----------

Black 2,1
----------
          
    O     
  X X     
          
          
----------

White 1,3
----------
          
    O O   
  X X     
          
          
----------

Black 1,1
----------
          
  X O O   
  X X     
          
          
----------

White 2,3
----------
          
  X O O   
  X X O   
          
          
----------

Black 3,1
----------
          
  X O O   
  X X O   
  X       
          
----------

White 3,3
----------
          
  X O O   
  X X O   
  X   O   
          
----------

Black 0,1
----------
  X       
  X O O   
  X X O   
  X   O   
          
----------

White 0,2
----------
  X O     
  X O O   
  X X O   
  X   O   
          
----------

Black 3,2
----------
  X O     
  X O O   
  X X O   
  X X O   
          
----------

White 4,3
----------
  X O     
  X O O   
  X X O   
  X X O   
      O   
----------

Black 3,0
----------
  X O     
  X O O   
  X X O   
X X X O   
      O   
----------

White 1,4
----------
  X O     
  X O O O 
  X X O   
X X X O   
      O   
----------

Black 0,0
----------
X X O     
  X O O O 
  X X O   
X X X O   
      O   
----------

White 3,4
----------
X X O     
  X O O O 
  X X O   
X X X O O 
      O   
----------

Black 1,0
----------
X X O     
X X O O O 
  X X O   
X X X O O 
      O   
----------

White 4,2
----------
X X O     
X X O O O 
  X X O   
X X X O O 
    O O   
----------

Black 2,0
----------
X X O     
X X O O O 
X X X O   
X X X O O 
    O O   
----------

White 0,3
----------
X X O O   
X X O O O 
X X X O   
X X X O O 
    O O   
----------

Black 4,0
----------
X X O O   
X X O O O 
X X X O   
X X X O O 
X   O O   
----------

White 4,1
----------
    O O   
    O O O 
      O   
      O O 
  O O O   
----------

Black 2,1
----------
    O O   
    O O O 
  X   O   
      O O 
  O O O   
----------

White 3,0
----------
    O O   
    O O O 
  X   O   
O     O O 
  O O O   
----------

Game end.
The winner is O
ta time: 106.79
student time: 8.94
Black(You) lose.
=====Round 3=====
Black:TA White:You
Wed Oct 28 02:23:00 PDT 2020
Clean up...
Start Playing...
Black 2,2
----------
          
          
    X     
          
          
----------

White 1,1
----------
          
  O       
    X     
          
          
----------

Black 2,1
----------
          
  O       
  X X     
          
          
----------

White 1,2
----------
          
  O O     
  X X     
          
          
----------

Black 1,3
----------
          
  O O X   
  X X     
          
          
----------

White 1,0
----------
          
O O O X   
  X X     
          
          
----------

Black 0,3
----------
      X   
O O O X   
  X X     
          
          
----------

White 2,0
----------
      X   
O O O X   
O X X     
          
          
----------

Black 3,1
----------
      X   
O O O X   
O X X     
  X       
          
----------

White 3,0
----------
      X   
O O O X   
O X X     
O X       
          
----------

Black 4,1
----------
      X   
O O O X   
O X X     
O X       
  X       
----------

White 0,0
----------
O     X   
O O O X   
O X X     
O X       
  X       
----------

Black 0,2
----------
O   X X   
O O O X   
O X X     
O X       
  X       
----------

White 3,3
----------
O   X X   
O O O X   
O X X     
O X   O   
  X       
----------

Black 4,0
----------
O   X X   
O O O X   
O X X     
O X   O   
X X       
----------

White 2,3
----------
O   X X   
O O O X   
O X X O   
O X   O   
X X       
----------

Black 0,1
----------
  X X X   
      X   
  X X O   
  X   O   
X X       
----------

White 3,2
----------
  X X X   
      X   
  X X O   
  X O O   
X X       
----------

Black 4,2
----------
  X X X   
      X   
  X X O   
  X O O   
X X X     
----------

White 2,4
----------
  X X X   
      X   
  X X O O 
  X O O   
X X X     
----------

Black 1,4
----------
  X X X   
      X X 
  X X O O 
  X O O   
X X X     
----------

White 3,4
----------
  X X X   
      X X 
  X X O O 
  X O O O 
X X X     
----------

Black 2,0
----------
  X X X   
      X X 
X X X O O 
  X O O O 
X X X     
----------

White 1,1
----------
  X X X   
  O   X X 
X X X O O 
  X O O O 
X X X     
----------

Game end.
The winner is X
ta time: 143.28
student time: 9.75
White(You) lose.
=====Round 4=====
Black:You White:TA
Wed Oct 28 02:23:28 PDT 2020
Clean up...
Start Playing...
Black 2,2
----------
          
          
    X     
          
          
----------

White 3,2
----------
          
          
    X     
    O     
          
----------

Black 1,2
----------
          
    X     
    X     
    O     
          
----------

White 3,1
----------
          
    X     
    X     
  O O     
          
----------

Black 1,1
----------
          
  X X     
    X     
  O O     
          
----------

White 3,3
----------
          
  X X     
    X     
  O O O   
          
----------

Black 1,3
----------
          
  X X X   
    X     
  O O O   
          
----------

White 2,0
----------
          
  X X X   
O   X     
  O O O   
          
----------

Black 1,4
----------
          
  X X X X 
O   X     
  O O O   
          
----------

White 2,1
----------
          
  X X X X 
O O X     
  O O O   
          
----------

Black 0,1
----------
  X       
  X X X X 
O O X     
  O O O   
          
----------

White 1,0
----------
  X       
O X X X X 
O O X     
  O O O   
          
----------

Black 2,3
----------
  X       
O X X X X 
O O X X   
  O O O   
          
----------

White 3,4
----------
  X       
O X X X X 
O O X X   
  O O O O 
          
----------

Black 0,0
----------
X X       
O X X X X 
O O X X   
  O O O O 
          
----------

White 0,3
----------
X X   O   
O X X X X 
O O X X   
  O O O O 
          
----------

Black 0,2
----------
X X X O   
O X X X X 
O O X X   
  O O O O 
          
----------

White 4,1
----------
X X X O   
O X X X X 
O O X X   
  O O O O 
  O       
----------

Black 4,3
----------
X X X O   
O X X X X 
O O X X   
  O O O O 
  O   X   
----------

White 4,2
----------
X X X O   
O X X X X 
O O X X   
  O O O O 
  O O X   
----------

Black 0,4
----------
X X X   X 
O X X X X 
O O X X   
  O O O O 
  O O X   
----------

White 2,4
----------
X X X   X 
O X X X X 
O O X X O 
  O O O O 
  O O X   
----------

Black 3,0
----------
X X X   X 
O X X X X 
O O X X O 
X O O O O 
  O O X   
----------

White 0,3
----------
      O   
O         
O O     O 
X O O O O 
  O O X   
----------

Game end.
The winner is O
ta time: 179.22
student time: 10.48
Black(You) lose.
=====Round 5=====
Black:TA White:You
Wed Oct 28 02:23:56 PDT 2020
Clean up...
Start Playing...
Black 2,2
----------
          
          
    X     
          
          
----------

White 1,1
----------
          
  O       
    X     
          
          
----------

Black 2,1
----------
          
  O       
  X X     
          
          
----------

White 1,2
----------
          
  O O     
  X X     
          
          
----------

Black 1,3
----------
          
  O O X   
  X X     
          
          
----------

White 1,0
----------
          
O O O X   
  X X     
          
          
----------

Black 0,3
----------
      X   
O O O X   
  X X     
          
          
----------

White 2,0
----------
      X   
O O O X   
O X X     
          
          
----------

Black 3,1
----------
      X   
O O O X   
O X X     
  X       
          
----------

White 3,0
----------
      X   
O O O X   
O X X     
O X       
          
----------

Black 4,1
----------
      X   
O O O X   
O X X     
O X       
  X       
----------

White 0,0
----------
O     X   
O O O X   
O X X     
O X       
  X       
----------

Black 0,2
----------
O   X X   
O O O X   
O X X     
O X       
  X       
----------

White 3,3
----------
O   X X   
O O O X   
O X X     
O X   O   
  X       
----------

Black 4,0
----------
O   X X   
O O O X   
O X X     
O X   O   
X X       
----------

White 2,3
----------
O   X X   
O O O X   
O X X O   
O X   O   
X X       
----------

Black 0,1
----------
  X X X   
      X   
  X X O   
  X   O   
X X       
----------

White 3,2
----------
  X X X   
      X   
  X X O   
  X O O   
X X       
----------

Black 2,4
----------
  X X X   
      X   
  X X O X 
  X O O   
X X       
----------

White 3,4
----------
  X X X   
      X   
  X X O X 
  X O O O 
X X       
----------

Black 1,4
----------
  X X X   
      X X 
  X X O X 
  X O O O 
X X       
----------

White 4,2
----------
  X X X   
      X X 
  X X O X 
  X O O O 
X X O     
----------

Black 1,1
----------
  X X X   
  X   X X 
  X X O X 
  X O O O 
X X O     
----------

White 1,0
----------
  X X X   
O X   X X 
  X X O X 
  X O O O 
X X O     
----------

Game end.
The winner is X
ta time: 217.07
student time: 11.28
White(You) lose.
=====Round 6=====
Black:You White:TA
Wed Oct 28 02:24:24 PDT 2020
Clean up...
Start Playing...
Black 2,2
----------
          
          
    X     
          
          
----------

White 2,1
----------
          
          
  O X     
          
          
----------

Black 1,2
----------
          
    X     
  O X     
          
          
----------

White 3,1
----------
          
    X     
  O X     
  O       
          
----------

Black 1,1
----------
          
  X X     
  O X     
  O       
          
----------

White 3,2
----------
          
  X X     
  O X     
  O O     
          
----------

Black 1,3
----------
          
  X X X   
  O X     
  O O     
          
----------

White 3,3
----------
          
  X X X   
  O X     
  O O O   
          
----------

Black 1,0
----------
          
X X X X   
  O X     
  O O O   
          
----------

White 2,0
----------
          
X X X X   
O O X     
  O O O   
          
----------

Black 1,4
----------
          
X X X X X 
O O X     
  O O O   
          
----------

White 3,4
----------
          
X X X X X 
O O X     
  O O O O 
          
----------

Black 2,3
----------
          
X X X X X 
O O X X   
  O O O O 
          
----------

White 4,2
----------
          
X X X X X 
O O X X   
  O O O O 
    O     
----------

Black 0,0
----------
X         
X X X X X 
O O X X   
  O O O O 
    O     
----------

White 4,0
----------
X         
X X X X X 
O O X X   
  O O O O 
O   O     
----------

Black 0,1
----------
X X       
X X X X X 
O O X X   
  O O O O 
O   O     
----------

White 0,3
----------
X X   O   
X X X X X 
O O X X   
  O O O O 
O   O     
----------

Black 0,2
----------
X X X O   
X X X X X 
O O X X   
  O O O O 
O   O     
----------

White 3,0
----------
X X X O   
X X X X X 
O O X X   
O O O O O 
O   O     
----------

Black 0,4
----------
X X X   X 
X X X X X 
O O X X   
O O O O O 
O   O     
----------

White 4,4
----------
X X X   X 
X X X X X 
O O X X   
O O O O O 
O   O   O 
----------

Black 0,3
----------
X X X X X 
X X X X X 
O O X X   
O O O O O 
O   O   O 
----------

White 2,4
----------
          
          
O O     O 
O O O O O 
O   O   O 
----------

Game end.
The winner is O
ta time: 255.3
student time: 12.04
Black(You) lose.
=====Round 7=====
Black:TA White:You
Wed Oct 28 02:24:53 PDT 2020
Clean up...
Start Playing...
Black 2,2
----------
          
          
    X     
          
          
----------

White 1,1
----------
          
  O       
    X     
          
          
----------

Black 1,2
----------
          
  O X     
    X     
          
          
----------

White 2,1
----------
          
  O X     
  O X     
          
          
----------

Black 3,1
----------
          
  O X     
  O X     
  X       
          
----------

White 0,1
----------
  O       
  O X     
  O X     
  X       
          
----------

Black 3,0
----------
  O       
  O X     
  O X     
X X       
          
----------

White 0,2
----------
  O O     
  O X     
  O X     
X X       
          
----------

Black 1,3
----------
  O O     
  O X X   
  O X     
X X       
          
----------

White 0,3
----------
  O O O   
  O X X   
  O X     
X X       
          
----------

Black 1,4
----------
  O O O   
  O X X X 
  O X     
X X       
          
----------

White 0,0
----------
O O O O   
  O X X X 
  O X     
X X       
          
----------

Black 2,0
----------
O O O O   
  O X X X 
X O X     
X X       
          
----------

White 3,3
----------
O O O O   
  O X X X 
X O X     
X X   O   
          
----------

Black 0,4
----------
O O O O X 
  O X X X 
X O X     
X X   O   
          
----------

White 2,3
----------
O O O O X 
  O X X X 
X O X O   
X X   O   
          
----------

Black 1,0
----------
        X 
X   X X X 
X   X O   
X X   O   
          
----------

White 3,2
----------
        X 
X   X X X 
X   X O   
X X O O   
          
----------

Black 4,2
----------
        X 
X   X X X 
X   X O   
X X O O   
    X     
----------

White 4,3
----------
        X 
X   X X X 
X   X O   
X X O O   
    X O   
----------

Black 4,1
----------
        X 
X   X X X 
X   X O   
X X O O   
  X X O   
----------

White 2,4
----------
        X 
X   X X X 
X   X O O 
X X O O   
  X X O   
----------

Black 1,1
----------
        X 
X X X X X 
X   X O O 
X X O O   
  X X O   
----------

White 0,1
----------
  O     X 
X X X X X 
X   X O O 
X X O O   
  X X O   
----------

Game end.
The winner is X
ta time: 290.8
student time: 12.94
White(You) lose.
=====Round 8=====
Black:You White:TA
Wed Oct 28 02:25:19 PDT 2020
Clean up...
Start Playing...
Black 2,2
----------
          
          
    X     
          
          
----------

White 3,2
----------
          
          
    X     
    O     
          
----------

Black 1,2
----------
          
    X     
    X     
    O     
          
----------

White 3,3
----------
          
    X     
    X     
    O O   
          
----------

Black 1,1
----------
          
  X X     
    X     
    O O   
          
----------

White 3,1
----------
          
  X X     
    X     
  O O O   
          
----------

Black 1,3
----------
          
  X X X   
    X     
  O O O   
          
----------

White 2,4
----------
          
  X X X   
    X   O 
  O O O   
          
----------

Black 1,0
----------
          
X X X X   
    X   O 
  O O O   
          
----------

White 2,3
----------
          
X X X X   
    X O O 
  O O O   
          
----------

Black 0,3
----------
      X   
X X X X   
    X O O 
  O O O   
          
----------

White 1,4
----------
      X   
X X X X O 
    X O O 
  O O O   
          
----------

Black 2,0
----------
      X   
X X X X O 
X   X O O 
  O O O   
          
----------

White 3,0
----------
      X   
X X X X O 
X   X O O 
O O O O   
          
----------

Black 2,1
----------
      X   
X X X X O 
X X X O O 
O O O O   
          
----------

White 0,1
----------
  O   X   
X X X X O 
X X X O O 
O O O O   
          
----------

Black 0,0
----------
X O   X   
X X X X O 
X X X O O 
O O O O   
          
----------

White 4,3
----------
X O   X   
X X X X O 
X X X O O 
O O O O   
      O   
----------

Black 4,1
----------
X O   X   
X X X X O 
X X X O O 
O O O O   
  X   O   
----------

White 4,0
----------
X O   X   
X X X X O 
X X X O O 
O O O O   
O X   O   
----------

Black 0,2
----------
X   X X   
X X X X O 
X X X O O 
O O O O   
O X   O   
----------

White 3,4
----------
X   X X   
X X X X O 
X X X O O 
O O O O O 
O X   O   
----------

Black 0,1
----------
X X X X   
X X X X O 
X X X O O 
O O O O O 
O X   O   
----------

White 0,4
----------
        O 
        O 
      O O 
O O O O O 
O X   O   
----------

Game end.
The winner is O
ta time: 327.93
student time: 13.67
Black(You) lose.
=====Round 9=====
Black:TA White:You
Wed Oct 28 02:25:49 PDT 2020
Clean up...
Start Playing...
Black 2,2
----------
          
          
    X     
          
          
----------

White 1,1
----------
          
  O       
    X     
          
          
----------

Black 1,2
----------
          
  O X     
    X     
          
          
----------

White 2,1
----------
          
  O X     
  O X     
          
          
----------

Black 3,1
----------
          
  O X     
  O X     
  X       
          
----------

White 0,1
----------
  O       
  O X     
  O X     
  X       
          
----------

Black 3,0
----------
  O       
  O X     
  O X     
X X       
          
----------

White 0,2
----------
  O O     
  O X     
  O X     
X X       
          
----------

Black 1,3
----------
  O O     
  O X X   
  O X     
X X       
          
----------

White 0,3
----------
  O O O   
  O X X   
  O X     
X X       
          
----------

Black 1,4
----------
  O O O   
  O X X X 
  O X     
X X       
          
----------

White 0,0
----------
O O O O   
  O X X X 
  O X     
X X       
          
----------

Black 2,0
----------
O O O O   
  O X X X 
X O X     
X X       
          
----------

White 3,3
----------
O O O O   
  O X X X 
X O X     
X X   O   
          
----------

Black 0,4
----------
O O O O X 
  O X X X 
X O X     
X X   O   
          
----------

White 2,3
----------
O O O O X 
  O X X X 
X O X O   
X X   O   
          
----------

Black 1,0
----------
        X 
X   X X X 
X   X O   
X X   O   
          
----------

White 3,2
----------
        X 
X   X X X 
X   X O   
X X O O   
          
----------

Black 4,2
----------
        X 
X   X X X 
X   X O   
X X O O   
    X     
----------

White 4,3
----------
        X 
X   X X X 
X   X O   
X X O O   
    X O   
----------

Black 4,1
----------
        X 
X   X X X 
X   X O   
X X O O   
  X X O   
----------

White 2,4
----------
        X 
X   X X X 
X   X O O 
X X O O   
  X X O   
----------

Black 0,2
----------
    X   X 
X   X X X 
X   X O O 
X X O O   
  X X O   
----------

White 1,1
----------
    X   X 
X O X X X 
X   X O O 
X X O O   
  X X O   
----------

Game end.
The winner is X
ta time: 360.01
student time: 14.46
White(You) lose.
=====Round 10=====
Black:You White:TA
Wed Oct 28 02:26:15 PDT 2020
Clean up...
Start Playing...
Black 2,2
----------
          
          
    X     
          
          
----------

White 2,3
----------
          
          
    X O   
          
          
----------

Black 1,2
----------
          
    X     
    X O   
          
          
----------

White 3,3
----------
          
    X     
    X O   
      O   
          
----------

Black 1,1
----------
          
  X X     
    X O   
      O   
          
----------

White 3,2
----------
          
  X X     
    X O   
    O O   
          
----------

Black 1,3
----------
          
  X X X   
    X O   
    O O   
          
----------

White 3,1
----------
          
  X X X   
    X O   
  O O O   
          
----------

Black 1,0
----------
          
X X X X   
    X O   
  O O O   
          
----------

White 1,4
----------
          
X X X X O 
    X O   
  O O O   
          
----------

Black 0,3
----------
      X   
X X X X O 
    X O   
  O O O   
          
----------

White 2,1
----------
      X   
X X X X O 
  O X O   
  O O O   
          
----------

Black 0,4
----------
      X X 
X X X X O 
  O X O   
  O O O   
          
----------

White 2,4
----------
      X X 
X X X X O 
  O X O O 
  O O O   
          
----------

Black 2,0
----------
      X X 
X X X X O 
X O X O O 
  O O O   
          
----------

White 3,0
----------
      X X 
X X X X O 
X O X O O 
O O O O   
          
----------

Black 0,0
----------
X     X X 
X X X X O 
X O X O O 
O O O O   
          
----------

White 4,2
----------
X     X X 
X X X X O 
X O X O O 
O O O O   
    O     
----------

Black 4,4
----------
X     X X 
X X X X O 
X O X O O 
O O O O   
    O   X 
----------

White 0,1
----------
X O   X X 
X X X X O 
X O X O O 
O O O O   
    O   X 
----------

Black 0,2
----------
X   X X X 
X X X X O 
X O X O O 
O O O O   
    O   X 
----------

White 4,0
----------
X   X X X 
X X X X O 
X O X O O 
O O O O   
O   O   X 
----------

Black 3,4
----------
X   X X X 
X X X X O 
X O X O O 
O O O O X 
O   O   X 
----------

White 0,1
----------
  O       
        O 
  O   O O 
O O O O X 
O   O   X 
----------

Game end.
The winner is O
ta time: 393.89
student time: 15.21
Black(You) lose.
