Wed Oct 28 14:47:24 PDT 2020

==Playing with qlearning_player==
=====Round 1=====
Black:TA White:You
Wed Oct 28 14:47:24 PDT 2020
Clean up...
Start Playing...
Black 1,2
----------
          
    X     
          
          
          
----------

White 2,1
----------
          
    X     
  O       
          
          
----------

Black 2,2
----------
          
    X     
  O X     
          
          
----------

White 3,1
----------
          
    X     
  O X     
  O       
          
----------

Black 0,0
----------
X         
    X     
  O X     
  O       
          
----------

White 1,1
----------
X         
  O X     
  O X     
  O       
          
----------

Black 0,1
----------
X X       
  O X     
  O X     
  O       
          
----------

White 3,2
----------
X X       
  O X     
  O X     
  O O     
          
----------

Black 2,3
----------
X X       
  O X     
  O X X   
  O O     
          
----------

White 3,3
----------
X X       
  O X     
  O X X   
  O O O   
          
----------

Black 2,4
----------
X X       
  O X     
  O X X X 
  O O O   
          
----------

White 3,0
----------
X X       
  O X     
  O X X X 
O O O O   
          
----------

Black 0,2
----------
X X X     
  O X     
  O X X X 
O O O O   
          
----------

White 3,4
----------
X X X     
  O X     
  O X X X 
O O O O O 
          
----------

Black 4,2
----------
X X X     
  O X     
  O X X X 
O O O O O 
    X     
----------

White 1,0
----------
X X X     
O O X     
  O X X X 
O O O O O 
    X     
----------

Black 1,3
----------
X X X     
O O X X   
  O X X X 
O O O O O 
    X     
----------

White 2,0
----------
X X X     
O O X X   
O O X X X 
O O O O O 
    X     
----------

Black 0,3
----------
X X X X   
O O X X   
O O X X X 
O O O O O 
    X     
----------

White 4,0
----------
X X X X   
O O X X   
O O X X X 
O O O O O 
O   X     
----------

Black 1,4
----------
X X X X   
O O X X X 
O O X X X 
O O O O O 
O   X     
----------

White 4,1
----------
X X X X   
O O X X X 
O O X X X 
O O O O O 
O O X     
----------

Black 4,3
----------
X X X X   
O O X X X 
O O X X X 
O O O O O 
O O X X   
----------

White PASS
----------
X X X X   
O O X X X 
O O X X X 
O O O O O 
O O X X   
----------

Game end.
The winner is O
ta time: 4.35
student time: 0.74
White(You) win!
=====Round 2=====
Black:You White:TA
Wed Oct 28 14:47:33 PDT 2020
Clean up...
Start Playing...
Black 2,2
----------
          
          
    X     
          
          
----------

White 2,1
----------
          
          
  O X     
          
          
----------

Black 1,2
----------
          
    X     
  O X     
          
          
----------

White 3,2
----------
          
    X     
  O X     
    O     
          
----------

Black 1,1
----------
          
  X X     
  O X     
    O     
          
----------

White 2,3
----------
          
  X X     
  O X O   
    O     
          
----------

Black 1,3
----------
          
  X X X   
  O X O   
    O     
          
----------

White 3,1
----------
          
  X X X   
  O X O   
  O O     
          
----------

Black 1,0
----------
          
X X X X   
  O X O   
  O O     
          
----------

White 3,3
----------
          
X X X X   
  O X O   
  O O O   
          
----------

Black 1,4
----------
          
X X X X X 
  O X O   
  O O O   
          
----------

White 2,0
----------
          
X X X X X 
O O X O   
  O O O   
          
----------

Black 2,4
----------
          
X X X X X 
O O X O X 
  O O O   
          
----------

White 0,2
----------
    O     
X X X X X 
O O X O X 
  O O O   
          
----------

Black 3,4
----------
    O     
X X X X X 
O O X O X 
  O O O X 
          
----------

White 4,2
----------
    O     
X X X X X 
O O X O X 
  O O O X 
    O     
----------

Black 4,4
----------
    O     
X X X X X 
O O X O X 
  O O O X 
    O   X 
----------

White 0,3
----------
    O O   
X X X X X 
O O X O X 
  O O O X 
    O   X 
----------

Black 0,0
----------
X   O O   
X X X X X 
O O X O X 
  O O O X 
    O   X 
----------

White 4,3
----------
X   O O   
X X X X X 
O O X O X 
  O O O X 
    O O X 
----------

Black 0,1
----------
X X O O   
X X X X X 
O O X O X 
  O O O X 
    O O X 
----------

White 0,4
----------
    O O O 
          
O O   O   
  O O O   
    O O   
----------

Black 1,1
----------
    O O O 
  X       
O O   O   
  O O O   
    O O   
----------

White 2,2
----------
    O O O 
  X       
O O O O   
  O O O   
    O O   
----------

Game end.
The winner is O
ta time: 7.92
student time: 1.44
Black(You) lose.
=====Round 3=====
Black:TA White:You
Wed Oct 28 14:47:41 PDT 2020
Clean up...
Start Playing...
Black 1,2
----------
          
    X     
          
          
          
----------

White 2,1
----------
          
    X     
  O       
          
          
----------

Black 2,2
----------
          
    X     
  O X     
          
          
----------

White 3,1
----------
          
    X     
  O X     
  O       
          
----------

Black 0,0
----------
X         
    X     
  O X     
  O       
          
----------

White 1,1
----------
X         
  O X     
  O X     
  O       
          
----------

Black 0,1
----------
X X       
  O X     
  O X     
  O       
          
----------

White 3,2
----------
X X       
  O X     
  O X     
  O O     
          
----------

Black 2,3
----------
X X       
  O X     
  O X X   
  O O     
          
----------

White 3,3
----------
X X       
  O X     
  O X X   
  O O O   
          
----------

Black 0,2
----------
X X X     
  O X     
  O X X   
  O O O   
          
----------

White 3,4
----------
X X X     
  O X     
  O X X   
  O O O O 
          
----------

Black 1,3
----------
X X X     
  O X X   
  O X X   
  O O O O 
          
----------

White 2,4
----------
X X X     
  O X X   
  O X X O 
  O O O O 
          
----------

Black 2,0
----------
X X X     
  O X X   
X O X X O 
  O O O O 
          
----------

White 1,4
----------
X X X     
  O X X O 
X O X X O 
  O O O O 
          
----------

Black 4,2
----------
X X X     
  O X X O 
X O X X O 
  O O O O 
    X     
----------

White 0,4
----------
X X X   O 
  O X X O 
X O X X O 
  O O O O 
    X     
----------

Black 0,3
----------
X X X X O 
  O X X O 
X O X X O 
  O O O O 
    X     
----------

White 1,0
----------
        O 
O O     O 
X O     O 
  O O O O 
    X     
----------

Black 2,2
----------
        O 
O O     O 
X O X   O 
  O O O O 
    X     
----------

White 3,0
----------
        O 
O O     O 
  O X   O 
O O O O O 
    X     
----------

Black 1,2
----------
        O 
O O X   O 
  O X   O 
O O O O O 
    X     
----------

White 0,1
----------
  O     O 
O O X   O 
  O X   O 
O O O O O 
    X     
----------

Game end.
The winner is O
ta time: 11.96
student time: 2.49
White(You) win!
=====Round 4=====
Black:You White:TA
Wed Oct 28 14:47:51 PDT 2020
Clean up...
Start Playing...
Black 2,2
----------
          
          
    X     
          
          
----------

White 2,1
----------
          
          
  O X     
          
          
----------

Black 1,2
----------
          
    X     
  O X     
          
          
----------

White 3,2
----------
          
    X     
  O X     
    O     
          
----------

Black 1,1
----------
          
  X X     
  O X     
    O     
          
----------

White 2,3
----------
          
  X X     
  O X O   
    O     
          
----------

Black 1,3
----------
          
  X X X   
  O X O   
    O     
          
----------

White 3,1
----------
          
  X X X   
  O X O   
  O O     
          
----------

Black 1,0
----------
          
X X X X   
  O X O   
  O O     
          
----------

White 2,4
----------
          
X X X X   
  O X O O 
  O O     
          
----------

Black 0,3
----------
      X   
X X X X   
  O X O O 
  O O     
          
----------

White 4,2
----------
      X   
X X X X   
  O X O O 
  O O     
    O     
----------

Black 2,0
----------
      X   
X X X X   
X O X O O 
  O O     
    O     
----------

White 0,2
----------
    O X   
X X X X   
X O X O O 
  O O     
    O     
----------

Black 0,1
----------
  X   X   
X X X X   
X O X O O 
  O O     
    O     
----------

White 3,3
----------
  X   X   
X X X X   
X O X O O 
  O O O   
    O     
----------

Black 3,0
----------
  X   X   
X X X X   
X O X O O 
X O O O   
    O     
----------

White 1,4
----------
  X   X   
X X X X O 
X O X O O 
X O O O   
    O     
----------

Black 4,0
----------
  X   X   
X X X X O 
X O X O O 
X O O O   
X   O     
----------

White 4,1
----------
  X   X   
X X X X O 
X O X O O 
X O O O   
X O O     
----------

Black 0,0
----------
X X   X   
X X X X O 
X O X O O 
X O O O   
X O O     
----------

White 4,3
----------
X X   X   
X X X X O 
X O X O O 
X O O O   
X O O O   
----------

Black 0,4
----------
X X   X X 
X X X X O 
X O X O O 
X O O O   
X O O O   
----------

White 0,2
----------
    O     
        O 
  O   O O 
  O O O   
  O O O   
----------

Game end.
The winner is O
ta time: 15.55
student time: 3.25
Black(You) lose.
=====Round 5=====
Black:TA White:You
Wed Oct 28 14:47:59 PDT 2020
Clean up...
Start Playing...
Black 1,2
----------
          
    X     
          
          
          
----------

White 2,1
----------
          
    X     
  O       
          
          
----------

Black 2,2
----------
          
    X     
  O X     
          
          
----------

White 3,1
----------
          
    X     
  O X     
  O       
          
----------

Black 0,0
----------
X         
    X     
  O X     
  O       
          
----------

White 1,1
----------
X         
  O X     
  O X     
  O       
          
----------

Black 0,1
----------
X X       
  O X     
  O X     
  O       
          
----------

White 3,2
----------
X X       
  O X     
  O X     
  O O     
          
----------

Black 2,3
----------
X X       
  O X     
  O X X   
  O O     
          
----------

White 3,3
----------
X X       
  O X     
  O X X   
  O O O   
          
----------

Black 1,3
----------
X X       
  O X X   
  O X X   
  O O O   
          
----------

White 3,4
----------
X X       
  O X X   
  O X X   
  O O O O 
          
----------

Black 0,2
----------
X X X     
  O X X   
  O X X   
  O O O O 
          
----------

White 2,4
----------
X X X     
  O X X   
  O X X O 
  O O O O 
          
----------

Black 4,2
----------
X X X     
  O X X   
  O X X O 
  O O O O 
    X     
----------

White 1,4
----------
X X X     
  O X X O 
  O X X O 
  O O O O 
    X     
----------

Black 2,0
----------
X X X     
  O X X O 
X O X X O 
  O O O O 
    X     
----------

White 0,4
----------
X X X   O 
  O X X O 
X O X X O 
  O O O O 
    X     
----------

Black 4,3
----------
X X X   O 
  O X X O 
X O X X O 
  O O O O 
    X X   
----------

White 3,0
----------
X X X   O 
  O X X O 
X O X X O 
O O O O O 
    X X   
----------

Black 1,0
----------
X X X   O 
X O X X O 
X O X X O 
O O O O O 
    X X   
----------

White 0,3
----------
      O O 
  O     O 
  O     O 
O O O O O 
    X X   
----------

Black 2,2
----------
      O O 
  O     O 
  O X   O 
O O O O O 
    X X   
----------

White 0,1
----------
  O   O O 
  O     O 
  O X   O 
O O O O O 
    X X   
----------

Game end.
The winner is O
ta time: 19.87
student time: 4.11
White(You) win!
=====Round 6=====
Black:You White:TA
Wed Oct 28 14:48:08 PDT 2020
Clean up...
Start Playing...
Black 2,2
----------
          
          
    X     
          
          
----------

White 2,1
----------
          
          
  O X     
          
          
----------

Black 1,2
----------
          
    X     
  O X     
          
          
----------

White 3,2
----------
          
    X     
  O X     
    O     
          
----------

Black 1,1
----------
          
  X X     
  O X     
    O     
          
----------

White 2,3
----------
          
  X X     
  O X O   
    O     
          
----------

Black 1,3
----------
          
  X X X   
  O X O   
    O     
          
----------

White 3,3
----------
          
  X X X   
  O X O   
    O O   
          
----------

Black 1,0
----------
          
X X X X   
  O X O   
    O O   
          
----------

White 3,1
----------
          
X X X X   
  O X O   
  O O O   
          
----------

Black 1,4
----------
          
X X X X X 
  O X O   
  O O O   
          
----------

White 2,4
----------
          
X X X X X 
  O X O O 
  O O O   
          
----------

Black 2,0
----------
          
X X X X X 
X O X O O 
  O O O   
          
----------

White 0,2
----------
    O     
X X X X X 
X O X O O 
  O O O   
          
----------

Black 3,0
----------
    O     
X X X X X 
X O X O O 
X O O O   
          
----------

White 4,2
----------
    O     
X X X X X 
X O X O O 
X O O O   
    O     
----------

Black 4,0
----------
    O     
X X X X X 
X O X O O 
X O O O   
X   O     
----------

White 3,4
----------
    O     
X X X X X 
X O X O O 
X O O O O 
X   O     
----------

Black 0,0
----------
X   O     
X X X X X 
X O X O O 
X O O O O 
X   O     
----------

White 4,3
----------
X   O     
X X X X X 
X O X O O 
X O O O O 
X   O O   
----------

Black 0,1
----------
X X O     
X X X X X 
X O X O O 
X O O O O 
X   O O   
----------

White 4,1
----------
X X O     
X X X X X 
X O X O O 
X O O O O 
X O O O   
----------

Black 0,3
----------
X X   X   
X X X X X 
X O X O O 
X O O O O 
X O O O   
----------

White PASS
----------
X X   X   
X X X X X 
X O X O O 
X O O O O 
X O O O   
----------

Game end.
The winner is O
ta time: 23.44
student time: 4.73
Black(You) lose.
=====Round 7=====
Black:TA White:You
Wed Oct 28 14:48:16 PDT 2020
Clean up...
Start Playing...
Black 1,2
----------
          
    X     
          
          
          
----------

White 2,1
----------
          
    X     
  O       
          
          
----------

Black 2,2
----------
          
    X     
  O X     
          
          
----------

White 3,1
----------
          
    X     
  O X     
  O       
          
----------

Black 0,0
----------
X         
    X     
  O X     
  O       
          
----------

White 1,1
----------
X         
  O X     
  O X     
  O       
          
----------

Black 0,1
----------
X X       
  O X     
  O X     
  O       
          
----------

White 3,2
----------
X X       
  O X     
  O X     
  O O     
          
----------

Black 2,3
----------
X X       
  O X     
  O X X   
  O O     
          
----------

White 3,3
----------
X X       
  O X     
  O X X   
  O O O   
          
----------

Black 4,2
----------
X X       
  O X     
  O X X   
  O O O   
    X     
----------

White 3,4
----------
X X       
  O X     
  O X X   
  O O O O 
    X     
----------

Black 1,3
----------
X X       
  O X X   
  O X X   
  O O O O 
    X     
----------

White 2,4
----------
X X       
  O X X   
  O X X O 
  O O O O 
    X     
----------

Black 0,2
----------
X X X     
  O X X   
  O X X O 
  O O O O 
    X     
----------

White 1,4
----------
X X X     
  O X X O 
  O X X O 
  O O O O 
    X     
----------

Black 2,0
----------
X X X     
  O X X O 
X O X X O 
  O O O O 
    X     
----------

White 0,4
----------
X X X   O 
  O X X O 
X O X X O 
  O O O O 
    X     
----------

Black 1,0
----------
X X X   O 
X O X X O 
X O X X O 
  O O O O 
    X     
----------

White 3,0
----------
X X X   O 
X O X X O 
X O X X O 
O O O O O 
    X     
----------

Black 4,3
----------
X X X   O 
X O X X O 
X O X X O 
O O O O O 
    X X   
----------

White 0,3
----------
      O O 
  O     O 
  O     O 
O O O O O 
    X X   
----------

Black 2,2
----------
      O O 
  O     O 
  O X   O 
O O O O O 
    X X   
----------

White 0,1
----------
  O   O O 
  O     O 
  O X   O 
O O O O O 
    X X   
----------

Game end.
The winner is O
ta time: 27.45
student time: 5.6
White(You) win!
=====Round 8=====
Black:You White:TA
Wed Oct 28 14:48:25 PDT 2020
Clean up...
Start Playing...
Black 2,2
----------
          
          
    X     
          
          
----------

White 2,1
----------
          
          
  O X     
          
          
----------

Black 1,2
----------
          
    X     
  O X     
          
          
----------

White 3,2
----------
          
    X     
  O X     
    O     
          
----------

Black 1,1
----------
          
  X X     
  O X     
    O     
          
----------

White 2,3
----------
          
  X X     
  O X O   
    O     
          
----------

Black 1,3
----------
          
  X X X   
  O X O   
    O     
          
----------

White 3,1
----------
          
  X X X   
  O X O   
  O O     
          
----------

Black 1,0
----------
          
X X X X   
  O X O   
  O O     
          
----------

White 2,0
----------
          
X X X X   
O O X O   
  O O     
          
----------

Black 1,4
----------
          
X X X X X 
O O X O   
  O O     
          
----------

White 3,3
----------
          
X X X X X 
O O X O   
  O O O   
          
----------

Black 2,4
----------
          
X X X X X 
O O X O X 
  O O O   
          
----------

White 0,2
----------
    O     
X X X X X 
O O X O X 
  O O O   
          
----------

Black 3,4
----------
    O     
X X X X X 
O O X O X 
  O O O X 
          
----------

White 4,2
----------
    O     
X X X X X 
O O X O X 
  O O O X 
    O     
----------

Black 4,4
----------
    O     
X X X X X 
O O X O X 
  O O O X 
    O   X 
----------

White 0,1
----------
  O O     
X X X X X 
O O X O X 
  O O O X 
    O   X 
----------

Black 0,0
----------
X O O     
X X X X X 
O O X O X 
  O O O X 
    O   X 
----------

White 4,3
----------
X O O     
X X X X X 
O O X O X 
  O O O X 
    O O X 
----------

Black 0,3
----------
X     X   
X X X X X 
O O X O X 
  O O O X 
    O O X 
----------

White 0,2
----------
X   O X   
X X X X X 
O O X O X 
  O O O X 
    O O X 
----------

Black 0,1
----------
X X   X   
X X X X X 
O O X O X 
  O O O X 
    O O X 
----------

White 4,1
----------
X X   X   
X X X X X 
O O X O X 
  O O O X 
  O O O X 
----------

Game end.
The winner is X
ta time: 30.86
student time: 6.36
Black(You) win!
=====Round 9=====
Black:TA White:You
Wed Oct 28 14:48:33 PDT 2020
Clean up...
Start Playing...
Black 1,2
----------
          
    X     
          
          
          
----------

White 2,1
----------
          
    X     
  O       
          
          
----------

Black 2,2
----------
          
    X     
  O X     
          
          
----------

White 3,1
----------
          
    X     
  O X     
  O       
          
----------

Black 0,0
----------
X         
    X     
  O X     
  O       
          
----------

White 1,1
----------
X         
  O X     
  O X     
  O       
          
----------

Black 0,1
----------
X X       
  O X     
  O X     
  O       
          
----------

White 3,2
----------
X X       
  O X     
  O X     
  O O     
          
----------

Black 2,3
----------
X X       
  O X     
  O X X   
  O O     
          
----------

White 3,3
----------
X X       
  O X     
  O X X   
  O O O   
          
----------

Black 2,4
----------
X X       
  O X     
  O X X X 
  O O O   
          
----------

White 3,0
----------
X X       
  O X     
  O X X X 
O O O O   
          
----------

Black 1,3
----------
X X       
  O X X   
  O X X X 
O O O O   
          
----------

White 3,4
----------
X X       
  O X X   
  O X X X 
O O O O O 
          
----------

Black 4,2
----------
X X       
  O X X   
  O X X X 
O O O O O 
    X     
----------

White 1,0
----------
X X       
O O X X   
  O X X X 
O O O O O 
    X     
----------

Black 0,2
----------
X X X     
O O X X   
  O X X X 
O O O O O 
    X     
----------

White 2,0
----------
X X X     
O O X X   
O O X X X 
O O O O O 
    X     
----------

Black 4,3
----------
X X X     
O O X X   
O O X X X 
O O O O O 
    X X   
----------

White 4,0
----------
X X X     
O O X X   
O O X X X 
O O O O O 
O   X X   
----------

Black 1,4
----------
X X X     
O O X X X 
O O X X X 
O O O O O 
O   X X   
----------

White 4,1
----------
X X X     
O O X X X 
O O X X X 
O O O O O 
O O X X   
----------

Black 4,4
----------
X X X     
    X X X 
    X X X 
          
    X X X 
----------

White 3,1
----------
X X X     
    X X X 
    X X X 
  O       
    X X X 
----------

Game end.
The winner is X
ta time: 34.88
student time: 7.1
White(You) lose.
=====Round 10=====
Black:You White:TA
Wed Oct 28 14:48:42 PDT 2020
Clean up...
Start Playing...
Black 2,2
----------
          
          
    X     
          
          
----------

White 2,1
----------
          
          
  O X     
          
          
----------

Black 1,2
----------
          
    X     
  O X     
          
          
----------

White 3,2
----------
          
    X     
  O X     
    O     
          
----------

Black 1,1
----------
          
  X X     
  O X     
    O     
          
----------

White 2,3
----------
          
  X X     
  O X O   
    O     
          
----------

Black 1,3
----------
          
  X X X   
  O X O   
    O     
          
----------

White 0,2
----------
    O     
  X X X   
  O X O   
    O     
          
----------

Black 1,0
----------
    O     
X X X X   
  O X O   
    O     
          
----------

White 2,4
----------
    O     
X X X X   
  O X O O 
    O     
          
----------

Black 0,3
----------
    O X   
X X X X   
  O X O O 
    O     
          
----------

White 3,3
----------
    O X   
X X X X   
  O X O O 
    O O   
          
----------

Black 0,1
----------
  X   X   
X X X X   
  O X O O 
    O O   
          
----------

White 3,1
----------
  X   X   
X X X X   
  O X O O 
  O O O   
          
----------

Black 2,0
----------
  X   X   
X X X X   
X O X O O 
  O O O   
          
----------

White 4,2
----------
  X   X   
X X X X   
X O X O O 
  O O O   
    O     
----------

Black 3,0
----------
  X   X   
X X X X   
X O X O O 
X O O O   
    O     
----------

White 1,4
----------
  X   X   
X X X X O 
X O X O O 
X O O O   
    O     
----------

Black 4,0
----------
  X   X   
X X X X O 
X O X O O 
X O O O   
X   O     
----------

White 3,4
----------
  X   X   
X X X X O 
X O X O O 
X O O O O 
X   O     
----------

Black 0,0
----------
X X   X   
X X X X O 
X O X O O 
X O O O O 
X   O     
----------

White 4,3
----------
X X   X   
X X X X O 
X O X O O 
X O O O O 
X   O O   
----------

Black 0,2
----------
X X X X   
X X X X O 
X O X O O 
X O O O O 
X   O O   
----------

White 4,1
----------
X X X X   
X X X X O 
X O X O O 
X O O O O 
X O O O   
----------

Game end.
The winner is O
ta time: 38.35
student time: 7.87
Black(You) lose.

==Playing with championship_player==
=====Round 1=====
Black:TA White:You
Wed Oct 28 14:48:50 PDT 2020
Clean up...
Start Playing...
Black 2,2
----------
          
          
    X     
          
          
----------

White 1,1
----------
          
  O       
    X     
          
          
----------

Black 2,1
----------
          
  O       
  X X     
          
          
----------

White 1,2
----------
          
  O O     
  X X     
          
          
----------

Black 1,3
----------
          
  O O X   
  X X     
          
          
----------

White 1,0
----------
          
O O O X   
  X X     
          
          
----------

Black 0,2
----------
    X     
O O O X   
  X X     
          
          
----------

White 2,0
----------
    X     
O O O X   
O X X     
          
          
----------

Black 3,0
----------
    X     
O O O X   
O X X     
X         
          
----------

White 0,1
----------
  O X     
O O O X   
O X X     
X         
          
----------

Black 0,0
----------
X   X     
      X   
  X X     
X         
          
----------

White 3,3
----------
X   X     
      X   
  X X     
X     O   
          
----------

Black 3,2
----------
X   X     
      X   
  X X     
X   X O   
          
----------

White 2,3
----------
X   X     
      X   
  X X O   
X   X O   
          
----------

Black 1,4
----------
X   X     
      X X 
  X X O   
X   X O   
          
----------

White 4,3
----------
X   X     
      X X 
  X X O   
X   X O   
      O   
----------

Black 1,2
----------
X   X     
    X X X 
  X X O   
X   X O   
      O   
----------

White 4,2
----------
X   X     
    X X X 
  X X O   
X   X O   
    O O   
----------

Black 3,1
----------
X   X     
    X X X 
  X X O   
X X X O   
    O O   
----------

White 4,1
----------
X   X     
    X X X 
  X X O   
X X X O   
  O O O   
----------

Black 0,3
----------
X   X X   
    X X X 
  X X O   
X X X O   
  O O O   
----------

White 2,4
----------
X   X X   
    X X X 
  X X O O 
X X X O   
  O O O   
----------

Black 1,1
----------
X   X X   
  X X X X 
  X X O O 
X X X O   
  O O O   
----------

White 3,4
----------
X   X X   
  X X X X 
  X X O O 
X X X O O 
  O O O   
----------

Game end.
The winner is X
ta time: 79.17
student time: 8.53
White(You) lose.
=====Round 2=====
Black:You White:TA
Wed Oct 28 14:49:17 PDT 2020
Clean up...
Start Playing...
Black 2,2
----------
          
          
    X     
          
          
----------

White 1,2
----------
          
    O     
    X     
          
          
----------

Black 2,1
----------
          
    O     
  X X     
          
          
----------

White 1,3
----------
          
    O O   
  X X     
          
          
----------

Black 1,1
----------
          
  X O O   
  X X     
          
          
----------

White 2,3
----------
          
  X O O   
  X X O   
          
          
----------

Black 3,1
----------
          
  X O O   
  X X O   
  X       
          
----------

White 3,3
----------
          
  X O O   
  X X O   
  X   O   
          
----------

Black 0,1
----------
  X       
  X O O   
  X X O   
  X   O   
          
----------

White 0,2
----------
  X O     
  X O O   
  X X O   
  X   O   
          
----------

Black 3,2
----------
  X O     
  X O O   
  X X O   
  X X O   
          
----------

White 4,3
----------
  X O     
  X O O   
  X X O   
  X X O   
      O   
----------

Black 3,0
----------
  X O     
  X O O   
  X X O   
X X X O   
      O   
----------

White 2,4
----------
  X O     
  X O O   
  X X O O 
X X X O   
      O   
----------

Black 0,0
----------
X X O     
  X O O   
  X X O O 
X X X O   
      O   
----------

White 0,3
----------
X X O O   
  X O O   
  X X O O 
X X X O   
      O   
----------

Black 1,0
----------
X X O O   
X X O O   
  X X O O 
X X X O   
      O   
----------

White 4,4
----------
X X O O   
X X O O   
  X X O O 
X X X O   
      O O 
----------

Black 2,0
----------
X X O O   
X X O O   
X X X O O 
X X X O   
      O O 
----------

White 4,2
----------
X X O O   
X X O O   
X X X O O 
X X X O   
    O O O 
----------

Black 4,1
----------
X X O O   
X X O O   
X X X O O 
X X X O   
  X O O O 
----------

White 4,0
----------
    O O   
    O O   
      O O 
      O   
O   O O O 
----------

Black 2,1
----------
    O O   
    O O   
  X   O O 
      O   
O   O O O 
----------

White 3,2
----------
    O O   
    O O   
  X   O O 
    O O   
O   O O O 
----------

Game end.
The winner is O
ta time: 120.59
student time: 9.38
Black(You) lose.
=====Round 3=====
Black:TA White:You
Wed Oct 28 14:49:45 PDT 2020
Clean up...
Start Playing...
Black 2,2
----------
          
          
    X     
          
          
----------

White 1,1
----------
          
  O       
    X     
          
          
----------

Black 1,2
----------
          
  O X     
    X     
          
          
----------

White 2,1
----------
          
  O X     
  O X     
          
          
----------

Black 3,1
----------
          
  O X     
  O X     
  X       
          
----------

White 0,1
----------
  O       
  O X     
  O X     
  X       
          
----------

Black 3,0
----------
  O       
  O X     
  O X     
X X       
          
----------

White 0,2
----------
  O O     
  O X     
  O X     
X X       
          
----------

Black 1,3
----------
  O O     
  O X X   
  O X     
X X       
          
----------

White 0,3
----------
  O O O   
  O X X   
  O X     
X X       
          
----------

Black 1,4
----------
  O O O   
  O X X X 
  O X     
X X       
          
----------

White 0,0
----------
O O O O   
  O X X X 
  O X     
X X       
          
----------

Black 2,0
----------
O O O O   
  O X X X 
X O X     
X X       
          
----------

White 3,3
----------
O O O O   
  O X X X 
X O X     
X X   O   
          
----------

Black 0,4
----------
O O O O X 
  O X X X 
X O X     
X X   O   
          
----------

White 2,3
----------
O O O O X 
  O X X X 
X O X O   
X X   O   
          
----------

Black 1,0
----------
        X 
X   X X X 
X   X O   
X X   O   
          
----------

White 3,2
----------
        X 
X   X X X 
X   X O   
X X O O   
          
----------

Black 4,1
----------
        X 
X   X X X 
X   X O   
X X O O   
  X       
----------

White 3,4
----------
        X 
X   X X X 
X   X O   
X X O O O 
  X       
----------

Black 2,4
----------
        X 
X   X X X 
X   X O X 
X X O O O 
  X       
----------

White 4,2
----------
        X 
X   X X X 
X   X O X 
X X O O O 
  X O     
----------

Black 0,2
----------
    X   X 
X   X X X 
X   X O X 
X X O O O 
  X O     
----------

White 4,3
----------
    X   X 
X   X X X 
X   X O X 
X X O O O 
  X O O   
----------

Game end.
The winner is X
ta time: 155.73
student time: 10.04
White(You) lose.
=====Round 4=====
Black:You White:TA
Wed Oct 28 14:50:14 PDT 2020
Clean up...
Start Playing...
Black 2,2
----------
          
          
    X     
          
          
----------

White 2,3
----------
          
          
    X O   
          
          
----------

Black 1,2
----------
          
    X     
    X O   
          
          
----------

White 3,3
----------
          
    X     
    X O   
      O   
          
----------

Black 1,1
----------
          
  X X     
    X O   
      O   
          
----------

White 3,2
----------
          
  X X     
    X O   
    O O   
          
----------

Black 1,3
----------
          
  X X X   
    X O   
    O O   
          
----------

White 3,1
----------
          
  X X X   
    X O   
  O O O   
          
----------

Black 1,0
----------
          
X X X X   
    X O   
  O O O   
          
----------

White 1,4
----------
          
X X X X O 
    X O   
  O O O   
          
----------

Black 0,3
----------
      X   
X X X X O 
    X O   
  O O O   
          
----------

White 2,1
----------
      X   
X X X X O 
  O X O   
  O O O   
          
----------

Black 2,0
----------
      X   
X X X X O 
X O X O   
  O O O   
          
----------

White 3,0
----------
      X   
X X X X O 
X O X O   
O O O O   
          
----------

Black 0,0
----------
X     X   
X X X X O 
X O X O   
O O O O   
          
----------

White 2,4
----------
X     X   
X X X X O 
X O X O O 
O O O O   
          
----------

Black 0,1
----------
X X   X   
X X X X O 
X O X O O 
O O O O   
          
----------

White 4,2
----------
X X   X   
X X X X O 
X O X O O 
O O O O   
    O     
----------

Black 0,4
----------
X X   X X 
X X X X O 
X O X O O 
O O O O   
    O     
----------

White 0,2
----------
    O     
        O 
  O   O O 
O O O O   
    O     
----------

Black 1,1
----------
    O     
  X     O 
  O   O O 
O O O O   
    O     
----------

White 2,0
----------
    O     
  X     O 
O O   O O 
O O O O   
    O     
----------

Black 1,2
----------
    O     
  X X   O 
O O   O O 
O O O O   
    O     
----------

White 0,1
----------
  O O     
  X X   O 
O O   O O 
O O O O   
    O     
----------

Game end.
The winner is O
ta time: 195.87
student time: 10.74
Black(You) lose.
=====Round 5=====
Black:TA White:You
Wed Oct 28 14:50:42 PDT 2020
Clean up...
Start Playing...
Black 2,2
----------
          
          
    X     
          
          
----------

White 1,1
----------
          
  O       
    X     
          
          
----------

Black 1,2
----------
          
  O X     
    X     
          
          
----------

White 2,1
----------
          
  O X     
  O X     
          
          
----------

Black 3,1
----------
          
  O X     
  O X     
  X       
          
----------

White 0,1
----------
  O       
  O X     
  O X     
  X       
          
----------

Black 3,0
----------
  O       
  O X     
  O X     
X X       
          
----------

White 0,2
----------
  O O     
  O X     
  O X     
X X       
          
----------

Black 1,3
----------
  O O     
  O X X   
  O X     
X X       
          
----------

White 0,3
----------
  O O O   
  O X X   
  O X     
X X       
          
----------

Black 1,4
----------
  O O O   
  O X X X 
  O X     
X X       
          
----------

White 0,0
----------
O O O O   
  O X X X 
  O X     
X X       
          
----------

Black 2,0
----------
O O O O   
  O X X X 
X O X     
X X       
          
----------

White 3,3
----------
O O O O   
  O X X X 
X O X     
X X   O   
          
----------

Black 0,4
----------
O O O O X 
  O X X X 
X O X     
X X   O   
          
----------

White 2,3
----------
O O O O X 
  O X X X 
X O X O   
X X   O   
          
----------

Black 1,0
----------
        X 
X   X X X 
X   X O   
X X   O   
          
----------

White 3,2
----------
        X 
X   X X X 
X   X O   
X X O O   
          
----------

Black 4,1
----------
        X 
X   X X X 
X   X O   
X X O O   
  X       
----------

White 3,4
----------
        X 
X   X X X 
X   X O   
X X O O O 
  X       
----------

Black 2,4
----------
        X 
X   X X X 
X   X O X 
X X O O O 
  X       
----------

White 4,2
----------
        X 
X   X X X 
X   X O X 
X X O O O 
  X O     
----------

Black 4,3
----------
        X 
X   X X X 
X   X O X 
X X O O O 
  X O X   
----------

White 0,1
----------
  O     X 
X   X X X 
X   X O X 
X X O O O 
  X O X   
----------

Game end.
The winner is X
ta time: 237.59
student time: 11.47
White(You) lose.
=====Round 6=====
Black:You White:TA
Wed Oct 28 14:51:09 PDT 2020
Clean up...
Start Playing...
Black 2,2
----------
          
          
    X     
          
          
----------

White 2,3
----------
          
          
    X O   
          
          
----------

Black 1,2
----------
          
    X     
    X O   
          
          
----------

White 3,3
----------
          
    X     
    X O   
      O   
          
----------

Black 1,1
----------
          
  X X     
    X O   
      O   
          
----------

White 3,2
----------
          
  X X     
    X O   
    O O   
          
----------

Black 1,3
----------
          
  X X X   
    X O   
    O O   
          
----------

White 3,1
----------
          
  X X X   
    X O   
  O O O   
          
----------

Black 1,0
----------
          
X X X X   
    X O   
  O O O   
          
----------

White 1,4
----------
          
X X X X O 
    X O   
  O O O   
          
----------

Black 0,3
----------
      X   
X X X X O 
    X O   
  O O O   
          
----------

White 2,1
----------
      X   
X X X X O 
  O X O   
  O O O   
          
----------

Black 2,0
----------
      X   
X X X X O 
X O X O   
  O O O   
          
----------

White 3,0
----------
      X   
X X X X O 
X O X O   
O O O O   
          
----------

Black 0,0
----------
X     X   
X X X X O 
X O X O   
O O O O   
          
----------

White 2,4
----------
X     X   
X X X X O 
X O X O O 
O O O O   
          
----------

Black 0,1
----------
X X   X   
X X X X O 
X O X O O 
O O O O   
          
----------

White 4,2
----------
X X   X   
X X X X O 
X O X O O 
O O O O   
    O     
----------

Black 0,4
----------
X X   X X 
X X X X O 
X O X O O 
O O O O   
    O     
----------

White 0,2
----------
    O     
        O 
  O   O O 
O O O O   
    O     
----------

Black 1,1
----------
    O     
  X     O 
  O   O O 
O O O O   
    O     
----------

White 2,2
----------
    O     
  X     O 
  O O O O 
O O O O   
    O     
----------

Black 1,2
----------
    O     
  X X   O 
  O O O O 
O O O O   
    O     
----------

White 2,0
----------
    O     
  X X   O 
O O O O O 
O O O O   
    O     
----------

Game end.
The winner is O
ta time: 282.16
student time: 12.28
Black(You) lose.
=====Round 7=====
Black:TA White:You
Wed Oct 28 14:51:38 PDT 2020
Clean up...
Start Playing...
Black 2,2
----------
          
          
    X     
          
          
----------

White 1,1
----------
          
  O       
    X     
          
          
----------

Black 1,2
----------
          
  O X     
    X     
          
          
----------

White 2,1
----------
          
  O X     
  O X     
          
          
----------

Black 3,1
----------
          
  O X     
  O X     
  X       
          
----------

White 0,1
----------
  O       
  O X     
  O X     
  X       
          
----------

Black 3,0
----------
  O       
  O X     
  O X     
X X       
          
----------

White 0,2
----------
  O O     
  O X     
  O X     
X X       
          
----------

Black 1,3
----------
  O O     
  O X X   
  O X     
X X       
          
----------

White 0,3
----------
  O O O   
  O X X   
  O X     
X X       
          
----------

Black 1,4
----------
  O O O   
  O X X X 
  O X     
X X       
          
----------

White 0,0
----------
O O O O   
  O X X X 
  O X     
X X       
          
----------

Black 2,0
----------
O O O O   
  O X X X 
X O X     
X X       
          
----------

White 3,3
----------
O O O O   
  O X X X 
X O X     
X X   O   
          
----------

Black 0,4
----------
O O O O X 
  O X X X 
X O X     
X X   O   
          
----------

White 2,3
----------
O O O O X 
  O X X X 
X O X O   
X X   O   
          
----------

Black 1,0
----------
        X 
X   X X X 
X   X O   
X X   O   
          
----------

White 3,2
----------
        X 
X   X X X 
X   X O   
X X O O   
          
----------

Black 4,1
----------
        X 
X   X X X 
X   X O   
X X O O   
  X       
----------

White 3,4
----------
        X 
X   X X X 
X   X O   
X X O O O 
  X       
----------

Black 2,4
----------
        X 
X   X X X 
X   X O X 
X X O O O 
  X       
----------

White 4,2
----------
        X 
X   X X X 
X   X O X 
X X O O O 
  X O     
----------

Black 0,0
----------
X       X 
X   X X X 
X   X O X 
X X O O O 
  X O     
----------

White 4,3
----------
X       X 
X   X X X 
X   X O X 
X X O O O 
  X O O   
----------

Game end.
The winner is X
ta time: 320.88
student time: 12.95
White(You) lose.
=====Round 8=====
Black:You White:TA
Wed Oct 28 14:52:05 PDT 2020
Clean up...
Start Playing...
Black 2,2
----------
          
          
    X     
          
          
----------

White 2,1
----------
          
          
  O X     
          
          
----------

Black 1,2
----------
          
    X     
  O X     
          
          
----------

White 3,1
----------
          
    X     
  O X     
  O       
          
----------

Black 1,1
----------
          
  X X     
  O X     
  O       
          
----------

White 3,2
----------
          
  X X     
  O X     
  O O     
          
----------

Black 1,3
----------
          
  X X X   
  O X     
  O O     
          
----------

White 3,3
----------
          
  X X X   
  O X     
  O O O   
          
----------

Black 1,0
----------
          
X X X X   
  O X     
  O O O   
          
----------

White 2,0
----------
          
X X X X   
O O X     
  O O O   
          
----------

Black 1,4
----------
          
X X X X X 
O O X     
  O O O   
          
----------

White 3,4
----------
          
X X X X X 
O O X     
  O O O O 
          
----------

Black 2,3
----------
          
X X X X X 
O O X X   
  O O O O 
          
----------

White 4,2
----------
          
X X X X X 
O O X X   
  O O O O 
    O     
----------

Black 0,0
----------
X         
X X X X X 
O O X X   
  O O O O 
    O     
----------

White 3,0
----------
X         
X X X X X 
O O X X   
O O O O O 
    O     
----------

Black 0,1
----------
X X       
X X X X X 
O O X X   
O O O O O 
    O     
----------

White 0,3
----------
X X   O   
X X X X X 
O O X X   
O O O O O 
    O     
----------

Black 0,2
----------
X X X O   
X X X X X 
O O X X   
O O O O O 
    O     
----------

White 4,4
----------
X X X O   
X X X X X 
O O X X   
O O O O O 
    O   O 
----------

Black 2,4
----------
X X X O   
X X X X X 
O O X X X 
O O O O O 
    O   O 
----------

White 0,4
----------
      O O 
          
O O       
O O O O O 
    O   O 
----------

Black 1,2
----------
      O O 
    X     
O O       
O O O O O 
    O   O 
----------

White 2,3
----------
      O O 
    X     
O O   O   
O O O O O 
    O   O 
----------

Game end.
The winner is O
ta time: 361.87
student time: 13.72
Black(You) lose.
=====Round 9=====
Black:TA White:You
Wed Oct 28 14:52:32 PDT 2020
Clean up...
Start Playing...
Black 2,2
----------
          
          
    X     
          
          
----------

White 1,1
----------
          
  O       
    X     
          
          
----------

Black 1,2
----------
          
  O X     
    X     
          
          
----------

White 2,1
----------
          
  O X     
  O X     
          
          
----------

Black 3,1
----------
          
  O X     
  O X     
  X       
          
----------

White 0,1
----------
  O       
  O X     
  O X     
  X       
          
----------

Black 3,0
----------
  O       
  O X     
  O X     
X X       
          
----------

White 0,2
----------
  O O     
  O X     
  O X     
X X       
          
----------

Black 1,3
----------
  O O     
  O X X   
  O X     
X X       
          
----------

White 0,3
----------
  O O O   
  O X X   
  O X     
X X       
          
----------

Black 1,4
----------
  O O O   
  O X X X 
  O X     
X X       
          
----------

White 0,0
----------
O O O O   
  O X X X 
  O X     
X X       
          
----------

Black 2,0
----------
O O O O   
  O X X X 
X O X     
X X       
          
----------

White 3,3
----------
O O O O   
  O X X X 
X O X     
X X   O   
          
----------

Black 0,4
----------
O O O O X 
  O X X X 
X O X     
X X   O   
          
----------

White 2,3
----------
O O O O X 
  O X X X 
X O X O   
X X   O   
          
----------

Black 1,0
----------
        X 
X   X X X 
X   X O   
X X   O   
          
----------

White 3,2
----------
        X 
X   X X X 
X   X O   
X X O O   
          
----------

Black 4,2
----------
        X 
X   X X X 
X   X O   
X X O O   
    X     
----------

White 3,4
----------
        X 
X   X X X 
X   X O   
X X O O O 
    X     
----------

Black 2,1
----------
        X 
X   X X X 
X X X O   
X X O O O 
    X     
----------

White 2,4
----------
        X 
X   X X X 
X X X O O 
X X O O O 
    X     
----------

Black 4,4
----------
        X 
X   X X X 
X X X O O 
X X O O O 
    X   X 
----------

White 0,1
----------
  O     X 
X   X X X 
X X X O O 
X X O O O 
    X   X 
----------

Game end.
The winner is X
ta time: 401.05
student time: 14.49
White(You) lose.
=====Round 10=====
Black:You White:TA
Wed Oct 28 14:53:00 PDT 2020
Clean up...
Start Playing...
Black 2,2
----------
          
          
    X     
          
          
----------

White 1,3
----------
          
      O   
    X     
          
          
----------

Black 2,1
----------
          
      O   
  X X     
          
          
----------

White 1,2
----------
          
    O O   
  X X     
          
          
----------

Black 1,1
----------
          
  X O O   
  X X     
          
          
----------

White 2,3
----------
          
  X O O   
  X X O   
          
          
----------

Black 3,1
----------
          
  X O O   
  X X O   
  X       
          
----------

White 3,3
----------
          
  X O O   
  X X O   
  X   O   
          
----------

Black 0,1
----------
  X       
  X O O   
  X X O   
  X   O   
          
----------

White 0,2
----------
  X O     
  X O O   
  X X O   
  X   O   
          
----------

Black 3,2
----------
  X O     
  X O O   
  X X O   
  X X O   
          
----------

White 4,3
----------
  X O     
  X O O   
  X X O   
  X X O   
      O   
----------

Black 3,0
----------
  X O     
  X O O   
  X X O   
X X X O   
      O   
----------

White 1,4
----------
  X O     
  X O O O 
  X X O   
X X X O   
      O   
----------

Black 0,0
----------
X X O     
  X O O O 
  X X O   
X X X O   
      O   
----------

White 3,4
----------
X X O     
  X O O O 
  X X O   
X X X O O 
      O   
----------

Black 1,0
----------
X X O     
X X O O O 
  X X O   
X X X O O 
      O   
----------

White 0,4
----------
X X O   O 
X X O O O 
  X X O   
X X X O O 
      O   
----------

Black 2,0
----------
X X O   O 
X X O O O 
X X X O   
X X X O O 
      O   
----------

White 4,1
----------
X X O   O 
X X O O O 
X X X O   
X X X O O 
  O   O   
----------

Black 4,2
----------
X X O   O 
X X O O O 
X X X O   
X X X O O 
  O X O   
----------

White 4,0
----------
    O   O 
    O O O 
      O   
      O O 
O O   O   
----------

Black 2,1
----------
    O   O 
    O O O 
  X   O   
      O O 
O O   O   
----------

White 3,1
----------
    O   O 
    O O O 
  X   O   
  O   O O 
O O   O   
----------

Game end.
The winner is O
ta time: 440.8
student time: 15.34
Black(You) lose.
