Thu Oct 29 20:10:48 PDT 2020

==Playing with qlearning_player==
=====Round 1=====
Black:TA White:You
Thu Oct 29 20:10:50 PDT 2020
Clean up...
Start Playing...
Black 1,2
----------
          
    X     
          
          
          
----------

White 2,1
----------
          
    X     
  O       
          
          
----------

Black 2,2
----------
          
    X     
  O X     
          
          
----------

White 3,1
----------
          
    X     
  O X     
  O       
          
----------

Black 0,0
----------
X         
    X     
  O X     
  O       
          
----------

White 1,1
----------
X         
  O X     
  O X     
  O       
          
----------

Black 0,1
----------
X X       
  O X     
  O X     
  O       
          
----------

White 1,0
----------
X X       
O O X     
  O X     
  O       
          
----------

Black 2,3
----------
X X       
O O X     
  O X X   
  O       
          
----------

White 0,2
----------
    O     
O O X     
  O X X   
  O       
          
----------

Black 3,2
----------
    O     
O O X     
  O X X   
  O X     
          
----------

White 0,3
----------
    O O   
O O X     
  O X X   
  O X     
          
----------

Black 1,3
----------
    O O   
O O X X   
  O X X   
  O X     
          
----------

White 4,1
----------
    O O   
O O X X   
  O X X   
  O X     
  O       
----------

Black 3,3
----------
    O O   
O O X X   
  O X X   
  O X X   
  O       
----------

White 0,4
----------
    O O O 
O O X X   
  O X X   
  O X X   
  O       
----------

Black 2,0
----------
    O O O 
O O X X   
X O X X   
  O X X   
  O       
----------

White 3,0
----------
    O O O 
O O X X   
  O X X   
O O X X   
  O       
----------

Black 4,2
----------
    O O O 
O O X X   
  O X X   
O O X X   
  O X     
----------

White 1,4
----------
    O O O 
O O X X O 
  O X X   
O O X X   
  O X     
----------

Black 2,4
----------
    O O O 
O O X X O 
  O X X X 
O O X X   
  O X     
----------

White 3,4
----------
    O O O 
O O X X O 
  O X X X 
O O X X O 
  O X     
----------

Black 0,1
----------
  X       
O O X X   
  O X X X 
O O X X O 
  O X     
----------

White 0,0
----------
O X       
O O X X   
  O X X X 
O O X X O 
  O X     
----------

Game end.
The winner is O
ta time: 3.93
student time: 3.42
White(You) win!
=====Round 2=====
Black:You White:TA
Thu Oct 29 20:12:36 PDT 2020
Clean up...
Start Playing...
Black 2,2
----------
          
          
    X     
          
          
----------

White 2,1
----------
          
          
  O X     
          
          
----------

Black 1,1
----------
          
  X       
  O X     
          
          
----------

White 3,4
----------
          
  X       
  O X     
        O 
          
----------

Black 2,3
----------
          
  X       
  O X X   
        O 
          
----------

White 3,2
----------
          
  X       
  O X X   
    O   O 
          
----------

Black 3,1
----------
          
  X       
  O X X   
  X O   O 
          
----------

White 1,2
----------
          
  X O     
  O X X   
  X O   O 
          
----------

Black 2,0
----------
          
  X O     
X   X X   
  X O   O 
          
----------

White 3,3
----------
          
  X O     
X   X X   
  X O O O 
          
----------

Black 1,3
----------
          
  X O X   
X   X X   
  X O O O 
          
----------

White 2,4
----------
          
  X O X   
X   X X O 
  X O O O 
          
----------

Black 0,2
----------
    X     
  X   X   
X   X X O 
  X O O O 
          
----------

White 4,2
----------
    X     
  X   X   
X   X X O 
  X O O O 
    O     
----------

Black 0,1
----------
  X X     
  X   X   
X   X X O 
  X O O O 
    O     
----------

White 4,1
----------
  X X     
  X   X   
X   X X O 
  X O O O 
  O O     
----------

Black 0,3
----------
  X X X   
  X   X   
X   X X O 
  X O O O 
  O O     
----------

White 1,4
----------
  X X X   
  X   X O 
X   X X O 
  X O O O 
  O O     
----------

Black 1,2
----------
  X X X   
  X X X O 
X   X X O 
  X O O O 
  O O     
----------

White 3,0
----------
  X X X   
  X X X O 
X   X X O 
O X O O O 
  O O     
----------

Black 2,1
----------
  X X X   
  X X X O 
X X X X O 
O X O O O 
  O O     
----------

White 4,3
----------
  X X X   
  X X X O 
X X X X O 
O X O O O 
  O O O   
----------

Black 0,0
----------
X X X X   
  X X X O 
X X X X O 
O X O O O 
  O O O   
----------

White 4,4
----------
X X X X   
  X X X O 
X X X X O 
O X O O O 
  O O O O 
----------

Game end.
The winner is O
ta time: 7.72
student time: 6.54
Black(You) lose.
=====Round 3=====
Black:TA White:You
Thu Oct 29 20:13:31 PDT 2020
Clean up...
Start Playing...
Black 1,2
----------
          
    X     
          
          
          
----------

White 2,1
----------
          
    X     
  O       
          
          
----------

Black 2,2
----------
          
    X     
  O X     
          
          
----------

White 3,1
----------
          
    X     
  O X     
  O       
          
----------

Black 0,0
----------
X         
    X     
  O X     
  O       
          
----------

White 1,1
----------
X         
  O X     
  O X     
  O       
          
----------

Black 0,1
----------
X X       
  O X     
  O X     
  O       
          
----------

White 1,0
----------
X X       
O O X     
  O X     
  O       
          
----------

Black 2,3
----------
X X       
O O X     
  O X X   
  O       
          
----------

White 0,2
----------
    O     
O O X     
  O X X   
  O       
          
----------

Black 3,2
----------
    O     
O O X     
  O X X   
  O X     
          
----------

White 0,3
----------
    O O   
O O X     
  O X X   
  O X     
          
----------

Black 4,2
----------
    O O   
O O X     
  O X X   
  O X     
    X     
----------

White 1,3
----------
    O O   
O O X O   
  O X X   
  O X     
    X     
----------

Black 3,3
----------
    O O   
O O X O   
  O X X   
  O X X   
    X     
----------

White 1,4
----------
    O O   
O O X O O 
  O X X   
  O X X   
    X     
----------

Black 2,4
----------
    O O   
O O X O O 
  O X X X 
  O X X   
    X     
----------

White 3,0
----------
    O O   
O O X O O 
  O X X X 
O O X X   
    X     
----------

Black 0,1
----------
  X O O   
O O X O O 
  O X X X 
O O X X   
    X     
----------

White 0,0
----------
O   O O   
O O X O O 
  O X X X 
O O X X   
    X     
----------

Black 4,3
----------
O   O O   
O O X O O 
  O X X X 
O O X X   
    X X   
----------

White 0,1
----------
O O O O   
O O X O O 
  O X X X 
O O X X   
    X X   
----------

Black 4,1
----------
O O O O   
O O X O O 
  O X X X 
O O X X   
  X X X   
----------

White 0,4
----------
O O O O O 
O O X O O 
  O X X X 
O O X X   
  X X X   
----------

Game end.
The winner is O
ta time: 11.55
student time: 9.84
White(You) win!
=====Round 4=====
Black:You White:TA
Thu Oct 29 20:13:53 PDT 2020
Clean up...
Start Playing...
Black 2,2
----------
          
          
    X     
          
          
----------

White 2,1
----------
          
          
  O X     
          
          
----------

Black 1,1
----------
          
  X       
  O X     
          
          
----------

White 3,4
----------
          
  X       
  O X     
        O 
          
----------

Black 2,3
----------
          
  X       
  O X X   
        O 
          
----------

White 1,2
----------
          
  X O     
  O X X   
        O 
          
----------

Black 1,3
----------
          
  X O X   
  O X X   
        O 
          
----------

White 3,2
----------
          
  X O X   
  O X X   
    O   O 
          
----------

Black 0,2
----------
    X     
  X   X   
  O X X   
    O   O 
          
----------

White 2,0
----------
    X     
  X   X   
O O X X   
    O   O 
          
----------

Black 3,3
----------
    X     
  X   X   
O O X X   
    O X O 
          
----------

White 3,1
----------
    X     
  X   X   
O O X X   
  O O X O 
          
----------

Black 2,4
----------
    X     
  X   X   
O O X X X 
  O O X O 
          
----------

White 4,2
----------
    X     
  X   X   
O O X X X 
  O O X O 
    O     
----------

Black 0,1
----------
  X X     
  X   X   
O O X X X 
  O O X O 
    O     
----------

White 0,3
----------
  X X O   
  X   X   
O O X X X 
  O O X O 
    O     
----------

Black 1,2
----------
  X X O   
  X X X   
O O X X X 
  O O X O 
    O     
----------

White 4,1
----------
  X X O   
  X X X   
O O X X X 
  O O X O 
  O O     
----------

Black 1,4
----------
  X X O   
  X X X X 
O O X X X 
  O O X O 
  O O     
----------

White 3,0
----------
  X X O   
  X X X X 
O O X X X 
O O O X O 
  O O     
----------

Black 0,4
----------
  X X   X 
  X X X X 
O O X X X 
O O O X O 
  O O     
----------

White 4,3
----------
  X X   X 
  X X X X 
O O X X X 
O O O X O 
  O O O   
----------

Black 0,0
----------
X X X   X 
  X X X X 
O O X X X 
O O O X O 
  O O O   
----------

White 1,0
----------
X X X   X 
O X X X X 
O O X X X 
O O O X O 
  O O O   
----------

Game end.
The winner is O
ta time: 15.27
student time: 13.01
Black(You) lose.
=====Round 5=====
Black:TA White:You
Thu Oct 29 20:14:15 PDT 2020
Clean up...
Start Playing...
Black 1,2
----------
          
    X     
          
          
          
----------

White 2,1
----------
          
    X     
  O       
          
          
----------

Black 2,2
----------
          
    X     
  O X     
          
          
----------

White 3,1
----------
          
    X     
  O X     
  O       
          
----------

Black 0,0
----------
X         
    X     
  O X     
  O       
          
----------

White 1,1
----------
X         
  O X     
  O X     
  O       
          
----------

Black 0,1
----------
X X       
  O X     
  O X     
  O       
          
----------

White 1,0
----------
X X       
O O X     
  O X     
  O       
          
----------

Black 3,2
----------
X X       
O O X     
  O X     
  O X     
          
----------

White 0,2
----------
    O     
O O X     
  O X     
  O X     
          
----------

Black 2,3
----------
    O     
O O X     
  O X X   
  O X     
          
----------

White 0,3
----------
    O O   
O O X     
  O X X   
  O X     
          
----------

Black 4,2
----------
    O O   
O O X     
  O X X   
  O X     
    X     
----------

White 1,3
----------
    O O   
O O X O   
  O X X   
  O X     
    X     
----------

Black 2,0
----------
    O O   
O O X O   
X O X X   
  O X     
    X     
----------

White 3,0
----------
    O O   
O O X O   
  O X X   
O O X     
    X     
----------

Black 3,3
----------
    O O   
O O X O   
  O X X   
O O X X   
    X     
----------

White 1,4
----------
    O O   
O O X O O 
  O X X   
O O X X   
    X     
----------

Black 2,4
----------
    O O   
O O X O O 
  O X X X 
O O X X   
    X     
----------

White 0,0
----------
O   O O   
O O X O O 
  O X X X 
O O X X   
    X     
----------

Black 4,3
----------
O   O O   
O O X O O 
  O X X X 
O O X X   
    X X   
----------

White 0,1
----------
O O O O   
O O X O O 
  O X X X 
O O X X   
    X X   
----------

Black 4,1
----------
O O O O   
O O X O O 
  O X X X 
O O X X   
  X X X   
----------

White 0,4
----------
O O O O O 
O O X O O 
  O X X X 
O O X X   
  X X X   
----------

Game end.
The winner is O
ta time: 19.02
student time: 16.28
White(You) win!
=====Round 6=====
Black:You White:TA
Thu Oct 29 20:14:34 PDT 2020
Clean up...
Start Playing...
Black 2,2
----------
          
          
    X     
          
          
----------

White 2,1
----------
          
          
  O X     
          
          
----------

Black 1,1
----------
          
  X       
  O X     
          
          
----------

White 3,4
----------
          
  X       
  O X     
        O 
          
----------

Black 2,3
----------
          
  X       
  O X X   
        O 
          
----------

White 3,2
----------
          
  X       
  O X X   
    O   O 
          
----------

Black 3,1
----------
          
  X       
  O X X   
  X O   O 
          
----------

White 1,2
----------
          
  X O     
  O X X   
  X O   O 
          
----------

Black 2,0
----------
          
  X O     
X   X X   
  X O   O 
          
----------

White 1,3
----------
          
  X O O   
X   X X   
  X O   O 
          
----------

Black 3,3
----------
          
  X O O   
X   X X   
  X O X O 
          
----------

White 2,4
----------
          
  X O O   
X   X X O 
  X O X O 
          
----------

Black 4,2
----------
          
  X O O   
X   X X O 
  X   X O 
    X     
----------

White 0,2
----------
    O     
  X O O   
X   X X O 
  X   X O 
    X     
----------

Black 0,1
----------
  X O     
  X O O   
X   X X O 
  X   X O 
    X     
----------

White 0,3
----------
  X O O   
  X O O   
X   X X O 
  X   X O 
    X     
----------

Black 2,1
----------
  X O O   
  X O O   
X X X X O 
  X   X O 
    X     
----------

White 4,3
----------
  X O O   
  X O O   
X X X X O 
  X   X O 
    X O   
----------

Black 3,0
----------
  X O O   
  X O O   
X X X X O 
X X   X O 
    X O   
----------

White 1,0
----------
  X O O   
O X O O   
X X X X O 
X X   X O 
    X O   
----------

Black 0,0
----------
X X O O   
  X O O   
X X X X O 
X X   X O 
    X O   
----------

White 1,4
----------
X X O O   
  X O O O 
X X X X O 
X X   X O 
    X O   
----------

Black 4,4
----------
X X O O   
  X O O O 
X X X X O 
X X   X O 
    X   X 
----------

White 4,1
----------
X X O O   
  X O O O 
X X X X O 
X X   X O 
  O X   X 
----------

Game end.
The winner is X
ta time: 22.51
student time: 19.35
Black(You) win!
=====Round 7=====
Black:TA White:You
Thu Oct 29 20:14:52 PDT 2020
Clean up...
Start Playing...
Black 1,2
----------
          
    X     
          
          
          
----------

White 2,1
----------
          
    X     
  O       
          
          
----------

Black 2,2
----------
          
    X     
  O X     
          
          
----------

White 3,1
----------
          
    X     
  O X     
  O       
          
----------

Black 0,0
----------
X         
    X     
  O X     
  O       
          
----------

White 1,1
----------
X         
  O X     
  O X     
  O       
          
----------

Black 0,1
----------
X X       
  O X     
  O X     
  O       
          
----------

White 1,0
----------
X X       
O O X     
  O X     
  O       
          
----------

Black 3,2
----------
X X       
O O X     
  O X     
  O X     
          
----------

White 0,2
----------
    O     
O O X     
  O X     
  O X     
          
----------

Black 2,3
----------
    O     
O O X     
  O X X   
  O X     
          
----------

White 0,3
----------
    O O   
O O X     
  O X X   
  O X     
          
----------

Black 1,3
----------
    O O   
O O X X   
  O X X   
  O X     
          
----------

White 4,1
----------
    O O   
O O X X   
  O X X   
  O X     
  O       
----------

Black 2,4
----------
    O O   
O O X X   
  O X X X 
  O X     
  O       
----------

White 0,4
----------
    O O O 
O O X X   
  O X X X 
  O X     
  O       
----------

Black 2,0
----------
    O O O 
O O X X   
X O X X X 
  O X     
  O       
----------

White 3,0
----------
    O O O 
O O X X   
  O X X X 
O O X     
  O       
----------

Black 4,2
----------
    O O O 
O O X X   
  O X X X 
O O X     
  O X     
----------

White 0,0
----------
O   O O O 
O O X X   
  O X X X 
O O X     
  O X     
----------

Black 3,3
----------
O   O O O 
O O X X   
  O X X X 
O O X X   
  O X     
----------

White 0,1
----------
O O O O O 
O O X X   
  O X X X 
O O X X   
  O X     
----------

Black 3,4
----------
O O O O O 
O O X X   
  O X X X 
O O X X X 
  O X     
----------

White 1,4
----------
O O O O O 
O O X X O 
  O X X X 
O O X X X 
  O X     
----------

Game end.
The winner is O
ta time: 26.31
student time: 22.5
White(You) win!
=====Round 8=====
Black:You White:TA
Thu Oct 29 20:15:10 PDT 2020
Clean up...
Start Playing...
Black 2,2
----------
          
          
    X     
          
          
----------

White 2,1
----------
          
          
  O X     
          
          
----------

Black 1,1
----------
          
  X       
  O X     
          
          
----------

White 3,4
----------
          
  X       
  O X     
        O 
          
----------

Black 2,3
----------
          
  X       
  O X X   
        O 
          
----------

White 1,2
----------
          
  X O     
  O X X   
        O 
          
----------

Black 1,3
----------
          
  X O X   
  O X X   
        O 
          
----------

White 3,2
----------
          
  X O X   
  O X X   
    O   O 
          
----------

Black 0,2
----------
    X     
  X   X   
  O X X   
    O   O 
          
----------

White 2,0
----------
    X     
  X   X   
O O X X   
    O   O 
          
----------

Black 3,3
----------
    X     
  X   X   
O O X X   
    O X O 
          
----------

White 4,2
----------
    X     
  X   X   
O O X X   
    O X O 
    O     
----------

Black 2,4
----------
    X     
  X   X   
O O X X X 
    O X O 
    O     
----------

White 3,1
----------
    X     
  X   X   
O O X X X 
  O O X O 
    O     
----------

Black 0,1
----------
  X X     
  X   X   
O O X X X 
  O O X O 
    O     
----------

White 0,3
----------
  X X O   
  X   X   
O O X X X 
  O O X O 
    O     
----------

Black 1,2
----------
  X X O   
  X X X   
O O X X X 
  O O X O 
    O     
----------

White 1,4
----------
  X X O   
  X X X O 
O O X X X 
  O O X O 
    O     
----------

Black 0,4
----------
  X X   X 
  X X X   
O O X X X 
  O O X O 
    O     
----------

White 3,0
----------
  X X   X 
  X X X   
O O X X X 
O O O X O 
    O     
----------

Black 4,3
----------
  X X   X 
  X X X   
O O X X X 
O O O X O 
    O X   
----------

White 4,1
----------
  X X   X 
  X X X   
O O X X X 
O O O X O 
  O O X   
----------

Black 1,0
----------
  X X   X 
X X X X   
O O X X X 
O O O X O 
  O O X   
----------

White PASS
----------
  X X   X 
X X X X   
O O X X X 
O O O X O 
  O O X   
----------

Game end.
The winner is X
ta time: 29.77
student time: 25.46
Black(You) win!
=====Round 9=====
Black:TA White:You
Thu Oct 29 20:15:32 PDT 2020
Clean up...
Start Playing...
Black 1,2
----------
          
    X     
          
          
          
----------

White 2,1
----------
          
    X     
  O       
          
          
----------

Black 2,2
----------
          
    X     
  O X     
          
          
----------

White 3,1
----------
          
    X     
  O X     
  O       
          
----------

Black 0,0
----------
X         
    X     
  O X     
  O       
          
----------

White 1,1
----------
X         
  O X     
  O X     
  O       
          
----------

Black 0,1
----------
X X       
  O X     
  O X     
  O       
          
----------

White 1,0
----------
X X       
O O X     
  O X     
  O       
          
----------

Black 3,2
----------
X X       
O O X     
  O X     
  O X     
          
----------

White 0,2
----------
    O     
O O X     
  O X     
  O X     
          
----------

Black 2,3
----------
    O     
O O X     
  O X X   
  O X     
          
----------

White 0,3
----------
    O O   
O O X     
  O X X   
  O X     
          
----------

Black 1,3
----------
    O O   
O O X X   
  O X X   
  O X     
          
----------

White 4,1
----------
    O O   
O O X X   
  O X X   
  O X     
  O       
----------

Black 2,0
----------
    O O   
O O X X   
X O X X   
  O X     
  O       
----------

White 3,0
----------
    O O   
O O X X   
  O X X   
O O X     
  O       
----------

Black 4,2
----------
    O O   
O O X X   
  O X X   
O O X     
  O X     
----------

White 0,4
----------
    O O O 
O O X X   
  O X X   
O O X     
  O X     
----------

Black 3,3
----------
    O O O 
O O X X   
  O X X   
O O X X   
  O X     
----------

White 1,4
----------
    O O O 
O O X X O 
  O X X   
O O X X   
  O X     
----------

Black 2,4
----------
    O O O 
O O X X O 
  O X X X 
O O X X   
  O X     
----------

White 3,4
----------
    O O O 
O O X X O 
  O X X X 
O O X X O 
  O X     
----------

Black 0,1
----------
  X       
O O X X   
  O X X X 
O O X X O 
  O X     
----------

White 0,0
----------
O X       
O O X X   
  O X X X 
O O X X O 
  O X     
----------

Game end.
The winner is O
ta time: 33.63
student time: 28.64
White(You) win!
=====Round 10=====
Black:You White:TA
Thu Oct 29 20:15:50 PDT 2020
Clean up...
Start Playing...
Black 2,2
----------
          
          
    X     
          
          
----------

White 2,1
----------
          
          
  O X     
          
          
----------

Black 1,1
----------
          
  X       
  O X     
          
          
----------

White 3,4
----------
          
  X       
  O X     
        O 
          
----------

Black 2,3
----------
          
  X       
  O X X   
        O 
          
----------

White 1,2
----------
          
  X O     
  O X X   
        O 
          
----------

Black 1,3
----------
          
  X O X   
  O X X   
        O 
          
----------

White 3,2
----------
          
  X O X   
  O X X   
    O   O 
          
----------

Black 0,2
----------
    X     
  X   X   
  O X X   
    O   O 
          
----------

White 3,3
----------
    X     
  X   X   
  O X X   
    O O O 
          
----------

Black 3,1
----------
    X     
  X   X   
  O X X   
  X O O O 
          
----------

White 2,4
----------
    X     
  X   X   
  O X X O 
  X O O O 
          
----------

Black 2,0
----------
    X     
  X   X   
X   X X O 
  X O O O 
          
----------

White 4,2
----------
    X     
  X   X   
X   X X O 
  X O O O 
    O     
----------

Black 0,1
----------
  X X     
  X   X   
X   X X O 
  X O O O 
    O     
----------

White 3,0
----------
  X X     
  X   X   
X   X X O 
O X O O O 
    O     
----------

Black 0,3
----------
  X X X   
  X   X   
X   X X O 
O X O O O 
    O     
----------

White 1,0
----------
  X X X   
O X   X   
X   X X O 
O X O O O 
    O     
----------

Black 0,0
----------
X X X X   
  X   X   
X   X X O 
O X O O O 
    O     
----------

White 4,1
----------
X X X X   
  X   X   
X   X X O 
O X O O O 
  O O     
----------

Black 1,2
----------
X X X X   
  X X X   
X   X X O 
O X O O O 
  O O     
----------

White 2,1
----------
X X X X   
  X X X   
X O X X O 
O   O O O 
  O O     
----------

Black 0,4
----------
X X X X X 
  X X X   
X O X X O 
O   O O O 
  O O     
----------

White 1,0
----------
X X X X X 
O X X X   
  O X X O 
O   O O O 
  O O     
----------

Game end.
The winner is O
ta time: 36.99
student time: 31.8
Black(You) lose.

==Playing with championship_player==
=====Round 1=====
Black:TA White:You
Thu Oct 29 20:16:10 PDT 2020
Clean up...
Start Playing...
Black 2,2
----------
          
          
    X     
          
          
----------

White 1,3
----------
          
      O   
    X     
          
          
----------

Black 2,3
----------
          
      O   
    X X   
          
          
----------

White 0,0
----------
O         
      O   
    X X   
          
          
----------

Black 1,2
----------
O         
    X O   
    X X   
          
          
----------

White 0,1
----------
O O       
    X O   
    X X   
          
          
----------

Black 0,2
----------
O O X     
    X O   
    X X   
          
          
----------

White 1,1
----------
O O X     
  O X O   
    X X   
          
          
----------

Black 2,1
----------
O O X     
  O X O   
  X X X   
          
          
----------

White 1,4
----------
O O X     
  O X O O 
  X X X   
          
          
----------

Black 1,0
----------
    X     
X   X O O 
  X X X   
          
          
----------

White 2,4
----------
    X     
X   X O O 
  X X X O 
          
          
----------

Black 3,3
----------
    X     
X   X O O 
  X X X O 
      X   
          
----------

White 3,4
----------
    X     
X   X O O 
  X X X O 
      X O 
          
----------

Black 3,1
----------
    X     
X   X O O 
  X X X O 
  X   X O 
          
----------

White 4,4
----------
    X     
X   X O O 
  X X X O 
  X   X O 
        O 
----------

Black 4,1
----------
    X     
X   X O O 
  X X X O 
  X   X O 
  X     O 
----------

White 4,3
----------
    X     
X   X O O 
  X X X O 
  X   X O 
  X   O O 
----------

Black 4,2
----------
    X     
X   X O O 
  X X X O 
  X   X O 
  X X O O 
----------

White 0,1
----------
  O X     
X   X O O 
  X X X O 
  X   X O 
  X X O O 
----------

Black 1,1
----------
  O X     
X X X O O 
  X X X O 
  X   X O 
  X X O O 
----------

White 3,0
----------
  O X     
X X X O O 
  X X X O 
O X   X O 
  X X O O 
----------

Black 4,0
----------
  O X     
X X X O O 
  X X X O 
O X   X O 
X X X O O 
----------

White PASS
----------
  O X     
X X X O O 
  X X X O 
O X   X O 
X X X O O 
----------

Game end.
The winner is X
ta time: 68.47
student time: 34.5
White(You) lose.
=====Round 2=====
Black:You White:TA
Thu Oct 29 20:16:45 PDT 2020
Clean up...
Start Playing...
Black 2,2
----------
          
          
    X     
          
          
----------

White 3,2
----------
          
          
    X     
    O     
          
----------

Black 1,1
----------
          
  X       
    X     
    O     
          
----------

White 2,3
----------
          
  X       
    X O   
    O     
          
----------

Black 1,2
----------
          
  X X     
    X O   
    O     
          
----------

White 3,3
----------
          
  X X     
    X O   
    O O   
          
----------

Black 1,3
----------
          
  X X X   
    X O   
    O O   
          
----------

White 3,1
----------
          
  X X X   
    X O   
  O O O   
          
----------

Black 2,1
----------
          
  X X X   
  X X O   
  O O O   
          
----------

White 2,0
----------
          
  X X X   
O X X O   
  O O O   
          
----------

Black 1,0
----------
          
X X X X   
O X X O   
  O O O   
          
----------

White 3,0
----------
          
X X X X   
O X X O   
O O O O   
          
----------

Black 1,4
----------
          
X X X X X 
O X X O   
O O O O   
          
----------

White 2,4
----------
          
X X X X X 
O X X O O 
O O O O   
          
----------

Black 0,0
----------
X         
X X X X X 
O X X O O 
O O O O   
          
----------

White 0,3
----------
X     O   
X X X X X 
O X X O O 
O O O O   
          
----------

Black 0,2
----------
X   X O   
X X X X X 
O X X O O 
O O O O   
          
----------

White 4,2
----------
X   X O   
X X X X X 
O X X O O 
O O O O   
    O     
----------

Black 4,4
----------
X   X O   
X X X X X 
O X X O O 
O O O O   
    O   X 
----------

White 3,4
----------
X   X O   
X X X X X 
O X X O O 
O O O O O 
    O   X 
----------

Black 0,4
----------
X   X   X 
X X X X X 
O X X O O 
O O O O O 
    O   X 
----------

White 4,3
----------
X   X   X 
X X X X X 
O X X O O 
O O O O O 
    O O   
----------

Black PASS
----------
X   X   X 
X X X X X 
O X X O O 
O O O O O 
    O O   
----------

White 4,0
----------
X   X   X 
X X X X X 
O X X O O 
O O O O O 
O   O O   
----------

Game end.
The winner is O
ta time: 100.34
student time: 37.77
Black(You) lose.
=====Round 3=====
Black:TA White:You
Thu Oct 29 20:17:20 PDT 2020
Clean up...
Start Playing...
Black 2,2
----------
          
          
    X     
          
          
----------

White 1,3
----------
          
      O   
    X     
          
          
----------

Black 1,2
----------
          
    X O   
    X     
          
          
----------

White 0,0
----------
O         
    X O   
    X     
          
          
----------

Black 2,3
----------
O         
    X O   
    X X   
          
          
----------

White 0,1
----------
O O       
    X O   
    X X   
          
          
----------

Black 1,4
----------
O O       
    X O X 
    X X   
          
          
----------

White 1,1
----------
O O       
  O X O X 
    X X   
          
          
----------

Black 0,3
----------
O O   X   
  O X   X 
    X X   
          
          
----------

White 2,1
----------
O O   X   
  O X   X 
  O X X   
          
          
----------

Black 3,1
----------
O O   X   
  O X   X 
  O X X   
  X       
          
----------

White 2,0
----------
O O   X   
  O X   X 
O O X X   
  X       
          
----------

Black 3,0
----------
O O   X   
  O X   X 
O O X X   
X X       
          
----------

White 3,3
----------
O O   X   
  O X   X 
O O X X   
X X   O   
          
----------

Black 4,2
----------
O O   X   
  O X   X 
O O X X   
X X   O   
    X     
----------

White 3,4
----------
O O   X   
  O X   X 
O O X X   
X X   O O 
    X     
----------

Black 4,3
----------
O O   X   
  O X   X 
O O X X   
X X   O O 
    X X   
----------

White 3,2
----------
O O   X   
  O X   X 
O O X X   
X X O O O 
    X X   
----------

Black 4,1
----------
O O   X   
  O X   X 
O O X X   
X X O O O 
  X X X   
----------

White 4,4
----------
O O   X   
  O X   X 
O O X X   
X X O O O 
  X X X O 
----------

Black 2,4
----------
O O   X   
  O X   X 
O O X X X 
X X       
  X X X   
----------

White PASS
----------
O O   X   
  O X   X 
O O X X X 
X X       
  X X X   
----------

Black 3,2
----------
O O   X   
  O X   X 
O O X X X 
X X X     
  X X X   
----------

White PASS
----------
O O   X   
  O X   X 
O O X X X 
X X X     
  X X X   
----------

Game end.
The winner is X
ta time: 131.81
student time: 40.61
White(You) lose.
=====Round 4=====
Black:You White:TA
Thu Oct 29 20:17:53 PDT 2020
Clean up...
Start Playing...
Black 2,2
----------
          
          
    X     
          
          
----------

White 1,2
----------
          
    O     
    X     
          
          
----------

Black 1,1
----------
          
  X O     
    X     
          
          
----------

White 1,3
----------
          
  X O O   
    X     
          
          
----------

Black 2,3
----------
          
  X O O   
    X X   
          
          
----------

White 2,1
----------
          
  X O O   
  O X X   
          
          
----------

Black 3,1
----------
          
  X O O   
  O X X   
  X       
          
----------

White 2,0
----------
          
  X O O   
O O X X   
  X       
          
----------

Black 1,0
----------
          
X X O O   
O O X X   
  X       
          
----------

White 2,4
----------
          
X X O O   
O O X X O 
  X       
          
----------

Black 3,0
----------
          
X X O O   
    X X O 
X X       
          
----------

White 3,3
----------
          
X X O O   
    X X O 
X X   O   
          
----------

Black 3,2
----------
          
X X O O   
    X X O 
X X X O   
          
----------

White 4,2
----------
          
X X O O   
    X X O 
X X X O   
    O     
----------

Black 4,1
----------
          
X X O O   
    X X O 
X X X O   
  X O     
----------

White 4,3
----------
          
X X O O   
    X X O 
X X X O   
  X O O   
----------

Black 0,1
----------
  X       
X X O O   
    X X O 
X X X O   
  X O O   
----------

White 1,4
----------
  X       
X X O O O 
    X X O 
X X X O   
  X O O   
----------

Black 0,2
----------
  X X     
X X O O O 
    X X O 
X X X O   
  X O O   
----------

White 0,3
----------
  X X O   
X X O O O 
    X X O 
X X X O   
  X O O   
----------

Black 2,1
----------
  X X O   
X X O O O 
  X X X O 
X X X O   
  X O O   
----------

White 3,4
----------
  X X O   
X X O O O 
  X X X O 
X X X O O 
  X O O   
----------

Black 0,0
----------
X X X O   
X X O O O 
  X X X O 
X X X O O 
  X O O   
----------

White 0,4
----------
X X X O O 
X X O O O 
  X X X O 
X X X O O 
  X O O   
----------

Game end.
The winner is O
ta time: 157.98
student time: 43.59
Black(You) lose.
=====Round 5=====
Black:TA White:You
Thu Oct 29 20:18:24 PDT 2020
Clean up...
Start Playing...
Black 2,2
----------
          
          
    X     
          
          
----------

White 1,3
----------
          
      O   
    X     
          
          
----------

Black 1,2
----------
          
    X O   
    X     
          
          
----------

White 0,0
----------
O         
    X O   
    X     
          
          
----------

Black 2,3
----------
O         
    X O   
    X X   
          
          
----------

White 0,1
----------
O O       
    X O   
    X X   
          
          
----------

Black 0,2
----------
O O X     
    X O   
    X X   
          
          
----------

White 1,1
----------
O O X     
  O X O   
    X X   
          
          
----------

Black 2,1
----------
O O X     
  O X O   
  X X X   
          
          
----------

White 1,4
----------
O O X     
  O X O O 
  X X X   
          
          
----------

Black 1,0
----------
    X     
X   X O O 
  X X X   
          
          
----------

White 2,4
----------
    X     
X   X O O 
  X X X O 
          
          
----------

Black 3,3
----------
    X     
X   X O O 
  X X X O 
      X   
          
----------

White 3,4
----------
    X     
X   X O O 
  X X X O 
      X O 
          
----------

Black 3,1
----------
    X     
X   X O O 
  X X X O 
  X   X O 
          
----------

White 4,4
----------
    X     
X   X O O 
  X X X O 
  X   X O 
        O 
----------

Black 4,1
----------
    X     
X   X O O 
  X X X O 
  X   X O 
  X     O 
----------

White 4,3
----------
    X     
X   X O O 
  X X X O 
  X   X O 
  X   O O 
----------

Black 0,3
----------
    X X   
X   X O O 
  X X X O 
  X   X O 
  X   O O 
----------

White 4,2
----------
    X X   
X   X O O 
  X X X O 
  X   X O 
  X O O O 
----------

Black 0,0
----------
X   X X   
X   X O O 
  X X X O 
  X   X O 
  X O O O 
----------

White 3,0
----------
X   X X   
X   X O O 
  X X X O 
O X   X O 
  X O O O 
----------

Black 0,4
----------
X   X X X 
X   X O O 
  X X X O 
O X   X O 
  X O O O 
----------

White PASS
----------
X   X X X 
X   X O O 
  X X X O 
O X   X O 
  X O O O 
----------

Game end.
The winner is X
ta time: 189.69
student time: 46.41
White(You) lose.
=====Round 6=====
Black:You White:TA
Thu Oct 29 20:18:59 PDT 2020
Clean up...
Start Playing...
Black 2,2
----------
          
          
    X     
          
          
----------

White 2,1
----------
          
          
  O X     
          
          
----------

Black 1,1
----------
          
  X       
  O X     
          
          
----------

White 3,1
----------
          
  X       
  O X     
  O       
          
----------

Black 2,3
----------
          
  X       
  O X X   
  O       
          
----------

White 1,0
----------
          
O X       
  O X X   
  O       
          
----------

Black 1,3
----------
          
O X   X   
  O X X   
  O       
          
----------

White 0,1
----------
  O       
O X   X   
  O X X   
  O       
          
----------

Black 3,3
----------
  O       
O X   X   
  O X X   
  O   X   
          
----------

White 1,2
----------
  O       
O   O X   
  O X X   
  O   X   
          
----------

Black 0,3
----------
  O   X   
O   O X   
  O X X   
  O   X   
          
----------

White 0,2
----------
  O O X   
O   O X   
  O X X   
  O   X   
          
----------

Black 3,2
----------
  O O X   
O   O X   
  O X X   
  O X X   
          
----------

White 1,1
----------
  O O X   
O O O X   
  O X X   
  O X X   
          
----------

Black 3,4
----------
  O O X   
O O O X   
  O X X   
  O X X X 
          
----------

White 4,1
----------
  O O X   
O O O X   
  O X X   
  O X X X 
  O       
----------

Black 0,4
----------
  O O X X 
O O O X   
  O X X   
  O X X X 
  O       
----------

White 3,0
----------
  O O X X 
O O O X   
  O X X   
O O X X X 
  O       
----------

Black 1,4
----------
  O O X X 
O O O X X 
  O X X   
O O X X X 
  O       
----------

White 4,2
----------
  O O X X 
O O O X X 
  O X X   
O O X X X 
  O O     
----------

Black 2,4
----------
  O O X X 
O O O X X 
  O X X X 
O O X X X 
  O O     
----------

White 4,4
----------
  O O X X 
O O O X X 
  O X X X 
O O X X X 
  O O   O 
----------

Black 4,3
----------
  O O X X 
O O O X X 
  O X X X 
O O X X X 
  O O X   
----------

White 4,4
----------
  O O     
O O O     
  O       
O O       
  O O   O 
----------

Game end.
The winner is O
ta time: 213.2
student time: 49.42
Black(You) lose.
=====Round 7=====
Black:TA White:You
Thu Oct 29 20:19:31 PDT 2020
Clean up...
Start Playing...
Black 2,2
----------
          
          
    X     
          
          
----------

White 1,3
----------
          
      O   
    X     
          
          
----------

Black 1,2
----------
          
    X O   
    X     
          
          
----------

White 0,0
----------
O         
    X O   
    X     
          
          
----------

Black 2,3
----------
O         
    X O   
    X X   
          
          
----------

White 0,1
----------
O O       
    X O   
    X X   
          
          
----------

Black 0,2
----------
O O X     
    X O   
    X X   
          
          
----------

White 1,1
----------
O O X     
  O X O   
    X X   
          
          
----------

Black 2,1
----------
O O X     
  O X O   
  X X X   
          
          
----------

White 1,4
----------
O O X     
  O X O O 
  X X X   
          
          
----------

Black 1,0
----------
    X     
X   X O O 
  X X X   
          
          
----------

White 2,4
----------
    X     
X   X O O 
  X X X O 
          
          
----------

Black 3,3
----------
    X     
X   X O O 
  X X X O 
      X   
          
----------

White 3,4
----------
    X     
X   X O O 
  X X X O 
      X O 
          
----------

Black 3,1
----------
    X     
X   X O O 
  X X X O 
  X   X O 
          
----------

White 4,4
----------
    X     
X   X O O 
  X X X O 
  X   X O 
        O 
----------

Black 4,1
----------
    X     
X   X O O 
  X X X O 
  X   X O 
  X     O 
----------

White 4,3
----------
    X     
X   X O O 
  X X X O 
  X   X O 
  X   O O 
----------

Black 0,3
----------
    X X   
X   X O O 
  X X X O 
  X   X O 
  X   O O 
----------

White 4,2
----------
    X X   
X   X O O 
  X X X O 
  X   X O 
  X O O O 
----------

Black 1,1
----------
    X X   
X X X O O 
  X X X O 
  X   X O 
  X O O O 
----------

White 3,0
----------
    X X   
X X X O O 
  X X X O 
O X   X O 
  X O O O 
----------

Black 3,2
----------
    X X   
X X X O O 
  X X X O 
O X X X O 
  X O O O 
----------

White PASS
----------
    X X   
X X X O O 
  X X X O 
O X X X O 
  X O O O 
----------

Game end.
The winner is X
ta time: 242.22
student time: 52.26
White(You) lose.
=====Round 8=====
Black:You White:TA
Thu Oct 29 20:20:08 PDT 2020
Clean up...
Start Playing...
Black 2,2
----------
          
          
    X     
          
          
----------

White 2,3
----------
          
          
    X O   
          
          
----------

Black 1,1
----------
          
  X       
    X O   
          
          
----------

White 3,2
----------
          
  X       
    X O   
    O     
          
----------

Black 1,2
----------
          
  X X     
    X O   
    O     
          
----------

White 3,3
----------
          
  X X     
    X O   
    O O   
          
----------

Black 1,3
----------
          
  X X X   
    X O   
    O O   
          
----------

White 3,1
----------
          
  X X X   
    X O   
  O O O   
          
----------

Black 2,1
----------
          
  X X X   
  X X O   
  O O O   
          
----------

White 2,0
----------
          
  X X X   
O X X O   
  O O O   
          
----------

Black 1,0
----------
          
X X X X   
O X X O   
  O O O   
          
----------

White 3,0
----------
          
X X X X   
O X X O   
O O O O   
          
----------

Black 1,4
----------
          
X X X X X 
O X X O   
O O O O   
          
----------

White 2,4
----------
          
X X X X X 
O X X O O 
O O O O   
          
----------

Black 0,0
----------
X         
X X X X X 
O X X O O 
O O O O   
          
----------

White 0,2
----------
X   O     
X X X X X 
O X X O O 
O O O O   
          
----------

Black 0,1
----------
X X O     
X X X X X 
O X X O O 
O O O O   
          
----------

White 4,2
----------
X X O     
X X X X X 
O X X O O 
O O O O   
    O     
----------

Black 4,4
----------
X X O     
X X X X X 
O X X O O 
O O O O   
    O   X 
----------

White 4,3
----------
X X O     
X X X X X 
O X X O O 
O O O O   
    O O X 
----------

Black 0,3
----------
X X   X   
X X X X X 
O X X O O 
O O O O   
    O O X 
----------

White 3,4
----------
X X   X   
X X X X X 
O X X O O 
O O O O O 
    O O   
----------

Black PASS
----------
X X   X   
X X X X X 
O X X O O 
O O O O O 
    O O   
----------

White 4,4
----------
X X   X   
X X X X X 
O X X O O 
O O O O O 
    O O O 
----------

Game end.
The winner is O
ta time: 273.45
student time: 55.68
Black(You) lose.
=====Round 9=====
Black:TA White:You
Thu Oct 29 20:20:46 PDT 2020
Clean up...
Start Playing...
Black 2,2
----------
          
          
    X     
          
          
----------

White 1,3
----------
          
      O   
    X     
          
          
----------

Black 2,3
----------
          
      O   
    X X   
          
          
----------

White 0,0
----------
O         
      O   
    X X   
          
          
----------

Black 1,2
----------
O         
    X O   
    X X   
          
          
----------

White 0,1
----------
O O       
    X O   
    X X   
          
          
----------

Black 0,3
----------
O O   X   
    X O   
    X X   
          
          
----------

White 0,2
----------
O O O X   
    X O   
    X X   
          
          
----------

Black 1,4
----------
O O O X   
    X   X 
    X X   
          
          
----------

White 1,1
----------
O O O X   
  O X   X 
    X X   
          
          
----------

Black 1,3
----------
O O O X   
  O X X X 
    X X   
          
          
----------

White 2,1
----------
O O O X   
  O X X X 
  O X X   
          
          
----------

Black 3,1
----------
O O O X   
  O X X X 
  O X X   
  X       
          
----------

White 2,0
----------
O O O X   
  O X X X 
O O X X   
  X       
          
----------

Black 3,0
----------
O O O X   
  O X X X 
O O X X   
X X       
          
----------

White 3,3
----------
O O O X   
  O X X X 
O O X X   
X X   O   
          
----------

Black 4,2
----------
O O O X   
  O X X X 
O O X X   
X X   O   
    X     
----------

White 3,4
----------
O O O X   
  O X X X 
O O X X   
X X   O O 
    X     
----------

Black 4,3
----------
O O O X   
  O X X X 
O O X X   
X X   O O 
    X X   
----------

White 3,2
----------
O O O X   
  O X X X 
O O X X   
X X O O O 
    X X   
----------

Black 4,1
----------
O O O X   
  O X X X 
O O X X   
X X O O O 
  X X X   
----------

White 2,4
----------
O O O X   
  O X X X 
O O X X O 
X X O O O 
  X X X   
----------

Black 1,0
----------
      X   
X   X X X 
    X X O 
X X O O O 
  X X X   
----------

White PASS
----------
      X   
X   X X X 
    X X O 
X X O O O 
  X X X   
----------

Game end.
The winner is X
ta time: 297.3
student time: 58.59
White(You) lose.
=====Round 10=====
Black:You White:TA
Thu Oct 29 20:21:13 PDT 2020
Clean up...
Start Playing...
Black 2,2
----------
          
          
    X     
          
          
----------

White 3,2
----------
          
          
    X     
    O     
          
----------

Black 1,1
----------
          
  X       
    X     
    O     
          
----------

White 3,3
----------
          
  X       
    X     
    O O   
          
----------

Black 1,2
----------
          
  X X     
    X     
    O O   
          
----------

White 3,1
----------
          
  X X     
    X     
  O O O   
          
----------

Black 1,3
----------
          
  X X X   
    X     
  O O O   
          
----------

White 2,4
----------
          
  X X X   
    X   O 
  O O O   
          
----------

Black 1,0
----------
          
X X X X   
    X   O 
  O O O   
          
----------

White 2,3
----------
          
X X X X   
    X O O 
  O O O   
          
----------

Black 2,1
----------
          
X X X X   
  X X O O 
  O O O   
          
----------

White 3,0
----------
          
X X X X   
  X X O O 
O O O O   
          
----------

Black 0,3
----------
      X   
X X X X   
  X X O O 
O O O O   
          
----------

White 4,2
----------
      X   
X X X X   
  X X O O 
O O O O   
    O     
----------

Black 0,0
----------
X     X   
X X X X   
  X X O O 
O O O O   
    O     
----------

White 1,4
----------
X     X   
X X X X O 
  X X O O 
O O O O   
    O     
----------

Black 0,1
----------
X X   X   
X X X X O 
  X X O O 
O O O O   
    O     
----------

White 0,4
----------
X X   X O 
X X X X O 
  X X O O 
O O O O   
    O     
----------

Black 4,4
----------
X X   X O 
X X X X O 
  X X O O 
O O O O   
    O   X 
----------

White 2,0
----------
X X   X O 
X X X X O 
O X X O O 
O O O O   
    O   X 
----------

Black PASS
----------
X X   X O 
X X X X O 
O X X O O 
O O O O   
    O   X 
----------

White 3,4
----------
X X   X O 
X X X X O 
O X X O O 
O O O O O 
    O   X 
----------

Black PASS
----------
X X   X O 
X X X X O 
O X X O O 
O O O O O 
    O   X 
----------

White 0,2
----------
    O   O 
        O 
O     O O 
O O O O O 
    O   X 
----------

Game end.
The winner is O
ta time: 333.25
student time: 61.95
Black(You) lose.
