Wed Oct 28 17:48:27 PDT 2020

==Playing with qlearning_player==
=====Round 1=====
Black:TA White:You
Wed Oct 28 17:48:27 PDT 2020
Clean up...
Start Playing...
Black 1,2
----------
          
    X     
          
          
          
----------

White 2,1
----------
          
    X     
  O       
          
          
----------

Black 2,2
----------
          
    X     
  O X     
          
          
----------

White 3,1
----------
          
    X     
  O X     
  O       
          
----------

Black 0,0
----------
X         
    X     
  O X     
  O       
          
----------

White 1,1
----------
X         
  O X     
  O X     
  O       
          
----------

Black 0,1
----------
X X       
  O X     
  O X     
  O       
          
----------

White 3,2
----------
X X       
  O X     
  O X     
  O O     
          
----------

Black 2,3
----------
X X       
  O X     
  O X X   
  O O     
          
----------

White 3,3
----------
X X       
  O X     
  O X X   
  O O O   
          
----------

Black 2,4
----------
X X       
  O X     
  O X X X 
  O O O   
          
----------

White 3,0
----------
X X       
  O X     
  O X X X 
O O O O   
          
----------

Black 4,2
----------
X X       
  O X     
  O X X X 
O O O O   
    X     
----------

White 3,4
----------
X X       
  O X     
  O X X X 
O O O O O 
    X     
----------

Black 1,3
----------
X X       
  O X X   
  O X X X 
O O O O O 
    X     
----------

White 1,0
----------
X X       
O O X X   
  O X X X 
O O O O O 
    X     
----------

Black 0,2
----------
X X X     
O O X X   
  O X X X 
O O O O O 
    X     
----------

White 2,0
----------
X X X     
O O X X   
O O X X X 
O O O O O 
    X     
----------

Black 1,4
----------
X X X     
O O X X X 
O O X X X 
O O O O O 
    X     
----------

White 4,0
----------
X X X     
O O X X X 
O O X X X 
O O O O O 
O   X     
----------

Black 4,3
----------
X X X     
O O X X X 
O O X X X 
O O O O O 
O   X X   
----------

White 4,1
----------
X X X     
O O X X X 
O O X X X 
O O O O O 
O O X X   
----------

Black 4,4
----------
X X X     
    X X X 
    X X X 
          
    X X X 
----------

White 3,1
----------
X X X     
    X X X 
    X X X 
  O       
    X X X 
----------

Game end.
The winner is X
ta time: 3.5
student time: 0.5
White(You) lose.
=====Round 2=====
Black:You White:TA
Wed Oct 28 17:48:35 PDT 2020
Clean up...
Start Playing...
Black 2,2
----------
          
          
    X     
          
          
----------

White 2,1
----------
          
          
  O X     
          
          
----------

Black 1,2
----------
          
    X     
  O X     
          
          
----------

White 3,2
----------
          
    X     
  O X     
    O     
          
----------

Black 1,1
----------
          
  X X     
  O X     
    O     
          
----------

White 2,3
----------
          
  X X     
  O X O   
    O     
          
----------

Black 1,3
----------
          
  X X X   
  O X O   
    O     
          
----------

White 2,4
----------
          
  X X X   
  O X O O 
    O     
          
----------

Black 1,0
----------
          
X X X X   
  O X O O 
    O     
          
----------

White 3,3
----------
          
X X X X   
  O X O O 
    O O   
          
----------

Black 0,3
----------
      X   
X X X X   
  O X O O 
    O O   
          
----------

White 4,2
----------
      X   
X X X X   
  O X O O 
    O O   
    O     
----------

Black 2,0
----------
      X   
X X X X   
X O X O O 
    O O   
    O     
----------

White 0,2
----------
    O X   
X X X X   
X O X O O 
    O O   
    O     
----------

Black 0,1
----------
  X   X   
X X X X   
X O X O O 
    O O   
    O     
----------

White 3,1
----------
  X   X   
X X X X   
X O X O O 
  O O O   
    O     
----------

Black 3,0
----------
  X   X   
X X X X   
X O X O O 
X O O O   
    O     
----------

White 4,1
----------
  X   X   
X X X X   
X O X O O 
X O O O   
  O O     
----------

Black 0,0
----------
X X   X   
X X X X   
X O X O O 
X O O O   
  O O     
----------

White 1,4
----------
X X   X   
X X X X O 
X O X O O 
X O O O   
  O O     
----------

Black 0,2
----------
X X X X   
X X X X O 
X O X O O 
X O O O   
  O O     
----------

White 4,3
----------
X X X X   
X X X X O 
X O X O O 
X O O O   
  O O O   
----------

Black 0,4
----------
X X X X X 
X X X X O 
X O X O O 
X O O O   
  O O O   
----------

White 4,0
----------
          
        O 
  O   O O 
  O O O   
O O O O   
----------

Game end.
The winner is O
ta time: 6.92
student time: 1.05
Black(You) lose.
=====Round 3=====
Black:TA White:You
Wed Oct 28 17:48:42 PDT 2020
Clean up...
Start Playing...
Black 1,2
----------
          
    X     
          
          
          
----------

White 2,1
----------
          
    X     
  O       
          
          
----------

Black 2,2
----------
          
    X     
  O X     
          
          
----------

White 3,1
----------
          
    X     
  O X     
  O       
          
----------

Black 0,0
----------
X         
    X     
  O X     
  O       
          
----------

White 1,1
----------
X         
  O X     
  O X     
  O       
          
----------

Black 0,1
----------
X X       
  O X     
  O X     
  O       
          
----------

White 3,2
----------
X X       
  O X     
  O X     
  O O     
          
----------

Black 2,3
----------
X X       
  O X     
  O X X   
  O O     
          
----------

White 3,3
----------
X X       
  O X     
  O X X   
  O O O   
          
----------

Black 0,2
----------
X X X     
  O X     
  O X X   
  O O O   
          
----------

White 3,4
----------
X X X     
  O X     
  O X X   
  O O O O 
          
----------

Black 1,3
----------
X X X     
  O X X   
  O X X   
  O O O O 
          
----------

White 2,4
----------
X X X     
  O X X   
  O X X O 
  O O O O 
          
----------

Black 4,2
----------
X X X     
  O X X   
  O X X O 
  O O O O 
    X     
----------

White 1,4
----------
X X X     
  O X X O 
  O X X O 
  O O O O 
    X     
----------

Black 2,0
----------
X X X     
  O X X O 
X O X X O 
  O O O O 
    X     
----------

White 0,4
----------
X X X   O 
  O X X O 
X O X X O 
  O O O O 
    X     
----------

Black 0,3
----------
X X X X O 
  O X X O 
X O X X O 
  O O O O 
    X     
----------

White 1,0
----------
        O 
O O     O 
X O     O 
  O O O O 
    X     
----------

Black 2,2
----------
        O 
O O     O 
X O X   O 
  O O O O 
    X     
----------

White 3,0
----------
        O 
O O     O 
  O X   O 
O O O O O 
    X     
----------

Black 1,2
----------
        O 
O O X   O 
  O X   O 
O O O O O 
    X     
----------

White 0,1
----------
  O     O 
O O X   O 
  O X   O 
O O O O O 
    X     
----------

Game end.
The winner is O
ta time: 10.5
student time: 1.57
White(You) win!
=====Round 4=====
Black:You White:TA
Wed Oct 28 17:48:50 PDT 2020
Clean up...
Start Playing...
Black 2,2
----------
          
          
    X     
          
          
----------

White 2,1
----------
          
          
  O X     
          
          
----------

Black 1,2
----------
          
    X     
  O X     
          
          
----------

White 3,2
----------
          
    X     
  O X     
    O     
          
----------

Black 1,1
----------
          
  X X     
  O X     
    O     
          
----------

White 2,3
----------
          
  X X     
  O X O   
    O     
          
----------

Black 1,3
----------
          
  X X X   
  O X O   
    O     
          
----------

White 3,3
----------
          
  X X X   
  O X O   
    O O   
          
----------

Black 1,0
----------
          
X X X X   
  O X O   
    O O   
          
----------

White 2,4
----------
          
X X X X   
  O X O O 
    O O   
          
----------

Black 0,3
----------
      X   
X X X X   
  O X O O 
    O O   
          
----------

White 4,2
----------
      X   
X X X X   
  O X O O 
    O O   
    O     
----------

Black 2,0
----------
      X   
X X X X   
X O X O O 
    O O   
    O     
----------

White 0,2
----------
    O X   
X X X X   
X O X O O 
    O O   
    O     
----------

Black 0,1
----------
  X   X   
X X X X   
X O X O O 
    O O   
    O     
----------

White 3,1
----------
  X   X   
X X X X   
X O X O O 
  O O O   
    O     
----------

Black 3,0
----------
  X   X   
X X X X   
X O X O O 
X O O O   
    O     
----------

White 1,4
----------
  X   X   
X X X X O 
X O X O O 
X O O O   
    O     
----------

Black 4,0
----------
  X   X   
X X X X O 
X O X O O 
X O O O   
X   O     
----------

White 4,1
----------
  X   X   
X X X X O 
X O X O O 
X O O O   
X O O     
----------

Black 0,0
----------
X X   X   
X X X X O 
X O X O O 
X O O O   
X O O     
----------

White 4,3
----------
X X   X   
X X X X O 
X O X O O 
X O O O   
X O O O   
----------

Black 0,4
----------
X X   X X 
X X X X O 
X O X O O 
X O O O   
X O O O   
----------

White 0,2
----------
    O     
        O 
  O   O O 
  O O O   
  O O O   
----------

Game end.
The winner is O
ta time: 13.76
student time: 1.93
Black(You) lose.
=====Round 5=====
Black:TA White:You
Wed Oct 28 17:48:58 PDT 2020
Clean up...
Start Playing...
Black 1,2
----------
          
    X     
          
          
          
----------

White 2,1
----------
          
    X     
  O       
          
          
----------

Black 2,2
----------
          
    X     
  O X     
          
          
----------

White 3,1
----------
          
    X     
  O X     
  O       
          
----------

Black 0,0
----------
X         
    X     
  O X     
  O       
          
----------

White 1,1
----------
X         
  O X     
  O X     
  O       
          
----------

Black 0,1
----------
X X       
  O X     
  O X     
  O       
          
----------

White 3,2
----------
X X       
  O X     
  O X     
  O O     
          
----------

Black 2,3
----------
X X       
  O X     
  O X X   
  O O     
          
----------

White 3,3
----------
X X       
  O X     
  O X X   
  O O O   
          
----------

Black 1,3
----------
X X       
  O X X   
  O X X   
  O O O   
          
----------

White 3,4
----------
X X       
  O X X   
  O X X   
  O O O O 
          
----------

Black 2,4
----------
X X       
  O X X   
  O X X X 
  O O O O 
          
----------

White 3,0
----------
X X       
  O X X   
  O X X X 
O O O O O 
          
----------

Black 0,2
----------
X X X     
  O X X   
  O X X X 
O O O O O 
          
----------

White 1,0
----------
X X X     
O O X X   
  O X X X 
O O O O O 
          
----------

Black 4,2
----------
X X X     
O O X X   
  O X X X 
O O O O O 
    X     
----------

White 2,0
----------
X X X     
O O X X   
O O X X X 
O O O O O 
    X     
----------

Black 4,1
----------
X X X     
O O X X   
O O X X X 
O O O O O 
  X X     
----------

White 4,0
----------
X X X     
O O X X   
O O X X X 
O O O O O 
O X X     
----------

Black 0,3
----------
X X X X   
O O X X   
O O X X X 
O O O O O 
O X X     
----------

White 4,3
----------
X X X X   
O O X X   
O O X X X 
O O O O O 
O     O   
----------

Black 4,2
----------
X X X X   
O O X X   
O O X X X 
O O O O O 
O   X O   
----------

White 4,1
----------
X X X X   
O O X X   
O O X X X 
O O O O O 
O O   O   
----------

Game end.
The winner is O
ta time: 17.15
student time: 2.34
White(You) win!
=====Round 6=====
Black:You White:TA
Wed Oct 28 17:49:06 PDT 2020
Clean up...
Start Playing...
Black 2,2
----------
          
          
    X     
          
          
----------

White 2,1
----------
          
          
  O X     
          
          
----------

Black 1,2
----------
          
    X     
  O X     
          
          
----------

White 3,2
----------
          
    X     
  O X     
    O     
          
----------

Black 1,1
----------
          
  X X     
  O X     
    O     
          
----------

White 2,3
----------
          
  X X     
  O X O   
    O     
          
----------

Black 1,3
----------
          
  X X X   
  O X O   
    O     
          
----------

White 3,3
----------
          
  X X X   
  O X O   
    O O   
          
----------

Black 1,0
----------
          
X X X X   
  O X O   
    O O   
          
----------

White 2,4
----------
          
X X X X   
  O X O O 
    O O   
          
----------

Black 0,3
----------
      X   
X X X X   
  O X O O 
    O O   
          
----------

White 0,2
----------
    O X   
X X X X   
  O X O O 
    O O   
          
----------

Black 0,1
----------
  X   X   
X X X X   
  O X O O 
    O O   
          
----------

White 2,0
----------
  X   X   
X X X X   
O O X O O 
    O O   
          
----------

Black 0,0
----------
X X   X   
X X X X   
O O X O O 
    O O   
          
----------

White 4,2
----------
X X   X   
X X X X   
O O X O O 
    O O   
    O     
----------

Black 0,2
----------
X X X X   
X X X X   
O O X O O 
    O O   
    O     
----------

White 3,1
----------
X X X X   
X X X X   
O O X O O 
  O O O   
    O     
----------

Black 1,4
----------
X X X X   
X X X X X 
O O X O O 
  O O O   
    O     
----------

White 0,4
----------
        O 
          
O O   O O 
  O O O   
    O     
----------

Black 1,2
----------
        O 
    X     
O O   O O 
  O O O   
    O     
----------

White 2,2
----------
        O 
    X     
O O O O O 
  O O O   
    O     
----------

Black 1,1
----------
        O 
  X X     
O O O O O 
  O O O   
    O     
----------

White 0,2
----------
    O   O 
  X X     
O O O O O 
  O O O   
    O     
----------

Game end.
The winner is O
ta time: 20.51
student time: 2.76
Black(You) lose.
=====Round 7=====
Black:TA White:You
Wed Oct 28 17:49:13 PDT 2020
Clean up...
Start Playing...
Black 1,2
----------
          
    X     
          
          
          
----------

White 2,1
----------
          
    X     
  O       
          
          
----------

Black 2,2
----------
          
    X     
  O X     
          
          
----------

White 3,1
----------
          
    X     
  O X     
  O       
          
----------

Black 0,0
----------
X         
    X     
  O X     
  O       
          
----------

White 1,1
----------
X         
  O X     
  O X     
  O       
          
----------

Black 0,1
----------
X X       
  O X     
  O X     
  O       
          
----------

White 3,2
----------
X X       
  O X     
  O X     
  O O     
          
----------

Black 2,3
----------
X X       
  O X     
  O X X   
  O O     
          
----------

White 3,3
----------
X X       
  O X     
  O X X   
  O O O   
          
----------

Black 2,0
----------
X X       
  O X     
X O X X   
  O O O   
          
----------

White 3,4
----------
X X       
  O X     
X O X X   
  O O O O 
          
----------

Black 2,4
----------
X X       
  O X     
X O X X X 
  O O O O 
          
----------

White 3,0
----------
X X       
  O X     
X O X X X 
O O O O O 
          
----------

Black 1,3
----------
X X       
  O X X   
X O X X X 
O O O O O 
          
----------

White 1,0
----------
X X       
O O X X   
  O X X X 
O O O O O 
          
----------

Black 4,2
----------
X X       
O O X X   
  O X X X 
O O O O O 
    X     
----------

White 0,2
----------
    O     
O O X X   
  O X X X 
O O O O O 
    X     
----------

Black 0,3
----------
    O X   
O O X X   
  O X X X 
O O O O O 
    X     
----------

White 0,0
----------
O   O X   
O O X X   
  O X X X 
O O O O O 
    X     
----------

Black 0,1
----------
O X   X   
O O X X   
  O X X X 
O O O O O 
    X     
----------

White 2,0
----------
O X   X   
O O X X   
O O X X X 
O O O O O 
    X     
----------

Black 0,2
----------
O X X X   
O O X X   
O O X X X 
O O O O O 
    X     
----------

White 4,0
----------
O X X X   
O O X X   
O O X X X 
O O O O O 
O   X     
----------

Game end.
The winner is O
ta time: 23.93
student time: 3.24
White(You) win!
=====Round 8=====
Black:You White:TA
Wed Oct 28 17:49:21 PDT 2020
Clean up...
Start Playing...
Black 2,2
----------
          
          
    X     
          
          
----------

White 2,1
----------
          
          
  O X     
          
          
----------

Black 1,2
----------
          
    X     
  O X     
          
          
----------

White 3,2
----------
          
    X     
  O X     
    O     
          
----------

Black 1,1
----------
          
  X X     
  O X     
    O     
          
----------

White 2,3
----------
          
  X X     
  O X O   
    O     
          
----------

Black 1,3
----------
          
  X X X   
  O X O   
    O     
          
----------

White 3,3
----------
          
  X X X   
  O X O   
    O O   
          
----------

Black 1,0
----------
          
X X X X   
  O X O   
    O O   
          
----------

White 0,2
----------
    O     
X X X X   
  O X O   
    O O   
          
----------

Black 1,4
----------
    O     
X X X X X 
  O X O   
    O O   
          
----------

White 4,2
----------
    O     
X X X X X 
  O X O   
    O O   
    O     
----------

Black 2,0
----------
    O     
X X X X X 
X O X O   
    O O   
    O     
----------

White 2,4
----------
    O     
X X X X X 
X O X O O 
    O O   
    O     
----------

Black 3,1
----------
    O     
X X X X X 
X   X O O 
  X O O   
    O     
----------

White 0,3
----------
    O O   
X X X X X 
X   X O O 
  X O O   
    O     
----------

Black 2,1
----------
    O O   
X X X X X 
X X X O O 
  X O O   
    O     
----------

White 4,1
----------
    O O   
X X X X X 
X X X O O 
  X O O   
  O O     
----------

Black 3,0
----------
    O O   
X X X X X 
X X X O O 
X X O O   
  O O     
----------

White 4,3
----------
    O O   
X X X X X 
X X X O O 
X X O O   
  O O O   
----------

Black 0,0
----------
X   O O   
X X X X X 
X X X O O 
X X O O   
  O O O   
----------

White 3,4
----------
X   O O   
X X X X X 
X X X O O 
X X O O O 
  O O O   
----------

Black 0,1
----------
X X O O   
X X X X X 
X X X O O 
X X O O O 
  O O O   
----------

White 4,4
----------
X X O O   
X X X X X 
X X X O O 
X X O O O 
  O O O O 
----------

Game end.
The winner is O
ta time: 27.17
student time: 3.68
Black(You) lose.
=====Round 9=====
Black:TA White:You
Wed Oct 28 17:49:28 PDT 2020
Clean up...
Start Playing...
Black 1,2
----------
          
    X     
          
          
          
----------

White 2,1
----------
          
    X     
  O       
          
          
----------

Black 2,2
----------
          
    X     
  O X     
          
          
----------

White 3,1
----------
          
    X     
  O X     
  O       
          
----------

Black 0,0
----------
X         
    X     
  O X     
  O       
          
----------

White 1,1
----------
X         
  O X     
  O X     
  O       
          
----------

Black 0,1
----------
X X       
  O X     
  O X     
  O       
          
----------

White 3,2
----------
X X       
  O X     
  O X     
  O O     
          
----------

Black 2,3
----------
X X       
  O X     
  O X X   
  O O     
          
----------

White 3,3
----------
X X       
  O X     
  O X X   
  O O O   
          
----------

Black 0,2
----------
X X X     
  O X     
  O X X   
  O O O   
          
----------

White 3,4
----------
X X X     
  O X     
  O X X   
  O O O O 
          
----------

Black 4,2
----------
X X X     
  O X     
  O X X   
  O O O O 
    X     
----------

White 2,4
----------
X X X     
  O X     
  O X X O 
  O O O O 
    X     
----------

Black 2,0
----------
X X X     
  O X     
X O X X O 
  O O O O 
    X     
----------

White 1,4
----------
X X X     
  O X   O 
X O X X O 
  O O O O 
    X     
----------

Black 1,3
----------
X X X     
  O X X O 
X O X X O 
  O O O O 
    X     
----------

White 0,4
----------
X X X   O 
  O X X O 
X O X X O 
  O O O O 
    X     
----------

Black 0,3
----------
X X X X O 
  O X X O 
X O X X O 
  O O O O 
    X     
----------

White 1,0
----------
        O 
O O     O 
X O     O 
  O O O O 
    X     
----------

Black 2,2
----------
        O 
O O     O 
X O X   O 
  O O O O 
    X     
----------

White 3,0
----------
        O 
O O     O 
  O X   O 
O O O O O 
    X     
----------

Black 1,2
----------
        O 
O O X   O 
  O X   O 
O O O O O 
    X     
----------

White 0,1
----------
  O     O 
O O X   O 
  O X   O 
O O O O O 
    X     
----------

Game end.
The winner is O
ta time: 30.87
student time: 4.05
White(You) win!
=====Round 10=====
Black:You White:TA
Wed Oct 28 17:49:36 PDT 2020
Clean up...
Start Playing...
Black 2,2
----------
          
          
    X     
          
          
----------

White 2,1
----------
          
          
  O X     
          
          
----------

Black 1,2
----------
          
    X     
  O X     
          
          
----------

White 3,2
----------
          
    X     
  O X     
    O     
          
----------

Black 1,1
----------
          
  X X     
  O X     
    O     
          
----------

White 2,3
----------
          
  X X     
  O X O   
    O     
          
----------

Black 1,3
----------
          
  X X X   
  O X O   
    O     
          
----------

White 3,3
----------
          
  X X X   
  O X O   
    O O   
          
----------

Black 1,0
----------
          
X X X X   
  O X O   
    O O   
          
----------

White 4,2
----------
          
X X X X   
  O X O   
    O O   
    O     
----------

Black 1,4
----------
          
X X X X X 
  O X O   
    O O   
    O     
----------

White 2,4
----------
          
X X X X X 
  O X O O 
    O O   
    O     
----------

Black 2,0
----------
          
X X X X X 
X O X O O 
    O O   
    O     
----------

White 3,1
----------
          
X X X X X 
X O X O O 
  O O O   
    O     
----------

Black 3,0
----------
          
X X X X X 
X O X O O 
X O O O   
    O     
----------

White 0,2
----------
    O     
X X X X X 
X O X O O 
X O O O   
    O     
----------

Black 4,0
----------
    O     
X X X X X 
X O X O O 
X O O O   
X   O     
----------

White 4,3
----------
    O     
X X X X X 
X O X O O 
X O O O   
X   O O   
----------

Black 0,0
----------
X   O     
X X X X X 
X O X O O 
X O O O   
X   O O   
----------

White 0,3
----------
X   O O   
X X X X X 
X O X O O 
X O O O   
X   O O   
----------

Black 0,1
----------
X X O O   
X X X X X 
X O X O O 
X O O O   
X   O O   
----------

White 4,1
----------
X X O O   
X X X X X 
X O X O O 
X O O O   
X O O O   
----------

Black 3,4
----------
X X O O   
X X X X X 
X O X O O 
X O O O X 
X O O O   
----------

White 0,4
----------
    O O O 
          
  O   O O 
  O O O X 
  O O O   
----------

Game end.
The winner is O
ta time: 34.17
student time: 4.48
Black(You) lose.

==Playing with championship_player==
=====Round 1=====
Black:TA White:You
Wed Oct 28 17:49:43 PDT 2020
Clean up...
Start Playing...
Black 2,2
----------
          
          
    X     
          
          
----------

White 1,1
----------
          
  O       
    X     
          
          
----------

Black 2,1
----------
          
  O       
  X X     
          
          
----------

White 1,2
----------
          
  O O     
  X X     
          
          
----------

Black 1,3
----------
          
  O O X   
  X X     
          
          
----------

White 1,0
----------
          
O O O X   
  X X     
          
          
----------

Black 0,3
----------
      X   
O O O X   
  X X     
          
          
----------

White 2,0
----------
      X   
O O O X   
O X X     
          
          
----------

Black 3,1
----------
      X   
O O O X   
O X X     
  X       
          
----------

White 3,0
----------
      X   
O O O X   
O X X     
O X       
          
----------

Black 4,1
----------
      X   
O O O X   
O X X     
O X       
  X       
----------

White 0,0
----------
O     X   
O O O X   
O X X     
O X       
  X       
----------

Black 0,2
----------
O   X X   
O O O X   
O X X     
O X       
  X       
----------

White 3,3
----------
O   X X   
O O O X   
O X X     
O X   O   
  X       
----------

Black 4,0
----------
O   X X   
O O O X   
O X X     
O X   O   
X X       
----------

White 2,3
----------
O   X X   
O O O X   
O X X O   
O X   O   
X X       
----------

Black 0,1
----------
  X X X   
      X   
  X X O   
  X   O   
X X       
----------

White 3,2
----------
  X X X   
      X   
  X X O   
  X O O   
X X       
----------

Black 2,4
----------
  X X X   
      X   
  X X O X 
  X O O   
X X       
----------

White 3,4
----------
  X X X   
      X   
  X X O X 
  X O O O 
X X       
----------

Black 1,4
----------
  X X X   
      X X 
  X X O X 
  X O O O 
X X       
----------

White 4,2
----------
  X X X   
      X X 
  X X O X 
  X O O O 
X X O     
----------

Black 1,1
----------
  X X X   
  X   X X 
  X X O X 
  X O O O 
X X O     
----------

White 4,3
----------
  X X X   
  X   X X 
  X X O X 
  X O O O 
X X O O   
----------

Game end.
The winner is X
ta time: 73.75
student time: 5.36
White(You) lose.
=====Round 2=====
Black:You White:TA
Wed Oct 28 17:50:12 PDT 2020
Clean up...
Start Playing...
Black 2,2
----------
          
          
    X     
          
          
----------

White 3,2
----------
          
          
    X     
    O     
          
----------

Black 1,2
----------
          
    X     
    X     
    O     
          
----------

White 3,1
----------
          
    X     
    X     
  O O     
          
----------

Black 1,1
----------
          
  X X     
    X     
  O O     
          
----------

White 3,3
----------
          
  X X     
    X     
  O O O   
          
----------

Black 1,3
----------
          
  X X X   
    X     
  O O O   
          
----------

White 2,4
----------
          
  X X X   
    X   O 
  O O O   
          
----------

Black 1,0
----------
          
X X X X   
    X   O 
  O O O   
          
----------

White 2,3
----------
          
X X X X   
    X O O 
  O O O   
          
----------

Black 0,3
----------
      X   
X X X X   
    X O O 
  O O O   
          
----------

White 1,4
----------
      X   
X X X X O 
    X O O 
  O O O   
          
----------

Black 2,0
----------
      X   
X X X X O 
X   X O O 
  O O O   
          
----------

White 3,0
----------
      X   
X X X X O 
X   X O O 
O O O O   
          
----------

Black 2,1
----------
      X   
X X X X O 
X X X O O 
O O O O   
          
----------

White 0,1
----------
  O   X   
X X X X O 
X X X O O 
O O O O   
          
----------

Black 0,0
----------
X O   X   
X X X X O 
X X X O O 
O O O O   
          
----------

White 4,3
----------
X O   X   
X X X X O 
X X X O O 
O O O O   
      O   
----------

Black 0,4
----------
X O   X X 
X X X X O 
X X X O O 
O O O O   
      O   
----------

White 0,2
----------
  O O     
        O 
      O O 
O O O O   
      O   
----------

Black 1,1
----------
  O O     
  X     O 
      O O 
O O O O   
      O   
----------

White 2,1
----------
  O O     
  X     O 
  O   O O 
O O O O   
      O   
----------

Black 1,2
----------
  O O     
  X X   O 
  O   O O 
O O O O   
      O   
----------

White 1,0
----------
  O O     
O X X   O 
  O   O O 
O O O O   
      O   
----------

Game end.
The winner is O
ta time: 114.78
student time: 6.23
Black(You) lose.
=====Round 3=====
Black:TA White:You
Wed Oct 28 17:50:41 PDT 2020
Clean up...
Start Playing...
Black 2,2
----------
          
          
    X     
          
          
----------

White 1,1
----------
          
  O       
    X     
          
          
----------

Black 2,1
----------
          
  O       
  X X     
          
          
----------

White 1,2
----------
          
  O O     
  X X     
          
          
----------

Black 1,3
----------
          
  O O X   
  X X     
          
          
----------

White 1,0
----------
          
O O O X   
  X X     
          
          
----------

Black 0,2
----------
    X     
O O O X   
  X X     
          
          
----------

White 2,0
----------
    X     
O O O X   
O X X     
          
          
----------

Black 3,0
----------
    X     
O O O X   
O X X     
X         
          
----------

White 0,1
----------
  O X     
O O O X   
O X X     
X         
          
----------

Black 0,0
----------
X   X     
      X   
  X X     
X         
          
----------

White 3,3
----------
X   X     
      X   
  X X     
X     O   
          
----------

Black 3,2
----------
X   X     
      X   
  X X     
X   X O   
          
----------

White 2,3
----------
X   X     
      X   
  X X O   
X   X O   
          
----------

Black 1,2
----------
X   X     
    X X   
  X X O   
X   X O   
          
----------

White 4,3
----------
X   X     
    X X   
  X X O   
X   X O   
      O   
----------

Black 4,2
----------
X   X     
    X X   
  X X O   
X   X O   
    X O   
----------

White 2,4
----------
X   X     
    X X   
  X X O O 
X   X O   
    X O   
----------

Black 1,4
----------
X   X     
    X X X 
  X X O O 
X   X O   
    X O   
----------

White 3,4
----------
X   X     
    X X X 
  X X O O 
X   X O O 
    X O   
----------

Black 2,0
----------
X   X     
    X X X 
X X X O O 
X   X O O 
    X O   
----------

White 1,1
----------
X   X     
  O X X X 
X X X O O 
X   X O O 
    X O   
----------

Black 0,4
----------
X   X   X 
  O X X X 
X X X O O 
X   X O O 
    X O   
----------

White 4,1
----------
X   X   X 
  O X X X 
X X X O O 
X   X O O 
  O X O   
----------

Game end.
The winner is X
ta time: 151.17
student time: 6.9
White(You) lose.
=====Round 4=====
Black:You White:TA
Wed Oct 28 17:51:08 PDT 2020
Clean up...
Start Playing...
Black 2,2
----------
          
          
    X     
          
          
----------

White 3,2
----------
          
          
    X     
    O     
          
----------

Black 1,2
----------
          
    X     
    X     
    O     
          
----------

White 2,1
----------
          
    X     
  O X     
    O     
          
----------

Black 1,1
----------
          
  X X     
  O X     
    O     
          
----------

White 3,1
----------
          
  X X     
  O X     
  O O     
          
----------

Black 1,3
----------
          
  X X X   
  O X     
  O O     
          
----------

White 3,3
----------
          
  X X X   
  O X     
  O O O   
          
----------

Black 1,0
----------
          
X X X X   
  O X     
  O O O   
          
----------

White 2,0
----------
          
X X X X   
O O X     
  O O O   
          
----------

Black 1,4
----------
          
X X X X X 
O O X     
  O O O   
          
----------

White 3,4
----------
          
X X X X X 
O O X     
  O O O O 
          
----------

Black 2,3
----------
          
X X X X X 
O O X X   
  O O O O 
          
----------

White 4,1
----------
          
X X X X X 
O O X X   
  O O O O 
  O       
----------

Black 0,0
----------
X         
X X X X X 
O O X X   
  O O O O 
  O       
----------

White 4,3
----------
X         
X X X X X 
O O X X   
  O O O O 
  O   O   
----------

Black 0,1
----------
X X       
X X X X X 
O O X X   
  O O O O 
  O   O   
----------

White 3,0
----------
X X       
X X X X X 
O O X X   
O O O O O 
  O   O   
----------

Black 0,2
----------
X X X     
X X X X X 
O O X X   
O O O O O 
  O   O   
----------

White 2,4
----------
X X X     
X X X X X 
O O X X O 
O O O O O 
  O   O   
----------

Black 0,3
----------
X X X X   
X X X X X 
O O X X O 
O O O O O 
  O   O   
----------

White 0,4
----------
        O 
          
O O     O 
O O O O O 
  O   O   
----------

Black 1,2
----------
        O 
    X     
O O     O 
O O O O O 
  O   O   
----------

White 1,1
----------
        O 
  O X     
O O     O 
O O O O O 
  O   O   
----------

Game end.
The winner is O
ta time: 188.34
student time: 7.74
Black(You) lose.
=====Round 5=====
Black:TA White:You
Wed Oct 28 17:51:37 PDT 2020
Clean up...
Start Playing...
Black 2,2
----------
          
          
    X     
          
          
----------

White 1,1
----------
          
  O       
    X     
          
          
----------

Black 2,1
----------
          
  O       
  X X     
          
          
----------

White 1,2
----------
          
  O O     
  X X     
          
          
----------

Black 1,3
----------
          
  O O X   
  X X     
          
          
----------

White 1,0
----------
          
O O O X   
  X X     
          
          
----------

Black 0,3
----------
      X   
O O O X   
  X X     
          
          
----------

White 2,0
----------
      X   
O O O X   
O X X     
          
          
----------

Black 3,1
----------
      X   
O O O X   
O X X     
  X       
          
----------

White 3,0
----------
      X   
O O O X   
O X X     
O X       
          
----------

Black 4,1
----------
      X   
O O O X   
O X X     
O X       
  X       
----------

White 0,0
----------
O     X   
O O O X   
O X X     
O X       
  X       
----------

Black 0,2
----------
O   X X   
O O O X   
O X X     
O X       
  X       
----------

White 3,3
----------
O   X X   
O O O X   
O X X     
O X   O   
  X       
----------

Black 4,0
----------
O   X X   
O O O X   
O X X     
O X   O   
X X       
----------

White 2,3
----------
O   X X   
O O O X   
O X X O   
O X   O   
X X       
----------

Black 0,1
----------
  X X X   
      X   
  X X O   
  X   O   
X X       
----------

White 3,2
----------
  X X X   
      X   
  X X O   
  X O O   
X X       
----------

Black 2,4
----------
  X X X   
      X   
  X X O X 
  X O O   
X X       
----------

White 3,4
----------
  X X X   
      X   
  X X O X 
  X O O O 
X X       
----------

Black 1,4
----------
  X X X   
      X X 
  X X O X 
  X O O O 
X X       
----------

White 4,2
----------
  X X X   
      X X 
  X X O X 
  X O O O 
X X O     
----------

Black 2,0
----------
  X X X   
      X X 
X X X O X 
  X O O O 
X X O     
----------

White 4,3
----------
  X X X   
      X X 
X X X O X 
  X O O O 
X X O O   
----------

Game end.
The winner is X
ta time: 231.9
student time: 8.25
White(You) lose.
=====Round 6=====
Black:You White:TA
Wed Oct 28 17:52:05 PDT 2020
Clean up...
Start Playing...
Black 2,2
----------
          
          
    X     
          
          
----------

White 2,1
----------
          
          
  O X     
          
          
----------

Black 1,2
----------
          
    X     
  O X     
          
          
----------

White 3,1
----------
          
    X     
  O X     
  O       
          
----------

Black 1,1
----------
          
  X X     
  O X     
  O       
          
----------

White 3,2
----------
          
  X X     
  O X     
  O O     
          
----------

Black 1,3
----------
          
  X X X   
  O X     
  O O     
          
----------

White 3,3
----------
          
  X X X   
  O X     
  O O O   
          
----------

Black 1,0
----------
          
X X X X   
  O X     
  O O O   
          
----------

White 2,0
----------
          
X X X X   
O O X     
  O O O   
          
----------

Black 1,4
----------
          
X X X X X 
O O X     
  O O O   
          
----------

White 3,4
----------
          
X X X X X 
O O X     
  O O O O 
          
----------

Black 2,3
----------
          
X X X X X 
O O X X   
  O O O O 
          
----------

White 4,1
----------
          
X X X X X 
O O X X   
  O O O O 
  O       
----------

Black 0,0
----------
X         
X X X X X 
O O X X   
  O O O O 
  O       
----------

White 4,3
----------
X         
X X X X X 
O O X X   
  O O O O 
  O   O   
----------

Black 0,1
----------
X X       
X X X X X 
O O X X   
  O O O O 
  O   O   
----------

White 0,3
----------
X X   O   
X X X X X 
O O X X   
  O O O O 
  O   O   
----------

Black 0,2
----------
X X X O   
X X X X X 
O O X X   
  O O O O 
  O   O   
----------

White 4,0
----------
X X X O   
X X X X X 
O O X X   
  O O O O 
O O   O   
----------

Black 2,4
----------
X X X O   
X X X X X 
O O X X X 
  O O O O 
O O   O   
----------

White 0,4
----------
      O O 
          
O O       
  O O O O 
O O   O   
----------

Black 1,2
----------
      O O 
    X     
O O       
  O O O O 
O O   O   
----------

White 1,3
----------
      O O 
    X O   
O O       
  O O O O 
O O   O   
----------

Game end.
The winner is O
ta time: 269.27
student time: 8.71
Black(You) lose.
=====Round 7=====
Black:TA White:You
Wed Oct 28 17:52:33 PDT 2020
Clean up...
Start Playing...
Black 2,2
----------
          
          
    X     
          
          
----------

White 1,1
----------
          
  O       
    X     
          
          
----------

Black 1,2
----------
          
  O X     
    X     
          
          
----------

White 2,1
----------
          
  O X     
  O X     
          
          
----------

Black 3,1
----------
          
  O X     
  O X     
  X       
          
----------

White 0,1
----------
  O       
  O X     
  O X     
  X       
          
----------

Black 3,0
----------
  O       
  O X     
  O X     
X X       
          
----------

White 0,2
----------
  O O     
  O X     
  O X     
X X       
          
----------

Black 1,3
----------
  O O     
  O X X   
  O X     
X X       
          
----------

White 0,3
----------
  O O O   
  O X X   
  O X     
X X       
          
----------

Black 1,4
----------
  O O O   
  O X X X 
  O X     
X X       
          
----------

White 0,0
----------
O O O O   
  O X X X 
  O X     
X X       
          
----------

Black 2,0
----------
O O O O   
  O X X X 
X O X     
X X       
          
----------

White 3,3
----------
O O O O   
  O X X X 
X O X     
X X   O   
          
----------

Black 0,4
----------
O O O O X 
  O X X X 
X O X     
X X   O   
          
----------

White 2,3
----------
O O O O X 
  O X X X 
X O X O   
X X   O   
          
----------

Black 1,0
----------
        X 
X   X X X 
X   X O   
X X   O   
          
----------

White 3,2
----------
        X 
X   X X X 
X   X O   
X X O O   
          
----------

Black 2,1
----------
        X 
X   X X X 
X X X O   
X X O O   
          
----------

White 3,4
----------
        X 
X   X X X 
X X X O   
X X O O O 
          
----------

Black 4,2
----------
        X 
X   X X X 
X X X O   
X X O O O 
    X     
----------

White 2,4
----------
        X 
X   X X X 
X X X O O 
X X O O O 
    X     
----------

Black 4,0
----------
        X 
X   X X X 
X X X O O 
X X O O O 
X   X     
----------

White 4,3
----------
        X 
X   X X X 
X X X O O 
X X O O O 
X   X O   
----------

Game end.
The winner is X
ta time: 307.04
student time: 9.46
White(You) lose.
=====Round 8=====
Black:You White:TA
Wed Oct 28 17:53:01 PDT 2020
Clean up...
Start Playing...
Black 2,2
----------
          
          
    X     
          
          
----------

White 1,2
----------
          
    O     
    X     
          
          
----------

Black 2,1
----------
          
    O     
  X X     
          
          
----------

White 1,3
----------
          
    O O   
  X X     
          
          
----------

Black 1,1
----------
          
  X O O   
  X X     
          
          
----------

White 2,3
----------
          
  X O O   
  X X O   
          
          
----------

Black 3,1
----------
          
  X O O   
  X X O   
  X       
          
----------

White 3,3
----------
          
  X O O   
  X X O   
  X   O   
          
----------

Black 0,1
----------
  X       
  X O O   
  X X O   
  X   O   
          
----------

White 0,2
----------
  X O     
  X O O   
  X X O   
  X   O   
          
----------

Black 3,2
----------
  X O     
  X O O   
  X X O   
  X X O   
          
----------

White 4,3
----------
  X O     
  X O O   
  X X O   
  X X O   
      O   
----------

Black 3,0
----------
  X O     
  X O O   
  X X O   
X X X O   
      O   
----------

White 2,4
----------
  X O     
  X O O   
  X X O O 
X X X O   
      O   
----------

Black 0,0
----------
X X O     
  X O O   
  X X O O 
X X X O   
      O   
----------

White 1,4
----------
X X O     
  X O O O 
  X X O O 
X X X O   
      O   
----------

Black 1,0
----------
X X O     
X X O O O 
  X X O O 
X X X O   
      O   
----------

White 0,3
----------
X X O O   
X X O O O 
  X X O O 
X X X O   
      O   
----------

Black 2,0
----------
X X O O   
X X O O O 
X X X O O 
X X X O   
      O   
----------

White 4,1
----------
X X O O   
X X O O O 
X X X O O 
X X X O   
  O   O   
----------

Black 4,2
----------
X X O O   
X X O O O 
X X X O O 
X X X O   
  O X O   
----------

White 4,0
----------
    O O   
    O O O 
      O O 
      O   
O O   O   
----------

Black 2,1
----------
    O O   
    O O O 
  X   O O 
      O   
O O   O   
----------

White 3,2
----------
    O O   
    O O O 
  X   O O 
    O O   
O O   O   
----------

Game end.
The winner is O
ta time: 345.25
student time: 10.29
Black(You) lose.
=====Round 9=====
Black:TA White:You
Wed Oct 28 17:53:29 PDT 2020
Clean up...
Start Playing...
Black 2,2
----------
          
          
    X     
          
          
----------

White 1,1
----------
          
  O       
    X     
          
          
----------

Black 2,1
----------
          
  O       
  X X     
          
          
----------

White 1,2
----------
          
  O O     
  X X     
          
          
----------

Black 1,3
----------
          
  O O X   
  X X     
          
          
----------

White 1,0
----------
          
O O O X   
  X X     
          
          
----------

Black 0,3
----------
      X   
O O O X   
  X X     
          
          
----------

White 2,0
----------
      X   
O O O X   
O X X     
          
          
----------

Black 3,1
----------
      X   
O O O X   
O X X     
  X       
          
----------

White 3,0
----------
      X   
O O O X   
O X X     
O X       
          
----------

Black 4,1
----------
      X   
O O O X   
O X X     
O X       
  X       
----------

White 0,0
----------
O     X   
O O O X   
O X X     
O X       
  X       
----------

Black 0,2
----------
O   X X   
O O O X   
O X X     
O X       
  X       
----------

White 3,3
----------
O   X X   
O O O X   
O X X     
O X   O   
  X       
----------

Black 4,0
----------
O   X X   
O O O X   
O X X     
O X   O   
X X       
----------

White 2,3
----------
O   X X   
O O O X   
O X X O   
O X   O   
X X       
----------

Black 0,1
----------
  X X X   
      X   
  X X O   
  X   O   
X X       
----------

White 3,2
----------
  X X X   
      X   
  X X O   
  X O O   
X X       
----------

Black 1,2
----------
  X X X   
    X X   
  X X O   
  X O O   
X X       
----------

White 2,4
----------
  X X X   
    X X   
  X X O O 
  X O O   
X X       
----------

Black 4,3
----------
  X X X   
    X X   
  X X O O 
  X O O   
X X   X   
----------

White 1,4
----------
  X X X   
    X X O 
  X X O O 
  X O O   
X X   X   
----------

Black 3,4
----------
  X X X   
    X X O 
  X X O O 
  X O O X 
X X   X   
----------

White 1,0
----------
  X X X   
O   X X O 
  X X O O 
  X O O X 
X X   X   
----------

Game end.
The winner is X
ta time: 382.24
student time: 10.8
White(You) lose.
=====Round 10=====
Black:You White:TA
Wed Oct 28 17:53:58 PDT 2020
Clean up...
Start Playing...
Black 2,2
----------
          
          
    X     
          
          
----------

White 2,1
----------
          
          
  O X     
          
          
----------

Black 1,2
----------
          
    X     
  O X     
          
          
----------

White 3,1
----------
          
    X     
  O X     
  O       
          
----------

Black 1,1
----------
          
  X X     
  O X     
  O       
          
----------

White 3,2
----------
          
  X X     
  O X     
  O O     
          
----------

Black 1,3
----------
          
  X X X   
  O X     
  O O     
          
----------

White 3,3
----------
          
  X X X   
  O X     
  O O O   
          
----------

Black 1,0
----------
          
X X X X   
  O X     
  O O O   
          
----------

White 2,0
----------
          
X X X X   
O O X     
  O O O   
          
----------

Black 1,4
----------
          
X X X X X 
O O X     
  O O O   
          
----------

White 3,4
----------
          
X X X X X 
O O X     
  O O O O 
          
----------

Black 2,3
----------
          
X X X X X 
O O X X   
  O O O O 
          
----------

White 4,2
----------
          
X X X X X 
O O X X   
  O O O O 
    O     
----------

Black 0,0
----------
X         
X X X X X 
O O X X   
  O O O O 
    O     
----------

White 4,0
----------
X         
X X X X X 
O O X X   
  O O O O 
O   O     
----------

Black 0,1
----------
X X       
X X X X X 
O O X X   
  O O O O 
O   O     
----------

White 0,3
----------
X X   O   
X X X X X 
O O X X   
  O O O O 
O   O     
----------

Black 0,2
----------
X X X O   
X X X X X 
O O X X   
  O O O O 
O   O     
----------

White 2,4
----------
X X X O   
X X X X X 
O O X X O 
  O O O O 
O   O     
----------

Black 4,3
----------
X X X O   
X X X X X 
O O X X O 
  O O O O 
O   O X   
----------

White 0,4
----------
      O O 
          
O O     O 
  O O O O 
O   O X   
----------

Black 1,2
----------
      O O 
    X     
O O     O 
  O O O O 
O   O X   
----------

White 4,4
----------
      O O 
    X     
O O     O 
  O O O O 
O   O   O 
----------

Game end.
The winner is O
ta time: 423.15
student time: 11.34
Black(You) lose.
