Wed Oct 28 22:25:06 PDT 2020

==Playing with qlearning_player==
=====Round 1=====
Black:TA White:You
Wed Oct 28 22:25:06 PDT 2020
Clean up...
Start Playing...
Black 1,2
----------
          
    X     
          
          
          
----------

White 2,1
----------
          
    X     
  O       
          
          
----------

Black 2,2
----------
          
    X     
  O X     
          
          
----------

White 3,1
----------
          
    X     
  O X     
  O       
          
----------

Black 0,0
----------
X         
    X     
  O X     
  O       
          
----------

White 1,1
----------
X         
  O X     
  O X     
  O       
          
----------

Black 0,1
----------
X X       
  O X     
  O X     
  O       
          
----------

White 3,2
----------
X X       
  O X     
  O X     
  O O     
          
----------

Black 2,3
----------
X X       
  O X     
  O X X   
  O O     
          
----------

White 3,3
----------
X X       
  O X     
  O X X   
  O O O   
          
----------

Black 1,3
----------
X X       
  O X X   
  O X X   
  O O O   
          
----------

White 3,4
----------
X X       
  O X X   
  O X X   
  O O O O 
          
----------

Black 2,4
----------
X X       
  O X X   
  O X X X 
  O O O O 
          
----------

White 3,0
----------
X X       
  O X X   
  O X X X 
O O O O O 
          
----------

Black 0,2
----------
X X X     
  O X X   
  O X X X 
O O O O O 
          
----------

White 1,0
----------
X X X     
O O X X   
  O X X X 
O O O O O 
          
----------

Black 4,2
----------
X X X     
O O X X   
  O X X X 
O O O O O 
    X     
----------

White 2,0
----------
X X X     
O O X X   
O O X X X 
O O O O O 
    X     
----------

Black 4,1
----------
X X X     
O O X X   
O O X X X 
O O O O O 
  X X     
----------

White 4,0
----------
X X X     
O O X X   
O O X X X 
O O O O O 
O X X     
----------

Black 4,3
----------
X X X     
O O X X   
O O X X X 
O O O O O 
O X X X   
----------

White 4,4
----------
X X X     
O O X X   
O O X X X 
O O O O O 
O       O 
----------

Black 4,2
----------
X X X     
O O X X   
O O X X X 
O O O O O 
O   X   O 
----------

White 0,4
----------
X X X   O 
O O X X   
O O X X X 
O O O O O 
O   X   O 
----------

Game end.
The winner is O
ta time: 3.79
student time: 0.67
White(You) win!
=====Round 2=====
Black:You White:TA
Wed Oct 28 22:25:16 PDT 2020
Clean up...
Start Playing...
Black 2,2
----------
          
          
    X     
          
          
----------

White 2,1
----------
          
          
  O X     
          
          
----------

Black 1,2
----------
          
    X     
  O X     
          
          
----------

White 3,2
----------
          
    X     
  O X     
    O     
          
----------

Black 1,1
----------
          
  X X     
  O X     
    O     
          
----------

White 2,3
----------
          
  X X     
  O X O   
    O     
          
----------

Black 1,3
----------
          
  X X X   
  O X O   
    O     
          
----------

White 2,0
----------
          
  X X X   
O O X O   
    O     
          
----------

Black 1,4
----------
          
  X X X X 
O O X O   
    O     
          
----------

White 4,2
----------
          
  X X X X 
O O X O   
    O     
    O     
----------

Black 0,1
----------
  X       
  X X X X 
O O X O   
    O     
    O     
----------

White 0,2
----------
  X O     
  X X X X 
O O X O   
    O     
    O     
----------

Black 0,3
----------
  X   X   
  X X X X 
O O X O   
    O     
    O     
----------

White 2,4
----------
  X   X   
  X X X X 
O O X O O 
    O     
    O     
----------

Black 0,0
----------
X X   X   
  X X X X 
O O X O O 
    O     
    O     
----------

White 3,1
----------
X X   X   
  X X X X 
O O X O O 
  O O     
    O     
----------

Black 0,2
----------
X X X X   
  X X X X 
O O X O O 
  O O     
    O     
----------

White 3,3
----------
X X X X   
  X X X X 
O O X O O 
  O O O   
    O     
----------

Black 4,0
----------
X X X X   
  X X X X 
O O X O O 
  O O O   
X   O     
----------

White 1,0
----------
X X X X   
O X X X X 
O O X O O 
  O O O   
X   O     
----------

Black 4,4
----------
X X X X   
O X X X X 
O O X O O 
  O O O   
X   O   X 
----------

White 0,4
----------
        O 
O         
O O   O O 
  O O O   
X   O   X 
----------

Black 1,2
----------
        O 
O   X     
O O   O O 
  O O O   
X   O   X 
----------

White 2,2
----------
        O 
O   X     
O O O O O 
  O O O   
X   O   X 
----------

Game end.
The winner is O
ta time: 7.43
student time: 1.43
Black(You) lose.
=====Round 3=====
Black:TA White:You
Wed Oct 28 22:25:29 PDT 2020
Clean up...
Start Playing...
Black 1,2
----------
          
    X     
          
          
          
----------

White 2,1
----------
          
    X     
  O       
          
          
----------

Black 2,2
----------
          
    X     
  O X     
          
          
----------

White 3,1
----------
          
    X     
  O X     
  O       
          
----------

Black 0,0
----------
X         
    X     
  O X     
  O       
          
----------

White 1,1
----------
X         
  O X     
  O X     
  O       
          
----------

Black 0,1
----------
X X       
  O X     
  O X     
  O       
          
----------

White 3,2
----------
X X       
  O X     
  O X     
  O O     
          
----------

Black 2,3
----------
X X       
  O X     
  O X X   
  O O     
          
----------

White 3,3
----------
X X       
  O X     
  O X X   
  O O O   
          
----------

Black 2,4
----------
X X       
  O X     
  O X X X 
  O O O   
          
----------

White 3,0
----------
X X       
  O X     
  O X X X 
O O O O   
          
----------

Black 4,2
----------
X X       
  O X     
  O X X X 
O O O O   
    X     
----------

White 3,4
----------
X X       
  O X     
  O X X X 
O O O O O 
    X     
----------

Black 0,2
----------
X X X     
  O X     
  O X X X 
O O O O O 
    X     
----------

White 1,0
----------
X X X     
O O X     
  O X X X 
O O O O O 
    X     
----------

Black 1,3
----------
X X X     
O O X X   
  O X X X 
O O O O O 
    X     
----------

White 2,0
----------
X X X     
O O X X   
O O X X X 
O O O O O 
    X     
----------

Black 4,3
----------
X X X     
O O X X   
O O X X X 
O O O O O 
    X X   
----------

White 4,0
----------
X X X     
O O X X   
O O X X X 
O O O O O 
O   X X   
----------

Black 1,4
----------
X X X     
O O X X X 
O O X X X 
O O O O O 
O   X X   
----------

White 4,1
----------
X X X     
O O X X X 
O O X X X 
O O O O O 
O O X X   
----------

Black 4,4
----------
X X X     
    X X X 
    X X X 
          
    X X X 
----------

White 3,1
----------
X X X     
    X X X 
    X X X 
  O       
    X X X 
----------

Game end.
The winner is X
ta time: 11.31
student time: 2.08
White(You) lose.
=====Round 4=====
Black:You White:TA
Wed Oct 28 22:25:39 PDT 2020
Clean up...
Start Playing...
Black 2,2
----------
          
          
    X     
          
          
----------

White 2,1
----------
          
          
  O X     
          
          
----------

Black 1,2
----------
          
    X     
  O X     
          
          
----------

White 3,2
----------
          
    X     
  O X     
    O     
          
----------

Black 1,1
----------
          
  X X     
  O X     
    O     
          
----------

White 2,3
----------
          
  X X     
  O X O   
    O     
          
----------

Black 1,3
----------
          
  X X X   
  O X O   
    O     
          
----------

White 2,4
----------
          
  X X X   
  O X O O 
    O     
          
----------

Black 1,0
----------
          
X X X X   
  O X O O 
    O     
          
----------

White 2,0
----------
          
X X X X   
O O X O O 
    O     
          
----------

Black 0,3
----------
      X   
X X X X   
O O X O O 
    O     
          
----------

White 3,1
----------
      X   
X X X X   
O O X O O 
  O O     
          
----------

Black 0,0
----------
X     X   
X X X X   
O O X O O 
  O O     
          
----------

White 3,3
----------
X     X   
X X X X   
O O X O O 
  O O O   
          
----------

Black 0,1
----------
X X   X   
X X X X   
O O X O O 
  O O O   
          
----------

White 4,2
----------
X X   X   
X X X X   
O O X O O 
  O O O   
    O     
----------

Black 0,2
----------
X X X X   
X X X X   
O O X O O 
  O O O   
    O     
----------

White 4,1
----------
X X X X   
X X X X   
O O X O O 
  O O O   
  O O     
----------

Black 4,4
----------
X X X X   
X X X X   
O O X O O 
  O O O   
  O O   X 
----------

White 4,3
----------
X X X X   
X X X X   
O O X O O 
  O O O   
  O O O X 
----------

Black 0,4
----------
X X X X X 
X X X X   
O O X O O 
  O O O   
  O O O X 
----------

White 1,4
----------
          
        O 
O O   O O 
  O O O   
  O O O X 
----------

Black 1,2
----------
          
    X   O 
O O   O O 
  O O O   
  O O O X 
----------

White 3,4
----------
          
    X   O 
O O   O O 
  O O O O 
  O O O   
----------

Game end.
The winner is O
ta time: 14.74
student time: 2.73
Black(You) lose.
=====Round 5=====
Black:TA White:You
Wed Oct 28 22:25:52 PDT 2020
Clean up...
Start Playing...
Black 1,2
----------
          
    X     
          
          
          
----------

White 2,1
----------
          
    X     
  O       
          
          
----------

Black 2,2
----------
          
    X     
  O X     
          
          
----------

White 3,1
----------
          
    X     
  O X     
  O       
          
----------

Black 0,0
----------
X         
    X     
  O X     
  O       
          
----------

White 1,1
----------
X         
  O X     
  O X     
  O       
          
----------

Black 0,1
----------
X X       
  O X     
  O X     
  O       
          
----------

White 3,2
----------
X X       
  O X     
  O X     
  O O     
          
----------

Black 2,3
----------
X X       
  O X     
  O X X   
  O O     
          
----------

White 3,3
----------
X X       
  O X     
  O X X   
  O O O   
          
----------

Black 0,2
----------
X X X     
  O X     
  O X X   
  O O O   
          
----------

White 3,4
----------
X X X     
  O X     
  O X X   
  O O O O 
          
----------

Black 2,4
----------
X X X     
  O X     
  O X X X 
  O O O O 
          
----------

White 3,0
----------
X X X     
  O X     
  O X X X 
O O O O O 
          
----------

Black 1,3
----------
X X X     
  O X X   
  O X X X 
O O O O O 
          
----------

White 1,0
----------
X X X     
O O X X   
  O X X X 
O O O O O 
          
----------

Black 4,2
----------
X X X     
O O X X   
  O X X X 
O O O O O 
    X     
----------

White 2,0
----------
X X X     
O O X X   
O O X X X 
O O O O O 
    X     
----------

Black 1,4
----------
X X X     
O O X X X 
O O X X X 
O O O O O 
    X     
----------

White 4,0
----------
X X X     
O O X X X 
O O X X X 
O O O O O 
O   X     
----------

Black 4,3
----------
X X X     
O O X X X 
O O X X X 
O O O O O 
O   X X   
----------

White 4,1
----------
X X X     
O O X X X 
O O X X X 
O O O O O 
O O X X   
----------

Black 4,4
----------
X X X     
    X X X 
    X X X 
          
    X X X 
----------

White 3,1
----------
X X X     
    X X X 
    X X X 
  O       
    X X X 
----------

Game end.
The winner is X
ta time: 18.48
student time: 3.28
White(You) lose.
=====Round 6=====
Black:You White:TA
Wed Oct 28 22:26:03 PDT 2020
Clean up...
Start Playing...
Black 2,2
----------
          
          
    X     
          
          
----------

White 2,1
----------
          
          
  O X     
          
          
----------

Black 1,2
----------
          
    X     
  O X     
          
          
----------

White 3,2
----------
          
    X     
  O X     
    O     
          
----------

Black 1,1
----------
          
  X X     
  O X     
    O     
          
----------

White 2,3
----------
          
  X X     
  O X O   
    O     
          
----------

Black 1,3
----------
          
  X X X   
  O X O   
    O     
          
----------

White 3,3
----------
          
  X X X   
  O X O   
    O O   
          
----------

Black 1,0
----------
          
X X X X   
  O X O   
    O O   
          
----------

White 4,2
----------
          
X X X X   
  O X O   
    O O   
    O     
----------

Black 1,4
----------
          
X X X X X 
  O X O   
    O O   
    O     
----------

White 2,4
----------
          
X X X X X 
  O X O O 
    O O   
    O     
----------

Black 2,0
----------
          
X X X X X 
X O X O O 
    O O   
    O     
----------

White 3,1
----------
          
X X X X X 
X O X O O 
  O O O   
    O     
----------

Black 3,0
----------
          
X X X X X 
X O X O O 
X O O O   
    O     
----------

White 0,2
----------
    O     
X X X X X 
X O X O O 
X O O O   
    O     
----------

Black 4,0
----------
    O     
X X X X X 
X O X O O 
X O O O   
X   O     
----------

White 3,4
----------
    O     
X X X X X 
X O X O O 
X O O O O 
X   O     
----------

Black 0,0
----------
X   O     
X X X X X 
X O X O O 
X O O O O 
X   O     
----------

White 4,1
----------
X   O     
X X X X X 
X O X O O 
X O O O O 
X O O     
----------

Black 0,1
----------
X X O     
X X X X X 
X O X O O 
X O O O O 
X O O     
----------

White 4,3
----------
X X O     
X X X X X 
X O X O O 
X O O O O 
X O O O   
----------

Black 4,4
----------
X X O     
X X X X X 
X   X     
X         
X       X 
----------

White 3,2
----------
X X O     
X X X X X 
X   X     
X   O     
X       X 
----------

Game end.
The winner is X
ta time: 21.9
student time: 3.94
Black(You) win!
=====Round 7=====
Black:TA White:You
Wed Oct 28 22:26:13 PDT 2020
Clean up...
Start Playing...
Black 1,2
----------
          
    X     
          
          
          
----------

White 2,1
----------
          
    X     
  O       
          
          
----------

Black 2,2
----------
          
    X     
  O X     
          
          
----------

White 3,1
----------
          
    X     
  O X     
  O       
          
----------

Black 0,0
----------
X         
    X     
  O X     
  O       
          
----------

White 1,1
----------
X         
  O X     
  O X     
  O       
          
----------

Black 0,1
----------
X X       
  O X     
  O X     
  O       
          
----------

White 3,2
----------
X X       
  O X     
  O X     
  O O     
          
----------

Black 2,3
----------
X X       
  O X     
  O X X   
  O O     
          
----------

White 3,3
----------
X X       
  O X     
  O X X   
  O O O   
          
----------

Black 0,2
----------
X X X     
  O X     
  O X X   
  O O O   
          
----------

White 3,4
----------
X X X     
  O X     
  O X X   
  O O O O 
          
----------

Black 2,4
----------
X X X     
  O X     
  O X X X 
  O O O O 
          
----------

White 3,0
----------
X X X     
  O X     
  O X X X 
O O O O O 
          
----------

Black 1,3
----------
X X X     
  O X X   
  O X X X 
O O O O O 
          
----------

White 1,0
----------
X X X     
O O X X   
  O X X X 
O O O O O 
          
----------

Black 4,2
----------
X X X     
O O X X   
  O X X X 
O O O O O 
    X     
----------

White 2,0
----------
X X X     
O O X X   
O O X X X 
O O O O O 
    X     
----------

Black 1,4
----------
X X X     
O O X X X 
O O X X X 
O O O O O 
    X     
----------

White 4,0
----------
X X X     
O O X X X 
O O X X X 
O O O O O 
O   X     
----------

Black 0,3
----------
X X X X   
O O X X X 
O O X X X 
O O O O O 
O   X     
----------

White 0,4
----------
        O 
O O       
O O       
O O O O O 
O   X     
----------

Black 2,2
----------
        O 
O O       
O O X     
O O O O O 
O   X     
----------

White 1,2
----------
        O 
O O O     
O O X     
O O O O O 
O   X     
----------

Game end.
The winner is O
ta time: 26.07
student time: 4.5
White(You) win!
=====Round 8=====
Black:You White:TA
Wed Oct 28 22:26:24 PDT 2020
Clean up...
Start Playing...
Black 2,2
----------
          
          
    X     
          
          
----------

White 2,1
----------
          
          
  O X     
          
          
----------

Black 1,2
----------
          
    X     
  O X     
          
          
----------

White 3,2
----------
          
    X     
  O X     
    O     
          
----------

Black 1,1
----------
          
  X X     
  O X     
    O     
          
----------

White 2,3
----------
          
  X X     
  O X O   
    O     
          
----------

Black 1,3
----------
          
  X X X   
  O X O   
    O     
          
----------

White 2,4
----------
          
  X X X   
  O X O O 
    O     
          
----------

Black 1,0
----------
          
X X X X   
  O X O O 
    O     
          
----------

White 0,2
----------
    O     
X X X X   
  O X O O 
    O     
          
----------

Black 0,3
----------
    O X   
X X X X   
  O X O O 
    O     
          
----------

White 4,2
----------
    O X   
X X X X   
  O X O O 
    O     
    O     
----------

Black 0,1
----------
  X   X   
X X X X   
  O X O O 
    O     
    O     
----------

White 3,1
----------
  X   X   
X X X X   
  O X O O 
  O O     
    O     
----------

Black 2,0
----------
  X   X   
X X X X   
X O X O O 
  O O     
    O     
----------

White 3,3
----------
  X   X   
X X X X   
X O X O O 
  O O O   
    O     
----------

Black 3,0
----------
  X   X   
X X X X   
X O X O O 
X O O O   
    O     
----------

White 3,4
----------
  X   X   
X X X X   
X O X O O 
X O O O O 
    O     
----------

Black 4,0
----------
  X   X   
X X X X   
X O X O O 
X O O O O 
X   O     
----------

White 4,1
----------
  X   X   
X X X X   
X O X O O 
X O O O O 
X O O     
----------

Black 0,0
----------
X X   X   
X X X X   
X O X O O 
X O O O O 
X O O     
----------

White 4,3
----------
X X   X   
X X X X   
X O X O O 
X O O O O 
X O O O   
----------

Black 0,2
----------
X X X X   
X X X X   
X O X O O 
X O O O O 
X O O O   
----------

White 1,4
----------
X X X X   
X X X X O 
X O X O O 
X O O O O 
X O O O   
----------

Game end.
The winner is O
ta time: 29.51
student time: 5.17
Black(You) lose.
=====Round 9=====
Black:TA White:You
Wed Oct 28 22:26:35 PDT 2020
Clean up...
Start Playing...
Black 1,2
----------
          
    X     
          
          
          
----------

White 2,1
----------
          
    X     
  O       
          
          
----------

Black 2,2
----------
          
    X     
  O X     
          
          
----------

White 3,1
----------
          
    X     
  O X     
  O       
          
----------

Black 0,0
----------
X         
    X     
  O X     
  O       
          
----------

White 1,1
----------
X         
  O X     
  O X     
  O       
          
----------

Black 0,1
----------
X X       
  O X     
  O X     
  O       
          
----------

White 3,2
----------
X X       
  O X     
  O X     
  O O     
          
----------

Black 2,3
----------
X X       
  O X     
  O X X   
  O O     
          
----------

White 3,3
----------
X X       
  O X     
  O X X   
  O O O   
          
----------

Black 1,3
----------
X X       
  O X X   
  O X X   
  O O O   
          
----------

White 3,4
----------
X X       
  O X X   
  O X X   
  O O O O 
          
----------

Black 0,2
----------
X X X     
  O X X   
  O X X   
  O O O O 
          
----------

White 2,4
----------
X X X     
  O X X   
  O X X O 
  O O O O 
          
----------

Black 4,2
----------
X X X     
  O X X   
  O X X O 
  O O O O 
    X     
----------

White 1,4
----------
X X X     
  O X X O 
  O X X O 
  O O O O 
    X     
----------

Black 2,0
----------
X X X     
  O X X O 
X O X X O 
  O O O O 
    X     
----------

White 0,4
----------
X X X   O 
  O X X O 
X O X X O 
  O O O O 
    X     
----------

Black 4,3
----------
X X X   O 
  O X X O 
X O X X O 
  O O O O 
    X X   
----------

White 3,0
----------
X X X   O 
  O X X O 
X O X X O 
O O O O O 
    X X   
----------

Black 1,0
----------
X X X   O 
X O X X O 
X O X X O 
O O O O O 
    X X   
----------

White 0,3
----------
      O O 
  O     O 
  O     O 
O O O O O 
    X X   
----------

Black 2,2
----------
      O O 
  O     O 
  O X   O 
O O O O O 
    X X   
----------

White 0,1
----------
  O   O O 
  O     O 
  O X   O 
O O O O O 
    X X   
----------

Game end.
The winner is O
ta time: 33.47
student time: 5.87
White(You) win!
=====Round 10=====
Black:You White:TA
Wed Oct 28 22:26:46 PDT 2020
Clean up...
Start Playing...
Black 2,2
----------
          
          
    X     
          
          
----------

White 2,1
----------
          
          
  O X     
          
          
----------

Black 1,2
----------
          
    X     
  O X     
          
          
----------

White 3,2
----------
          
    X     
  O X     
    O     
          
----------

Black 1,1
----------
          
  X X     
  O X     
    O     
          
----------

White 2,3
----------
          
  X X     
  O X O   
    O     
          
----------

Black 1,3
----------
          
  X X X   
  O X O   
    O     
          
----------

White 4,2
----------
          
  X X X   
  O X O   
    O     
    O     
----------

Black 1,0
----------
          
X X X X   
  O X O   
    O     
    O     
----------

White 0,2
----------
    O     
X X X X   
  O X O   
    O     
    O     
----------

Black 1,4
----------
    O     
X X X X X 
  O X O   
    O     
    O     
----------

White 2,4
----------
    O     
X X X X X 
  O X O O 
    O     
    O     
----------

Black 2,0
----------
    O     
X X X X X 
X O X O O 
    O     
    O     
----------

White 3,3
----------
    O     
X X X X X 
X O X O O 
    O O   
    O     
----------

Black 3,1
----------
    O     
X X X X X 
X   X O O 
  X O O   
    O     
----------

White 4,1
----------
    O     
X X X X X 
X   X O O 
  X O O   
  O O     
----------

Black 2,1
----------
    O     
X X X X X 
X X X O O 
  X O O   
  O O     
----------

White 4,3
----------
    O     
X X X X X 
X X X O O 
  X O O   
  O O O   
----------

Black 3,0
----------
    O     
X X X X X 
X X X O O 
X X O O   
  O O O   
----------

White 0,3
----------
    O O   
X X X X X 
X X X O O 
X X O O   
  O O O   
----------

Black 0,0
----------
X   O O   
X X X X X 
X X X O O 
X X O O   
  O O O   
----------

White 0,1
----------
X O O O   
X X X X X 
X X X O O 
X X O O   
  O O O   
----------

Black 0,4
----------
X       X 
X X X X X 
X X X O O 
X X O O   
  O O O   
----------

White 0,2
----------
X   O   X 
X X X X X 
X X X O O 
X X O O   
  O O O   
----------

Game end.
The winner is X
ta time: 37.02
student time: 6.51
Black(You) win!

==Playing with championship_player==
=====Round 1=====
Black:TA White:You
Wed Oct 28 22:26:56 PDT 2020
Clean up...
Start Playing...
Black 2,2
----------
          
          
    X     
          
          
----------

White 1,1
----------
          
  O       
    X     
          
          
----------

Black 2,1
----------
          
  O       
  X X     
          
          
----------

White 1,2
----------
          
  O O     
  X X     
          
          
----------

Black 1,3
----------
          
  O O X   
  X X     
          
          
----------

White 1,0
----------
          
O O O X   
  X X     
          
          
----------

Black 0,3
----------
      X   
O O O X   
  X X     
          
          
----------

White 2,0
----------
      X   
O O O X   
O X X     
          
          
----------

Black 3,1
----------
      X   
O O O X   
O X X     
  X       
          
----------

White 3,0
----------
      X   
O O O X   
O X X     
O X       
          
----------

Black 4,1
----------
      X   
O O O X   
O X X     
O X       
  X       
----------

White 0,0
----------
O     X   
O O O X   
O X X     
O X       
  X       
----------

Black 0,2
----------
O   X X   
O O O X   
O X X     
O X       
  X       
----------

White 3,3
----------
O   X X   
O O O X   
O X X     
O X   O   
  X       
----------

Black 4,0
----------
O   X X   
O O O X   
O X X     
O X   O   
X X       
----------

White 2,3
----------
O   X X   
O O O X   
O X X O   
O X   O   
X X       
----------

Black 0,1
----------
  X X X   
      X   
  X X O   
  X   O   
X X       
----------

White 3,2
----------
  X X X   
      X   
  X X O   
  X O O   
X X       
----------

Black 4,2
----------
  X X X   
      X   
  X X O   
  X O O   
X X X     
----------

White 2,4
----------
  X X X   
      X   
  X X O O 
  X O O   
X X X     
----------

Black 1,4
----------
  X X X   
      X X 
  X X O O 
  X O O   
X X X     
----------

White 3,4
----------
  X X X   
      X X 
  X X O O 
  X O O O 
X X X     
----------

Black 0,0
----------
X X X X   
      X X 
  X X O O 
  X O O O 
X X X     
----------

White 1,1
----------
X X X X   
  O   X X 
  X X O O 
  X O O O 
X X X     
----------

Game end.
The winner is X
ta time: 73.71
student time: 7.24
White(You) lose.
=====Round 2=====
Black:You White:TA
Wed Oct 28 22:27:26 PDT 2020
Clean up...
Start Playing...
Black 2,2
----------
          
          
    X     
          
          
----------

White 2,3
----------
          
          
    X O   
          
          
----------

Black 1,2
----------
          
    X     
    X O   
          
          
----------

White 3,3
----------
          
    X     
    X O   
      O   
          
----------

Black 1,1
----------
          
  X X     
    X O   
      O   
          
----------

White 3,2
----------
          
  X X     
    X O   
    O O   
          
----------

Black 1,3
----------
          
  X X X   
    X O   
    O O   
          
----------

White 3,1
----------
          
  X X X   
    X O   
  O O O   
          
----------

Black 1,0
----------
          
X X X X   
    X O   
  O O O   
          
----------

White 1,4
----------
          
X X X X O 
    X O   
  O O O   
          
----------

Black 0,3
----------
      X   
X X X X O 
    X O   
  O O O   
          
----------

White 2,1
----------
      X   
X X X X O 
  O X O   
  O O O   
          
----------

Black 2,0
----------
      X   
X X X X O 
X O X O   
  O O O   
          
----------

White 3,0
----------
      X   
X X X X O 
X O X O   
O O O O   
          
----------

Black 0,0
----------
X     X   
X X X X O 
X O X O   
O O O O   
          
----------

White 2,4
----------
X     X   
X X X X O 
X O X O O 
O O O O   
          
----------

Black 0,1
----------
X X   X   
X X X X O 
X O X O O 
O O O O   
          
----------

White 4,2
----------
X X   X   
X X X X O 
X O X O O 
O O O O   
    O     
----------

Black 4,4
----------
X X   X   
X X X X O 
X O X O O 
O O O O   
    O   X 
----------

White 3,4
----------
X X   X   
X X X X O 
X O X O O 
O O O O O 
    O   X 
----------

Black 0,2
----------
X X X X   
X X X X O 
X O X O O 
O O O O O 
    O   X 
----------

White 0,4
----------
        O 
        O 
  O   O O 
O O O O O 
    O   X 
----------

Black 1,2
----------
        O 
    X   O 
  O   O O 
O O O O O 
    O   X 
----------

White 1,3
----------
        O 
    X O O 
  O   O O 
O O O O O 
    O   X 
----------

Game end.
The winner is O
ta time: 108.7
student time: 8.08
Black(You) lose.
=====Round 3=====
Black:TA White:You
Wed Oct 28 22:27:56 PDT 2020
Clean up...
Start Playing...
Black 2,2
----------
          
          
    X     
          
          
----------

White 1,1
----------
          
  O       
    X     
          
          
----------

Black 2,1
----------
          
  O       
  X X     
          
          
----------

White 1,2
----------
          
  O O     
  X X     
          
          
----------

Black 1,3
----------
          
  O O X   
  X X     
          
          
----------

White 1,0
----------
          
O O O X   
  X X     
          
          
----------

Black 0,3
----------
      X   
O O O X   
  X X     
          
          
----------

White 2,0
----------
      X   
O O O X   
O X X     
          
          
----------

Black 3,1
----------
      X   
O O O X   
O X X     
  X       
          
----------

White 3,0
----------
      X   
O O O X   
O X X     
O X       
          
----------

Black 4,1
----------
      X   
O O O X   
O X X     
O X       
  X       
----------

White 0,0
----------
O     X   
O O O X   
O X X     
O X       
  X       
----------

Black 0,2
----------
O   X X   
O O O X   
O X X     
O X       
  X       
----------

White 3,3
----------
O   X X   
O O O X   
O X X     
O X   O   
  X       
----------

Black 4,0
----------
O   X X   
O O O X   
O X X     
O X   O   
X X       
----------

White 2,3
----------
O   X X   
O O O X   
O X X O   
O X   O   
X X       
----------

Black 0,1
----------
  X X X   
      X   
  X X O   
  X   O   
X X       
----------

White 3,2
----------
  X X X   
      X   
  X X O   
  X O O   
X X       
----------

Black 1,2
----------
  X X X   
    X X   
  X X O   
  X O O   
X X       
----------

White 2,4
----------
  X X X   
    X X   
  X X O O 
  X O O   
X X       
----------

Black 4,2
----------
  X X X   
    X X   
  X X O O 
  X O O   
X X X     
----------

White 1,4
----------
  X X X   
    X X O 
  X X O O 
  X O O   
X X X     
----------

Black 1,0
----------
  X X X   
X   X X O 
  X X O O 
  X O O   
X X X     
----------

White 3,4
----------
  X X X   
X   X X O 
  X X O O 
  X O O O 
X X X     
----------

Game end.
The winner is X
ta time: 149.07
student time: 8.54
White(You) lose.
=====Round 4=====
Black:You White:TA
Wed Oct 28 22:28:26 PDT 2020
Clean up...
Start Playing...
Black 2,2
----------
          
          
    X     
          
          
----------

White 2,1
----------
          
          
  O X     
          
          
----------

Black 1,2
----------
          
    X     
  O X     
          
          
----------

White 3,1
----------
          
    X     
  O X     
  O       
          
----------

Black 1,1
----------
          
  X X     
  O X     
  O       
          
----------

White 3,2
----------
          
  X X     
  O X     
  O O     
          
----------

Black 1,3
----------
          
  X X X   
  O X     
  O O     
          
----------

White 3,3
----------
          
  X X X   
  O X     
  O O O   
          
----------

Black 1,0
----------
          
X X X X   
  O X     
  O O O   
          
----------

White 2,0
----------
          
X X X X   
O O X     
  O O O   
          
----------

Black 1,4
----------
          
X X X X X 
O O X     
  O O O   
          
----------

White 3,4
----------
          
X X X X X 
O O X     
  O O O O 
          
----------

Black 2,3
----------
          
X X X X X 
O O X X   
  O O O O 
          
----------

White 4,2
----------
          
X X X X X 
O O X X   
  O O O O 
    O     
----------

Black 0,0
----------
X         
X X X X X 
O O X X   
  O O O O 
    O     
----------

White 3,0
----------
X         
X X X X X 
O O X X   
O O O O O 
    O     
----------

Black 0,1
----------
X X       
X X X X X 
O O X X   
O O O O O 
    O     
----------

White 0,3
----------
X X   O   
X X X X X 
O O X X   
O O O O O 
    O     
----------

Black 0,2
----------
X X X O   
X X X X X 
O O X X   
O O O O O 
    O     
----------

White 4,0
----------
X X X O   
X X X X X 
O O X X   
O O O O O 
O   O     
----------

Black 0,4
----------
X X X   X 
X X X X X 
O O X X   
O O O O O 
O   O     
----------

White 2,4
----------
X X X   X 
X X X X X 
O O X X O 
O O O O O 
O   O     
----------

Black 4,3
----------
X X X   X 
X X X X X 
O O X X O 
O O O O O 
O   O X   
----------

White 0,3
----------
      O   
          
O O     O 
O O O O O 
O   O X   
----------

Game end.
The winner is O
ta time: 188.98
student time: 9.3
Black(You) lose.
=====Round 5=====
Black:TA White:You
Wed Oct 28 22:28:55 PDT 2020
Clean up...
Start Playing...
Black 2,2
----------
          
          
    X     
          
          
----------

White 1,1
----------
          
  O       
    X     
          
          
----------

Black 1,2
----------
          
  O X     
    X     
          
          
----------

White 2,1
----------
          
  O X     
  O X     
          
          
----------

Black 3,1
----------
          
  O X     
  O X     
  X       
          
----------

White 0,1
----------
  O       
  O X     
  O X     
  X       
          
----------

Black 2,0
----------
  O       
  O X     
X O X     
  X       
          
----------

White 0,2
----------
  O O     
  O X     
X O X     
  X       
          
----------

Black 0,3
----------
  O O X   
  O X     
X O X     
  X       
          
----------

White 3,3
----------
  O O X   
  O X     
X O X     
  X   O   
          
----------

Black 1,3
----------
  O O X   
  O X X   
X O X     
  X   O   
          
----------

White 2,3
----------
  O O X   
  O X X   
X O X O   
  X   O   
          
----------

Black 1,0
----------
  O O X   
X O X X   
X O X O   
  X   O   
          
----------

White 3,2
----------
  O O X   
X O X X   
X O X O   
  X O O   
          
----------

Black 0,0
----------
X     X   
X   X X   
X   X O   
  X O O   
          
----------

White 2,4
----------
X     X   
X   X X   
X   X O O 
  X O O   
          
----------

Black 4,1
----------
X     X   
X   X X   
X   X O O 
  X O O   
  X       
----------

White 1,4
----------
X     X   
X   X X O 
X   X O O 
  X O O   
  X       
----------

Black 2,1
----------
X     X   
X   X X O 
X X X O O 
  X O O   
  X       
----------

White 3,4
----------
X     X   
X   X X O 
X X X O O 
  X O O O 
  X       
----------

Black 0,1
----------
X X   X   
X   X X O 
X X X O O 
  X O O O 
  X       
----------

White 0,4
----------
X X   X O 
X   X X O 
X X X O O 
  X O O O 
  X       
----------

Black 0,2
----------
X X X X O 
X   X X O 
X X X O O 
  X O O O 
  X       
----------

White 4,2
----------
X X X X O 
X   X X O 
X X X O O 
  X O O O 
  X O     
----------

Game end.
The winner is X
ta time: 219.63
student time: 10.03
White(You) lose.
=====Round 6=====
Black:You White:TA
Wed Oct 28 22:29:20 PDT 2020
Clean up...
Start Playing...
Black 2,2
----------
          
          
    X     
          
          
----------

White 2,3
----------
          
          
    X O   
          
          
----------

Black 1,2
----------
          
    X     
    X O   
          
          
----------

White 3,3
----------
          
    X     
    X O   
      O   
          
----------

Black 1,1
----------
          
  X X     
    X O   
      O   
          
----------

White 3,2
----------
          
  X X     
    X O   
    O O   
          
----------

Black 1,3
----------
          
  X X X   
    X O   
    O O   
          
----------

White 3,1
----------
          
  X X X   
    X O   
  O O O   
          
----------

Black 1,0
----------
          
X X X X   
    X O   
  O O O   
          
----------

White 1,4
----------
          
X X X X O 
    X O   
  O O O   
          
----------

Black 0,3
----------
      X   
X X X X O 
    X O   
  O O O   
          
----------

White 2,1
----------
      X   
X X X X O 
  O X O   
  O O O   
          
----------

Black 2,0
----------
      X   
X X X X O 
X O X O   
  O O O   
          
----------

White 3,0
----------
      X   
X X X X O 
X O X O   
O O O O   
          
----------

Black 0,0
----------
X     X   
X X X X O 
X O X O   
O O O O   
          
----------

White 2,4
----------
X     X   
X X X X O 
X O X O O 
O O O O   
          
----------

Black 0,1
----------
X X   X   
X X X X O 
X O X O O 
O O O O   
          
----------

White 4,2
----------
X X   X   
X X X X O 
X O X O O 
O O O O   
    O     
----------

Black 4,4
----------
X X   X   
X X X X O 
X O X O O 
O O O O   
    O   X 
----------

White 3,4
----------
X X   X   
X X X X O 
X O X O O 
O O O O O 
    O   X 
----------

Black 0,2
----------
X X X X   
X X X X O 
X O X O O 
O O O O O 
    O   X 
----------

White 0,4
----------
        O 
        O 
  O   O O 
O O O O O 
    O   X 
----------

Black 1,2
----------
        O 
    X   O 
  O   O O 
O O O O O 
    O   X 
----------

White 1,3
----------
        O 
    X O O 
  O   O O 
O O O O O 
    O   X 
----------

Game end.
The winner is O
ta time: 256.48
student time: 10.45
Black(You) lose.
=====Round 7=====
Black:TA White:You
Wed Oct 28 22:29:50 PDT 2020
Clean up...
Start Playing...
Black 2,2
----------
          
          
    X     
          
          
----------

White 1,1
----------
          
  O       
    X     
          
          
----------

Black 2,1
----------
          
  O       
  X X     
          
          
----------

White 1,2
----------
          
  O O     
  X X     
          
          
----------

Black 1,3
----------
          
  O O X   
  X X     
          
          
----------

White 1,0
----------
          
O O O X   
  X X     
          
          
----------

Black 0,2
----------
    X     
O O O X   
  X X     
          
          
----------

White 2,0
----------
    X     
O O O X   
O X X     
          
          
----------

Black 3,0
----------
    X     
O O O X   
O X X     
X         
          
----------

White 3,3
----------
    X     
O O O X   
O X X     
X     O   
          
----------

Black 3,1
----------
    X     
O O O X   
O X X     
X X   O   
          
----------

White 2,3
----------
    X     
O O O X   
O X X O   
X X   O   
          
----------

Black 0,1
----------
  X X     
O O O X   
O X X O   
X X   O   
          
----------

White 3,2
----------
  X X     
O O O X   
O X X O   
X X O O   
          
----------

Black 0,0
----------
X X X     
      X   
  X X O   
X X O O   
          
----------

White 2,4
----------
X X X     
      X   
  X X O O 
X X O O   
          
----------

Black 1,4
----------
X X X     
      X X 
  X X O O 
X X O O   
          
----------

White 3,4
----------
X X X     
      X X 
  X X O O 
X X O O O 
          
----------

Black 1,2
----------
X X X     
    X X X 
  X X O O 
X X O O O 
          
----------

White 4,2
----------
X X X     
    X X X 
  X X O O 
X X O O O 
    O     
----------

Black 0,4
----------
X X X   X 
    X X X 
  X X O O 
X X O O O 
    O     
----------

White 4,1
----------
X X X   X 
    X X X 
  X X O O 
X X O O O 
  O O     
----------

Black 4,0
----------
X X X   X 
    X X X 
  X X O O 
X X O O O 
X O O     
----------

White 1,0
----------
X X X   X 
O   X X X 
  X X O O 
X X O O O 
X O O     
----------

Game end.
The winner is X
ta time: 284.81
student time: 11.07
White(You) lose.
=====Round 8=====
Black:You White:TA
Wed Oct 28 22:30:14 PDT 2020
Clean up...
Start Playing...
Black 2,2
----------
          
          
    X     
          
          
----------

White 1,2
----------
          
    O     
    X     
          
          
----------

Black 2,1
----------
          
    O     
  X X     
          
          
----------

White 1,3
----------
          
    O O   
  X X     
          
          
----------

Black 1,1
----------
          
  X O O   
  X X     
          
          
----------

White 2,3
----------
          
  X O O   
  X X O   
          
          
----------

Black 3,1
----------
          
  X O O   
  X X O   
  X       
          
----------

White 3,3
----------
          
  X O O   
  X X O   
  X   O   
          
----------

Black 0,1
----------
  X       
  X O O   
  X X O   
  X   O   
          
----------

White 0,2
----------
  X O     
  X O O   
  X X O   
  X   O   
          
----------

Black 3,2
----------
  X O     
  X O O   
  X X O   
  X X O   
          
----------

White 4,3
----------
  X O     
  X O O   
  X X O   
  X X O   
      O   
----------

Black 3,0
----------
  X O     
  X O O   
  X X O   
X X X O   
      O   
----------

White 2,4
----------
  X O     
  X O O   
  X X O O 
X X X O   
      O   
----------

Black 0,0
----------
X X O     
  X O O   
  X X O O 
X X X O   
      O   
----------

White 1,4
----------
X X O     
  X O O O 
  X X O O 
X X X O   
      O   
----------

Black 1,0
----------
X X O     
X X O O O 
  X X O O 
X X X O   
      O   
----------

White 4,4
----------
X X O     
X X O O O 
  X X O O 
X X X O   
      O O 
----------

Black 2,0
----------
X X O     
X X O O O 
X X X O O 
X X X O   
      O O 
----------

White 4,1
----------
X X O     
X X O O O 
X X X O O 
X X X O   
  O   O O 
----------

Black 4,0
----------
X X O     
X X O O O 
X X X O O 
X X X O   
X O   O O 
----------

White 4,2
----------
    O     
    O O O 
      O O 
      O   
  O O O O 
----------

Black 2,1
----------
    O     
    O O O 
  X   O O 
      O   
  O O O O 
----------

White 2,2
----------
    O     
    O O O 
  X O O O 
      O   
  O O O O 
----------

Game end.
The winner is O
ta time: 324.45
student time: 11.86
Black(You) lose.
=====Round 9=====
Black:TA White:You
Wed Oct 28 22:30:44 PDT 2020
Clean up...
Start Playing...
Black 2,2
----------
          
          
    X     
          
          
----------

White 1,1
----------
          
  O       
    X     
          
          
----------

Black 2,1
----------
          
  O       
  X X     
          
          
----------

White 1,2
----------
          
  O O     
  X X     
          
          
----------

Black 1,3
----------
          
  O O X   
  X X     
          
          
----------

White 1,0
----------
          
O O O X   
  X X     
          
          
----------

Black 0,3
----------
      X   
O O O X   
  X X     
          
          
----------

White 2,0
----------
      X   
O O O X   
O X X     
          
          
----------

Black 3,1
----------
      X   
O O O X   
O X X     
  X       
          
----------

White 3,0
----------
      X   
O O O X   
O X X     
O X       
          
----------

Black 4,1
----------
      X   
O O O X   
O X X     
O X       
  X       
----------

White 0,0
----------
O     X   
O O O X   
O X X     
O X       
  X       
----------

Black 0,2
----------
O   X X   
O O O X   
O X X     
O X       
  X       
----------

White 3,3
----------
O   X X   
O O O X   
O X X     
O X   O   
  X       
----------

Black 4,0
----------
O   X X   
O O O X   
O X X     
O X   O   
X X       
----------

White 2,3
----------
O   X X   
O O O X   
O X X O   
O X   O   
X X       
----------

Black 0,1
----------
  X X X   
      X   
  X X O   
  X   O   
X X       
----------

White 3,2
----------
  X X X   
      X   
  X X O   
  X O O   
X X       
----------

Black 2,4
----------
  X X X   
      X   
  X X O X 
  X O O   
X X       
----------

White 3,4
----------
  X X X   
      X   
  X X O X 
  X O O O 
X X       
----------

Black 1,4
----------
  X X X   
      X X 
  X X O X 
  X O O O 
X X       
----------

White 4,2
----------
  X X X   
      X X 
  X X O X 
  X O O O 
X X O     
----------

Black 1,1
----------
  X X X   
  X   X X 
  X X O X 
  X O O O 
X X O     
----------

White 1,0
----------
  X X X   
O X   X X 
  X X O X 
  X O O O 
X X O     
----------

Game end.
The winner is X
ta time: 362.79
student time: 12.38
White(You) lose.
=====Round 10=====
Black:You White:TA
Wed Oct 28 22:31:13 PDT 2020
Clean up...
Start Playing...
Black 2,2
----------
          
          
    X     
          
          
----------

White 3,2
----------
          
          
    X     
    O     
          
----------

Black 1,2
----------
          
    X     
    X     
    O     
          
----------

White 3,1
----------
          
    X     
    X     
  O O     
          
----------

Black 1,1
----------
          
  X X     
    X     
  O O     
          
----------

White 3,3
----------
          
  X X     
    X     
  O O O   
          
----------

Black 1,3
----------
          
  X X X   
    X     
  O O O   
          
----------

White 2,4
----------
          
  X X X   
    X   O 
  O O O   
          
----------

Black 1,0
----------
          
X X X X   
    X   O 
  O O O   
          
----------

White 2,3
----------
          
X X X X   
    X O O 
  O O O   
          
----------

Black 0,3
----------
      X   
X X X X   
    X O O 
  O O O   
          
----------

White 1,4
----------
      X   
X X X X O 
    X O O 
  O O O   
          
----------

Black 2,0
----------
      X   
X X X X O 
X   X O O 
  O O O   
          
----------

White 3,0
----------
      X   
X X X X O 
X   X O O 
O O O O   
          
----------

Black 2,1
----------
      X   
X X X X O 
X X X O O 
O O O O   
          
----------

White 0,1
----------
  O   X   
X X X X O 
X X X O O 
O O O O   
          
----------

Black 0,0
----------
X O   X   
X X X X O 
X X X O O 
O O O O   
          
----------

White 4,2
----------
X O   X   
X X X X O 
X X X O O 
O O O O   
    O     
----------

Black 4,4
----------
X O   X   
X X X X O 
X X X O O 
O O O O   
    O   X 
----------

White 3,4
----------
X O   X   
X X X X O 
X X X O O 
O O O O O 
    O   X 
----------

Black 0,2
----------
X   X X   
X X X X O 
X X X O O 
O O O O O 
    O   X 
----------

White 4,0
----------
X   X X   
X X X X O 
X X X O O 
O O O O O 
O   O   X 
----------

Black 0,1
----------
X X X X   
X X X X O 
X X X O O 
O O O O O 
O   O   X 
----------

White 0,4
----------
        O 
        O 
      O O 
O O O O O 
O   O   X 
----------

Game end.
The winner is O
ta time: 401.55
student time: 13.14
Black(You) lose.
