Wed Oct 28 03:18:24 PDT 2020

==Playing with qlearning_player==
=====Round 1=====
Black:TA White:You
Wed Oct 28 03:18:24 PDT 2020
Clean up...
Start Playing...
Black 1,2
----------
          
    X     
          
          
          
----------

White 2,1
----------
          
    X     
  O       
          
          
----------

Black 2,2
----------
          
    X     
  O X     
          
          
----------

White 3,1
----------
          
    X     
  O X     
  O       
          
----------

Black 0,0
----------
X         
    X     
  O X     
  O       
          
----------

White 0,1
----------
X O       
    X     
  O X     
  O       
          
----------

Black 2,3
----------
X O       
    X     
  O X X   
  O       
          
----------

White 1,0
----------
  O       
O   X     
  O X X   
  O       
          
----------

Black 0,2
----------
  O X     
O   X     
  O X X   
  O       
          
----------

White 3,2
----------
  O X     
O   X     
  O X X   
  O O     
          
----------

Black 0,3
----------
  O X X   
O   X     
  O X X   
  O O     
          
----------

White 3,3
----------
  O X X   
O   X     
  O X X   
  O O O   
          
----------

Black 0,4
----------
  O X X X 
O   X     
  O X X   
  O O O   
          
----------

White 3,4
----------
  O X X X 
O   X     
  O X X   
  O O O O 
          
----------

Black 1,3
----------
  O X X X 
O   X X   
  O X X   
  O O O O 
          
----------

White 1,1
----------
  O X X X 
O O X X   
  O X X   
  O O O O 
          
----------

Black 2,0
----------
  O X X X 
O O X X   
X O X X   
  O O O O 
          
----------

White 2,4
----------
  O X X X 
O O X X   
X O X X O 
  O O O O 
          
----------

Black 4,2
----------
  O X X X 
O O X X   
X O X X O 
  O O O O 
    X     
----------

White 1,4
----------
  O       
O O     O 
X O     O 
  O O O O 
    X     
----------

Black 2,2
----------
  O       
O O     O 
X O X   O 
  O O O O 
    X     
----------

White 3,0
----------
  O       
O O     O 
  O X   O 
O O O O O 
    X     
----------

Black 2,3
----------
  O       
O O     O 
  O X X O 
O O O O O 
    X     
----------

White 1,3
----------
  O       
O O   O O 
  O X X O 
O O O O O 
    X     
----------

Game end.
The winner is O
ta time: 4.37
student time: 0.81
White(You) win!
=====Round 2=====
Black:You White:TA
Wed Oct 28 03:18:32 PDT 2020
Clean up...
Start Playing...
Black 2,2
----------
          
          
    X     
          
          
----------

White 2,1
----------
          
          
  O X     
          
          
----------

Black 1,2
----------
          
    X     
  O X     
          
          
----------

White 3,2
----------
          
    X     
  O X     
    O     
          
----------

Black 1,1
----------
          
  X X     
  O X     
    O     
          
----------

White 2,3
----------
          
  X X     
  O X O   
    O     
          
----------

Black 3,1
----------
          
  X X     
  O X O   
  X O     
          
----------

White 4,2
----------
          
  X X     
  O X O   
  X O     
    O     
----------

Black 2,0
----------
          
  X X     
X   X O   
  X O     
    O     
----------

White 2,4
----------
          
  X X     
X   X O O 
  X O     
    O     
----------

Black 1,3
----------
          
  X X X   
X   X O O 
  X O     
    O     
----------

White 0,2
----------
    O     
  X X X   
X   X O O 
  X O     
    O     
----------

Black 0,1
----------
  X O     
  X X X   
X   X O O 
  X O     
    O     
----------

White 3,3
----------
  X O     
  X X X   
X   X O O 
  X O O   
    O     
----------

Black 0,3
----------
  X   X   
  X X X   
X   X O O 
  X O O   
    O     
----------

White 3,0
----------
  X   X   
  X X X   
X   X O O 
O X O O   
    O     
----------

Black 2,1
----------
  X   X   
  X X X   
X X X O O 
O X O O   
    O     
----------

White 3,4
----------
  X   X   
  X X X   
X X X O O 
O X O O O 
    O     
----------

Black 4,1
----------
  X   X   
  X X X   
X X X O O 
O X O O O 
  X O     
----------

White 4,3
----------
  X   X   
  X X X   
X X X O O 
O X O O O 
  X O O   
----------

Black 4,0
----------
  X   X   
  X X X   
X X X O O 
  X O O O 
X X O O   
----------

White 1,0
----------
  X   X   
O X X X   
X X X O O 
  X O O O 
X X O O   
----------

Black 0,0
----------
X X   X   
  X X X   
X X X O O 
  X O O O 
X X O O   
----------

White 1,4
----------
X X   X   
  X X X O 
X X X O O 
  X O O O 
X X O O   
----------

Game end.
The winner is X
ta time: 8.43
student time: 1.47
Black(You) win!
=====Round 3=====
Black:TA White:You
Wed Oct 28 03:18:39 PDT 2020
Clean up...
Start Playing...
Black 1,2
----------
          
    X     
          
          
          
----------

White 2,1
----------
          
    X     
  O       
          
          
----------

Black 2,2
----------
          
    X     
  O X     
          
          
----------

White 3,1
----------
          
    X     
  O X     
  O       
          
----------

Black 0,0
----------
X         
    X     
  O X     
  O       
          
----------

White 0,1
----------
X O       
    X     
  O X     
  O       
          
----------

Black 2,3
----------
X O       
    X     
  O X X   
  O       
          
----------

White 1,0
----------
  O       
O   X     
  O X X   
  O       
          
----------

Black 0,2
----------
  O X     
O   X     
  O X X   
  O       
          
----------

White 3,2
----------
  O X     
O   X     
  O X X   
  O O     
          
----------

Black 0,3
----------
  O X X   
O   X     
  O X X   
  O O     
          
----------

White 3,3
----------
  O X X   
O   X     
  O X X   
  O O O   
          
----------

Black 0,4
----------
  O X X X 
O   X     
  O X X   
  O O O   
          
----------

White 3,4
----------
  O X X X 
O   X     
  O X X   
  O O O O 
          
----------

Black 2,4
----------
  O X X X 
O   X     
  O X X X 
  O O O O 
          
----------

White 1,1
----------
  O X X X 
O O X     
  O X X X 
  O O O O 
          
----------

Black 2,0
----------
  O X X X 
O O X     
X O X X X 
  O O O O 
          
----------

White 3,0
----------
  O X X X 
O O X     
  O X X X 
O O O O O 
          
----------

Black 1,3
----------
  O X X X 
O O X X   
  O X X X 
O O O O O 
          
----------

White 1,4
----------
  O       
O O     O 
  O       
O O O O O 
          
----------

Black 2,2
----------
  O       
O O     O 
  O X     
O O O O O 
          
----------

White 1,2
----------
  O       
O O O   O 
  O X     
O O O O O 
          
----------

Black 2,3
----------
  O       
O O O   O 
  O X X   
O O O O O 
          
----------

White 1,3
----------
  O       
O O O O O 
  O X X   
O O O O O 
          
----------

Game end.
The winner is O
ta time: 12.41
student time: 2.33
White(You) win!
=====Round 4=====
Black:You White:TA
Wed Oct 28 03:18:47 PDT 2020
Clean up...
Start Playing...
Black 2,2
----------
          
          
    X     
          
          
----------

White 2,1
----------
          
          
  O X     
          
          
----------

Black 1,2
----------
          
    X     
  O X     
          
          
----------

White 3,2
----------
          
    X     
  O X     
    O     
          
----------

Black 1,1
----------
          
  X X     
  O X     
    O     
          
----------

White 2,3
----------
          
  X X     
  O X O   
    O     
          
----------

Black 3,1
----------
          
  X X     
  O X O   
  X O     
          
----------

White 3,3
----------
          
  X X     
  O X O   
  X O O   
          
----------

Black 2,0
----------
          
  X X     
X   X O   
  X O O   
          
----------

White 1,3
----------
          
  X X O   
X   X O   
  X O O   
          
----------

Black 4,1
----------
          
  X X O   
X   X O   
  X O O   
  X       
----------

White 4,2
----------
          
  X X O   
X   X O   
  X O O   
  X O     
----------

Black 0,1
----------
  X       
  X X O   
X   X O   
  X O O   
  X O     
----------

White 2,4
----------
  X       
  X X O   
X   X O O 
  X O O   
  X O     
----------

Black 0,2
----------
  X X     
  X X O   
X   X O O 
  X O O   
  X O     
----------

White 1,4
----------
  X X     
  X X O O 
X   X O O 
  X O O   
  X O     
----------

Black 0,3
----------
  X X X   
  X X O O 
X   X O O 
  X O O   
  X O     
----------

White 3,4
----------
  X X X   
  X X O O 
X   X O O 
  X O O O 
  X O     
----------

Black 2,1
----------
  X X X   
  X X O O 
X X X O O 
  X O O O 
  X O     
----------

White 4,3
----------
  X X X   
  X X O O 
X X X O O 
  X O O O 
  X O O   
----------

Black 0,4
----------
  X X X X 
  X X O O 
X X X O O 
  X O O O 
  X O O   
----------

White 1,0
----------
  X X X X 
O X X O O 
X X X O O 
  X O O O 
  X O O   
----------

Black 4,4
----------
  X X X X 
O X X     
X X X     
  X       
  X     X 
----------

White 2,3
----------
  X X X X 
O X X     
X X X O   
  X       
  X     X 
----------

Game end.
The winner is X
ta time: 16.32
student time: 3.02
Black(You) win!
=====Round 5=====
Black:TA White:You
Wed Oct 28 03:18:55 PDT 2020
Clean up...
Start Playing...
Black 1,2
----------
          
    X     
          
          
          
----------

White 2,1
----------
          
    X     
  O       
          
          
----------

Black 2,2
----------
          
    X     
  O X     
          
          
----------

White 3,1
----------
          
    X     
  O X     
  O       
          
----------

Black 0,0
----------
X         
    X     
  O X     
  O       
          
----------

White 0,1
----------
X O       
    X     
  O X     
  O       
          
----------

Black 3,2
----------
X O       
    X     
  O X     
  O X     
          
----------

White 1,0
----------
  O       
O   X     
  O X     
  O X     
          
----------

Black 0,2
----------
  O X     
O   X     
  O X     
  O X     
          
----------

White 4,1
----------
  O X     
O   X     
  O X     
  O X     
  O       
----------

Black 2,3
----------
  O X     
O   X     
  O X X   
  O X     
  O       
----------

White 4,2
----------
  O X     
O   X     
  O X X   
  O X     
  O O     
----------

Black 1,3
----------
  O X     
O   X X   
  O X X   
  O X     
  O O     
----------

White 4,3
----------
  O X     
O   X X   
  O X X   
  O X     
  O O O   
----------

Black 1,1
----------
  O X     
O X X X   
  O X X   
  O X     
  O O O   
----------

White 3,3
----------
  O X     
O X X X   
  O X X   
  O X O   
  O O O   
----------

Black 0,0
----------
X   X     
O X X X   
  O X X   
  O X O   
  O O O   
----------

White 3,4
----------
X   X     
O X X X   
  O X X   
  O X O O 
  O O O   
----------

Black 2,0
----------
X   X     
  X X X   
X O X X   
  O X O O 
  O O O   
----------

White 3,0
----------
X   X     
  X X X   
X O X X   
O O X O O 
  O O O   
----------

Black 2,4
----------
X   X     
  X X X   
X O X X X 
O O X O O 
  O O O   
----------

White 0,4
----------
X   X   O 
  X X X   
X O X X X 
O O X O O 
  O O O   
----------

Black 0,3
----------
X   X X O 
  X X X   
X O X X X 
O O X O O 
  O O O   
----------

White 1,0
----------
X   X X O 
O X X X   
  O X X X 
O O X O O 
  O O O   
----------

Game end.
The winner is O
ta time: 20.38
student time: 3.76
White(You) win!
=====Round 6=====
Black:You White:TA
Wed Oct 28 03:19:03 PDT 2020
Clean up...
Start Playing...
Black 2,2
----------
          
          
    X     
          
          
----------

White 2,1
----------
          
          
  O X     
          
          
----------

Black 1,2
----------
          
    X     
  O X     
          
          
----------

White 3,2
----------
          
    X     
  O X     
    O     
          
----------

Black 1,1
----------
          
  X X     
  O X     
    O     
          
----------

White 2,3
----------
          
  X X     
  O X O   
    O     
          
----------

Black 3,1
----------
          
  X X     
  O X O   
  X O     
          
----------

White 3,3
----------
          
  X X     
  O X O   
  X O O   
          
----------

Black 2,0
----------
          
  X X     
X   X O   
  X O O   
          
----------

White 0,2
----------
    O     
  X X     
X   X O   
  X O O   
          
----------

Black 0,1
----------
  X O     
  X X     
X   X O   
  X O O   
          
----------

White 4,2
----------
  X O     
  X X     
X   X O   
  X O O   
    O     
----------

Black 0,3
----------
  X   X   
  X X     
X   X O   
  X O O   
    O     
----------

White 0,0
----------
O X   X   
  X X     
X   X O   
  X O O   
    O     
----------

Black 1,0
----------
  X   X   
X X X     
X   X O   
  X O O   
    O     
----------

White 0,4
----------
  X   X O 
X X X     
X   X O   
  X O O   
    O     
----------

Black 1,4
----------
  X   X   
X X X   X 
X   X O   
  X O O   
    O     
----------

White 2,4
----------
  X   X   
X X X   X 
X   X O O 
  X O O   
    O     
----------

Black 1,3
----------
  X   X   
X X X X X 
X   X O O 
  X O O   
    O     
----------

White 3,4
----------
  X   X   
X X X X X 
X   X O O 
  X O O O 
    O     
----------

Black 2,1
----------
  X   X   
X X X X X 
X X X O O 
  X O O O 
    O     
----------

White 4,1
----------
  X   X   
X X X X X 
X X X O O 
  X O O O 
  O O     
----------

Black 3,0
----------
  X   X   
X X X X X 
X X X O O 
X X O O O 
  O O     
----------

White 4,3
----------
  X   X   
X X X X X 
X X X O O 
X X O O O 
  O O O   
----------

Game end.
The winner is X
ta time: 24.23
student time: 4.46
Black(You) win!
=====Round 7=====
Black:TA White:You
Wed Oct 28 03:19:11 PDT 2020
Clean up...
Start Playing...
Black 1,2
----------
          
    X     
          
          
          
----------

White 2,1
----------
          
    X     
  O       
          
          
----------

Black 2,2
----------
          
    X     
  O X     
          
          
----------

White 3,1
----------
          
    X     
  O X     
  O       
          
----------

Black 0,0
----------
X         
    X     
  O X     
  O       
          
----------

White 0,1
----------
X O       
    X     
  O X     
  O       
          
----------

Black 2,3
----------
X O       
    X     
  O X X   
  O       
          
----------

White 1,0
----------
  O       
O   X     
  O X X   
  O       
          
----------

Black 0,2
----------
  O X     
O   X     
  O X X   
  O       
          
----------

White 3,2
----------
  O X     
O   X     
  O X X   
  O O     
          
----------

Black 0,3
----------
  O X X   
O   X     
  O X X   
  O O     
          
----------

White 3,3
----------
  O X X   
O   X     
  O X X   
  O O O   
          
----------

Black 0,4
----------
  O X X X 
O   X     
  O X X   
  O O O   
          
----------

White 3,4
----------
  O X X X 
O   X     
  O X X   
  O O O O 
          
----------

Black 2,4
----------
  O X X X 
O   X     
  O X X X 
  O O O O 
          
----------

White 1,1
----------
  O X X X 
O O X     
  O X X X 
  O O O O 
          
----------

Black 1,3
----------
  O X X X 
O O X X   
  O X X X 
  O O O O 
          
----------

White 1,4
----------
  O       
O O     O 
  O       
  O O O O 
          
----------

Black 2,2
----------
  O       
O O     O 
  O X     
  O O O O 
          
----------

White 1,2
----------
  O       
O O O   O 
  O X     
  O O O O 
          
----------

Black 2,3
----------
  O       
O O O   O 
  O X X   
  O O O O 
          
----------

White 1,3
----------
  O       
O O O O O 
  O X X   
  O O O O 
          
----------

Black 4,2
----------
  O       
O O O O O 
  O X X   
  O O O O 
    X     
----------

White 2,4
----------
  O       
O O O O O 
  O     O 
  O O O O 
    X     
----------

Game end.
The winner is O
ta time: 28.29
student time: 5.4
White(You) win!
=====Round 8=====
Black:You White:TA
Wed Oct 28 03:19:19 PDT 2020
Clean up...
Start Playing...
Black 2,2
----------
          
          
    X     
          
          
----------

White 2,1
----------
          
          
  O X     
          
          
----------

Black 1,2
----------
          
    X     
  O X     
          
          
----------

White 3,2
----------
          
    X     
  O X     
    O     
          
----------

Black 1,1
----------
          
  X X     
  O X     
    O     
          
----------

White 2,3
----------
          
  X X     
  O X O   
    O     
          
----------

Black 3,1
----------
          
  X X     
  O X O   
  X O     
          
----------

White 1,3
----------
          
  X X O   
  O X O   
  X O     
          
----------

Black 2,0
----------
          
  X X O   
X   X O   
  X O     
          
----------

White 0,2
----------
    O     
  X X O   
X   X O   
  X O     
          
----------

Black 0,1
----------
  X O     
  X X O   
X   X O   
  X O     
          
----------

White 2,4
----------
  X O     
  X X O   
X   X O O 
  X O     
          
----------

Black 4,1
----------
  X O     
  X X O   
X   X O O 
  X O     
  X       
----------

White 3,3
----------
  X O     
  X X O   
X   X O O 
  X O O   
  X       
----------

Black 4,2
----------
  X O     
  X X O   
X   X O O 
  X O O   
  X X     
----------

White 1,0
----------
  X O     
O X X O   
X   X O O 
  X O O   
  X X     
----------

Black 2,1
----------
  X O     
O X X O   
X X X O O 
  X O O   
  X X     
----------

White 4,3
----------
  X O     
O X X O   
X X X O O 
  X O O   
  X X O   
----------

Black 0,0
----------
X X O     
  X X O   
X X X O O 
  X O O   
  X X O   
----------

White 0,3
----------
X X O O   
  X X O   
X X X O O 
  X O O   
  X X O   
----------

Black 1,0
----------
X X O O   
X X X O   
X X X O O 
  X O O   
  X X O   
----------

White 1,4
----------
X X O O   
X X X O O 
X X X O O 
  X O O   
  X X O   
----------

Black 3,0
----------
X X O O   
X X X O O 
X X X O O 
X X O O   
  X X O   
----------

White 4,0
----------
    O O   
      O O 
      O O 
    O O   
O     O   
----------

Game end.
The winner is O
ta time: 32.05
student time: 6.12
Black(You) lose.
=====Round 9=====
Black:TA White:You
Wed Oct 28 03:19:27 PDT 2020
Clean up...
Start Playing...
Black 1,2
----------
          
    X     
          
          
          
----------

White 2,1
----------
          
    X     
  O       
          
          
----------

Black 2,2
----------
          
    X     
  O X     
          
          
----------

White 3,1
----------
          
    X     
  O X     
  O       
          
----------

Black 0,0
----------
X         
    X     
  O X     
  O       
          
----------

White 0,1
----------
X O       
    X     
  O X     
  O       
          
----------

Black 3,2
----------
X O       
    X     
  O X     
  O X     
          
----------

White 1,0
----------
  O       
O   X     
  O X     
  O X     
          
----------

Black 0,2
----------
  O X     
O   X     
  O X     
  O X     
          
----------

White 4,1
----------
  O X     
O   X     
  O X     
  O X     
  O       
----------

Black 2,3
----------
  O X     
O   X     
  O X X   
  O X     
  O       
----------

White 4,2
----------
  O X     
O   X     
  O X X   
  O X     
  O O     
----------

Black 2,4
----------
  O X     
O   X     
  O X X X 
  O X     
  O O     
----------

White 4,3
----------
  O X     
O   X     
  O X X X 
  O X     
  O O O   
----------

Black 3,3
----------
  O X     
O   X     
  O X X X 
  O X X   
  O O O   
----------

White 4,4
----------
  O X     
O   X     
  O X X X 
  O X X   
  O O O O 
----------

Black 1,3
----------
  O X     
O   X X   
  O X X X 
  O X X   
  O O O O 
----------

White 1,1
----------
  O X     
O O X X   
  O X X X 
  O X X   
  O O O O 
----------

Black 2,0
----------
  O X     
O O X X   
X O X X X 
  O X X   
  O O O O 
----------

White 3,0
----------
  O X     
O O X X   
  O X X X 
O O X X   
  O O O O 
----------

Black 1,4
----------
  O X     
O O X X X 
  O X X X 
O O X X   
  O O O O 
----------

White 0,0
----------
O O X     
O O X X X 
  O X X X 
O O X X   
  O O O O 
----------

Black 3,4
----------
O O X     
O O X X X 
  O X X X 
O O X X X 
  O O O O 
----------

White 0,3
----------
O O X O   
O O X X X 
  O X X X 
O O X X X 
  O O O O 
----------

Game end.
The winner is O
ta time: 36.1
student time: 6.83
White(You) win!
=====Round 10=====
Black:You White:TA
Wed Oct 28 03:19:35 PDT 2020
Clean up...
Start Playing...
Black 2,2
----------
          
          
    X     
          
          
----------

White 2,1
----------
          
          
  O X     
          
          
----------

Black 1,2
----------
          
    X     
  O X     
          
          
----------

White 3,2
----------
          
    X     
  O X     
    O     
          
----------

Black 1,1
----------
          
  X X     
  O X     
    O     
          
----------

White 2,3
----------
          
  X X     
  O X O   
    O     
          
----------

Black 3,1
----------
          
  X X     
  O X O   
  X O     
          
----------

White 2,4
----------
          
  X X     
  O X O O 
  X O     
          
----------

Black 2,0
----------
          
  X X     
X   X O O 
  X O     
          
----------

White 1,3
----------
          
  X X O   
X   X O O 
  X O     
          
----------

Black 3,3
----------
          
  X X O   
X   X O O 
  X O X   
          
----------

White 0,2
----------
    O     
  X X O   
X   X O O 
  X O X   
          
----------

Black 4,2
----------
    O     
  X X O   
X   X O O 
  X   X   
    X     
----------

White 1,0
----------
    O     
O X X O   
X   X O O 
  X   X   
    X     
----------

Black 0,1
----------
  X O     
O X X O   
X   X O O 
  X   X   
    X     
----------

White 3,0
----------
  X O     
O X X O   
X   X O O 
O X   X   
    X     
----------

Black 0,0
----------
X X O     
  X X O   
X   X O O 
O X   X   
    X     
----------

White 0,3
----------
X X O O   
  X X O   
X   X O O 
O X   X   
    X     
----------

Black 3,4
----------
X X O O   
  X X O   
X   X O O 
O X   X X 
    X     
----------

White 4,3
----------
X X O O   
  X X O   
X   X O O 
O X   X X 
    X O   
----------

Black 4,1
----------
X X O O   
  X X O   
X   X O O 
O X   X X 
  X X O   
----------

White 1,4
----------
X X O O   
  X X O O 
X   X O O 
O X   X X 
  X X O   
----------

Black 0,4
----------
X X     X 
  X X     
X   X     
O X   X X 
  X X O   
----------

White 2,3
----------
X X     X 
  X X     
X   X O   
O X   X X 
  X X O   
----------

Game end.
The winner is X
ta time: 39.59
student time: 7.52
Black(You) win!

==Playing with championship_player==
=====Round 1=====
Black:TA White:You
Wed Oct 28 03:19:42 PDT 2020
Clean up...
Start Playing...
Black 2,2
----------
          
          
    X     
          
          
----------

White 1,1
----------
          
  O       
    X     
          
          
----------

Black 1,2
----------
          
  O X     
    X     
          
          
----------

White 2,1
----------
          
  O X     
  O X     
          
          
----------

Black 3,1
----------
          
  O X     
  O X     
  X       
          
----------

White 0,1
----------
  O       
  O X     
  O X     
  X       
          
----------

Black 3,0
----------
  O       
  O X     
  O X     
X X       
          
----------

White 0,2
----------
  O O     
  O X     
  O X     
X X       
          
----------

Black 1,3
----------
  O O     
  O X X   
  O X     
X X       
          
----------

White 0,3
----------
  O O O   
  O X X   
  O X     
X X       
          
----------

Black 1,4
----------
  O O O   
  O X X X 
  O X     
X X       
          
----------

White 0,0
----------
O O O O   
  O X X X 
  O X     
X X       
          
----------

Black 2,0
----------
O O O O   
  O X X X 
X O X     
X X       
          
----------

White 3,3
----------
O O O O   
  O X X X 
X O X     
X X   O   
          
----------

Black 0,4
----------
O O O O X 
  O X X X 
X O X     
X X   O   
          
----------

White 2,3
----------
O O O O X 
  O X X X 
X O X O   
X X   O   
          
----------

Black 1,0
----------
        X 
X   X X X 
X   X O   
X X   O   
          
----------

White 3,2
----------
        X 
X   X X X 
X   X O   
X X O O   
          
----------

Black 2,1
----------
        X 
X   X X X 
X X X O   
X X O O   
          
----------

White 3,4
----------
        X 
X   X X X 
X X X O   
X X O O O 
          
----------

Black 4,2
----------
        X 
X   X X X 
X X X O   
X X O O O 
    X     
----------

White 4,3
----------
        X 
X   X X X 
X X X O   
X X O O O 
    X O   
----------

Black 4,1
----------
        X 
X   X X X 
X X X O   
X X O O O 
  X X O   
----------

White 0,1
----------
  O     X 
X   X X X 
X X X O   
X X O O O 
  X X O   
----------

Game end.
The winner is X
ta time: 75.44
student time: 8.31
White(You) lose.
=====Round 2=====
Black:You White:TA
Wed Oct 28 03:20:08 PDT 2020
Clean up...
Start Playing...
Black 2,2
----------
          
          
    X     
          
          
----------

White 2,3
----------
          
          
    X O   
          
          
----------

Black 1,2
----------
          
    X     
    X O   
          
          
----------

White 3,3
----------
          
    X     
    X O   
      O   
          
----------

Black 1,1
----------
          
  X X     
    X O   
      O   
          
----------

White 3,2
----------
          
  X X     
    X O   
    O O   
          
----------

Black 1,3
----------
          
  X X X   
    X O   
    O O   
          
----------

White 3,1
----------
          
  X X X   
    X O   
  O O O   
          
----------

Black 1,0
----------
          
X X X X   
    X O   
  O O O   
          
----------

White 1,4
----------
          
X X X X O 
    X O   
  O O O   
          
----------

Black 0,3
----------
      X   
X X X X O 
    X O   
  O O O   
          
----------

White 2,1
----------
      X   
X X X X O 
  O X O   
  O O O   
          
----------

Black 0,4
----------
      X X 
X X X X O 
  O X O   
  O O O   
          
----------

White 2,4
----------
      X X 
X X X X O 
  O X O O 
  O O O   
          
----------

Black 2,0
----------
      X X 
X X X X O 
X O X O O 
  O O O   
          
----------

White 3,0
----------
      X X 
X X X X O 
X O X O O 
O O O O   
          
----------

Black 0,0
----------
X     X X 
X X X X O 
X O X O O 
O O O O   
          
----------

White 4,3
----------
X     X X 
X X X X O 
X O X O O 
O O O O   
      O   
----------

Black 4,1
----------
X     X X 
X X X X O 
X O X O O 
O O O O   
  X   O   
----------

White 0,2
----------
X   O X X 
X X X X O 
X O X O O 
O O O O   
  X   O   
----------

Black 0,1
----------
X X   X X 
X X X X O 
X O X O O 
O O O O   
  X   O   
----------

White 3,4
----------
X X   X X 
X X X X O 
X O X O O 
O O O O O 
  X   O   
----------

Black 4,0
----------
X X   X X 
X X X X O 
X O X O O 
O O O O O 
X X   O   
----------

White 0,2
----------
    O     
        O 
  O   O O 
O O O O O 
X X   O   
----------

Game end.
The winner is O
ta time: 107.1
student time: 9.02
Black(You) lose.
=====Round 3=====
Black:TA White:You
Wed Oct 28 03:20:34 PDT 2020
Clean up...
Start Playing...
Black 2,2
----------
          
          
    X     
          
          
----------

White 1,1
----------
          
  O       
    X     
          
          
----------

Black 2,1
----------
          
  O       
  X X     
          
          
----------

White 1,2
----------
          
  O O     
  X X     
          
          
----------

Black 1,3
----------
          
  O O X   
  X X     
          
          
----------

White 1,0
----------
          
O O O X   
  X X     
          
          
----------

Black 0,2
----------
    X     
O O O X   
  X X     
          
          
----------

White 0,1
----------
  O X     
O O O X   
  X X     
          
          
----------

Black 0,3
----------
  O X X   
O O O X   
  X X     
          
          
----------

White 2,0
----------
  O X X   
O O O X   
O X X     
          
          
----------

Black 3,1
----------
  O X X   
O O O X   
O X X     
  X       
          
----------

White 3,0
----------
  O X X   
O O O X   
O X X     
O X       
          
----------

Black 4,1
----------
  O X X   
O O O X   
O X X     
O X       
  X       
----------

White 3,3
----------
  O X X   
O O O X   
O X X     
O X   O   
  X       
----------

Black 4,0
----------
  O X X   
O O O X   
O X X     
O X   O   
X X       
----------

White 2,3
----------
  O X X   
O O O X   
O X X O   
O X   O   
X X       
----------

Black 1,4
----------
  O X X   
O O O X X 
O X X O   
O X   O   
X X       
----------

White 3,2
----------
  O X X   
O O O X X 
O X X O   
O X O O   
X X       
----------

Black 0,0
----------
X   X X   
      X X 
  X X O   
  X O O   
X X       
----------

White 1,0
----------
X   X X   
O     X X 
  X X O   
  X O O   
X X       
----------

Black 0,1
----------
X X X X   
O     X X 
  X X O   
  X O O   
X X       
----------

White 1,1
----------
X X X X   
O O   X X 
  X X O   
  X O O   
X X       
----------

Black 2,4
----------
X X X X   
O O   X X 
  X X O X 
  X O O   
X X       
----------

White 2,0
----------
X X X X   
O O   X X 
O X X O X 
  X O O   
X X       
----------

Game end.
The winner is X
ta time: 137.81
student time: 9.78
White(You) lose.
=====Round 4=====
Black:You White:TA
Wed Oct 28 03:20:58 PDT 2020
Clean up...
Start Playing...
Black 2,2
----------
          
          
    X     
          
          
----------

White 2,1
----------
          
          
  O X     
          
          
----------

Black 1,2
----------
          
    X     
  O X     
          
          
----------

White 3,1
----------
          
    X     
  O X     
  O       
          
----------

Black 1,1
----------
          
  X X     
  O X     
  O       
          
----------

White 3,2
----------
          
  X X     
  O X     
  O O     
          
----------

Black 1,3
----------
          
  X X X   
  O X     
  O O     
          
----------

White 3,3
----------
          
  X X X   
  O X     
  O O O   
          
----------

Black 1,0
----------
          
X X X X   
  O X     
  O O O   
          
----------

White 2,0
----------
          
X X X X   
O O X     
  O O O   
          
----------

Black 1,4
----------
          
X X X X X 
O O X     
  O O O   
          
----------

White 3,4
----------
          
X X X X X 
O O X     
  O O O O 
          
----------

Black 2,3
----------
          
X X X X X 
O O X X   
  O O O O 
          
----------

White 4,2
----------
          
X X X X X 
O O X X   
  O O O O 
    O     
----------

Black 0,0
----------
X         
X X X X X 
O O X X   
  O O O O 
    O     
----------

White 3,0
----------
X         
X X X X X 
O O X X   
O O O O O 
    O     
----------

Black 0,1
----------
X X       
X X X X X 
O O X X   
O O O O O 
    O     
----------

White 0,3
----------
X X   O   
X X X X X 
O O X X   
O O O O O 
    O     
----------

Black 0,2
----------
X X X O   
X X X X X 
O O X X   
O O O O O 
    O     
----------

White 4,4
----------
X X X O   
X X X X X 
O O X X   
O O O O O 
    O   O 
----------

Black 0,4
----------
X X X   X 
X X X X X 
O O X X   
O O O O O 
    O   O 
----------

White 2,4
----------
X X X   X 
X X X X X 
O O X X O 
O O O O O 
    O   O 
----------

Black 4,0
----------
X X X   X 
X X X X X 
O O X X O 
O O O O O 
X   O   O 
----------

White 0,3
----------
      O   
          
O O     O 
O O O O O 
X   O   O 
----------

Game end.
The winner is O
ta time: 174.38
student time: 10.52
Black(You) lose.
=====Round 5=====
Black:TA White:You
Wed Oct 28 03:21:28 PDT 2020
Clean up...
Start Playing...
Black 2,2
----------
          
          
    X     
          
          
----------

White 1,1
----------
          
  O       
    X     
          
          
----------

Black 2,1
----------
          
  O       
  X X     
          
          
----------

White 1,2
----------
          
  O O     
  X X     
          
          
----------

Black 1,3
----------
          
  O O X   
  X X     
          
          
----------

White 1,0
----------
          
O O O X   
  X X     
          
          
----------

Black 0,3
----------
      X   
O O O X   
  X X     
          
          
----------

White 2,0
----------
      X   
O O O X   
O X X     
          
          
----------

Black 3,1
----------
      X   
O O O X   
O X X     
  X       
          
----------

White 3,0
----------
      X   
O O O X   
O X X     
O X       
          
----------

Black 4,1
----------
      X   
O O O X   
O X X     
O X       
  X       
----------

White 0,0
----------
O     X   
O O O X   
O X X     
O X       
  X       
----------

Black 0,2
----------
O   X X   
O O O X   
O X X     
O X       
  X       
----------

White 3,3
----------
O   X X   
O O O X   
O X X     
O X   O   
  X       
----------

Black 4,0
----------
O   X X   
O O O X   
O X X     
O X   O   
X X       
----------

White 2,3
----------
O   X X   
O O O X   
O X X O   
O X   O   
X X       
----------

Black 0,1
----------
  X X X   
      X   
  X X O   
  X   O   
X X       
----------

White 3,2
----------
  X X X   
      X   
  X X O   
  X O O   
X X       
----------

Black 4,2
----------
  X X X   
      X   
  X X O   
  X O O   
X X X     
----------

White 2,4
----------
  X X X   
      X   
  X X O O 
  X O O   
X X X     
----------

Black 1,4
----------
  X X X   
      X X 
  X X O O 
  X O O   
X X X     
----------

White 3,4
----------
  X X X   
      X X 
  X X O O 
  X O O O 
X X X     
----------

Black 4,4
----------
  X X X   
      X X 
  X X O O 
  X O O O 
X X X   X 
----------

White 1,0
----------
  X X X   
O     X X 
  X X O O 
  X O O O 
X X X   X 
----------

Game end.
The winner is X
ta time: 210.8
student time: 11.35
White(You) lose.
=====Round 6=====
Black:You White:TA
Wed Oct 28 03:21:56 PDT 2020
Clean up...
Start Playing...
Black 2,2
----------
          
          
    X     
          
          
----------

White 2,1
----------
          
          
  O X     
          
          
----------

Black 1,2
----------
          
    X     
  O X     
          
          
----------

White 3,1
----------
          
    X     
  O X     
  O       
          
----------

Black 1,1
----------
          
  X X     
  O X     
  O       
          
----------

White 3,2
----------
          
  X X     
  O X     
  O O     
          
----------

Black 1,3
----------
          
  X X X   
  O X     
  O O     
          
----------

White 3,3
----------
          
  X X X   
  O X     
  O O O   
          
----------

Black 1,0
----------
          
X X X X   
  O X     
  O O O   
          
----------

White 2,0
----------
          
X X X X   
O O X     
  O O O   
          
----------

Black 1,4
----------
          
X X X X X 
O O X     
  O O O   
          
----------

White 3,4
----------
          
X X X X X 
O O X     
  O O O O 
          
----------

Black 2,3
----------
          
X X X X X 
O O X X   
  O O O O 
          
----------

White 4,1
----------
          
X X X X X 
O O X X   
  O O O O 
  O       
----------

Black 0,0
----------
X         
X X X X X 
O O X X   
  O O O O 
  O       
----------

White 4,3
----------
X         
X X X X X 
O O X X   
  O O O O 
  O   O   
----------

Black 0,1
----------
X X       
X X X X X 
O O X X   
  O O O O 
  O   O   
----------

White 0,3
----------
X X   O   
X X X X X 
O O X X   
  O O O O 
  O   O   
----------

Black 0,2
----------
X X X O   
X X X X X 
O O X X   
  O O O O 
  O   O   
----------

White 3,0
----------
X X X O   
X X X X X 
O O X X   
O O O O O 
  O   O   
----------

Black 0,4
----------
X X X   X 
X X X X X 
O O X X   
O O O O O 
  O   O   
----------

White 2,4
----------
X X X   X 
X X X X X 
O O X X O 
O O O O O 
  O   O   
----------

Black PASS
----------
X X X   X 
X X X X X 
O O X X O 
O O O O O 
  O   O   
----------

White 4,4
----------
X X X   X 
X X X X X 
O O X X O 
O O O O O 
  O   O O 
----------

Game end.
The winner is O
ta time: 246.54
student time: 12.09
Black(You) lose.
=====Round 7=====
Black:TA White:You
Wed Oct 28 03:22:23 PDT 2020
Clean up...
Start Playing...
Black 2,2
----------
          
          
    X     
          
          
----------

White 1,1
----------
          
  O       
    X     
          
          
----------

Black 2,1
----------
          
  O       
  X X     
          
          
----------

White 1,2
----------
          
  O O     
  X X     
          
          
----------

Black 1,3
----------
          
  O O X   
  X X     
          
          
----------

White 1,0
----------
          
O O O X   
  X X     
          
          
----------

Black 0,2
----------
    X     
O O O X   
  X X     
          
          
----------

White 0,1
----------
  O X     
O O O X   
  X X     
          
          
----------

Black 0,3
----------
  O X X   
O O O X   
  X X     
          
          
----------

White 2,0
----------
  O X X   
O O O X   
O X X     
          
          
----------

Black 3,1
----------
  O X X   
O O O X   
O X X     
  X       
          
----------

White 3,0
----------
  O X X   
O O O X   
O X X     
O X       
          
----------

Black 4,1
----------
  O X X   
O O O X   
O X X     
O X       
  X       
----------

White 3,3
----------
  O X X   
O O O X   
O X X     
O X   O   
  X       
----------

Black 4,0
----------
  O X X   
O O O X   
O X X     
O X   O   
X X       
----------

White 2,3
----------
  O X X   
O O O X   
O X X O   
O X   O   
X X       
----------

Black 1,4
----------
  O X X   
O O O X X 
O X X O   
O X   O   
X X       
----------

White 3,2
----------
  O X X   
O O O X X 
O X X O   
O X O O   
X X       
----------

Black 0,0
----------
X   X X   
      X X 
  X X O   
  X O O   
X X       
----------

White 1,0
----------
X   X X   
O     X X 
  X X O   
  X O O   
X X       
----------

Black 0,1
----------
X X X X   
O     X X 
  X X O   
  X O O   
X X       
----------

White 1,1
----------
X X X X   
O O   X X 
  X X O   
  X O O   
X X       
----------

Black 4,2
----------
X X X X   
O O   X X 
  X X O   
  X O O   
X X X     
----------

White 2,0
----------
X X X X   
O O   X X 
O X X O   
  X O O   
X X X     
----------

Game end.
The winner is X
ta time: 278.44
student time: 12.83
White(You) lose.
=====Round 8=====
Black:You White:TA
Wed Oct 28 03:22:50 PDT 2020
Clean up...
Start Playing...
Black 2,2
----------
          
          
    X     
          
          
----------

White 1,1
----------
          
  O       
    X     
          
          
----------

Black 2,3
----------
          
  O       
    X X   
          
          
----------

White 1,2
----------
          
  O O     
    X X   
          
          
----------

Black 1,3
----------
          
  O O X   
    X X   
          
          
----------

White 2,1
----------
          
  O O X   
  O X X   
          
          
----------

Black 3,2
----------
          
  O O X   
  O X X   
    X     
          
----------

White 3,1
----------
          
  O O X   
  O X X   
  O X     
          
----------

Black 3,3
----------
          
  O O X   
  O X X   
  O X X   
          
----------

White 4,2
----------
          
  O O X   
  O X X   
  O X X   
    O     
----------

Black 4,3
----------
          
  O O X   
  O X X   
  O X X   
    O X   
----------

White 4,1
----------
          
  O O X   
  O X X   
  O X X   
  O O X   
----------

Black 0,3
----------
      X   
  O O X   
  O X X   
  O X X   
  O O X   
----------

White 0,1
----------
  O   X   
  O O X   
  O X X   
  O X X   
  O O X   
----------

Black 0,2
----------
  O X X   
  O O X   
  O X X   
  O X X   
  O O X   
----------

White 2,0
----------
  O X X   
  O O X   
O O X X   
  O X X   
  O O X   
----------

Black 0,4
----------
  O X X X 
  O O X   
O O X X   
  O X X   
  O O X   
----------

White 4,0
----------
  O X X X 
  O O X   
O O X X   
  O X X   
O O O X   
----------

Black 1,4
----------
  O X X X 
  O O X X 
O O X X   
  O X X   
O O O X   
----------

White 3,4
----------
  O X X X 
  O O X X 
O O X X   
  O X X O 
O O O X   
----------

Black 2,4
----------
  O X X X 
  O O X X 
O O X X X 
  O X X O 
O O O X   
----------

White 4,4
----------
  O       
  O O     
O O       
  O     O 
O O O   O 
----------

Black 2,3
----------
  O       
  O O     
O O   X   
  O     O 
O O O   O 
----------

White 1,3
----------
  O       
  O O O   
O O   X   
  O     O 
O O O   O 
----------

Game end.
The winner is O
ta time: 313.33
student time: 13.92
Black(You) lose.
=====Round 9=====
Black:TA White:You
Wed Oct 28 03:23:17 PDT 2020
Clean up...
Start Playing...
Black 2,2
----------
          
          
    X     
          
          
----------

White 1,1
----------
          
  O       
    X     
          
          
----------

Black 1,2
----------
          
  O X     
    X     
          
          
----------

White 2,1
----------
          
  O X     
  O X     
          
          
----------

Black 3,1
----------
          
  O X     
  O X     
  X       
          
----------

White 0,1
----------
  O       
  O X     
  O X     
  X       
          
----------

Black 2,0
----------
  O       
  O X     
X O X     
  X       
          
----------

White 1,0
----------
  O       
O O X     
X O X     
  X       
          
----------

Black 3,0
----------
  O       
O O X     
X O X     
X X       
          
----------

White 0,2
----------
  O O     
O O X     
X O X     
X X       
          
----------

Black 1,3
----------
  O O     
O O X X   
X O X     
X X       
          
----------

White 0,3
----------
  O O O   
O O X X   
X O X     
X X       
          
----------

Black 1,4
----------
  O O O   
O O X X X 
X O X     
X X       
          
----------

White 3,3
----------
  O O O   
O O X X X 
X O X     
X X   O   
          
----------

Black 0,4
----------
  O O O X 
O O X X X 
X O X     
X X   O   
          
----------

White 2,3
----------
  O O O X 
O O X X X 
X O X O   
X X   O   
          
----------

Black 0,0
----------
X       X 
    X X X 
X   X O   
X X   O   
          
----------

White 0,1
----------
X O     X 
    X X X 
X   X O   
X X   O   
          
----------

Black 1,0
----------
X O     X 
X   X X X 
X   X O   
X X   O   
          
----------

White 1,1
----------
X O     X 
X O X X X 
X   X O   
X X   O   
          
----------

Black 0,2
----------
X O X   X 
X O X X X 
X   X O   
X X   O   
          
----------

White 4,3
----------
X O X   X 
X O X X X 
X   X O   
X X   O   
      O   
----------

Black 2,4
----------
X O X   X 
X O X X X 
X   X O X 
X X   O   
      O   
----------

White 3,2
----------
X O X   X 
X O X X X 
X   X O X 
X X O O   
      O   
----------

Game end.
The winner is X
ta time: 341.54
student time: 15.09
White(You) lose.
=====Round 10=====
Black:You White:TA
Wed Oct 28 03:23:41 PDT 2020
Clean up...
Start Playing...
Black 2,2
----------
          
          
    X     
          
          
----------

White 2,1
----------
          
          
  O X     
          
          
----------

Black 1,2
----------
          
    X     
  O X     
          
          
----------

White 3,1
----------
          
    X     
  O X     
  O       
          
----------

Black 1,1
----------
          
  X X     
  O X     
  O       
          
----------

White 3,2
----------
          
  X X     
  O X     
  O O     
          
----------

Black 1,3
----------
          
  X X X   
  O X     
  O O     
          
----------

White 3,3
----------
          
  X X X   
  O X     
  O O O   
          
----------

Black 1,0
----------
          
X X X X   
  O X     
  O O O   
          
----------

White 2,0
----------
          
X X X X   
O O X     
  O O O   
          
----------

Black 1,4
----------
          
X X X X X 
O O X     
  O O O   
          
----------

White 3,4
----------
          
X X X X X 
O O X     
  O O O O 
          
----------

Black 2,3
----------
          
X X X X X 
O O X X   
  O O O O 
          
----------

White 4,2
----------
          
X X X X X 
O O X X   
  O O O O 
    O     
----------

Black 0,0
----------
X         
X X X X X 
O O X X   
  O O O O 
    O     
----------

White 4,0
----------
X         
X X X X X 
O O X X   
  O O O O 
O   O     
----------

Black 0,1
----------
X X       
X X X X X 
O O X X   
  O O O O 
O   O     
----------

White 0,3
----------
X X   O   
X X X X X 
O O X X   
  O O O O 
O   O     
----------

Black 0,2
----------
X X X O   
X X X X X 
O O X X   
  O O O O 
O   O     
----------

White 4,3
----------
X X X O   
X X X X X 
O O X X   
  O O O O 
O   O O   
----------

Black 0,4
----------
X X X   X 
X X X X X 
O O X X   
  O O O O 
O   O O   
----------

White 3,0
----------
X X X   X 
X X X X X 
O O X X   
O O O O O 
O   O O   
----------

Black 0,3
----------
X X X X X 
X X X X X 
O O X X   
O O O O O 
O   O O   
----------

White 4,4
----------
X X X X X 
X X X X X 
O O X X   
O O O O O 
O   O O O 
----------

Game end.
The winner is O
ta time: 382.11
student time: 16.29
Black(You) lose.
