Thu Oct 29 17:47:42 PDT 2020

==Playing with qlearning_player==
=====Round 1=====
Black:TA White:You
Thu Oct 29 17:47:42 PDT 2020
Clean up...
Start Playing...
Black 1,2
----------
          
    X     
          
          
          
----------

White 2,1
----------
          
    X     
  O       
          
          
----------

Black 2,2
----------
          
    X     
  O X     
          
          
----------

White 3,1
----------
          
    X     
  O X     
  O       
          
----------

Black 0,0
----------
X         
    X     
  O X     
  O       
          
----------

White 1,1
----------
X         
  O X     
  O X     
  O       
          
----------

Black 0,1
----------
X X       
  O X     
  O X     
  O       
          
----------

White 1,0
----------
X X       
O O X     
  O X     
  O       
          
----------

Black 2,3
----------
X X       
O O X     
  O X X   
  O       
          
----------

White 0,2
----------
    O     
O O X     
  O X X   
  O       
          
----------

Black 3,2
----------
    O     
O O X     
  O X X   
  O X     
          
----------

White 0,3
----------
    O O   
O O X     
  O X X   
  O X     
          
----------

Black 2,4
----------
    O O   
O O X     
  O X X X 
  O X     
          
----------

White 4,1
----------
    O O   
O O X     
  O X X X 
  O X     
  O       
----------

Black 3,3
----------
    O O   
O O X     
  O X X X 
  O X X   
  O       
----------

White 1,3
----------
    O O   
O O X O   
  O X X X 
  O X X   
  O       
----------

Black 2,0
----------
    O O   
O O X O   
X O X X X 
  O X X   
  O       
----------

White 3,0
----------
    O O   
O O X O   
  O X X X 
O O X X   
  O       
----------

Black 4,2
----------
    O O   
O O X O   
  O X X X 
O O X X   
  O X     
----------

White 0,0
----------
O   O O   
O O X O   
  O X X X 
O O X X   
  O X     
----------

Black 1,4
----------
O   O O   
O O X O X 
  O X X X 
O O X X   
  O X     
----------

White 0,1
----------
O O O O   
O O X O X 
  O X X X 
O O X X   
  O X     
----------

Black 3,4
----------
O O O O   
O O X O X 
  O X X X 
O O X X X 
  O X     
----------

White 0,4
----------
O O O O O 
O O X O X 
  O X X X 
O O X X X 
  O X     
----------

Game end.
The winner is O
ta time: 3.84
student time: 3.51
White(You) win!
=====Round 2=====
Black:You White:TA
Thu Oct 29 17:47:54 PDT 2020
Clean up...
Start Playing...
Black 2,2
----------
          
          
    X     
          
          
----------

White 2,1
----------
          
          
  O X     
          
          
----------

Black 1,2
----------
          
    X     
  O X     
          
          
----------

White 3,2
----------
          
    X     
  O X     
    O     
          
----------

Black 1,1
----------
          
  X X     
  O X     
    O     
          
----------

White 2,3
----------
          
  X X     
  O X O   
    O     
          
----------

Black 3,1
----------
          
  X X     
  O X O   
  X O     
          
----------

White 3,3
----------
          
  X X     
  O X O   
  X O O   
          
----------

Black 2,0
----------
          
  X X     
X   X O   
  X O O   
          
----------

White 1,3
----------
          
  X X O   
X   X O   
  X O O   
          
----------

Black 4,1
----------
          
  X X O   
X   X O   
  X O O   
  X       
----------

White 4,2
----------
          
  X X O   
X   X O   
  X O O   
  X O     
----------

Black 0,1
----------
  X       
  X X O   
X   X O   
  X O O   
  X O     
----------

White 2,4
----------
  X       
  X X O   
X   X O O 
  X O O   
  X O     
----------

Black 0,2
----------
  X X     
  X X O   
X   X O O 
  X O O   
  X O     
----------

White 3,4
----------
  X X     
  X X O   
X   X O O 
  X O O O 
  X O     
----------

Black 0,3
----------
  X X X   
  X X O   
X   X O O 
  X O O O 
  X O     
----------

White 1,4
----------
  X X X   
  X X O O 
X   X O O 
  X O O O 
  X O     
----------

Black 2,1
----------
  X X X   
  X X O O 
X X X O O 
  X O O O 
  X O     
----------

White 1,0
----------
  X X X   
O X X O O 
X X X O O 
  X O O O 
  X O     
----------

Black 0,0
----------
X X X X   
  X X O O 
X X X O O 
  X O O O 
  X O     
----------

White 4,3
----------
X X X X   
  X X O O 
X X X O O 
  X O O O 
  X O O   
----------

Black 0,4
----------
X X X X X 
  X X O O 
X X X O O 
  X O O O 
  X O O   
----------

White 3,0
----------
X X X X X 
  X X O O 
X X X O O 
O X O O O 
  X O O   
----------

Game end.
The winner is O
ta time: 7.4
student time: 6.89
Black(You) lose.
=====Round 3=====
Black:TA White:You
Thu Oct 29 17:48:07 PDT 2020
Clean up...
Start Playing...
Black 1,2
----------
          
    X     
          
          
          
----------

White 2,1
----------
          
    X     
  O       
          
          
----------

Black 2,2
----------
          
    X     
  O X     
          
          
----------

White 3,1
----------
          
    X     
  O X     
  O       
          
----------

Black 0,0
----------
X         
    X     
  O X     
  O       
          
----------

White 1,1
----------
X         
  O X     
  O X     
  O       
          
----------

Black 0,1
----------
X X       
  O X     
  O X     
  O       
          
----------

White 1,0
----------
X X       
O O X     
  O X     
  O       
          
----------

Black 3,2
----------
X X       
O O X     
  O X     
  O X     
          
----------

White 0,2
----------
    O     
O O X     
  O X     
  O X     
          
----------

Black 2,3
----------
    O     
O O X     
  O X X   
  O X     
          
----------

White 0,3
----------
    O O   
O O X     
  O X X   
  O X     
          
----------

Black 1,3
----------
    O O   
O O X X   
  O X X   
  O X     
          
----------

White 4,1
----------
    O O   
O O X X   
  O X X   
  O X     
  O       
----------

Black 3,3
----------
    O O   
O O X X   
  O X X   
  O X X   
  O       
----------

White 0,4
----------
    O O O 
O O X X   
  O X X   
  O X X   
  O       
----------

Black 2,0
----------
    O O O 
O O X X   
X O X X   
  O X X   
  O       
----------

White 3,0
----------
    O O O 
O O X X   
  O X X   
O O X X   
  O       
----------

Black 4,2
----------
    O O O 
O O X X   
  O X X   
O O X X   
  O X     
----------

White 1,4
----------
    O O O 
O O X X O 
  O X X   
O O X X   
  O X     
----------

Black 2,4
----------
    O O O 
O O X X O 
  O X X X 
O O X X   
  O X     
----------

White 3,4
----------
    O O O 
O O X X O 
  O X X X 
O O X X O 
  O X     
----------

Black 0,1
----------
  X       
O O X X   
  O X X X 
O O X X O 
  O X     
----------

White 0,0
----------
O X       
O O X X   
  O X X X 
O O X X O 
  O X     
----------

Game end.
The winner is O
ta time: 11.43
student time: 10.58
White(You) win!
=====Round 4=====
Black:You White:TA
Thu Oct 29 17:48:20 PDT 2020
Clean up...
Start Playing...
Black 2,2
----------
          
          
    X     
          
          
----------

White 2,1
----------
          
          
  O X     
          
          
----------

Black 1,2
----------
          
    X     
  O X     
          
          
----------

White 3,2
----------
          
    X     
  O X     
    O     
          
----------

Black 1,1
----------
          
  X X     
  O X     
    O     
          
----------

White 2,3
----------
          
  X X     
  O X O   
    O     
          
----------

Black 3,1
----------
          
  X X     
  O X O   
  X O     
          
----------

White 2,4
----------
          
  X X     
  O X O O 
  X O     
          
----------

Black 2,0
----------
          
  X X     
X   X O O 
  X O     
          
----------

White 3,3
----------
          
  X X     
X   X O O 
  X O O   
          
----------

Black 1,3
----------
          
  X X X   
X   X O O 
  X O O   
          
----------

White 0,2
----------
    O     
  X X X   
X   X O O 
  X O O   
          
----------

Black 0,1
----------
  X O     
  X X X   
X   X O O 
  X O O   
          
----------

White 4,2
----------
  X O     
  X X X   
X   X O O 
  X O O   
    O     
----------

Black 0,3
----------
  X   X   
  X X X   
X   X O O 
  X O O   
    O     
----------

White 4,3
----------
  X   X   
  X X X   
X   X O O 
  X O O   
    O O   
----------

Black 2,1
----------
  X   X   
  X X X   
X X X O O 
  X O O   
    O O   
----------

White 3,0
----------
  X   X   
  X X X   
X X X O O 
O X O O   
    O O   
----------

Black 4,1
----------
  X   X   
  X X X   
X X X O O 
O X O O   
  X O O   
----------

White 3,4
----------
  X   X   
  X X X   
X X X O O 
O X O O O 
  X O O   
----------

Black 1,4
----------
  X   X   
  X X X X 
X X X O O 
O X O O O 
  X O O   
----------

White 1,0
----------
  X   X   
O X X X X 
X X X O O 
O X O O O 
  X O O   
----------

Black 4,4
----------
  X   X   
O X X X X 
X X X     
O X       
  X     X 
----------

White 2,3
----------
  X   X   
O X X X X 
X X X O   
O X       
  X     X 
----------

Game end.
The winner is X
ta time: 15.01
student time: 13.86
Black(You) win!
=====Round 5=====
Black:TA White:You
Thu Oct 29 17:48:34 PDT 2020
Clean up...
Start Playing...
Black 1,2
----------
          
    X     
          
          
          
----------

White 2,1
----------
          
    X     
  O       
          
          
----------

Black 2,2
----------
          
    X     
  O X     
          
          
----------

White 3,1
----------
          
    X     
  O X     
  O       
          
----------

Black 0,0
----------
X         
    X     
  O X     
  O       
          
----------

White 1,1
----------
X         
  O X     
  O X     
  O       
          
----------

Black 0,1
----------
X X       
  O X     
  O X     
  O       
          
----------

White 1,0
----------
X X       
O O X     
  O X     
  O       
          
----------

Black 3,2
----------
X X       
O O X     
  O X     
  O X     
          
----------

White 0,2
----------
    O     
O O X     
  O X     
  O X     
          
----------

Black 2,3
----------
    O     
O O X     
  O X X   
  O X     
          
----------

White 0,3
----------
    O O   
O O X     
  O X X   
  O X     
          
----------

Black 4,2
----------
    O O   
O O X     
  O X X   
  O X     
    X     
----------

White 1,3
----------
    O O   
O O X O   
  O X X   
  O X     
    X     
----------

Black 3,3
----------
    O O   
O O X O   
  O X X   
  O X X   
    X     
----------

White 1,4
----------
    O O   
O O X O O 
  O X X   
  O X X   
    X     
----------

Black 2,0
----------
    O O   
O O X O O 
X O X X   
  O X X   
    X     
----------

White 3,0
----------
    O O   
O O X O O 
  O X X   
O O X X   
    X     
----------

Black 2,4
----------
    O O   
O O X O O 
  O X X X 
O O X X   
    X     
----------

White 0,0
----------
O   O O   
O O X O O 
  O X X X 
O O X X   
    X     
----------

Black 4,3
----------
O   O O   
O O X O O 
  O X X X 
O O X X   
    X X   
----------

White 0,1
----------
O O O O   
O O X O O 
  O X X X 
O O X X   
    X X   
----------

Black 3,4
----------
O O O O   
O O X O O 
  O X X X 
O O X X X 
    X X   
----------

White 4,1
----------
O O O O   
O O X O O 
  O X X X 
O O X X X 
  O X X   
----------

Game end.
The winner is O
ta time: 18.93
student time: 17.42
White(You) win!
=====Round 6=====
Black:You White:TA
Thu Oct 29 17:48:50 PDT 2020
Clean up...
Start Playing...
Black 2,2
----------
          
          
    X     
          
          
----------

White 2,1
----------
          
          
  O X     
          
          
----------

Black 1,2
----------
          
    X     
  O X     
          
          
----------

White 3,2
----------
          
    X     
  O X     
    O     
          
----------

Black 1,1
----------
          
  X X     
  O X     
    O     
          
----------

White 2,3
----------
          
  X X     
  O X O   
    O     
          
----------

Black 3,1
----------
          
  X X     
  O X O   
  X O     
          
----------

White 3,3
----------
          
  X X     
  O X O   
  X O O   
          
----------

Black 2,0
----------
          
  X X     
X   X O   
  X O O   
          
----------

White 0,2
----------
    O     
  X X     
X   X O   
  X O O   
          
----------

Black 0,1
----------
  X O     
  X X     
X   X O   
  X O O   
          
----------

White 1,3
----------
  X O     
  X X O   
X   X O   
  X O O   
          
----------

Black 4,1
----------
  X O     
  X X O   
X   X O   
  X O O   
  X       
----------

White 4,2
----------
  X O     
  X X O   
X   X O   
  X O O   
  X O     
----------

Black 2,1
----------
  X O     
  X X O   
X X X O   
  X O O   
  X O     
----------

White 2,4
----------
  X O     
  X X O   
X X X O O 
  X O O   
  X O     
----------

Black 0,0
----------
X X O     
  X X O   
X X X O O 
  X O O   
  X O     
----------

White 3,4
----------
X X O     
  X X O   
X X X O O 
  X O O O 
  X O     
----------

Black 1,0
----------
X X O     
X X X O   
X X X O O 
  X O O O 
  X O     
----------

White 3,0
----------
X X O     
X X X O   
X X X O O 
O X O O O 
  X O     
----------

Black 4,0
----------
X X O     
X X X O   
X X X O O 
  X O O O 
X X O     
----------

White 3,0
----------
    O     
      O   
      O O 
O   O O O 
    O     
----------

Black PASS
----------
    O     
      O   
      O O 
O   O O O 
    O     
----------

White 2,2
----------
    O     
      O   
    O O O 
O   O O O 
    O     
----------

Game end.
The winner is O
ta time: 22.61
student time: 20.64
Black(You) lose.
=====Round 7=====
Black:TA White:You
Thu Oct 29 17:49:02 PDT 2020
Clean up...
Start Playing...
Black 1,2
----------
          
    X     
          
          
          
----------

White 2,1
----------
          
    X     
  O       
          
          
----------

Black 2,2
----------
          
    X     
  O X     
          
          
----------

White 3,1
----------
          
    X     
  O X     
  O       
          
----------

Black 0,0
----------
X         
    X     
  O X     
  O       
          
----------

White 1,1
----------
X         
  O X     
  O X     
  O       
          
----------

Black 0,1
----------
X X       
  O X     
  O X     
  O       
          
----------

White 1,0
----------
X X       
O O X     
  O X     
  O       
          
----------

Black 3,2
----------
X X       
O O X     
  O X     
  O X     
          
----------

White 0,2
----------
    O     
O O X     
  O X     
  O X     
          
----------

Black 2,3
----------
    O     
O O X     
  O X X   
  O X     
          
----------

White 0,3
----------
    O O   
O O X     
  O X X   
  O X     
          
----------

Black 1,3
----------
    O O   
O O X X   
  O X X   
  O X     
          
----------

White 4,1
----------
    O O   
O O X X   
  O X X   
  O X     
  O       
----------

Black 2,4
----------
    O O   
O O X X   
  O X X X 
  O X     
  O       
----------

White 0,4
----------
    O O O 
O O X X   
  O X X X 
  O X     
  O       
----------

Black 3,3
----------
    O O O 
O O X X   
  O X X X 
  O X X   
  O       
----------

White 4,2
----------
    O O O 
O O X X   
  O X X X 
  O X X   
  O O     
----------

Black 2,0
----------
    O O O 
O O X X   
X O X X X 
  O X X   
  O O     
----------

White 3,0
----------
    O O O 
O O X X   
  O X X X 
O O X X   
  O O     
----------

Black 4,3
----------
    O O O 
O O X X   
  O X X X 
O O X X   
  O O X   
----------

White 0,0
----------
O   O O O 
O O X X   
  O X X X 
O O X X   
  O O X   
----------

Black 3,4
----------
O   O O O 
O O X X   
  O X X X 
O O X X X 
  O O X   
----------

White 1,4
----------
O   O O O 
O O X X O 
  O X X X 
O O X X X 
  O O X   
----------

Game end.
The winner is O
ta time: 26.7
student time: 24.05
White(You) win!
=====Round 8=====
Black:You White:TA
Thu Oct 29 17:49:19 PDT 2020
Clean up...
Start Playing...
Black 2,2
----------
          
          
    X     
          
          
----------

White 2,1
----------
          
          
  O X     
          
          
----------

Black 1,2
----------
          
    X     
  O X     
          
          
----------

White 3,2
----------
          
    X     
  O X     
    O     
          
----------

Black 1,1
----------
          
  X X     
  O X     
    O     
          
----------

White 2,3
----------
          
  X X     
  O X O   
    O     
          
----------

Black 3,1
----------
          
  X X     
  O X O   
  X O     
          
----------

White 2,4
----------
          
  X X     
  O X O O 
  X O     
          
----------

Black 2,0
----------
          
  X X     
X   X O O 
  X O     
          
----------

White 1,3
----------
          
  X X O   
X   X O O 
  X O     
          
----------

Black 3,3
----------
          
  X X O   
X   X O O 
  X O X   
          
----------

White 4,2
----------
          
  X X O   
X   X O O 
  X O X   
    O     
----------

Black 4,1
----------
          
  X X O   
X   X O O 
  X O X   
  X O     
----------

White 0,2
----------
    O     
  X X O   
X   X O O 
  X O X   
  X O     
----------

Black 4,3
----------
    O     
  X X O   
X   X O O 
  X   X   
  X   X   
----------

White 3,2
----------
    O     
  X X O   
X   X O O 
  X O X   
  X   X   
----------

Black 4,2
----------
    O     
  X X O   
X   X O O 
  X   X   
  X X X   
----------

White 3,4
----------
    O     
  X X O   
X   X O O 
  X   X O 
  X X X   
----------

Black 0,1
----------
  X O     
  X X O   
X   X O O 
  X   X O 
  X X X   
----------

White 1,4
----------
  X O     
  X X O O 
X   X O O 
  X   X O 
  X X X   
----------

Black 2,1
----------
  X O     
  X X O O 
X X X O O 
  X   X O 
  X X X   
----------

White 1,0
----------
  X O     
O X X O O 
X X X O O 
  X   X O 
  X X X   
----------

Black 0,0
----------
X X O     
  X X O O 
X X X O O 
  X   X O 
  X X X   
----------

White 3,0
----------
X X O     
  X X O O 
X X X O O 
O X   X O 
  X X X   
----------

Game end.
The winner is X
ta time: 30.2
student time: 27.26
Black(You) win!
=====Round 9=====
Black:TA White:You
Thu Oct 29 17:49:31 PDT 2020
Clean up...
Start Playing...
Black 1,2
----------
          
    X     
          
          
          
----------

White 2,1
----------
          
    X     
  O       
          
          
----------

Black 2,2
----------
          
    X     
  O X     
          
          
----------

White 3,1
----------
          
    X     
  O X     
  O       
          
----------

Black 0,0
----------
X         
    X     
  O X     
  O       
          
----------

White 1,1
----------
X         
  O X     
  O X     
  O       
          
----------

Black 0,1
----------
X X       
  O X     
  O X     
  O       
          
----------

White 1,0
----------
X X       
O O X     
  O X     
  O       
          
----------

Black 3,2
----------
X X       
O O X     
  O X     
  O X     
          
----------

White 0,2
----------
    O     
O O X     
  O X     
  O X     
          
----------

Black 2,3
----------
    O     
O O X     
  O X X   
  O X     
          
----------

White 0,3
----------
    O O   
O O X     
  O X X   
  O X     
          
----------

Black 1,3
----------
    O O   
O O X X   
  O X X   
  O X     
          
----------

White 4,1
----------
    O O   
O O X X   
  O X X   
  O X     
  O       
----------

Black 2,4
----------
    O O   
O O X X   
  O X X X 
  O X     
  O       
----------

White 0,4
----------
    O O O 
O O X X   
  O X X X 
  O X     
  O       
----------

Black 3,3
----------
    O O O 
O O X X   
  O X X X 
  O X X   
  O       
----------

White 4,2
----------
    O O O 
O O X X   
  O X X X 
  O X X   
  O O     
----------

Black 2,0
----------
    O O O 
O O X X   
X O X X X 
  O X X   
  O O     
----------

White 3,0
----------
    O O O 
O O X X   
  O X X X 
O O X X   
  O O     
----------

Black 4,3
----------
    O O O 
O O X X   
  O X X X 
O O X X   
  O O X   
----------

White 0,0
----------
O   O O O 
O O X X   
  O X X X 
O O X X   
  O O X   
----------

Black 1,4
----------
O   O O O 
O O X X X 
  O X X X 
O O X X   
  O O X   
----------

White 3,4
----------
O   O O O 
O O X X X 
  O X X X 
O O X X O 
  O O X   
----------

Game end.
The winner is O
ta time: 33.88
student time: 30.75
White(You) win!
=====Round 10=====
Black:You White:TA
Thu Oct 29 17:49:45 PDT 2020
Clean up...
Start Playing...
Black 2,2
----------
          
          
    X     
          
          
----------

White 2,1
----------
          
          
  O X     
          
          
----------

Black 1,2
----------
          
    X     
  O X     
          
          
----------

White 3,2
----------
          
    X     
  O X     
    O     
          
----------

Black 1,1
----------
          
  X X     
  O X     
    O     
          
----------

White 2,3
----------
          
  X X     
  O X O   
    O     
          
----------

Black 3,1
----------
          
  X X     
  O X O   
  X O     
          
----------

White 4,2
----------
          
  X X     
  O X O   
  X O     
    O     
----------

Black 2,0
----------
          
  X X     
X   X O   
  X O     
    O     
----------

White 1,3
----------
          
  X X O   
X   X O   
  X O     
    O     
----------

Black 0,1
----------
  X       
  X X O   
X   X O   
  X O     
    O     
----------

White 0,2
----------
  X O     
  X X O   
X   X O   
  X O     
    O     
----------

Black 2,1
----------
  X O     
  X X O   
X X X O   
  X O     
    O     
----------

White 2,4
----------
  X O     
  X X O   
X X X O O 
  X O     
    O     
----------

Black 3,0
----------
  X O     
  X X O   
X X X O O 
X X O     
    O     
----------

White 3,3
----------
  X O     
  X X O   
X X X O O 
X X O O   
    O     
----------

Black 0,0
----------
X X O     
  X X O   
X X X O O 
X X O O   
    O     
----------

White 0,3
----------
X X O O   
  X X O   
X X X O O 
X X O O   
    O     
----------

Black 1,0
----------
X X O O   
X X X O   
X X X O O 
X X O O   
    O     
----------

White 3,4
----------
X X O O   
X X X O   
X X X O O 
X X O O O 
    O     
----------

Black PASS
----------
X X O O   
X X X O   
X X X O O 
X X O O O 
    O     
----------

White 4,1
----------
X X O O   
X X X O   
X X X O O 
X X O O O 
  O O     
----------

Black PASS
----------
X X O O   
X X X O   
X X X O O 
X X O O O 
  O O     
----------

White 4,0
----------
    O O   
      O   
      O O 
    O O O 
O O O     
----------

Game end.
The winner is O
ta time: 37.59
student time: 34.02
Black(You) lose.

==Playing with championship_player==
=====Round 1=====
Black:TA White:You
Thu Oct 29 17:49:58 PDT 2020
Clean up...
Start Playing...
Black 2,2
----------
          
          
    X     
          
          
----------

White 1,1
----------
          
  O       
    X     
          
          
----------

Black 2,1
----------
          
  O       
  X X     
          
          
----------

White 1,2
----------
          
  O O     
  X X     
          
          
----------

Black 1,3
----------
          
  O O X   
  X X     
          
          
----------

White 1,0
----------
          
O O O X   
  X X     
          
          
----------

Black 0,3
----------
      X   
O O O X   
  X X     
          
          
----------

White 2,0
----------
      X   
O O O X   
O X X     
          
          
----------

Black 3,1
----------
      X   
O O O X   
O X X     
  X       
          
----------

White 3,0
----------
      X   
O O O X   
O X X     
O X       
          
----------

Black 4,1
----------
      X   
O O O X   
O X X     
O X       
  X       
----------

White 3,3
----------
      X   
O O O X   
O X X     
O X   O   
  X       
----------

Black 0,2
----------
    X X   
O O O X   
O X X     
O X   O   
  X       
----------

White 3,4
----------
    X X   
O O O X   
O X X     
O X   O O 
  X       
----------

Black 0,1
----------
  X X X   
O O O X   
O X X     
O X   O O 
  X       
----------

White 3,2
----------
  X X X   
O O O X   
O X X     
O X O O O 
  X       
----------

Black 4,0
----------
  X X X   
O O O X   
O X X     
O X O O O 
X X       
----------

White 2,3
----------
  X X X   
O O O X   
O X X O   
O X O O O 
X X       
----------

Black 0,0
----------
X X X X   
      X   
  X X O   
  X O O O 
X X       
----------

White 2,4
----------
X X X X   
      X   
  X X O O 
  X O O O 
X X       
----------

Black 1,4
----------
X X X X   
      X X 
  X X O O 
  X O O O 
X X       
----------

White 4,2
----------
X X X X   
      X X 
  X X O O 
  X O O O 
X X O     
----------

Black 1,1
----------
X X X X   
  X   X X 
  X X O O 
  X O O O 
X X O     
----------

White PASS
----------
X X X X   
  X   X X 
  X X O O 
  X O O O 
X X O     
----------

Game end.
The winner is X
ta time: 75.79
student time: 37.06
White(You) lose.
=====Round 2=====
Black:You White:TA
Thu Oct 29 17:50:30 PDT 2020
Clean up...
Start Playing...
Black 2,2
----------
          
          
    X     
          
          
----------

White 1,2
----------
          
    O     
    X     
          
          
----------

Black 2,1
----------
          
    O     
  X X     
          
          
----------

White 1,3
----------
          
    O O   
  X X     
          
          
----------

Black 1,1
----------
          
  X O O   
  X X     
          
          
----------

White 2,3
----------
          
  X O O   
  X X O   
          
          
----------

Black 3,1
----------
          
  X O O   
  X X O   
  X       
          
----------

White 3,3
----------
          
  X O O   
  X X O   
  X   O   
          
----------

Black 3,2
----------
          
  X O O   
  X X O   
  X X O   
          
----------

White 0,1
----------
  O       
  X O O   
  X X O   
  X X O   
          
----------

Black 1,0
----------
  O       
X X O O   
  X X O   
  X X O   
          
----------

White 4,3
----------
  O       
X X O O   
  X X O   
  X X O   
      O   
----------

Black 0,0
----------
X O       
X X O O   
  X X O   
  X X O   
      O   
----------

White 0,2
----------
X O O     
X X O O   
  X X O   
  X X O   
      O   
----------

Black 3,0
----------
X O O     
X X O O   
  X X O   
X X X O   
      O   
----------

White 4,2
----------
X O O     
X X O O   
  X X O   
X X X O   
    O O   
----------

Black 2,0
----------
X O O     
X X O O   
X X X O   
X X X O   
    O O   
----------

White 2,4
----------
X O O     
X X O O   
X X X O O 
X X X O   
    O O   
----------

Black 0,4
----------
X O O   X 
X X O O   
X X X O O 
X X X O   
    O O   
----------

White 4,1
----------
X O O   X 
X X O O   
X X X O O 
X X X O   
  O O O   
----------

Black PASS
----------
X O O   X 
X X O O   
X X X O O 
X X X O   
  O O O   
----------

White 1,4
----------
X O O   X 
X X O O O 
X X X O O 
X X X O   
  O O O   
----------

Black PASS
----------
X O O   X 
X X O O O 
X X X O O 
X X X O   
  O O O   
----------

White 4,0
----------
  O O   X 
    O O O 
      O O 
      O   
O O O O   
----------

Game end.
The winner is O
ta time: 107.52
student time: 40.41
Black(You) lose.
=====Round 3=====
Black:TA White:You
Thu Oct 29 17:51:00 PDT 2020
Clean up...
Start Playing...
Black 2,2
----------
          
          
    X     
          
          
----------

White 1,1
----------
          
  O       
    X     
          
          
----------

Black 1,2
----------
          
  O X     
    X     
          
          
----------

White 2,1
----------
          
  O X     
  O X     
          
          
----------

Black 3,1
----------
          
  O X     
  O X     
  X       
          
----------

White 0,1
----------
  O       
  O X     
  O X     
  X       
          
----------

Black 3,0
----------
  O       
  O X     
  O X     
X X       
          
----------

White 0,2
----------
  O O     
  O X     
  O X     
X X       
          
----------

Black 1,3
----------
  O O     
  O X X   
  O X     
X X       
          
----------

White 0,3
----------
  O O O   
  O X X   
  O X     
X X       
          
----------

Black 1,4
----------
  O O O   
  O X X X 
  O X     
X X       
          
----------

White 3,3
----------
  O O O   
  O X X X 
  O X     
X X   O   
          
----------

Black 2,0
----------
  O O O   
  O X X X 
X O X     
X X   O   
          
----------

White 3,4
----------
  O O O   
  O X X X 
X O X     
X X   O O 
          
----------

Black 0,4
----------
  O O O X 
  O X X X 
X O X     
X X   O O 
          
----------

White 3,2
----------
  O O O X 
  O X X X 
X O X     
X X O O O 
          
----------

Black 1,0
----------
  O O O X 
X O X X X 
X O X     
X X O O O 
          
----------

White 2,3
----------
  O O O X 
X O X X X 
X O X O   
X X O O O 
          
----------

Black 0,0
----------
X       X 
X   X X X 
X   X O   
X X O O O 
          
----------

White 4,2
----------
X       X 
X   X X X 
X   X O   
X X O O O 
    O     
----------

Black 2,4
----------
X       X 
X   X X X 
X   X O X 
X X O O O 
    O     
----------

White 4,1
----------
X       X 
X   X X X 
X   X O X 
X X O O O 
  O O     
----------

Black 0,3
----------
X     X X 
X   X X X 
X   X O X 
X X O O O 
  O O     
----------

White 4,0
----------
X     X X 
X   X X X 
X   X O X 
X X O O O 
O O O     
----------

Game end.
The winner is X
ta time: 142.01
student time: 43.83
White(You) lose.
=====Round 4=====
Black:You White:TA
Thu Oct 29 17:51:28 PDT 2020
Clean up...
Start Playing...
Black 2,2
----------
          
          
    X     
          
          
----------

White 2,3
----------
          
          
    X O   
          
          
----------

Black 1,2
----------
          
    X     
    X O   
          
          
----------

White 3,3
----------
          
    X     
    X O   
      O   
          
----------

Black 1,1
----------
          
  X X     
    X O   
      O   
          
----------

White 3,2
----------
          
  X X     
    X O   
    O O   
          
----------

Black 1,3
----------
          
  X X X   
    X O   
    O O   
          
----------

White 3,1
----------
          
  X X X   
    X O   
  O O O   
          
----------

Black 2,1
----------
          
  X X X   
  X X O   
  O O O   
          
----------

White 2,0
----------
          
  X X X   
O X X O   
  O O O   
          
----------

Black 1,0
----------
          
X X X X   
O X X O   
  O O O   
          
----------

White 3,0
----------
          
X X X X   
O X X O   
O O O O   
          
----------

Black 1,4
----------
          
X X X X X 
O X X O   
O O O O   
          
----------

White 2,4
----------
          
X X X X X 
O X X O O 
O O O O   
          
----------

Black 0,0
----------
X         
X X X X X 
O X X O O 
O O O O   
          
----------

White 0,3
----------
X     O   
X X X X X 
O X X O O 
O O O O   
          
----------

Black 0,2
----------
X   X O   
X X X X X 
O X X O O 
O O O O   
          
----------

White 4,3
----------
X   X O   
X X X X X 
O X X O O 
O O O O   
      O   
----------

Black 4,1
----------
X   X O   
X X X X X 
O X X O O 
O O O O   
  X   O   
----------

White 4,2
----------
X   X O   
X X X X X 
O X X O O 
O O O O   
  X O O   
----------

Black 0,4
----------
X   X   X 
X X X X X 
O X X O O 
O O O O   
  X O O   
----------

White 4,0
----------
X   X   X 
X X X X X 
O X X O O 
O O O O   
O   O O   
----------

Black PASS
----------
X   X   X 
X X X X X 
O X X O O 
O O O O   
O   O O   
----------

White 4,4
----------
X   X   X 
X X X X X 
O X X O O 
O O O O   
O   O O O 
----------

Game end.
The winner is O
ta time: 173.57
student time: 47.27
Black(You) lose.
=====Round 5=====
Black:TA White:You
Thu Oct 29 17:51:56 PDT 2020
Clean up...
Start Playing...
Black 2,2
----------
          
          
    X     
          
          
----------

White 1,1
----------
          
  O       
    X     
          
          
----------

Black 2,1
----------
          
  O       
  X X     
          
          
----------

White 1,2
----------
          
  O O     
  X X     
          
          
----------

Black 1,3
----------
          
  O O X   
  X X     
          
          
----------

White 1,0
----------
          
O O O X   
  X X     
          
          
----------

Black 0,3
----------
      X   
O O O X   
  X X     
          
          
----------

White 2,0
----------
      X   
O O O X   
O X X     
          
          
----------

Black 3,1
----------
      X   
O O O X   
O X X     
  X       
          
----------

White 3,0
----------
      X   
O O O X   
O X X     
O X       
          
----------

Black 4,1
----------
      X   
O O O X   
O X X     
O X       
  X       
----------

White 3,3
----------
      X   
O O O X   
O X X     
O X   O   
  X       
----------

Black 0,2
----------
    X X   
O O O X   
O X X     
O X   O   
  X       
----------

White 3,4
----------
    X X   
O O O X   
O X X     
O X   O O 
  X       
----------

Black 0,1
----------
  X X X   
O O O X   
O X X     
O X   O O 
  X       
----------

White 3,2
----------
  X X X   
O O O X   
O X X     
O X O O O 
  X       
----------

Black 4,0
----------
  X X X   
O O O X   
O X X     
O X O O O 
X X       
----------

White 2,3
----------
  X X X   
O O O X   
O X X O   
O X O O O 
X X       
----------

Black 0,0
----------
X X X X   
      X   
  X X O   
  X O O O 
X X       
----------

White 2,4
----------
X X X X   
      X   
  X X O O 
  X O O O 
X X       
----------

Black 4,2
----------
X X X X   
      X   
  X X O O 
  X O O O 
X X X     
----------

White 1,4
----------
X X X X   
      X O 
  X X O O 
  X O O O 
X X X     
----------

Black 4,3
----------
X X X X   
      X O 
  X X O O 
  X O O O 
X X X X   
----------

White PASS
----------
X X X X   
      X O 
  X X O O 
  X O O O 
X X X X   
----------

Game end.
The winner is X
ta time: 207.71
student time: 50.35
White(You) lose.
=====Round 6=====
Black:You White:TA
Thu Oct 29 17:52:25 PDT 2020
Clean up...
Start Playing...
Black 2,2
----------
          
          
    X     
          
          
----------

White 3,3
----------
          
          
    X     
      O   
          
----------

Black 1,2
----------
          
    X     
    X     
      O   
          
----------

White 2,3
----------
          
    X     
    X O   
      O   
          
----------

Black 1,1
----------
          
  X X     
    X O   
      O   
          
----------

White 3,2
----------
          
  X X     
    X O   
    O O   
          
----------

Black 1,3
----------
          
  X X X   
    X O   
    O O   
          
----------

White 3,1
----------
          
  X X X   
    X O   
  O O O   
          
----------

Black 2,1
----------
          
  X X X   
  X X O   
  O O O   
          
----------

White 2,0
----------
          
  X X X   
O X X O   
  O O O   
          
----------

Black 1,0
----------
          
X X X X   
O X X O   
  O O O   
          
----------

White 3,0
----------
          
X X X X   
O X X O   
O O O O   
          
----------

Black 1,4
----------
          
X X X X X 
O X X O   
O O O O   
          
----------

White 2,4
----------
          
X X X X X 
O X X O O 
O O O O   
          
----------

Black 0,0
----------
X         
X X X X X 
O X X O O 
O O O O   
          
----------

White 0,3
----------
X     O   
X X X X X 
O X X O O 
O O O O   
          
----------

Black 0,2
----------
X   X O   
X X X X X 
O X X O O 
O O O O   
          
----------

White 4,3
----------
X   X O   
X X X X X 
O X X O O 
O O O O   
      O   
----------

Black 4,1
----------
X   X O   
X X X X X 
O X X O O 
O O O O   
  X   O   
----------

White 4,2
----------
X   X O   
X X X X X 
O X X O O 
O O O O   
  X O O   
----------

Black 0,4
----------
X   X   X 
X X X X X 
O X X O O 
O O O O   
  X O O   
----------

White 4,0
----------
X   X   X 
X X X X X 
O X X O O 
O O O O   
O   O O   
----------

Black PASS
----------
X   X   X 
X X X X X 
O X X O O 
O O O O   
O   O O   
----------

White 4,4
----------
X   X   X 
X X X X X 
O X X O O 
O O O O   
O   O O O 
----------

Game end.
The winner is O
ta time: 240.07
student time: 53.59
Black(You) lose.
=====Round 7=====
Black:TA White:You
Thu Oct 29 17:52:54 PDT 2020
Clean up...
Start Playing...
Black 2,2
----------
          
          
    X     
          
          
----------

White 1,1
----------
          
  O       
    X     
          
          
----------

Black 1,2
----------
          
  O X     
    X     
          
          
----------

White 2,1
----------
          
  O X     
  O X     
          
          
----------

Black 3,1
----------
          
  O X     
  O X     
  X       
          
----------

White 0,1
----------
  O       
  O X     
  O X     
  X       
          
----------

Black 3,0
----------
  O       
  O X     
  O X     
X X       
          
----------

White 0,2
----------
  O O     
  O X     
  O X     
X X       
          
----------

Black 1,3
----------
  O O     
  O X X   
  O X     
X X       
          
----------

White 0,3
----------
  O O O   
  O X X   
  O X     
X X       
          
----------

Black 1,4
----------
  O O O   
  O X X X 
  O X     
X X       
          
----------

White 3,3
----------
  O O O   
  O X X X 
  O X     
X X   O   
          
----------

Black 2,0
----------
  O O O   
  O X X X 
X O X     
X X   O   
          
----------

White 3,4
----------
  O O O   
  O X X X 
X O X     
X X   O O 
          
----------

Black 1,0
----------
  O O O   
X O X X X 
X O X     
X X   O O 
          
----------

White 3,2
----------
  O O O   
X O X X X 
X O X     
X X O O O 
          
----------

Black 0,4
----------
  O O O X 
X O X X X 
X O X     
X X O O O 
          
----------

White 2,3
----------
  O O O X 
X O X X X 
X O X O   
X X O O O 
          
----------

Black 0,0
----------
X       X 
X   X X X 
X   X O   
X X O O O 
          
----------

White 4,2
----------
X       X 
X   X X X 
X   X O   
X X O O O 
    O     
----------

Black 4,1
----------
X       X 
X   X X X 
X   X O   
X X O O O 
  X O     
----------

White 2,4
----------
X       X 
X   X X X 
X   X O O 
X X O O O 
  X O     
----------

Black 4,3
----------
X       X 
X   X X X 
X   X O O 
X X O O O 
  X O X   
----------

White 1,1
----------
X       X 
X O X X X 
X   X O O 
X X O O O 
  X O X   
----------

Game end.
The winner is X
ta time: 277.16
student time: 56.72
White(You) lose.
=====Round 8=====
Black:You White:TA
Thu Oct 29 17:53:24 PDT 2020
Clean up...
Start Playing...
Black 2,2
----------
          
          
    X     
          
          
----------

White 2,3
----------
          
          
    X O   
          
          
----------

Black 1,2
----------
          
    X     
    X O   
          
          
----------

White 3,3
----------
          
    X     
    X O   
      O   
          
----------

Black 1,1
----------
          
  X X     
    X O   
      O   
          
----------

White 3,2
----------
          
  X X     
    X O   
    O O   
          
----------

Black 1,3
----------
          
  X X X   
    X O   
    O O   
          
----------

White 3,1
----------
          
  X X X   
    X O   
  O O O   
          
----------

Black 2,1
----------
          
  X X X   
  X X O   
  O O O   
          
----------

White 1,4
----------
          
  X X X O 
  X X O   
  O O O   
          
----------

Black 0,1
----------
  X       
  X X X O 
  X X O   
  O O O   
          
----------

White 2,4
----------
  X       
  X X X O 
  X X O O 
  O O O   
          
----------

Black 0,3
----------
  X   X   
  X X X O 
  X X O O 
  O O O   
          
----------

White 3,0
----------
  X   X   
  X X X O 
  X X O O 
O O O O   
          
----------

Black 0,0
----------
X X   X   
  X X X O 
  X X O O 
O O O O   
          
----------

White 2,0
----------
X X   X   
  X X X O 
O X X O O 
O O O O   
          
----------

Black 0,2
----------
X X X X   
  X X X O 
O X X O O 
O O O O   
          
----------

White 3,4
----------
X X X X   
  X X X O 
O X X O O 
O O O O O 
          
----------

Black 4,1
----------
X X X X   
  X X X O 
O X X O O 
O O O O O 
  X       
----------

White 1,0
----------
X X X X   
O X X X O 
O X X O O 
O O O O O 
  X       
----------

Black 4,2
----------
X X X X   
O X X X O 
O X X O O 
O O O O O 
  X X     
----------

White 4,3
----------
X X X X   
O X X X O 
O X X O O 
O O O O O 
  X X O   
----------

Black PASS
----------
X X X X   
O X X X O 
O X X O O 
O O O O O 
  X X O   
----------

White 0,4
----------
        O 
O       O 
O     O O 
O O O O O 
  X X O   
----------

Game end.
The winner is O
ta time: 316.89
student time: 60.26
Black(You) lose.
=====Round 9=====
Black:TA White:You
Thu Oct 29 17:53:56 PDT 2020
Clean up...
Start Playing...
Black 2,2
----------
          
          
    X     
          
          
----------

White 1,1
----------
          
  O       
    X     
          
          
----------

Black 1,2
----------
          
  O X     
    X     
          
          
----------

White 2,1
----------
          
  O X     
  O X     
          
          
----------

Black 3,1
----------
          
  O X     
  O X     
  X       
          
----------

White 0,1
----------
  O       
  O X     
  O X     
  X       
          
----------

Black 3,0
----------
  O       
  O X     
  O X     
X X       
          
----------

White 0,2
----------
  O O     
  O X     
  O X     
X X       
          
----------

Black 1,3
----------
  O O     
  O X X   
  O X     
X X       
          
----------

White 0,3
----------
  O O O   
  O X X   
  O X     
X X       
          
----------

Black 1,4
----------
  O O O   
  O X X X 
  O X     
X X       
          
----------

White 3,3
----------
  O O O   
  O X X X 
  O X     
X X   O   
          
----------

Black 2,0
----------
  O O O   
  O X X X 
X O X     
X X   O   
          
----------

White 3,4
----------
  O O O   
  O X X X 
X O X     
X X   O O 
          
----------

Black 1,0
----------
  O O O   
X O X X X 
X O X     
X X   O O 
          
----------

White 3,2
----------
  O O O   
X O X X X 
X O X     
X X O O O 
          
----------

Black 0,4
----------
  O O O X 
X O X X X 
X O X     
X X O O O 
          
----------

White 2,3
----------
  O O O X 
X O X X X 
X O X O   
X X O O O 
          
----------

Black 0,0
----------
X       X 
X   X X X 
X   X O   
X X O O O 
          
----------

White 4,2
----------
X       X 
X   X X X 
X   X O   
X X O O O 
    O     
----------

Black 2,1
----------
X       X 
X   X X X 
X X X O   
X X O O O 
    O     
----------

White 4,1
----------
X       X 
X   X X X 
X X X O   
X X O O O 
  O O     
----------

Black 2,4
----------
X       X 
X   X X X 
X X X O X 
X X O O O 
  O O     
----------

White 4,0
----------
X       X 
X   X X X 
X X X O X 
X X O O O 
O O O     
----------

Game end.
The winner is X
ta time: 354.66
student time: 63.56
White(You) lose.
=====Round 10=====
Black:You White:TA
Thu Oct 29 17:54:27 PDT 2020
Clean up...
Start Playing...
Black 2,2
----------
          
          
    X     
          
          
----------

White 3,2
----------
          
          
    X     
    O     
          
----------

Black 1,2
----------
          
    X     
    X     
    O     
          
----------

White 3,1
----------
          
    X     
    X     
  O O     
          
----------

Black 1,1
----------
          
  X X     
    X     
  O O     
          
----------

White 3,3
----------
          
  X X     
    X     
  O O O   
          
----------

Black 1,3
----------
          
  X X X   
    X     
  O O O   
          
----------

White 2,0
----------
          
  X X X   
O   X     
  O O O   
          
----------

Black 1,4
----------
          
  X X X X 
O   X     
  O O O   
          
----------

White 2,1
----------
          
  X X X X 
O O X     
  O O O   
          
----------

Black 2,3
----------
          
  X X X X 
O O X X   
  O O O   
          
----------

White 3,4
----------
          
  X X X X 
O O X X   
  O O O O 
          
----------

Black 0,1
----------
  X       
  X X X X 
O O X X   
  O O O O 
          
----------

White 4,1
----------
  X       
  X X X X 
O O X X   
  O O O O 
  O       
----------

Black 0,0
----------
X X       
  X X X X 
O O X X   
  O O O O 
  O       
----------

White 4,3
----------
X X       
  X X X X 
O O X X   
  O O O O 
  O   O   
----------

Black 0,2
----------
X X X     
  X X X X 
O O X X   
  O O O O 
  O   O   
----------

White 2,4
----------
X X X     
  X X X X 
O O X X O 
  O O O O 
  O   O   
----------

Black 0,3
----------
X X X X   
  X X X X 
O O X X O 
  O O O O 
  O   O   
----------

White 1,0
----------
X X X X   
O X X X X 
O O X X O 
  O O O O 
  O   O   
----------

Black PASS
----------
X X X X   
O X X X X 
O O X X O 
  O O O O 
  O   O   
----------

White 0,4
----------
        O 
O         
O O     O 
  O O O O 
  O   O   
----------

Black PASS
----------
        O 
O         
O O     O 
  O O O O 
  O   O   
----------

White 1,2
----------
        O 
O   O     
O O     O 
  O O O O 
  O   O   
----------

Game end.
The winner is O
ta time: 395.53
student time: 66.74
Black(You) lose.
