Wed Oct 28 07:29:54 PDT 2020

==Playing with qlearning_player==
=====Round 1=====
Black:TA White:You
Wed Oct 28 07:29:54 PDT 2020
Clean up...
Start Playing...
Black 1,2
----------
          
    X     
          
          
          
----------

White 2,1
----------
          
    X     
  O       
          
          
----------

Black 2,2
----------
          
    X     
  O X     
          
          
----------

White 3,1
----------
          
    X     
  O X     
  O       
          
----------

Black 0,0
----------
X         
    X     
  O X     
  O       
          
----------

White 0,1
----------
X O       
    X     
  O X     
  O       
          
----------

Black 3,2
----------
X O       
    X     
  O X     
  O X     
          
----------

White 1,0
----------
  O       
O   X     
  O X     
  O X     
          
----------

Black 0,2
----------
  O X     
O   X     
  O X     
  O X     
          
----------

White 4,1
----------
  O X     
O   X     
  O X     
  O X     
  O       
----------

Black 2,3
----------
  O X     
O   X     
  O X X   
  O X     
  O       
----------

White 4,2
----------
  O X     
O   X     
  O X X   
  O X     
  O O     
----------

Black 2,4
----------
  O X     
O   X     
  O X X X 
  O X     
  O O     
----------

White 4,3
----------
  O X     
O   X     
  O X X X 
  O X     
  O O O   
----------

Black 3,3
----------
  O X     
O   X     
  O X X X 
  O X X   
  O O O   
----------

White 4,4
----------
  O X     
O   X     
  O X X X 
  O X X   
  O O O O 
----------

Black 1,1
----------
  O X     
O X X     
  O X X X 
  O X X   
  O O O O 
----------

White 2,0
----------
  O X     
O X X     
O O X X X 
  O X X   
  O O O O 
----------

Black 0,0
----------
X   X     
O X X     
O O X X X 
  O X X   
  O O O O 
----------

White 3,0
----------
X   X     
O X X     
O O X X X 
O O X X   
  O O O O 
----------

Black 1,3
----------
X   X     
O X X X   
O O X X X 
O O X X   
  O O O O 
----------

White 3,4
----------
X   X     
O X X X   
O O X X X 
O O X X O 
  O O O O 
----------

Black 4,0
----------
X   X     
  X X X   
    X X X 
    X X   
X         
----------

White 3,0
----------
X   X     
  X X X   
    X X X 
O   X X   
X         
----------

Game end.
The winner is X
ta time: 3.98
student time: 0.69
White(You) lose.
=====Round 2=====
Black:You White:TA
Wed Oct 28 07:30:02 PDT 2020
Clean up...
Start Playing...
Black 2,2
----------
          
          
    X     
          
          
----------

White 2,1
----------
          
          
  O X     
          
          
----------

Black 1,2
----------
          
    X     
  O X     
          
          
----------

White 3,2
----------
          
    X     
  O X     
    O     
          
----------

Black 1,1
----------
          
  X X     
  O X     
    O     
          
----------

White 2,3
----------
          
  X X     
  O X O   
    O     
          
----------

Black 3,1
----------
          
  X X     
  O X O   
  X O     
          
----------

White 3,3
----------
          
  X X     
  O X O   
  X O O   
          
----------

Black 2,0
----------
          
  X X     
X   X O   
  X O O   
          
----------

White 1,3
----------
          
  X X O   
X   X O   
  X O O   
          
----------

Black 4,1
----------
          
  X X O   
X   X O   
  X O O   
  X       
----------

White 2,4
----------
          
  X X O   
X   X O O 
  X O O   
  X       
----------

Black 2,1
----------
          
  X X O   
X X X O O 
  X O O   
  X       
----------

White 0,2
----------
    O     
  X X O   
X X X O O 
  X O O   
  X       
----------

Black 0,1
----------
  X O     
  X X O   
X X X O O 
  X O O   
  X       
----------

White 4,2
----------
  X O     
  X X O   
X X X O O 
  X O O   
  X O     
----------

Black 0,0
----------
X X O     
  X X O   
X X X O O 
  X O O   
  X O     
----------

White 3,0
----------
X X O     
  X X O   
X X X O O 
O X O O   
  X O     
----------

Black 4,0
----------
X X O     
  X X O   
X X X O O 
  X O O   
X X O     
----------

White 0,3
----------
X X O O   
  X X O   
X X X O O 
  X O O   
X X O     
----------

Black 1,0
----------
X X O O   
X X X O   
X X X O O 
  X O O   
X X O     
----------

White 3,0
----------
    O O   
      O   
      O O 
O   O O   
    O     
----------

Black 1,1
----------
    O O   
  X   O   
      O O 
O   O O   
    O     
----------

White 2,2
----------
    O O   
  X   O   
    O O O 
O   O O   
    O     
----------

Game end.
The winner is O
ta time: 7.7
student time: 1.34
Black(You) lose.
=====Round 3=====
Black:TA White:You
Wed Oct 28 07:30:09 PDT 2020
Clean up...
Start Playing...
Black 1,2
----------
          
    X     
          
          
          
----------

White 2,1
----------
          
    X     
  O       
          
          
----------

Black 2,2
----------
          
    X     
  O X     
          
          
----------

White 3,1
----------
          
    X     
  O X     
  O       
          
----------

Black 0,0
----------
X         
    X     
  O X     
  O       
          
----------

White 0,1
----------
X O       
    X     
  O X     
  O       
          
----------

Black 3,2
----------
X O       
    X     
  O X     
  O X     
          
----------

White 1,0
----------
  O       
O   X     
  O X     
  O X     
          
----------

Black 0,2
----------
  O X     
O   X     
  O X     
  O X     
          
----------

White 4,1
----------
  O X     
O   X     
  O X     
  O X     
  O       
----------

Black 2,3
----------
  O X     
O   X     
  O X X   
  O X     
  O       
----------

White 4,2
----------
  O X     
O   X     
  O X X   
  O X     
  O O     
----------

Black 3,3
----------
  O X     
O   X     
  O X X   
  O X X   
  O O     
----------

White 4,3
----------
  O X     
O   X     
  O X X   
  O X X   
  O O O   
----------

Black 1,3
----------
  O X     
O   X X   
  O X X   
  O X X   
  O O O   
----------

White 4,4
----------
  O X     
O   X X   
  O X X   
  O X X   
  O O O O 
----------

Black 2,0
----------
  O X     
O   X X   
X O X X   
  O X X   
  O O O O 
----------

White 3,0
----------
  O X     
O   X X   
  O X X   
O O X X   
  O O O O 
----------

Black 1,1
----------
  O X     
O X X X   
  O X X   
O O X X   
  O O O O 
----------

White 3,4
----------
  O X     
O X X X   
  O X X   
O O X X O 
  O O O O 
----------

Black 0,0
----------
X   X     
O X X X   
  O X X   
O O X X O 
  O O O O 
----------

White 2,4
----------
X   X     
O X X X   
  O X X O 
O O X X O 
  O O O O 
----------

Black 2,0
----------
X   X     
  X X X   
X O X X O 
O O X X O 
  O O O O 
----------

White 1,4
----------
X   X     
  X X X O 
X O X X O 
O O X X O 
  O O O O 
----------

Game end.
The winner is O
ta time: 11.85
student time: 1.98
White(You) win!
=====Round 4=====
Black:You White:TA
Wed Oct 28 07:30:16 PDT 2020
Clean up...
Start Playing...
Black 2,2
----------
          
          
    X     
          
          
----------

White 2,1
----------
          
          
  O X     
          
          
----------

Black 1,2
----------
          
    X     
  O X     
          
          
----------

White 3,2
----------
          
    X     
  O X     
    O     
          
----------

Black 1,1
----------
          
  X X     
  O X     
    O     
          
----------

White 2,3
----------
          
  X X     
  O X O   
    O     
          
----------

Black 3,1
----------
          
  X X     
  O X O   
  X O     
          
----------

White 0,2
----------
    O     
  X X     
  O X O   
  X O     
          
----------

Black 2,0
----------
    O     
  X X     
X   X O   
  X O     
          
----------

White 1,3
----------
    O     
  X X O   
X   X O   
  X O     
          
----------

Black 0,1
----------
  X O     
  X X O   
X   X O   
  X O     
          
----------

White 4,2
----------
  X O     
  X X O   
X   X O   
  X O     
    O     
----------

Black 2,1
----------
  X O     
  X X O   
X X X O   
  X O     
    O     
----------

White 3,3
----------
  X O     
  X X O   
X X X O   
  X O O   
    O     
----------

Black 3,0
----------
  X O     
  X X O   
X X X O   
X X O O   
    O     
----------

White 2,4
----------
  X O     
  X X O   
X X X O O 
X X O O   
    O     
----------

Black 0,0
----------
X X O     
  X X O   
X X X O O 
X X O O   
    O     
----------

White 1,4
----------
X X O     
  X X O O 
X X X O O 
X X O O   
    O     
----------

Black 1,0
----------
X X O     
X X X O O 
X X X O O 
X X O O   
    O     
----------

White 4,1
----------
X X O     
X X X O O 
X X X O O 
X X O O   
  O O     
----------

Black 4,4
----------
X X O     
X X X O O 
X X X O O 
X X O O   
  O O   X 
----------

White 4,0
----------
    O     
      O O 
      O O 
    O O   
O O O   X 
----------

Black 1,1
----------
    O     
  X   O O 
      O O 
    O O   
O O O   X 
----------

White 2,2
----------
    O     
  X   O O 
    O O O 
    O O   
O O O   X 
----------

Game end.
The winner is O
ta time: 15.7
student time: 2.61
Black(You) lose.
=====Round 5=====
Black:TA White:You
Wed Oct 28 07:30:23 PDT 2020
Clean up...
Start Playing...
Black 1,2
----------
          
    X     
          
          
          
----------

White 2,1
----------
          
    X     
  O       
          
          
----------

Black 2,2
----------
          
    X     
  O X     
          
          
----------

White 3,1
----------
          
    X     
  O X     
  O       
          
----------

Black 0,0
----------
X         
    X     
  O X     
  O       
          
----------

White 0,1
----------
X O       
    X     
  O X     
  O       
          
----------

Black 2,3
----------
X O       
    X     
  O X X   
  O       
          
----------

White 1,0
----------
  O       
O   X     
  O X X   
  O       
          
----------

Black 0,2
----------
  O X     
O   X     
  O X X   
  O       
          
----------

White 3,2
----------
  O X     
O   X     
  O X X   
  O O     
          
----------

Black 0,3
----------
  O X X   
O   X     
  O X X   
  O O     
          
----------

White 3,3
----------
  O X X   
O   X     
  O X X   
  O O O   
          
----------

Black 0,4
----------
  O X X X 
O   X     
  O X X   
  O O O   
          
----------

White 3,4
----------
  O X X X 
O   X     
  O X X   
  O O O O 
          
----------

Black 2,0
----------
  O X X X 
O   X     
X O X X   
  O O O O 
          
----------

White 3,0
----------
  O X X X 
O   X     
  O X X   
O O O O O 
          
----------

Black 4,2
----------
  O X X X 
O   X     
  O X X   
O O O O O 
    X     
----------

White 4,1
----------
  O X X X 
O   X     
  O X X   
O O O O O 
  O X     
----------

Black 1,3
----------
  O X X X 
O   X X   
  O X X   
O O O O O 
  O X     
----------

White 4,3
----------
  O X X X 
O   X X   
  O X X   
O O O O O 
  O   O   
----------

Black 1,1
----------
  O X X X 
O X X X   
  O X X   
O O O O O 
  O   O   
----------

White 2,4
----------
  O X X X 
O X X X   
  O X X O 
O O O O O 
  O   O   
----------

Black 0,0
----------
X   X X X 
O X X X   
  O X X O 
O O O O O 
  O   O   
----------

White 1,4
----------
X   X X X 
O X X X O 
  O X X O 
O O O O O 
  O   O   
----------

Game end.
The winner is O
ta time: 19.55
student time: 3.21
White(You) win!
=====Round 6=====
Black:You White:TA
Wed Oct 28 07:30:30 PDT 2020
Clean up...
Start Playing...
Black 2,2
----------
          
          
    X     
          
          
----------

White 2,1
----------
          
          
  O X     
          
          
----------

Black 1,2
----------
          
    X     
  O X     
          
          
----------

White 3,2
----------
          
    X     
  O X     
    O     
          
----------

Black 1,1
----------
          
  X X     
  O X     
    O     
          
----------

White 2,3
----------
          
  X X     
  O X O   
    O     
          
----------

Black 3,1
----------
          
  X X     
  O X O   
  X O     
          
----------

White 2,0
----------
          
  X X     
O O X O   
  X O     
          
----------

Black 1,0
----------
          
X X X     
O O X O   
  X O     
          
----------

White 4,2
----------
          
X X X     
O O X O   
  X O     
    O     
----------

Black 3,0
----------
          
X X X     
    X O   
X X O     
    O     
----------

White 2,1
----------
          
X X X     
  O X O   
X X O     
    O     
----------

Black 2,0
----------
          
X X X     
X   X O   
X X O     
    O     
----------

White 0,2
----------
    O     
X X X     
X   X O   
X X O     
    O     
----------

Black 0,1
----------
  X O     
X X X     
X   X O   
X X O     
    O     
----------

White 3,3
----------
  X O     
X X X     
X   X O   
X X O O   
    O     
----------

Black 0,3
----------
  X   X   
X X X     
X   X O   
X X O O   
    O     
----------

White 1,3
----------
  X   X   
X X X O   
X   X O   
X X O O   
    O     
----------

Black 0,4
----------
  X   X X 
X X X O   
X   X O   
X X O O   
    O     
----------

White 2,4
----------
  X   X X 
X X X O   
X   X O O 
X X O O   
    O     
----------

Black 2,1
----------
  X   X X 
X X X O   
X X X O O 
X X O O   
    O     
----------

White 1,4
----------
  X   X X 
X X X O O 
X X X O O 
X X O O   
    O     
----------

Black 0,0
----------
X X   X X 
X X X O O 
X X X O O 
X X O O   
    O     
----------

White 0,2
----------
X X O     
X X X O O 
X X X O O 
X X O O   
    O     
----------

Game end.
The winner is O
ta time: 23.43
student time: 3.86
Black(You) lose.
=====Round 7=====
Black:TA White:You
Wed Oct 28 07:30:37 PDT 2020
Clean up...
Start Playing...
Black 1,2
----------
          
    X     
          
          
          
----------

White 2,1
----------
          
    X     
  O       
          
          
----------

Black 2,2
----------
          
    X     
  O X     
          
          
----------

White 3,1
----------
          
    X     
  O X     
  O       
          
----------

Black 0,0
----------
X         
    X     
  O X     
  O       
          
----------

White 0,1
----------
X O       
    X     
  O X     
  O       
          
----------

Black 2,3
----------
X O       
    X     
  O X X   
  O       
          
----------

White 1,0
----------
  O       
O   X     
  O X X   
  O       
          
----------

Black 0,2
----------
  O X     
O   X     
  O X X   
  O       
          
----------

White 3,2
----------
  O X     
O   X     
  O X X   
  O O     
          
----------

Black 0,3
----------
  O X X   
O   X     
  O X X   
  O O     
          
----------

White 3,3
----------
  O X X   
O   X     
  O X X   
  O O O   
          
----------

Black 0,4
----------
  O X X X 
O   X     
  O X X   
  O O O   
          
----------

White 3,4
----------
  O X X X 
O   X     
  O X X   
  O O O O 
          
----------

Black 4,2
----------
  O X X X 
O   X     
  O X X   
  O O O O 
    X     
----------

White 4,1
----------
  O X X X 
O   X     
  O X X   
  O O O O 
  O X     
----------

Black 2,0
----------
  O X X X 
O   X     
X O X X   
  O O O O 
  O X     
----------

White 3,0
----------
  O X X X 
O   X     
  O X X   
O O O O O 
  O X     
----------

Black 2,4
----------
  O X X X 
O   X     
  O X X X 
O O O O O 
  O X     
----------

White 4,3
----------
  O X X X 
O   X     
  O X X X 
O O O O O 
  O   O   
----------

Black 1,1
----------
  O X X X 
O X X     
  O X X X 
O O O O O 
  O   O   
----------

White 0,0
----------
O O X X X 
O X X     
  O X X X 
O O O O O 
  O   O   
----------

Black 2,0
----------
    X X X 
  X X     
X O X X X 
O O O O O 
  O   O   
----------

White 4,0
----------
    X X X 
  X X     
X O X X X 
O O O O O 
O O   O   
----------

Game end.
The winner is O
ta time: 27.6
student time: 4.48
White(You) win!
=====Round 8=====
Black:You White:TA
Wed Oct 28 07:30:45 PDT 2020
Clean up...
Start Playing...
Black 2,2
----------
          
          
    X     
          
          
----------

White 2,1
----------
          
          
  O X     
          
          
----------

Black 1,2
----------
          
    X     
  O X     
          
          
----------

White 3,2
----------
          
    X     
  O X     
    O     
          
----------

Black 1,1
----------
          
  X X     
  O X     
    O     
          
----------

White 2,3
----------
          
  X X     
  O X O   
    O     
          
----------

Black 3,1
----------
          
  X X     
  O X O   
  X O     
          
----------

White 3,3
----------
          
  X X     
  O X O   
  X O O   
          
----------

Black 2,0
----------
          
  X X     
X   X O   
  X O O   
          
----------

White 0,2
----------
    O     
  X X     
X   X O   
  X O O   
          
----------

Black 0,1
----------
  X O     
  X X     
X   X O   
  X O O   
          
----------

White 1,3
----------
  X O     
  X X O   
X   X O   
  X O O   
          
----------

Black 4,1
----------
  X O     
  X X O   
X   X O   
  X O O   
  X       
----------

White 2,4
----------
  X O     
  X X O   
X   X O O 
  X O O   
  X       
----------

Black 4,2
----------
  X O     
  X X O   
X   X O O 
  X O O   
  X X     
----------

White 3,4
----------
  X O     
  X X O   
X   X O O 
  X O O O 
  X X     
----------

Black 4,3
----------
  X O     
  X X O   
X   X O O 
  X O O O 
  X X X   
----------

White 0,3
----------
  X O O   
  X X O   
X   X O O 
  X O O O 
  X X X   
----------

Black 2,1
----------
  X O O   
  X X O   
X X X O O 
  X O O O 
  X X X   
----------

White 1,0
----------
  X O O   
O X X O   
X X X O O 
  X O O O 
  X X X   
----------

Black 0,0
----------
X X O O   
  X X O   
X X X O O 
  X O O O 
  X X X   
----------

White 3,0
----------
X X O O   
  X X O   
X X X O O 
O X O O O 
  X X X   
----------

Black 4,0
----------
X X O O   
  X X O   
X X X O O 
  X O O O 
X X X X   
----------

White 1,4
----------
X X O O   
  X X O O 
X X X O O 
  X O O O 
X X X X   
----------

Game end.
The winner is X
ta time: 31.28
student time: 5.01
Black(You) win!
=====Round 9=====
Black:TA White:You
Wed Oct 28 07:30:52 PDT 2020
Clean up...
Start Playing...
Black 1,2
----------
          
    X     
          
          
          
----------

White 2,1
----------
          
    X     
  O       
          
          
----------

Black 2,2
----------
          
    X     
  O X     
          
          
----------

White 3,1
----------
          
    X     
  O X     
  O       
          
----------

Black 0,0
----------
X         
    X     
  O X     
  O       
          
----------

White 0,1
----------
X O       
    X     
  O X     
  O       
          
----------

Black 2,3
----------
X O       
    X     
  O X X   
  O       
          
----------

White 1,0
----------
  O       
O   X     
  O X X   
  O       
          
----------

Black 0,2
----------
  O X     
O   X     
  O X X   
  O       
          
----------

White 3,2
----------
  O X     
O   X     
  O X X   
  O O     
          
----------

Black 0,3
----------
  O X X   
O   X     
  O X X   
  O O     
          
----------

White 3,3
----------
  O X X   
O   X     
  O X X   
  O O O   
          
----------

Black 0,4
----------
  O X X X 
O   X     
  O X X   
  O O O   
          
----------

White 3,4
----------
  O X X X 
O   X     
  O X X   
  O O O O 
          
----------

Black 2,0
----------
  O X X X 
O   X     
X O X X   
  O O O O 
          
----------

White 3,0
----------
  O X X X 
O   X     
  O X X   
O O O O O 
          
----------

Black 1,1
----------
  O X X X 
O X X     
  O X X   
O O O O O 
          
----------

White 2,4
----------
  O X X X 
O X X     
  O X X O 
O O O O O 
          
----------

Black 0,0
----------
X   X X X 
O X X     
  O X X O 
O O O O O 
          
----------

White 1,4
----------
X   X X X 
O X X   O 
  O X X O 
O O O O O 
          
----------

Black 2,0
----------
X   X X X 
  X X   O 
X O X X O 
O O O O O 
          
----------

White 1,3
----------
X   X X X 
  X X O O 
X O X X O 
O O O O O 
          
----------

Black 4,2
----------
X   X X X 
  X X O O 
X O X X O 
O O O O O 
    X     
----------

White 4,1
----------
X   X X X 
  X X O O 
X O X X O 
O O O O O 
  O X     
----------

Game end.
The winner is O
ta time: 35.38
student time: 5.66
White(You) win!
=====Round 10=====
Black:You White:TA
Wed Oct 28 07:30:59 PDT 2020
Clean up...
Start Playing...
Black 2,2
----------
          
          
    X     
          
          
----------

White 2,1
----------
          
          
  O X     
          
          
----------

Black 1,2
----------
          
    X     
  O X     
          
          
----------

White 3,2
----------
          
    X     
  O X     
    O     
          
----------

Black 1,1
----------
          
  X X     
  O X     
    O     
          
----------

White 2,3
----------
          
  X X     
  O X O   
    O     
          
----------

Black 3,1
----------
          
  X X     
  O X O   
  X O     
          
----------

White 4,2
----------
          
  X X     
  O X O   
  X O     
    O     
----------

Black 2,0
----------
          
  X X     
X   X O   
  X O     
    O     
----------

White 0,2
----------
    O     
  X X     
X   X O   
  X O     
    O     
----------

Black 0,1
----------
  X O     
  X X     
X   X O   
  X O     
    O     
----------

White 2,4
----------
  X O     
  X X     
X   X O O 
  X O     
    O     
----------

Black 0,3
----------
  X   X   
  X X     
X   X O O 
  X O     
    O     
----------

White 1,3
----------
  X   X   
  X X O   
X   X O O 
  X O     
    O     
----------

Black 0,4
----------
  X   X X 
  X X O   
X   X O O 
  X O     
    O     
----------

White 3,3
----------
  X   X X 
  X X O   
X   X O O 
  X O O   
    O     
----------

Black 2,1
----------
  X   X X 
  X X O   
X X X O O 
  X O O   
    O     
----------

White 4,3
----------
  X   X X 
  X X O   
X X X O O 
  X O O   
    O O   
----------

Black 3,0
----------
  X   X X 
  X X O   
X X X O O 
X X O O   
    O O   
----------

White 1,0
----------
  X   X X 
O X X O   
X X X O O 
X X O O   
    O O   
----------

Black 0,0
----------
X X   X X 
  X X O   
X X X O O 
X X O O   
    O O   
----------

White 4,1
----------
X X   X X 
  X X O   
X X X O O 
X X O O   
  O O O   
----------

Black 0,2
----------
X X X X X 
  X X O   
X X X O O 
X X O O   
  O O O   
----------

White 1,4
----------
X X X X X 
  X X O O 
X X X O O 
X X O O   
  O O O   
----------

Game end.
The winner is X
ta time: 39.04
student time: 6.23
Black(You) win!

==Playing with championship_player==
=====Round 1=====
Black:TA White:You
Wed Oct 28 07:31:06 PDT 2020
Clean up...
Start Playing...
Black 2,2
----------
          
          
    X     
          
          
----------

White 1,1
----------
          
  O       
    X     
          
          
----------

Black 1,2
----------
          
  O X     
    X     
          
          
----------

White 2,1
----------
          
  O X     
  O X     
          
          
----------

Black 3,1
----------
          
  O X     
  O X     
  X       
          
----------

White 0,1
----------
  O       
  O X     
  O X     
  X       
          
----------

Black 3,0
----------
  O       
  O X     
  O X     
X X       
          
----------

White 0,2
----------
  O O     
  O X     
  O X     
X X       
          
----------

Black 1,3
----------
  O O     
  O X X   
  O X     
X X       
          
----------

White 0,3
----------
  O O O   
  O X X   
  O X     
X X       
          
----------

Black 1,4
----------
  O O O   
  O X X X 
  O X     
X X       
          
----------

White 0,0
----------
O O O O   
  O X X X 
  O X     
X X       
          
----------

Black 2,0
----------
O O O O   
  O X X X 
X O X     
X X       
          
----------

White 3,3
----------
O O O O   
  O X X X 
X O X     
X X   O   
          
----------

Black 0,4
----------
O O O O X 
  O X X X 
X O X     
X X   O   
          
----------

White 2,3
----------
O O O O X 
  O X X X 
X O X O   
X X   O   
          
----------

Black 1,0
----------
        X 
X   X X X 
X   X O   
X X   O   
          
----------

White 3,2
----------
        X 
X   X X X 
X   X O   
X X O O   
          
----------

Black 4,2
----------
        X 
X   X X X 
X   X O   
X X O O   
    X     
----------

White 4,3
----------
        X 
X   X X X 
X   X O   
X X O O   
    X O   
----------

Black 4,1
----------
        X 
X   X X X 
X   X O   
X X O O   
  X X O   
----------

White 2,4
----------
        X 
X   X X X 
X   X O O 
X X O O   
  X X O   
----------

Black 0,0
----------
X       X 
X   X X X 
X   X O O 
X X O O   
  X X O   
----------

White 3,4
----------
X       X 
X   X X X 
X   X O O 
X X O O O 
  X X O   
----------

Game end.
The winner is X
ta time: 71.26
student time: 6.88
White(You) lose.
=====Round 2=====
Black:You White:TA
Wed Oct 28 07:31:31 PDT 2020
Clean up...
Start Playing...
Black 2,2
----------
          
          
    X     
          
          
----------

White 1,1
----------
          
  O       
    X     
          
          
----------

Black 2,3
----------
          
  O       
    X X   
          
          
----------

White 1,2
----------
          
  O O     
    X X   
          
          
----------

Black 1,3
----------
          
  O O X   
    X X   
          
          
----------

White 2,1
----------
          
  O O X   
  O X X   
          
          
----------

Black 3,2
----------
          
  O O X   
  O X X   
    X     
          
----------

White 3,1
----------
          
  O O X   
  O X X   
  O X     
          
----------

Black 3,3
----------
          
  O O X   
  O X X   
  O X X   
          
----------

White 4,2
----------
          
  O O X   
  O X X   
  O X X   
    O     
----------

Black 4,3
----------
          
  O O X   
  O X X   
  O X X   
    O X   
----------

White 4,1
----------
          
  O O X   
  O X X   
  O X X   
  O O X   
----------

Black 0,3
----------
      X   
  O O X   
  O X X   
  O X X   
  O O X   
----------

White 0,2
----------
    O X   
  O O X   
  O X X   
  O X X   
  O O X   
----------

Black 0,4
----------
    O X X 
  O O X   
  O X X   
  O X X   
  O O X   
----------

White 3,4
----------
    O X X 
  O O X   
  O X X   
  O X X O 
  O O X   
----------

Black 2,4
----------
    O X X 
  O O X   
  O X X X 
  O X X O 
  O O X   
----------

White 1,0
----------
    O X X 
O O O X   
  O X X X 
  O X X O 
  O O X   
----------

Black 4,4
----------
    O X X 
O O O X   
  O X X X 
  O X X   
  O O X X 
----------

White 2,0
----------
    O X X 
O O O X   
O O X X X 
  O X X   
  O O X X 
----------

Black 1,4
----------
    O X X 
O O O X X 
O O X X X 
  O X X   
  O O X X 
----------

White 0,0
----------
O   O X X 
O O O X X 
O O X X X 
  O X X   
  O O X X 
----------

Black 3,0
----------
O   O X X 
O O O X X 
O O X X X 
X O X X   
  O O X X 
----------

White 3,4
----------
O   O     
O O O     
O O       
X O     O 
  O O     
----------

Game end.
The winner is O
ta time: 102.01
student time: 7.56
Black(You) lose.
=====Round 3=====
Black:TA White:You
Wed Oct 28 07:31:55 PDT 2020
Clean up...
Start Playing...
Black 2,2
----------
          
          
    X     
          
          
----------

White 1,1
----------
          
  O       
    X     
          
          
----------

Black 2,1
----------
          
  O       
  X X     
          
          
----------

White 1,2
----------
          
  O O     
  X X     
          
          
----------

Black 1,3
----------
          
  O O X   
  X X     
          
          
----------

White 1,0
----------
          
O O O X   
  X X     
          
          
----------

Black 0,3
----------
      X   
O O O X   
  X X     
          
          
----------

White 2,0
----------
      X   
O O O X   
O X X     
          
          
----------

Black 3,1
----------
      X   
O O O X   
O X X     
  X       
          
----------

White 3,0
----------
      X   
O O O X   
O X X     
O X       
          
----------

Black 4,1
----------
      X   
O O O X   
O X X     
O X       
  X       
----------

White 0,0
----------
O     X   
O O O X   
O X X     
O X       
  X       
----------

Black 0,2
----------
O   X X   
O O O X   
O X X     
O X       
  X       
----------

White 3,3
----------
O   X X   
O O O X   
O X X     
O X   O   
  X       
----------

Black 4,0
----------
O   X X   
O O O X   
O X X     
O X   O   
X X       
----------

White 2,3
----------
O   X X   
O O O X   
O X X O   
O X   O   
X X       
----------

Black 0,1
----------
  X X X   
      X   
  X X O   
  X   O   
X X       
----------

White 3,2
----------
  X X X   
      X   
  X X O   
  X O O   
X X       
----------

Black 1,2
----------
  X X X   
    X X   
  X X O   
  X O O   
X X       
----------

White 2,4
----------
  X X X   
    X X   
  X X O O 
  X O O   
X X       
----------

Black 4,2
----------
  X X X   
    X X   
  X X O O 
  X O O   
X X X     
----------

White 1,4
----------
  X X X   
    X X O 
  X X O O 
  X O O   
X X X     
----------

Black 4,3
----------
  X X X   
    X X O 
  X X O O 
  X O O   
X X X X   
----------

White 3,4
----------
  X X X   
    X X O 
  X X O O 
  X O O O 
X X X X   
----------

Game end.
The winner is X
ta time: 139.22
student time: 8.28
White(You) lose.
=====Round 4=====
Black:You White:TA
Wed Oct 28 07:32:25 PDT 2020
Clean up...
Start Playing...
Black 2,2
----------
          
          
    X     
          
          
----------

White 2,1
----------
          
          
  O X     
          
          
----------

Black 1,2
----------
          
    X     
  O X     
          
          
----------

White 3,1
----------
          
    X     
  O X     
  O       
          
----------

Black 1,1
----------
          
  X X     
  O X     
  O       
          
----------

White 3,2
----------
          
  X X     
  O X     
  O O     
          
----------

Black 1,3
----------
          
  X X X   
  O X     
  O O     
          
----------

White 3,3
----------
          
  X X X   
  O X     
  O O O   
          
----------

Black 1,0
----------
          
X X X X   
  O X     
  O O O   
          
----------

White 2,0
----------
          
X X X X   
O O X     
  O O O   
          
----------

Black 1,4
----------
          
X X X X X 
O O X     
  O O O   
          
----------

White 3,4
----------
          
X X X X X 
O O X     
  O O O O 
          
----------

Black 2,3
----------
          
X X X X X 
O O X X   
  O O O O 
          
----------

White 4,2
----------
          
X X X X X 
O O X X   
  O O O O 
    O     
----------

Black 0,0
----------
X         
X X X X X 
O O X X   
  O O O O 
    O     
----------

White 4,1
----------
X         
X X X X X 
O O X X   
  O O O O 
  O O     
----------

Black 0,1
----------
X X       
X X X X X 
O O X X   
  O O O O 
  O O     
----------

White 0,3
----------
X X   O   
X X X X X 
O O X X   
  O O O O 
  O O     
----------

Black 0,2
----------
X X X O   
X X X X X 
O O X X   
  O O O O 
  O O     
----------

White 4,0
----------
X X X O   
X X X X X 
O O X X   
  O O O O 
O O O     
----------

Black 0,4
----------
X X X   X 
X X X X X 
O O X X   
  O O O O 
O O O     
----------

White 4,3
----------
X X X   X 
X X X X X 
O O X X   
  O O O O 
O O O O   
----------

Black 2,4
----------
X X X   X 
X X X X X 
O O X X X 
  O O O O 
O O O O   
----------

White 0,3
----------
      O   
          
O O       
  O O O O 
O O O O   
----------

Game end.
The winner is O
ta time: 176.1
student time: 8.94
Black(You) lose.
=====Round 5=====
Black:TA White:You
Wed Oct 28 07:32:52 PDT 2020
Clean up...
Start Playing...
Black 2,2
----------
          
          
    X     
          
          
----------

White 1,1
----------
          
  O       
    X     
          
          
----------

Black 1,2
----------
          
  O X     
    X     
          
          
----------

White 2,1
----------
          
  O X     
  O X     
          
          
----------

Black 3,1
----------
          
  O X     
  O X     
  X       
          
----------

White 0,1
----------
  O       
  O X     
  O X     
  X       
          
----------

Black 3,0
----------
  O       
  O X     
  O X     
X X       
          
----------

White 0,2
----------
  O O     
  O X     
  O X     
X X       
          
----------

Black 1,3
----------
  O O     
  O X X   
  O X     
X X       
          
----------

White 0,3
----------
  O O O   
  O X X   
  O X     
X X       
          
----------

Black 1,4
----------
  O O O   
  O X X X 
  O X     
X X       
          
----------

White 0,0
----------
O O O O   
  O X X X 
  O X     
X X       
          
----------

Black 2,0
----------
O O O O   
  O X X X 
X O X     
X X       
          
----------

White 3,3
----------
O O O O   
  O X X X 
X O X     
X X   O   
          
----------

Black 0,4
----------
O O O O X 
  O X X X 
X O X     
X X   O   
          
----------

White 2,3
----------
O O O O X 
  O X X X 
X O X O   
X X   O   
          
----------

Black 1,0
----------
        X 
X   X X X 
X   X O   
X X   O   
          
----------

White 3,2
----------
        X 
X   X X X 
X   X O   
X X O O   
          
----------

Black 4,2
----------
        X 
X   X X X 
X   X O   
X X O O   
    X     
----------

White 4,3
----------
        X 
X   X X X 
X   X O   
X X O O   
    X O   
----------

Black 4,1
----------
        X 
X   X X X 
X   X O   
X X O O   
  X X O   
----------

White 2,4
----------
        X 
X   X X X 
X   X O O 
X X O O   
  X X O   
----------

Black 0,0
----------
X       X 
X   X X X 
X   X O O 
X X O O   
  X X O   
----------

White 3,4
----------
X       X 
X   X X X 
X   X O O 
X X O O O 
  X X O   
----------

Game end.
The winner is X
ta time: 208.31
student time: 9.58
White(You) lose.
=====Round 6=====
Black:You White:TA
Wed Oct 28 07:33:17 PDT 2020
Clean up...
Start Playing...
Black 2,2
----------
          
          
    X     
          
          
----------

White 1,2
----------
          
    O     
    X     
          
          
----------

Black 2,1
----------
          
    O     
  X X     
          
          
----------

White 1,3
----------
          
    O O   
  X X     
          
          
----------

Black 1,1
----------
          
  X O O   
  X X     
          
          
----------

White 2,3
----------
          
  X O O   
  X X O   
          
          
----------

Black 3,1
----------
          
  X O O   
  X X O   
  X       
          
----------

White 3,3
----------
          
  X O O   
  X X O   
  X   O   
          
----------

Black 0,1
----------
  X       
  X O O   
  X X O   
  X   O   
          
----------

White 0,2
----------
  X O     
  X O O   
  X X O   
  X   O   
          
----------

Black 3,2
----------
  X O     
  X O O   
  X X O   
  X X O   
          
----------

White 4,3
----------
  X O     
  X O O   
  X X O   
  X X O   
      O   
----------

Black 3,0
----------
  X O     
  X O O   
  X X O   
X X X O   
      O   
----------

White 2,4
----------
  X O     
  X O O   
  X X O O 
X X X O   
      O   
----------

Black 0,0
----------
X X O     
  X O O   
  X X O O 
X X X O   
      O   
----------

White 0,4
----------
X X O   O 
  X O O   
  X X O O 
X X X O   
      O   
----------

Black 1,0
----------
X X O   O 
X X O O   
  X X O O 
X X X O   
      O   
----------

White 0,3
----------
X X O O O 
X X O O   
  X X O O 
X X X O   
      O   
----------

Black 2,0
----------
X X O O O 
X X O O   
X X X O O 
X X X O   
      O   
----------

White 4,1
----------
X X O O O 
X X O O   
X X X O O 
X X X O   
  O   O   
----------

Black 4,2
----------
X X O O O 
X X O O   
X X X O O 
X X X O   
  O X O   
----------

White 4,0
----------
    O O O 
    O O   
      O O 
      O   
O O   O   
----------

Black 2,1
----------
    O O O 
    O O   
  X   O O 
      O   
O O   O   
----------

White 3,0
----------
    O O O 
    O O   
  X   O O 
O     O   
O O   O   
----------

Game end.
The winner is O
ta time: 245.33
student time: 10.27
Black(You) lose.
=====Round 7=====
Black:TA White:You
Wed Oct 28 07:33:44 PDT 2020
Clean up...
Start Playing...
Black 2,2
----------
          
          
    X     
          
          
----------

White 1,1
----------
          
  O       
    X     
          
          
----------

Black 2,1
----------
          
  O       
  X X     
          
          
----------

White 1,2
----------
          
  O O     
  X X     
          
          
----------

Black 1,3
----------
          
  O O X   
  X X     
          
          
----------

White 1,0
----------
          
O O O X   
  X X     
          
          
----------

Black 0,3
----------
      X   
O O O X   
  X X     
          
          
----------

White 2,0
----------
      X   
O O O X   
O X X     
          
          
----------

Black 3,1
----------
      X   
O O O X   
O X X     
  X       
          
----------

White 3,0
----------
      X   
O O O X   
O X X     
O X       
          
----------

Black 4,1
----------
      X   
O O O X   
O X X     
O X       
  X       
----------

White 0,0
----------
O     X   
O O O X   
O X X     
O X       
  X       
----------

Black 0,2
----------
O   X X   
O O O X   
O X X     
O X       
  X       
----------

White 3,3
----------
O   X X   
O O O X   
O X X     
O X   O   
  X       
----------

Black 4,0
----------
O   X X   
O O O X   
O X X     
O X   O   
X X       
----------

White 2,3
----------
O   X X   
O O O X   
O X X O   
O X   O   
X X       
----------

Black 0,1
----------
  X X X   
      X   
  X X O   
  X   O   
X X       
----------

White 3,2
----------
  X X X   
      X   
  X X O   
  X O O   
X X       
----------

Black 1,4
----------
  X X X   
      X X 
  X X O   
  X O O   
X X       
----------

White 3,4
----------
  X X X   
      X X 
  X X O   
  X O O O 
X X       
----------

Black 1,2
----------
  X X X   
    X X X 
  X X O   
  X O O O 
X X       
----------

White 2,4
----------
  X X X   
    X X X 
  X X O O 
  X O O O 
X X       
----------

Black 1,0
----------
  X X X   
X   X X X 
  X X O O 
  X O O O 
X X       
----------

White 4,2
----------
  X X X   
X   X X X 
  X X O O 
  X O O O 
X X O     
----------

Game end.
The winner is X
ta time: 281.95
student time: 10.96
White(You) lose.
=====Round 8=====
Black:You White:TA
Wed Oct 28 07:34:11 PDT 2020
Clean up...
Start Playing...
Black 2,2
----------
          
          
    X     
          
          
----------

White 2,3
----------
          
          
    X O   
          
          
----------

Black 1,2
----------
          
    X     
    X O   
          
          
----------

White 3,3
----------
          
    X     
    X O   
      O   
          
----------

Black 1,1
----------
          
  X X     
    X O   
      O   
          
----------

White 3,2
----------
          
  X X     
    X O   
    O O   
          
----------

Black 1,3
----------
          
  X X X   
    X O   
    O O   
          
----------

White 3,1
----------
          
  X X X   
    X O   
  O O O   
          
----------

Black 1,0
----------
          
X X X X   
    X O   
  O O O   
          
----------

White 1,4
----------
          
X X X X O 
    X O   
  O O O   
          
----------

Black 0,3
----------
      X   
X X X X O 
    X O   
  O O O   
          
----------

White 2,1
----------
      X   
X X X X O 
  O X O   
  O O O   
          
----------

Black 0,4
----------
      X X 
X X X X O 
  O X O   
  O O O   
          
----------

White 2,4
----------
      X X 
X X X X O 
  O X O O 
  O O O   
          
----------

Black 2,0
----------
      X X 
X X X X O 
X O X O O 
  O O O   
          
----------

White 3,0
----------
      X X 
X X X X O 
X O X O O 
O O O O   
          
----------

Black 0,0
----------
X     X X 
X X X X O 
X O X O O 
O O O O   
          
----------

White 4,2
----------
X     X X 
X X X X O 
X O X O O 
O O O O   
    O     
----------

Black 0,1
----------
X X   X X 
X X X X O 
X O X O O 
O O O O   
    O     
----------

White 4,3
----------
X X   X X 
X X X X O 
X O X O O 
O O O O   
    O O   
----------

Black 3,4
----------
X X   X X 
X X X X O 
X O X O O 
O O O O X 
    O O   
----------

White 0,2
----------
    O     
        O 
  O   O O 
O O O O X 
    O O   
----------

Black 1,1
----------
    O     
  X     O 
  O   O O 
O O O O X 
    O O   
----------

White 2,2
----------
    O     
  X     O 
  O O O O 
O O O O X 
    O O   
----------

Game end.
The winner is O
ta time: 316.42
student time: 11.67
Black(You) lose.
=====Round 9=====
Black:TA White:You
Wed Oct 28 07:34:39 PDT 2020
Clean up...
Start Playing...
Black 2,2
----------
          
          
    X     
          
          
----------

White 1,1
----------
          
  O       
    X     
          
          
----------

Black 2,1
----------
          
  O       
  X X     
          
          
----------

White 1,2
----------
          
  O O     
  X X     
          
          
----------

Black 1,3
----------
          
  O O X   
  X X     
          
          
----------

White 1,0
----------
          
O O O X   
  X X     
          
          
----------

Black 0,3
----------
      X   
O O O X   
  X X     
          
          
----------

White 2,0
----------
      X   
O O O X   
O X X     
          
          
----------

Black 3,1
----------
      X   
O O O X   
O X X     
  X       
          
----------

White 3,0
----------
      X   
O O O X   
O X X     
O X       
          
----------

Black 4,1
----------
      X   
O O O X   
O X X     
O X       
  X       
----------

White 0,0
----------
O     X   
O O O X   
O X X     
O X       
  X       
----------

Black 0,2
----------
O   X X   
O O O X   
O X X     
O X       
  X       
----------

White 3,3
----------
O   X X   
O O O X   
O X X     
O X   O   
  X       
----------

Black 4,0
----------
O   X X   
O O O X   
O X X     
O X   O   
X X       
----------

White 2,3
----------
O   X X   
O O O X   
O X X O   
O X   O   
X X       
----------

Black 0,1
----------
  X X X   
      X   
  X X O   
  X   O   
X X       
----------

White 3,2
----------
  X X X   
      X   
  X X O   
  X O O   
X X       
----------

Black 4,2
----------
  X X X   
      X   
  X X O   
  X O O   
X X X     
----------

White 2,4
----------
  X X X   
      X   
  X X O O 
  X O O   
X X X     
----------

Black 4,3
----------
  X X X   
      X   
  X X O O 
  X O O   
X X X X   
----------

White 1,4
----------
  X X X   
      X O 
  X X O O 
  X O O   
X X X X   
----------

Black 3,4
----------
  X X X   
      X O 
  X X O O 
  X O O X 
X X X X   
----------

White 1,0
----------
  X X X   
O     X O 
  X X O O 
  X O O X 
X X X X   
----------

Game end.
The winner is X
ta time: 349.95
student time: 12.31
White(You) lose.
=====Round 10=====
Black:You White:TA
Wed Oct 28 07:35:07 PDT 2020
Clean up...
Start Playing...
Black 2,2
----------
          
          
    X     
          
          
----------

White 1,2
----------
          
    O     
    X     
          
          
----------

Black 2,1
----------
          
    O     
  X X     
          
          
----------

White 1,3
----------
          
    O O   
  X X     
          
          
----------

Black 1,1
----------
          
  X O O   
  X X     
          
          
----------

White 2,3
----------
          
  X O O   
  X X O   
          
          
----------

Black 3,1
----------
          
  X O O   
  X X O   
  X       
          
----------

White 3,3
----------
          
  X O O   
  X X O   
  X   O   
          
----------

Black 0,1
----------
  X       
  X O O   
  X X O   
  X   O   
          
----------

White 0,2
----------
  X O     
  X O O   
  X X O   
  X   O   
          
----------

Black 3,2
----------
  X O     
  X O O   
  X X O   
  X X O   
          
----------

White 4,3
----------
  X O     
  X O O   
  X X O   
  X X O   
      O   
----------

Black 3,0
----------
  X O     
  X O O   
  X X O   
X X X O   
      O   
----------

White 2,4
----------
  X O     
  X O O   
  X X O O 
X X X O   
      O   
----------

Black 0,0
----------
X X O     
  X O O   
  X X O O 
X X X O   
      O   
----------

White 0,3
----------
X X O O   
  X O O   
  X X O O 
X X X O   
      O   
----------

Black 1,0
----------
X X O O   
X X O O   
  X X O O 
X X X O   
      O   
----------

White 4,4
----------
X X O O   
X X O O   
  X X O O 
X X X O   
      O O 
----------

Black 2,0
----------
X X O O   
X X O O   
X X X O O 
X X X O   
      O O 
----------

White 4,2
----------
X X O O   
X X O O   
X X X O O 
X X X O   
    O O O 
----------

Black 4,1
----------
X X O O   
X X O O   
X X X O O 
X X X O   
  X O O O 
----------

White 4,0
----------
    O O   
    O O   
      O O 
      O   
O   O O O 
----------

Black 3,0
----------
    O O   
    O O   
      O O 
X     O   
O   O O O 
----------

White 4,1
----------
    O O   
    O O   
      O O 
X     O   
O O O O O 
----------

Game end.
The winner is O
ta time: 385.2
student time: 13.09
Black(You) lose.
