Wed Oct 28 08:01:39 PDT 2020

==Playing with qlearning_player==
=====Round 1=====
Black:TA White:You
Wed Oct 28 08:01:39 PDT 2020
Clean up...
Start Playing...
Black 1,2
----------
          
    X     
          
          
          
----------

White 3,1
----------
          
    X     
          
  O       
          
----------

Black 2,2
----------
          
    X     
    X     
  O       
          
----------

White 0,3
----------
      O   
    X     
    X     
  O       
          
----------

Black 2,1
----------
      O   
    X     
  X X     
  O       
          
----------

White 1,0
----------
      O   
O   X     
  X X     
  O       
          
----------

Black 2,3
----------
      O   
O   X     
  X X X   
  O       
          
----------

White 3,4
----------
      O   
O   X     
  X X X   
  O     O 
          
----------

Black 3,2
----------
      O   
O   X     
  X X X   
  O X   O 
          
----------

White 4,1
----------
      O   
O   X     
  X X X   
  O X   O 
  O       
----------

Black 3,3
----------
      O   
O   X     
  X X X   
  O X X O 
  O       
----------

White 4,2
----------
      O   
O   X     
  X X X   
  O X X O 
  O O     
----------

Black 2,4
----------
      O   
O   X     
  X X X X 
  O X X O 
  O O     
----------

White 0,0
----------
O     O   
O   X     
  X X X X 
  O X X O 
  O O     
----------

Black 4,4
----------
O     O   
O   X     
  X X X X 
  O X X   
  O O   X 
----------

White 0,4
----------
O     O O 
O   X     
  X X X X 
  O X X   
  O O   X 
----------

Black 2,0
----------
O     O O 
O   X     
X X X X X 
  O X X   
  O O   X 
----------

White 0,1
----------
O O   O O 
O   X     
X X X X X 
  O X X   
  O O   X 
----------

Black 1,1
----------
O O   O O 
O X X     
X X X X X 
  O X X   
  O O   X 
----------

White 3,0
----------
O O   O O 
O X X     
X X X X X 
O O X X   
  O O   X 
----------

Black 0,2
----------
    X O O 
  X X     
X X X X X 
O O X X   
  O O   X 
----------

White 0,1
----------
  O X O O 
  X X     
X X X X X 
O O X X   
  O O   X 
----------

Black 0,0
----------
X   X O O 
  X X     
X X X X X 
O O X X   
  O O   X 
----------

White 1,3
----------
X   X O O 
  X X O   
X X X X X 
O O X X   
  O O   X 
----------

Game end.
The winner is X
ta time: 3.95
student time: 34.13
White(You) lose.
=====Round 2=====
Black:You White:TA
Wed Oct 28 08:02:20 PDT 2020
Clean up...
Start Playing...
Black 2,2
----------
          
          
    X     
          
          
----------

White 2,1
----------
          
          
  O X     
          
          
----------

Black 0,1
----------
  X       
          
  O X     
          
          
----------

White 1,2
----------
  X       
    O     
  O X     
          
          
----------

Black 0,4
----------
  X     X 
    O     
  O X     
          
          
----------

White 3,2
----------
  X     X 
    O     
  O X     
    O     
          
----------

Black 3,0
----------
  X     X 
    O     
  O X     
X   O     
          
----------

White 2,3
----------
  X     X 
    O     
  O   O   
X   O     
          
----------

Black 3,4
----------
  X     X 
    O     
  O   O   
X   O   X 
          
----------

White 2,2
----------
  X     X 
    O     
  O O O   
X   O   X 
          
----------

Black 4,1
----------
  X     X 
    O     
  O O O   
X   O   X 
  X       
----------

White 3,1
----------
  X     X 
    O     
  O O O   
X O O   X 
  X       
----------

Black 0,3
----------
  X   X X 
    O     
  O O O   
X O O   X 
  X       
----------

White 3,3
----------
  X   X X 
    O     
  O O O   
X O O O X 
  X       
----------

Black 1,0
----------
  X   X X 
X   O     
  O O O   
X O O O X 
  X       
----------

White 4,2
----------
  X   X X 
X   O     
  O O O   
X O O O X 
  X O     
----------

Black 4,3
----------
  X   X X 
X   O     
  O O O   
X O O O X 
  X O X   
----------

White 4,0
----------
  X   X X 
X   O     
  O O O   
X O O O X 
O   O X   
----------

Black 0,2
----------
  X X X X 
X   O     
  O O O   
X O O O X 
O   O X   
----------

White 2,0
----------
  X X X X 
X   O     
O O O O   
  O O O X 
O   O X   
----------

Black 1,4
----------
  X X X X 
X   O   X 
O O O O   
  O O O X 
O   O X   
----------

White 4,4
----------
  X X X X 
X   O   X 
O O O O   
  O O O X 
O   O   O 
----------

Black 2,4
----------
  X X X X 
X   O   X 
O O O O X 
  O O O X 
O   O   O 
----------

White 1,3
----------
  X X X X 
X   O O X 
O O O O X 
  O O O X 
O   O   O 
----------

Game end.
The winner is O
ta time: 7.59
student time: 65.04
Black(You) lose.
=====Round 3=====
Black:TA White:You
Wed Oct 28 08:02:58 PDT 2020
Clean up...
Start Playing...
Black 1,2
----------
          
    X     
          
          
          
----------

White 3,1
----------
          
    X     
          
  O       
          
----------

Black 2,2
----------
          
    X     
    X     
  O       
          
----------

White 0,3
----------
      O   
    X     
    X     
  O       
          
----------

Black 2,1
----------
      O   
    X     
  X X     
  O       
          
----------

White 1,0
----------
      O   
O   X     
  X X     
  O       
          
----------

Black 2,3
----------
      O   
O   X     
  X X X   
  O       
          
----------

White 3,4
----------
      O   
O   X     
  X X X   
  O     O 
          
----------

Black 3,2
----------
      O   
O   X     
  X X X   
  O X   O 
          
----------

White 4,1
----------
      O   
O   X     
  X X X   
  O X   O 
  O       
----------

Black 3,3
----------
      O   
O   X     
  X X X   
  O X X O 
  O       
----------

White 4,2
----------
      O   
O   X     
  X X X   
  O X X O 
  O O     
----------

Black 0,2
----------
    X O   
O   X     
  X X X   
  O X X O 
  O O     
----------

White 0,0
----------
O   X O   
O   X     
  X X X   
  O X X O 
  O O     
----------

Black 2,4
----------
O   X O   
O   X     
  X X X X 
  O X X O 
  O O     
----------

White 1,4
----------
O   X O   
O   X   O 
  X X X X 
  O X X O 
  O O     
----------

Black 4,4
----------
O   X O   
O   X   O 
  X X X X 
  O X X   
  O O   X 
----------

White 2,0
----------
O   X O   
O   X   O 
O X X X X 
  O X X   
  O O   X 
----------

Black 1,1
----------
O   X O   
O X X   O 
O X X X X 
  O X X   
  O O   X 
----------

White 0,1
----------
O O X O   
O X X   O 
O X X X X 
  O X X   
  O O   X 
----------

Black 3,0
----------
    X O   
  X X   O 
  X X X X 
X O X X   
  O O   X 
----------

White 0,0
----------
O   X O   
  X X   O 
  X X X X 
X O X X   
  O O   X 
----------

Black 2,0
----------
O   X O   
  X X   O 
X X X X X 
X O X X   
  O O   X 
----------

White 0,1
----------
O O X O   
  X X   O 
X X X X X 
X O X X   
  O O   X 
----------

Game end.
The winner is X
ta time: 11.93
student time: 99.71
White(You) lose.
=====Round 4=====
Black:You White:TA
Wed Oct 28 08:03:40 PDT 2020
Clean up...
Start Playing...
Black 2,2
----------
          
          
    X     
          
          
----------

White 2,1
----------
          
          
  O X     
          
          
----------

Black 0,1
----------
  X       
          
  O X     
          
          
----------

White 1,2
----------
  X       
    O     
  O X     
          
          
----------

Black 0,4
----------
  X     X 
    O     
  O X     
          
          
----------

White 3,2
----------
  X     X 
    O     
  O X     
    O     
          
----------

Black 3,0
----------
  X     X 
    O     
  O X     
X   O     
          
----------

White 2,3
----------
  X     X 
    O     
  O   O   
X   O     
          
----------

Black 3,4
----------
  X     X 
    O     
  O   O   
X   O   X 
          
----------

White 2,2
----------
  X     X 
    O     
  O O O   
X   O   X 
          
----------

Black 4,1
----------
  X     X 
    O     
  O O O   
X   O   X 
  X       
----------

White 3,1
----------
  X     X 
    O     
  O O O   
X O O   X 
  X       
----------

Black 0,3
----------
  X   X X 
    O     
  O O O   
X O O   X 
  X       
----------

White 0,2
----------
  X O X X 
    O     
  O O O   
X O O   X 
  X       
----------

Black 1,0
----------
  X O X X 
X   O     
  O O O   
X O O   X 
  X       
----------

White 4,2
----------
  X O X X 
X   O     
  O O O   
X O O   X 
  X O     
----------

Black 4,3
----------
  X O X X 
X   O     
  O O O   
X O O   X 
  X O X   
----------

White 4,0
----------
  X O X X 
X   O     
  O O O   
X O O   X 
O   O X   
----------

Black 1,3
----------
  X O X X 
X   O X   
  O O O   
X O O   X 
O   O X   
----------

White 1,4
----------
  X O     
X   O   O 
  O O O   
X O O   X 
O   O X   
----------

Black 0,3
----------
  X O X   
X   O   O 
  O O O   
X O O   X 
O   O X   
----------

White 2,0
----------
  X O X   
X   O   O 
O O O O   
  O O   X 
O   O X   
----------

Black 0,4
----------
  X O X X 
X   O   O 
O O O O   
  O O   X 
O   O X   
----------

White 1,3
----------
  X O     
X   O O O 
O O O O   
  O O   X 
O   O X   
----------

Game end.
The winner is O
ta time: 15.76
student time: 131.21
Black(You) lose.
=====Round 5=====
Black:TA White:You
Wed Oct 28 08:04:19 PDT 2020
Clean up...
Start Playing...
Black 1,2
----------
          
    X     
          
          
          
----------

White 3,1
----------
          
    X     
          
  O       
          
----------

Black 2,2
----------
          
    X     
    X     
  O       
          
----------

White 0,3
----------
      O   
    X     
    X     
  O       
          
----------

Black 2,1
----------
      O   
    X     
  X X     
  O       
          
----------

White 1,0
----------
      O   
O   X     
  X X     
  O       
          
----------

Black 3,2
----------
      O   
O   X     
  X X     
  O X     
          
----------

White 3,4
----------
      O   
O   X     
  X X     
  O X   O 
          
----------

Black 2,3
----------
      O   
O   X     
  X X X   
  O X   O 
          
----------

White 4,1
----------
      O   
O   X     
  X X X   
  O X   O 
  O       
----------

Black 2,4
----------
      O   
O   X     
  X X X X 
  O X   O 
  O       
----------

White 0,0
----------
O     O   
O   X     
  X X X X 
  O X   O 
  O       
----------

Black 2,0
----------
O     O   
O   X     
X X X X X 
  O X   O 
  O       
----------

White 0,1
----------
O O   O   
O   X     
X X X X X 
  O X   O 
  O       
----------

Black 0,2
----------
O O X O   
O   X     
X X X X X 
  O X   O 
  O       
----------

White 0,4
----------
O O X O O 
O   X     
X X X X X 
  O X   O 
  O       
----------

Black 1,1
----------
    X O O 
  X X     
X X X X X 
  O X   O 
  O       
----------

White 0,0
----------
O   X O O 
  X X     
X X X X X 
  O X   O 
  O       
----------

Black 3,3
----------
O   X O O 
  X X     
X X X X X 
  O X X O 
  O       
----------

White 4,2
----------
O   X O O 
  X X     
X X X X X 
  O X X O 
  O O     
----------

Black 4,4
----------
O   X O O 
  X X     
X X X X X 
  O X X   
  O O   X 
----------

White 0,1
----------
O O X O O 
  X X     
X X X X X 
  O X X   
  O O   X 
----------

Black 1,0
----------
    X O O 
X X X     
X X X X X 
  O X X   
  O O   X 
----------

White 0,0
----------
O   X O O 
X X X     
X X X X X 
  O X X   
  O O   X 
----------

Game end.
The winner is X
ta time: 19.76
student time: 168.24
White(You) lose.
=====Round 6=====
Black:You White:TA
Wed Oct 28 08:05:03 PDT 2020
Clean up...
Start Playing...
Black 2,2
----------
          
          
    X     
          
          
----------

White 2,1
----------
          
          
  O X     
          
          
----------

Black 0,1
----------
  X       
          
  O X     
          
          
----------

White 1,2
----------
  X       
    O     
  O X     
          
          
----------

Black 0,4
----------
  X     X 
    O     
  O X     
          
          
----------

White 3,2
----------
  X     X 
    O     
  O X     
    O     
          
----------

Black 3,0
----------
  X     X 
    O     
  O X     
X   O     
          
----------

White 2,3
----------
  X     X 
    O     
  O   O   
X   O     
          
----------

Black 3,4
----------
  X     X 
    O     
  O   O   
X   O   X 
          
----------

White 2,2
----------
  X     X 
    O     
  O O O   
X   O   X 
          
----------

Black 4,1
----------
  X     X 
    O     
  O O O   
X   O   X 
  X       
----------

White 3,1
----------
  X     X 
    O     
  O O O   
X O O   X 
  X       
----------

Black 0,3
----------
  X   X X 
    O     
  O O O   
X O O   X 
  X       
----------

White 1,1
----------
  X   X X 
  O O     
  O O O   
X O O   X 
  X       
----------

Black 0,0
----------
X X   X X 
  O O     
  O O O   
X O O   X 
  X       
----------

White 2,4
----------
X X   X X 
  O O     
  O O O O 
X O O   X 
  X       
----------

Black 4,2
----------
X X   X X 
  O O     
  O O O O 
X O O   X 
  X X     
----------

White 2,0
----------
X X   X X 
  O O     
O O O O O 
X O O   X 
  X X     
----------

Black 0,2
----------
X X X X X 
  O O     
O O O O O 
X O O   X 
  X X     
----------

White 4,0
----------
X X X X X 
  O O     
O O O O O 
  O O   X 
O X X     
----------

Black 4,3
----------
X X X X X 
  O O     
O O O O O 
  O O   X 
O X X X   
----------

White 1,3
----------
X X X X X 
  O O O   
O O O O O 
  O O   X 
O X X X   
----------

Black 1,0
----------
X X X X X 
X O O O   
O O O O O 
  O O   X 
O X X X   
----------

White 1,4
----------
          
  O O O O 
O O O O O 
  O O   X 
O X X X   
----------

Game end.
The winner is O
ta time: 23.54
student time: 199.08
Black(You) lose.
=====Round 7=====
Black:TA White:You
Wed Oct 28 08:05:41 PDT 2020
Clean up...
Start Playing...
Black 1,2
----------
          
    X     
          
          
          
----------

White 3,1
----------
          
    X     
          
  O       
          
----------

Black 2,2
----------
          
    X     
    X     
  O       
          
----------

White 0,3
----------
      O   
    X     
    X     
  O       
          
----------

Black 2,1
----------
      O   
    X     
  X X     
  O       
          
----------

White 1,0
----------
      O   
O   X     
  X X     
  O       
          
----------

Black 2,3
----------
      O   
O   X     
  X X X   
  O       
          
----------

White 3,4
----------
      O   
O   X     
  X X X   
  O     O 
          
----------

Black 3,2
----------
      O   
O   X     
  X X X   
  O X   O 
          
----------

White 4,1
----------
      O   
O   X     
  X X X   
  O X   O 
  O       
----------

Black 2,0
----------
      O   
O   X     
X X X X   
  O X   O 
  O       
----------

White 0,0
----------
O     O   
O   X     
X X X X   
  O X   O 
  O       
----------

Black 4,2
----------
O     O   
O   X     
X X X X   
  O X   O 
  O X     
----------

White 0,1
----------
O O   O   
O   X     
X X X X   
  O X   O 
  O X     
----------

Black 1,3
----------
O O   O   
O   X X   
X X X X   
  O X   O 
  O X     
----------

White 0,4
----------
O O   O O 
O   X X   
X X X X   
  O X   O 
  O X     
----------

Black 2,4
----------
O O   O O 
O   X X   
X X X X X 
  O X   O 
  O X     
----------

White 3,3
----------
O O   O O 
O   X X   
X X X X X 
  O X O O 
  O X     
----------

Black 0,2
----------
O O X O O 
O   X X   
X X X X X 
  O X O O 
  O X     
----------

White 3,0
----------
O O X O O 
O   X X   
X X X X X 
O O X O O 
  O X     
----------

Black 1,1
----------
    X O O 
  X X X   
X X X X X 
O O X O O 
  O X     
----------

White 0,1
----------
  O X O O 
  X X X   
X X X X X 
O O X O O 
  O X     
----------

Black 4,0
----------
  O X O O 
  X X X   
X X X X X 
    X O O 
X   X     
----------

White 0,0
----------
O O X O O 
  X X X   
X X X X X 
    X O O 
X   X     
----------

Game end.
The winner is X
ta time: 27.35
student time: 232.58
White(You) lose.
=====Round 8=====
Black:You White:TA
Wed Oct 28 08:06:21 PDT 2020
Clean up...
Start Playing...
Black 2,2
----------
          
          
    X     
          
          
----------

White 2,1
----------
          
          
  O X     
          
          
----------

Black 0,1
----------
  X       
          
  O X     
          
          
----------

White 1,2
----------
  X       
    O     
  O X     
          
          
----------

Black 0,4
----------
  X     X 
    O     
  O X     
          
          
----------

White 3,2
----------
  X     X 
    O     
  O X     
    O     
          
----------

Black 3,0
----------
  X     X 
    O     
  O X     
X   O     
          
----------

White 2,3
----------
  X     X 
    O     
  O   O   
X   O     
          
----------

Black 3,4
----------
  X     X 
    O     
  O   O   
X   O   X 
          
----------

White 2,2
----------
  X     X 
    O     
  O O O   
X   O   X 
          
----------

Black 4,1
----------
  X     X 
    O     
  O O O   
X   O   X 
  X       
----------

White 1,1
----------
  X     X 
  O O     
  O O O   
X   O   X 
  X       
----------

Black 0,0
----------
X X     X 
  O O     
  O O O   
X   O   X 
  X       
----------

White 2,0
----------
X X     X 
  O O     
O O O O   
X   O   X 
  X       
----------

Black 0,3
----------
X X   X X 
  O O     
O O O O   
X   O   X 
  X       
----------

White 3,1
----------
X X   X X 
  O O     
O O O O   
X O O   X 
  X       
----------

Black 4,2
----------
X X   X X 
  O O     
O O O O   
X O O   X 
  X X     
----------

White 4,0
----------
X X   X X 
  O O     
O O O O   
  O O   X 
O X X     
----------

Black 0,2
----------
X X X X X 
  O O     
O O O O   
  O O   X 
O X X     
----------

White 4,3
----------
X X X X X 
  O O     
O O O O   
  O O   X 
O     O   
----------

Black 4,1
----------
X X X X X 
  O O     
O O O O   
  O O   X 
O X   O   
----------

White 4,2
----------
X X X X X 
  O O     
O O O O   
  O O   X 
O   O O   
----------

Black 2,4
----------
X X X X X 
  O O     
O O O O X 
  O O   X 
O   O O   
----------

White 1,3
----------
X X X X X 
  O O O   
O O O O X 
  O O   X 
O   O O   
----------

Game end.
The winner is O
ta time: 30.97
student time: 264.98
Black(You) lose.
=====Round 9=====
Black:TA White:You
Wed Oct 28 08:07:00 PDT 2020
Clean up...
Start Playing...
Black 1,2
----------
          
    X     
          
          
          
----------

White 3,1
----------
          
    X     
          
  O       
          
----------

Black 2,2
----------
          
    X     
    X     
  O       
          
----------

White 0,3
----------
      O   
    X     
    X     
  O       
          
----------

Black 2,1
----------
      O   
    X     
  X X     
  O       
          
----------

White 1,0
----------
      O   
O   X     
  X X     
  O       
          
----------

Black 3,2
----------
      O   
O   X     
  X X     
  O X     
          
----------

White 3,4
----------
      O   
O   X     
  X X     
  O X   O 
          
----------

Black 2,3
----------
      O   
O   X     
  X X X   
  O X   O 
          
----------

White 4,1
----------
      O   
O   X     
  X X X   
  O X   O 
  O       
----------

Black 4,2
----------
      O   
O   X     
  X X X   
  O X   O 
  O X     
----------

White 0,0
----------
O     O   
O   X     
  X X X   
  O X   O 
  O X     
----------

Black 1,1
----------
O     O   
O X X     
  X X X   
  O X   O 
  O X     
----------

White 0,1
----------
O O   O   
O X X     
  X X X   
  O X   O 
  O X     
----------

Black 2,4
----------
O O   O   
O X X     
  X X X X 
  O X   O 
  O X     
----------

White 0,2
----------
O O O O   
O X X     
  X X X X 
  O X   O 
  O X     
----------

Black 2,0
----------
O O O O   
O X X     
X X X X X 
  O X   O 
  O X     
----------

White 1,4
----------
O O O O   
O X X   O 
X X X X X 
  O X   O 
  O X     
----------

Black 1,3
----------
O O O O   
O X X X O 
X X X X X 
  O X   O 
  O X     
----------

White 3,0
----------
O O O O   
O X X X O 
X X X X X 
O O X   O 
  O X     
----------

Black 0,4
----------
        X 
  X X X   
X X X X X 
O O X   O 
  O X     
----------

White 0,0
----------
O       X 
  X X X   
X X X X X 
O O X   O 
  O X     
----------

Black 4,0
----------
O       X 
  X X X   
X X X X X 
    X   O 
X   X     
----------

White 3,1
----------
O       X 
  X X X   
X X X X X 
  O X   O 
X   X     
----------

Game end.
The winner is X
ta time: 34.78
student time: 301.17
White(You) lose.
=====Round 10=====
Black:You White:TA
Wed Oct 28 08:07:44 PDT 2020
Clean up...
Start Playing...
Black 2,2
----------
          
          
    X     
          
          
----------

White 2,1
----------
          
          
  O X     
          
          
----------

Black 0,1
----------
  X       
          
  O X     
          
          
----------

White 1,2
----------
  X       
    O     
  O X     
          
          
----------

Black 0,4
----------
  X     X 
    O     
  O X     
          
          
----------

White 3,2
----------
  X     X 
    O     
  O X     
    O     
          
----------

Black 3,0
----------
  X     X 
    O     
  O X     
X   O     
          
----------

White 2,3
----------
  X     X 
    O     
  O   O   
X   O     
          
----------

Black 3,4
----------
  X     X 
    O     
  O   O   
X   O   X 
          
----------

White 2,2
----------
  X     X 
    O     
  O O O   
X   O   X 
          
----------

Black 4,1
----------
  X     X 
    O     
  O O O   
X   O   X 
  X       
----------

White 1,1
----------
  X     X 
  O O     
  O O O   
X   O   X 
  X       
----------

Black 0,0
----------
X X     X 
  O O     
  O O O   
X   O   X 
  X       
----------

White 0,2
----------
X X O   X 
  O O     
  O O O   
X   O   X 
  X       
----------

Black 0,3
----------
X X O X X 
  O O     
  O O O   
X   O   X 
  X       
----------

White 1,0
----------
    O X X 
O O O     
  O O O   
X   O   X 
  X       
----------

Black 0,0
----------
X   O X X 
O O O     
  O O O   
X   O   X 
  X       
----------

White 0,1
----------
  O O X X 
O O O     
  O O O   
X   O   X 
  X       
----------

Black 4,2
----------
  O O X X 
O O O     
  O O O   
X   O   X 
  X X     
----------

White 2,4
----------
  O O X X 
O O O     
  O O O O 
X   O   X 
  X X     
----------

Black 1,3
----------
  O O X X 
O O O X   
  O O O O 
X   O   X 
  X X     
----------

White 1,4
----------
  O O     
O O O   O 
  O O O O 
X   O   X 
  X X     
----------

Black 0,3
----------
  O O X   
O O O   O 
  O O O O 
X   O   X 
  X X     
----------

White 3,1
----------
  O O X   
O O O   O 
  O O O O 
X O O   X 
  X X     
----------

Game end.
The winner is O
ta time: 38.18
student time: 336.35
Black(You) lose.

==Playing with championship_player==
=====Round 1=====
Black:TA White:You
Wed Oct 28 08:08:26 PDT 2020
Clean up...
Start Playing...
Black 2,2
----------
          
          
    X     
          
          
----------

White 1,1
----------
          
  O       
    X     
          
          
----------

Black 1,2
----------
          
  O X     
    X     
          
          
----------

White 3,3
----------
          
  O X     
    X     
      O   
          
----------

Black 3,2
----------
          
  O X     
    X     
    X O   
          
----------

White 0,3
----------
      O   
  O X     
    X     
    X O   
          
----------

Black 0,2
----------
    X O   
  O X     
    X     
    X O   
          
----------

White 3,0
----------
    X O   
  O X     
    X     
O   X O   
          
----------

Black 2,3
----------
    X O   
  O X     
    X X   
O   X O   
          
----------

White 1,4
----------
    X O   
  O X   O 
    X X   
O   X O   
          
----------

Black 4,2
----------
    X O   
  O X   O 
    X X   
O   X O   
    X     
----------

White 0,0
----------
O   X O   
  O X   O 
    X X   
O   X O   
    X     
----------

Black 2,4
----------
O   X O   
  O X   O 
    X X X 
O   X O   
    X     
----------

White 3,1
----------
O   X O   
  O X   O 
    X X X 
O O X O   
    X     
----------

Black 2,1
----------
O   X O   
  O X   O 
  X X X X 
O O X O   
    X     
----------

White 0,1
----------
O O X O   
  O X   O 
  X X X X 
O O X O   
    X     
----------

Black 2,0
----------
O O X O   
  O X   O 
X X X X X 
O O X O   
    X     
----------

White 3,4
----------
O O X O   
  O X   O 
X X X X X 
O O X O O 
    X     
----------

Black 1,3
----------
O O X O   
  O X X O 
X X X X X 
O O X O O 
    X     
----------

White 4,0
----------
O O X O   
  O X X O 
X X X X X 
O O X O O 
O   X     
----------

Black 4,1
----------
O O X O   
  O X X O 
X X X X X 
    X O O 
  X X     
----------

White 3,0
----------
O O X O   
  O X X O 
X X X X X 
O   X O O 
  X X     
----------

Black 1,0
----------
    X O   
X   X X O 
X X X X X 
O   X O O 
  X X     
----------

White 3,1
----------
    X O   
X   X X O 
X X X X X 
O O X O O 
  X X     
----------

Game end.
The winner is X
ta time: 69.79
student time: 372.29
White(You) lose.
=====Round 2=====
Black:You White:TA
Wed Oct 28 08:09:27 PDT 2020
Clean up...
Start Playing...
Black 2,2
----------
          
          
    X     
          
          
----------

White 3,2
----------
          
          
    X     
    O     
          
----------

Black 3,0
----------
          
          
    X     
X   O     
          
----------

White 3,1
----------
          
          
    X     
X O O     
          
----------

Black 0,0
----------
X         
          
    X     
X O O     
          
----------

White 2,1
----------
X         
          
  O X     
X O O     
          
----------

Black 0,4
----------
X       X 
          
  O X     
X O O     
          
----------

White 3,3
----------
X       X 
          
  O X     
X O O O   
          
----------

Black 4,2
----------
X       X 
          
  O X     
X O O O   
    X     
----------

White 1,1
----------
X       X 
  O       
  O X     
X O O O   
    X     
----------

Black 3,4
----------
X       X 
  O       
  O X     
X O O O X 
    X     
----------

White 0,1
----------
X O     X 
  O       
  O X     
X O O O X 
    X     
----------

Black 0,2
----------
X O X   X 
  O       
  O X     
X O O O X 
    X     
----------

White 1,0
----------
  O X   X 
O O       
  O X     
X O O O X 
    X     
----------

Black 0,3
----------
  O X X X 
O O       
  O X     
X O O O X 
    X     
----------

White 2,3
----------
  O X X X 
O O       
  O X O   
X O O O X 
    X     
----------

Black 1,2
----------
  O X X X 
O O X     
  O X O   
X O O O X 
    X     
----------

White 2,4
----------
  O X X X 
O O X     
  O X O O 
X O O O X 
    X     
----------

Black 1,3
----------
  O X X X 
O O X X   
  O X O O 
X O O O X 
    X     
----------

White 1,4
----------
  O       
O O     O 
  O   O O 
X O O O X 
    X     
----------

Black 0,2
----------
  O X     
O O     O 
  O   O O 
X O O O X 
    X     
----------

White 0,3
----------
  O X O   
O O     O 
  O   O O 
X O O O X 
    X     
----------

Black 1,2
----------
  O X O   
O O X   O 
  O   O O 
X O O O X 
    X     
----------

White 1,3
----------
  O X O   
O O X O O 
  O   O O 
X O O O X 
    X     
----------

Game end.
The winner is O
ta time: 103.4
student time: 408.41
Black(You) lose.
=====Round 3=====
Black:TA White:You
Wed Oct 28 08:10:29 PDT 2020
Clean up...
Start Playing...
Black 2,2
----------
          
          
    X     
          
          
----------

White 1,1
----------
          
  O       
    X     
          
          
----------

Black 2,1
----------
          
  O       
  X X     
          
          
----------

White 3,3
----------
          
  O       
  X X     
      O   
          
----------

Black 2,3
----------
          
  O       
  X X X   
      O   
          
----------

White 0,3
----------
      O   
  O       
  X X X   
      O   
          
----------

Black 2,0
----------
      O   
  O       
X X X X   
      O   
          
----------

White 4,1
----------
      O   
  O       
X X X X   
      O   
  O       
----------

Black 2,4
----------
      O   
  O       
X X X X X 
      O   
  O       
----------

White 0,0
----------
O     O   
  O       
X X X X X 
      O   
  O       
----------

Black 1,2
----------
O     O   
  O X     
X X X X X 
      O   
  O       
----------

White 3,4
----------
O     O   
  O X     
X X X X X 
      O O 
  O       
----------

Black 3,2
----------
O     O   
  O X     
X X X X X 
    X O O 
  O       
----------

White 0,1
----------
O O   O   
  O X     
X X X X X 
    X O O 
  O       
----------

Black 0,2
----------
O O X O   
  O X     
X X X X X 
    X O O 
  O       
----------

White 0,4
----------
O O X O O 
  O X     
X X X X X 
    X O O 
  O       
----------

Black 4,2
----------
O O X O O 
  O X     
X X X X X 
    X O O 
  O X     
----------

White 3,0
----------
O O X O O 
  O X     
X X X X X 
O   X O O 
  O X     
----------

Black 1,4
----------
O O X O O 
  O X   X 
X X X X X 
O   X O O 
  O X     
----------

White 3,1
----------
O O X O O 
  O X   X 
X X X X X 
O O X O O 
  O X     
----------

Black 4,0
----------
O O X O O 
  O X   X 
X X X X X 
    X O O 
X   X     
----------

White 3,0
----------
O O X O O 
  O X   X 
X X X X X 
O   X O O 
X   X     
----------

Black 3,1
----------
O O X O O 
  O X   X 
X X X X X 
  X X O O 
X   X     
----------

White 4,3
----------
O O X O O 
  O X   X 
X X X X X 
  X X O O 
X   X O   
----------

Game end.
The winner is X
ta time: 135.62
student time: 441.91
White(You) lose.
=====Round 4=====
Black:You White:TA
Wed Oct 28 08:11:26 PDT 2020
Clean up...
Start Playing...
Black 2,2
----------
          
          
    X     
          
          
----------

White 3,2
----------
          
          
    X     
    O     
          
----------

Black 3,0
----------
          
          
    X     
X   O     
          
----------

White 3,1
----------
          
          
    X     
X O O     
          
----------

Black 0,0
----------
X         
          
    X     
X O O     
          
----------

White 2,1
----------
X         
          
  O X     
X O O     
          
----------

Black 0,4
----------
X       X 
          
  O X     
X O O     
          
----------

White 3,3
----------
X       X 
          
  O X     
X O O O   
          
----------

Black 4,2
----------
X       X 
          
  O X     
X O O O   
    X     
----------

White 4,1
----------
X       X 
          
  O X     
X O O O   
  O X     
----------

Black 3,4
----------
X       X 
          
  O X     
X O O O X 
  O X     
----------

White 4,3
----------
X       X 
          
  O X     
X O O O X 
  O   O   
----------

Black 0,1
----------
X X     X 
          
  O X     
X O O O X 
  O   O   
----------

White 1,1
----------
X X     X 
  O       
  O X     
X O O O X 
  O   O   
----------

Black 0,2
----------
X X X   X 
  O       
  O X     
X O O O X 
  O   O   
----------

White 4,4
----------
X X X   X 
  O       
  O X     
X O O O X 
  O   O O 
----------

Black 0,3
----------
X X X X X 
  O       
  O X     
X O O O X 
  O   O O 
----------

White 2,4
----------
X X X X X 
  O       
  O X   O 
X O O O   
  O   O O 
----------

Black 1,0
----------
X X X X X 
X O       
  O X   O 
X O O O   
  O   O O 
----------

White 2,0
----------
X X X X X 
X O       
O O X   O 
X O O O   
  O   O O 
----------

Black 1,2
----------
X X X X X 
X O X     
O O X   O 
X O O O   
  O   O O 
----------

White 1,4
----------
X X X X X 
X O X   O 
O O X   O 
X O O O   
  O   O O 
----------

Black 1,3
----------
X X X X X 
X O X X O 
O O X   O 
X O O O   
  O   O O 
----------

White 2,3
----------
          
  O     O 
O O   O O 
X O O O   
  O   O O 
----------

Game end.
The winner is O
ta time: 166.73
student time: 472.24
Black(You) lose.
=====Round 5=====
Black:TA White:You
Wed Oct 28 08:12:21 PDT 2020
Clean up...
Start Playing...
Black 2,2
----------
          
          
    X     
          
          
----------

White 1,1
----------
          
  O       
    X     
          
          
----------

Black 2,1
----------
          
  O       
  X X     
          
          
----------

White 3,3
----------
          
  O       
  X X     
      O   
          
----------

Black 2,3
----------
          
  O       
  X X X   
      O   
          
----------

White 0,3
----------
      O   
  O       
  X X X   
      O   
          
----------

Black 2,0
----------
      O   
  O       
X X X X   
      O   
          
----------

White 4,1
----------
      O   
  O       
X X X X   
      O   
  O       
----------

Black 2,4
----------
      O   
  O       
X X X X X 
      O   
  O       
----------

White 0,0
----------
O     O   
  O       
X X X X X 
      O   
  O       
----------

Black 1,2
----------
O     O   
  O X     
X X X X X 
      O   
  O       
----------

White 3,4
----------
O     O   
  O X     
X X X X X 
      O O 
  O       
----------

Black 3,2
----------
O     O   
  O X     
X X X X X 
    X O O 
  O       
----------

White 0,1
----------
O O   O   
  O X     
X X X X X 
    X O O 
  O       
----------

Black 0,2
----------
O O X O   
  O X     
X X X X X 
    X O O 
  O       
----------

White 0,4
----------
O O X O O 
  O X     
X X X X X 
    X O O 
  O       
----------

Black 4,2
----------
O O X O O 
  O X     
X X X X X 
    X O O 
  O X     
----------

White 3,0
----------
O O X O O 
  O X     
X X X X X 
O   X O O 
  O X     
----------

Black 1,3
----------
O O X O O 
  O X X   
X X X X X 
O   X O O 
  O X     
----------

White 3,1
----------
O O X O O 
  O X X   
X X X X X 
O O X O O 
  O X     
----------

Black 4,0
----------
O O X O O 
  O X X   
X X X X X 
    X O O 
X   X     
----------

White 3,0
----------
O O X O O 
  O X X   
X X X X X 
O   X O O 
X   X     
----------

Black 3,1
----------
O O X O O 
  O X X   
X X X X X 
  X X O O 
X   X     
----------

White 4,3
----------
O O X O O 
  O X X   
X X X X X 
  X X O O 
X   X O   
----------

Game end.
The winner is X
ta time: 201.78
student time: 506.71
White(You) lose.
=====Round 6=====
Black:You White:TA
Wed Oct 28 08:13:21 PDT 2020
Clean up...
Start Playing...
Black 2,2
----------
          
          
    X     
          
          
----------

White 1,2
----------
          
    O     
    X     
          
          
----------

Black 0,1
----------
  X       
    O     
    X     
          
          
----------

White 1,1
----------
  X       
  O O     
    X     
          
          
----------

Black 0,4
----------
  X     X 
  O O     
    X     
          
          
----------

White 1,3
----------
  X     X 
  O O O   
    X     
          
          
----------

Black 3,0
----------
  X     X 
  O O O   
    X     
X         
          
----------

White 2,3
----------
  X     X 
  O O O   
    X O   
X         
          
----------

Black 3,4
----------
  X     X 
  O O O   
    X O   
X       X 
          
----------

White 3,3
----------
  X     X 
  O O O   
    X O   
X     O X 
          
----------

Black 4,2
----------
  X     X 
  O O O   
    X O   
X     O X 
    X     
----------

White 1,4
----------
  X     X 
  O O O O 
    X O   
X     O X 
    X     
----------

Black 0,0
----------
X X     X 
  O O O O 
    X O   
X     O X 
    X     
----------

White 0,3
----------
X X   O   
  O O O O 
    X O   
X     O X 
    X     
----------

Black 0,2
----------
X X X O   
  O O O O 
    X O   
X     O X 
    X     
----------

White 4,3
----------
X X X O   
  O O O O 
    X O   
X     O X 
    X O   
----------

Black 1,0
----------
X X X O   
X O O O O 
    X O   
X     O X 
    X O   
----------

White 2,0
----------
      O   
  O O O O 
O   X O   
X     O X 
    X O   
----------

Black 0,0
----------
X     O   
  O O O O 
O   X O   
X     O X 
    X O   
----------

White 2,1
----------
X     O   
  O O O O 
O O X O   
X     O X 
    X O   
----------

Black 0,1
----------
X X   O   
  O O O O 
O O X O   
X     O X 
    X O   
----------

White 2,4
----------
X X   O   
  O O O O 
O O X O O 
X     O X 
    X O   
----------

Black 4,1
----------
X X   O   
  O O O O 
O O X O O 
X     O X 
  X X O   
----------

White 4,4
----------
X X   O   
  O O O O 
O O X O O 
X     O   
  X X O O 
----------

Game end.
The winner is O
ta time: 236.34
student time: 543.61
Black(You) lose.
=====Round 7=====
Black:TA White:You
Wed Oct 28 08:14:24 PDT 2020
Clean up...
Start Playing...
Black 2,2
----------
          
          
    X     
          
          
----------

White 1,1
----------
          
  O       
    X     
          
          
----------

Black 2,1
----------
          
  O       
  X X     
          
          
----------

White 3,3
----------
          
  O       
  X X     
      O   
          
----------

Black 2,3
----------
          
  O       
  X X X   
      O   
          
----------

White 0,3
----------
      O   
  O       
  X X X   
      O   
          
----------

Black 1,2
----------
      O   
  O X     
  X X X   
      O   
          
----------

White 3,0
----------
      O   
  O X     
  X X X   
O     O   
          
----------

Black 2,0
----------
      O   
  O X     
X X X X   
O     O   
          
----------

White 1,4
----------
      O   
  O X   O 
X X X X   
O     O   
          
----------

Black 2,4
----------
      O   
  O X   O 
X X X X X 
O     O   
          
----------

White 0,0
----------
O     O   
  O X   O 
X X X X X 
O     O   
          
----------

Black 1,0
----------
O     O   
X O X   O 
X X X X X 
O     O   
          
----------

White 3,1
----------
O     O   
X O X   O 
X X X X X 
O O   O   
          
----------

Black 0,1
----------
  X   O   
X   X   O 
X X X X X 
O O   O   
          
----------

White 4,3
----------
  X   O   
X   X   O 
X X X X X 
O O   O   
      O   
----------

Black 3,2
----------
  X   O   
X   X   O 
X X X X X 
O O X O   
      O   
----------

White 0,2
----------
  X O O   
X   X   O 
X X X X X 
O O X O   
      O   
----------

Black 1,1
----------
  X O O   
X X X   O 
X X X X X 
O O X O   
      O   
----------

White 0,4
----------
  X O O O 
X X X   O 
X X X X X 
O O X O   
      O   
----------

Black 1,3
----------
  X       
X X X X   
X X X X X 
O O X O   
      O   
----------

White 0,3
----------
  X   O   
X X X X   
X X X X X 
O O X O   
      O   
----------

Black 1,4
----------
  X   O   
X X X X X 
X X X X X 
O O X O   
      O   
----------

White 0,2
----------
  X O O   
X X X X X 
X X X X X 
O O X O   
      O   
----------

Game end.
The winner is X
ta time: 264.88
student time: 584.21
White(You) lose.
=====Round 8=====
Black:You White:TA
Wed Oct 28 08:15:28 PDT 2020
Clean up...
Start Playing...
Black 2,2
----------
          
          
    X     
          
          
----------

White 2,1
----------
          
          
  O X     
          
          
----------

Black 0,1
----------
  X       
          
  O X     
          
          
----------

White 3,2
----------
  X       
          
  O X     
    O     
          
----------

Black 1,4
----------
  X       
        X 
  O X     
    O     
          
----------

White 3,1
----------
  X       
        X 
  O X     
  O O     
          
----------

Black 4,3
----------
  X       
        X 
  O X     
  O O     
      X   
----------

White 3,3
----------
  X       
        X 
  O X     
  O O O   
      X   
----------

Black 3,0
----------
  X       
        X 
  O X     
X O O O   
      X   
----------

White 1,1
----------
  X       
  O     X 
  O X     
X O O O   
      X   
----------

Black 0,0
----------
X X       
  O     X 
  O X     
X O O O   
      X   
----------

White 1,2
----------
X X       
  O O   X 
  O X     
X O O O   
      X   
----------

Black 0,2
----------
X X X     
  O O   X 
  O X     
X O O O   
      X   
----------

White 2,3
----------
X X X     
  O O   X 
  O   O   
X O O O   
      X   
----------

Black 2,4
----------
X X X     
  O O   X 
  O   O X 
X O O O   
      X   
----------

White 0,3
----------
X X X O   
  O O   X 
  O   O X 
X O O O   
      X   
----------

Black 0,4
----------
X X X O X 
  O O   X 
  O   O X 
X O O O   
      X   
----------

White 1,0
----------
      O X 
O O O   X 
  O   O X 
X O O O   
      X   
----------

Black 0,1
----------
  X   O X 
O O O   X 
  O   O X 
X O O O   
      X   
----------

White 1,3
----------
  X   O X 
O O O O X 
  O   O X 
X O O O   
      X   
----------

Black 0,0
----------
X X   O X 
O O O O X 
  O   O X 
X O O O   
      X   
----------

White 3,4
----------
X X   O   
O O O O   
  O   O   
X O O O O 
      X   
----------

Black 4,1
----------
X X   O   
O O O O   
  O   O   
X O O O O 
  X   X   
----------

White 4,2
----------
X X   O   
O O O O   
  O   O   
X O O O O 
  X O X   
----------

Game end.
The winner is O
ta time: 293.44
student time: 618.79
Black(You) lose.
=====Round 9=====
Black:TA White:You
Wed Oct 28 08:16:27 PDT 2020
Clean up...
Start Playing...
Black 2,2
----------
          
          
    X     
          
          
----------

White 1,1
----------
          
  O       
    X     
          
          
----------

Black 2,1
----------
          
  O       
  X X     
          
          
----------

White 3,3
----------
          
  O       
  X X     
      O   
          
----------

Black 2,3
----------
          
  O       
  X X X   
      O   
          
----------

White 0,3
----------
      O   
  O       
  X X X   
      O   
          
----------

Black 2,4
----------
      O   
  O       
  X X X X 
      O   
          
----------

White 3,0
----------
      O   
  O       
  X X X X 
O     O   
          
----------

Black 2,0
----------
      O   
  O       
X X X X X 
O     O   
          
----------

White 4,3
----------
      O   
  O       
X X X X X 
O     O   
      O   
----------

Black 1,2
----------
      O   
  O X     
X X X X X 
O     O   
      O   
----------

White 0,0
----------
O     O   
  O X     
X X X X X 
O     O   
      O   
----------

Black 1,0
----------
O     O   
X O X     
X X X X X 
O     O   
      O   
----------

White 0,1
----------
O O   O   
X O X     
X X X X X 
O     O   
      O   
----------

Black 0,2
----------
    X O   
X   X     
X X X X X 
O     O   
      O   
----------

White 0,1
----------
  O X O   
X   X     
X X X X X 
O     O   
      O   
----------

Black 0,0
----------
X O X O   
X   X     
X X X X X 
O     O   
      O   
----------

White 0,4
----------
X O X O O 
X   X     
X X X X X 
O     O   
      O   
----------

Black 1,1
----------
X   X O O 
X X X     
X X X X X 
O     O   
      O   
----------

White 4,1
----------
X   X O O 
X X X     
X X X X X 
O     O   
  O   O   
----------

Black 1,3
----------
X   X O O 
X X X X   
X X X X X 
O     O   
  O   O   
----------

White 3,4
----------
X   X O O 
X X X X   
X X X X X 
O     O O 
  O   O   
----------

Black 3,2
----------
X   X O O 
X X X X   
X X X X X 
O   X O O 
  O   O   
----------

White 4,2
----------
X   X O O 
X X X X   
X X X X X 
O   X O O 
  O O O   
----------

Game end.
The winner is X
ta time: 323.47
student time: 656.96
White(You) lose.
=====Round 10=====
Black:You White:TA
Wed Oct 28 08:17:29 PDT 2020
Clean up...
Start Playing...
Black 2,2
----------
          
          
    X     
          
          
----------

White 2,1
----------
          
          
  O X     
          
          
----------

Black 0,1
----------
  X       
          
  O X     
          
          
----------

White 3,2
----------
  X       
          
  O X     
    O     
          
----------

Black 1,4
----------
  X       
        X 
  O X     
    O     
          
----------

White 3,1
----------
  X       
        X 
  O X     
  O O     
          
----------

Black 4,3
----------
  X       
        X 
  O X     
  O O     
      X   
----------

White 3,3
----------
  X       
        X 
  O X     
  O O O   
      X   
----------

Black 3,0
----------
  X       
        X 
  O X     
X O O O   
      X   
----------

White 2,3
----------
  X       
        X 
  O X O   
X O O O   
      X   
----------

Black 2,4
----------
  X       
        X 
  O X O X 
X O O O   
      X   
----------

White 1,2
----------
  X       
    O   X 
  O   O X 
X O O O   
      X   
----------

Black 4,0
----------
  X       
    O   X 
  O   O X 
X O O O   
X     X   
----------

White 3,4
----------
  X       
    O   X 
  O   O X 
X O O O O 
X     X   
----------

Black 0,0
----------
X X       
    O   X 
  O   O X 
X O O O O 
X     X   
----------

White 4,2
----------
X X       
    O   X 
  O   O X 
X O O O O 
X   O X   
----------

Black 0,2
----------
X X X     
    O   X 
  O   O X 
X O O O O 
X   O X   
----------

White 0,3
----------
X X X O   
    O   X 
  O   O X 
X O O O O 
X   O X   
----------

Black 2,0
----------
X X X O   
    O   X 
X O   O X 
X O O O O 
X   O X   
----------

White 1,3
----------
X X X O   
    O O X 
X O   O X 
X O O O O 
X   O X   
----------

Black 1,1
----------
X X X O   
  X O O X 
X O   O X 
X O O O O 
X   O X   
----------

White 1,0
----------
      O   
O   O O X 
X O   O X 
X O O O O 
X   O X   
----------

Black 1,1
----------
      O   
O X O O X 
X O   O X 
X O O O O 
X   O X   
----------

White 4,1
----------
      O   
O X O O X 
  O   O X 
  O O O O 
  O O X   
----------

Game end.
The winner is O
ta time: 355.71
student time: 691.37
Black(You) lose.
