Thu Oct 29 14:22:10 PDT 2020

==Playing with qlearning_player==
=====Round 1=====
Black:TA White:You
Thu Oct 29 14:22:10 PDT 2020
Clean up...
Start Playing...
Black 1,2
----------
          
    X     
          
          
          
----------

White 0,0
----------
O         
    X     
          
          
          
----------

Black 2,2
----------
O         
    X     
    X     
          
          
----------

White 0,1
----------
O O       
    X     
    X     
          
          
----------

Black 3,2
----------
O O       
    X     
    X     
    X     
          
----------

White 1,1
----------
O O       
  O X     
    X     
    X     
          
----------

Black 2,3
----------
O O       
  O X     
    X X   
    X     
          
----------

White 2,1
----------
O O       
  O X     
  O X X   
    X     
          
----------

Black 3,3
----------
O O       
  O X     
  O X X   
    X X   
          
----------

White 3,1
----------
O O       
  O X     
  O X X   
  O X X   
          
----------

Black 2,4
----------
O O       
  O X     
  O X X X 
  O X X   
          
----------

White 4,1
----------
O O       
  O X     
  O X X X 
  O X X   
  O       
----------

Black 2,0
----------
O O       
  O X     
X O X X X 
  O X X   
  O       
----------

White 1,0
----------
O O       
O O X     
X O X X X 
  O X X   
  O       
----------

Black 0,2
----------
O O X     
O O X     
X O X X X 
  O X X   
  O       
----------

White 3,0
----------
O O X     
O O X     
  O X X X 
O O X X   
  O       
----------

Black 1,3
----------
O O X     
O O X X   
  O X X X 
O O X X   
  O       
----------

White 4,2
----------
O O X     
O O X X   
  O X X X 
O O X X   
  O O     
----------

Black 1,4
----------
O O X     
O O X X X 
  O X X X 
O O X X   
  O O     
----------

White 4,3
----------
O O X     
O O X X X 
  O X X X 
O O X X   
  O O O   
----------

Black 3,4
----------
O O X     
O O X X X 
  O X X X 
O O X X X 
  O O O   
----------

White 2,0
----------
O O X     
O O X X X 
O O X X X 
O O X X X 
  O O O   
----------

Black 0,3
----------
O O X X   
O O X X X 
O O X X X 
O O X X X 
  O O O   
----------

White 4,4
----------
O O X X   
O O X X X 
O O X X X 
O O X X X 
  O O O O 
----------

Game end.
The winner is O
ta time: 4.09
student time: 3.37
White(You) win!
=====Round 2=====
Black:You White:TA
Thu Oct 29 14:22:24 PDT 2020
Clean up...
Start Playing...
Black 2,2
----------
          
          
    X     
          
          
----------

White 2,1
----------
          
          
  O X     
          
          
----------

Black 0,0
----------
X         
          
  O X     
          
          
----------

White 1,2
----------
X         
    O     
  O X     
          
          
----------

Black 2,3
----------
X         
    O     
  O X X   
          
          
----------

White 3,2
----------
X         
    O     
  O X X   
    O     
          
----------

Black 1,3
----------
X         
    O X   
  O X X   
    O     
          
----------

White 4,2
----------
X         
    O X   
  O X X   
    O     
    O     
----------

Black 1,1
----------
X         
  X O X   
  O X X   
    O     
    O     
----------

White 3,1
----------
X         
  X O X   
  O X X   
  O O     
    O     
----------

Black 0,2
----------
X   X     
  X   X   
  O X X   
  O O     
    O     
----------

White 2,0
----------
X   X     
  X   X   
O O X X   
  O O     
    O     
----------

Black 3,3
----------
X   X     
  X   X   
O O X X   
  O O X   
    O     
----------

White 2,4
----------
X   X     
  X   X   
O O X X O 
  O O X   
    O     
----------

Black 1,4
----------
X   X     
  X   X X 
O O X X O 
  O O X   
    O     
----------

White 3,4
----------
X   X     
  X   X X 
O O X X O 
  O O X O 
    O     
----------

Black 4,4
----------
X   X     
  X   X X 
O O X X   
  O O X   
    O   X 
----------

White 2,4
----------
X   X     
  X   X X 
O O X X O 
  O O X   
    O   X 
----------

Black 3,4
----------
X   X     
  X   X X 
O O X X   
  O O X X 
    O   X 
----------

White 4,3
----------
X   X     
  X   X X 
O O X X   
  O O X X 
    O O X 
----------

Black 1,2
----------
X   X     
  X X X X 
O O X X   
  O O X X 
    O O X 
----------

White 3,0
----------
X   X     
  X X X X 
O O X X   
O O O X X 
    O O X 
----------

Black 0,1
----------
X X X     
  X X X X 
O O X X   
O O O X X 
    O O X 
----------

White 0,3
----------
X X X O   
  X X X X 
O O X X   
O O O X X 
    O O X 
----------

Game end.
The winner is X
ta time: 7.96
student time: 6.65
Black(You) win!
=====Round 3=====
Black:TA White:You
Thu Oct 29 14:22:37 PDT 2020
Clean up...
Start Playing...
Black 1,2
----------
          
    X     
          
          
          
----------

White 0,0
----------
O         
    X     
          
          
          
----------

Black 2,2
----------
O         
    X     
    X     
          
          
----------

White 0,1
----------
O O       
    X     
    X     
          
          
----------

Black 3,2
----------
O O       
    X     
    X     
    X     
          
----------

White 1,1
----------
O O       
  O X     
    X     
    X     
          
----------

Black 2,1
----------
O O       
  O X     
  X X     
    X     
          
----------

White 0,2
----------
O O O     
  O X     
  X X     
    X     
          
----------

Black 2,3
----------
O O O     
  O X     
  X X X   
    X     
          
----------

White 0,3
----------
O O O O   
  O X     
  X X X   
    X     
          
----------

Black 4,2
----------
O O O O   
  O X     
  X X X   
    X     
    X     
----------

White 1,3
----------
O O O O   
  O X O   
  X X X   
    X     
    X     
----------

Black 2,4
----------
O O O O   
  O X O   
  X X X X 
    X     
    X     
----------

White 1,0
----------
O O O O   
O O X O   
  X X X X 
    X     
    X     
----------

Black 3,3
----------
O O O O   
O O X O   
  X X X X 
    X X   
    X     
----------

White 2,0
----------
O O O O   
O O X O   
O X X X X 
    X X   
    X     
----------

Black 3,1
----------
O O O O   
O O X O   
O X X X X 
  X X X   
    X     
----------

White 3,0
----------
O O O O   
O O X O   
O X X X X 
O X X X   
    X     
----------

Black 3,4
----------
O O O O   
O O X O   
O X X X X 
O X X X X 
    X     
----------

White 4,0
----------
O O O O   
O O X O   
O X X X X 
O X X X X 
O   X     
----------

Black 1,4
----------
O O O O   
O O X O X 
O X X X X 
O X X X X 
O   X     
----------

White PASS
----------
O O O O   
O O X O X 
O X X X X 
O X X X X 
O   X     
----------

Black 4,1
----------
O O O O   
O O X O X 
O X X X X 
O X X X X 
O X X     
----------

White PASS
----------
O O O O   
O O X O X 
O X X X X 
O X X X X 
O X X     
----------

Game end.
The winner is O
ta time: 12.08
student time: 10.12
White(You) win!
=====Round 4=====
Black:You White:TA
Thu Oct 29 14:22:51 PDT 2020
Clean up...
Start Playing...
Black 2,2
----------
          
          
    X     
          
          
----------

White 2,1
----------
          
          
  O X     
          
          
----------

Black 0,0
----------
X         
          
  O X     
          
          
----------

White 1,2
----------
X         
    O     
  O X     
          
          
----------

Black 2,3
----------
X         
    O     
  O X X   
          
          
----------

White 3,2
----------
X         
    O     
  O X X   
    O     
          
----------

Black 1,3
----------
X         
    O X   
  O X X   
    O     
          
----------

White 2,4
----------
X         
    O X   
  O X X O 
    O     
          
----------

Black 1,4
----------
X         
    O X X 
  O X X O 
    O     
          
----------

White 3,1
----------
X         
    O X X 
  O X X O 
  O O     
          
----------

Black 3,4
----------
X         
    O X X 
  O X X   
  O O   X 
          
----------

White 2,0
----------
X         
    O X X 
O O X X   
  O O   X 
          
----------

Black 1,1
----------
X         
  X O X X 
O O X X   
  O O   X 
          
----------

White 3,3
----------
X         
  X O X X 
O O X X   
  O O O X 
          
----------

Black 0,2
----------
X   X     
  X   X X 
O O X X   
  O O O X 
          
----------

White 4,2
----------
X   X     
  X   X X 
O O X X   
  O O O X 
    O     
----------

Black 1,2
----------
X   X     
  X X X X 
O O X X   
  O O O X 
    O     
----------

White 0,3
----------
X   X O   
  X X X X 
O O X X   
  O O O X 
    O     
----------

Black 0,4
----------
X   X   X 
  X X X X 
O O X X   
  O O O X 
    O     
----------

White 3,0
----------
X   X   X 
  X X X X 
O O X X   
O O O O X 
    O     
----------

Black 4,4
----------
X   X   X 
  X X X X 
O O X X   
O O O O X 
    O   X 
----------

White 1,0
----------
X   X   X 
O X X X X 
O O X X   
O O O O X 
    O   X 
----------

Black 0,1
----------
X X X   X 
O X X X X 
O O X X   
O O O O X 
    O   X 
----------

White 4,1
----------
X X X   X 
O X X X X 
O O X X   
O O O O X 
  O O   X 
----------

Game end.
The winner is X
ta time: 15.85
student time: 13.35
Black(You) win!
=====Round 5=====
Black:TA White:You
Thu Oct 29 14:23:06 PDT 2020
Clean up...
Start Playing...
Black 1,2
----------
          
    X     
          
          
          
----------

White 0,0
----------
O         
    X     
          
          
          
----------

Black 2,2
----------
O         
    X     
    X     
          
          
----------

White 0,1
----------
O O       
    X     
    X     
          
          
----------

Black 3,2
----------
O O       
    X     
    X     
    X     
          
----------

White 1,1
----------
O O       
  O X     
    X     
    X     
          
----------

Black 2,1
----------
O O       
  O X     
  X X     
    X     
          
----------

White 0,2
----------
O O O     
  O X     
  X X     
    X     
          
----------

Black 2,3
----------
O O O     
  O X     
  X X X   
    X     
          
----------

White 0,3
----------
O O O O   
  O X     
  X X X   
    X     
          
----------

Black 4,2
----------
O O O O   
  O X     
  X X X   
    X     
    X     
----------

White 1,3
----------
O O O O   
  O X O   
  X X X   
    X     
    X     
----------

Black 3,1
----------
O O O O   
  O X O   
  X X X   
  X X     
    X     
----------

White 1,0
----------
O O O O   
O O X O   
  X X X   
  X X     
    X     
----------

Black 2,0
----------
O O O O   
O O X O   
X X X X   
  X X     
    X     
----------

White 1,4
----------
O O O O   
O O X O O 
X X X X   
  X X     
    X     
----------

Black 3,3
----------
O O O O   
O O X O O 
X X X X   
  X X X   
    X     
----------

White 2,4
----------
O O O O   
O O X O O 
X X X X O 
  X X X   
    X     
----------

Black 4,1
----------
O O O O   
O O X O O 
X X X X O 
  X X X   
  X X     
----------

White 3,4
----------
O O O O   
O O X O O 
X X X X O 
  X X X O 
  X X     
----------

Black 4,3
----------
O O O O   
O O X O O 
X X X X O 
  X X X O 
  X X X   
----------

White PASS
----------
O O O O   
O O X O O 
X X X X O 
  X X X O 
  X X X   
----------

Black 3,0
----------
O O O O   
O O X O O 
X X X X O 
X X X X O 
  X X X   
----------

White 4,4
----------
O O O O   
O O X O O 
X X X X O 
X X X X O 
  X X X O 
----------

Game end.
The winner is O
ta time: 19.86
student time: 16.78
White(You) win!
=====Round 6=====
Black:You White:TA
Thu Oct 29 14:23:21 PDT 2020
Clean up...
Start Playing...
Black 2,2
----------
          
          
    X     
          
          
----------

White 2,1
----------
          
          
  O X     
          
          
----------

Black 0,0
----------
X         
          
  O X     
          
          
----------

White 1,2
----------
X         
    O     
  O X     
          
          
----------

Black 2,3
----------
X         
    O     
  O X X   
          
          
----------

White 3,2
----------
X         
    O     
  O X X   
    O     
          
----------

Black 1,3
----------
X         
    O X   
  O X X   
    O     
          
----------

White 2,0
----------
X         
    O X   
O O X X   
    O     
          
----------

Black 1,1
----------
X         
  X O X   
O O X X   
    O     
          
----------

White 2,4
----------
X         
  X O X   
O O X X O 
    O     
          
----------

Black 0,2
----------
X   X     
  X   X   
O O X X O 
    O     
          
----------

White 3,1
----------
X   X     
  X   X   
O O X X O 
  O O     
          
----------

Black 1,4
----------
X   X     
  X   X X 
O O X X O 
  O O     
          
----------

White 3,3
----------
X   X     
  X   X X 
O O X X O 
  O O O   
          
----------

Black 1,2
----------
X   X     
  X X X X 
O O X X O 
  O O O   
          
----------

White 4,2
----------
X   X     
  X X X X 
O O X X O 
  O O O   
    O     
----------

Black 0,1
----------
X X X     
  X X X X 
O O X X O 
  O O O   
    O     
----------

White 3,0
----------
X X X     
  X X X X 
O O X X O 
O O O O   
    O     
----------

Black 0,3
----------
X X X X   
  X X X X 
O O X X O 
O O O O   
    O     
----------

White 4,1
----------
X X X X   
  X X X X 
O O X X O 
O O O O   
  O O     
----------

Black 4,4
----------
X X X X   
  X X X X 
O O X X O 
O O O O   
  O O   X 
----------

White 4,3
----------
X X X X   
  X X X X 
O O X X O 
O O O O   
  O O O X 
----------

Black 3,4
----------
X X X X   
  X X X X 
O O X X   
O O O O X 
  O O O X 
----------

White 2,4
----------
X X X X   
  X X X X 
O O X X O 
O O O O   
  O O O   
----------

Game end.
The winner is O
ta time: 23.51
student time: 20.1
Black(You) lose.
=====Round 7=====
Black:TA White:You
Thu Oct 29 14:23:34 PDT 2020
Clean up...
Start Playing...
Black 1,2
----------
          
    X     
          
          
          
----------

White 0,0
----------
O         
    X     
          
          
          
----------

Black 2,2
----------
O         
    X     
    X     
          
          
----------

White 0,1
----------
O O       
    X     
    X     
          
          
----------

Black 3,2
----------
O O       
    X     
    X     
    X     
          
----------

White 1,1
----------
O O       
  O X     
    X     
    X     
          
----------

Black 2,1
----------
O O       
  O X     
  X X     
    X     
          
----------

White 0,2
----------
O O O     
  O X     
  X X     
    X     
          
----------

Black 2,3
----------
O O O     
  O X     
  X X X   
    X     
          
----------

White 0,3
----------
O O O O   
  O X     
  X X X   
    X     
          
----------

Black 4,2
----------
O O O O   
  O X     
  X X X   
    X     
    X     
----------

White 1,3
----------
O O O O   
  O X O   
  X X X   
    X     
    X     
----------

Black 3,3
----------
O O O O   
  O X O   
  X X X   
    X X   
    X     
----------

White 1,0
----------
O O O O   
O O X O   
  X X X   
    X X   
    X     
----------

Black 2,0
----------
O O O O   
O O X O   
X X X X   
    X X   
    X     
----------

White 1,4
----------
O O O O   
O O X O O 
X X X X   
    X X   
    X     
----------

Black 3,1
----------
O O O O   
O O X O O 
X X X X   
  X X X   
    X     
----------

White 2,4
----------
O O O O   
O O X O O 
X X X X O 
  X X X   
    X     
----------

Black 3,0
----------
O O O O   
O O X O O 
X X X X O 
X X X X   
    X     
----------

White 3,4
----------
O O O O   
O O X O O 
X X X X O 
X X X X O 
    X     
----------

Black 4,3
----------
O O O O   
O O X O O 
X X X X O 
X X X X O 
    X X   
----------

White PASS
----------
O O O O   
O O X O O 
X X X X O 
X X X X O 
    X X   
----------

Black 4,1
----------
O O O O   
O O X O O 
X X X X O 
X X X X O 
  X X X   
----------

White 4,4
----------
O O O O   
O O X O O 
X X X X O 
X X X X O 
  X X X O 
----------

Game end.
The winner is O
ta time: 27.5
student time: 23.44
White(You) win!
=====Round 8=====
Black:You White:TA
Thu Oct 29 14:23:47 PDT 2020
Clean up...
Start Playing...
Black 2,2
----------
          
          
    X     
          
          
----------

White 2,1
----------
          
          
  O X     
          
          
----------

Black 0,0
----------
X         
          
  O X     
          
          
----------

White 1,2
----------
X         
    O     
  O X     
          
          
----------

Black 2,3
----------
X         
    O     
  O X X   
          
          
----------

White 3,2
----------
X         
    O     
  O X X   
    O     
          
----------

Black 1,3
----------
X         
    O X   
  O X X   
    O     
          
----------

White 3,1
----------
X         
    O X   
  O X X   
  O O     
          
----------

Black 1,1
----------
X         
  X O X   
  O X X   
  O O     
          
----------

White 3,3
----------
X         
  X O X   
  O X X   
  O O O   
          
----------

Black 0,2
----------
X   X     
  X   X   
  O X X   
  O O O   
          
----------

White 4,2
----------
X   X     
  X   X   
  O X X   
  O O O   
    O     
----------

Black 0,3
----------
X   X X   
  X   X   
  O X X   
  O O O   
    O     
----------

White 2,0
----------
X   X X   
  X   X   
O O X X   
  O O O   
    O     
----------

Black 1,2
----------
X   X X   
  X X X   
O O X X   
  O O O   
    O     
----------

White 2,4
----------
X   X X   
  X X X   
O O X X O 
  O O O   
    O     
----------

Black 1,4
----------
X   X X   
  X X X X 
O O X X O 
  O O O   
    O     
----------

White 3,4
----------
X   X X   
  X X X X 
O O X X O 
  O O O O 
    O     
----------

Black 0,1
----------
X X X X   
  X X X X 
O O X X O 
  O O O O 
    O     
----------

White 4,3
----------
X X X X   
  X X X X 
O O X X O 
  O O O O 
    O O   
----------

Black 4,0
----------
X X X X   
  X X X X 
O O X X O 
  O O O O 
X   O O   
----------

White 1,0
----------
X X X X   
O X X X X 
O O X X O 
  O O O O 
X   O O   
----------

Black PASS
----------
X X X X   
O X X X X 
O O X X O 
  O O O O 
X   O O   
----------

White 0,4
----------
        O 
O         
O O     O 
  O O O O 
X   O O   
----------

Game end.
The winner is O
ta time: 31.16
student time: 26.75
Black(You) lose.
=====Round 9=====
Black:TA White:You
Thu Oct 29 14:24:01 PDT 2020
Clean up...
Start Playing...
Black 1,2
----------
          
    X     
          
          
          
----------

White 0,0
----------
O         
    X     
          
          
          
----------

Black 2,2
----------
O         
    X     
    X     
          
          
----------

White 0,1
----------
O O       
    X     
    X     
          
          
----------

Black 3,2
----------
O O       
    X     
    X     
    X     
          
----------

White 1,1
----------
O O       
  O X     
    X     
    X     
          
----------

Black 2,3
----------
O O       
  O X     
    X X   
    X     
          
----------

White 2,1
----------
O O       
  O X     
  O X X   
    X     
          
----------

Black 2,4
----------
O O       
  O X     
  O X X X 
    X     
          
----------

White 3,1
----------
O O       
  O X     
  O X X X 
  O X     
          
----------

Black 2,0
----------
O O       
  O X     
X O X X X 
  O X     
          
----------

White 3,0
----------
O O       
  O X     
X O X X X 
O O X     
          
----------

Black 0,2
----------
O O X     
  O X     
X O X X X 
O O X     
          
----------

White 1,0
----------
O O X     
O O X     
  O X X X 
O O X     
          
----------

Black 1,3
----------
O O X     
O O X X   
  O X X X 
O O X     
          
----------

White 4,1
----------
O O X     
O O X X   
  O X X X 
O O X     
  O       
----------

Black 4,2
----------
O O X     
O O X X   
  O X X X 
O O X     
  O X     
----------

White 3,3
----------
O O X     
O O X X   
  O X X X 
O O X O   
  O X     
----------

Black 3,4
----------
O O X     
O O X X   
  O X X X 
O O X O X 
  O X     
----------

White 0,4
----------
O O X   O 
O O X X   
  O X X X 
O O X O X 
  O X     
----------

Black 4,3
----------
O O X   O 
O O X X   
  O X X X 
O O X   X 
  O X X   
----------

White PASS
----------
O O X   O 
O O X X   
  O X X X 
O O X   X 
  O X X   
----------

Black 3,3
----------
O O X   O 
O O X X   
  O X X X 
O O X X X 
  O X X   
----------

White PASS
----------
O O X   O 
O O X X   
  O X X X 
O O X X X 
  O X X   
----------

Game end.
The winner is O
ta time: 35.26
student time: 30.33
White(You) win!
=====Round 10=====
Black:You White:TA
Thu Oct 29 14:24:16 PDT 2020
Clean up...
Start Playing...
Black 2,2
----------
          
          
    X     
          
          
----------

White 2,1
----------
          
          
  O X     
          
          
----------

Black 0,0
----------
X         
          
  O X     
          
          
----------

White 1,2
----------
X         
    O     
  O X     
          
          
----------

Black 2,3
----------
X         
    O     
  O X X   
          
          
----------

White 3,2
----------
X         
    O     
  O X X   
    O     
          
----------

Black 1,3
----------
X         
    O X   
  O X X   
    O     
          
----------

White 4,2
----------
X         
    O X   
  O X X   
    O     
    O     
----------

Black 1,1
----------
X         
  X O X   
  O X X   
    O     
    O     
----------

White 3,1
----------
X         
  X O X   
  O X X   
  O O     
    O     
----------

Black 0,2
----------
X   X     
  X   X   
  O X X   
  O O     
    O     
----------

White 2,0
----------
X   X     
  X   X   
O O X X   
  O O     
    O     
----------

Black 3,3
----------
X   X     
  X   X   
O O X X   
  O O X   
    O     
----------

White 2,4
----------
X   X     
  X   X   
O O X X O 
  O O X   
    O     
----------

Black 1,4
----------
X   X     
  X   X X 
O O X X O 
  O O X   
    O     
----------

White 1,0
----------
X   X     
O X   X X 
O O X X O 
  O O X   
    O     
----------

Black 3,4
----------
X   X     
O X   X X 
O O X X   
  O O X X 
    O     
----------

White 0,1
----------
  O X     
O X   X X 
O O X X   
  O O X X 
    O     
----------

Black 1,2
----------
  O X     
O X X X X 
O O X X   
  O O X X 
    O     
----------

White 4,1
----------
  O X     
O X X X X 
O O X X   
  O O X X 
  O O     
----------

Black 0,3
----------
  O X X   
O X X X X 
O O X X   
  O O X X 
  O O     
----------

White 3,0
----------
  O X X   
O X X X X 
O O X X   
O O O X X 
  O O     
----------

Black 0,4
----------
  O X X X 
O X X X X 
O O X X   
O O O X X 
  O O     
----------

White 4,3
----------
  O X X X 
O X X X X 
O O X X   
O O O X X 
  O O O   
----------

Game end.
The winner is O
ta time: 38.96
student time: 33.68
Black(You) lose.

==Playing with championship_player==
=====Round 1=====
Black:TA White:You
Thu Oct 29 14:24:29 PDT 2020
Clean up...
Start Playing...
Black 2,2
----------
          
          
    X     
          
          
----------

White 1,2
----------
          
    O     
    X     
          
          
----------

Black 1,1
----------
          
  X O     
    X     
          
          
----------

White 1,3
----------
          
  X O O   
    X     
          
          
----------

Black 2,3
----------
          
  X O O   
    X X   
          
          
----------

White 0,0
----------
O         
  X O O   
    X X   
          
          
----------

Black 1,4
----------
O         
  X O O X 
    X X   
          
          
----------

White 0,3
----------
O     O   
  X O O X 
    X X   
          
          
----------

Black 2,4
----------
O     O   
  X O O X 
    X X X 
          
          
----------

White 1,0
----------
O     O   
O X O O X 
    X X X 
          
          
----------

Black 0,4
----------
O     O X 
O X O O X 
    X X X 
          
          
----------

White 0,1
----------
O O   O X 
O X O O X 
    X X X 
          
          
----------

Black 0,2
----------
O O X   X 
O X     X 
    X X X 
          
          
----------

White 2,1
----------
O O X   X 
O X     X 
  O X X X 
          
          
----------

Black 2,0
----------
    X   X 
  X     X 
X O X X X 
          
          
----------

White 3,0
----------
    X   X 
  X     X 
X O X X X 
O         
          
----------

Black 3,1
----------
    X   X 
  X     X 
X   X X X 
O X       
          
----------

White PASS
----------
    X   X 
  X     X 
X   X X X 
O X       
          
----------

Black 1,2
----------
    X   X 
  X X   X 
X   X X X 
O X       
          
----------

White PASS
----------
    X   X 
  X X   X 
X   X X X 
O X       
          
----------

Black 0,0
----------
X   X   X 
  X X   X 
X   X X X 
O X       
          
----------

White PASS
----------
X   X   X 
  X X   X 
X   X X X 
O X       
          
----------

Black 4,1
----------
X   X   X 
  X X   X 
X   X X X 
O X       
  X       
----------

White PASS
----------
X   X   X 
  X X   X 
X   X X X 
O X       
  X       
----------

Game end.
The winner is X
ta time: 62.24
student time: 37.17
White(You) lose.
=====Round 2=====
Black:You White:TA
Thu Oct 29 14:24:57 PDT 2020
Clean up...
Start Playing...
Black 2,2
----------
          
          
    X     
          
          
----------

White 3,2
----------
          
          
    X     
    O     
          
----------

Black 0,0
----------
X         
          
    X     
    O     
          
----------

White 2,1
----------
X         
          
  O X     
    O     
          
----------

Black 1,2
----------
X         
    X     
  O X     
    O     
          
----------

White 3,1
----------
X         
    X     
  O X     
  O O     
          
----------

Black 0,1
----------
X X       
    X     
  O X     
  O O     
          
----------

White 3,3
----------
X X       
    X     
  O X     
  O O O   
          
----------

Black 1,3
----------
X X       
    X X   
  O X     
  O O O   
          
----------

White 1,1
----------
X X       
  O X X   
  O X     
  O O O   
          
----------

Black 1,4
----------
X X       
  O X X X 
  O X     
  O O O   
          
----------

White 1,0
----------
X X       
O O X X X 
  O X     
  O O O   
          
----------

Black 2,3
----------
X X       
O O X X X 
  O X X   
  O O O   
          
----------

White 0,2
----------
    O     
O O X X X 
  O X X   
  O O O   
          
----------

Black 0,3
----------
    O X   
O O X X X 
  O X X   
  O O O   
          
----------

White 0,1
----------
  O O X   
O O X X X 
  O X X   
  O O O   
          
----------

Black 2,4
----------
  O O X   
O O X X X 
  O X X X 
  O O O   
          
----------

White 3,0
----------
  O O X   
O O X X X 
  O X X X 
O O O O   
          
----------

Black 3,4
----------
  O O X   
O O X X X 
  O X X X 
O O O O X 
          
----------

White 4,1
----------
  O O X   
O O X X X 
  O X X X 
O O O O X 
  O       
----------

Black 4,4
----------
  O O X   
O O X X X 
  O X X X 
O O O O X 
  O     X 
----------

White 4,3
----------
  O O X   
O O X X X 
  O X X X 
O O O O X 
  O   O X 
----------

Black PASS
----------
  O O X   
O O X X X 
  O X X X 
O O O O X 
  O   O X 
----------

White 4,0
----------
  O O X   
O O X X X 
  O X X X 
O O O O X 
O O   O X 
----------

Game end.
The winner is O
ta time: 91.71
student time: 40.36
Black(You) lose.
=====Round 3=====
Black:TA White:You
Thu Oct 29 14:25:28 PDT 2020
Clean up...
Start Playing...
Black 2,2
----------
          
          
    X     
          
          
----------

White 1,2
----------
          
    O     
    X     
          
          
----------

Black 1,1
----------
          
  X O     
    X     
          
          
----------

White 1,3
----------
          
  X O O   
    X     
          
          
----------

Black 2,3
----------
          
  X O O   
    X X   
          
          
----------

White 0,0
----------
O         
  X O O   
    X X   
          
          
----------

Black 1,4
----------
O         
  X O O X 
    X X   
          
          
----------

White 0,3
----------
O     O   
  X O O X 
    X X   
          
          
----------

Black 2,4
----------
O     O   
  X O O X 
    X X X 
          
          
----------

White 1,0
----------
O     O   
O X O O X 
    X X X 
          
          
----------

Black 0,4
----------
O     O X 
O X O O X 
    X X X 
          
          
----------

White 0,1
----------
O O   O X 
O X O O X 
    X X X 
          
          
----------

Black 0,2
----------
O O X   X 
O X     X 
    X X X 
          
          
----------

White 2,1
----------
O O X   X 
O X     X 
  O X X X 
          
          
----------

Black 2,0
----------
    X   X 
  X     X 
X O X X X 
          
          
----------

White 3,0
----------
    X   X 
  X     X 
X O X X X 
O         
          
----------

Black 3,1
----------
    X   X 
  X     X 
X   X X X 
O X       
          
----------

White PASS
----------
    X   X 
  X     X 
X   X X X 
O X       
          
----------

Black 3,3
----------
    X   X 
  X     X 
X   X X X 
O X   X   
          
----------

White PASS
----------
    X   X 
  X     X 
X   X X X 
O X   X   
          
----------

Black 4,1
----------
    X   X 
  X     X 
X   X X X 
O X   X   
  X       
----------

White PASS
----------
    X   X 
  X     X 
X   X X X 
O X   X   
  X       
----------

Black 4,2
----------
    X   X 
  X     X 
X   X X X 
O X   X   
  X X     
----------

White PASS
----------
    X   X 
  X     X 
X   X X X 
O X   X   
  X X     
----------

Game end.
The winner is X
ta time: 115.12
student time: 43.86
White(You) lose.
=====Round 4=====
Black:You White:TA
Thu Oct 29 14:25:52 PDT 2020
Clean up...
Start Playing...
Black 2,2
----------
          
          
    X     
          
          
----------

White 2,3
----------
          
          
    X O   
          
          
----------

Black 0,0
----------
X         
          
    X O   
          
          
----------

White 1,2
----------
X         
    O     
    X O   
          
          
----------

Black 2,1
----------
X         
    O     
  X X O   
          
          
----------

White 1,3
----------
X         
    O O   
  X X O   
          
          
----------

Black 3,1
----------
X         
    O O   
  X X O   
  X       
          
----------

White 3,3
----------
X         
    O O   
  X X O   
  X   O   
          
----------

Black 3,2
----------
X         
    O O   
  X X O   
  X X O   
          
----------

White 1,1
----------
X         
  O O O   
  X X O   
  X X O   
          
----------

Black 0,1
----------
X X       
  O O O   
  X X O   
  X X O   
          
----------

White 4,3
----------
X X       
  O O O   
  X X O   
  X X O   
      O   
----------

Black 0,2
----------
X X X     
  O O O   
  X X O   
  X X O   
      O   
----------

White 1,0
----------
X X X     
O O O O   
  X X O   
  X X O   
      O   
----------

Black 3,0
----------
X X X     
O O O O   
  X X O   
X X X O   
      O   
----------

White 0,3
----------
      O   
O O O O   
  X X O   
X X X O   
      O   
----------

Black 2,0
----------
      O   
O O O O   
X X X O   
X X X O   
      O   
----------

White 0,2
----------
    O O   
O O O O   
X X X O   
X X X O   
      O   
----------

Black 4,0
----------
    O O   
O O O O   
X X X O   
X X X O   
X     O   
----------

White 4,2
----------
    O O   
O O O O   
X X X O   
X X X O   
X   O O   
----------

Black PASS
----------
    O O   
O O O O   
X X X O   
X X X O   
X   O O   
----------

White 4,4
----------
    O O   
O O O O   
X X X O   
X X X O   
X   O O O 
----------

Black PASS
----------
    O O   
O O O O   
X X X O   
X X X O   
X   O O O 
----------

White 0,0
----------
O   O O   
O O O O   
X X X O   
X X X O   
X   O O O 
----------

Game end.
The winner is O
ta time: 156.06
student time: 47.22
Black(You) lose.
=====Round 5=====
Black:TA White:You
Thu Oct 29 14:26:27 PDT 2020
Clean up...
Start Playing...
Black 2,2
----------
          
          
    X     
          
          
----------

White 1,2
----------
          
    O     
    X     
          
          
----------

Black 1,1
----------
          
  X O     
    X     
          
          
----------

White 1,3
----------
          
  X O O   
    X     
          
          
----------

Black 2,3
----------
          
  X O O   
    X X   
          
          
----------

White 0,0
----------
O         
  X O O   
    X X   
          
          
----------

Black 0,1
----------
O X       
  X O O   
    X X   
          
          
----------

White 1,4
----------
O X       
  X O O O 
    X X   
          
          
----------

Black 1,0
----------
  X       
X X O O O 
    X X   
          
          
----------

White 2,4
----------
  X       
X X O O O 
    X X O 
          
          
----------

Black 3,3
----------
  X       
X X O O O 
    X X O 
      X   
          
----------

White 3,4
----------
  X       
X X O O O 
    X X O 
      X O 
          
----------

Black 4,3
----------
  X       
X X O O O 
    X X O 
      X O 
      X   
----------

White 0,2
----------
  X O     
X X O O O 
    X X O 
      X O 
      X   
----------

Black 3,1
----------
  X O     
X X O O O 
    X X O 
  X   X O 
      X   
----------

White 0,3
----------
  X O O   
X X O O O 
    X X O 
  X   X O 
      X   
----------

Black 3,0
----------
  X O O   
X X O O O 
    X X O 
X X   X O 
      X   
----------

White 4,1
----------
  X O O   
X X O O O 
    X X O 
X X   X O 
  O   X   
----------

Black 4,0
----------
  X O O   
X X O O O 
    X X O 
X X   X O 
X O   X   
----------

White PASS
----------
  X O O   
X X O O O 
    X X O 
X X   X O 
X O   X   
----------

Black 3,2
----------
  X O O   
X X O O O 
    X X O 
X X X X O 
X O   X   
----------

White PASS
----------
  X O O   
X X O O O 
    X X O 
X X X X O 
X O   X   
----------

Black 2,1
----------
  X O O   
X X O O O 
  X X X O 
X X X X O 
X O   X   
----------

White PASS
----------
  X O O   
X X O O O 
  X X X O 
X X X X O 
X O   X   
----------

Game end.
The winner is X
ta time: 180.22
student time: 50.41
White(You) lose.
=====Round 6=====
Black:You White:TA
Thu Oct 29 14:26:51 PDT 2020
Clean up...
Start Playing...
Black 2,2
----------
          
          
    X     
          
          
----------

White 3,2
----------
          
          
    X     
    O     
          
----------

Black 0,0
----------
X         
          
    X     
    O     
          
----------

White 2,1
----------
X         
          
  O X     
    O     
          
----------

Black 1,2
----------
X         
    X     
  O X     
    O     
          
----------

White 3,1
----------
X         
    X     
  O X     
  O O     
          
----------

Black 0,1
----------
X X       
    X     
  O X     
  O O     
          
----------

White 3,3
----------
X X       
    X     
  O X     
  O O O   
          
----------

Black 1,3
----------
X X       
    X X   
  O X     
  O O O   
          
----------

White 1,1
----------
X X       
  O X X   
  O X     
  O O O   
          
----------

Black 1,4
----------
X X       
  O X X X 
  O X     
  O O O   
          
----------

White 2,3
----------
X X       
  O X X X 
  O X O   
  O O O   
          
----------

Black 1,0
----------
X X       
X O X X X 
  O X O   
  O O O   
          
----------

White 0,3
----------
X X   O   
X O X X X 
  O X O   
  O O O   
          
----------

Black 0,2
----------
X X X O   
X O X X X 
  O X O   
  O O O   
          
----------

White 2,0
----------
X X X O   
X O X X X 
O O X O   
  O O O   
          
----------

Black 2,4
----------
X X X O   
X O X X X 
O O X O X 
  O O O   
          
----------

White 3,4
----------
X X X O   
X O X X X 
O O X O X 
  O O O O 
          
----------

Black 4,0
----------
X X X O   
X O X X X 
O O X O X 
  O O O O 
X         
----------

White 0,4
----------
      O O 
  O       
O O   O   
  O O O O 
X         
----------

Black PASS
----------
      O O 
  O       
O O   O   
  O O O O 
X         
----------

White 1,0
----------
      O O 
O O       
O O   O   
  O O O O 
X         
----------

Black PASS
----------
      O O 
O O       
O O   O   
  O O O O 
X         
----------

White 0,1
----------
  O   O O 
O O       
O O   O   
  O O O O 
X         
----------

Game end.
The winner is O
ta time: 221.13
student time: 53.87
Black(You) lose.
=====Round 7=====
Black:TA White:You
Thu Oct 29 14:27:26 PDT 2020
Clean up...
Start Playing...
Black 2,2
----------
          
          
    X     
          
          
----------

White 1,2
----------
          
    O     
    X     
          
          
----------

Black 1,1
----------
          
  X O     
    X     
          
          
----------

White 1,3
----------
          
  X O O   
    X     
          
          
----------

Black 2,3
----------
          
  X O O   
    X X   
          
          
----------

White 0,0
----------
O         
  X O O   
    X X   
          
          
----------

Black 2,1
----------
O         
  X O O   
  X X X   
          
          
----------

White 1,4
----------
O         
  X O O O 
  X X X   
          
          
----------

Black 2,4
----------
O         
  X O O O 
  X X X X 
          
          
----------

White 1,0
----------
O         
O X O O O 
  X X X X 
          
          
----------

Black 0,2
----------
O   X     
O X O O O 
  X X X X 
          
          
----------

White 2,0
----------
O   X     
O X O O O 
O X X X X 
          
          
----------

Black 3,0
----------
O   X     
O X O O O 
O X X X X 
X         
          
----------

White 3,1
----------
O   X     
O X O O O 
O X X X X 
X O       
          
----------

Black 0,1
----------
  X X     
  X O O O 
  X X X X 
X O       
          
----------

White 3,2
----------
  X X     
  X O O O 
  X X X X 
X O O     
          
----------

Black 3,3
----------
  X X     
  X O O O 
  X X X X 
X O O X   
          
----------

White 4,1
----------
  X X     
  X O O O 
  X X X X 
X O O X   
  O       
----------

Black 4,3
----------
  X X     
  X O O O 
  X X X X 
X O O X   
  O   X   
----------

White 1,0
----------
  X X     
O X O O O 
  X X X X 
X O O X   
  O   X   
----------

Black 0,3
----------
  X X X   
O X O O O 
  X X X X 
X O O X   
  O   X   
----------

White PASS
----------
  X X X   
O X O O O 
  X X X X 
X O O X   
  O   X   
----------

Black 0,0
----------
X X X X   
O X O O O 
  X X X X 
X O O X   
  O   X   
----------

White PASS
----------
X X X X   
O X O O O 
  X X X X 
X O O X   
  O   X   
----------

Game end.
The winner is X
ta time: 252.8
student time: 57.15
White(You) lose.
=====Round 8=====
Black:You White:TA
Thu Oct 29 14:27:53 PDT 2020
Clean up...
Start Playing...
Black 2,2
----------
          
          
    X     
          
          
----------

White 3,2
----------
          
          
    X     
    O     
          
----------

Black 0,0
----------
X         
          
    X     
    O     
          
----------

White 2,1
----------
X         
          
  O X     
    O     
          
----------

Black 1,2
----------
X         
    X     
  O X     
    O     
          
----------

White 3,1
----------
X         
    X     
  O X     
  O O     
          
----------

Black 0,1
----------
X X       
    X     
  O X     
  O O     
          
----------

White 3,3
----------
X X       
    X     
  O X     
  O O O   
          
----------

Black 1,3
----------
X X       
    X X   
  O X     
  O O O   
          
----------

White 1,1
----------
X X       
  O X X   
  O X     
  O O O   
          
----------

Black 1,4
----------
X X       
  O X X X 
  O X     
  O O O   
          
----------

White 1,0
----------
X X       
O O X X X 
  O X     
  O O O   
          
----------

Black 2,3
----------
X X       
O O X X X 
  O X X   
  O O O   
          
----------

White 0,2
----------
    O     
O O X X X 
  O X X   
  O O O   
          
----------

Black 0,3
----------
    O X   
O O X X X 
  O X X   
  O O O   
          
----------

White 0,1
----------
  O O X   
O O X X X 
  O X X   
  O O O   
          
----------

Black 2,4
----------
  O O X   
O O X X X 
  O X X X 
  O O O   
          
----------

White 3,0
----------
  O O X   
O O X X X 
  O X X X 
O O O O   
          
----------

Black 3,4
----------
  O O X   
O O X X X 
  O X X X 
O O O O X 
          
----------

White 4,2
----------
  O O X   
O O X X X 
  O X X X 
O O O O X 
    O     
----------

Black 4,4
----------
  O O X   
O O X X X 
  O X X X 
O O O O X 
    O   X 
----------

White 4,1
----------
  O O X   
O O X X X 
  O X X X 
O O O O X 
  O O   X 
----------

Black PASS
----------
  O O X   
O O X X X 
  O X X X 
O O O O X 
  O O   X 
----------

White 2,0
----------
  O O X   
O O X X X 
O O X X X 
O O O O X 
  O O   X 
----------

Game end.
The winner is O
ta time: 283.26
student time: 60.45
Black(You) lose.
=====Round 9=====
Black:TA White:You
Thu Oct 29 14:28:23 PDT 2020
Clean up...
Start Playing...
Black 2,2
----------
          
          
    X     
          
          
----------

White 1,2
----------
          
    O     
    X     
          
          
----------

Black 1,1
----------
          
  X O     
    X     
          
          
----------

White 1,3
----------
          
  X O O   
    X     
          
          
----------

Black 2,3
----------
          
  X O O   
    X X   
          
          
----------

White 0,0
----------
O         
  X O O   
    X X   
          
          
----------

Black 1,4
----------
O         
  X O O X 
    X X   
          
          
----------

White 0,3
----------
O     O   
  X O O X 
    X X   
          
          
----------

Black 2,4
----------
O     O   
  X O O X 
    X X X 
          
          
----------

White 1,0
----------
O     O   
O X O O X 
    X X X 
          
          
----------

Black 0,4
----------
O     O X 
O X O O X 
    X X X 
          
          
----------

White 0,1
----------
O O   O X 
O X O O X 
    X X X 
          
          
----------

Black 0,2
----------
O O X   X 
O X     X 
    X X X 
          
          
----------

White 2,1
----------
O O X   X 
O X     X 
  O X X X 
          
          
----------

Black 2,0
----------
    X   X 
  X     X 
X O X X X 
          
          
----------

White 3,0
----------
    X   X 
  X     X 
X O X X X 
O         
          
----------

Black 3,1
----------
    X   X 
  X     X 
X   X X X 
O X       
          
----------

White PASS
----------
    X   X 
  X     X 
X   X X X 
O X       
          
----------

Black 2,1
----------
    X   X 
  X     X 
X X X X X 
O X       
          
----------

White PASS
----------
    X   X 
  X     X 
X X X X X 
O X       
          
----------

Black 4,0
----------
    X   X 
  X     X 
X X X X X 
  X       
X         
----------

White PASS
----------
    X   X 
  X     X 
X X X X X 
  X       
X         
----------

Black 3,0
----------
    X   X 
  X     X 
X X X X X 
X X       
X         
----------

White PASS
----------
    X   X 
  X     X 
X X X X X 
X X       
X         
----------

Game end.
The winner is X
ta time: 306.62
student time: 63.74
White(You) lose.
=====Round 10=====
Black:You White:TA
Thu Oct 29 14:28:48 PDT 2020
Clean up...
Start Playing...
Black 2,2
----------
          
          
    X     
          
          
----------

White 2,1
----------
          
          
  O X     
          
          
----------

Black 0,0
----------
X         
          
  O X     
          
          
----------

White 1,1
----------
X         
  O       
  O X     
          
          
----------

Black 2,3
----------
X         
  O       
  O X X   
          
          
----------

White 3,1
----------
X         
  O       
  O X X   
  O       
          
----------

Black 1,3
----------
X         
  O   X   
  O X X   
  O       
          
----------

White 0,1
----------
X O       
  O   X   
  O X X   
  O       
          
----------

Black 3,3
----------
X O       
  O   X   
  O X X   
  O   X   
          
----------

White 1,0
----------
  O       
O O   X   
  O X X   
  O   X   
          
----------

Black 1,2
----------
  O       
O O X X   
  O X X   
  O   X   
          
----------

White 0,2
----------
  O O     
O O X X   
  O X X   
  O   X   
          
----------

Black 3,2
----------
  O O     
O O X X   
  O X X   
  O X X   
          
----------

White 4,1
----------
  O O     
O O X X   
  O X X   
  O X X   
  O       
----------

Black 0,3
----------
  O O X   
O O X X   
  O X X   
  O X X   
  O       
----------

White 4,2
----------
  O O X   
O O X X   
  O X X   
  O X X   
  O O     
----------

Black 3,4
----------
  O O X   
O O X X   
  O X X   
  O X X X 
  O O     
----------

White 3,0
----------
  O O X   
O O X X   
  O X X   
O O X X X 
  O O     
----------

Black 0,4
----------
  O O X X 
O O X X   
  O X X   
O O X X X 
  O O     
----------

White 4,3
----------
  O O X X 
O O X X   
  O X X   
O O X X X 
  O O O   
----------

Black 1,4
----------
  O O X X 
O O X X X 
  O X X   
O O X X X 
  O O O   
----------

White 4,4
----------
  O O X X 
O O X X X 
  O X X   
O O X X X 
  O O O O 
----------

Black PASS
----------
  O O X X 
O O X X X 
  O X X   
O O X X X 
  O O O O 
----------

White 0,0
----------
O O O X X 
O O X X X 
  O X X   
O O X X X 
  O O O O 
----------

Game end.
The winner is O
ta time: 341.71
student time: 67.14
Black(You) lose.
