Wed Oct 28 22:59:46 PDT 2020

==Playing with qlearning_player==
=====Round 1=====
Black:TA White:You
Wed Oct 28 22:59:46 PDT 2020
Clean up...
Start Playing...
Black 1,2
----------
          
    X     
          
          
          
----------

White 2,1
----------
          
    X     
  O       
          
          
----------

Black 2,2
----------
          
    X     
  O X     
          
          
----------

White 3,1
----------
          
    X     
  O X     
  O       
          
----------

Black 0,0
----------
X         
    X     
  O X     
  O       
          
----------

White 1,1
----------
X         
  O X     
  O X     
  O       
          
----------

Black 0,1
----------
X X       
  O X     
  O X     
  O       
          
----------

White 3,2
----------
X X       
  O X     
  O X     
  O O     
          
----------

Black 2,3
----------
X X       
  O X     
  O X X   
  O O     
          
----------

White 3,3
----------
X X       
  O X     
  O X X   
  O O O   
          
----------

Black 1,3
----------
X X       
  O X X   
  O X X   
  O O O   
          
----------

White 3,4
----------
X X       
  O X X   
  O X X   
  O O O O 
          
----------

Black 2,0
----------
X X       
  O X X   
X O X X   
  O O O O 
          
----------

White 2,4
----------
X X       
  O X X   
X O X X O 
  O O O O 
          
----------

Black 4,2
----------
X X       
  O X X   
X O X X O 
  O O O O 
    X     
----------

White 1,4
----------
X X       
  O X X O 
X O X X O 
  O O O O 
    X     
----------

Black 0,2
----------
X X X     
  O X X O 
X O X X O 
  O O O O 
    X     
----------

White 0,4
----------
X X X   O 
  O X X O 
X O X X O 
  O O O O 
    X     
----------

Black 4,1
----------
X X X   O 
  O X X O 
X O X X O 
  O O O O 
  X X     
----------

White 3,0
----------
X X X   O 
  O X X O 
X O X X O 
O O O O O 
  X X     
----------

Black 0,3
----------
X X X X O 
  O X X O 
X O X X O 
O O O O O 
  X X     
----------

White 1,0
----------
        O 
O O     O 
  O     O 
O O O O O 
  X X     
----------

Black 2,2
----------
        O 
O O     O 
  O X   O 
O O O O O 
  X X     
----------

White 1,2
----------
        O 
O O O   O 
  O X   O 
O O O O O 
  X X     
----------

Game end.
The winner is O
ta time: 3.86
student time: 0.83
White(You) win!
=====Round 2=====
Black:You White:TA
Wed Oct 28 22:59:57 PDT 2020
Clean up...
Start Playing...
Black 2,2
----------
          
          
    X     
          
          
----------

White 2,1
----------
          
          
  O X     
          
          
----------

Black 1,2
----------
          
    X     
  O X     
          
          
----------

White 3,2
----------
          
    X     
  O X     
    O     
          
----------

Black 1,1
----------
          
  X X     
  O X     
    O     
          
----------

White 2,3
----------
          
  X X     
  O X O   
    O     
          
----------

Black 1,3
----------
          
  X X X   
  O X O   
    O     
          
----------

White 3,3
----------
          
  X X X   
  O X O   
    O O   
          
----------

Black 1,0
----------
          
X X X X   
  O X O   
    O O   
          
----------

White 4,2
----------
          
X X X X   
  O X O   
    O O   
    O     
----------

Black 1,4
----------
          
X X X X X 
  O X O   
    O O   
    O     
----------

White 0,2
----------
    O     
X X X X X 
  O X O   
    O O   
    O     
----------

Black 2,0
----------
    O     
X X X X X 
X O X O   
    O O   
    O     
----------

White 2,4
----------
    O     
X X X X X 
X O X O O 
    O O   
    O     
----------

Black 3,1
----------
    O     
X X X X X 
X   X O O 
  X O O   
    O     
----------

White 3,4
----------
    O     
X X X X X 
X   X O O 
  X O O O 
    O     
----------

Black 2,1
----------
    O     
X X X X X 
X X X O O 
  X O O O 
    O     
----------

White 4,3
----------
    O     
X X X X X 
X X X O O 
  X O O O 
    O O   
----------

Black 3,0
----------
    O     
X X X X X 
X X X O O 
X X O O O 
    O O   
----------

White 4,1
----------
    O     
X X X X X 
X X X O O 
X X O O O 
  O O O   
----------

Black 0,0
----------
X   O     
X X X X X 
X X X O O 
X X O O O 
  O O O   
----------

White 0,3
----------
X   O O   
X X X X X 
X X X O O 
X X O O O 
  O O O   
----------

Black 0,1
----------
X X O O   
X X X X X 
X X X O O 
X X O O O 
  O O O   
----------

White 4,0
----------
X X O O   
X X X X X 
X X X O O 
X X O O O 
O O O O   
----------

Game end.
The winner is O
ta time: 7.53
student time: 1.57
Black(You) lose.
=====Round 3=====
Black:TA White:You
Wed Oct 28 23:00:08 PDT 2020
Clean up...
Start Playing...
Black 1,2
----------
          
    X     
          
          
          
----------

White 2,1
----------
          
    X     
  O       
          
          
----------

Black 2,2
----------
          
    X     
  O X     
          
          
----------

White 3,1
----------
          
    X     
  O X     
  O       
          
----------

Black 0,0
----------
X         
    X     
  O X     
  O       
          
----------

White 1,1
----------
X         
  O X     
  O X     
  O       
          
----------

Black 0,1
----------
X X       
  O X     
  O X     
  O       
          
----------

White 3,2
----------
X X       
  O X     
  O X     
  O O     
          
----------

Black 2,3
----------
X X       
  O X     
  O X X   
  O O     
          
----------

White 3,3
----------
X X       
  O X     
  O X X   
  O O O   
          
----------

Black 2,0
----------
X X       
  O X     
X O X X   
  O O O   
          
----------

White 3,4
----------
X X       
  O X     
X O X X   
  O O O O 
          
----------

Black 1,3
----------
X X       
  O X X   
X O X X   
  O O O O 
          
----------

White 2,4
----------
X X       
  O X X   
X O X X O 
  O O O O 
          
----------

Black 0,2
----------
X X X     
  O X X   
X O X X O 
  O O O O 
          
----------

White 1,4
----------
X X X     
  O X X O 
X O X X O 
  O O O O 
          
----------

Black 4,2
----------
X X X     
  O X X O 
X O X X O 
  O O O O 
    X     
----------

White 0,4
----------
X X X   O 
  O X X O 
X O X X O 
  O O O O 
    X     
----------

Black 4,3
----------
X X X   O 
  O X X O 
X O X X O 
  O O O O 
    X X   
----------

White 3,0
----------
X X X   O 
  O X X O 
X O X X O 
O O O O O 
    X X   
----------

Black 0,3
----------
X X X X O 
  O X X O 
X O X X O 
O O O O O 
    X X   
----------

White 1,0
----------
        O 
O O     O 
  O     O 
O O O O O 
    X X   
----------

Black 2,2
----------
        O 
O O     O 
  O X   O 
O O O O O 
    X X   
----------

White 1,2
----------
        O 
O O O   O 
  O X   O 
O O O O O 
    X X   
----------

Game end.
The winner is O
ta time: 11.33
student time: 2.15
White(You) win!
=====Round 4=====
Black:You White:TA
Wed Oct 28 23:00:19 PDT 2020
Clean up...
Start Playing...
Black 2,2
----------
          
          
    X     
          
          
----------

White 2,1
----------
          
          
  O X     
          
          
----------

Black 1,2
----------
          
    X     
  O X     
          
          
----------

White 3,2
----------
          
    X     
  O X     
    O     
          
----------

Black 1,1
----------
          
  X X     
  O X     
    O     
          
----------

White 2,3
----------
          
  X X     
  O X O   
    O     
          
----------

Black 1,3
----------
          
  X X X   
  O X O   
    O     
          
----------

White 0,2
----------
    O     
  X X X   
  O X O   
    O     
          
----------

Black 1,0
----------
    O     
X X X X   
  O X O   
    O     
          
----------

White 3,1
----------
    O     
X X X X   
  O X O   
  O O     
          
----------

Black 1,4
----------
    O     
X X X X X 
  O X O   
  O O     
          
----------

White 2,4
----------
    O     
X X X X X 
  O X O O 
  O O     
          
----------

Black 2,0
----------
    O     
X X X X X 
X O X O O 
  O O     
          
----------

White 3,3
----------
    O     
X X X X X 
X O X O O 
  O O O   
          
----------

Black 3,0
----------
    O     
X X X X X 
X O X O O 
X O O O   
          
----------

White 4,2
----------
    O     
X X X X X 
X O X O O 
X O O O   
    O     
----------

Black 4,0
----------
    O     
X X X X X 
X O X O O 
X O O O   
X   O     
----------

White 3,4
----------
    O     
X X X X X 
X O X O O 
X O O O O 
X   O     
----------

Black 0,0
----------
X   O     
X X X X X 
X O X O O 
X O O O O 
X   O     
----------

White 4,1
----------
X   O     
X X X X X 
X O X O O 
X O O O O 
X O O     
----------

Black 0,1
----------
X X O     
X X X X X 
X O X O O 
X O O O O 
X O O     
----------

White 4,3
----------
X X O     
X X X X X 
X O X O O 
X O O O O 
X O O O   
----------

Black 4,4
----------
X X O     
X X X X X 
X   X     
X         
X       X 
----------

White 2,3
----------
X X O     
X X X X X 
X   X O   
X         
X       X 
----------

Game end.
The winner is X
ta time: 14.75
student time: 2.88
Black(You) win!
=====Round 5=====
Black:TA White:You
Wed Oct 28 23:00:29 PDT 2020
Clean up...
Start Playing...
Black 1,2
----------
          
    X     
          
          
          
----------

White 2,1
----------
          
    X     
  O       
          
          
----------

Black 2,2
----------
          
    X     
  O X     
          
          
----------

White 3,1
----------
          
    X     
  O X     
  O       
          
----------

Black 0,0
----------
X         
    X     
  O X     
  O       
          
----------

White 1,1
----------
X         
  O X     
  O X     
  O       
          
----------

Black 0,1
----------
X X       
  O X     
  O X     
  O       
          
----------

White 3,2
----------
X X       
  O X     
  O X     
  O O     
          
----------

Black 2,3
----------
X X       
  O X     
  O X X   
  O O     
          
----------

White 3,3
----------
X X       
  O X     
  O X X   
  O O O   
          
----------

Black 2,0
----------
X X       
  O X     
X O X X   
  O O O   
          
----------

White 3,4
----------
X X       
  O X     
X O X X   
  O O O O 
          
----------

Black 1,3
----------
X X       
  O X X   
X O X X   
  O O O O 
          
----------

White 2,4
----------
X X       
  O X X   
X O X X O 
  O O O O 
          
----------

Black 0,2
----------
X X X     
  O X X   
X O X X O 
  O O O O 
          
----------

White 1,4
----------
X X X     
  O X X O 
X O X X O 
  O O O O 
          
----------

Black 4,2
----------
X X X     
  O X X O 
X O X X O 
  O O O O 
    X     
----------

White 0,4
----------
X X X   O 
  O X X O 
X O X X O 
  O O O O 
    X     
----------

Black 1,0
----------
X X X   O 
X O X X O 
X O X X O 
  O O O O 
    X     
----------

White 3,0
----------
X X X   O 
X O X X O 
X O X X O 
O O O O O 
    X     
----------

Black 4,1
----------
X X X   O 
X O X X O 
X O X X O 
O O O O O 
  X X     
----------

White 0,3
----------
      O O 
  O     O 
  O     O 
O O O O O 
  X X     
----------

Black 2,2
----------
      O O 
  O     O 
  O X   O 
O O O O O 
  X X     
----------

White 0,1
----------
  O   O O 
  O     O 
  O X   O 
O O O O O 
  X X     
----------

Game end.
The winner is O
ta time: 18.54
student time: 3.43
White(You) win!
=====Round 6=====
Black:You White:TA
Wed Oct 28 23:00:40 PDT 2020
Clean up...
Start Playing...
Black 2,2
----------
          
          
    X     
          
          
----------

White 2,1
----------
          
          
  O X     
          
          
----------

Black 1,2
----------
          
    X     
  O X     
          
          
----------

White 3,2
----------
          
    X     
  O X     
    O     
          
----------

Black 1,1
----------
          
  X X     
  O X     
    O     
          
----------

White 2,3
----------
          
  X X     
  O X O   
    O     
          
----------

Black 1,3
----------
          
  X X X   
  O X O   
    O     
          
----------

White 0,2
----------
    O     
  X X X   
  O X O   
    O     
          
----------

Black 1,0
----------
    O     
X X X X   
  O X O   
    O     
          
----------

White 4,2
----------
    O     
X X X X   
  O X O   
    O     
    O     
----------

Black 1,4
----------
    O     
X X X X X 
  O X O   
    O     
    O     
----------

White 2,4
----------
    O     
X X X X X 
  O X O O 
    O     
    O     
----------

Black 2,0
----------
    O     
X X X X X 
X O X O O 
    O     
    O     
----------

White 3,3
----------
    O     
X X X X X 
X O X O O 
    O O   
    O     
----------

Black 3,1
----------
    O     
X X X X X 
X   X O O 
  X O O   
    O     
----------

White 4,3
----------
    O     
X X X X X 
X   X O O 
  X O O   
    O O   
----------

Black 2,1
----------
    O     
X X X X X 
X X X O O 
  X O O   
    O O   
----------

White 3,0
----------
    O     
X X X X X 
X X X O O 
O X O O   
    O O   
----------

Black 4,1
----------
    O     
X X X X X 
X X X O O 
O X O O   
  X O O   
----------

White 0,3
----------
    O O   
X X X X X 
X X X O O 
O X O O   
  X O O   
----------

Black 4,0
----------
    O O   
X X X X X 
X X X O O 
  X O O   
X X O O   
----------

White 0,1
----------
  O O O   
X X X X X 
X X X O O 
  X O O   
X X O O   
----------

Black 0,0
----------
X O O O   
X X X X X 
X X X O O 
  X O O   
X X O O   
----------

White 3,4
----------
X O O O   
X X X X X 
X X X O O 
  X O O O 
X X O O   
----------

Game end.
The winner is O
ta time: 22.13
student time: 3.99
Black(You) lose.
=====Round 7=====
Black:TA White:You
Wed Oct 28 23:00:50 PDT 2020
Clean up...
Start Playing...
Black 1,2
----------
          
    X     
          
          
          
----------

White 2,1
----------
          
    X     
  O       
          
          
----------

Black 2,2
----------
          
    X     
  O X     
          
          
----------

White 3,1
----------
          
    X     
  O X     
  O       
          
----------

Black 0,0
----------
X         
    X     
  O X     
  O       
          
----------

White 1,1
----------
X         
  O X     
  O X     
  O       
          
----------

Black 0,1
----------
X X       
  O X     
  O X     
  O       
          
----------

White 3,2
----------
X X       
  O X     
  O X     
  O O     
          
----------

Black 2,3
----------
X X       
  O X     
  O X X   
  O O     
          
----------

White 3,3
----------
X X       
  O X     
  O X X   
  O O O   
          
----------

Black 0,2
----------
X X X     
  O X     
  O X X   
  O O O   
          
----------

White 3,4
----------
X X X     
  O X     
  O X X   
  O O O O 
          
----------

Black 2,4
----------
X X X     
  O X     
  O X X X 
  O O O O 
          
----------

White 3,0
----------
X X X     
  O X     
  O X X X 
O O O O O 
          
----------

Black 2,0
----------
X X X     
  O X     
X O X X X 
O O O O O 
          
----------

White 1,0
----------
X X X     
O O X     
  O X X X 
O O O O O 
          
----------

Black 1,3
----------
X X X     
O O X X   
  O X X X 
O O O O O 
          
----------

White 2,0
----------
X X X     
O O X X   
O O X X X 
O O O O O 
          
----------

Black 4,2
----------
X X X     
O O X X   
O O X X X 
O O O O O 
    X     
----------

White 4,0
----------
X X X     
O O X X   
O O X X X 
O O O O O 
O   X     
----------

Black 4,3
----------
X X X     
O O X X   
O O X X X 
O O O O O 
O   X X   
----------

White 0,4
----------
X X X   O 
O O X X   
O O X X X 
O O O O O 
O   X X   
----------

Black 4,1
----------
X X X   O 
O O X X   
O O X X X 
O O O O O 
O X X X   
----------

White 4,4
----------
X X X   O 
O O X X   
O O X X X 
O O O O O 
O       O 
----------

Game end.
The winner is O
ta time: 26.09
student time: 4.6
White(You) win!
=====Round 8=====
Black:You White:TA
Wed Oct 28 23:01:02 PDT 2020
Clean up...
Start Playing...
Black 2,2
----------
          
          
    X     
          
          
----------

White 2,1
----------
          
          
  O X     
          
          
----------

Black 1,2
----------
          
    X     
  O X     
          
          
----------

White 3,2
----------
          
    X     
  O X     
    O     
          
----------

Black 1,1
----------
          
  X X     
  O X     
    O     
          
----------

White 2,3
----------
          
  X X     
  O X O   
    O     
          
----------

Black 1,3
----------
          
  X X X   
  O X O   
    O     
          
----------

White 2,4
----------
          
  X X X   
  O X O O 
    O     
          
----------

Black 1,0
----------
          
X X X X   
  O X O O 
    O     
          
----------

White 3,1
----------
          
X X X X   
  O X O O 
  O O     
          
----------

Black 0,3
----------
      X   
X X X X   
  O X O O 
  O O     
          
----------

White 0,2
----------
    O X   
X X X X   
  O X O O 
  O O     
          
----------

Black 0,1
----------
  X   X   
X X X X   
  O X O O 
  O O     
          
----------

White 3,3
----------
  X   X   
X X X X   
  O X O O 
  O O O   
          
----------

Black 2,0
----------
  X   X   
X X X X   
X O X O O 
  O O O   
          
----------

White 4,2
----------
  X   X   
X X X X   
X O X O O 
  O O O   
    O     
----------

Black 3,0
----------
  X   X   
X X X X   
X O X O O 
X O O O   
    O     
----------

White 1,4
----------
  X   X   
X X X X O 
X O X O O 
X O O O   
    O     
----------

Black 4,0
----------
  X   X   
X X X X O 
X O X O O 
X O O O   
X   O     
----------

White 4,3
----------
  X   X   
X X X X O 
X O X O O 
X O O O   
X   O O   
----------

Black 0,0
----------
X X   X   
X X X X O 
X O X O O 
X O O O   
X   O O   
----------

White 3,4
----------
X X   X   
X X X X O 
X O X O O 
X O O O O 
X   O O   
----------

Black 0,2
----------
X X X X   
X X X X O 
X O X O O 
X O O O O 
X   O O   
----------

White 4,1
----------
X X X X   
X X X X O 
X O X O O 
X O O O O 
X O O O   
----------

Game end.
The winner is O
ta time: 29.51
student time: 5.36
Black(You) lose.
=====Round 9=====
Black:TA White:You
Wed Oct 28 23:01:12 PDT 2020
Clean up...
Start Playing...
Black 1,2
----------
          
    X     
          
          
          
----------

White 2,1
----------
          
    X     
  O       
          
          
----------

Black 2,2
----------
          
    X     
  O X     
          
          
----------

White 3,1
----------
          
    X     
  O X     
  O       
          
----------

Black 0,0
----------
X         
    X     
  O X     
  O       
          
----------

White 1,1
----------
X         
  O X     
  O X     
  O       
          
----------

Black 0,1
----------
X X       
  O X     
  O X     
  O       
          
----------

White 3,2
----------
X X       
  O X     
  O X     
  O O     
          
----------

Black 2,3
----------
X X       
  O X     
  O X X   
  O O     
          
----------

White 3,3
----------
X X       
  O X     
  O X X   
  O O O   
          
----------

Black 0,2
----------
X X X     
  O X     
  O X X   
  O O O   
          
----------

White 3,4
----------
X X X     
  O X     
  O X X   
  O O O O 
          
----------

Black 1,3
----------
X X X     
  O X X   
  O X X   
  O O O O 
          
----------

White 2,4
----------
X X X     
  O X X   
  O X X O 
  O O O O 
          
----------

Black 2,0
----------
X X X     
  O X X   
X O X X O 
  O O O O 
          
----------

White 1,4
----------
X X X     
  O X X O 
X O X X O 
  O O O O 
          
----------

Black 4,2
----------
X X X     
  O X X O 
X O X X O 
  O O O O 
    X     
----------

White 0,4
----------
X X X   O 
  O X X O 
X O X X O 
  O O O O 
    X     
----------

Black 1,0
----------
X X X   O 
X O X X O 
X O X X O 
  O O O O 
    X     
----------

White 3,0
----------
X X X   O 
X O X X O 
X O X X O 
O O O O O 
    X     
----------

Black 4,1
----------
X X X   O 
X O X X O 
X O X X O 
O O O O O 
  X X     
----------

White 0,3
----------
      O O 
  O     O 
  O     O 
O O O O O 
  X X     
----------

Black 2,2
----------
      O O 
  O     O 
  O X   O 
O O O O O 
  X X     
----------

White 0,1
----------
  O   O O 
  O     O 
  O X   O 
O O O O O 
  X X     
----------

Game end.
The winner is O
ta time: 33.28
student time: 5.82
White(You) win!
=====Round 10=====
Black:You White:TA
Wed Oct 28 23:01:23 PDT 2020
Clean up...
Start Playing...
Black 2,2
----------
          
          
    X     
          
          
----------

White 2,1
----------
          
          
  O X     
          
          
----------

Black 1,2
----------
          
    X     
  O X     
          
          
----------

White 3,2
----------
          
    X     
  O X     
    O     
          
----------

Black 1,1
----------
          
  X X     
  O X     
    O     
          
----------

White 2,3
----------
          
  X X     
  O X O   
    O     
          
----------

Black 1,3
----------
          
  X X X   
  O X O   
    O     
          
----------

White 3,1
----------
          
  X X X   
  O X O   
  O O     
          
----------

Black 1,0
----------
          
X X X X   
  O X O   
  O O     
          
----------

White 2,4
----------
          
X X X X   
  O X O O 
  O O     
          
----------

Black 0,3
----------
      X   
X X X X   
  O X O O 
  O O     
          
----------

White 2,0
----------
      X   
X X X X   
O O X O O 
  O O     
          
----------

Black 0,0
----------
X     X   
X X X X   
O O X O O 
  O O     
          
----------

White 4,2
----------
X     X   
X X X X   
O O X O O 
  O O     
    O     
----------

Black 0,1
----------
X X   X   
X X X X   
O O X O O 
  O O     
    O     
----------

White 3,3
----------
X X   X   
X X X X   
O O X O O 
  O O O   
    O     
----------

Black 0,2
----------
X X X X   
X X X X   
O O X O O 
  O O O   
    O     
----------

White 3,4
----------
X X X X   
X X X X   
O O X O O 
  O O O O 
    O     
----------

Black 4,0
----------
X X X X   
X X X X   
O O X O O 
  O O O O 
X   O     
----------

White 4,3
----------
X X X X   
X X X X   
O O X O O 
  O O O O 
X   O O   
----------

Black 0,4
----------
X X X X X 
X X X X   
O O X O O 
  O O O O 
X   O O   
----------

White 1,4
----------
          
        O 
O O   O O 
  O O O O 
X   O O   
----------

Black 1,2
----------
          
    X   O 
O O   O O 
  O O O O 
X   O O   
----------

White 2,2
----------
          
    X   O 
O O O O O 
  O O O O 
X   O O   
----------

Game end.
The winner is O
ta time: 36.73
student time: 6.49
Black(You) lose.

==Playing with championship_player==
=====Round 1=====
Black:TA White:You
Wed Oct 28 23:01:33 PDT 2020
Clean up...
Start Playing...
Black 2,2
----------
          
          
    X     
          
          
----------

White 1,1
----------
          
  O       
    X     
          
          
----------

Black 2,1
----------
          
  O       
  X X     
          
          
----------

White 1,2
----------
          
  O O     
  X X     
          
          
----------

Black 1,3
----------
          
  O O X   
  X X     
          
          
----------

White 1,0
----------
          
O O O X   
  X X     
          
          
----------

Black 0,3
----------
      X   
O O O X   
  X X     
          
          
----------

White 2,0
----------
      X   
O O O X   
O X X     
          
          
----------

Black 3,1
----------
      X   
O O O X   
O X X     
  X       
          
----------

White 3,0
----------
      X   
O O O X   
O X X     
O X       
          
----------

Black 4,1
----------
      X   
O O O X   
O X X     
O X       
  X       
----------

White 0,0
----------
O     X   
O O O X   
O X X     
O X       
  X       
----------

Black 0,2
----------
O   X X   
O O O X   
O X X     
O X       
  X       
----------

White 3,3
----------
O   X X   
O O O X   
O X X     
O X   O   
  X       
----------

Black 4,0
----------
O   X X   
O O O X   
O X X     
O X   O   
X X       
----------

White 2,3
----------
O   X X   
O O O X   
O X X O   
O X   O   
X X       
----------

Black 0,1
----------
  X X X   
      X   
  X X O   
  X   O   
X X       
----------

White 3,2
----------
  X X X   
      X   
  X X O   
  X O O   
X X       
----------

Black 1,2
----------
  X X X   
    X X   
  X X O   
  X O O   
X X       
----------

White 2,4
----------
  X X X   
    X X   
  X X O O 
  X O O   
X X       
----------

Black 4,3
----------
  X X X   
    X X   
  X X O O 
  X O O   
X X   X   
----------

White 1,4
----------
  X X X   
    X X O 
  X X O O 
  X O O   
X X   X   
----------

Black 0,4
----------
  X X X X 
    X X O 
  X X O O 
  X O O   
X X   X   
----------

White 3,4
----------
  X X X X 
    X X O 
  X X O O 
  X O O O 
X X   X   
----------

Game end.
The winner is X
ta time: 75.2
student time: 7.2
White(You) lose.
=====Round 2=====
Black:You White:TA
Wed Oct 28 23:02:02 PDT 2020
Clean up...
Start Playing...
Black 2,2
----------
          
          
    X     
          
          
----------

White 1,2
----------
          
    O     
    X     
          
          
----------

Black 2,1
----------
          
    O     
  X X     
          
          
----------

White 1,3
----------
          
    O O   
  X X     
          
          
----------

Black 1,1
----------
          
  X O O   
  X X     
          
          
----------

White 2,3
----------
          
  X O O   
  X X O   
          
          
----------

Black 3,1
----------
          
  X O O   
  X X O   
  X       
          
----------

White 3,3
----------
          
  X O O   
  X X O   
  X   O   
          
----------

Black 0,1
----------
  X       
  X O O   
  X X O   
  X   O   
          
----------

White 0,2
----------
  X O     
  X O O   
  X X O   
  X   O   
          
----------

Black 3,2
----------
  X O     
  X O O   
  X X O   
  X X O   
          
----------

White 4,3
----------
  X O     
  X O O   
  X X O   
  X X O   
      O   
----------

Black 3,0
----------
  X O     
  X O O   
  X X O   
X X X O   
      O   
----------

White 2,4
----------
  X O     
  X O O   
  X X O O 
X X X O   
      O   
----------

Black 0,0
----------
X X O     
  X O O   
  X X O O 
X X X O   
      O   
----------

White 1,4
----------
X X O     
  X O O O 
  X X O O 
X X X O   
      O   
----------

Black 1,0
----------
X X O     
X X O O O 
  X X O O 
X X X O   
      O   
----------

White 3,4
----------
X X O     
X X O O O 
  X X O O 
X X X O O 
      O   
----------

Black 2,0
----------
X X O     
X X O O O 
X X X O O 
X X X O O 
      O   
----------

White 4,2
----------
X X O     
X X O O O 
X X X O O 
X X X O O 
    O O   
----------

Black 4,0
----------
X X O     
X X O O O 
X X X O O 
X X X O O 
X   O O   
----------

White 0,4
----------
X X O   O 
X X O O O 
X X X O O 
X X X O O 
X   O O   
----------

Black PASS
----------
X X O   O 
X X O O O 
X X X O O 
X X X O O 
X   O O   
----------

White 4,4
----------
X X O   O 
X X O O O 
X X X O O 
X X X O O 
X   O O O 
----------

Game end.
The winner is O
ta time: 111.59
student time: 7.96
Black(You) lose.
=====Round 3=====
Black:TA White:You
Wed Oct 28 23:02:32 PDT 2020
Clean up...
Start Playing...
Black 2,2
----------
          
          
    X     
          
          
----------

White 1,1
----------
          
  O       
    X     
          
          
----------

Black 2,1
----------
          
  O       
  X X     
          
          
----------

White 1,2
----------
          
  O O     
  X X     
          
          
----------

Black 1,3
----------
          
  O O X   
  X X     
          
          
----------

White 1,0
----------
          
O O O X   
  X X     
          
          
----------

Black 0,3
----------
      X   
O O O X   
  X X     
          
          
----------

White 2,0
----------
      X   
O O O X   
O X X     
          
          
----------

Black 3,1
----------
      X   
O O O X   
O X X     
  X       
          
----------

White 3,0
----------
      X   
O O O X   
O X X     
O X       
          
----------

Black 4,1
----------
      X   
O O O X   
O X X     
O X       
  X       
----------

White 0,0
----------
O     X   
O O O X   
O X X     
O X       
  X       
----------

Black 0,2
----------
O   X X   
O O O X   
O X X     
O X       
  X       
----------

White 3,3
----------
O   X X   
O O O X   
O X X     
O X   O   
  X       
----------

Black 4,0
----------
O   X X   
O O O X   
O X X     
O X   O   
X X       
----------

White 2,3
----------
O   X X   
O O O X   
O X X O   
O X   O   
X X       
----------

Black 0,1
----------
  X X X   
      X   
  X X O   
  X   O   
X X       
----------

White 3,2
----------
  X X X   
      X   
  X X O   
  X O O   
X X       
----------

Black 1,2
----------
  X X X   
    X X   
  X X O   
  X O O   
X X       
----------

White 2,4
----------
  X X X   
    X X   
  X X O O 
  X O O   
X X       
----------

Black 0,0
----------
X X X X   
    X X   
  X X O O 
  X O O   
X X       
----------

White 1,4
----------
X X X X   
    X X O 
  X X O O 
  X O O   
X X       
----------

Black 3,0
----------
X X X X   
    X X O 
  X X O O 
X X O O   
X X       
----------

White 3,4
----------
X X X X   
    X X O 
  X X O O 
X X O O O 
X X       
----------

Game end.
The winner is X
ta time: 149.62
student time: 8.38
White(You) lose.
=====Round 4=====
Black:You White:TA
Wed Oct 28 23:03:00 PDT 2020
Clean up...
Start Playing...
Black 2,2
----------
          
          
    X     
          
          
----------

White 2,1
----------
          
          
  O X     
          
          
----------

Black 1,2
----------
          
    X     
  O X     
          
          
----------

White 3,1
----------
          
    X     
  O X     
  O       
          
----------

Black 1,1
----------
          
  X X     
  O X     
  O       
          
----------

White 3,2
----------
          
  X X     
  O X     
  O O     
          
----------

Black 1,3
----------
          
  X X X   
  O X     
  O O     
          
----------

White 3,3
----------
          
  X X X   
  O X     
  O O O   
          
----------

Black 1,0
----------
          
X X X X   
  O X     
  O O O   
          
----------

White 2,0
----------
          
X X X X   
O O X     
  O O O   
          
----------

Black 1,4
----------
          
X X X X X 
O O X     
  O O O   
          
----------

White 3,4
----------
          
X X X X X 
O O X     
  O O O O 
          
----------

Black 2,3
----------
          
X X X X X 
O O X X   
  O O O O 
          
----------

White 4,1
----------
          
X X X X X 
O O X X   
  O O O O 
  O       
----------

Black 0,0
----------
X         
X X X X X 
O O X X   
  O O O O 
  O       
----------

White 4,3
----------
X         
X X X X X 
O O X X   
  O O O O 
  O   O   
----------

Black 0,1
----------
X X       
X X X X X 
O O X X   
  O O O O 
  O   O   
----------

White 3,0
----------
X X       
X X X X X 
O O X X   
O O O O O 
  O   O   
----------

Black 0,2
----------
X X X     
X X X X X 
O O X X   
O O O O O 
  O   O   
----------

White 2,4
----------
X X X     
X X X X X 
O O X X O 
O O O O O 
  O   O   
----------

Black 0,3
----------
X X X X   
X X X X X 
O O X X O 
O O O O O 
  O   O   
----------

White 0,4
----------
        O 
          
O O     O 
O O O O O 
  O   O   
----------

Black 1,2
----------
        O 
    X     
O O     O 
O O O O O 
  O   O   
----------

White 2,2
----------
        O 
    X     
O O O   O 
O O O O O 
  O   O   
----------

Game end.
The winner is O
ta time: 185.89
student time: 9.01
Black(You) lose.
=====Round 5=====
Black:TA White:You
Wed Oct 28 23:03:29 PDT 2020
Clean up...
Start Playing...
Black 2,2
----------
          
          
    X     
          
          
----------

White 1,1
----------
          
  O       
    X     
          
          
----------

Black 2,1
----------
          
  O       
  X X     
          
          
----------

White 1,2
----------
          
  O O     
  X X     
          
          
----------

Black 1,3
----------
          
  O O X   
  X X     
          
          
----------

White 1,0
----------
          
O O O X   
  X X     
          
          
----------

Black 0,3
----------
      X   
O O O X   
  X X     
          
          
----------

White 2,0
----------
      X   
O O O X   
O X X     
          
          
----------

Black 3,1
----------
      X   
O O O X   
O X X     
  X       
          
----------

White 3,0
----------
      X   
O O O X   
O X X     
O X       
          
----------

Black 4,1
----------
      X   
O O O X   
O X X     
O X       
  X       
----------

White 0,0
----------
O     X   
O O O X   
O X X     
O X       
  X       
----------

Black 0,2
----------
O   X X   
O O O X   
O X X     
O X       
  X       
----------

White 3,3
----------
O   X X   
O O O X   
O X X     
O X   O   
  X       
----------

Black 4,0
----------
O   X X   
O O O X   
O X X     
O X   O   
X X       
----------

White 2,3
----------
O   X X   
O O O X   
O X X O   
O X   O   
X X       
----------

Black 0,1
----------
  X X X   
      X   
  X X O   
  X   O   
X X       
----------

White 3,2
----------
  X X X   
      X   
  X X O   
  X O O   
X X       
----------

Black 2,4
----------
  X X X   
      X   
  X X O X 
  X O O   
X X       
----------

White 3,4
----------
  X X X   
      X   
  X X O X 
  X O O O 
X X       
----------

Black 1,4
----------
  X X X   
      X X 
  X X O X 
  X O O O 
X X       
----------

White 4,2
----------
  X X X   
      X X 
  X X O X 
  X O O O 
X X O     
----------

Black 4,3
----------
  X X X   
      X X 
  X X O X 
  X O O O 
X X O X   
----------

White 1,0
----------
  X X X   
O     X X 
  X X O X 
  X O O O 
X X O X   
----------

Game end.
The winner is X
ta time: 220.79
student time: 9.38
White(You) lose.
=====Round 6=====
Black:You White:TA
Wed Oct 28 23:03:56 PDT 2020
Clean up...
Start Playing...
Black 2,2
----------
          
          
    X     
          
          
----------

White 1,2
----------
          
    O     
    X     
          
          
----------

Black 2,1
----------
          
    O     
  X X     
          
          
----------

White 1,3
----------
          
    O O   
  X X     
          
          
----------

Black 1,1
----------
          
  X O O   
  X X     
          
          
----------

White 2,3
----------
          
  X O O   
  X X O   
          
          
----------

Black 3,1
----------
          
  X O O   
  X X O   
  X       
          
----------

White 3,3
----------
          
  X O O   
  X X O   
  X   O   
          
----------

Black 0,1
----------
  X       
  X O O   
  X X O   
  X   O   
          
----------

White 0,2
----------
  X O     
  X O O   
  X X O   
  X   O   
          
----------

Black 3,2
----------
  X O     
  X O O   
  X X O   
  X X O   
          
----------

White 4,3
----------
  X O     
  X O O   
  X X O   
  X X O   
      O   
----------

Black 3,0
----------
  X O     
  X O O   
  X X O   
X X X O   
      O   
----------

White 1,4
----------
  X O     
  X O O O 
  X X O   
X X X O   
      O   
----------

Black 0,0
----------
X X O     
  X O O O 
  X X O   
X X X O   
      O   
----------

White 3,4
----------
X X O     
  X O O O 
  X X O   
X X X O O 
      O   
----------

Black 1,0
----------
X X O     
X X O O O 
  X X O   
X X X O O 
      O   
----------

White 0,4
----------
X X O   O 
X X O O O 
  X X O   
X X X O O 
      O   
----------

Black 2,0
----------
X X O   O 
X X O O O 
X X X O   
X X X O O 
      O   
----------

White 4,1
----------
X X O   O 
X X O O O 
X X X O   
X X X O O 
  O   O   
----------

Black 4,0
----------
X X O   O 
X X O O O 
X X X O   
X X X O O 
X O   O   
----------

White 4,2
----------
    O   O 
    O O O 
      O   
      O O 
  O O O   
----------

Black 2,1
----------
    O   O 
    O O O 
  X   O   
      O O 
  O O O   
----------

White 3,1
----------
    O   O 
    O O O 
  X   O   
  O   O O 
  O O O   
----------

Game end.
The winner is O
ta time: 254.21
student time: 9.83
Black(You) lose.
=====Round 7=====
Black:TA White:You
Wed Oct 28 23:04:23 PDT 2020
Clean up...
Start Playing...
Black 2,2
----------
          
          
    X     
          
          
----------

White 1,1
----------
          
  O       
    X     
          
          
----------

Black 1,2
----------
          
  O X     
    X     
          
          
----------

White 2,1
----------
          
  O X     
  O X     
          
          
----------

Black 3,1
----------
          
  O X     
  O X     
  X       
          
----------

White 0,1
----------
  O       
  O X     
  O X     
  X       
          
----------

Black 2,0
----------
  O       
  O X     
X O X     
  X       
          
----------

White 0,2
----------
  O O     
  O X     
X O X     
  X       
          
----------

Black 1,3
----------
  O O     
  O X X   
X O X     
  X       
          
----------

White 0,3
----------
  O O O   
  O X X   
X O X     
  X       
          
----------

Black 1,4
----------
  O O O   
  O X X X 
X O X     
  X       
          
----------

White 0,0
----------
O O O O   
  O X X X 
X O X     
  X       
          
----------

Black 0,4
----------
O O O O X 
  O X X X 
X O X     
  X       
          
----------

White 3,3
----------
O O O O X 
  O X X X 
X O X     
  X   O   
          
----------

Black 1,0
----------
        X 
X   X X X 
X   X     
  X   O   
          
----------

White 2,3
----------
        X 
X   X X X 
X   X O   
  X   O   
          
----------

Black 3,2
----------
        X 
X   X X X 
X   X O   
  X X O   
          
----------

White 4,3
----------
        X 
X   X X X 
X   X O   
  X X O   
      O   
----------

Black 0,2
----------
    X   X 
X   X X X 
X   X O   
  X X O   
      O   
----------

White 4,2
----------
    X   X 
X   X X X 
X   X O   
  X X O   
    O O   
----------

Black 2,1
----------
    X   X 
X   X X X 
X X X O   
  X X O   
    O O   
----------

White 4,1
----------
    X   X 
X   X X X 
X X X O   
  X X O   
  O O O   
----------

Black 4,0
----------
    X   X 
X   X X X 
X X X O   
  X X O   
X O O O   
----------

White 2,4
----------
    X   X 
X   X X X 
X X X O O 
  X X O   
X O O O   
----------

Game end.
The winner is X
ta time: 284.43
student time: 10.32
White(You) lose.
=====Round 8=====
Black:You White:TA
Wed Oct 28 23:04:48 PDT 2020
Clean up...
Start Playing...
Black 2,2
----------
          
          
    X     
          
          
----------

White 3,2
----------
          
          
    X     
    O     
          
----------

Black 1,2
----------
          
    X     
    X     
    O     
          
----------

White 3,1
----------
          
    X     
    X     
  O O     
          
----------

Black 1,1
----------
          
  X X     
    X     
  O O     
          
----------

White 3,3
----------
          
  X X     
    X     
  O O O   
          
----------

Black 1,3
----------
          
  X X X   
    X     
  O O O   
          
----------

White 2,3
----------
          
  X X X   
    X O   
  O O O   
          
----------

Black 1,0
----------
          
X X X X   
    X O   
  O O O   
          
----------

White 1,4
----------
          
X X X X O 
    X O   
  O O O   
          
----------

Black 0,3
----------
      X   
X X X X O 
    X O   
  O O O   
          
----------

White 2,1
----------
      X   
X X X X O 
  O X O   
  O O O   
          
----------

Black 2,0
----------
      X   
X X X X O 
X O X O   
  O O O   
          
----------

White 3,0
----------
      X   
X X X X O 
X O X O   
O O O O   
          
----------

Black 0,0
----------
X     X   
X X X X O 
X O X O   
O O O O   
          
----------

White 2,4
----------
X     X   
X X X X O 
X O X O O 
O O O O   
          
----------

Black 0,1
----------
X X   X   
X X X X O 
X O X O O 
O O O O   
          
----------

White 4,2
----------
X X   X   
X X X X O 
X O X O O 
O O O O   
    O     
----------

Black 4,4
----------
X X   X   
X X X X O 
X O X O O 
O O O O   
    O   X 
----------

White 4,3
----------
X X   X   
X X X X O 
X O X O O 
O O O O   
    O O X 
----------

Black 0,2
----------
X X X X   
X X X X O 
X O X O O 
O O O O   
    O O X 
----------

White 0,4
----------
        O 
        O 
  O   O O 
O O O O   
    O O X 
----------

Black 1,2
----------
        O 
    X   O 
  O   O O 
O O O O   
    O O X 
----------

White 1,1
----------
        O 
  O X   O 
  O   O O 
O O O O   
    O O X 
----------

Game end.
The winner is O
ta time: 321.2
student time: 10.99
Black(You) lose.
=====Round 9=====
Black:TA White:You
Wed Oct 28 23:05:17 PDT 2020
Clean up...
Start Playing...
Black 2,2
----------
          
          
    X     
          
          
----------

White 1,1
----------
          
  O       
    X     
          
          
----------

Black 1,2
----------
          
  O X     
    X     
          
          
----------

White 2,1
----------
          
  O X     
  O X     
          
          
----------

Black 3,1
----------
          
  O X     
  O X     
  X       
          
----------

White 0,1
----------
  O       
  O X     
  O X     
  X       
          
----------

Black 3,0
----------
  O       
  O X     
  O X     
X X       
          
----------

White 0,2
----------
  O O     
  O X     
  O X     
X X       
          
----------

Black 1,3
----------
  O O     
  O X X   
  O X     
X X       
          
----------

White 0,3
----------
  O O O   
  O X X   
  O X     
X X       
          
----------

Black 1,4
----------
  O O O   
  O X X X 
  O X     
X X       
          
----------

White 0,0
----------
O O O O   
  O X X X 
  O X     
X X       
          
----------

Black 2,0
----------
O O O O   
  O X X X 
X O X     
X X       
          
----------

White 3,3
----------
O O O O   
  O X X X 
X O X     
X X   O   
          
----------

Black 0,4
----------
O O O O X 
  O X X X 
X O X     
X X   O   
          
----------

White 2,3
----------
O O O O X 
  O X X X 
X O X O   
X X   O   
          
----------

Black 1,0
----------
        X 
X   X X X 
X   X O   
X X   O   
          
----------

White 3,2
----------
        X 
X   X X X 
X   X O   
X X O O   
          
----------

Black 2,1
----------
        X 
X   X X X 
X X X O   
X X O O   
          
----------

White 3,4
----------
        X 
X   X X X 
X X X O   
X X O O O 
          
----------

Black 4,2
----------
        X 
X   X X X 
X X X O   
X X O O O 
    X     
----------

White 2,4
----------
        X 
X   X X X 
X X X O O 
X X O O O 
    X     
----------

Black 4,4
----------
        X 
X   X X X 
X X X O O 
X X O O O 
    X   X 
----------

White 0,1
----------
  O     X 
X   X X X 
X X X O O 
X X O O O 
    X   X 
----------

Game end.
The winner is X
ta time: 360.16
student time: 11.56
White(You) lose.
=====Round 10=====
Black:You White:TA
Wed Oct 28 23:05:45 PDT 2020
Clean up...
Start Playing...
Black 2,2
----------
          
          
    X     
          
          
----------

White 1,3
----------
          
      O   
    X     
          
          
----------

Black 2,1
----------
          
      O   
  X X     
          
          
----------

White 1,2
----------
          
    O O   
  X X     
          
          
----------

Black 1,1
----------
          
  X O O   
  X X     
          
          
----------

White 2,3
----------
          
  X O O   
  X X O   
          
          
----------

Black 3,1
----------
          
  X O O   
  X X O   
  X       
          
----------

White 3,3
----------
          
  X O O   
  X X O   
  X   O   
          
----------

Black 0,1
----------
  X       
  X O O   
  X X O   
  X   O   
          
----------

White 0,2
----------
  X O     
  X O O   
  X X O   
  X   O   
          
----------

Black 3,2
----------
  X O     
  X O O   
  X X O   
  X X O   
          
----------

White 4,3
----------
  X O     
  X O O   
  X X O   
  X X O   
      O   
----------

Black 3,0
----------
  X O     
  X O O   
  X X O   
X X X O   
      O   
----------

White 1,4
----------
  X O     
  X O O O 
  X X O   
X X X O   
      O   
----------

Black 0,0
----------
X X O     
  X O O O 
  X X O   
X X X O   
      O   
----------

White 3,4
----------
X X O     
  X O O O 
  X X O   
X X X O O 
      O   
----------

Black 1,0
----------
X X O     
X X O O O 
  X X O   
X X X O O 
      O   
----------

White 0,4
----------
X X O   O 
X X O O O 
  X X O   
X X X O O 
      O   
----------

Black 2,0
----------
X X O   O 
X X O O O 
X X X O   
X X X O O 
      O   
----------

White 4,2
----------
X X O   O 
X X O O O 
X X X O   
X X X O O 
    O O   
----------

Black 4,0
----------
X X O   O 
X X O O O 
X X X O   
X X X O O 
X   O O   
----------

White 4,1
----------
    O   O 
    O O O 
      O   
      O O 
  O O O   
----------

Black 2,1
----------
    O   O 
    O O O 
  X   O   
      O O 
  O O O   
----------

White 2,2
----------
    O   O 
    O O O 
  X O O   
      O O 
  O O O   
----------

Game end.
The winner is O
ta time: 395.95
student time: 11.97
Black(You) lose.
