Wed Oct 28 06:28:55 PDT 2020

==Playing with qlearning_player==
=====Round 1=====
Black:TA White:You
Wed Oct 28 06:28:55 PDT 2020
Clean up...
Start Playing...
Black 1,2
----------
          
    X     
          
          
          
----------

White 2,1
----------
          
    X     
  O       
          
          
----------

Black 2,2
----------
          
    X     
  O X     
          
          
----------

White 3,1
----------
          
    X     
  O X     
  O       
          
----------

Black 0,0
----------
X         
    X     
  O X     
  O       
          
----------

White 0,1
----------
X O       
    X     
  O X     
  O       
          
----------

Black 3,2
----------
X O       
    X     
  O X     
  O X     
          
----------

White 1,0
----------
  O       
O   X     
  O X     
  O X     
          
----------

Black 0,2
----------
  O X     
O   X     
  O X     
  O X     
          
----------

White 4,1
----------
  O X     
O   X     
  O X     
  O X     
  O       
----------

Black 2,3
----------
  O X     
O   X     
  O X X   
  O X     
  O       
----------

White 4,2
----------
  O X     
O   X     
  O X X   
  O X     
  O O     
----------

Black 2,4
----------
  O X     
O   X     
  O X X X 
  O X     
  O O     
----------

White 4,3
----------
  O X     
O   X     
  O X X X 
  O X     
  O O O   
----------

Black 2,0
----------
  O X     
O   X     
X O X X X 
  O X     
  O O O   
----------

White 3,0
----------
  O X     
O   X     
  O X X X 
O O X     
  O O O   
----------

Black 3,3
----------
  O X     
O   X     
  O X X X 
O O X X   
  O O O   
----------

White 1,1
----------
  O X     
O O X     
  O X X X 
O O X X   
  O O O   
----------

Black 1,3
----------
  O X     
O O X X   
  O X X X 
O O X X   
  O O O   
----------

White 4,4
----------
  O X     
O O X X   
  O X X X 
O O X X   
  O O O O 
----------

Black 1,4
----------
  O X     
O O X X X 
  O X X X 
O O X X   
  O O O O 
----------

White 0,0
----------
O O X     
O O X X X 
  O X X X 
O O X X   
  O O O O 
----------

Black 0,3
----------
O O X X   
O O X X X 
  O X X X 
O O X X   
  O O O O 
----------

White 3,4
----------
O O X X   
O O X X X 
  O X X X 
O O X X O 
  O O O O 
----------

Game end.
The winner is O
ta time: 3.96
student time: 0.77
White(You) win!
=====Round 2=====
Black:You White:TA
Wed Oct 28 06:29:04 PDT 2020
Clean up...
Start Playing...
Black 2,2
----------
          
          
    X     
          
          
----------

White 2,1
----------
          
          
  O X     
          
          
----------

Black 1,2
----------
          
    X     
  O X     
          
          
----------

White 3,2
----------
          
    X     
  O X     
    O     
          
----------

Black 1,1
----------
          
  X X     
  O X     
    O     
          
----------

White 2,3
----------
          
  X X     
  O X O   
    O     
          
----------

Black 3,1
----------
          
  X X     
  O X O   
  X O     
          
----------

White 1,3
----------
          
  X X O   
  O X O   
  X O     
          
----------

Black 2,0
----------
          
  X X O   
X   X O   
  X O     
          
----------

White 4,2
----------
          
  X X O   
X   X O   
  X O     
    O     
----------

Black 0,1
----------
  X       
  X X O   
X   X O   
  X O     
    O     
----------

White 0,2
----------
  X O     
  X X O   
X   X O   
  X O     
    O     
----------

Black 2,1
----------
  X O     
  X X O   
X X X O   
  X O     
    O     
----------

White 2,4
----------
  X O     
  X X O   
X X X O O 
  X O     
    O     
----------

Black 3,0
----------
  X O     
  X X O   
X X X O O 
X X O     
    O     
----------

White 3,3
----------
  X O     
  X X O   
X X X O O 
X X O O   
    O     
----------

Black 0,0
----------
X X O     
  X X O   
X X X O O 
X X O O   
    O     
----------

White 4,1
----------
X X O     
  X X O   
X X X O O 
X X O O   
  O O     
----------

Black 0,4
----------
X X O   X 
  X X O   
X X X O O 
X X O O   
  O O     
----------

White 1,4
----------
X X O   X 
  X X O O 
X X X O O 
X X O O   
  O O     
----------

Black 4,4
----------
X X O   X 
  X X O O 
X X X O O 
X X O O   
  O O   X 
----------

White 0,3
----------
X X O O   
  X X O O 
X X X O O 
X X O O   
  O O   X 
----------

Black 1,0
----------
X X O O   
X X X O O 
X X X O O 
X X O O   
  O O   X 
----------

White 4,0
----------
    O O   
      O O 
      O O 
    O O   
O O O   X 
----------

Game end.
The winner is O
ta time: 6.98
student time: 1.59
Black(You) lose.
=====Round 3=====
Black:TA White:You
Wed Oct 28 06:29:17 PDT 2020
Clean up...
Start Playing...
Black 1,2
----------
          
    X     
          
          
          
----------

White 2,1
----------
          
    X     
  O       
          
          
----------

Black 2,2
----------
          
    X     
  O X     
          
          
----------

White 3,1
----------
          
    X     
  O X     
  O       
          
----------

Black 0,0
----------
X         
    X     
  O X     
  O       
          
----------

White 0,1
----------
X O       
    X     
  O X     
  O       
          
----------

Black 2,3
----------
X O       
    X     
  O X X   
  O       
          
----------

White 1,0
----------
  O       
O   X     
  O X X   
  O       
          
----------

Black 0,2
----------
  O X     
O   X     
  O X X   
  O       
          
----------

White 3,2
----------
  O X     
O   X     
  O X X   
  O O     
          
----------

Black 0,3
----------
  O X X   
O   X     
  O X X   
  O O     
          
----------

White 3,3
----------
  O X X   
O   X     
  O X X   
  O O O   
          
----------

Black 0,4
----------
  O X X X 
O   X     
  O X X   
  O O O   
          
----------

White 3,4
----------
  O X X X 
O   X     
  O X X   
  O O O O 
          
----------

Black 4,2
----------
  O X X X 
O   X     
  O X X   
  O O O O 
    X     
----------

White 4,1
----------
  O X X X 
O   X     
  O X X   
  O O O O 
  O X     
----------

Black 1,3
----------
  O X X X 
O   X X   
  O X X   
  O O O O 
  O X     
----------

White 4,3
----------
  O X X X 
O   X X   
  O X X   
  O O O O 
  O   O   
----------

Black 2,4
----------
  O X X X 
O   X X   
  O X X X 
  O O O O 
  O   O   
----------

White 1,1
----------
  O X X X 
O O X X   
  O X X X 
  O O O O 
  O   O   
----------

Black 2,0
----------
  O X X X 
O O X X   
X O X X X 
  O O O O 
  O   O   
----------

White 1,4
----------
  O       
O O     O 
X O       
  O O O O 
  O   O   
----------

Black 2,2
----------
  O       
O O     O 
X O X     
  O O O O 
  O   O   
----------

White 3,0
----------
  O       
O O     O 
  O X     
O O O O O 
  O   O   
----------

Game end.
The winner is O
ta time: 10.41
student time: 2.61
White(You) win!
=====Round 4=====
Black:You White:TA
Wed Oct 28 06:29:30 PDT 2020
Clean up...
Start Playing...
Black 2,2
----------
          
          
    X     
          
          
----------

White 2,1
----------
          
          
  O X     
          
          
----------

Black 1,2
----------
          
    X     
  O X     
          
          
----------

White 3,2
----------
          
    X     
  O X     
    O     
          
----------

Black 1,1
----------
          
  X X     
  O X     
    O     
          
----------

White 2,3
----------
          
  X X     
  O X O   
    O     
          
----------

Black 3,1
----------
          
  X X     
  O X O   
  X O     
          
----------

White 1,3
----------
          
  X X O   
  O X O   
  X O     
          
----------

Black 2,0
----------
          
  X X O   
X   X O   
  X O     
          
----------

White 0,2
----------
    O     
  X X O   
X   X O   
  X O     
          
----------

Black 0,1
----------
  X O     
  X X O   
X   X O   
  X O     
          
----------

White 4,2
----------
  X O     
  X X O   
X   X O   
  X O     
    O     
----------

Black 2,1
----------
  X O     
  X X O   
X X X O   
  X O     
    O     
----------

White 2,4
----------
  X O     
  X X O   
X X X O O 
  X O     
    O     
----------

Black 3,0
----------
  X O     
  X X O   
X X X O O 
X X O     
    O     
----------

White 3,3
----------
  X O     
  X X O   
X X X O O 
X X O O   
    O     
----------

Black 0,0
----------
X X O     
  X X O   
X X X O O 
X X O O   
    O     
----------

White 3,4
----------
X X O     
  X X O   
X X X O O 
X X O O O 
    O     
----------

Black 1,0
----------
X X O     
X X X O   
X X X O O 
X X O O O 
    O     
----------

White 4,1
----------
X X O     
X X X O   
X X X O O 
X X O O O 
  O O     
----------

Black 0,4
----------
X X O   X 
X X X O   
X X X O O 
X X O O O 
  O O     
----------

White 4,0
----------
    O   X 
      O   
      O O 
    O O O 
O O O     
----------

Black 1,1
----------
    O   X 
  X   O   
      O O 
    O O O 
O O O     
----------

White 2,2
----------
    O   X 
  X   O   
    O O O 
    O O O 
O O O     
----------

Game end.
The winner is O
ta time: 13.64
student time: 3.33
Black(You) lose.
=====Round 5=====
Black:TA White:You
Wed Oct 28 06:29:40 PDT 2020
Clean up...
Start Playing...
Black 1,2
----------
          
    X     
          
          
          
----------

White 2,1
----------
          
    X     
  O       
          
          
----------

Black 2,2
----------
          
    X     
  O X     
          
          
----------

White 3,1
----------
          
    X     
  O X     
  O       
          
----------

Black 0,0
----------
X         
    X     
  O X     
  O       
          
----------

White 0,1
----------
X O       
    X     
  O X     
  O       
          
----------

Black 2,3
----------
X O       
    X     
  O X X   
  O       
          
----------

White 1,0
----------
  O       
O   X     
  O X X   
  O       
          
----------

Black 0,2
----------
  O X     
O   X     
  O X X   
  O       
          
----------

White 3,2
----------
  O X     
O   X     
  O X X   
  O O     
          
----------

Black 0,3
----------
  O X X   
O   X     
  O X X   
  O O     
          
----------

White 3,3
----------
  O X X   
O   X     
  O X X   
  O O O   
          
----------

Black 0,4
----------
  O X X X 
O   X     
  O X X   
  O O O   
          
----------

White 3,4
----------
  O X X X 
O   X     
  O X X   
  O O O O 
          
----------

Black 4,2
----------
  O X X X 
O   X     
  O X X   
  O O O O 
    X     
----------

White 4,1
----------
  O X X X 
O   X     
  O X X   
  O O O O 
  O X     
----------

Black 1,1
----------
  O X X X 
O X X     
  O X X   
  O O O O 
  O X     
----------

White 4,3
----------
  O X X X 
O X X     
  O X X   
  O O O O 
  O   O   
----------

Black 0,0
----------
X   X X X 
O X X     
  O X X   
  O O O O 
  O   O   
----------

White 2,4
----------
X   X X X 
O X X     
  O X X O 
  O O O O 
  O   O   
----------

Black 2,0
----------
X   X X X 
  X X     
X O X X O 
  O O O O 
  O   O   
----------

White 3,0
----------
X   X X X 
  X X     
X O X X O 
O O O O O 
  O   O   
----------

Black 1,3
----------
X   X X X 
  X X X   
X O X X O 
O O O O O 
  O   O   
----------

White 1,4
----------
X   X X X 
  X X X O 
X O X X O 
O O O O O 
  O   O   
----------

Game end.
The winner is O
ta time: 17
student time: 4.29
White(You) win!
=====Round 6=====
Black:You White:TA
Wed Oct 28 06:29:56 PDT 2020
Clean up...
Start Playing...
Black 2,2
----------
          
          
    X     
          
          
----------

White 2,1
----------
          
          
  O X     
          
          
----------

Black 1,2
----------
          
    X     
  O X     
          
          
----------

White 3,2
----------
          
    X     
  O X     
    O     
          
----------

Black 1,1
----------
          
  X X     
  O X     
    O     
          
----------

White 2,3
----------
          
  X X     
  O X O   
    O     
          
----------

Black 3,1
----------
          
  X X     
  O X O   
  X O     
          
----------

White 1,3
----------
          
  X X O   
  O X O   
  X O     
          
----------

Black 2,0
----------
          
  X X O   
X   X O   
  X O     
          
----------

White 4,2
----------
          
  X X O   
X   X O   
  X O     
    O     
----------

Black 0,1
----------
  X       
  X X O   
X   X O   
  X O     
    O     
----------

White 0,2
----------
  X O     
  X X O   
X   X O   
  X O     
    O     
----------

Black 2,1
----------
  X O     
  X X O   
X X X O   
  X O     
    O     
----------

White 3,3
----------
  X O     
  X X O   
X X X O   
  X O O   
    O     
----------

Black 3,0
----------
  X O     
  X X O   
X X X O   
X X O O   
    O     
----------

White 2,4
----------
  X O     
  X X O   
X X X O O 
X X O O   
    O     
----------

Black 0,0
----------
X X O     
  X X O   
X X X O O 
X X O O   
    O     
----------

White 0,3
----------
X X O O   
  X X O   
X X X O O 
X X O O   
    O     
----------

Black 1,0
----------
X X O O   
X X X O   
X X X O O 
X X O O   
    O     
----------

White 4,1
----------
X X O O   
X X X O   
X X X O O 
X X O O   
  O O     
----------

Black 4,4
----------
X X O O   
X X X O   
X X X O O 
X X O O   
  O O   X 
----------

White 4,0
----------
    O O   
      O   
      O O 
    O O   
O O O   X 
----------

Black 1,1
----------
    O O   
  X   O   
      O O 
    O O   
O O O   X 
----------

White 2,2
----------
    O O   
  X   O   
    O O O 
    O O   
O O O   X 
----------

Game end.
The winner is O
ta time: 20.33
student time: 5.16
Black(You) lose.
=====Round 7=====
Black:TA White:You
Wed Oct 28 06:30:08 PDT 2020
Clean up...
Start Playing...
Black 1,2
----------
          
    X     
          
          
          
----------

White 2,1
----------
          
    X     
  O       
          
          
----------

Black 2,2
----------
          
    X     
  O X     
          
          
----------

White 3,1
----------
          
    X     
  O X     
  O       
          
----------

Black 0,0
----------
X         
    X     
  O X     
  O       
          
----------

White 0,1
----------
X O       
    X     
  O X     
  O       
          
----------

Black 3,2
----------
X O       
    X     
  O X     
  O X     
          
----------

White 1,0
----------
  O       
O   X     
  O X     
  O X     
          
----------

Black 0,2
----------
  O X     
O   X     
  O X     
  O X     
          
----------

White 4,1
----------
  O X     
O   X     
  O X     
  O X     
  O       
----------

Black 2,3
----------
  O X     
O   X     
  O X X   
  O X     
  O       
----------

White 4,2
----------
  O X     
O   X     
  O X X   
  O X     
  O O     
----------

Black 3,3
----------
  O X     
O   X     
  O X X   
  O X X   
  O O     
----------

White 4,3
----------
  O X     
O   X     
  O X X   
  O X X   
  O O O   
----------

Black 2,4
----------
  O X     
O   X     
  O X X X 
  O X X   
  O O O   
----------

White 4,4
----------
  O X     
O   X     
  O X X X 
  O X X   
  O O O O 
----------

Black 2,0
----------
  O X     
O   X     
X O X X X 
  O X X   
  O O O O 
----------

White 3,0
----------
  O X     
O   X     
  O X X X 
O O X X   
  O O O O 
----------

Black 1,3
----------
  O X     
O   X X   
  O X X X 
O O X X   
  O O O O 
----------

White 1,1
----------
  O X     
O O X X   
  O X X X 
O O X X   
  O O O O 
----------

Black 0,3
----------
  O X X   
O O X X   
  O X X X 
O O X X   
  O O O O 
----------

White 0,0
----------
O O X X   
O O X X   
  O X X X 
O O X X   
  O O O O 
----------

Black 3,4
----------
O O X X   
O O X X   
  O X X X 
O O X X X 
  O O O O 
----------

White 0,4
----------
O O X X O 
O O X X   
  O X X X 
O O X X X 
  O O O O 
----------

Game end.
The winner is O
ta time: 24.11
student time: 5.94
White(You) win!
=====Round 8=====
Black:You White:TA
Wed Oct 28 06:30:18 PDT 2020
Clean up...
Start Playing...
Black 2,2
----------
          
          
    X     
          
          
----------

White 2,1
----------
          
          
  O X     
          
          
----------

Black 1,2
----------
          
    X     
  O X     
          
          
----------

White 3,2
----------
          
    X     
  O X     
    O     
          
----------

Black 1,1
----------
          
  X X     
  O X     
    O     
          
----------

White 2,3
----------
          
  X X     
  O X O   
    O     
          
----------

Black 3,1
----------
          
  X X     
  O X O   
  X O     
          
----------

White 2,4
----------
          
  X X     
  O X O O 
  X O     
          
----------

Black 2,0
----------
          
  X X     
X   X O O 
  X O     
          
----------

White 0,2
----------
    O     
  X X     
X   X O O 
  X O     
          
----------

Black 0,1
----------
  X O     
  X X     
X   X O O 
  X O     
          
----------

White 1,3
----------
  X O     
  X X O   
X   X O O 
  X O     
          
----------

Black 4,1
----------
  X O     
  X X O   
X   X O O 
  X O     
  X       
----------

White 4,2
----------
  X O     
  X X O   
X   X O O 
  X O     
  X O     
----------

Black 2,1
----------
  X O     
  X X O   
X X X O O 
  X O     
  X O     
----------

White 3,3
----------
  X O     
  X X O   
X X X O O 
  X O O   
  X O     
----------

Black 0,0
----------
X X O     
  X X O   
X X X O O 
  X O O   
  X O     
----------

White 3,0
----------
X X O     
  X X O   
X X X O O 
O X O O   
  X O     
----------

Black 4,0
----------
X X O     
  X X O   
X X X O O 
  X O O   
X X O     
----------

White 1,4
----------
X X O     
  X X O O 
X X X O O 
  X O O   
X X O     
----------

Black 4,4
----------
X X O     
  X X O O 
X X X O O 
  X O O   
X X O   X 
----------

White 0,3
----------
X X O O   
  X X O O 
X X X O O 
  X O O   
X X O   X 
----------

Black 1,0
----------
X X O O   
X X X O O 
X X X O O 
  X O O   
X X O   X 
----------

White 3,0
----------
    O O   
      O O 
      O O 
O   O O   
    O   X 
----------

Game end.
The winner is O
ta time: 27.71
student time: 6.64
Black(You) lose.
=====Round 9=====
Black:TA White:You
Wed Oct 28 06:30:26 PDT 2020
Clean up...
Start Playing...
Black 1,2
----------
          
    X     
          
          
          
----------

White 2,1
----------
          
    X     
  O       
          
          
----------

Black 2,2
----------
          
    X     
  O X     
          
          
----------

White 3,1
----------
          
    X     
  O X     
  O       
          
----------

Black 0,0
----------
X         
    X     
  O X     
  O       
          
----------

White 0,1
----------
X O       
    X     
  O X     
  O       
          
----------

Black 2,3
----------
X O       
    X     
  O X X   
  O       
          
----------

White 1,0
----------
  O       
O   X     
  O X X   
  O       
          
----------

Black 0,2
----------
  O X     
O   X     
  O X X   
  O       
          
----------

White 3,2
----------
  O X     
O   X     
  O X X   
  O O     
          
----------

Black 0,3
----------
  O X X   
O   X     
  O X X   
  O O     
          
----------

White 3,3
----------
  O X X   
O   X     
  O X X   
  O O O   
          
----------

Black 0,4
----------
  O X X X 
O   X     
  O X X   
  O O O   
          
----------

White 3,4
----------
  O X X X 
O   X     
  O X X   
  O O O O 
          
----------

Black 1,3
----------
  O X X X 
O   X X   
  O X X   
  O O O O 
          
----------

White 1,1
----------
  O X X X 
O O X X   
  O X X   
  O O O O 
          
----------

Black 4,2
----------
  O X X X 
O O X X   
  O X X   
  O O O O 
    X     
----------

White 2,4
----------
  O X X X 
O O X X   
  O X X O 
  O O O O 
    X     
----------

Black 2,0
----------
  O X X X 
O O X X   
X O X X O 
  O O O O 
    X     
----------

White 1,4
----------
  O       
O O     O 
X O     O 
  O O O O 
    X     
----------

Black 2,2
----------
  O       
O O     O 
X O X   O 
  O O O O 
    X     
----------

White 3,0
----------
  O       
O O     O 
  O X   O 
O O O O O 
    X     
----------

Black 1,2
----------
  O       
O O X   O 
  O X   O 
O O O O O 
    X     
----------

White 4,1
----------
  O       
O O X   O 
  O X   O 
O O O O O 
  O X     
----------

Game end.
The winner is O
ta time: 31.31
student time: 7.6
White(You) win!
=====Round 10=====
Black:You White:TA
Wed Oct 28 06:30:35 PDT 2020
Clean up...
Start Playing...
Black 2,2
----------
          
          
    X     
          
          
----------

White 2,1
----------
          
          
  O X     
          
          
----------

Black 1,2
----------
          
    X     
  O X     
          
          
----------

White 3,2
----------
          
    X     
  O X     
    O     
          
----------

Black 1,1
----------
          
  X X     
  O X     
    O     
          
----------

White 2,3
----------
          
  X X     
  O X O   
    O     
          
----------

Black 3,1
----------
          
  X X     
  O X O   
  X O     
          
----------

White 3,3
----------
          
  X X     
  O X O   
  X O O   
          
----------

Black 2,0
----------
          
  X X     
X   X O   
  X O O   
          
----------

White 4,2
----------
          
  X X     
X   X O   
  X O O   
    O     
----------

Black 1,3
----------
          
  X X X   
X   X O   
  X O O   
    O     
----------

White 2,4
----------
          
  X X X   
X   X O O 
  X O O   
    O     
----------

Black 0,1
----------
  X       
  X X X   
X   X O O 
  X O O   
    O     
----------

White 0,2
----------
  X O     
  X X X   
X   X O O 
  X O O   
    O     
----------

Black 0,3
----------
  X   X   
  X X X   
X   X O O 
  X O O   
    O     
----------

White 3,0
----------
  X   X   
  X X X   
X   X O O 
O X O O   
    O     
----------

Black 2,1
----------
  X   X   
  X X X   
X X X O O 
O X O O   
    O     
----------

White 4,1
----------
  X   X   
  X X X   
X X X O O 
O X O O   
  O O     
----------

Black 0,0
----------
X X   X   
  X X X   
X X X O O 
O X O O   
  O O     
----------

White 1,4
----------
X X   X   
  X X X O 
X X X O O 
O X O O   
  O O     
----------

Black 0,2
----------
X X X X   
  X X X O 
X X X O O 
O X O O   
  O O     
----------

White 3,4
----------
X X X X   
  X X X O 
X X X O O 
O X O O O 
  O O     
----------

Black 4,0
----------
X X X X   
  X X X O 
X X X O O 
  X O O O 
X O O     
----------

White 4,3
----------
X X X X   
  X X X O 
X X X O O 
  X O O O 
X O O O   
----------

Game end.
The winner is X
ta time: 34.81
student time: 8.35
Black(You) win!

==Playing with championship_player==
=====Round 1=====
Black:TA White:You
Wed Oct 28 06:30:43 PDT 2020
Clean up...
Start Playing...
Black 2,2
----------
          
          
    X     
          
          
----------

White 1,1
----------
          
  O       
    X     
          
          
----------

Black 1,2
----------
          
  O X     
    X     
          
          
----------

White 2,1
----------
          
  O X     
  O X     
          
          
----------

Black 3,1
----------
          
  O X     
  O X     
  X       
          
----------

White 0,1
----------
  O       
  O X     
  O X     
  X       
          
----------

Black 3,0
----------
  O       
  O X     
  O X     
X X       
          
----------

White 0,2
----------
  O O     
  O X     
  O X     
X X       
          
----------

Black 1,3
----------
  O O     
  O X X   
  O X     
X X       
          
----------

White 0,3
----------
  O O O   
  O X X   
  O X     
X X       
          
----------

Black 1,4
----------
  O O O   
  O X X X 
  O X     
X X       
          
----------

White 0,0
----------
O O O O   
  O X X X 
  O X     
X X       
          
----------

Black 2,0
----------
O O O O   
  O X X X 
X O X     
X X       
          
----------

White 3,3
----------
O O O O   
  O X X X 
X O X     
X X   O   
          
----------

Black 0,4
----------
O O O O X 
  O X X X 
X O X     
X X   O   
          
----------

White 2,3
----------
O O O O X 
  O X X X 
X O X O   
X X   O   
          
----------

Black 1,0
----------
        X 
X   X X X 
X   X O   
X X   O   
          
----------

White 3,2
----------
        X 
X   X X X 
X   X O   
X X O O   
          
----------

Black 2,4
----------
        X 
X   X X X 
X   X O X 
X X O O   
          
----------

White 3,4
----------
        X 
X   X X X 
X   X O X 
X X O O O 
          
----------

Black 2,1
----------
        X 
X   X X X 
X X X O X 
X X O O O 
          
----------

White 4,2
----------
        X 
X   X X X 
X X X O X 
X X O O O 
    O     
----------

Black 0,2
----------
    X   X 
X   X X X 
X X X O X 
X X O O O 
    O     
----------

White 4,1
----------
    X   X 
X   X X X 
X X X O X 
X X O O O 
  O O     
----------

Game end.
The winner is X
ta time: 70.17
student time: 9.22
White(You) lose.
=====Round 2=====
Black:You White:TA
Wed Oct 28 06:31:09 PDT 2020
Clean up...
Start Playing...
Black 2,2
----------
          
          
    X     
          
          
----------

White 3,3
----------
          
          
    X     
      O   
          
----------

Black 1,2
----------
          
    X     
    X     
      O   
          
----------

White 2,3
----------
          
    X     
    X O   
      O   
          
----------

Black 1,1
----------
          
  X X     
    X O   
      O   
          
----------

White 3,2
----------
          
  X X     
    X O   
    O O   
          
----------

Black 1,3
----------
          
  X X X   
    X O   
    O O   
          
----------

White 3,1
----------
          
  X X X   
    X O   
  O O O   
          
----------

Black 1,0
----------
          
X X X X   
    X O   
  O O O   
          
----------

White 1,4
----------
          
X X X X O 
    X O   
  O O O   
          
----------

Black 0,3
----------
      X   
X X X X O 
    X O   
  O O O   
          
----------

White 2,1
----------
      X   
X X X X O 
  O X O   
  O O O   
          
----------

Black 0,4
----------
      X X 
X X X X O 
  O X O   
  O O O   
          
----------

White 2,4
----------
      X X 
X X X X O 
  O X O O 
  O O O   
          
----------

Black 2,0
----------
      X X 
X X X X O 
X O X O O 
  O O O   
          
----------

White 3,0
----------
      X X 
X X X X O 
X O X O O 
O O O O   
          
----------

Black 0,0
----------
X     X X 
X X X X O 
X O X O O 
O O O O   
          
----------

White 4,2
----------
X     X X 
X X X X O 
X O X O O 
O O O O   
    O     
----------

Black 4,4
----------
X     X X 
X X X X O 
X O X O O 
O O O O   
    O   X 
----------

White 0,2
----------
X   O X X 
X X X X O 
X O X O O 
O O O O   
    O   X 
----------

Black 0,1
----------
X X   X X 
X X X X O 
X O X O O 
O O O O   
    O   X 
----------

White 4,3
----------
X X   X X 
X X X X O 
X O X O O 
O O O O   
    O O X 
----------

Black 4,0
----------
X X   X X 
X X X X O 
X O X O O 
O O O O   
X   O O X 
----------

White 0,2
----------
    O     
        O 
  O   O O 
O O O O   
X   O O X 
----------

Game end.
The winner is O
ta time: 107.76
student time: 10.11
Black(You) lose.
=====Round 3=====
Black:TA White:You
Wed Oct 28 06:31:36 PDT 2020
Clean up...
Start Playing...
Black 2,2
----------
          
          
    X     
          
          
----------

White 1,1
----------
          
  O       
    X     
          
          
----------

Black 2,1
----------
          
  O       
  X X     
          
          
----------

White 1,2
----------
          
  O O     
  X X     
          
          
----------

Black 1,3
----------
          
  O O X   
  X X     
          
          
----------

White 1,0
----------
          
O O O X   
  X X     
          
          
----------

Black 0,3
----------
      X   
O O O X   
  X X     
          
          
----------

White 2,0
----------
      X   
O O O X   
O X X     
          
          
----------

Black 3,1
----------
      X   
O O O X   
O X X     
  X       
          
----------

White 3,0
----------
      X   
O O O X   
O X X     
O X       
          
----------

Black 4,1
----------
      X   
O O O X   
O X X     
O X       
  X       
----------

White 0,0
----------
O     X   
O O O X   
O X X     
O X       
  X       
----------

Black 0,2
----------
O   X X   
O O O X   
O X X     
O X       
  X       
----------

White 3,3
----------
O   X X   
O O O X   
O X X     
O X   O   
  X       
----------

Black 4,0
----------
O   X X   
O O O X   
O X X     
O X   O   
X X       
----------

White 2,3
----------
O   X X   
O O O X   
O X X O   
O X   O   
X X       
----------

Black 0,1
----------
  X X X   
      X   
  X X O   
  X   O   
X X       
----------

White 3,2
----------
  X X X   
      X   
  X X O   
  X O O   
X X       
----------

Black 1,2
----------
  X X X   
    X X   
  X X O   
  X O O   
X X       
----------

White 2,4
----------
  X X X   
    X X   
  X X O O 
  X O O   
X X       
----------

Black 1,0
----------
  X X X   
X   X X   
  X X O O 
  X O O   
X X       
----------

White 1,4
----------
  X X X   
X   X X O 
  X X O O 
  X O O   
X X       
----------

Black 3,0
----------
  X X X   
X   X X O 
  X X O O 
X X O O   
X X       
----------

White 3,4
----------
  X X X   
X   X X O 
  X X O O 
X X O O O 
X X       
----------

Game end.
The winner is X
ta time: 147.51
student time: 11.07
White(You) lose.
=====Round 4=====
Black:You White:TA
Wed Oct 28 06:32:05 PDT 2020
Clean up...
Start Playing...
Black 2,2
----------
          
          
    X     
          
          
----------

White 1,2
----------
          
    O     
    X     
          
          
----------

Black 2,1
----------
          
    O     
  X X     
          
          
----------

White 1,3
----------
          
    O O   
  X X     
          
          
----------

Black 1,1
----------
          
  X O O   
  X X     
          
          
----------

White 2,3
----------
          
  X O O   
  X X O   
          
          
----------

Black 3,1
----------
          
  X O O   
  X X O   
  X       
          
----------

White 3,3
----------
          
  X O O   
  X X O   
  X   O   
          
----------

Black 0,1
----------
  X       
  X O O   
  X X O   
  X   O   
          
----------

White 0,2
----------
  X O     
  X O O   
  X X O   
  X   O   
          
----------

Black 3,2
----------
  X O     
  X O O   
  X X O   
  X X O   
          
----------

White 4,3
----------
  X O     
  X O O   
  X X O   
  X X O   
      O   
----------

Black 3,0
----------
  X O     
  X O O   
  X X O   
X X X O   
      O   
----------

White 2,4
----------
  X O     
  X O O   
  X X O O 
X X X O   
      O   
----------

Black 0,0
----------
X X O     
  X O O   
  X X O O 
X X X O   
      O   
----------

White 1,4
----------
X X O     
  X O O O 
  X X O O 
X X X O   
      O   
----------

Black 1,0
----------
X X O     
X X O O O 
  X X O O 
X X X O   
      O   
----------

White 3,4
----------
X X O     
X X O O O 
  X X O O 
X X X O O 
      O   
----------

Black 2,0
----------
X X O     
X X O O O 
X X X O O 
X X X O O 
      O   
----------

White 4,2
----------
X X O     
X X O O O 
X X X O O 
X X X O O 
    O O   
----------

Black 4,0
----------
X X O     
X X O O O 
X X X O O 
X X X O O 
X   O O   
----------

White 4,1
----------
    O     
    O O O 
      O O 
      O O 
  O O O   
----------

Black 2,1
----------
    O     
    O O O 
  X   O O 
      O O 
  O O O   
----------

White 3,1
----------
    O     
    O O O 
  X   O O 
  O   O O 
  O O O   
----------

Game end.
The winner is O
ta time: 182.8
student time: 11.9
Black(You) lose.
=====Round 5=====
Black:TA White:You
Wed Oct 28 06:32:32 PDT 2020
Clean up...
Start Playing...
Black 2,2
----------
          
          
    X     
          
          
----------

White 1,1
----------
          
  O       
    X     
          
          
----------

Black 1,2
----------
          
  O X     
    X     
          
          
----------

White 2,1
----------
          
  O X     
  O X     
          
          
----------

Black 3,1
----------
          
  O X     
  O X     
  X       
          
----------

White 0,1
----------
  O       
  O X     
  O X     
  X       
          
----------

Black 3,0
----------
  O       
  O X     
  O X     
X X       
          
----------

White 0,2
----------
  O O     
  O X     
  O X     
X X       
          
----------

Black 1,3
----------
  O O     
  O X X   
  O X     
X X       
          
----------

White 0,3
----------
  O O O   
  O X X   
  O X     
X X       
          
----------

Black 1,4
----------
  O O O   
  O X X X 
  O X     
X X       
          
----------

White 0,0
----------
O O O O   
  O X X X 
  O X     
X X       
          
----------

Black 2,0
----------
O O O O   
  O X X X 
X O X     
X X       
          
----------

White 3,3
----------
O O O O   
  O X X X 
X O X     
X X   O   
          
----------

Black 0,4
----------
O O O O X 
  O X X X 
X O X     
X X   O   
          
----------

White 2,3
----------
O O O O X 
  O X X X 
X O X O   
X X   O   
          
----------

Black 1,0
----------
        X 
X   X X X 
X   X O   
X X   O   
          
----------

White 3,2
----------
        X 
X   X X X 
X   X O   
X X O O   
          
----------

Black 2,4
----------
        X 
X   X X X 
X   X O X 
X X O O   
          
----------

White 3,4
----------
        X 
X   X X X 
X   X O X 
X X O O O 
          
----------

Black 2,1
----------
        X 
X   X X X 
X X X O X 
X X O O O 
          
----------

White 4,2
----------
        X 
X   X X X 
X X X O X 
X X O O O 
    O     
----------

Black 0,1
----------
  X     X 
X   X X X 
X X X O X 
X X O O O 
    O     
----------

White 4,1
----------
  X     X 
X   X X X 
X X X O X 
X X O O O 
  O O     
----------

Game end.
The winner is X
ta time: 215.69
student time: 12.71
White(You) lose.
=====Round 6=====
Black:You White:TA
Wed Oct 28 06:32:57 PDT 2020
Clean up...
Start Playing...
Black 2,2
----------
          
          
    X     
          
          
----------

White 3,2
----------
          
          
    X     
    O     
          
----------

Black 1,2
----------
          
    X     
    X     
    O     
          
----------

White 2,3
----------
          
    X     
    X O   
    O     
          
----------

Black 1,1
----------
          
  X X     
    X O   
    O     
          
----------

White 3,3
----------
          
  X X     
    X O   
    O O   
          
----------

Black 1,3
----------
          
  X X X   
    X O   
    O O   
          
----------

White 3,1
----------
          
  X X X   
    X O   
  O O O   
          
----------

Black 1,0
----------
          
X X X X   
    X O   
  O O O   
          
----------

White 1,4
----------
          
X X X X O 
    X O   
  O O O   
          
----------

Black 0,3
----------
      X   
X X X X O 
    X O   
  O O O   
          
----------

White 2,1
----------
      X   
X X X X O 
  O X O   
  O O O   
          
----------

Black 0,4
----------
      X X 
X X X X O 
  O X O   
  O O O   
          
----------

White 2,4
----------
      X X 
X X X X O 
  O X O O 
  O O O   
          
----------

Black 2,0
----------
      X X 
X X X X O 
X O X O O 
  O O O   
          
----------

White 3,0
----------
      X X 
X X X X O 
X O X O O 
O O O O   
          
----------

Black 0,0
----------
X     X X 
X X X X O 
X O X O O 
O O O O   
          
----------

White 4,3
----------
X     X X 
X X X X O 
X O X O O 
O O O O   
      O   
----------

Black 4,1
----------
X     X X 
X X X X O 
X O X O O 
O O O O   
  X   O   
----------

White 0,1
----------
X O   X X 
X X X X O 
X O X O O 
O O O O   
  X   O   
----------

Black 0,2
----------
X   X X X 
X X X X O 
X O X O O 
O O O O   
  X   O   
----------

White 4,2
----------
X   X X X 
X X X X O 
X O X O O 
O O O O   
  X O O   
----------

Black 3,4
----------
X   X X X 
X X X X O 
X O X O O 
O O O O X 
  X O O   
----------

White 0,1
----------
  O       
        O 
  O   O O 
O O O O X 
  X O O   
----------

Game end.
The winner is O
ta time: 249.15
student time: 13.5
Black(You) lose.
=====Round 7=====
Black:TA White:You
Wed Oct 28 06:33:22 PDT 2020
Clean up...
Start Playing...
Black 2,2
----------
          
          
    X     
          
          
----------

White 1,1
----------
          
  O       
    X     
          
          
----------

Black 2,1
----------
          
  O       
  X X     
          
          
----------

White 1,2
----------
          
  O O     
  X X     
          
          
----------

Black 1,3
----------
          
  O O X   
  X X     
          
          
----------

White 1,0
----------
          
O O O X   
  X X     
          
          
----------

Black 0,3
----------
      X   
O O O X   
  X X     
          
          
----------

White 2,0
----------
      X   
O O O X   
O X X     
          
          
----------

Black 3,1
----------
      X   
O O O X   
O X X     
  X       
          
----------

White 3,0
----------
      X   
O O O X   
O X X     
O X       
          
----------

Black 4,1
----------
      X   
O O O X   
O X X     
O X       
  X       
----------

White 0,0
----------
O     X   
O O O X   
O X X     
O X       
  X       
----------

Black 0,2
----------
O   X X   
O O O X   
O X X     
O X       
  X       
----------

White 3,3
----------
O   X X   
O O O X   
O X X     
O X   O   
  X       
----------

Black 4,0
----------
O   X X   
O O O X   
O X X     
O X   O   
X X       
----------

White 2,3
----------
O   X X   
O O O X   
O X X O   
O X   O   
X X       
----------

Black 0,1
----------
  X X X   
      X   
  X X O   
  X   O   
X X       
----------

White 3,2
----------
  X X X   
      X   
  X X O   
  X O O   
X X       
----------

Black 1,4
----------
  X X X   
      X X 
  X X O   
  X O O   
X X       
----------

White 3,4
----------
  X X X   
      X X 
  X X O   
  X O O O 
X X       
----------

Black 2,4
----------
  X X X   
      X X 
  X X O X 
  X O O O 
X X       
----------

White 4,2
----------
  X X X   
      X X 
  X X O X 
  X O O O 
X X O     
----------

Black 2,0
----------
  X X X   
      X X 
X X X O X 
  X O O O 
X X O     
----------

White 1,1
----------
  X X X   
  O   X X 
X X X O X 
  X O O O 
X X O     
----------

Game end.
The winner is X
ta time: 285.48
student time: 14.32
White(You) lose.
=====Round 8=====
Black:You White:TA
Wed Oct 28 06:33:49 PDT 2020
Clean up...
Start Playing...
Black 2,2
----------
          
          
    X     
          
          
----------

White 2,1
----------
          
          
  O X     
          
          
----------

Black 1,2
----------
          
    X     
  O X     
          
          
----------

White 3,1
----------
          
    X     
  O X     
  O       
          
----------

Black 1,1
----------
          
  X X     
  O X     
  O       
          
----------

White 3,2
----------
          
  X X     
  O X     
  O O     
          
----------

Black 1,3
----------
          
  X X X   
  O X     
  O O     
          
----------

White 3,3
----------
          
  X X X   
  O X     
  O O O   
          
----------

Black 1,0
----------
          
X X X X   
  O X     
  O O O   
          
----------

White 2,0
----------
          
X X X X   
O O X     
  O O O   
          
----------

Black 1,4
----------
          
X X X X X 
O O X     
  O O O   
          
----------

White 3,4
----------
          
X X X X X 
O O X     
  O O O O 
          
----------

Black 2,3
----------
          
X X X X X 
O O X X   
  O O O O 
          
----------

White 4,1
----------
          
X X X X X 
O O X X   
  O O O O 
  O       
----------

Black 0,0
----------
X         
X X X X X 
O O X X   
  O O O O 
  O       
----------

White 4,3
----------
X         
X X X X X 
O O X X   
  O O O O 
  O   O   
----------

Black 0,1
----------
X X       
X X X X X 
O O X X   
  O O O O 
  O   O   
----------

White 3,0
----------
X X       
X X X X X 
O O X X   
O O O O O 
  O   O   
----------

Black 0,2
----------
X X X     
X X X X X 
O O X X   
O O O O O 
  O   O   
----------

White 2,4
----------
X X X     
X X X X X 
O O X X O 
O O O O O 
  O   O   
----------

Black 0,3
----------
X X X X   
X X X X X 
O O X X O 
O O O O O 
  O   O   
----------

White 0,4
----------
        O 
          
O O     O 
O O O O O 
  O   O   
----------

Black 0,3
----------
      X O 
          
O O     O 
O O O O O 
  O   O   
----------

White 1,4
----------
      X O 
        O 
O O     O 
O O O O O 
  O   O   
----------

Game end.
The winner is O
ta time: 322.77
student time: 15.09
Black(You) lose.
=====Round 9=====
Black:TA White:You
Wed Oct 28 06:34:15 PDT 2020
Clean up...
Start Playing...
Black 2,2
----------
          
          
    X     
          
          
----------

White 1,1
----------
          
  O       
    X     
          
          
----------

Black 1,2
----------
          
  O X     
    X     
          
          
----------

White 2,1
----------
          
  O X     
  O X     
          
          
----------

Black 3,1
----------
          
  O X     
  O X     
  X       
          
----------

White 0,1
----------
  O       
  O X     
  O X     
  X       
          
----------

Black 3,0
----------
  O       
  O X     
  O X     
X X       
          
----------

White 0,2
----------
  O O     
  O X     
  O X     
X X       
          
----------

Black 1,3
----------
  O O     
  O X X   
  O X     
X X       
          
----------

White 0,3
----------
  O O O   
  O X X   
  O X     
X X       
          
----------

Black 1,4
----------
  O O O   
  O X X X 
  O X     
X X       
          
----------

White 0,0
----------
O O O O   
  O X X X 
  O X     
X X       
          
----------

Black 2,0
----------
O O O O   
  O X X X 
X O X     
X X       
          
----------

White 3,3
----------
O O O O   
  O X X X 
X O X     
X X   O   
          
----------

Black 0,4
----------
O O O O X 
  O X X X 
X O X     
X X   O   
          
----------

White 2,3
----------
O O O O X 
  O X X X 
X O X O   
X X   O   
          
----------

Black 1,0
----------
        X 
X   X X X 
X   X O   
X X   O   
          
----------

White 3,2
----------
        X 
X   X X X 
X   X O   
X X O O   
          
----------

Black 4,2
----------
        X 
X   X X X 
X   X O   
X X O O   
    X     
----------

White 4,3
----------
        X 
X   X X X 
X   X O   
X X O O   
    X O   
----------

Black 4,1
----------
        X 
X   X X X 
X   X O   
X X O O   
  X X O   
----------

White 2,4
----------
        X 
X   X X X 
X   X O O 
X X O O   
  X X O   
----------

Black 0,0
----------
X       X 
X   X X X 
X   X O O 
X X O O   
  X X O   
----------

White 1,1
----------
X       X 
X O X X X 
X   X O O 
X X O O   
  X X O   
----------

Game end.
The winner is X
ta time: 354.47
student time: 15.84
White(You) lose.
=====Round 10=====
Black:You White:TA
Wed Oct 28 06:34:40 PDT 2020
Clean up...
Start Playing...
Black 2,2
----------
          
          
    X     
          
          
----------

White 1,2
----------
          
    O     
    X     
          
          
----------

Black 2,1
----------
          
    O     
  X X     
          
          
----------

White 1,3
----------
          
    O O   
  X X     
          
          
----------

Black 1,1
----------
          
  X O O   
  X X     
          
          
----------

White 2,3
----------
          
  X O O   
  X X O   
          
          
----------

Black 3,1
----------
          
  X O O   
  X X O   
  X       
          
----------

White 3,3
----------
          
  X O O   
  X X O   
  X   O   
          
----------

Black 0,1
----------
  X       
  X O O   
  X X O   
  X   O   
          
----------

White 0,2
----------
  X O     
  X O O   
  X X O   
  X   O   
          
----------

Black 3,2
----------
  X O     
  X O O   
  X X O   
  X X O   
          
----------

White 4,3
----------
  X O     
  X O O   
  X X O   
  X X O   
      O   
----------

Black 3,0
----------
  X O     
  X O O   
  X X O   
X X X O   
      O   
----------

White 1,4
----------
  X O     
  X O O O 
  X X O   
X X X O   
      O   
----------

Black 0,0
----------
X X O     
  X O O O 
  X X O   
X X X O   
      O   
----------

White 3,4
----------
X X O     
  X O O O 
  X X O   
X X X O O 
      O   
----------

Black 1,0
----------
X X O     
X X O O O 
  X X O   
X X X O O 
      O   
----------

White 4,1
----------
X X O     
X X O O O 
  X X O   
X X X O O 
  O   O   
----------

Black 4,0
----------
X X O     
X X O O O 
  X X O   
X X X O O 
X O   O   
----------

White 4,2
----------
X X O     
X X O O O 
  X X O   
X X X O O 
X O O O   
----------

Black 0,3
----------
X X O X   
X X O O O 
  X X O   
X X X O O 
X O O O   
----------

White 2,0
----------
    O X   
    O O O 
O     O   
      O O 
  O O O   
----------

Black 1,1
----------
    O X   
  X O O O 
O     O   
      O O 
  O O O   
----------

White 0,4
----------
    O   O 
  X O O O 
O     O   
      O O 
  O O O   
----------

Game end.
The winner is O
ta time: 388.11
student time: 16.58
Black(You) lose.
